debug time 10:56:20.561 :: Before HeartBeat Count=1 Time=Sat Jan 28 2012 10:56:20 GMT+0100 AccountId=29131007 Session=71249a9b-6584-43b4-8031-94ac2ca1ccb3
STOP LOGGING: More than 0 nested objects or properties. 
debug time 10:56:22.825 :: After HeartBeat Count=1 Result=5
debug time 10:58:20.602 :: Before HeartBeat Count=2 Time=Sat Jan 28 2012 10:58:20 GMT+0100 AccountId=29131007 Session=71249a9b-6584-43b4-8031-94ac2ca1ccb3
debug ++ [int] eventPhase = 2
debug ++ [Boolean] bubbles = false
debug ++ [Boolean] cancelable = false
debug ++ [String] type = timer
debug +++ [int] repeatCount = 0
debug +++ [int] currentCount = 1
debug +++ [Boolean] running = true
debug +++ [int] delay = 120000
debug +++ [int] repeatCount = 0
debug +++ [int] currentCount = 1
debug +++ [Boolean] running = true
debug +++ [int] delay = 120000
debug time 10:58:20.811 :: After HeartBeat Count=2 Result=5
debug time 11:00:20.958 :: Before HeartBeat Count=3 Time=Sat Jan 28 2012 11:00:20 GMT+0100 AccountId=29131007 Session=71249a9b-6584-43b4-8031-94ac2ca1ccb3
debug ++ [int] eventPhase = 2
debug ++ [Boolean] bubbles = false
debug ++ [Boolean] cancelable = false
debug ++ [String] type = timer
debug +++ [int] repeatCount = 0
debug +++ [int] currentCount = 2
debug +++ [Boolean] running = true
debug +++ [int] delay = 120000
debug +++ [int] repeatCount = 0
debug +++ [int] currentCount = 2
debug +++ [Boolean] running = true
debug +++ [int] delay = 120000
debug time 11:00:21.953 :: After HeartBeat Count=3 Result=5
debug time 11:02:20.945 :: Before HeartBeat Count=4 Time=Sat Jan 28 2012 11:02:20 GMT+0100 AccountId=29131007 Session=71249a9b-6584-43b4-8031-94ac2ca1ccb3
debug ++ [int] eventPhase = 2
debug ++ [Boolean] bubbles = false
debug ++ [Boolean] cancelable = false
debug ++ [String] type = timer
debug +++ [int] repeatCount = 0
debug +++ [int] currentCount = 3
debug +++ [Boolean] running = true
debug +++ [int] delay = 120000
debug +++ [int] repeatCount = 0
debug +++ [int] currentCount = 3
debug +++ [Boolean] running = true
debug +++ [int] delay = 120000
debug time 11:02:21.940 :: After HeartBeat Count=4 Result=5
debug time 11:04:20.946 :: Before HeartBeat Count=5 Time=Sat Jan 28 2012 11:04:20 GMT+0100 AccountId=29131007 Session=71249a9b-6584-43b4-8031-94ac2ca1ccb3
debug ++ [int] eventPhase = 2
debug ++ [Boolean] bubbles = false
debug ++ [Boolean] cancelable = false
debug ++ [String] type = timer
debug +++ [int] repeatCount = 0
debug +++ [int] currentCount = 4
debug +++ [Boolean] running = true
debug +++ [int] delay = 120000
debug +++ [int] repeatCount = 0
debug +++ [int] currentCount = 4
debug +++ [Boolean] running = true
debug +++ [int] delay = 120000
debug time 11:04:21.942 :: After HeartBeat Count=5 Result=5
debug time 11:06:21.946 :: Before HeartBeat Count=6 Time=Sat Jan 28 2012 11:06:21 GMT+0100 AccountId=29131007 Session=71249a9b-6584-43b4-8031-94ac2ca1ccb3
debug ++ [int] eventPhase = 2
debug ++ [Boolean] bubbles = false
debug ++ [Boolean] cancelable = false
debug ++ [String] type = timer
debug +++ [int] repeatCount = 0
debug +++ [int] currentCount = 5
debug +++ [Boolean] running = true
debug +++ [int] delay = 120000
debug +++ [int] repeatCount = 0
debug +++ [int] currentCount = 5
debug +++ [Boolean] running = true
debug +++ [int] delay = 120000
debug time 11:06:22.943 :: After HeartBeat Count=6 Result=5
debug time 11:08:21.949 :: Before HeartBeat Count=7 Time=Sat Jan 28 2012 11:08:21 GMT+0100 AccountId=29131007 Session=71249a9b-6584-43b4-8031-94ac2ca1ccb3
debug ++ [int] eventPhase = 2
debug ++ [Boolean] bubbles = false
debug ++ [Boolean] cancelable = false
debug ++ [String] type = timer
debug +++ [int] repeatCount = 0
debug +++ [int] currentCount = 6
debug +++ [Boolean] running = true
debug +++ [int] delay = 120000
debug +++ [int] repeatCount = 0
debug +++ [int] currentCount = 6
debug +++ [Boolean] running = true
debug +++ [int] delay = 120000
debug time 11:08:22.945 :: After HeartBeat Count=7 Result=5
debug time 11:10:21.950 :: Before HeartBeat Count=8 Time=Sat Jan 28 2012 11:10:21 GMT+0100 AccountId=29131007 Session=71249a9b-6584-43b4-8031-94ac2ca1ccb3
debug ++ [int] eventPhase = 2
debug ++ [Boolean] bubbles = false
debug ++ [Boolean] cancelable = false
debug ++ [String] type = timer
debug +++ [int] repeatCount = 0
debug +++ [int] currentCount = 7
debug +++ [Boolean] running = true
debug +++ [int] delay = 120000
debug +++ [int] repeatCount = 0
debug +++ [int] currentCount = 7
debug +++ [Boolean] running = true
debug +++ [int] delay = 120000
debug time 11:10:22.946 :: After HeartBeat Count=8 Result=5
debug time 11:12:21.971 :: Before HeartBeat Count=9 Time=Sat Jan 28 2012 11:12:21 GMT+0100 AccountId=29131007 Session=71249a9b-6584-43b4-8031-94ac2ca1ccb3
debug ++ [int] eventPhase = 2
debug ++ [Boolean] bubbles = false
debug ++ [Boolean] cancelable = false
debug ++ [String] type = timer
debug +++ [int] repeatCount = 0
debug +++ [int] currentCount = 8
debug +++ [Boolean] running = true
debug +++ [int] delay = 120000
debug +++ [int] repeatCount = 0
debug +++ [int] currentCount = 8
debug +++ [Boolean] running = true
debug +++ [int] delay = 120000
debug time 11:12:22.952 :: After HeartBeat Count=9 Result=5
debug time 11:14:22.953 :: Before HeartBeat Count=10 Time=Sat Jan 28 2012 11:14:22 GMT+0100 AccountId=29131007 Session=71249a9b-6584-43b4-8031-94ac2ca1ccb3
debug ++ [int] eventPhase = 2
debug ++ [Boolean] bubbles = false
debug ++ [Boolean] cancelable = false
debug ++ [String] type = timer
debug +++ [int] repeatCount = 0
debug +++ [int] currentCount = 9
debug +++ [Boolean] running = true
debug +++ [int] delay = 120000
debug +++ [int] repeatCount = 0
debug +++ [int] currentCount = 9
debug +++ [Boolean] running = true
debug +++ [int] delay = 120000
debug time 11:14:23.949 :: After HeartBeat Count=10 Result=5
debug time 11:16:23.953 :: Before HeartBeat Count=11 Time=Sat Jan 28 2012 11:16:23 GMT+0100 AccountId=29131007 Session=71249a9b-6584-43b4-8031-94ac2ca1ccb3
debug ++ [int] eventPhase = 2
debug ++ [Boolean] bubbles = false
debug ++ [Boolean] cancelable = false
debug ++ [String] type = timer
debug +++ [int] repeatCount = 0
debug +++ [int] currentCount = 10
debug +++ [Boolean] running = true
debug +++ [int] delay = 120000
debug +++ [int] repeatCount = 0
debug +++ [int] currentCount = 10
debug +++ [Boolean] running = true
debug +++ [int] delay = 120000
debug time 11:16:24.951 :: After HeartBeat Count=11 Result=5
debug time 11:18:23.955 :: Before HeartBeat Count=12 Time=Sat Jan 28 2012 11:18:23 GMT+0100 AccountId=29131007 Session=71249a9b-6584-43b4-8031-94ac2ca1ccb3
debug ++ [int] eventPhase = 2
debug ++ [Boolean] bubbles = false
debug ++ [Boolean] cancelable = false
debug ++ [String] type = timer
debug +++ [int] repeatCount = 0
debug +++ [int] currentCount = 11
debug +++ [Boolean] running = true
debug +++ [int] delay = 120000
debug +++ [int] repeatCount = 0
debug +++ [int] currentCount = 11
debug +++ [Boolean] running = true
debug +++ [int] delay = 120000
debug time 11:18:24.952 :: After HeartBeat Count=12 Result=5
debug time 11:20:23.958 :: Before HeartBeat Count=13 Time=Sat Jan 28 2012 11:20:23 GMT+0100 AccountId=29131007 Session=71249a9b-6584-43b4-8031-94ac2ca1ccb3
debug ++ [int] eventPhase = 2
debug ++ [Boolean] bubbles = false
debug ++ [Boolean] cancelable = false
debug ++ [String] type = timer
debug +++ [int] repeatCount = 0
debug +++ [int] currentCount = 12
debug +++ [Boolean] running = true
debug +++ [int] delay = 120000
debug +++ [int] repeatCount = 0
debug +++ [int] currentCount = 12
debug +++ [Boolean] running = true
debug +++ [int] delay = 120000
debug time 11:20:24.954 :: After HeartBeat Count=13 Result=5
debug time 11:22:23.959 :: Before HeartBeat Count=14 Time=Sat Jan 28 2012 11:22:23 GMT+0100 AccountId=29131007 Session=71249a9b-6584-43b4-8031-94ac2ca1ccb3
debug ++ [int] eventPhase = 2
debug ++ [Boolean] bubbles = false
debug ++ [Boolean] cancelable = false
debug ++ [String] type = timer
debug +++ [int] repeatCount = 0
debug +++ [int] currentCount = 13
debug +++ [Boolean] running = true
debug +++ [int] delay = 120000
debug +++ [int] repeatCount = 0
debug +++ [int] currentCount = 13
debug +++ [Boolean] running = true
debug +++ [int] delay = 120000
debug time 11:22:24.955 :: After HeartBeat Count=14 Result=5
debug time 11:24:23.961 :: Before HeartBeat Count=15 Time=Sat Jan 28 2012 11:24:23 GMT+0100 AccountId=29131007 Session=71249a9b-6584-43b4-8031-94ac2ca1ccb3
debug ++ [int] eventPhase = 2
debug ++ [Boolean] bubbles = false
debug ++ [Boolean] cancelable = false
debug ++ [String] type = timer
debug +++ [int] repeatCount = 0
debug +++ [int] currentCount = 14
debug +++ [Boolean] running = true
debug +++ [int] delay = 120000
debug +++ [int] repeatCount = 0
debug +++ [int] currentCount = 14
debug +++ [Boolean] running = true
debug +++ [int] delay = 120000
debug time 11:24:24.957 :: After HeartBeat Count=15 Result=5
debug time 11:26:24.962 :: Before HeartBeat Count=16 Time=Sat Jan 28 2012 11:26:24 GMT+0100 AccountId=29131007 Session=71249a9b-6584-43b4-8031-94ac2ca1ccb3
debug ++ [int] eventPhase = 2
debug ++ [Boolean] bubbles = false
debug ++ [Boolean] cancelable = false
debug ++ [String] type = timer
debug +++ [int] repeatCount = 0
debug +++ [int] currentCount = 15
debug +++ [Boolean] running = true
debug +++ [int] delay = 120000
debug +++ [int] repeatCount = 0
debug +++ [int] currentCount = 15
debug +++ [Boolean] running = true
debug +++ [int] delay = 120000
debug time 11:26:25.959 :: After HeartBeat Count=16 Result=5
debug time 11:28:25.962 :: Before HeartBeat Count=17 Time=Sat Jan 28 2012 11:28:25 GMT+0100 AccountId=29131007 Session=71249a9b-6584-43b4-8031-94ac2ca1ccb3
debug ++ [int] eventPhase = 2
debug ++ [Boolean] bubbles = false
debug ++ [Boolean] cancelable = false
debug ++ [String] type = timer
debug +++ [int] repeatCount = 0
debug +++ [int] currentCount = 16
debug +++ [Boolean] running = true
debug +++ [int] delay = 120000
debug +++ [int] repeatCount = 0
debug +++ [int] currentCount = 16
debug +++ [Boolean] running = true
debug +++ [int] delay = 120000
debug time 11:28:26.960 :: After HeartBeat Count=17 Result=5
debug time 11:29:00.163 :: Performing heartbeat at Sat Jan 28 2012 11:29:00 GMT+0100
debug time 11:30:25.977 :: Before HeartBeat Count=18 Time=Sat Jan 28 2012 11:30:25 GMT+0100 AccountId=29131007 Session=71249a9b-6584-43b4-8031-94ac2ca1ccb3
debug ++ [int] eventPhase = 2
debug ++ [Boolean] bubbles = false
debug ++ [Boolean] cancelable = false
debug ++ [String] type = timer
debug +++ [int] repeatCount = 0
debug +++ [int] currentCount = 17
debug +++ [Boolean] running = true
debug +++ [int] delay = 120000
debug +++ [int] repeatCount = 0
debug +++ [int] currentCount = 17
debug +++ [Boolean] running = true
debug +++ [int] delay = 120000
debug time 11:30:26.168 :: After HeartBeat Count=18 Result=5
debug time 11:32:26.869 :: Before HeartBeat Count=19 Time=Sat Jan 28 2012 11:32:26 GMT+0100 AccountId=29131007 Session=71249a9b-6584-43b4-8031-94ac2ca1ccb3
debug ++ [int] eventPhase = 2
debug ++ [Boolean] bubbles = false
debug ++ [Boolean] cancelable = false
debug ++ [String] type = timer
debug +++ [int] repeatCount = 0
debug +++ [int] currentCount = 18
debug +++ [Boolean] running = true
debug +++ [int] delay = 120000
debug +++ [int] repeatCount = 0
debug +++ [int] currentCount = 18
debug +++ [Boolean] running = true
debug +++ [int] delay = 120000
debug time 11:32:27.865 :: After HeartBeat Count=19 Result=5
debug time 11:34:26.898 :: Before HeartBeat Count=20 Time=Sat Jan 28 2012 11:34:26 GMT+0100 AccountId=29131007 Session=71249a9b-6584-43b4-8031-94ac2ca1ccb3
debug ++ [int] eventPhase = 2
debug ++ [Boolean] bubbles = false
debug ++ [Boolean] cancelable = false
debug ++ [String] type = timer
debug +++ [int] repeatCount = 0
debug +++ [int] currentCount = 19
debug +++ [Boolean] running = true
debug +++ [int] delay = 120000
debug +++ [int] repeatCount = 0
debug +++ [int] currentCount = 19
debug +++ [Boolean] running = true
debug +++ [int] delay = 120000
debug time 11:34:27.866 :: After HeartBeat Count=20 Result=5
debug time 11:36:27.873 :: Before HeartBeat Count=21 Time=Sat Jan 28 2012 11:36:27 GMT+0100 AccountId=29131007 Session=71249a9b-6584-43b4-8031-94ac2ca1ccb3
debug ++ [int] eventPhase = 2
debug ++ [Boolean] bubbles = false
debug ++ [Boolean] cancelable = false
debug ++ [String] type = timer
debug +++ [int] repeatCount = 0
debug +++ [int] currentCount = 20
debug +++ [Boolean] running = true
debug +++ [int] delay = 120000
debug +++ [int] repeatCount = 0
debug +++ [int] currentCount = 20
debug +++ [Boolean] running = true
debug +++ [int] delay = 120000
debug time 11:36:28.868 :: After HeartBeat Count=21 Result=5
debug time 11:38:27.875 :: Before HeartBeat Count=22 Time=Sat Jan 28 2012 11:38:27 GMT+0100 AccountId=29131007 Session=71249a9b-6584-43b4-8031-94ac2ca1ccb3
debug ++ [int] eventPhase = 2
debug ++ [Boolean] bubbles = false
debug ++ [Boolean] cancelable = false
debug ++ [String] type = timer
debug +++ [int] repeatCount = 0
debug +++ [int] currentCount = 21
debug +++ [Boolean] running = true
debug +++ [int] delay = 120000
debug +++ [int] repeatCount = 0
debug +++ [int] currentCount = 21
debug +++ [Boolean] running = true
debug +++ [int] delay = 120000
debug time 11:38:28.870 :: After HeartBeat Count=22 Result=5
debug time 11:40:27.902 :: Before HeartBeat Count=23 Time=Sat Jan 28 2012 11:40:27 GMT+0100 AccountId=29131007 Session=71249a9b-6584-43b4-8031-94ac2ca1ccb3
debug ++ [int] eventPhase = 2
debug ++ [Boolean] bubbles = false
debug ++ [Boolean] cancelable = false
debug ++ [String] type = timer
debug +++ [int] repeatCount = 0
debug +++ [int] currentCount = 22
debug +++ [Boolean] running = true
debug +++ [int] delay = 120000
debug +++ [int] repeatCount = 0
debug +++ [int] currentCount = 22
debug +++ [Boolean] running = true
debug +++ [int] delay = 120000
debug time 11:40:28.876 :: After HeartBeat Count=23 Result=5
debug time 11:42:28.878 :: Before HeartBeat Count=24 Time=Sat Jan 28 2012 11:42:28 GMT+0100 AccountId=29131007 Session=71249a9b-6584-43b4-8031-94ac2ca1ccb3
debug ++ [int] eventPhase = 2
debug ++ [Boolean] bubbles = false
debug ++ [Boolean] cancelable = false
debug ++ [String] type = timer
debug +++ [int] repeatCount = 0
debug +++ [int] currentCount = 23
debug +++ [Boolean] running = true
debug +++ [int] delay = 120000
debug +++ [int] repeatCount = 0
debug +++ [int] currentCount = 23
debug +++ [Boolean] running = true
debug +++ [int] delay = 120000
debug time 11:42:29.874 :: After HeartBeat Count=24 Result=5
debug time 11:44:29.880 :: Before HeartBeat Count=25 Time=Sat Jan 28 2012 11:44:29 GMT+0100 AccountId=29131007 Session=71249a9b-6584-43b4-8031-94ac2ca1ccb3
debug ++ [int] eventPhase = 2
debug ++ [Boolean] bubbles = false
debug ++ [Boolean] cancelable = false
debug ++ [String] type = timer
debug +++ [int] repeatCount = 0
debug +++ [int] currentCount = 24
debug +++ [Boolean] running = true
debug +++ [int] delay = 120000
debug +++ [int] repeatCount = 0
debug +++ [int] currentCount = 24
debug +++ [Boolean] running = true
debug +++ [int] delay = 120000
debug time 11:44:30.875 :: After HeartBeat Count=25 Result=5
debug time 11:46:29.881 :: Before HeartBeat Count=26 Time=Sat Jan 28 2012 11:46:29 GMT+0100 AccountId=29131007 Session=71249a9b-6584-43b4-8031-94ac2ca1ccb3
debug ++ [int] eventPhase = 2
debug ++ [Boolean] bubbles = false
debug ++ [Boolean] cancelable = false
debug ++ [String] type = timer
debug +++ [int] repeatCount = 0
debug +++ [int] currentCount = 25
debug +++ [Boolean] running = true
debug +++ [int] delay = 120000
debug +++ [int] repeatCount = 0
debug +++ [int] currentCount = 25
debug +++ [Boolean] running = true
debug +++ [int] delay = 120000
debug time 11:46:30.875 :: After HeartBeat Count=26 Result=5
debug time 11:48:29.882 :: Before HeartBeat Count=27 Time=Sat Jan 28 2012 11:48:29 GMT+0100 AccountId=29131007 Session=71249a9b-6584-43b4-8031-94ac2ca1ccb3
debug ++ [int] eventPhase = 2
debug ++ [Boolean] bubbles = false
debug ++ [Boolean] cancelable = false
debug ++ [String] type = timer
debug +++ [int] repeatCount = 0
debug +++ [int] currentCount = 26
debug +++ [Boolean] running = true
debug +++ [int] delay = 120000
debug +++ [int] repeatCount = 0
debug +++ [int] currentCount = 26
debug +++ [Boolean] running = true
debug +++ [int] delay = 120000
debug time 11:48:30.877 :: After HeartBeat Count=27 Result=5
debug time 11:50:29.884 :: Before HeartBeat Count=28 Time=Sat Jan 28 2012 11:50:29 GMT+0100 AccountId=29131007 Session=71249a9b-6584-43b4-8031-94ac2ca1ccb3
debug ++ [int] eventPhase = 2
debug ++ [Boolean] bubbles = false
debug ++ [Boolean] cancelable = false
debug ++ [String] type = timer
debug +++ [int] repeatCount = 0
debug +++ [int] currentCount = 27
debug +++ [Boolean] running = true
debug +++ [int] delay = 120000
debug +++ [int] repeatCount = 0
debug +++ [int] currentCount = 27
debug +++ [Boolean] running = true
debug +++ [int] delay = 120000
debug time 11:50:30.880 :: After HeartBeat Count=28 Result=5
debug time 11:52:29.887 :: Before HeartBeat Count=29 Time=Sat Jan 28 2012 11:52:29 GMT+0100 AccountId=29131007 Session=71249a9b-6584-43b4-8031-94ac2ca1ccb3
debug ++ [int] eventPhase = 2
debug ++ [Boolean] bubbles = false
debug ++ [Boolean] cancelable = false
debug ++ [String] type = timer
debug +++ [int] repeatCount = 0
debug +++ [int] currentCount = 28
debug +++ [Boolean] running = true
debug +++ [int] delay = 120000
debug +++ [int] repeatCount = 0
debug +++ [int] currentCount = 28
debug +++ [Boolean] running = true
debug +++ [int] delay = 120000
debug time 11:52:30.881 :: After HeartBeat Count=29 Result=5
debug time 11:54:30.886 :: Before HeartBeat Count=30 Time=Sat Jan 28 2012 11:54:30 GMT+0100 AccountId=29131007 Session=71249a9b-6584-43b4-8031-94ac2ca1ccb3
debug ++ [int] eventPhase = 2
debug ++ [Boolean] bubbles = false
debug ++ [Boolean] cancelable = false
debug ++ [String] type = timer
debug +++ [int] repeatCount = 0
debug +++ [int] currentCount = 29
debug +++ [Boolean] running = true
debug +++ [int] delay = 120000
debug +++ [int] repeatCount = 0
debug +++ [int] currentCount = 29
debug +++ [Boolean] running = true
debug +++ [int] delay = 120000
debug time 11:54:31.888 :: After HeartBeat Count=30 Result=5
debug time 11:56:30.888 :: Before HeartBeat Count=31 Time=Sat Jan 28 2012 11:56:30 GMT+0100 AccountId=29131007 Session=71249a9b-6584-43b4-8031-94ac2ca1ccb3
debug ++ [int] eventPhase = 2
debug ++ [Boolean] bubbles = false
debug ++ [Boolean] cancelable = false
debug ++ [String] type = timer
debug +++ [int] repeatCount = 0
debug +++ [int] currentCount = 30
debug +++ [Boolean] running = true
debug +++ [int] delay = 120000
debug +++ [int] repeatCount = 0
debug +++ [int] currentCount = 30
debug +++ [Boolean] running = true
debug +++ [int] delay = 120000
debug time 11:56:31.884 :: After HeartBeat Count=31 Result=5
debug time 11:58:30.890 :: Before HeartBeat Count=32 Time=Sat Jan 28 2012 11:58:30 GMT+0100 AccountId=29131007 Session=71249a9b-6584-43b4-8031-94ac2ca1ccb3
debug ++ [int] eventPhase = 2
debug ++ [Boolean] bubbles = false
debug ++ [Boolean] cancelable = false
debug ++ [String] type = timer
debug +++ [int] repeatCount = 0
debug +++ [int] currentCount = 31
debug +++ [Boolean] running = true
debug +++ [int] delay = 120000
debug +++ [int] repeatCount = 0
debug +++ [int] currentCount = 31
debug +++ [Boolean] running = true
debug +++ [int] delay = 120000
debug time 11:58:31.886 :: After HeartBeat Count=32 Result=5
debug time 12:00:30.940 :: Performing heartbeat at Sat Jan 28 2012 12:00:30 GMT+0100
debug time 12:00:30.955 :: Before HeartBeat Count=33 Time=Sat Jan 28 2012 12:00:30 GMT+0100 AccountId=29131007 Session=71249a9b-6584-43b4-8031-94ac2ca1ccb3
debug ++ [int] eventPhase = 2
debug ++ [Boolean] bubbles = false
debug ++ [Boolean] cancelable = false
debug ++ [String] type = timer
debug +++ [int] repeatCount = 0
debug +++ [int] currentCount = 32
debug +++ [Boolean] running = true
debug +++ [int] delay = 120000
debug +++ [int] repeatCount = 0
debug +++ [int] currentCount = 32
debug +++ [Boolean] running = true
debug +++ [int] delay = 120000
debug time 12:00:32.636 :: After HeartBeat Count=33 Result=5
debug time 12:02:30.966 :: Before HeartBeat Count=34 Time=Sat Jan 28 2012 12:02:30 GMT+0100 AccountId=29131007 Session=71249a9b-6584-43b4-8031-94ac2ca1ccb3
debug ++ [int] eventPhase = 2
debug ++ [Boolean] bubbles = false
debug ++ [Boolean] cancelable = false
debug ++ [String] type = timer
debug +++ [int] repeatCount = 0
debug +++ [int] currentCount = 33
debug +++ [Boolean] running = true
debug +++ [int] delay = 120000
debug +++ [int] repeatCount = 0
debug +++ [int] currentCount = 33
debug +++ [Boolean] running = true
debug +++ [int] delay = 120000
debug time 12:02:31.160 :: After HeartBeat Count=34 Result=5
debug time 12:04:30.972 :: Before HeartBeat Count=35 Time=Sat Jan 28 2012 12:04:30 GMT+0100 AccountId=29131007 Session=71249a9b-6584-43b4-8031-94ac2ca1ccb3
debug ++ [int] eventPhase = 2
debug ++ [Boolean] bubbles = false
debug ++ [Boolean] cancelable = false
debug ++ [String] type = timer
debug +++ [int] repeatCount = 0
debug +++ [int] currentCount = 34
debug +++ [Boolean] running = true
debug +++ [int] delay = 120000
debug +++ [int] repeatCount = 0
debug +++ [int] currentCount = 34
debug +++ [Boolean] running = true
debug +++ [int] delay = 120000
debug time 12:04:31.176 :: After HeartBeat Count=35 Result=5
debug time 12:06:30.974 :: Before HeartBeat Count=36 Time=Sat Jan 28 2012 12:06:30 GMT+0100 AccountId=29131007 Session=71249a9b-6584-43b4-8031-94ac2ca1ccb3
debug ++ [int] eventPhase = 2
debug ++ [Boolean] bubbles = false
debug ++ [Boolean] cancelable = false
debug ++ [String] type = timer
debug +++ [int] repeatCount = 0
debug +++ [int] currentCount = 35
debug +++ [Boolean] running = true
debug +++ [int] delay = 120000
debug +++ [int] repeatCount = 0
debug +++ [int] currentCount = 35
debug +++ [Boolean] running = true
debug +++ [int] delay = 120000
debug time 12:06:31.173 :: After HeartBeat Count=36 Result=5
debug time 12:08:30.978 :: Before HeartBeat Count=37 Time=Sat Jan 28 2012 12:08:30 GMT+0100 AccountId=29131007 Session=71249a9b-6584-43b4-8031-94ac2ca1ccb3
debug ++ [int] eventPhase = 2
debug ++ [Boolean] bubbles = false
debug ++ [Boolean] cancelable = false
debug ++ [String] type = timer
debug +++ [int] repeatCount = 0
debug +++ [int] currentCount = 36
debug +++ [Boolean] running = true
debug +++ [int] delay = 120000
debug +++ [int] repeatCount = 0
debug +++ [int] currentCount = 36
debug +++ [Boolean] running = true
debug +++ [int] delay = 120000
debug time 12:08:31.175 :: After HeartBeat Count=37 Result=5
debug time 12:10:30.984 :: Before HeartBeat Count=38 Time=Sat Jan 28 2012 12:10:30 GMT+0100 AccountId=29131007 Session=71249a9b-6584-43b4-8031-94ac2ca1ccb3
debug ++ [int] eventPhase = 2
debug ++ [Boolean] bubbles = false
debug ++ [Boolean] cancelable = false
debug ++ [String] type = timer
debug +++ [int] repeatCount = 0
debug +++ [int] currentCount = 37
debug +++ [Boolean] running = true
debug +++ [int] delay = 120000
debug +++ [int] repeatCount = 0
debug +++ [int] currentCount = 37
debug +++ [Boolean] running = true
debug +++ [int] delay = 120000
debug time 12:10:31.177 :: After HeartBeat Count=38 Result=5
debug time 12:12:30.988 :: Before HeartBeat Count=39 Time=Sat Jan 28 2012 12:12:30 GMT+0100 AccountId=29131007 Session=71249a9b-6584-43b4-8031-94ac2ca1ccb3
debug ++ [int] eventPhase = 2
debug ++ [Boolean] bubbles = false
debug ++ [Boolean] cancelable = false
debug ++ [String] type = timer
debug +++ [int] repeatCount = 0
debug +++ [int] currentCount = 38
debug +++ [Boolean] running = true
debug +++ [int] delay = 120000
debug +++ [int] repeatCount = 0
debug +++ [int] currentCount = 38
debug +++ [Boolean] running = true
debug +++ [int] delay = 120000
debug time 12:12:31.185 :: After HeartBeat Count=39 Result=5
debug time 12:14:30.995 :: Before HeartBeat Count=40 Time=Sat Jan 28 2012 12:14:30 GMT+0100 AccountId=29131007 Session=71249a9b-6584-43b4-8031-94ac2ca1ccb3
debug ++ [int] eventPhase = 2
debug ++ [Boolean] bubbles = false
debug ++ [Boolean] cancelable = false
debug ++ [String] type = timer
debug +++ [int] repeatCount = 0
debug +++ [int] currentCount = 39
debug +++ [Boolean] running = true
debug +++ [int] delay = 120000
debug +++ [int] repeatCount = 0
debug +++ [int] currentCount = 39
debug +++ [Boolean] running = true
debug +++ [int] delay = 120000
debug time 12:14:31.187 :: After HeartBeat Count=40 Result=5
debug time 12:16:31.23 :: Before HeartBeat Count=41 Time=Sat Jan 28 2012 12:16:31 GMT+0100 AccountId=29131007 Session=71249a9b-6584-43b4-8031-94ac2ca1ccb3
debug ++ [int] eventPhase = 2
debug ++ [Boolean] bubbles = false
debug ++ [Boolean] cancelable = false
debug ++ [String] type = timer
debug +++ [int] repeatCount = 0
debug +++ [int] currentCount = 40
debug +++ [Boolean] running = true
debug +++ [int] delay = 120000
debug +++ [int] repeatCount = 0
debug +++ [int] currentCount = 40
debug +++ [Boolean] running = true
debug +++ [int] delay = 120000
debug time 12:16:31.216 :: After HeartBeat Count=41 Result=5
debug time 12:18:31.57 :: Before HeartBeat Count=42 Time=Sat Jan 28 2012 12:18:31 GMT+0100 AccountId=29131007 Session=71249a9b-6584-43b4-8031-94ac2ca1ccb3
debug ++ [int] eventPhase = 2
debug ++ [Boolean] bubbles = false
debug ++ [Boolean] cancelable = false
debug ++ [String] type = timer
debug +++ [int] repeatCount = 0
debug +++ [int] currentCount = 41
debug +++ [Boolean] running = true
debug +++ [int] delay = 120000
debug +++ [int] repeatCount = 0
debug +++ [int] currentCount = 41
debug +++ [Boolean] running = true
debug +++ [int] delay = 120000
debug time 12:18:31.252 :: After HeartBeat Count=42 Result=5
debug time 12:20:31.317 :: Before HeartBeat Count=43 Time=Sat Jan 28 2012 12:20:31 GMT+0100 AccountId=29131007 Session=71249a9b-6584-43b4-8031-94ac2ca1ccb3
debug ++ [int] eventPhase = 2
debug ++ [Boolean] bubbles = false
debug ++ [Boolean] cancelable = false
debug ++ [String] type = timer
debug +++ [int] repeatCount = 0
debug +++ [int] currentCount = 42
debug +++ [Boolean] running = true
debug +++ [int] delay = 120000
debug +++ [int] repeatCount = 0
debug +++ [int] currentCount = 42
debug +++ [Boolean] running = true
debug +++ [int] delay = 120000
debug time 12:20:32.305 :: After HeartBeat Count=43 Result=5
debug time 12:22:32.310 :: Before HeartBeat Count=44 Time=Sat Jan 28 2012 12:22:32 GMT+0100 AccountId=29131007 Session=71249a9b-6584-43b4-8031-94ac2ca1ccb3
debug ++ [int] eventPhase = 2
debug ++ [Boolean] bubbles = false
debug ++ [Boolean] cancelable = false
debug ++ [String] type = timer
debug +++ [int] repeatCount = 0
debug +++ [int] currentCount = 43
debug +++ [Boolean] running = true
debug +++ [int] delay = 120000
debug +++ [int] repeatCount = 0
debug +++ [int] currentCount = 43
debug +++ [Boolean] running = true
debug +++ [int] delay = 120000
debug time 12:22:33.306 :: After HeartBeat Count=44 Result=5
debug time 12:24:33.311 :: Before HeartBeat Count=45 Time=Sat Jan 28 2012 12:24:33 GMT+0100 AccountId=29131007 Session=71249a9b-6584-43b4-8031-94ac2ca1ccb3
debug ++ [int] eventPhase = 2
debug ++ [Boolean] bubbles = false
debug ++ [Boolean] cancelable = false
debug ++ [String] type = timer
debug +++ [int] repeatCount = 0
debug +++ [int] currentCount = 44
debug +++ [Boolean] running = true
debug +++ [int] delay = 120000
debug +++ [int] repeatCount = 0
debug +++ [int] currentCount = 44
debug +++ [Boolean] running = true
debug +++ [int] delay = 120000
debug time 12:24:34.307 :: After HeartBeat Count=45 Result=5
debug time 12:26:33.339 :: Before HeartBeat Count=46 Time=Sat Jan 28 2012 12:26:33 GMT+0100 AccountId=29131007 Session=71249a9b-6584-43b4-8031-94ac2ca1ccb3
debug ++ [int] eventPhase = 2
debug ++ [Boolean] bubbles = false
debug ++ [Boolean] cancelable = false
debug ++ [String] type = timer
debug +++ [int] repeatCount = 0
debug +++ [int] currentCount = 45
debug +++ [Boolean] running = true
debug +++ [int] delay = 120000
debug +++ [int] repeatCount = 0
debug +++ [int] currentCount = 45
debug +++ [Boolean] running = true
debug +++ [int] delay = 120000
debug time 12:26:34.309 :: After HeartBeat Count=46 Result=5
debug time 12:28:34.314 :: Before HeartBeat Count=47 Time=Sat Jan 28 2012 12:28:34 GMT+0100 AccountId=29131007 Session=71249a9b-6584-43b4-8031-94ac2ca1ccb3
debug ++ [int] eventPhase = 2
debug ++ [Boolean] bubbles = false
debug ++ [Boolean] cancelable = false
debug ++ [String] type = timer
debug +++ [int] repeatCount = 0
debug +++ [int] currentCount = 46
debug +++ [Boolean] running = true
debug +++ [int] delay = 120000
debug +++ [int] repeatCount = 0
debug +++ [int] currentCount = 46
debug +++ [Boolean] running = true
debug +++ [int] delay = 120000
debug time 12:28:35.310 :: After HeartBeat Count=47 Result=5
debug time 12:30:34.317 :: Before HeartBeat Count=48 Time=Sat Jan 28 2012 12:30:34 GMT+0100 AccountId=29131007 Session=71249a9b-6584-43b4-8031-94ac2ca1ccb3
debug ++ [int] eventPhase = 2
debug ++ [Boolean] bubbles = false
debug ++ [Boolean] cancelable = false
debug ++ [String] type = timer
debug +++ [int] repeatCount = 0
debug +++ [int] currentCount = 47
debug +++ [Boolean] running = true
debug +++ [int] delay = 120000
debug +++ [int] repeatCount = 0
debug +++ [int] currentCount = 47
debug +++ [Boolean] running = true
debug +++ [int] delay = 120000
debug time 12:30:35.313 :: After HeartBeat Count=48 Result=5
debug time 12:32:35.319 :: Before HeartBeat Count=49 Time=Sat Jan 28 2012 12:32:35 GMT+0100 AccountId=29131007 Session=71249a9b-6584-43b4-8031-94ac2ca1ccb3
debug ++ [int] eventPhase = 2
debug ++ [Boolean] bubbles = false
debug ++ [Boolean] cancelable = false
debug ++ [String] type = timer
debug +++ [int] repeatCount = 0
debug +++ [int] currentCount = 48
debug +++ [Boolean] running = true
debug +++ [int] delay = 120000
debug +++ [int] repeatCount = 0
debug +++ [int] currentCount = 48
debug +++ [Boolean] running = true
debug +++ [int] delay = 120000
debug time 12:32:36.314 :: After HeartBeat Count=49 Result=5
debug time 12:34:35.345 :: Before HeartBeat Count=50 Time=Sat Jan 28 2012 12:34:35 GMT+0100 AccountId=29131007 Session=71249a9b-6584-43b4-8031-94ac2ca1ccb3
debug ++ [int] eventPhase = 2
debug ++ [Boolean] bubbles = false
debug ++ [Boolean] cancelable = false
debug ++ [String] type = timer
debug +++ [int] repeatCount = 0
debug +++ [int] currentCount = 49
debug +++ [Boolean] running = true
debug +++ [int] delay = 120000
debug +++ [int] repeatCount = 0
debug +++ [int] currentCount = 49
debug +++ [Boolean] running = true
debug +++ [int] delay = 120000
debug time 12:34:36.316 :: After HeartBeat Count=50 Result=5
debug time 12:36:36.321 :: Before HeartBeat Count=51 Time=Sat Jan 28 2012 12:36:36 GMT+0100 AccountId=29131007 Session=71249a9b-6584-43b4-8031-94ac2ca1ccb3
debug ++ [int] eventPhase = 2
debug ++ [Boolean] bubbles = false
debug ++ [Boolean] cancelable = false
debug ++ [String] type = timer
debug +++ [int] repeatCount = 0
debug +++ [int] currentCount = 50
debug +++ [Boolean] running = true
debug +++ [int] delay = 120000
debug +++ [int] repeatCount = 0
debug +++ [int] currentCount = 50
debug +++ [Boolean] running = true
debug +++ [int] delay = 120000
debug time 12:36:37.316 :: After HeartBeat Count=51 Result=5
debug time 12:38:36.322 :: Before HeartBeat Count=52 Time=Sat Jan 28 2012 12:38:36 GMT+0100 AccountId=29131007 Session=71249a9b-6584-43b4-8031-94ac2ca1ccb3
debug ++ [int] eventPhase = 2
debug ++ [Boolean] bubbles = false
debug ++ [Boolean] cancelable = false
debug ++ [String] type = timer
debug +++ [int] repeatCount = 0
debug +++ [int] currentCount = 51
debug +++ [Boolean] running = true
debug +++ [int] delay = 120000
debug +++ [int] repeatCount = 0
debug +++ [int] currentCount = 51
debug +++ [Boolean] running = true
debug +++ [int] delay = 120000
debug time 12:38:37.318 :: After HeartBeat Count=52 Result=5
debug time 12:40:36.324 :: Before HeartBeat Count=53 Time=Sat Jan 28 2012 12:40:36 GMT+0100 AccountId=29131007 Session=71249a9b-6584-43b4-8031-94ac2ca1ccb3
debug ++ [int] eventPhase = 2
debug ++ [Boolean] bubbles = false
debug ++ [Boolean] cancelable = false
debug ++ [String] type = timer
debug +++ [int] repeatCount = 0
debug +++ [int] currentCount = 52
debug +++ [Boolean] running = true
debug +++ [int] delay = 120000
debug +++ [int] repeatCount = 0
debug +++ [int] currentCount = 52
debug +++ [Boolean] running = true
debug +++ [int] delay = 120000
debug time 12:40:37.320 :: After HeartBeat Count=53 Result=5
debug time 12:42:36.346 :: Before HeartBeat Count=54 Time=Sat Jan 28 2012 12:42:36 GMT+0100 AccountId=29131007 Session=71249a9b-6584-43b4-8031-94ac2ca1ccb3
debug ++ [int] eventPhase = 2
debug ++ [Boolean] bubbles = false
debug ++ [Boolean] cancelable = false
debug ++ [String] type = timer
debug +++ [int] repeatCount = 0
debug +++ [int] currentCount = 53
debug +++ [Boolean] running = true
debug +++ [int] delay = 120000
debug +++ [int] repeatCount = 0
debug +++ [int] currentCount = 53
debug +++ [Boolean] running = true
debug +++ [int] delay = 120000
debug time 12:42:37.322 :: After HeartBeat Count=54 Result=5
debug time 12:44:37.328 :: Before HeartBeat Count=55 Time=Sat Jan 28 2012 12:44:37 GMT+0100 AccountId=29131007 Session=71249a9b-6584-43b4-8031-94ac2ca1ccb3
debug ++ [int] eventPhase = 2
debug ++ [Boolean] bubbles = false
debug ++ [Boolean] cancelable = false
debug ++ [String] type = timer
debug +++ [int] repeatCount = 0
debug +++ [int] currentCount = 54
debug +++ [Boolean] running = true
debug +++ [int] delay = 120000
debug +++ [int] repeatCount = 0
debug +++ [int] currentCount = 54
debug +++ [Boolean] running = true
debug +++ [int] delay = 120000
debug time 12:44:38.323 :: After HeartBeat Count=55 Result=5
debug time 12:46:37.330 :: Before HeartBeat Count=56 Time=Sat Jan 28 2012 12:46:37 GMT+0100 AccountId=29131007 Session=71249a9b-6584-43b4-8031-94ac2ca1ccb3
debug ++ [int] eventPhase = 2
debug ++ [Boolean] bubbles = false
debug ++ [Boolean] cancelable = false
debug ++ [String] type = timer
debug +++ [int] repeatCount = 0
debug +++ [int] currentCount = 55
debug +++ [Boolean] running = true
debug +++ [int] delay = 120000
debug +++ [int] repeatCount = 0
debug +++ [int] currentCount = 55
debug +++ [Boolean] running = true
debug +++ [int] delay = 120000
debug time 12:46:38.325 :: After HeartBeat Count=56 Result=5
debug time 12:48:37.331 :: Before HeartBeat Count=57 Time=Sat Jan 28 2012 12:48:37 GMT+0100 AccountId=29131007 Session=71249a9b-6584-43b4-8031-94ac2ca1ccb3
debug ++ [int] eventPhase = 2
debug ++ [Boolean] bubbles = false
debug ++ [Boolean] cancelable = false
debug ++ [String] type = timer
debug +++ [int] repeatCount = 0
debug +++ [int] currentCount = 56
debug +++ [Boolean] running = true
debug +++ [int] delay = 120000
debug +++ [int] repeatCount = 0
debug +++ [int] currentCount = 56
debug +++ [Boolean] running = true
debug +++ [int] delay = 120000
debug time 12:48:38.326 :: After HeartBeat Count=57 Result=5
debug time 12:50:37.332 :: Before HeartBeat Count=58 Time=Sat Jan 28 2012 12:50:37 GMT+0100 AccountId=29131007 Session=71249a9b-6584-43b4-8031-94ac2ca1ccb3
debug ++ [int] eventPhase = 2
debug ++ [Boolean] bubbles = false
debug ++ [Boolean] cancelable = false
debug ++ [String] type = timer
debug +++ [int] repeatCount = 0
debug +++ [int] currentCount = 57
debug +++ [Boolean] running = true
debug +++ [int] delay = 120000
debug +++ [int] repeatCount = 0
debug +++ [int] currentCount = 57
debug +++ [Boolean] running = true
debug +++ [int] delay = 120000
debug time 12:50:38.328 :: After HeartBeat Count=58 Result=5
debug time 12:52:37.334 :: Before HeartBeat Count=59 Time=Sat Jan 28 2012 12:52:37 GMT+0100 AccountId=29131007 Session=71249a9b-6584-43b4-8031-94ac2ca1ccb3
debug ++ [int] eventPhase = 2
debug ++ [Boolean] bubbles = false
debug ++ [Boolean] cancelable = false
debug ++ [String] type = timer
debug +++ [int] repeatCount = 0
debug +++ [int] currentCount = 58
debug +++ [Boolean] running = true
debug +++ [int] delay = 120000
debug +++ [int] repeatCount = 0
debug +++ [int] currentCount = 58
debug +++ [Boolean] running = true
debug +++ [int] delay = 120000
debug time 12:52:38.329 :: After HeartBeat Count=59 Result=5
debug time 12:54:37.335 :: Before HeartBeat Count=60 Time=Sat Jan 28 2012 12:54:37 GMT+0100 AccountId=29131007 Session=71249a9b-6584-43b4-8031-94ac2ca1ccb3
debug ++ [int] eventPhase = 2
debug ++ [Boolean] bubbles = false
debug ++ [Boolean] cancelable = false
debug ++ [String] type = timer
debug +++ [int] repeatCount = 0
debug +++ [int] currentCount = 59
debug +++ [Boolean] running = true
debug +++ [int] delay = 120000
debug +++ [int] repeatCount = 0
debug +++ [int] currentCount = 59
debug +++ [Boolean] running = true
debug +++ [int] delay = 120000
debug time 12:54:38.330 :: After HeartBeat Count=60 Result=5
debug time 12:56:37.338 :: Before HeartBeat Count=61 Time=Sat Jan 28 2012 12:56:37 GMT+0100 AccountId=29131007 Session=71249a9b-6584-43b4-8031-94ac2ca1ccb3
debug ++ [int] eventPhase = 2
debug ++ [Boolean] bubbles = false
debug ++ [Boolean] cancelable = false
debug ++ [String] type = timer
debug +++ [int] repeatCount = 0
debug +++ [int] currentCount = 60
debug +++ [Boolean] running = true
debug +++ [int] delay = 120000
debug +++ [int] repeatCount = 0
debug +++ [int] currentCount = 60
debug +++ [Boolean] running = true
debug +++ [int] delay = 120000
debug time 12:56:38.332 :: After HeartBeat Count=61 Result=5
debug time 12:58:37.340 :: Before HeartBeat Count=62 Time=Sat Jan 28 2012 12:58:37 GMT+0100 AccountId=29131007 Session=71249a9b-6584-43b4-8031-94ac2ca1ccb3
debug ++ [int] eventPhase = 2
debug ++ [Boolean] bubbles = false
debug ++ [Boolean] cancelable = false
debug ++ [String] type = timer
debug +++ [int] repeatCount = 0
debug +++ [int] currentCount = 61
debug +++ [Boolean] running = true
debug +++ [int] delay = 120000
debug +++ [int] repeatCount = 0
debug +++ [int] currentCount = 61
debug +++ [Boolean] running = true
debug +++ [int] delay = 120000
debug time 12:58:38.334 :: After HeartBeat Count=62 Result=5
debug time 12:58:52.363 :: Performing heartbeat at Sat Jan 28 2012 12:58:52 GMT+0100
debug time 13:00:37.343 :: Before HeartBeat Count=63 Time=Sat Jan 28 2012 13:00:37 GMT+0100 AccountId=29131007 Session=71249a9b-6584-43b4-8031-94ac2ca1ccb3
debug ++ [int] eventPhase = 2
debug ++ [Boolean] bubbles = false
debug ++ [Boolean] cancelable = false
debug ++ [String] type = timer
debug +++ [int] repeatCount = 0
debug +++ [int] currentCount = 62
debug +++ [Boolean] running = true
debug +++ [int] delay = 120000
debug +++ [int] repeatCount = 0
debug +++ [int] currentCount = 62
debug +++ [Boolean] running = true
debug +++ [int] delay = 120000
debug time 13:00:37.570 :: After HeartBeat Count=63 Result=5
debug time 13:02:37.351 :: Before HeartBeat Count=64 Time=Sat Jan 28 2012 13:02:37 GMT+0100 AccountId=29131007 Session=71249a9b-6584-43b4-8031-94ac2ca1ccb3
debug ++ [int] eventPhase = 2
debug ++ [Boolean] bubbles = false
debug ++ [Boolean] cancelable = false
debug ++ [String] type = timer
debug +++ [int] repeatCount = 0
debug +++ [int] currentCount = 63
debug +++ [Boolean] running = true
debug +++ [int] delay = 120000
debug +++ [int] repeatCount = 0
debug +++ [int] currentCount = 63
debug +++ [Boolean] running = true
debug +++ [int] delay = 120000
debug time 13:02:37.544 :: After HeartBeat Count=64 Result=5
debug time 13:04:37.353 :: Before HeartBeat Count=65 Time=Sat Jan 28 2012 13:04:37 GMT+0100 AccountId=29131007 Session=71249a9b-6584-43b4-8031-94ac2ca1ccb3
debug ++ [int] eventPhase = 2
debug ++ [Boolean] bubbles = false
debug ++ [Boolean] cancelable = false
debug ++ [String] type = timer
debug +++ [int] repeatCount = 0
debug +++ [int] currentCount = 64
debug +++ [Boolean] running = true
debug +++ [int] delay = 120000
debug +++ [int] repeatCount = 0
debug +++ [int] currentCount = 64
debug +++ [Boolean] running = true
debug +++ [int] delay = 120000
debug time 13:04:37.547 :: After HeartBeat Count=65 Result=5
debug time 13:06:37.361 :: Before HeartBeat Count=66 Time=Sat Jan 28 2012 13:06:37 GMT+0100 AccountId=29131007 Session=71249a9b-6584-43b4-8031-94ac2ca1ccb3
debug ++ [int] eventPhase = 2
debug ++ [Boolean] bubbles = false
debug ++ [Boolean] cancelable = false
debug ++ [String] type = timer
debug +++ [int] repeatCount = 0
debug +++ [int] currentCount = 65
debug +++ [Boolean] running = true
debug +++ [int] delay = 120000
debug +++ [int] repeatCount = 0
debug +++ [int] currentCount = 65
debug +++ [Boolean] running = true
debug +++ [int] delay = 120000
debug time 13:06:37.553 :: After HeartBeat Count=66 Result=5
debug time 13:08:37.363 :: Before HeartBeat Count=67 Time=Sat Jan 28 2012 13:08:37 GMT+0100 AccountId=29131007 Session=71249a9b-6584-43b4-8031-94ac2ca1ccb3
debug ++ [int] eventPhase = 2
debug ++ [Boolean] bubbles = false
debug ++ [Boolean] cancelable = false
debug ++ [String] type = timer
debug +++ [int] repeatCount = 0
debug +++ [int] currentCount = 66
debug +++ [Boolean] running = true
debug +++ [int] delay = 120000
debug +++ [int] repeatCount = 0
debug +++ [int] currentCount = 66
debug +++ [Boolean] running = true
debug +++ [int] delay = 120000
debug time 13:08:37.554 :: After HeartBeat Count=67 Result=5
debug time 13:10:37.389 :: Before HeartBeat Count=68 Time=Sat Jan 28 2012 13:10:37 GMT+0100 AccountId=29131007 Session=71249a9b-6584-43b4-8031-94ac2ca1ccb3
debug ++ [int] eventPhase = 2
debug ++ [Boolean] bubbles = false
debug ++ [Boolean] cancelable = false
debug ++ [String] type = timer
debug +++ [int] repeatCount = 0
debug +++ [int] currentCount = 67
debug +++ [Boolean] running = true
debug +++ [int] delay = 120000
debug +++ [int] repeatCount = 0
debug +++ [int] currentCount = 67
debug +++ [Boolean] running = true
debug +++ [int] delay = 120000
debug time 13:10:37.580 :: After HeartBeat Count=68 Result=5
debug time 13:12:37.399 :: Before HeartBeat Count=69 Time=Sat Jan 28 2012 13:12:37 GMT+0100 AccountId=29131007 Session=71249a9b-6584-43b4-8031-94ac2ca1ccb3
debug ++ [int] eventPhase = 2
debug ++ [Boolean] bubbles = false
debug ++ [Boolean] cancelable = false
debug ++ [String] type = timer
debug +++ [int] repeatCount = 0
debug +++ [int] currentCount = 68
debug +++ [Boolean] running = true
debug +++ [int] delay = 120000
debug +++ [int] repeatCount = 0
debug +++ [int] currentCount = 68
debug +++ [Boolean] running = true
debug +++ [int] delay = 120000
debug time 13:12:37.591 :: After HeartBeat Count=69 Result=5
debug time 13:14:37.405 :: Before HeartBeat Count=70 Time=Sat Jan 28 2012 13:14:37 GMT+0100 AccountId=29131007 Session=71249a9b-6584-43b4-8031-94ac2ca1ccb3
debug ++ [int] eventPhase = 2
debug ++ [Boolean] bubbles = false
debug ++ [Boolean] cancelable = false
debug ++ [String] type = timer
debug +++ [int] repeatCount = 0
debug +++ [int] currentCount = 69
debug +++ [Boolean] running = true
debug +++ [int] delay = 120000
debug +++ [int] repeatCount = 0
debug +++ [int] currentCount = 69
debug +++ [Boolean] running = true
debug +++ [int] delay = 120000
debug time 13:14:37.598 :: After HeartBeat Count=70 Result=5
debug time 13:16:37.407 :: Before HeartBeat Count=71 Time=Sat Jan 28 2012 13:16:37 GMT+0100 AccountId=29131007 Session=71249a9b-6584-43b4-8031-94ac2ca1ccb3
debug ++ [int] eventPhase = 2
debug ++ [Boolean] bubbles = false
debug ++ [Boolean] cancelable = false
debug ++ [String] type = timer
debug +++ [int] repeatCount = 0
debug +++ [int] currentCount = 70
debug +++ [Boolean] running = true
debug +++ [int] delay = 120000
debug +++ [int] repeatCount = 0
debug +++ [int] currentCount = 70
debug +++ [Boolean] running = true
debug +++ [int] delay = 120000
debug time 13:16:37.600 :: After HeartBeat Count=71 Result=5
debug time 13:18:37.428 :: Before HeartBeat Count=72 Time=Sat Jan 28 2012 13:18:37 GMT+0100 AccountId=29131007 Session=71249a9b-6584-43b4-8031-94ac2ca1ccb3
debug ++ [int] eventPhase = 2
debug ++ [Boolean] bubbles = false
debug ++ [Boolean] cancelable = false
debug ++ [String] type = timer
debug +++ [int] repeatCount = 0
debug +++ [int] currentCount = 71
debug +++ [Boolean] running = true
debug +++ [int] delay = 120000
debug +++ [int] repeatCount = 0
debug +++ [int] currentCount = 71
debug +++ [Boolean] running = true
debug +++ [int] delay = 120000
debug time 13:18:37.619 :: After HeartBeat Count=72 Result=5
debug time 13:20:37.449 :: Before HeartBeat Count=73 Time=Sat Jan 28 2012 13:20:37 GMT+0100 AccountId=29131007 Session=71249a9b-6584-43b4-8031-94ac2ca1ccb3
debug ++ [int] eventPhase = 2
debug ++ [Boolean] bubbles = false
debug ++ [Boolean] cancelable = false
debug ++ [String] type = timer
debug +++ [int] repeatCount = 0
debug +++ [int] currentCount = 72
debug +++ [Boolean] running = true
debug +++ [int] delay = 120000
debug +++ [int] repeatCount = 0
debug +++ [int] currentCount = 72
debug +++ [Boolean] running = true
debug +++ [int] delay = 120000
debug time 13:20:37.679 :: After HeartBeat Count=73 Result=5
debug time 13:22:37.482 :: Before HeartBeat Count=74 Time=Sat Jan 28 2012 13:22:37 GMT+0100 AccountId=29131007 Session=71249a9b-6584-43b4-8031-94ac2ca1ccb3
debug ++ [int] eventPhase = 2
debug ++ [Boolean] bubbles = false
debug ++ [Boolean] cancelable = false
debug ++ [String] type = timer
debug +++ [int] repeatCount = 0
debug +++ [int] currentCount = 73
debug +++ [Boolean] running = true
debug +++ [int] delay = 120000
debug +++ [int] repeatCount = 0
debug +++ [int] currentCount = 73
debug +++ [Boolean] running = true
debug +++ [int] delay = 120000
debug time 13:22:37.675 :: After HeartBeat Count=74 Result=5
debug time 13:24:37.509 :: Before HeartBeat Count=75 Time=Sat Jan 28 2012 13:24:37 GMT+0100 AccountId=29131007 Session=71249a9b-6584-43b4-8031-94ac2ca1ccb3
debug ++ [int] eventPhase = 2
debug ++ [Boolean] bubbles = false
debug ++ [Boolean] cancelable = false
debug ++ [String] type = timer
debug +++ [int] repeatCount = 0
debug +++ [int] currentCount = 74
debug +++ [Boolean] running = true
debug +++ [int] delay = 120000
debug +++ [int] repeatCount = 0
debug +++ [int] currentCount = 74
debug +++ [Boolean] running = true
debug +++ [int] delay = 120000
debug time 13:24:37.702 :: After HeartBeat Count=75 Result=5
debug time 13:26:37.527 :: Before HeartBeat Count=76 Time=Sat Jan 28 2012 13:26:37 GMT+0100 AccountId=29131007 Session=71249a9b-6584-43b4-8031-94ac2ca1ccb3
debug ++ [int] eventPhase = 2
debug ++ [Boolean] bubbles = false
debug ++ [Boolean] cancelable = false
debug ++ [String] type = timer
debug +++ [int] repeatCount = 0
debug +++ [int] currentCount = 75
debug +++ [Boolean] running = true
debug +++ [int] delay = 120000
debug +++ [int] repeatCount = 0
debug +++ [int] currentCount = 75
debug +++ [Boolean] running = true
debug +++ [int] delay = 120000
debug time 13:26:37.731 :: After HeartBeat Count=76 Result=5
debug time 13:28:37.552 :: Before HeartBeat Count=77 Time=Sat Jan 28 2012 13:28:37 GMT+0100 AccountId=29131007 Session=71249a9b-6584-43b4-8031-94ac2ca1ccb3
debug ++ [int] eventPhase = 2
debug ++ [Boolean] bubbles = false
debug ++ [Boolean] cancelable = false
debug ++ [String] type = timer
debug +++ [int] repeatCount = 0
debug +++ [int] currentCount = 76
debug +++ [Boolean] running = true
debug +++ [int] delay = 120000
debug +++ [int] repeatCount = 0
debug +++ [int] currentCount = 76
debug +++ [Boolean] running = true
debug +++ [int] delay = 120000
debug time 13:28:37.744 :: After HeartBeat Count=77 Result=5
debug time 13:30:37.555 :: Before HeartBeat Count=78 Time=Sat Jan 28 2012 13:30:37 GMT+0100 AccountId=29131007 Session=71249a9b-6584-43b4-8031-94ac2ca1ccb3
debug ++ [int] eventPhase = 2
debug ++ [Boolean] bubbles = false
debug ++ [Boolean] cancelable = false
debug ++ [String] type = timer
debug +++ [int] repeatCount = 0
debug +++ [int] currentCount = 77
debug +++ [Boolean] running = true
debug +++ [int] delay = 120000
debug +++ [int] repeatCount = 0
debug +++ [int] currentCount = 77
debug +++ [Boolean] running = true
debug +++ [int] delay = 120000
debug time 13:30:37.747 :: After HeartBeat Count=78 Result=5
debug time 13:32:37.559 :: Before HeartBeat Count=79 Time=Sat Jan 28 2012 13:32:37 GMT+0100 AccountId=29131007 Session=71249a9b-6584-43b4-8031-94ac2ca1ccb3
debug ++ [int] eventPhase = 2
debug ++ [Boolean] bubbles = false
debug ++ [Boolean] cancelable = false
debug ++ [String] type = timer
debug +++ [int] repeatCount = 0
debug +++ [int] currentCount = 78
debug +++ [Boolean] running = true
debug +++ [int] delay = 120000
debug +++ [int] repeatCount = 0
debug +++ [int] currentCount = 78
debug +++ [Boolean] running = true
debug +++ [int] delay = 120000
debug time 13:32:37.779 :: After HeartBeat Count=79 Result=5
debug time 13:34:37.590 :: Before HeartBeat Count=80 Time=Sat Jan 28 2012 13:34:37 GMT+0100 AccountId=29131007 Session=71249a9b-6584-43b4-8031-94ac2ca1ccb3
debug ++ [int] eventPhase = 2
debug ++ [Boolean] bubbles = false
debug ++ [Boolean] cancelable = false
debug ++ [String] type = timer
debug +++ [int] repeatCount = 0
debug +++ [int] currentCount = 79
debug +++ [Boolean] running = true
debug +++ [int] delay = 120000
debug +++ [int] repeatCount = 0
debug +++ [int] currentCount = 79
debug +++ [Boolean] running = true
debug +++ [int] delay = 120000
debug time 13:34:37.816 :: After HeartBeat Count=80 Result=5
debug time 13:36:37.621 :: Before HeartBeat Count=81 Time=Sat Jan 28 2012 13:36:37 GMT+0100 AccountId=29131007 Session=71249a9b-6584-43b4-8031-94ac2ca1ccb3
debug ++ [int] eventPhase = 2
debug ++ [Boolean] bubbles = false
debug ++ [Boolean] cancelable = false
debug ++ [String] type = timer
debug +++ [int] repeatCount = 0
debug +++ [int] currentCount = 80
debug +++ [Boolean] running = true
debug +++ [int] delay = 120000
debug +++ [int] repeatCount = 0
debug +++ [int] currentCount = 80
debug +++ [Boolean] running = true
debug +++ [int] delay = 120000
debug time 13:36:37.826 :: After HeartBeat Count=81 Result=5
debug time 13:38:37.652 :: Before HeartBeat Count=82 Time=Sat Jan 28 2012 13:38:37 GMT+0100 AccountId=29131007 Session=71249a9b-6584-43b4-8031-94ac2ca1ccb3
debug ++ [int] eventPhase = 2
debug ++ [Boolean] bubbles = false
debug ++ [Boolean] cancelable = false
debug ++ [String] type = timer
debug +++ [int] repeatCount = 0
debug +++ [int] currentCount = 81
debug +++ [Boolean] running = true
debug +++ [int] delay = 120000
debug +++ [int] repeatCount = 0
debug +++ [int] currentCount = 81
debug +++ [Boolean] running = true
debug +++ [int] delay = 120000
debug time 13:38:37.845 :: After HeartBeat Count=82 Result=5
debug time 13:40:37.683 :: Before HeartBeat Count=83 Time=Sat Jan 28 2012 13:40:37 GMT+0100 AccountId=29131007 Session=71249a9b-6584-43b4-8031-94ac2ca1ccb3
debug ++ [int] eventPhase = 2
debug ++ [Boolean] bubbles = false
debug ++ [Boolean] cancelable = false
debug ++ [String] type = timer
debug +++ [int] repeatCount = 0
debug +++ [int] currentCount = 82
debug +++ [Boolean] running = true
debug +++ [int] delay = 120000
debug +++ [int] repeatCount = 0
debug +++ [int] currentCount = 82
debug +++ [Boolean] running = true
debug +++ [int] delay = 120000
debug time 13:40:37.878 :: After HeartBeat Count=83 Result=5
debug time 13:42:37.689 :: Before HeartBeat Count=84 Time=Sat Jan 28 2012 13:42:37 GMT+0100 AccountId=29131007 Session=71249a9b-6584-43b4-8031-94ac2ca1ccb3
debug ++ [int] eventPhase = 2
debug ++ [Boolean] bubbles = false
debug ++ [Boolean] cancelable = false
debug ++ [String] type = timer
debug +++ [int] repeatCount = 0
debug +++ [int] currentCount = 83
debug +++ [Boolean] running = true
debug +++ [int] delay = 120000
debug +++ [int] repeatCount = 0
debug +++ [int] currentCount = 83
debug +++ [Boolean] running = true
debug +++ [int] delay = 120000
debug time 13:42:37.886 :: After HeartBeat Count=84 Result=5
debug time 13:44:37.718 :: Before HeartBeat Count=85 Time=Sat Jan 28 2012 13:44:37 GMT+0100 AccountId=29131007 Session=71249a9b-6584-43b4-8031-94ac2ca1ccb3
debug ++ [int] eventPhase = 2
debug ++ [Boolean] bubbles = false
debug ++ [Boolean] cancelable = false
debug ++ [String] type = timer
debug +++ [int] repeatCount = 0
debug +++ [int] currentCount = 84
debug +++ [Boolean] running = true
debug +++ [int] delay = 120000
debug +++ [int] repeatCount = 0
debug +++ [int] currentCount = 84
debug +++ [Boolean] running = true
debug +++ [int] delay = 120000
debug time 13:44:37.908 :: After HeartBeat Count=85 Result=5
debug time 13:46:37.730 :: Before HeartBeat Count=86 Time=Sat Jan 28 2012 13:46:37 GMT+0100 AccountId=29131007 Session=71249a9b-6584-43b4-8031-94ac2ca1ccb3
debug ++ [int] eventPhase = 2
debug ++ [Boolean] bubbles = false
debug ++ [Boolean] cancelable = false
debug ++ [String] type = timer
debug +++ [int] repeatCount = 0
debug +++ [int] currentCount = 85
debug +++ [Boolean] running = true
debug +++ [int] delay = 120000
debug +++ [int] repeatCount = 0
debug +++ [int] currentCount = 85
debug +++ [Boolean] running = true
debug +++ [int] delay = 120000
debug time 13:46:37.923 :: After HeartBeat Count=86 Result=5
debug time 13:48:37.755 :: Before HeartBeat Count=87 Time=Sat Jan 28 2012 13:48:37 GMT+0100 AccountId=29131007 Session=71249a9b-6584-43b4-8031-94ac2ca1ccb3
debug ++ [int] eventPhase = 2
debug ++ [Boolean] bubbles = false
debug ++ [Boolean] cancelable = false
debug ++ [String] type = timer
debug +++ [int] repeatCount = 0
debug +++ [int] currentCount = 86
debug +++ [Boolean] running = true
debug +++ [int] delay = 120000
debug +++ [int] repeatCount = 0
debug +++ [int] currentCount = 86
debug +++ [Boolean] running = true
debug +++ [int] delay = 120000
debug time 13:48:37.951 :: After HeartBeat Count=87 Result=5
debug time 13:50:37.767 :: Before HeartBeat Count=88 Time=Sat Jan 28 2012 13:50:37 GMT+0100 AccountId=29131007 Session=71249a9b-6584-43b4-8031-94ac2ca1ccb3
debug ++ [int] eventPhase = 2
debug ++ [Boolean] bubbles = false
debug ++ [Boolean] cancelable = false
debug ++ [String] type = timer
debug +++ [int] repeatCount = 0
debug +++ [int] currentCount = 87
debug +++ [Boolean] running = true
debug +++ [int] delay = 120000
debug +++ [int] repeatCount = 0
debug +++ [int] currentCount = 87
debug +++ [Boolean] running = true
debug +++ [int] delay = 120000
debug time 13:50:38.05 :: After HeartBeat Count=88 Result=5
debug time 13:52:37.772 :: Before HeartBeat Count=89 Time=Sat Jan 28 2012 13:52:37 GMT+0100 AccountId=29131007 Session=71249a9b-6584-43b4-8031-94ac2ca1ccb3
debug ++ [int] eventPhase = 2
debug ++ [Boolean] bubbles = false
debug ++ [Boolean] cancelable = false
debug ++ [String] type = timer
debug +++ [int] repeatCount = 0
debug +++ [int] currentCount = 88
debug +++ [Boolean] running = true
debug +++ [int] delay = 120000
debug +++ [int] repeatCount = 0
debug +++ [int] currentCount = 88
debug +++ [Boolean] running = true
debug +++ [int] delay = 120000
debug time 13:52:37.996 :: After HeartBeat Count=89 Result=5
debug time 13:54:37.786 :: Before HeartBeat Count=90 Time=Sat Jan 28 2012 13:54:37 GMT+0100 AccountId=29131007 Session=71249a9b-6584-43b4-8031-94ac2ca1ccb3
debug ++ [int] eventPhase = 2
debug ++ [Boolean] bubbles = false
debug ++ [Boolean] cancelable = false
debug ++ [String] type = timer
debug +++ [int] repeatCount = 0
debug +++ [int] currentCount = 89
debug +++ [Boolean] running = true
debug +++ [int] delay = 120000
debug +++ [int] repeatCount = 0
debug +++ [int] currentCount = 89
debug +++ [Boolean] running = true
debug +++ [int] delay = 120000
debug time 13:54:37.988 :: After HeartBeat Count=90 Result=5
debug time 13:56:37.822 :: Before HeartBeat Count=91 Time=Sat Jan 28 2012 13:56:37 GMT+0100 AccountId=29131007 Session=71249a9b-6584-43b4-8031-94ac2ca1ccb3
debug ++ [int] eventPhase = 2
debug ++ [Boolean] bubbles = false
debug ++ [Boolean] cancelable = false
debug ++ [String] type = timer
debug +++ [int] repeatCount = 0
debug +++ [int] currentCount = 90
debug +++ [Boolean] running = true
debug +++ [int] delay = 120000
debug +++ [int] repeatCount = 0
debug +++ [int] currentCount = 90
debug +++ [Boolean] running = true
debug +++ [int] delay = 120000
debug time 13:56:38.17 :: After HeartBeat Count=91 Result=5
debug time 13:58:37.854 :: Before HeartBeat Count=92 Time=Sat Jan 28 2012 13:58:37 GMT+0100 AccountId=29131007 Session=71249a9b-6584-43b4-8031-94ac2ca1ccb3
debug ++ [int] eventPhase = 2
debug ++ [Boolean] bubbles = false
debug ++ [Boolean] cancelable = false
debug ++ [String] type = timer
debug +++ [int] repeatCount = 0
debug +++ [int] currentCount = 91
debug +++ [Boolean] running = true
debug +++ [int] delay = 120000
debug +++ [int] repeatCount = 0
debug +++ [int] currentCount = 91
debug +++ [Boolean] running = true
debug +++ [int] delay = 120000
debug time 13:58:38.80 :: After HeartBeat Count=92 Result=5
debug time 14:00:37.861 :: Before HeartBeat Count=93 Time=Sat Jan 28 2012 14:00:37 GMT+0100 AccountId=29131007 Session=71249a9b-6584-43b4-8031-94ac2ca1ccb3
debug ++ [int] eventPhase = 2
debug ++ [Boolean] bubbles = false
debug ++ [Boolean] cancelable = false
debug ++ [String] type = timer
debug +++ [int] repeatCount = 0
debug +++ [int] currentCount = 92
debug +++ [Boolean] running = true
debug +++ [int] delay = 120000
debug +++ [int] repeatCount = 0
debug +++ [int] currentCount = 92
debug +++ [Boolean] running = true
debug +++ [int] delay = 120000
debug time 14:00:38.50 :: After HeartBeat Count=93 Result=5
debug time 14:02:37.880 :: Before HeartBeat Count=94 Time=Sat Jan 28 2012 14:02:37 GMT+0100 AccountId=29131007 Session=71249a9b-6584-43b4-8031-94ac2ca1ccb3
debug ++ [int] eventPhase = 2
debug ++ [Boolean] bubbles = false
debug ++ [Boolean] cancelable = false
debug ++ [String] type = timer
debug +++ [int] repeatCount = 0
debug +++ [int] currentCount = 93
debug +++ [Boolean] running = true
debug +++ [int] delay = 120000
debug +++ [int] repeatCount = 0
debug +++ [int] currentCount = 93
debug +++ [Boolean] running = true
debug +++ [int] delay = 120000
debug time 14:02:38.69 :: After HeartBeat Count=94 Result=5
debug time 14:04:37.884 :: Before HeartBeat Count=95 Time=Sat Jan 28 2012 14:04:37 GMT+0100 AccountId=29131007 Session=71249a9b-6584-43b4-8031-94ac2ca1ccb3
debug ++ [int] eventPhase = 2
debug ++ [Boolean] bubbles = false
debug ++ [Boolean] cancelable = false
debug ++ [String] type = timer
debug +++ [int] repeatCount = 0
debug +++ [int] currentCount = 94
debug +++ [Boolean] running = true
debug +++ [int] delay = 120000
debug +++ [int] repeatCount = 0
debug +++ [int] currentCount = 94
debug +++ [Boolean] running = true
debug +++ [int] delay = 120000
debug time 14:04:38.93 :: After HeartBeat Count=95 Result=5
debug time 14:06:37.921 :: Before HeartBeat Count=96 Time=Sat Jan 28 2012 14:06:37 GMT+0100 AccountId=29131007 Session=71249a9b-6584-43b4-8031-94ac2ca1ccb3
debug ++ [int] eventPhase = 2
debug ++ [Boolean] bubbles = false
debug ++ [Boolean] cancelable = false
debug ++ [String] type = timer
debug +++ [int] repeatCount = 0
debug +++ [int] currentCount = 95
debug +++ [Boolean] running = true
debug +++ [int] delay = 120000
debug +++ [int] repeatCount = 0
debug +++ [int] currentCount = 95
debug +++ [Boolean] running = true
debug +++ [int] delay = 120000
debug time 14:06:38.112 :: After HeartBeat Count=96 Result=5
debug time 14:08:37.976 :: Before HeartBeat Count=97 Time=Sat Jan 28 2012 14:08:37 GMT+0100 AccountId=29131007 Session=71249a9b-6584-43b4-8031-94ac2ca1ccb3
debug ++ [int] eventPhase = 2
debug ++ [Boolean] bubbles = false
debug ++ [Boolean] cancelable = false
debug ++ [String] type = timer
debug +++ [int] repeatCount = 0
debug +++ [int] currentCount = 96
debug +++ [Boolean] running = true
debug +++ [int] delay = 120000
debug +++ [int] repeatCount = 0
debug +++ [int] currentCount = 96
debug +++ [Boolean] running = true
debug +++ [int] delay = 120000
debug time 14:08:38.202 :: After HeartBeat Count=97 Result=5
debug time 14:10:37.999 :: Before HeartBeat Count=98 Time=Sat Jan 28 2012 14:10:37 GMT+0100 AccountId=29131007 Session=71249a9b-6584-43b4-8031-94ac2ca1ccb3
debug ++ [int] eventPhase = 2
debug ++ [Boolean] bubbles = false
debug ++ [Boolean] cancelable = false
debug ++ [String] type = timer
debug +++ [int] repeatCount = 0
debug +++ [int] currentCount = 97
debug +++ [Boolean] running = true
debug +++ [int] delay = 120000
debug +++ [int] repeatCount = 0
debug +++ [int] currentCount = 97
debug +++ [Boolean] running = true
debug +++ [int] delay = 120000
debug time 14:10:38.200 :: After HeartBeat Count=98 Result=5
debug time 14:12:38.16 :: Before HeartBeat Count=99 Time=Sat Jan 28 2012 14:12:38 GMT+0100 AccountId=29131007 Session=71249a9b-6584-43b4-8031-94ac2ca1ccb3
debug ++ [int] eventPhase = 2
debug ++ [Boolean] bubbles = false
debug ++ [Boolean] cancelable = false
debug ++ [String] type = timer
debug +++ [int] repeatCount = 0
debug +++ [int] currentCount = 98
debug +++ [Boolean] running = true
debug +++ [int] delay = 120000
debug +++ [int] repeatCount = 0
debug +++ [int] currentCount = 98
debug +++ [Boolean] running = true
debug +++ [int] delay = 120000
debug time 14:12:38.207 :: After HeartBeat Count=99 Result=5
debug time 14:14:38.17 :: Before HeartBeat Count=100 Time=Sat Jan 28 2012 14:14:38 GMT+0100 AccountId=29131007 Session=71249a9b-6584-43b4-8031-94ac2ca1ccb3
debug ++ [int] eventPhase = 2
debug ++ [Boolean] bubbles = false
debug ++ [Boolean] cancelable = false
debug ++ [String] type = timer
debug +++ [int] repeatCount = 0
debug +++ [int] currentCount = 99
debug +++ [Boolean] running = true
debug +++ [int] delay = 120000
debug +++ [int] repeatCount = 0
debug +++ [int] currentCount = 99
debug +++ [Boolean] running = true
debug +++ [int] delay = 120000
debug time 14:14:38.226 :: After HeartBeat Count=100 Result=5
debug time 14:16:38.38 :: Before HeartBeat Count=101 Time=Sat Jan 28 2012 14:16:38 GMT+0100 AccountId=29131007 Session=71249a9b-6584-43b4-8031-94ac2ca1ccb3
debug ++ [int] eventPhase = 2
debug ++ [Boolean] bubbles = false
debug ++ [Boolean] cancelable = false
debug ++ [String] type = timer
debug +++ [int] repeatCount = 0
debug +++ [int] currentCount = 100
debug +++ [Boolean] running = true
debug +++ [int] delay = 120000
debug +++ [int] repeatCount = 0
debug +++ [int] currentCount = 100
debug +++ [Boolean] running = true
debug +++ [int] delay = 120000
debug time 14:16:38.230 :: After HeartBeat Count=101 Result=5
debug time 14:18:38.56 :: Before HeartBeat Count=102 Time=Sat Jan 28 2012 14:18:38 GMT+0100 AccountId=29131007 Session=71249a9b-6584-43b4-8031-94ac2ca1ccb3
debug ++ [int] eventPhase = 2
debug ++ [Boolean] bubbles = false
debug ++ [Boolean] cancelable = false
debug ++ [String] type = timer
debug +++ [int] repeatCount = 0
debug +++ [int] currentCount = 101
debug +++ [Boolean] running = true
debug +++ [int] delay = 120000
debug +++ [int] repeatCount = 0
debug +++ [int] currentCount = 101
debug +++ [Boolean] running = true
debug +++ [int] delay = 120000
debug time 14:18:38.254 :: After HeartBeat Count=102 Result=5
debug time 14:20:38.68 :: Before HeartBeat Count=103 Time=Sat Jan 28 2012 14:20:38 GMT+0100 AccountId=29131007 Session=71249a9b-6584-43b4-8031-94ac2ca1ccb3
debug ++ [int] eventPhase = 2
debug ++ [Boolean] bubbles = false
debug ++ [Boolean] cancelable = false
debug ++ [String] type = timer
debug +++ [int] repeatCount = 0
debug +++ [int] currentCount = 102
debug +++ [Boolean] running = true
debug +++ [int] delay = 120000
debug +++ [int] repeatCount = 0
debug +++ [int] currentCount = 102
debug +++ [Boolean] running = true
debug +++ [int] delay = 120000
debug time 14:20:38.264 :: After HeartBeat Count=103 Result=5
debug time 14:22:38.88 :: Before HeartBeat Count=104 Time=Sat Jan 28 2012 14:22:38 GMT+0100 AccountId=29131007 Session=71249a9b-6584-43b4-8031-94ac2ca1ccb3
debug ++ [int] eventPhase = 2
debug ++ [Boolean] bubbles = false
debug ++ [Boolean] cancelable = false
debug ++ [String] type = timer
debug +++ [int] repeatCount = 0
debug +++ [int] currentCount = 103
debug +++ [Boolean] running = true
debug +++ [int] delay = 120000
debug +++ [int] repeatCount = 0
debug +++ [int] currentCount = 103
debug +++ [Boolean] running = true
debug +++ [int] delay = 120000
debug time 14:22:38.282 :: After HeartBeat Count=104 Result=5
debug time 14:24:38.93 :: Before HeartBeat Count=105 Time=Sat Jan 28 2012 14:24:38 GMT+0100 AccountId=29131007 Session=71249a9b-6584-43b4-8031-94ac2ca1ccb3
debug ++ [int] eventPhase = 2
debug ++ [Boolean] bubbles = false
debug ++ [Boolean] cancelable = false
debug ++ [String] type = timer
debug +++ [int] repeatCount = 0
debug +++ [int] currentCount = 104
debug +++ [Boolean] running = true
debug +++ [int] delay = 120000
debug +++ [int] repeatCount = 0
debug +++ [int] currentCount = 104
debug +++ [Boolean] running = true
debug +++ [int] delay = 120000
debug time 14:24:38.286 :: After HeartBeat Count=105 Result=5
debug time 14:26:38.94 :: Before HeartBeat Count=106 Time=Sat Jan 28 2012 14:26:38 GMT+0100 AccountId=29131007 Session=71249a9b-6584-43b4-8031-94ac2ca1ccb3
debug ++ [int] eventPhase = 2
debug ++ [Boolean] bubbles = false
debug ++ [Boolean] cancelable = false
debug ++ [String] type = timer
debug +++ [int] repeatCount = 0
debug +++ [int] currentCount = 105
debug +++ [Boolean] running = true
debug +++ [int] delay = 120000
debug +++ [int] repeatCount = 0
debug +++ [int] currentCount = 105
debug +++ [Boolean] running = true
debug +++ [int] delay = 120000
debug time 14:26:38.291 :: After HeartBeat Count=106 Result=5
debug time 14:28:38.115 :: Before HeartBeat Count=107 Time=Sat Jan 28 2012 14:28:38 GMT+0100 AccountId=29131007 Session=71249a9b-6584-43b4-8031-94ac2ca1ccb3
debug ++ [int] eventPhase = 2
debug ++ [Boolean] bubbles = false
debug ++ [Boolean] cancelable = false
debug ++ [String] type = timer
debug +++ [int] repeatCount = 0
debug +++ [int] currentCount = 106
debug +++ [Boolean] running = true
debug +++ [int] delay = 120000
debug +++ [int] repeatCount = 0
debug +++ [int] currentCount = 106
debug +++ [Boolean] running = true
debug +++ [int] delay = 120000
debug time 14:28:38.307 :: After HeartBeat Count=107 Result=5
debug time 14:30:38.140 :: Before HeartBeat Count=108 Time=Sat Jan 28 2012 14:30:38 GMT+0100 AccountId=29131007 Session=71249a9b-6584-43b4-8031-94ac2ca1ccb3
debug ++ [int] eventPhase = 2
debug ++ [Boolean] bubbles = false
debug ++ [Boolean] cancelable = false
debug ++ [String] type = timer
debug +++ [int] repeatCount = 0
debug +++ [int] currentCount = 107
debug +++ [Boolean] running = true
debug +++ [int] delay = 120000
debug +++ [int] repeatCount = 0
debug +++ [int] currentCount = 107
debug +++ [Boolean] running = true
debug +++ [int] delay = 120000
debug time 14:30:38.335 :: After HeartBeat Count=108 Result=5
debug time 14:32:38.154 :: Before HeartBeat Count=109 Time=Sat Jan 28 2012 14:32:38 GMT+0100 AccountId=29131007 Session=71249a9b-6584-43b4-8031-94ac2ca1ccb3
debug ++ [int] eventPhase = 2
debug ++ [Boolean] bubbles = false
debug ++ [Boolean] cancelable = false
debug ++ [String] type = timer
debug +++ [int] repeatCount = 0
debug +++ [int] currentCount = 108
debug +++ [Boolean] running = true
debug +++ [int] delay = 120000
debug +++ [int] repeatCount = 0
debug +++ [int] currentCount = 108
debug +++ [Boolean] running = true
debug +++ [int] delay = 120000
debug time 14:32:38.351 :: After HeartBeat Count=109 Result=5
debug time 14:34:38.182 :: Before HeartBeat Count=110 Time=Sat Jan 28 2012 14:34:38 GMT+0100 AccountId=29131007 Session=71249a9b-6584-43b4-8031-94ac2ca1ccb3
debug ++ [int] eventPhase = 2
debug ++ [Boolean] bubbles = false
debug ++ [Boolean] cancelable = false
debug ++ [String] type = timer
debug +++ [int] repeatCount = 0
debug +++ [int] currentCount = 109
debug +++ [Boolean] running = true
debug +++ [int] delay = 120000
debug +++ [int] repeatCount = 0
debug +++ [int] currentCount = 109
debug +++ [Boolean] running = true
debug +++ [int] delay = 120000
debug time 14:34:38.378 :: After HeartBeat Count=110 Result=5
debug time 14:36:38.188 :: Before HeartBeat Count=111 Time=Sat Jan 28 2012 14:36:38 GMT+0100 AccountId=29131007 Session=71249a9b-6584-43b4-8031-94ac2ca1ccb3
debug ++ [int] eventPhase = 2
debug ++ [Boolean] bubbles = false
debug ++ [Boolean] cancelable = false
debug ++ [String] type = timer
debug +++ [int] repeatCount = 0
debug +++ [int] currentCount = 110
debug +++ [Boolean] running = true
debug +++ [int] delay = 120000
debug +++ [int] repeatCount = 0
debug +++ [int] currentCount = 110
debug +++ [Boolean] running = true
debug +++ [int] delay = 120000
debug time 14:36:38.384 :: After HeartBeat Count=111 Result=5
debug time 14:38:38.193 :: Before HeartBeat Count=112 Time=Sat Jan 28 2012 14:38:38 GMT+0100 AccountId=29131007 Session=71249a9b-6584-43b4-8031-94ac2ca1ccb3
debug ++ [int] eventPhase = 2
debug ++ [Boolean] bubbles = false
debug ++ [Boolean] cancelable = false
debug ++ [String] type = timer
debug +++ [int] repeatCount = 0
debug +++ [int] currentCount = 111
debug +++ [Boolean] running = true
debug +++ [int] delay = 120000
debug +++ [int] repeatCount = 0
debug +++ [int] currentCount = 111
debug +++ [Boolean] running = true
debug +++ [int] delay = 120000
debug time 14:38:38.386 :: After HeartBeat Count=112 Result=5
debug time 14:40:38.195 :: Before HeartBeat Count=113 Time=Sat Jan 28 2012 14:40:38 GMT+0100 AccountId=29131007 Session=71249a9b-6584-43b4-8031-94ac2ca1ccb3
debug ++ [int] eventPhase = 2
debug ++ [Boolean] bubbles = false
debug ++ [Boolean] cancelable = false
debug ++ [String] type = timer
debug +++ [int] repeatCount = 0
debug +++ [int] currentCount = 112
debug +++ [Boolean] running = true
debug +++ [int] delay = 120000
debug +++ [int] repeatCount = 0
debug +++ [int] currentCount = 112
debug +++ [Boolean] running = true
debug +++ [int] delay = 120000
debug time 14:40:38.389 :: After HeartBeat Count=113 Result=5
debug time 14:42:38.203 :: Before HeartBeat Count=114 Time=Sat Jan 28 2012 14:42:38 GMT+0100 AccountId=29131007 Session=71249a9b-6584-43b4-8031-94ac2ca1ccb3
debug ++ [int] eventPhase = 2
debug ++ [Boolean] bubbles = false
debug ++ [Boolean] cancelable = false
debug ++ [String] type = timer
debug +++ [int] repeatCount = 0
debug +++ [int] currentCount = 113
debug +++ [Boolean] running = true
debug +++ [int] delay = 120000
debug +++ [int] repeatCount = 0
debug +++ [int] currentCount = 113
debug +++ [Boolean] running = true
debug +++ [int] delay = 120000
debug time 14:42:38.400 :: After HeartBeat Count=114 Result=5
debug time 14:44:38.227 :: Before HeartBeat Count=115 Time=Sat Jan 28 2012 14:44:38 GMT+0100 AccountId=29131007 Session=71249a9b-6584-43b4-8031-94ac2ca1ccb3
debug ++ [int] eventPhase = 2
debug ++ [Boolean] bubbles = false
debug ++ [Boolean] cancelable = false
debug ++ [String] type = timer
debug +++ [int] repeatCount = 0
debug +++ [int] currentCount = 114
debug +++ [Boolean] running = true
debug +++ [int] delay = 120000
debug +++ [int] repeatCount = 0
debug +++ [int] currentCount = 114
debug +++ [Boolean] running = true
debug +++ [int] delay = 120000
debug time 14:44:38.431 :: After HeartBeat Count=115 Result=5
debug time 14:46:38.260 :: Before HeartBeat Count=116 Time=Sat Jan 28 2012 14:46:38 GMT+0100 AccountId=29131007 Session=71249a9b-6584-43b4-8031-94ac2ca1ccb3
debug ++ [int] eventPhase = 2
debug ++ [Boolean] bubbles = false
debug ++ [Boolean] cancelable = false
debug ++ [String] type = timer
debug +++ [int] repeatCount = 0
debug +++ [int] currentCount = 115
debug +++ [Boolean] running = true
debug +++ [int] delay = 120000
debug +++ [int] repeatCount = 0
debug +++ [int] currentCount = 115
debug +++ [Boolean] running = true
debug +++ [int] delay = 120000
debug time 14:46:38.457 :: After HeartBeat Count=116 Result=5
debug time 14:48:38.289 :: Before HeartBeat Count=117 Time=Sat Jan 28 2012 14:48:38 GMT+0100 AccountId=29131007 Session=71249a9b-6584-43b4-8031-94ac2ca1ccb3
debug ++ [int] eventPhase = 2
debug ++ [Boolean] bubbles = false
debug ++ [Boolean] cancelable = false
debug ++ [String] type = timer
debug +++ [int] repeatCount = 0
debug +++ [int] currentCount = 116
debug +++ [Boolean] running = true
debug +++ [int] delay = 120000
debug +++ [int] repeatCount = 0
debug +++ [int] currentCount = 116
debug +++ [Boolean] running = true
debug +++ [int] delay = 120000
debug time 14:48:38.484 :: After HeartBeat Count=117 Result=5
debug time 14:50:38.293 :: Before HeartBeat Count=118 Time=Sat Jan 28 2012 14:50:38 GMT+0100 AccountId=29131007 Session=71249a9b-6584-43b4-8031-94ac2ca1ccb3
debug ++ [int] eventPhase = 2
debug ++ [Boolean] bubbles = false
debug ++ [Boolean] cancelable = false
debug ++ [String] type = timer
debug +++ [int] repeatCount = 0
debug +++ [int] currentCount = 117
debug +++ [Boolean] running = true
debug +++ [int] delay = 120000
debug +++ [int] repeatCount = 0
debug +++ [int] currentCount = 117
debug +++ [Boolean] running = true
debug +++ [int] delay = 120000
debug time 14:50:38.486 :: After HeartBeat Count=118 Result=5
debug time 14:52:38.312 :: Before HeartBeat Count=119 Time=Sat Jan 28 2012 14:52:38 GMT+0100 AccountId=29131007 Session=71249a9b-6584-43b4-8031-94ac2ca1ccb3
debug ++ [int] eventPhase = 2
debug ++ [Boolean] bubbles = false
debug ++ [Boolean] cancelable = false
debug ++ [String] type = timer
debug +++ [int] repeatCount = 0
debug +++ [int] currentCount = 118
debug +++ [Boolean] running = true
debug +++ [int] delay = 120000
debug +++ [int] repeatCount = 0
debug +++ [int] currentCount = 118
debug +++ [Boolean] running = true
debug +++ [int] delay = 120000
debug time 14:52:38.506 :: After HeartBeat Count=119 Result=5
debug time 14:54:38.320 :: Before HeartBeat Count=120 Time=Sat Jan 28 2012 14:54:38 GMT+0100 AccountId=29131007 Session=71249a9b-6584-43b4-8031-94ac2ca1ccb3
debug ++ [int] eventPhase = 2
debug ++ [Boolean] bubbles = false
debug ++ [Boolean] cancelable = false
debug ++ [String] type = timer
debug +++ [int] repeatCount = 0
debug +++ [int] currentCount = 119
debug +++ [Boolean] running = true
debug +++ [int] delay = 120000
debug +++ [int] repeatCount = 0
debug +++ [int] currentCount = 119
debug +++ [Boolean] running = true
debug +++ [int] delay = 120000
debug time 14:54:38.507 :: After HeartBeat Count=120 Result=5
debug time 14:56:38.337 :: Before HeartBeat Count=121 Time=Sat Jan 28 2012 14:56:38 GMT+0100 AccountId=29131007 Session=71249a9b-6584-43b4-8031-94ac2ca1ccb3
debug ++ [int] eventPhase = 2
debug ++ [Boolean] bubbles = false
debug ++ [Boolean] cancelable = false
debug ++ [String] type = timer
debug +++ [int] repeatCount = 0
debug +++ [int] currentCount = 120
debug +++ [Boolean] running = true
debug +++ [int] delay = 120000
debug +++ [int] repeatCount = 0
debug +++ [int] currentCount = 120
debug +++ [Boolean] running = true
debug +++ [int] delay = 120000
debug time 14:56:38.533 :: After HeartBeat Count=121 Result=5
debug time 14:58:38.374 :: Before HeartBeat Count=122 Time=Sat Jan 28 2012 14:58:38 GMT+0100 AccountId=29131007 Session=71249a9b-6584-43b4-8031-94ac2ca1ccb3
debug ++ [int] eventPhase = 2
debug ++ [Boolean] bubbles = false
debug ++ [Boolean] cancelable = false
debug ++ [String] type = timer
debug +++ [int] repeatCount = 0
debug +++ [int] currentCount = 121
debug +++ [Boolean] running = true
debug +++ [int] delay = 120000
debug +++ [int] repeatCount = 0
debug +++ [int] currentCount = 121
debug +++ [Boolean] running = true
debug +++ [int] delay = 120000
debug time 14:58:38.573 :: After HeartBeat Count=122 Result=5
debug time 15:00:38.375 :: Before HeartBeat Count=123 Time=Sat Jan 28 2012 15:00:38 GMT+0100 AccountId=29131007 Session=71249a9b-6584-43b4-8031-94ac2ca1ccb3
debug ++ [int] eventPhase = 2
debug ++ [Boolean] bubbles = false
debug ++ [Boolean] cancelable = false
debug ++ [String] type = timer
debug +++ [int] repeatCount = 0
debug +++ [int] currentCount = 122
debug +++ [Boolean] running = true
debug +++ [int] delay = 120000
debug +++ [int] repeatCount = 0
debug +++ [int] currentCount = 122
debug +++ [Boolean] running = true
debug +++ [int] delay = 120000
debug time 15:00:38.569 :: After HeartBeat Count=123 Result=5
debug time 15:02:38.394 :: Before HeartBeat Count=124 Time=Sat Jan 28 2012 15:02:38 GMT+0100 AccountId=29131007 Session=71249a9b-6584-43b4-8031-94ac2ca1ccb3
debug ++ [int] eventPhase = 2
debug ++ [Boolean] bubbles = false
debug ++ [Boolean] cancelable = false
debug ++ [String] type = timer
debug +++ [int] repeatCount = 0
debug +++ [int] currentCount = 123
debug +++ [Boolean] running = true
debug +++ [int] delay = 120000
debug +++ [int] repeatCount = 0
debug +++ [int] currentCount = 123
debug +++ [Boolean] running = true
debug +++ [int] delay = 120000
debug time 15:02:38.588 :: After HeartBeat Count=124 Result=5
debug time 15:04:38.406 :: Before HeartBeat Count=125 Time=Sat Jan 28 2012 15:04:38 GMT+0100 AccountId=29131007 Session=71249a9b-6584-43b4-8031-94ac2ca1ccb3
debug ++ [int] eventPhase = 2
debug ++ [Boolean] bubbles = false
debug ++ [Boolean] cancelable = false
debug ++ [String] type = timer
debug +++ [int] repeatCount = 0
debug +++ [int] currentCount = 124
debug +++ [Boolean] running = true
debug +++ [int] delay = 120000
debug +++ [int] repeatCount = 0
debug +++ [int] currentCount = 124
debug +++ [Boolean] running = true
debug +++ [int] delay = 120000
debug time 15:04:38.701 :: After HeartBeat Count=125 Result=5
debug time 15:06:38.413 :: Before HeartBeat Count=126 Time=Sat Jan 28 2012 15:06:38 GMT+0100 AccountId=29131007 Session=71249a9b-6584-43b4-8031-94ac2ca1ccb3
debug ++ [int] eventPhase = 2
debug ++ [Boolean] bubbles = false
debug ++ [Boolean] cancelable = false
debug ++ [String] type = timer
debug +++ [int] repeatCount = 0
debug +++ [int] currentCount = 125
debug +++ [Boolean] running = true
debug +++ [int] delay = 120000
debug +++ [int] repeatCount = 0
debug +++ [int] currentCount = 125
debug +++ [Boolean] running = true
debug +++ [int] delay = 120000
debug time 15:06:38.606 :: After HeartBeat Count=126 Result=5
debug time 15:08:38.425 :: Before HeartBeat Count=127 Time=Sat Jan 28 2012 15:08:38 GMT+0100 AccountId=29131007 Session=71249a9b-6584-43b4-8031-94ac2ca1ccb3
debug ++ [int] eventPhase = 2
debug ++ [Boolean] bubbles = false
debug ++ [Boolean] cancelable = false
debug ++ [String] type = timer
debug +++ [int] repeatCount = 0
debug +++ [int] currentCount = 126
debug +++ [Boolean] running = true
debug +++ [int] delay = 120000
debug +++ [int] repeatCount = 0
debug +++ [int] currentCount = 126
debug +++ [Boolean] running = true
debug +++ [int] delay = 120000
debug time 15:08:38.623 :: After HeartBeat Count=127 Result=5
debug time 15:10:38.439 :: Before HeartBeat Count=128 Time=Sat Jan 28 2012 15:10:38 GMT+0100 AccountId=29131007 Session=71249a9b-6584-43b4-8031-94ac2ca1ccb3
debug ++ [int] eventPhase = 2
debug ++ [Boolean] bubbles = false
debug ++ [Boolean] cancelable = false
debug ++ [String] type = timer
debug +++ [int] repeatCount = 0
debug +++ [int] currentCount = 127
debug +++ [Boolean] running = true
debug +++ [int] delay = 120000
debug +++ [int] repeatCount = 0
debug +++ [int] currentCount = 127
debug +++ [Boolean] running = true
debug +++ [int] delay = 120000
debug time 15:10:38.631 :: After HeartBeat Count=128 Result=5
debug time 15:12:38.458 :: Before HeartBeat Count=129 Time=Sat Jan 28 2012 15:12:38 GMT+0100 AccountId=29131007 Session=71249a9b-6584-43b4-8031-94ac2ca1ccb3
debug ++ [int] eventPhase = 2
debug ++ [Boolean] bubbles = false
debug ++ [Boolean] cancelable = false
debug ++ [String] type = timer
debug +++ [int] repeatCount = 0
debug +++ [int] currentCount = 128
debug +++ [Boolean] running = true
debug +++ [int] delay = 120000
debug +++ [int] repeatCount = 0
debug +++ [int] currentCount = 128
debug +++ [Boolean] running = true
debug +++ [int] delay = 120000
debug time 15:12:38.650 :: After HeartBeat Count=129 Result=5
