debug time 18:40:52.853 :: Before HeartBeat Count=1 Time=Mon Nov 7 2011 18:40:52 GMT+0100 AccountId=28699575 Session=4c18b92e-60ff-4a97-b4c8-ac2d51a0a70e
STOP LOGGING: More than 0 nested objects or properties. 
debug time 18:40:53.468 :: After HeartBeat Count=1 Result=5
debug time 18:43:53.239 :: Before HeartBeat Count=2 Time=Mon Nov 7 2011 18:43:53 GMT+0100 AccountId=28699575 Session=4c18b92e-60ff-4a97-b4c8-ac2d51a0a70e
debug ++ [int] eventPhase = 2
debug ++ [Boolean] bubbles = false
debug ++ [Boolean] cancelable = false
debug ++ [String] type = timer
debug +++ [int] repeatCount = 0
debug +++ [int] currentCount = 1
debug +++ [Boolean] running = true
debug +++ [int] delay = 180000
debug +++ [int] repeatCount = 0
debug +++ [int] currentCount = 1
debug +++ [Boolean] running = true
debug +++ [int] delay = 180000
debug time 18:43:54.236 :: After HeartBeat Count=2 Result=5
debug time 18:46:53.238 :: Before HeartBeat Count=3 Time=Mon Nov 7 2011 18:46:53 GMT+0100 AccountId=28699575 Session=4c18b92e-60ff-4a97-b4c8-ac2d51a0a70e
debug ++ [int] eventPhase = 2
debug ++ [Boolean] bubbles = false
debug ++ [Boolean] cancelable = false
debug ++ [String] type = timer
debug +++ [int] repeatCount = 0
debug +++ [int] currentCount = 2
debug +++ [Boolean] running = true
debug +++ [int] delay = 180000
debug +++ [int] repeatCount = 0
debug +++ [int] currentCount = 2
debug +++ [Boolean] running = true
debug +++ [int] delay = 180000
debug time 18:46:54.235 :: After HeartBeat Count=3 Result=5
debug time 18:49:53.238 :: Before HeartBeat Count=4 Time=Mon Nov 7 2011 18:49:53 GMT+0100 AccountId=28699575 Session=4c18b92e-60ff-4a97-b4c8-ac2d51a0a70e
debug ++ [int] eventPhase = 2
debug ++ [Boolean] bubbles = false
debug ++ [Boolean] cancelable = false
debug ++ [String] type = timer
debug +++ [int] repeatCount = 0
debug +++ [int] currentCount = 3
debug +++ [Boolean] running = true
debug +++ [int] delay = 180000
debug +++ [int] repeatCount = 0
debug +++ [int] currentCount = 3
debug +++ [Boolean] running = true
debug +++ [int] delay = 180000
debug time 18:49:54.235 :: After HeartBeat Count=4 Result=5
debug time 18:52:53.239 :: Before HeartBeat Count=5 Time=Mon Nov 7 2011 18:52:53 GMT+0100 AccountId=28699575 Session=4c18b92e-60ff-4a97-b4c8-ac2d51a0a70e
debug ++ [int] eventPhase = 2
debug ++ [Boolean] bubbles = false
debug ++ [Boolean] cancelable = false
debug ++ [String] type = timer
debug +++ [int] repeatCount = 0
debug +++ [int] currentCount = 4
debug +++ [Boolean] running = true
debug +++ [int] delay = 180000
debug +++ [int] repeatCount = 0
debug +++ [int] currentCount = 4
debug +++ [Boolean] running = true
debug +++ [int] delay = 180000
debug time 18:52:54.236 :: After HeartBeat Count=5 Result=5
debug time 18:55:53.238 :: Before HeartBeat Count=6 Time=Mon Nov 7 2011 18:55:53 GMT+0100 AccountId=28699575 Session=4c18b92e-60ff-4a97-b4c8-ac2d51a0a70e
debug ++ [int] eventPhase = 2
debug ++ [Boolean] bubbles = false
debug ++ [Boolean] cancelable = false
debug ++ [String] type = timer
debug +++ [int] repeatCount = 0
debug +++ [int] currentCount = 5
debug +++ [Boolean] running = true
debug +++ [int] delay = 180000
debug +++ [int] repeatCount = 0
debug +++ [int] currentCount = 5
debug +++ [Boolean] running = true
debug +++ [int] delay = 180000
debug time 18:55:54.235 :: After HeartBeat Count=6 Result=5
debug time 18:58:53.238 :: Before HeartBeat Count=7 Time=Mon Nov 7 2011 18:58:53 GMT+0100 AccountId=28699575 Session=4c18b92e-60ff-4a97-b4c8-ac2d51a0a70e
debug ++ [int] eventPhase = 2
debug ++ [Boolean] bubbles = false
debug ++ [Boolean] cancelable = false
debug ++ [String] type = timer
debug +++ [int] repeatCount = 0
debug +++ [int] currentCount = 6
debug +++ [Boolean] running = true
debug +++ [int] delay = 180000
debug +++ [int] repeatCount = 0
debug +++ [int] currentCount = 6
debug +++ [Boolean] running = true
debug +++ [int] delay = 180000
debug time 18:58:54.235 :: After HeartBeat Count=7 Result=5
debug time 19:01:53.243 :: Before HeartBeat Count=8 Time=Mon Nov 7 2011 19:01:53 GMT+0100 AccountId=28699575 Session=4c18b92e-60ff-4a97-b4c8-ac2d51a0a70e
debug ++ [int] eventPhase = 2
debug ++ [Boolean] bubbles = false
debug ++ [Boolean] cancelable = false
debug ++ [String] type = timer
debug +++ [int] repeatCount = 0
debug +++ [int] currentCount = 7
debug +++ [Boolean] running = true
debug +++ [int] delay = 180000
debug +++ [int] repeatCount = 0
debug +++ [int] currentCount = 7
debug +++ [Boolean] running = true
debug +++ [int] delay = 180000
debug time 19:01:54.236 :: After HeartBeat Count=8 Result=5
debug time 19:04:53.243 :: Before HeartBeat Count=9 Time=Mon Nov 7 2011 19:04:53 GMT+0100 AccountId=28699575 Session=4c18b92e-60ff-4a97-b4c8-ac2d51a0a70e
debug ++ [int] eventPhase = 2
debug ++ [Boolean] bubbles = false
debug ++ [Boolean] cancelable = false
debug ++ [String] type = timer
debug +++ [int] repeatCount = 0
debug +++ [int] currentCount = 8
debug +++ [Boolean] running = true
debug +++ [int] delay = 180000
debug +++ [int] repeatCount = 0
debug +++ [int] currentCount = 8
debug +++ [Boolean] running = true
debug +++ [int] delay = 180000
debug time 19:04:54.235 :: After HeartBeat Count=9 Result=5
debug time 19:07:54.238 :: Before HeartBeat Count=10 Time=Mon Nov 7 2011 19:07:54 GMT+0100 AccountId=28699575 Session=4c18b92e-60ff-4a97-b4c8-ac2d51a0a70e
debug ++ [int] eventPhase = 2
debug ++ [Boolean] bubbles = false
debug ++ [Boolean] cancelable = false
debug ++ [String] type = timer
debug +++ [int] repeatCount = 0
debug +++ [int] currentCount = 9
debug +++ [Boolean] running = true
debug +++ [int] delay = 180000
debug +++ [int] repeatCount = 0
debug +++ [int] currentCount = 9
debug +++ [Boolean] running = true
debug +++ [int] delay = 180000
debug time 19:07:55.235 :: After HeartBeat Count=10 Result=5
debug time 19:10:35.287 :: Performing heartbeat at Mon Nov 7 2011 19:10:35 GMT+0100
debug time 19:10:54.279 :: Before HeartBeat Count=11 Time=Mon Nov 7 2011 19:10:54 GMT+0100 AccountId=28699575 Session=4c18b92e-60ff-4a97-b4c8-ac2d51a0a70e
debug ++ [int] eventPhase = 2
debug ++ [Boolean] bubbles = false
debug ++ [Boolean] cancelable = false
debug ++ [String] type = timer
debug +++ [int] repeatCount = 0
debug +++ [int] currentCount = 10
debug +++ [Boolean] running = true
debug +++ [int] delay = 180000
debug +++ [int] repeatCount = 0
debug +++ [int] currentCount = 10
debug +++ [Boolean] running = true
debug +++ [int] delay = 180000
debug time 19:10:54.496 :: After HeartBeat Count=11 Result=5
debug time 19:13:54.874 :: Before HeartBeat Count=12 Time=Mon Nov 7 2011 19:13:54 GMT+0100 AccountId=28699575 Session=4c18b92e-60ff-4a97-b4c8-ac2d51a0a70e
debug ++ [int] eventPhase = 2
debug ++ [Boolean] bubbles = false
debug ++ [Boolean] cancelable = false
debug ++ [String] type = timer
debug +++ [int] repeatCount = 0
debug +++ [int] currentCount = 11
debug +++ [Boolean] running = true
debug +++ [int] delay = 180000
debug +++ [int] repeatCount = 0
debug +++ [int] currentCount = 11
debug +++ [Boolean] running = true
debug +++ [int] delay = 180000
debug time 19:13:55.871 :: After HeartBeat Count=12 Result=5
debug time 19:16:54.873 :: Before HeartBeat Count=13 Time=Mon Nov 7 2011 19:16:54 GMT+0100 AccountId=28699575 Session=4c18b92e-60ff-4a97-b4c8-ac2d51a0a70e
debug ++ [int] eventPhase = 2
debug ++ [Boolean] bubbles = false
debug ++ [Boolean] cancelable = false
debug ++ [String] type = timer
debug +++ [int] repeatCount = 0
debug +++ [int] currentCount = 12
debug +++ [Boolean] running = true
debug +++ [int] delay = 180000
debug +++ [int] repeatCount = 0
debug +++ [int] currentCount = 12
debug +++ [Boolean] running = true
debug +++ [int] delay = 180000
debug time 19:16:55.875 :: After HeartBeat Count=13 Result=5
debug time 19:19:54.873 :: Before HeartBeat Count=14 Time=Mon Nov 7 2011 19:19:54 GMT+0100 AccountId=28699575 Session=4c18b92e-60ff-4a97-b4c8-ac2d51a0a70e
debug ++ [int] eventPhase = 2
debug ++ [Boolean] bubbles = false
debug ++ [Boolean] cancelable = false
debug ++ [String] type = timer
debug +++ [int] repeatCount = 0
debug +++ [int] currentCount = 13
debug +++ [Boolean] running = true
debug +++ [int] delay = 180000
debug +++ [int] repeatCount = 0
debug +++ [int] currentCount = 13
debug +++ [Boolean] running = true
debug +++ [int] delay = 180000
debug time 19:19:55.871 :: After HeartBeat Count=14 Result=5
debug time 19:22:54.874 :: Before HeartBeat Count=15 Time=Mon Nov 7 2011 19:22:54 GMT+0100 AccountId=28699575 Session=4c18b92e-60ff-4a97-b4c8-ac2d51a0a70e
debug ++ [int] eventPhase = 2
debug ++ [Boolean] bubbles = false
debug ++ [Boolean] cancelable = false
debug ++ [String] type = timer
debug +++ [int] repeatCount = 0
debug +++ [int] currentCount = 14
debug +++ [Boolean] running = true
debug +++ [int] delay = 180000
debug +++ [int] repeatCount = 0
debug +++ [int] currentCount = 14
debug +++ [Boolean] running = true
debug +++ [int] delay = 180000
debug time 19:22:55.871 :: After HeartBeat Count=15 Result=5
debug time 19:25:54.873 :: Before HeartBeat Count=16 Time=Mon Nov 7 2011 19:25:54 GMT+0100 AccountId=28699575 Session=4c18b92e-60ff-4a97-b4c8-ac2d51a0a70e
debug ++ [int] eventPhase = 2
debug ++ [Boolean] bubbles = false
debug ++ [Boolean] cancelable = false
debug ++ [String] type = timer
debug +++ [int] repeatCount = 0
debug +++ [int] currentCount = 15
debug +++ [Boolean] running = true
debug +++ [int] delay = 180000
debug +++ [int] repeatCount = 0
debug +++ [int] currentCount = 15
debug +++ [Boolean] running = true
debug +++ [int] delay = 180000
debug time 19:25:55.870 :: After HeartBeat Count=16 Result=5
debug time 19:28:54.873 :: Before HeartBeat Count=17 Time=Mon Nov 7 2011 19:28:54 GMT+0100 AccountId=28699575 Session=4c18b92e-60ff-4a97-b4c8-ac2d51a0a70e
debug ++ [int] eventPhase = 2
debug ++ [Boolean] bubbles = false
debug ++ [Boolean] cancelable = false
debug ++ [String] type = timer
debug +++ [int] repeatCount = 0
debug +++ [int] currentCount = 16
debug +++ [Boolean] running = true
debug +++ [int] delay = 180000
debug +++ [int] repeatCount = 0
debug +++ [int] currentCount = 16
debug +++ [Boolean] running = true
debug +++ [int] delay = 180000
debug time 19:28:55.870 :: After HeartBeat Count=17 Result=5
debug time 19:31:54.874 :: Before HeartBeat Count=18 Time=Mon Nov 7 2011 19:31:54 GMT+0100 AccountId=28699575 Session=4c18b92e-60ff-4a97-b4c8-ac2d51a0a70e
debug ++ [int] eventPhase = 2
debug ++ [Boolean] bubbles = false
debug ++ [Boolean] cancelable = false
debug ++ [String] type = timer
debug +++ [int] repeatCount = 0
debug +++ [int] currentCount = 17
debug +++ [Boolean] running = true
debug +++ [int] delay = 180000
debug +++ [int] repeatCount = 0
debug +++ [int] currentCount = 17
debug +++ [Boolean] running = true
debug +++ [int] delay = 180000
debug time 19:31:55.871 :: After HeartBeat Count=18 Result=5
debug time 19:34:54.877 :: Before HeartBeat Count=19 Time=Mon Nov 7 2011 19:34:54 GMT+0100 AccountId=28699575 Session=4c18b92e-60ff-4a97-b4c8-ac2d51a0a70e
debug ++ [int] eventPhase = 2
debug ++ [Boolean] bubbles = false
debug ++ [Boolean] cancelable = false
debug ++ [String] type = timer
debug +++ [int] repeatCount = 0
debug +++ [int] currentCount = 18
debug +++ [Boolean] running = true
debug +++ [int] delay = 180000
debug +++ [int] repeatCount = 0
debug +++ [int] currentCount = 18
debug +++ [Boolean] running = true
debug +++ [int] delay = 180000
debug time 19:34:55.870 :: After HeartBeat Count=19 Result=5
debug time 19:35:29.88 :: Performing heartbeat at Mon Nov 7 2011 19:35:29 GMT+0100
debug time 19:37:55.665 :: Before HeartBeat Count=20 Time=Mon Nov 7 2011 19:37:55 GMT+0100 AccountId=28699575 Session=4c18b92e-60ff-4a97-b4c8-ac2d51a0a70e
debug ++ [int] eventPhase = 2
debug ++ [Boolean] bubbles = false
debug ++ [Boolean] cancelable = false
debug ++ [String] type = timer
debug +++ [int] repeatCount = 0
debug +++ [int] currentCount = 19
debug +++ [Boolean] running = true
debug +++ [int] delay = 180000
debug +++ [int] repeatCount = 0
debug +++ [int] currentCount = 19
debug +++ [Boolean] running = true
debug +++ [int] delay = 180000
debug time 19:37:55.859 :: After HeartBeat Count=20 Result=5
debug time 19:40:55.681 :: Before HeartBeat Count=21 Time=Mon Nov 7 2011 19:40:55 GMT+0100 AccountId=28699575 Session=4c18b92e-60ff-4a97-b4c8-ac2d51a0a70e
debug ++ [int] eventPhase = 2
debug ++ [Boolean] bubbles = false
debug ++ [Boolean] cancelable = false
debug ++ [String] type = timer
debug +++ [int] repeatCount = 0
debug +++ [int] currentCount = 20
debug +++ [Boolean] running = true
debug +++ [int] delay = 180000
debug +++ [int] repeatCount = 0
debug +++ [int] currentCount = 20
debug +++ [Boolean] running = true
debug +++ [int] delay = 180000
debug time 19:40:56.673 :: After HeartBeat Count=21 Result=5
debug time 19:43:55.696 :: Before HeartBeat Count=22 Time=Mon Nov 7 2011 19:43:55 GMT+0100 AccountId=28699575 Session=4c18b92e-60ff-4a97-b4c8-ac2d51a0a70e
debug ++ [int] eventPhase = 2
debug ++ [Boolean] bubbles = false
debug ++ [Boolean] cancelable = false
debug ++ [String] type = timer
debug +++ [int] repeatCount = 0
debug +++ [int] currentCount = 21
debug +++ [Boolean] running = true
debug +++ [int] delay = 180000
debug +++ [int] repeatCount = 0
debug +++ [int] currentCount = 21
debug +++ [Boolean] running = true
debug +++ [int] delay = 180000
debug time 19:43:56.673 :: After HeartBeat Count=22 Result=5
debug time 19:46:56.678 :: Before HeartBeat Count=23 Time=Mon Nov 7 2011 19:46:56 GMT+0100 AccountId=28699575 Session=4c18b92e-60ff-4a97-b4c8-ac2d51a0a70e
debug ++ [int] eventPhase = 2
debug ++ [Boolean] bubbles = false
debug ++ [Boolean] cancelable = false
debug ++ [String] type = timer
debug +++ [int] repeatCount = 0
debug +++ [int] currentCount = 22
debug +++ [Boolean] running = true
debug +++ [int] delay = 180000
debug +++ [int] repeatCount = 0
debug +++ [int] currentCount = 22
debug +++ [Boolean] running = true
debug +++ [int] delay = 180000
debug time 19:46:57.674 :: After HeartBeat Count=23 Result=5
debug time 19:49:56.677 :: Before HeartBeat Count=24 Time=Mon Nov 7 2011 19:49:56 GMT+0100 AccountId=28699575 Session=4c18b92e-60ff-4a97-b4c8-ac2d51a0a70e
debug ++ [int] eventPhase = 2
debug ++ [Boolean] bubbles = false
debug ++ [Boolean] cancelable = false
debug ++ [String] type = timer
debug +++ [int] repeatCount = 0
debug +++ [int] currentCount = 23
debug +++ [Boolean] running = true
debug +++ [int] delay = 180000
debug +++ [int] repeatCount = 0
debug +++ [int] currentCount = 23
debug +++ [Boolean] running = true
debug +++ [int] delay = 180000
debug time 19:49:57.673 :: After HeartBeat Count=24 Result=5
debug time 19:52:57.676 :: Before HeartBeat Count=25 Time=Mon Nov 7 2011 19:52:57 GMT+0100 AccountId=28699575 Session=4c18b92e-60ff-4a97-b4c8-ac2d51a0a70e
debug ++ [int] eventPhase = 2
debug ++ [Boolean] bubbles = false
debug ++ [Boolean] cancelable = false
debug ++ [String] type = timer
debug +++ [int] repeatCount = 0
debug +++ [int] currentCount = 24
debug +++ [Boolean] running = true
debug +++ [int] delay = 180000
debug +++ [int] repeatCount = 0
debug +++ [int] currentCount = 24
debug +++ [Boolean] running = true
debug +++ [int] delay = 180000
debug time 19:52:58.673 :: After HeartBeat Count=25 Result=5
debug time 19:55:57.678 :: Before HeartBeat Count=26 Time=Mon Nov 7 2011 19:55:57 GMT+0100 AccountId=28699575 Session=4c18b92e-60ff-4a97-b4c8-ac2d51a0a70e
debug ++ [int] eventPhase = 2
debug ++ [Boolean] bubbles = false
debug ++ [Boolean] cancelable = false
debug ++ [String] type = timer
debug +++ [int] repeatCount = 0
debug +++ [int] currentCount = 25
debug +++ [Boolean] running = true
debug +++ [int] delay = 180000
debug +++ [int] repeatCount = 0
debug +++ [int] currentCount = 25
debug +++ [Boolean] running = true
debug +++ [int] delay = 180000
debug time 19:55:58.674 :: After HeartBeat Count=26 Result=5
debug time 19:58:58.677 :: Before HeartBeat Count=27 Time=Mon Nov 7 2011 19:58:58 GMT+0100 AccountId=28699575 Session=4c18b92e-60ff-4a97-b4c8-ac2d51a0a70e
debug ++ [int] eventPhase = 2
debug ++ [Boolean] bubbles = false
debug ++ [Boolean] cancelable = false
debug ++ [String] type = timer
debug +++ [int] repeatCount = 0
debug +++ [int] currentCount = 26
debug +++ [Boolean] running = true
debug +++ [int] delay = 180000
debug +++ [int] repeatCount = 0
debug +++ [int] currentCount = 26
debug +++ [Boolean] running = true
debug +++ [int] delay = 180000
debug time 19:58:59.673 :: After HeartBeat Count=27 Result=5
debug time 20:01:59.677 :: Before HeartBeat Count=28 Time=Mon Nov 7 2011 20:01:59 GMT+0100 AccountId=28699575 Session=4c18b92e-60ff-4a97-b4c8-ac2d51a0a70e
debug ++ [int] eventPhase = 2
debug ++ [Boolean] bubbles = false
debug ++ [Boolean] cancelable = false
debug ++ [String] type = timer
debug +++ [int] repeatCount = 0
debug +++ [int] currentCount = 27
debug +++ [Boolean] running = true
debug +++ [int] delay = 180000
debug +++ [int] repeatCount = 0
debug +++ [int] currentCount = 27
debug +++ [Boolean] running = true
debug +++ [int] delay = 180000
debug time 20:02:00.673 :: After HeartBeat Count=28 Result=5
debug time 20:05:00.678 :: Before HeartBeat Count=29 Time=Mon Nov 7 2011 20:05:00 GMT+0100 AccountId=28699575 Session=4c18b92e-60ff-4a97-b4c8-ac2d51a0a70e
debug ++ [int] eventPhase = 2
debug ++ [Boolean] bubbles = false
debug ++ [Boolean] cancelable = false
debug ++ [String] type = timer
debug +++ [int] repeatCount = 0
debug +++ [int] currentCount = 28
debug +++ [Boolean] running = true
debug +++ [int] delay = 180000
debug +++ [int] repeatCount = 0
debug +++ [int] currentCount = 28
debug +++ [Boolean] running = true
debug +++ [int] delay = 180000
debug time 20:05:01.674 :: After HeartBeat Count=29 Result=5
debug time 20:08:00.677 :: Before HeartBeat Count=30 Time=Mon Nov 7 2011 20:08:00 GMT+0100 AccountId=28699575 Session=4c18b92e-60ff-4a97-b4c8-ac2d51a0a70e
debug ++ [int] eventPhase = 2
debug ++ [Boolean] bubbles = false
debug ++ [Boolean] cancelable = false
debug ++ [String] type = timer
debug +++ [int] repeatCount = 0
debug +++ [int] currentCount = 29
debug +++ [Boolean] running = true
debug +++ [int] delay = 180000
debug +++ [int] repeatCount = 0
debug +++ [int] currentCount = 29
debug +++ [Boolean] running = true
debug +++ [int] delay = 180000
debug time 20:08:01.673 :: After HeartBeat Count=30 Result=5
debug time 20:11:00.677 :: Before HeartBeat Count=31 Time=Mon Nov 7 2011 20:11:00 GMT+0100 AccountId=28699575 Session=4c18b92e-60ff-4a97-b4c8-ac2d51a0a70e
debug ++ [int] eventPhase = 2
debug ++ [Boolean] bubbles = false
debug ++ [Boolean] cancelable = false
debug ++ [String] type = timer
debug +++ [int] repeatCount = 0
debug +++ [int] currentCount = 30
debug +++ [Boolean] running = true
debug +++ [int] delay = 180000
debug +++ [int] repeatCount = 0
debug +++ [int] currentCount = 30
debug +++ [Boolean] running = true
debug +++ [int] delay = 180000
debug time 20:11:01.673 :: After HeartBeat Count=31 Result=5
debug time 20:14:00.678 :: Before HeartBeat Count=32 Time=Mon Nov 7 2011 20:14:00 GMT+0100 AccountId=28699575 Session=4c18b92e-60ff-4a97-b4c8-ac2d51a0a70e
debug ++ [int] eventPhase = 2
debug ++ [Boolean] bubbles = false
debug ++ [Boolean] cancelable = false
debug ++ [String] type = timer
debug +++ [int] repeatCount = 0
debug +++ [int] currentCount = 31
debug +++ [Boolean] running = true
debug +++ [int] delay = 180000
debug +++ [int] repeatCount = 0
debug +++ [int] currentCount = 31
debug +++ [Boolean] running = true
debug +++ [int] delay = 180000
debug time 20:14:01.674 :: After HeartBeat Count=32 Result=5
debug time 20:17:00.677 :: Before HeartBeat Count=33 Time=Mon Nov 7 2011 20:17:00 GMT+0100 AccountId=28699575 Session=4c18b92e-60ff-4a97-b4c8-ac2d51a0a70e
debug ++ [int] eventPhase = 2
debug ++ [Boolean] bubbles = false
debug ++ [Boolean] cancelable = false
debug ++ [String] type = timer
debug +++ [int] repeatCount = 0
debug +++ [int] currentCount = 32
debug +++ [Boolean] running = true
debug +++ [int] delay = 180000
debug +++ [int] repeatCount = 0
debug +++ [int] currentCount = 32
debug +++ [Boolean] running = true
debug +++ [int] delay = 180000
debug time 20:17:01.673 :: After HeartBeat Count=33 Result=5
debug time 20:18:22.718 :: Performing heartbeat at Mon Nov 7 2011 20:18:22 GMT+0100
