debug time 18:00:17.141 :: Before HeartBeat Count=1 Time=Mon Jan 9 2012 18:00:17 GMT+0100 AccountId=29131007 Session=093fa2d9-1134-4cd1-b225-32be45365078
STOP LOGGING: More than 0 nested objects or properties. 
debug time 18:00:18.80 :: After HeartBeat Count=1 Result=5
debug time 18:02:17.191 :: Before HeartBeat Count=2 Time=Mon Jan 9 2012 18:02:17 GMT+0100 AccountId=29131007 Session=093fa2d9-1134-4cd1-b225-32be45365078
debug ++ [int] eventPhase = 2
debug ++ [Boolean] bubbles = false
debug ++ [Boolean] cancelable = false
debug ++ [String] type = timer
debug +++ [int] repeatCount = 0
debug +++ [int] currentCount = 1
debug +++ [Boolean] running = true
debug +++ [int] delay = 120000
debug +++ [int] repeatCount = 0
debug +++ [int] currentCount = 1
debug +++ [Boolean] running = true
debug +++ [int] delay = 120000
debug time 18:02:17.413 :: After HeartBeat Count=2 Result=5
debug time 18:04:18.125 :: Before HeartBeat Count=3 Time=Mon Jan 9 2012 18:04:18 GMT+0100 AccountId=29131007 Session=093fa2d9-1134-4cd1-b225-32be45365078
debug ++ [int] eventPhase = 2
debug ++ [Boolean] bubbles = false
debug ++ [Boolean] cancelable = false
debug ++ [String] type = timer
debug +++ [int] repeatCount = 0
debug +++ [int] currentCount = 2
debug +++ [Boolean] running = true
debug +++ [int] delay = 120000
debug +++ [int] repeatCount = 0
debug +++ [int] currentCount = 2
debug +++ [Boolean] running = true
debug +++ [int] delay = 120000
debug time 18:04:19.121 :: After HeartBeat Count=3 Result=5
debug time 18:06:18.125 :: Before HeartBeat Count=4 Time=Mon Jan 9 2012 18:06:18 GMT+0100 AccountId=29131007 Session=093fa2d9-1134-4cd1-b225-32be45365078
debug ++ [int] eventPhase = 2
debug ++ [Boolean] bubbles = false
debug ++ [Boolean] cancelable = false
debug ++ [String] type = timer
debug +++ [int] repeatCount = 0
debug +++ [int] currentCount = 3
debug +++ [Boolean] running = true
debug +++ [int] delay = 120000
debug +++ [int] repeatCount = 0
debug +++ [int] currentCount = 3
debug +++ [Boolean] running = true
debug +++ [int] delay = 120000
debug time 18:06:19.121 :: After HeartBeat Count=4 Result=5
debug time 18:08:18.125 :: Before HeartBeat Count=5 Time=Mon Jan 9 2012 18:08:18 GMT+0100 AccountId=29131007 Session=093fa2d9-1134-4cd1-b225-32be45365078
debug ++ [int] eventPhase = 2
debug ++ [Boolean] bubbles = false
debug ++ [Boolean] cancelable = false
debug ++ [String] type = timer
debug +++ [int] repeatCount = 0
debug +++ [int] currentCount = 4
debug +++ [Boolean] running = true
debug +++ [int] delay = 120000
debug +++ [int] repeatCount = 0
debug +++ [int] currentCount = 4
debug +++ [Boolean] running = true
debug +++ [int] delay = 120000
debug time 18:08:19.121 :: After HeartBeat Count=5 Result=5
debug time 18:10:18.126 :: Before HeartBeat Count=6 Time=Mon Jan 9 2012 18:10:18 GMT+0100 AccountId=29131007 Session=093fa2d9-1134-4cd1-b225-32be45365078
debug ++ [int] eventPhase = 2
debug ++ [Boolean] bubbles = false
debug ++ [Boolean] cancelable = false
debug ++ [String] type = timer
debug +++ [int] repeatCount = 0
debug +++ [int] currentCount = 5
debug +++ [Boolean] running = true
debug +++ [int] delay = 120000
debug +++ [int] repeatCount = 0
debug +++ [int] currentCount = 5
debug +++ [Boolean] running = true
debug +++ [int] delay = 120000
debug time 18:10:19.122 :: After HeartBeat Count=6 Result=5
debug time 18:12:18.126 :: Before HeartBeat Count=7 Time=Mon Jan 9 2012 18:12:18 GMT+0100 AccountId=29131007 Session=093fa2d9-1134-4cd1-b225-32be45365078
debug ++ [int] eventPhase = 2
debug ++ [Boolean] bubbles = false
debug ++ [Boolean] cancelable = false
debug ++ [String] type = timer
debug +++ [int] repeatCount = 0
debug +++ [int] currentCount = 6
debug +++ [Boolean] running = true
debug +++ [int] delay = 120000
debug +++ [int] repeatCount = 0
debug +++ [int] currentCount = 6
debug +++ [Boolean] running = true
debug +++ [int] delay = 120000
debug time 18:12:19.122 :: After HeartBeat Count=7 Result=5
debug time 18:14:18.126 :: Before HeartBeat Count=8 Time=Mon Jan 9 2012 18:14:18 GMT+0100 AccountId=29131007 Session=093fa2d9-1134-4cd1-b225-32be45365078
debug ++ [int] eventPhase = 2
debug ++ [Boolean] bubbles = false
debug ++ [Boolean] cancelable = false
debug ++ [String] type = timer
debug +++ [int] repeatCount = 0
debug +++ [int] currentCount = 7
debug +++ [Boolean] running = true
debug +++ [int] delay = 120000
debug +++ [int] repeatCount = 0
debug +++ [int] currentCount = 7
debug +++ [Boolean] running = true
debug +++ [int] delay = 120000
debug time 18:14:19.122 :: After HeartBeat Count=8 Result=5
debug time 18:16:19.125 :: Before HeartBeat Count=9 Time=Mon Jan 9 2012 18:16:19 GMT+0100 AccountId=29131007 Session=093fa2d9-1134-4cd1-b225-32be45365078
debug ++ [int] eventPhase = 2
debug ++ [Boolean] bubbles = false
debug ++ [Boolean] cancelable = false
debug ++ [String] type = timer
debug +++ [int] repeatCount = 0
debug +++ [int] currentCount = 8
debug +++ [Boolean] running = true
debug +++ [int] delay = 120000
debug +++ [int] repeatCount = 0
debug +++ [int] currentCount = 8
debug +++ [Boolean] running = true
debug +++ [int] delay = 120000
debug time 18:16:20.122 :: After HeartBeat Count=9 Result=5
debug time 18:18:19.125 :: Before HeartBeat Count=10 Time=Mon Jan 9 2012 18:18:19 GMT+0100 AccountId=29131007 Session=093fa2d9-1134-4cd1-b225-32be45365078
debug ++ [int] eventPhase = 2
debug ++ [Boolean] bubbles = false
debug ++ [Boolean] cancelable = false
debug ++ [String] type = timer
debug +++ [int] repeatCount = 0
debug +++ [int] currentCount = 9
debug +++ [Boolean] running = true
debug +++ [int] delay = 120000
debug +++ [int] repeatCount = 0
debug +++ [int] currentCount = 9
debug +++ [Boolean] running = true
debug +++ [int] delay = 120000
debug time 18:18:20.122 :: After HeartBeat Count=10 Result=5
debug time 18:20:19.127 :: Before HeartBeat Count=11 Time=Mon Jan 9 2012 18:20:19 GMT+0100 AccountId=29131007 Session=093fa2d9-1134-4cd1-b225-32be45365078
debug ++ [int] eventPhase = 2
debug ++ [Boolean] bubbles = false
debug ++ [Boolean] cancelable = false
debug ++ [String] type = timer
debug +++ [int] repeatCount = 0
debug +++ [int] currentCount = 10
debug +++ [Boolean] running = true
debug +++ [int] delay = 120000
debug +++ [int] repeatCount = 0
debug +++ [int] currentCount = 10
debug +++ [Boolean] running = true
debug +++ [int] delay = 120000
debug time 18:20:20.121 :: After HeartBeat Count=11 Result=5
debug time 18:22:20.125 :: Before HeartBeat Count=12 Time=Mon Jan 9 2012 18:22:20 GMT+0100 AccountId=29131007 Session=093fa2d9-1134-4cd1-b225-32be45365078
debug ++ [int] eventPhase = 2
debug ++ [Boolean] bubbles = false
debug ++ [Boolean] cancelable = false
debug ++ [String] type = timer
debug +++ [int] repeatCount = 0
debug +++ [int] currentCount = 11
debug +++ [Boolean] running = true
debug +++ [int] delay = 120000
debug +++ [int] repeatCount = 0
debug +++ [int] currentCount = 11
debug +++ [Boolean] running = true
debug +++ [int] delay = 120000
debug time 18:22:21.121 :: After HeartBeat Count=12 Result=5
debug time 18:24:20.125 :: Before HeartBeat Count=13 Time=Mon Jan 9 2012 18:24:20 GMT+0100 AccountId=29131007 Session=093fa2d9-1134-4cd1-b225-32be45365078
debug ++ [int] eventPhase = 2
debug ++ [Boolean] bubbles = false
debug ++ [Boolean] cancelable = false
debug ++ [String] type = timer
debug +++ [int] repeatCount = 0
debug +++ [int] currentCount = 12
debug +++ [Boolean] running = true
debug +++ [int] delay = 120000
debug +++ [int] repeatCount = 0
debug +++ [int] currentCount = 12
debug +++ [Boolean] running = true
debug +++ [int] delay = 120000
debug time 18:24:21.121 :: After HeartBeat Count=13 Result=5
debug time 18:26:20.126 :: Before HeartBeat Count=14 Time=Mon Jan 9 2012 18:26:20 GMT+0100 AccountId=29131007 Session=093fa2d9-1134-4cd1-b225-32be45365078
debug ++ [int] eventPhase = 2
debug ++ [Boolean] bubbles = false
debug ++ [Boolean] cancelable = false
debug ++ [String] type = timer
debug +++ [int] repeatCount = 0
debug +++ [int] currentCount = 13
debug +++ [Boolean] running = true
debug +++ [int] delay = 120000
debug +++ [int] repeatCount = 0
debug +++ [int] currentCount = 13
debug +++ [Boolean] running = true
debug +++ [int] delay = 120000
debug time 18:26:21.122 :: After HeartBeat Count=14 Result=5
debug time 18:28:20.126 :: Before HeartBeat Count=15 Time=Mon Jan 9 2012 18:28:20 GMT+0100 AccountId=29131007 Session=093fa2d9-1134-4cd1-b225-32be45365078
debug ++ [int] eventPhase = 2
debug ++ [Boolean] bubbles = false
debug ++ [Boolean] cancelable = false
debug ++ [String] type = timer
debug +++ [int] repeatCount = 0
debug +++ [int] currentCount = 14
debug +++ [Boolean] running = true
debug +++ [int] delay = 120000
debug +++ [int] repeatCount = 0
debug +++ [int] currentCount = 14
debug +++ [Boolean] running = true
debug +++ [int] delay = 120000
debug time 18:28:21.122 :: After HeartBeat Count=15 Result=5
debug time 18:30:21.125 :: Before HeartBeat Count=16 Time=Mon Jan 9 2012 18:30:21 GMT+0100 AccountId=29131007 Session=093fa2d9-1134-4cd1-b225-32be45365078
debug ++ [int] eventPhase = 2
debug ++ [Boolean] bubbles = false
debug ++ [Boolean] cancelable = false
debug ++ [String] type = timer
debug +++ [int] repeatCount = 0
debug +++ [int] currentCount = 15
debug +++ [Boolean] running = true
debug +++ [int] delay = 120000
debug +++ [int] repeatCount = 0
debug +++ [int] currentCount = 15
debug +++ [Boolean] running = true
debug +++ [int] delay = 120000
debug time 18:30:22.122 :: After HeartBeat Count=16 Result=5
debug time 18:32:21.125 :: Before HeartBeat Count=17 Time=Mon Jan 9 2012 18:32:21 GMT+0100 AccountId=29131007 Session=093fa2d9-1134-4cd1-b225-32be45365078
debug ++ [int] eventPhase = 2
debug ++ [Boolean] bubbles = false
debug ++ [Boolean] cancelable = false
debug ++ [String] type = timer
debug +++ [int] repeatCount = 0
debug +++ [int] currentCount = 16
debug +++ [Boolean] running = true
debug +++ [int] delay = 120000
debug +++ [int] repeatCount = 0
debug +++ [int] currentCount = 16
debug +++ [Boolean] running = true
debug +++ [int] delay = 120000
debug time 18:32:22.122 :: After HeartBeat Count=17 Result=5
debug time 18:34:21.125 :: Before HeartBeat Count=18 Time=Mon Jan 9 2012 18:34:21 GMT+0100 AccountId=29131007 Session=093fa2d9-1134-4cd1-b225-32be45365078
debug ++ [int] eventPhase = 2
debug ++ [Boolean] bubbles = false
debug ++ [Boolean] cancelable = false
debug ++ [String] type = timer
debug +++ [int] repeatCount = 0
debug +++ [int] currentCount = 17
debug +++ [Boolean] running = true
debug +++ [int] delay = 120000
debug +++ [int] repeatCount = 0
debug +++ [int] currentCount = 17
debug +++ [Boolean] running = true
debug +++ [int] delay = 120000
debug time 18:34:22.122 :: After HeartBeat Count=18 Result=5
debug time 18:36:21.124 :: Before HeartBeat Count=19 Time=Mon Jan 9 2012 18:36:21 GMT+0100 AccountId=29131007 Session=093fa2d9-1134-4cd1-b225-32be45365078
debug ++ [int] eventPhase = 2
debug ++ [Boolean] bubbles = false
debug ++ [Boolean] cancelable = false
debug ++ [String] type = timer
debug +++ [int] repeatCount = 0
debug +++ [int] currentCount = 18
debug +++ [Boolean] running = true
debug +++ [int] delay = 120000
debug +++ [int] repeatCount = 0
debug +++ [int] currentCount = 18
debug +++ [Boolean] running = true
debug +++ [int] delay = 120000
debug time 18:36:22.121 :: After HeartBeat Count=19 Result=5
debug time 18:38:21.125 :: Before HeartBeat Count=20 Time=Mon Jan 9 2012 18:38:21 GMT+0100 AccountId=29131007 Session=093fa2d9-1134-4cd1-b225-32be45365078
debug ++ [int] eventPhase = 2
debug ++ [Boolean] bubbles = false
debug ++ [Boolean] cancelable = false
debug ++ [String] type = timer
debug +++ [int] repeatCount = 0
debug +++ [int] currentCount = 19
debug +++ [Boolean] running = true
debug +++ [int] delay = 120000
debug +++ [int] repeatCount = 0
debug +++ [int] currentCount = 19
debug +++ [Boolean] running = true
debug +++ [int] delay = 120000
debug time 18:38:22.121 :: After HeartBeat Count=20 Result=5
debug time 18:40:21.125 :: Before HeartBeat Count=21 Time=Mon Jan 9 2012 18:40:21 GMT+0100 AccountId=29131007 Session=093fa2d9-1134-4cd1-b225-32be45365078
debug ++ [int] eventPhase = 2
debug ++ [Boolean] bubbles = false
debug ++ [Boolean] cancelable = false
debug ++ [String] type = timer
debug +++ [int] repeatCount = 0
debug +++ [int] currentCount = 20
debug +++ [Boolean] running = true
debug +++ [int] delay = 120000
debug +++ [int] repeatCount = 0
debug +++ [int] currentCount = 20
debug +++ [Boolean] running = true
debug +++ [int] delay = 120000
debug time 18:40:22.121 :: After HeartBeat Count=21 Result=5
debug time 18:42:22.125 :: Before HeartBeat Count=22 Time=Mon Jan 9 2012 18:42:22 GMT+0100 AccountId=29131007 Session=093fa2d9-1134-4cd1-b225-32be45365078
debug ++ [int] eventPhase = 2
debug ++ [Boolean] bubbles = false
debug ++ [Boolean] cancelable = false
debug ++ [String] type = timer
debug +++ [int] repeatCount = 0
debug +++ [int] currentCount = 21
debug +++ [Boolean] running = true
debug +++ [int] delay = 120000
debug +++ [int] repeatCount = 0
debug +++ [int] currentCount = 21
debug +++ [Boolean] running = true
debug +++ [int] delay = 120000
debug time 18:42:23.122 :: After HeartBeat Count=22 Result=5
debug time 18:42:33.340 :: Performing heartbeat at Mon Jan 9 2012 18:42:33 GMT+0100
debug time 18:44:22.163 :: Before HeartBeat Count=23 Time=Mon Jan 9 2012 18:44:22 GMT+0100 AccountId=29131007 Session=093fa2d9-1134-4cd1-b225-32be45365078
debug ++ [int] eventPhase = 2
debug ++ [Boolean] bubbles = false
debug ++ [Boolean] cancelable = false
debug ++ [String] type = timer
debug +++ [int] repeatCount = 0
debug +++ [int] currentCount = 22
debug +++ [Boolean] running = true
debug +++ [int] delay = 120000
debug +++ [int] repeatCount = 0
debug +++ [int] currentCount = 22
debug +++ [Boolean] running = true
debug +++ [int] delay = 120000
debug time 18:44:22.363 :: After HeartBeat Count=23 Result=5
debug time 18:46:22.810 :: Before HeartBeat Count=24 Time=Mon Jan 9 2012 18:46:22 GMT+0100 AccountId=29131007 Session=093fa2d9-1134-4cd1-b225-32be45365078
debug ++ [int] eventPhase = 2
debug ++ [Boolean] bubbles = false
debug ++ [Boolean] cancelable = false
debug ++ [String] type = timer
debug +++ [int] repeatCount = 0
debug +++ [int] currentCount = 23
debug +++ [Boolean] running = true
debug +++ [int] delay = 120000
debug +++ [int] repeatCount = 0
debug +++ [int] currentCount = 23
debug +++ [Boolean] running = true
debug +++ [int] delay = 120000
debug time 18:46:23.792 :: After HeartBeat Count=24 Result=5
debug time 18:48:23.796 :: Before HeartBeat Count=25 Time=Mon Jan 9 2012 18:48:23 GMT+0100 AccountId=29131007 Session=093fa2d9-1134-4cd1-b225-32be45365078
debug ++ [int] eventPhase = 2
debug ++ [Boolean] bubbles = false
debug ++ [Boolean] cancelable = false
debug ++ [String] type = timer
debug +++ [int] repeatCount = 0
debug +++ [int] currentCount = 24
debug +++ [Boolean] running = true
debug +++ [int] delay = 120000
debug +++ [int] repeatCount = 0
debug +++ [int] currentCount = 24
debug +++ [Boolean] running = true
debug +++ [int] delay = 120000
debug time 18:48:24.792 :: After HeartBeat Count=25 Result=5
debug time 18:50:23.819 :: Before HeartBeat Count=26 Time=Mon Jan 9 2012 18:50:23 GMT+0100 AccountId=29131007 Session=093fa2d9-1134-4cd1-b225-32be45365078
debug ++ [int] eventPhase = 2
debug ++ [Boolean] bubbles = false
debug ++ [Boolean] cancelable = false
debug ++ [String] type = timer
debug +++ [int] repeatCount = 0
debug +++ [int] currentCount = 25
debug +++ [Boolean] running = true
debug +++ [int] delay = 120000
debug +++ [int] repeatCount = 0
debug +++ [int] currentCount = 25
debug +++ [Boolean] running = true
debug +++ [int] delay = 120000
debug time 18:50:24.797 :: After HeartBeat Count=26 Result=5
debug time 18:52:24.795 :: Before HeartBeat Count=27 Time=Mon Jan 9 2012 18:52:24 GMT+0100 AccountId=29131007 Session=093fa2d9-1134-4cd1-b225-32be45365078
debug ++ [int] eventPhase = 2
debug ++ [Boolean] bubbles = false
debug ++ [Boolean] cancelable = false
debug ++ [String] type = timer
debug +++ [int] repeatCount = 0
debug +++ [int] currentCount = 26
debug +++ [Boolean] running = true
debug +++ [int] delay = 120000
debug +++ [int] repeatCount = 0
debug +++ [int] currentCount = 26
debug +++ [Boolean] running = true
debug +++ [int] delay = 120000
debug time 18:52:25.792 :: After HeartBeat Count=27 Result=5
debug time 18:54:24.813 :: Before HeartBeat Count=28 Time=Mon Jan 9 2012 18:54:24 GMT+0100 AccountId=29131007 Session=093fa2d9-1134-4cd1-b225-32be45365078
debug ++ [int] eventPhase = 2
debug ++ [Boolean] bubbles = false
debug ++ [Boolean] cancelable = false
debug ++ [String] type = timer
debug +++ [int] repeatCount = 0
debug +++ [int] currentCount = 27
debug +++ [Boolean] running = true
debug +++ [int] delay = 120000
debug +++ [int] repeatCount = 0
debug +++ [int] currentCount = 27
debug +++ [Boolean] running = true
debug +++ [int] delay = 120000
debug time 18:54:25.791 :: After HeartBeat Count=28 Result=5
debug time 18:56:25.794 :: Before HeartBeat Count=29 Time=Mon Jan 9 2012 18:56:25 GMT+0100 AccountId=29131007 Session=093fa2d9-1134-4cd1-b225-32be45365078
debug ++ [int] eventPhase = 2
debug ++ [Boolean] bubbles = false
debug ++ [Boolean] cancelable = false
debug ++ [String] type = timer
debug +++ [int] repeatCount = 0
debug +++ [int] currentCount = 28
debug +++ [Boolean] running = true
debug +++ [int] delay = 120000
debug +++ [int] repeatCount = 0
debug +++ [int] currentCount = 28
debug +++ [Boolean] running = true
debug +++ [int] delay = 120000
debug time 18:56:26.791 :: After HeartBeat Count=29 Result=5
debug time 18:58:25.795 :: Before HeartBeat Count=30 Time=Mon Jan 9 2012 18:58:25 GMT+0100 AccountId=29131007 Session=093fa2d9-1134-4cd1-b225-32be45365078
debug ++ [int] eventPhase = 2
debug ++ [Boolean] bubbles = false
debug ++ [Boolean] cancelable = false
debug ++ [String] type = timer
debug +++ [int] repeatCount = 0
debug +++ [int] currentCount = 29
debug +++ [Boolean] running = true
debug +++ [int] delay = 120000
debug +++ [int] repeatCount = 0
debug +++ [int] currentCount = 29
debug +++ [Boolean] running = true
debug +++ [int] delay = 120000
debug time 18:58:26.791 :: After HeartBeat Count=30 Result=5
debug time 19:00:25.821 :: Before HeartBeat Count=31 Time=Mon Jan 9 2012 19:00:25 GMT+0100 AccountId=29131007 Session=093fa2d9-1134-4cd1-b225-32be45365078
debug ++ [int] eventPhase = 2
debug ++ [Boolean] bubbles = false
debug ++ [Boolean] cancelable = false
debug ++ [String] type = timer
debug +++ [int] repeatCount = 0
debug +++ [int] currentCount = 30
debug +++ [Boolean] running = true
debug +++ [int] delay = 120000
debug +++ [int] repeatCount = 0
debug +++ [int] currentCount = 30
debug +++ [Boolean] running = true
debug +++ [int] delay = 120000
debug time 19:00:26.792 :: After HeartBeat Count=31 Result=5
debug time 19:02:26.808 :: Before HeartBeat Count=32 Time=Mon Jan 9 2012 19:02:26 GMT+0100 AccountId=29131007 Session=093fa2d9-1134-4cd1-b225-32be45365078
debug ++ [int] eventPhase = 2
debug ++ [Boolean] bubbles = false
debug ++ [Boolean] cancelable = false
debug ++ [String] type = timer
debug +++ [int] repeatCount = 0
debug +++ [int] currentCount = 31
debug +++ [Boolean] running = true
debug +++ [int] delay = 120000
debug +++ [int] repeatCount = 0
debug +++ [int] currentCount = 31
debug +++ [Boolean] running = true
debug +++ [int] delay = 120000
debug time 19:02:27.792 :: After HeartBeat Count=32 Result=5
debug time 19:04:27.796 :: Before HeartBeat Count=33 Time=Mon Jan 9 2012 19:04:27 GMT+0100 AccountId=29131007 Session=093fa2d9-1134-4cd1-b225-32be45365078
debug ++ [int] eventPhase = 2
debug ++ [Boolean] bubbles = false
debug ++ [Boolean] cancelable = false
debug ++ [String] type = timer
debug +++ [int] repeatCount = 0
debug +++ [int] currentCount = 32
debug +++ [Boolean] running = true
debug +++ [int] delay = 120000
debug +++ [int] repeatCount = 0
debug +++ [int] currentCount = 32
debug +++ [Boolean] running = true
debug +++ [int] delay = 120000
debug time 19:04:28.792 :: After HeartBeat Count=33 Result=5
debug time 19:06:27.796 :: Before HeartBeat Count=34 Time=Mon Jan 9 2012 19:06:27 GMT+0100 AccountId=29131007 Session=093fa2d9-1134-4cd1-b225-32be45365078
debug ++ [int] eventPhase = 2
debug ++ [Boolean] bubbles = false
debug ++ [Boolean] cancelable = false
debug ++ [String] type = timer
debug +++ [int] repeatCount = 0
debug +++ [int] currentCount = 33
debug +++ [Boolean] running = true
debug +++ [int] delay = 120000
debug +++ [int] repeatCount = 0
debug +++ [int] currentCount = 33
debug +++ [Boolean] running = true
debug +++ [int] delay = 120000
debug time 19:06:28.792 :: After HeartBeat Count=34 Result=5
debug time 19:08:27.796 :: Before HeartBeat Count=35 Time=Mon Jan 9 2012 19:08:27 GMT+0100 AccountId=29131007 Session=093fa2d9-1134-4cd1-b225-32be45365078
debug ++ [int] eventPhase = 2
debug ++ [Boolean] bubbles = false
debug ++ [Boolean] cancelable = false
debug ++ [String] type = timer
debug +++ [int] repeatCount = 0
debug +++ [int] currentCount = 34
debug +++ [Boolean] running = true
debug +++ [int] delay = 120000
debug +++ [int] repeatCount = 0
debug +++ [int] currentCount = 34
debug +++ [Boolean] running = true
debug +++ [int] delay = 120000
debug time 19:08:28.792 :: After HeartBeat Count=35 Result=5
debug time 19:10:28.795 :: Before HeartBeat Count=36 Time=Mon Jan 9 2012 19:10:28 GMT+0100 AccountId=29131007 Session=093fa2d9-1134-4cd1-b225-32be45365078
debug ++ [int] eventPhase = 2
debug ++ [Boolean] bubbles = false
debug ++ [Boolean] cancelable = false
debug ++ [String] type = timer
debug +++ [int] repeatCount = 0
debug +++ [int] currentCount = 35
debug +++ [Boolean] running = true
debug +++ [int] delay = 120000
debug +++ [int] repeatCount = 0
debug +++ [int] currentCount = 35
debug +++ [Boolean] running = true
debug +++ [int] delay = 120000
debug time 19:10:29.792 :: After HeartBeat Count=36 Result=5
debug time 19:12:28.794 :: Before HeartBeat Count=37 Time=Mon Jan 9 2012 19:12:28 GMT+0100 AccountId=29131007 Session=093fa2d9-1134-4cd1-b225-32be45365078
debug ++ [int] eventPhase = 2
debug ++ [Boolean] bubbles = false
debug ++ [Boolean] cancelable = false
debug ++ [String] type = timer
debug +++ [int] repeatCount = 0
debug +++ [int] currentCount = 36
debug +++ [Boolean] running = true
debug +++ [int] delay = 120000
debug +++ [int] repeatCount = 0
debug +++ [int] currentCount = 36
debug +++ [Boolean] running = true
debug +++ [int] delay = 120000
debug time 19:12:29.791 :: After HeartBeat Count=37 Result=5
debug time 19:14:28.815 :: Before HeartBeat Count=38 Time=Mon Jan 9 2012 19:14:28 GMT+0100 AccountId=29131007 Session=093fa2d9-1134-4cd1-b225-32be45365078
debug ++ [int] eventPhase = 2
debug ++ [Boolean] bubbles = false
debug ++ [Boolean] cancelable = false
debug ++ [String] type = timer
debug +++ [int] repeatCount = 0
debug +++ [int] currentCount = 37
debug +++ [Boolean] running = true
debug +++ [int] delay = 120000
debug +++ [int] repeatCount = 0
debug +++ [int] currentCount = 37
debug +++ [Boolean] running = true
debug +++ [int] delay = 120000
debug time 19:14:29.791 :: After HeartBeat Count=38 Result=5
debug time 19:16:29.818 :: Before HeartBeat Count=39 Time=Mon Jan 9 2012 19:16:29 GMT+0100 AccountId=29131007 Session=093fa2d9-1134-4cd1-b225-32be45365078
debug ++ [int] eventPhase = 2
debug ++ [Boolean] bubbles = false
debug ++ [Boolean] cancelable = false
debug ++ [String] type = timer
debug +++ [int] repeatCount = 0
debug +++ [int] currentCount = 38
debug +++ [Boolean] running = true
debug +++ [int] delay = 120000
debug +++ [int] repeatCount = 0
debug +++ [int] currentCount = 38
debug +++ [Boolean] running = true
debug +++ [int] delay = 120000
debug time 19:16:30.796 :: After HeartBeat Count=39 Result=5
debug time 19:18:30.795 :: Before HeartBeat Count=40 Time=Mon Jan 9 2012 19:18:30 GMT+0100 AccountId=29131007 Session=093fa2d9-1134-4cd1-b225-32be45365078
debug ++ [int] eventPhase = 2
debug ++ [Boolean] bubbles = false
debug ++ [Boolean] cancelable = false
debug ++ [String] type = timer
debug +++ [int] repeatCount = 0
debug +++ [int] currentCount = 39
debug +++ [Boolean] running = true
debug +++ [int] delay = 120000
debug +++ [int] repeatCount = 0
debug +++ [int] currentCount = 39
debug +++ [Boolean] running = true
debug +++ [int] delay = 120000
debug time 19:18:31.791 :: After HeartBeat Count=40 Result=5
debug time 19:20:31.796 :: Before HeartBeat Count=41 Time=Mon Jan 9 2012 19:20:31 GMT+0100 AccountId=29131007 Session=093fa2d9-1134-4cd1-b225-32be45365078
debug ++ [int] eventPhase = 2
debug ++ [Boolean] bubbles = false
debug ++ [Boolean] cancelable = false
debug ++ [String] type = timer
debug +++ [int] repeatCount = 0
debug +++ [int] currentCount = 40
debug +++ [Boolean] running = true
debug +++ [int] delay = 120000
debug +++ [int] repeatCount = 0
debug +++ [int] currentCount = 40
debug +++ [Boolean] running = true
debug +++ [int] delay = 120000
debug time 19:20:32.792 :: After HeartBeat Count=41 Result=5
debug time 19:22:32.795 :: Before HeartBeat Count=42 Time=Mon Jan 9 2012 19:22:32 GMT+0100 AccountId=29131007 Session=093fa2d9-1134-4cd1-b225-32be45365078
debug ++ [int] eventPhase = 2
debug ++ [Boolean] bubbles = false
debug ++ [Boolean] cancelable = false
debug ++ [String] type = timer
debug +++ [int] repeatCount = 0
debug +++ [int] currentCount = 41
debug +++ [Boolean] running = true
debug +++ [int] delay = 120000
debug +++ [int] repeatCount = 0
debug +++ [int] currentCount = 41
debug +++ [Boolean] running = true
debug +++ [int] delay = 120000
debug time 19:22:33.792 :: After HeartBeat Count=42 Result=5
debug time 19:24:32.795 :: Before HeartBeat Count=43 Time=Mon Jan 9 2012 19:24:32 GMT+0100 AccountId=29131007 Session=093fa2d9-1134-4cd1-b225-32be45365078
debug ++ [int] eventPhase = 2
debug ++ [Boolean] bubbles = false
debug ++ [Boolean] cancelable = false
debug ++ [String] type = timer
debug +++ [int] repeatCount = 0
debug +++ [int] currentCount = 42
debug +++ [Boolean] running = true
debug +++ [int] delay = 120000
debug +++ [int] repeatCount = 0
debug +++ [int] currentCount = 42
debug +++ [Boolean] running = true
debug +++ [int] delay = 120000
debug time 19:24:33.792 :: After HeartBeat Count=43 Result=5
debug time 19:26:32.795 :: Before HeartBeat Count=44 Time=Mon Jan 9 2012 19:26:32 GMT+0100 AccountId=29131007 Session=093fa2d9-1134-4cd1-b225-32be45365078
debug ++ [int] eventPhase = 2
debug ++ [Boolean] bubbles = false
debug ++ [Boolean] cancelable = false
debug ++ [String] type = timer
debug +++ [int] repeatCount = 0
debug +++ [int] currentCount = 43
debug +++ [Boolean] running = true
debug +++ [int] delay = 120000
debug +++ [int] repeatCount = 0
debug +++ [int] currentCount = 43
debug +++ [Boolean] running = true
debug +++ [int] delay = 120000
debug time 19:26:33.792 :: After HeartBeat Count=44 Result=5
debug time 19:28:32.810 :: Before HeartBeat Count=45 Time=Mon Jan 9 2012 19:28:32 GMT+0100 AccountId=29131007 Session=093fa2d9-1134-4cd1-b225-32be45365078
debug ++ [int] eventPhase = 2
debug ++ [Boolean] bubbles = false
debug ++ [Boolean] cancelable = false
debug ++ [String] type = timer
debug +++ [int] repeatCount = 0
debug +++ [int] currentCount = 44
debug +++ [Boolean] running = true
debug +++ [int] delay = 120000
debug +++ [int] repeatCount = 0
debug +++ [int] currentCount = 44
debug +++ [Boolean] running = true
debug +++ [int] delay = 120000
debug time 19:28:33.797 :: After HeartBeat Count=45 Result=5
debug time 19:30:33.795 :: Before HeartBeat Count=46 Time=Mon Jan 9 2012 19:30:33 GMT+0100 AccountId=29131007 Session=093fa2d9-1134-4cd1-b225-32be45365078
debug ++ [int] eventPhase = 2
debug ++ [Boolean] bubbles = false
debug ++ [Boolean] cancelable = false
debug ++ [String] type = timer
debug +++ [int] repeatCount = 0
debug +++ [int] currentCount = 45
debug +++ [Boolean] running = true
debug +++ [int] delay = 120000
debug +++ [int] repeatCount = 0
debug +++ [int] currentCount = 45
debug +++ [Boolean] running = true
debug +++ [int] delay = 120000
debug time 19:30:34.792 :: After HeartBeat Count=46 Result=5
debug time 19:31:34.64 :: Performing heartbeat at Mon Jan 9 2012 19:31:34 GMT+0100
