debug time 17:12:56.426 :: Before HeartBeat Count=1 Time=Wed Feb 8 2012 17:12:56 GMT+0100 AccountId=29131007 Session=8d6c8805-f759-46db-809c-60957ea845a0
STOP LOGGING: More than 0 nested objects or properties. 
debug time 17:12:58.288 :: After HeartBeat Count=1 Result=5
debug time 17:14:56.456 :: Before HeartBeat Count=2 Time=Wed Feb 8 2012 17:14:56 GMT+0100 AccountId=29131007 Session=8d6c8805-f759-46db-809c-60957ea845a0
debug ++ [int] eventPhase = 2
debug ++ [Boolean] bubbles = false
debug ++ [Boolean] cancelable = false
debug ++ [String] type = timer
debug +++ [int] repeatCount = 0
debug +++ [int] currentCount = 1
debug +++ [Boolean] running = true
debug +++ [int] delay = 120000
debug +++ [int] repeatCount = 0
debug +++ [int] currentCount = 1
debug +++ [Boolean] running = true
debug +++ [int] delay = 120000
debug time 17:14:56.648 :: After HeartBeat Count=2 Result=5
debug time 17:16:56.987 :: Before HeartBeat Count=3 Time=Wed Feb 8 2012 17:16:56 GMT+0100 AccountId=29131007 Session=8d6c8805-f759-46db-809c-60957ea845a0
debug ++ [int] eventPhase = 2
debug ++ [Boolean] bubbles = false
debug ++ [Boolean] cancelable = false
debug ++ [String] type = timer
debug +++ [int] repeatCount = 0
debug +++ [int] currentCount = 2
debug +++ [Boolean] running = true
debug +++ [int] delay = 120000
debug +++ [int] repeatCount = 0
debug +++ [int] currentCount = 2
debug +++ [Boolean] running = true
debug +++ [int] delay = 120000
debug time 17:16:57.984 :: After HeartBeat Count=3 Result=5
debug time 17:18:56.991 :: Before HeartBeat Count=4 Time=Wed Feb 8 2012 17:18:56 GMT+0100 AccountId=29131007 Session=8d6c8805-f759-46db-809c-60957ea845a0
debug ++ [int] eventPhase = 2
debug ++ [Boolean] bubbles = false
debug ++ [Boolean] cancelable = false
debug ++ [String] type = timer
debug +++ [int] repeatCount = 0
debug +++ [int] currentCount = 3
debug +++ [Boolean] running = true
debug +++ [int] delay = 120000
debug +++ [int] repeatCount = 0
debug +++ [int] currentCount = 3
debug +++ [Boolean] running = true
debug +++ [int] delay = 120000
debug time 17:18:57.984 :: After HeartBeat Count=4 Result=5
debug time 17:20:57.988 :: Before HeartBeat Count=5 Time=Wed Feb 8 2012 17:20:57 GMT+0100 AccountId=29131007 Session=8d6c8805-f759-46db-809c-60957ea845a0
debug ++ [int] eventPhase = 2
debug ++ [Boolean] bubbles = false
debug ++ [Boolean] cancelable = false
debug ++ [String] type = timer
debug +++ [int] repeatCount = 0
debug +++ [int] currentCount = 4
debug +++ [Boolean] running = true
debug +++ [int] delay = 120000
debug +++ [int] repeatCount = 0
debug +++ [int] currentCount = 4
debug +++ [Boolean] running = true
debug +++ [int] delay = 120000
debug time 17:20:58.984 :: After HeartBeat Count=5 Result=5
debug time 17:22:57.989 :: Before HeartBeat Count=6 Time=Wed Feb 8 2012 17:22:57 GMT+0100 AccountId=29131007 Session=8d6c8805-f759-46db-809c-60957ea845a0
debug ++ [int] eventPhase = 2
debug ++ [Boolean] bubbles = false
debug ++ [Boolean] cancelable = false
debug ++ [String] type = timer
debug +++ [int] repeatCount = 0
debug +++ [int] currentCount = 5
debug +++ [Boolean] running = true
debug +++ [int] delay = 120000
debug +++ [int] repeatCount = 0
debug +++ [int] currentCount = 5
debug +++ [Boolean] running = true
debug +++ [int] delay = 120000
debug time 17:22:58.984 :: After HeartBeat Count=6 Result=5
debug time 17:24:58.10 :: Before HeartBeat Count=7 Time=Wed Feb 8 2012 17:24:58 GMT+0100 AccountId=29131007 Session=8d6c8805-f759-46db-809c-60957ea845a0
debug ++ [int] eventPhase = 2
debug ++ [Boolean] bubbles = false
debug ++ [Boolean] cancelable = false
debug ++ [String] type = timer
debug +++ [int] repeatCount = 0
debug +++ [int] currentCount = 6
debug +++ [Boolean] running = true
debug +++ [int] delay = 120000
debug +++ [int] repeatCount = 0
debug +++ [int] currentCount = 6
debug +++ [Boolean] running = true
debug +++ [int] delay = 120000
debug time 17:24:58.990 :: After HeartBeat Count=7 Result=5
debug time 17:26:58.988 :: Before HeartBeat Count=8 Time=Wed Feb 8 2012 17:26:58 GMT+0100 AccountId=29131007 Session=8d6c8805-f759-46db-809c-60957ea845a0
debug ++ [int] eventPhase = 2
debug ++ [Boolean] bubbles = false
debug ++ [Boolean] cancelable = false
debug ++ [String] type = timer
debug +++ [int] repeatCount = 0
debug +++ [int] currentCount = 7
debug +++ [Boolean] running = true
debug +++ [int] delay = 120000
debug +++ [int] repeatCount = 0
debug +++ [int] currentCount = 7
debug +++ [Boolean] running = true
debug +++ [int] delay = 120000
debug time 17:26:59.985 :: After HeartBeat Count=8 Result=5
debug time 17:28:58.987 :: Before HeartBeat Count=9 Time=Wed Feb 8 2012 17:28:58 GMT+0100 AccountId=29131007 Session=8d6c8805-f759-46db-809c-60957ea845a0
debug ++ [int] eventPhase = 2
debug ++ [Boolean] bubbles = false
debug ++ [Boolean] cancelable = false
debug ++ [String] type = timer
debug +++ [int] repeatCount = 0
debug +++ [int] currentCount = 8
debug +++ [Boolean] running = true
debug +++ [int] delay = 120000
debug +++ [int] repeatCount = 0
debug +++ [int] currentCount = 8
debug +++ [Boolean] running = true
debug +++ [int] delay = 120000
debug time 17:28:59.985 :: After HeartBeat Count=9 Result=5
debug time 17:30:58.987 :: Before HeartBeat Count=10 Time=Wed Feb 8 2012 17:30:58 GMT+0100 AccountId=29131007 Session=8d6c8805-f759-46db-809c-60957ea845a0
debug ++ [int] eventPhase = 2
debug ++ [Boolean] bubbles = false
debug ++ [Boolean] cancelable = false
debug ++ [String] type = timer
debug +++ [int] repeatCount = 0
debug +++ [int] currentCount = 9
debug +++ [Boolean] running = true
debug +++ [int] delay = 120000
debug +++ [int] repeatCount = 0
debug +++ [int] currentCount = 9
debug +++ [Boolean] running = true
debug +++ [int] delay = 120000
debug time 17:30:59.984 :: After HeartBeat Count=10 Result=5
debug time 17:32:59.02 :: Before HeartBeat Count=11 Time=Wed Feb 8 2012 17:32:59 GMT+0100 AccountId=29131007 Session=8d6c8805-f759-46db-809c-60957ea845a0
debug ++ [int] eventPhase = 2
debug ++ [Boolean] bubbles = false
debug ++ [Boolean] cancelable = false
debug ++ [String] type = timer
debug +++ [int] repeatCount = 0
debug +++ [int] currentCount = 10
debug +++ [Boolean] running = true
debug +++ [int] delay = 120000
debug +++ [int] repeatCount = 0
debug +++ [int] currentCount = 10
debug +++ [Boolean] running = true
debug +++ [int] delay = 120000
debug time 17:32:59.984 :: After HeartBeat Count=11 Result=5
debug time 17:34:59.988 :: Before HeartBeat Count=12 Time=Wed Feb 8 2012 17:34:59 GMT+0100 AccountId=29131007 Session=8d6c8805-f759-46db-809c-60957ea845a0
debug ++ [int] eventPhase = 2
debug ++ [Boolean] bubbles = false
debug ++ [Boolean] cancelable = false
debug ++ [String] type = timer
debug +++ [int] repeatCount = 0
debug +++ [int] currentCount = 11
debug +++ [Boolean] running = true
debug +++ [int] delay = 120000
debug +++ [int] repeatCount = 0
debug +++ [int] currentCount = 11
debug +++ [Boolean] running = true
debug +++ [int] delay = 120000
debug time 17:35:00.984 :: After HeartBeat Count=12 Result=5
debug time 17:36:59.992 :: Before HeartBeat Count=13 Time=Wed Feb 8 2012 17:36:59 GMT+0100 AccountId=29131007 Session=8d6c8805-f759-46db-809c-60957ea845a0
debug ++ [int] eventPhase = 2
debug ++ [Boolean] bubbles = false
debug ++ [Boolean] cancelable = false
debug ++ [String] type = timer
debug +++ [int] repeatCount = 0
debug +++ [int] currentCount = 12
debug +++ [Boolean] running = true
debug +++ [int] delay = 120000
debug +++ [int] repeatCount = 0
debug +++ [int] currentCount = 12
debug +++ [Boolean] running = true
debug +++ [int] delay = 120000
debug time 17:37:00.984 :: After HeartBeat Count=13 Result=5
debug time 17:38:59.994 :: Before HeartBeat Count=14 Time=Wed Feb 8 2012 17:38:59 GMT+0100 AccountId=29131007 Session=8d6c8805-f759-46db-809c-60957ea845a0
debug ++ [int] eventPhase = 2
debug ++ [Boolean] bubbles = false
debug ++ [Boolean] cancelable = false
debug ++ [String] type = timer
debug +++ [int] repeatCount = 0
debug +++ [int] currentCount = 13
debug +++ [Boolean] running = true
debug +++ [int] delay = 120000
debug +++ [int] repeatCount = 0
debug +++ [int] currentCount = 13
debug +++ [Boolean] running = true
debug +++ [int] delay = 120000
debug time 17:39:00.984 :: After HeartBeat Count=14 Result=5
debug time 17:41:00.988 :: Before HeartBeat Count=15 Time=Wed Feb 8 2012 17:41:00 GMT+0100 AccountId=29131007 Session=8d6c8805-f759-46db-809c-60957ea845a0
debug ++ [int] eventPhase = 2
debug ++ [Boolean] bubbles = false
debug ++ [Boolean] cancelable = false
debug ++ [String] type = timer
debug +++ [int] repeatCount = 0
debug +++ [int] currentCount = 14
debug +++ [Boolean] running = true
debug +++ [int] delay = 120000
debug +++ [int] repeatCount = 0
debug +++ [int] currentCount = 14
debug +++ [Boolean] running = true
debug +++ [int] delay = 120000
debug time 17:41:01.985 :: After HeartBeat Count=15 Result=5
debug time 17:43:00.988 :: Before HeartBeat Count=16 Time=Wed Feb 8 2012 17:43:00 GMT+0100 AccountId=29131007 Session=8d6c8805-f759-46db-809c-60957ea845a0
debug ++ [int] eventPhase = 2
debug ++ [Boolean] bubbles = false
debug ++ [Boolean] cancelable = false
debug ++ [String] type = timer
debug +++ [int] repeatCount = 0
debug +++ [int] currentCount = 15
debug +++ [Boolean] running = true
debug +++ [int] delay = 120000
debug +++ [int] repeatCount = 0
debug +++ [int] currentCount = 15
debug +++ [Boolean] running = true
debug +++ [int] delay = 120000
debug time 17:43:01.985 :: After HeartBeat Count=16 Result=5
debug time 17:45:00.987 :: Before HeartBeat Count=17 Time=Wed Feb 8 2012 17:45:00 GMT+0100 AccountId=29131007 Session=8d6c8805-f759-46db-809c-60957ea845a0
debug ++ [int] eventPhase = 2
debug ++ [Boolean] bubbles = false
debug ++ [Boolean] cancelable = false
debug ++ [String] type = timer
debug +++ [int] repeatCount = 0
debug +++ [int] currentCount = 16
debug +++ [Boolean] running = true
debug +++ [int] delay = 120000
debug +++ [int] repeatCount = 0
debug +++ [int] currentCount = 16
debug +++ [Boolean] running = true
debug +++ [int] delay = 120000
debug time 17:45:01.985 :: After HeartBeat Count=17 Result=5
debug time 17:47:00.987 :: Before HeartBeat Count=18 Time=Wed Feb 8 2012 17:47:00 GMT+0100 AccountId=29131007 Session=8d6c8805-f759-46db-809c-60957ea845a0
debug ++ [int] eventPhase = 2
debug ++ [Boolean] bubbles = false
debug ++ [Boolean] cancelable = false
debug ++ [String] type = timer
debug +++ [int] repeatCount = 0
debug +++ [int] currentCount = 17
debug +++ [Boolean] running = true
debug +++ [int] delay = 120000
debug +++ [int] repeatCount = 0
debug +++ [int] currentCount = 17
debug +++ [Boolean] running = true
debug +++ [int] delay = 120000
debug time 17:47:01.984 :: After HeartBeat Count=18 Result=5
debug time 17:48:47.151 :: Performing heartbeat at Wed Feb 8 2012 17:48:47 GMT+0100
debug time 17:49:01.19 :: Before HeartBeat Count=19 Time=Wed Feb 8 2012 17:49:01 GMT+0100 AccountId=29131007 Session=8d6c8805-f759-46db-809c-60957ea845a0
debug ++ [int] eventPhase = 2
debug ++ [Boolean] bubbles = false
debug ++ [Boolean] cancelable = false
debug ++ [String] type = timer
debug +++ [int] repeatCount = 0
debug +++ [int] currentCount = 18
debug +++ [Boolean] running = true
debug +++ [int] delay = 120000
debug +++ [int] repeatCount = 0
debug +++ [int] currentCount = 18
debug +++ [Boolean] running = true
debug +++ [int] delay = 120000
debug time 17:49:01.199 :: After HeartBeat Count=19 Result=5
debug time 17:51:01.693 :: Before HeartBeat Count=20 Time=Wed Feb 8 2012 17:51:01 GMT+0100 AccountId=29131007 Session=8d6c8805-f759-46db-809c-60957ea845a0
debug ++ [int] eventPhase = 2
debug ++ [Boolean] bubbles = false
debug ++ [Boolean] cancelable = false
debug ++ [String] type = timer
debug +++ [int] repeatCount = 0
debug +++ [int] currentCount = 19
debug +++ [Boolean] running = true
debug +++ [int] delay = 120000
debug +++ [int] repeatCount = 0
debug +++ [int] currentCount = 19
debug +++ [Boolean] running = true
debug +++ [int] delay = 120000
debug time 17:51:02.690 :: After HeartBeat Count=20 Result=5
debug time 17:53:01.693 :: Before HeartBeat Count=21 Time=Wed Feb 8 2012 17:53:01 GMT+0100 AccountId=29131007 Session=8d6c8805-f759-46db-809c-60957ea845a0
debug ++ [int] eventPhase = 2
debug ++ [Boolean] bubbles = false
debug ++ [Boolean] cancelable = false
debug ++ [String] type = timer
debug +++ [int] repeatCount = 0
debug +++ [int] currentCount = 20
debug +++ [Boolean] running = true
debug +++ [int] delay = 120000
debug +++ [int] repeatCount = 0
debug +++ [int] currentCount = 20
debug +++ [Boolean] running = true
debug +++ [int] delay = 120000
debug time 17:53:02.690 :: After HeartBeat Count=21 Result=5
debug time 17:55:01.694 :: Before HeartBeat Count=22 Time=Wed Feb 8 2012 17:55:01 GMT+0100 AccountId=29131007 Session=8d6c8805-f759-46db-809c-60957ea845a0
debug ++ [int] eventPhase = 2
debug ++ [Boolean] bubbles = false
debug ++ [Boolean] cancelable = false
debug ++ [String] type = timer
debug +++ [int] repeatCount = 0
debug +++ [int] currentCount = 21
debug +++ [Boolean] running = true
debug +++ [int] delay = 120000
debug +++ [int] repeatCount = 0
debug +++ [int] currentCount = 21
debug +++ [Boolean] running = true
debug +++ [int] delay = 120000
debug time 17:55:02.690 :: After HeartBeat Count=22 Result=5
debug time 17:57:01.717 :: Before HeartBeat Count=23 Time=Wed Feb 8 2012 17:57:01 GMT+0100 AccountId=29131007 Session=8d6c8805-f759-46db-809c-60957ea845a0
debug ++ [int] eventPhase = 2
debug ++ [Boolean] bubbles = false
debug ++ [Boolean] cancelable = false
debug ++ [String] type = timer
debug +++ [int] repeatCount = 0
debug +++ [int] currentCount = 22
debug +++ [Boolean] running = true
debug +++ [int] delay = 120000
debug +++ [int] repeatCount = 0
debug +++ [int] currentCount = 22
debug +++ [Boolean] running = true
debug +++ [int] delay = 120000
debug time 17:57:02.696 :: After HeartBeat Count=23 Result=5
debug time 17:59:02.695 :: Before HeartBeat Count=24 Time=Wed Feb 8 2012 17:59:02 GMT+0100 AccountId=29131007 Session=8d6c8805-f759-46db-809c-60957ea845a0
debug ++ [int] eventPhase = 2
debug ++ [Boolean] bubbles = false
debug ++ [Boolean] cancelable = false
debug ++ [String] type = timer
debug +++ [int] repeatCount = 0
debug +++ [int] currentCount = 23
debug +++ [Boolean] running = true
debug +++ [int] delay = 120000
debug +++ [int] repeatCount = 0
debug +++ [int] currentCount = 23
debug +++ [Boolean] running = true
debug +++ [int] delay = 120000
debug time 17:59:03.691 :: After HeartBeat Count=24 Result=5
debug time 18:01:02.694 :: Before HeartBeat Count=25 Time=Wed Feb 8 2012 18:01:02 GMT+0100 AccountId=29131007 Session=8d6c8805-f759-46db-809c-60957ea845a0
debug ++ [int] eventPhase = 2
debug ++ [Boolean] bubbles = false
debug ++ [Boolean] cancelable = false
debug ++ [String] type = timer
debug +++ [int] repeatCount = 0
debug +++ [int] currentCount = 24
debug +++ [Boolean] running = true
debug +++ [int] delay = 120000
debug +++ [int] repeatCount = 0
debug +++ [int] currentCount = 24
debug +++ [Boolean] running = true
debug +++ [int] delay = 120000
debug time 18:01:03.691 :: After HeartBeat Count=25 Result=5
debug time 18:03:02.694 :: Before HeartBeat Count=26 Time=Wed Feb 8 2012 18:03:02 GMT+0100 AccountId=29131007 Session=8d6c8805-f759-46db-809c-60957ea845a0
debug ++ [int] eventPhase = 2
debug ++ [Boolean] bubbles = false
debug ++ [Boolean] cancelable = false
debug ++ [String] type = timer
debug +++ [int] repeatCount = 0
debug +++ [int] currentCount = 25
debug +++ [Boolean] running = true
debug +++ [int] delay = 120000
debug +++ [int] repeatCount = 0
debug +++ [int] currentCount = 25
debug +++ [Boolean] running = true
debug +++ [int] delay = 120000
debug time 18:03:03.690 :: After HeartBeat Count=26 Result=5
debug time 18:05:02.695 :: Before HeartBeat Count=27 Time=Wed Feb 8 2012 18:05:02 GMT+0100 AccountId=29131007 Session=8d6c8805-f759-46db-809c-60957ea845a0
debug ++ [int] eventPhase = 2
debug ++ [Boolean] bubbles = false
debug ++ [Boolean] cancelable = false
debug ++ [String] type = timer
debug +++ [int] repeatCount = 0
debug +++ [int] currentCount = 26
debug +++ [Boolean] running = true
debug +++ [int] delay = 120000
debug +++ [int] repeatCount = 0
debug +++ [int] currentCount = 26
debug +++ [Boolean] running = true
debug +++ [int] delay = 120000
debug time 18:05:03.690 :: After HeartBeat Count=27 Result=5
debug time 18:07:03.693 :: Before HeartBeat Count=28 Time=Wed Feb 8 2012 18:07:03 GMT+0100 AccountId=29131007 Session=8d6c8805-f759-46db-809c-60957ea845a0
debug ++ [int] eventPhase = 2
debug ++ [Boolean] bubbles = false
debug ++ [Boolean] cancelable = false
debug ++ [String] type = timer
debug +++ [int] repeatCount = 0
debug +++ [int] currentCount = 27
debug +++ [Boolean] running = true
debug +++ [int] delay = 120000
debug +++ [int] repeatCount = 0
debug +++ [int] currentCount = 27
debug +++ [Boolean] running = true
debug +++ [int] delay = 120000
debug time 18:07:04.690 :: After HeartBeat Count=28 Result=5
debug time 18:09:03.693 :: Before HeartBeat Count=29 Time=Wed Feb 8 2012 18:09:03 GMT+0100 AccountId=29131007 Session=8d6c8805-f759-46db-809c-60957ea845a0
debug ++ [int] eventPhase = 2
debug ++ [Boolean] bubbles = false
debug ++ [Boolean] cancelable = false
debug ++ [String] type = timer
debug +++ [int] repeatCount = 0
debug +++ [int] currentCount = 28
debug +++ [Boolean] running = true
debug +++ [int] delay = 120000
debug +++ [int] repeatCount = 0
debug +++ [int] currentCount = 28
debug +++ [Boolean] running = true
debug +++ [int] delay = 120000
debug time 18:09:04.690 :: After HeartBeat Count=29 Result=5
debug time 18:11:03.695 :: Before HeartBeat Count=30 Time=Wed Feb 8 2012 18:11:03 GMT+0100 AccountId=29131007 Session=8d6c8805-f759-46db-809c-60957ea845a0
debug ++ [int] eventPhase = 2
debug ++ [Boolean] bubbles = false
debug ++ [Boolean] cancelable = false
debug ++ [String] type = timer
debug +++ [int] repeatCount = 0
debug +++ [int] currentCount = 29
debug +++ [Boolean] running = true
debug +++ [int] delay = 120000
debug +++ [int] repeatCount = 0
debug +++ [int] currentCount = 29
debug +++ [Boolean] running = true
debug +++ [int] delay = 120000
debug time 18:11:04.690 :: After HeartBeat Count=30 Result=5
debug time 18:13:04.723 :: Before HeartBeat Count=31 Time=Wed Feb 8 2012 18:13:04 GMT+0100 AccountId=29131007 Session=8d6c8805-f759-46db-809c-60957ea845a0
debug ++ [int] eventPhase = 2
debug ++ [Boolean] bubbles = false
debug ++ [Boolean] cancelable = false
debug ++ [String] type = timer
debug +++ [int] repeatCount = 0
debug +++ [int] currentCount = 30
debug +++ [Boolean] running = true
debug +++ [int] delay = 120000
debug +++ [int] repeatCount = 0
debug +++ [int] currentCount = 30
debug +++ [Boolean] running = true
debug +++ [int] delay = 120000
debug time 18:13:05.691 :: After HeartBeat Count=31 Result=5
debug time 18:15:05.715 :: Before HeartBeat Count=32 Time=Wed Feb 8 2012 18:15:05 GMT+0100 AccountId=29131007 Session=8d6c8805-f759-46db-809c-60957ea845a0
debug ++ [int] eventPhase = 2
debug ++ [Boolean] bubbles = false
debug ++ [Boolean] cancelable = false
debug ++ [String] type = timer
debug +++ [int] repeatCount = 0
debug +++ [int] currentCount = 31
debug +++ [Boolean] running = true
debug +++ [int] delay = 120000
debug +++ [int] repeatCount = 0
debug +++ [int] currentCount = 31
debug +++ [Boolean] running = true
debug +++ [int] delay = 120000
debug time 18:15:06.691 :: After HeartBeat Count=32 Result=5
debug time 18:17:05.715 :: Before HeartBeat Count=33 Time=Wed Feb 8 2012 18:17:05 GMT+0100 AccountId=29131007 Session=8d6c8805-f759-46db-809c-60957ea845a0
debug ++ [int] eventPhase = 2
debug ++ [Boolean] bubbles = false
debug ++ [Boolean] cancelable = false
debug ++ [String] type = timer
debug +++ [int] repeatCount = 0
debug +++ [int] currentCount = 32
debug +++ [Boolean] running = true
debug +++ [int] delay = 120000
debug +++ [int] repeatCount = 0
debug +++ [int] currentCount = 32
debug +++ [Boolean] running = true
debug +++ [int] delay = 120000
debug time 18:17:06.691 :: After HeartBeat Count=33 Result=5
debug time 18:19:06.694 :: Before HeartBeat Count=34 Time=Wed Feb 8 2012 18:19:06 GMT+0100 AccountId=29131007 Session=8d6c8805-f759-46db-809c-60957ea845a0
debug ++ [int] eventPhase = 2
debug ++ [Boolean] bubbles = false
debug ++ [Boolean] cancelable = false
debug ++ [String] type = timer
debug +++ [int] repeatCount = 0
debug +++ [int] currentCount = 33
debug +++ [Boolean] running = true
debug +++ [int] delay = 120000
debug +++ [int] repeatCount = 0
debug +++ [int] currentCount = 33
debug +++ [Boolean] running = true
debug +++ [int] delay = 120000
debug time 18:19:07.691 :: After HeartBeat Count=34 Result=5
debug time 18:21:06.694 :: Before HeartBeat Count=35 Time=Wed Feb 8 2012 18:21:06 GMT+0100 AccountId=29131007 Session=8d6c8805-f759-46db-809c-60957ea845a0
debug ++ [int] eventPhase = 2
debug ++ [Boolean] bubbles = false
debug ++ [Boolean] cancelable = false
debug ++ [String] type = timer
debug +++ [int] repeatCount = 0
debug +++ [int] currentCount = 34
debug +++ [Boolean] running = true
debug +++ [int] delay = 120000
debug +++ [int] repeatCount = 0
debug +++ [int] currentCount = 34
debug +++ [Boolean] running = true
debug +++ [int] delay = 120000
debug time 18:21:07.690 :: After HeartBeat Count=35 Result=5
debug time 18:22:27.738 :: Performing heartbeat at Wed Feb 8 2012 18:22:27 GMT+0100
debug time 18:23:06.723 :: Before HeartBeat Count=36 Time=Wed Feb 8 2012 18:23:06 GMT+0100 AccountId=29131007 Session=8d6c8805-f759-46db-809c-60957ea845a0
debug ++ [int] eventPhase = 2
debug ++ [Boolean] bubbles = false
debug ++ [Boolean] cancelable = false
debug ++ [String] type = timer
debug +++ [int] repeatCount = 0
debug +++ [int] currentCount = 35
debug +++ [Boolean] running = true
debug +++ [int] delay = 120000
debug +++ [int] repeatCount = 0
debug +++ [int] currentCount = 35
debug +++ [Boolean] running = true
debug +++ [int] delay = 120000
debug time 18:23:06.925 :: After HeartBeat Count=36 Result=5
debug time 18:25:07.317 :: Before HeartBeat Count=37 Time=Wed Feb 8 2012 18:25:07 GMT+0100 AccountId=29131007 Session=8d6c8805-f759-46db-809c-60957ea845a0
debug ++ [int] eventPhase = 2
debug ++ [Boolean] bubbles = false
debug ++ [Boolean] cancelable = false
debug ++ [String] type = timer
debug +++ [int] repeatCount = 0
debug +++ [int] currentCount = 36
debug +++ [Boolean] running = true
debug +++ [int] delay = 120000
debug +++ [int] repeatCount = 0
debug +++ [int] currentCount = 36
debug +++ [Boolean] running = true
debug +++ [int] delay = 120000
debug time 18:25:08.278 :: After HeartBeat Count=37 Result=5
debug time 18:27:08.285 :: Before HeartBeat Count=38 Time=Wed Feb 8 2012 18:27:08 GMT+0100 AccountId=29131007 Session=8d6c8805-f759-46db-809c-60957ea845a0
debug ++ [int] eventPhase = 2
debug ++ [Boolean] bubbles = false
debug ++ [Boolean] cancelable = false
debug ++ [String] type = timer
debug +++ [int] repeatCount = 0
debug +++ [int] currentCount = 37
debug +++ [Boolean] running = true
debug +++ [int] delay = 120000
debug +++ [int] repeatCount = 0
debug +++ [int] currentCount = 37
debug +++ [Boolean] running = true
debug +++ [int] delay = 120000
debug time 18:27:09.278 :: After HeartBeat Count=38 Result=5
debug time 18:29:08.285 :: Before HeartBeat Count=39 Time=Wed Feb 8 2012 18:29:08 GMT+0100 AccountId=29131007 Session=8d6c8805-f759-46db-809c-60957ea845a0
debug ++ [int] eventPhase = 2
debug ++ [Boolean] bubbles = false
debug ++ [Boolean] cancelable = false
debug ++ [String] type = timer
debug +++ [int] repeatCount = 0
debug +++ [int] currentCount = 38
debug +++ [Boolean] running = true
debug +++ [int] delay = 120000
debug +++ [int] repeatCount = 0
debug +++ [int] currentCount = 38
debug +++ [Boolean] running = true
debug +++ [int] delay = 120000
debug time 18:29:09.278 :: After HeartBeat Count=39 Result=5
debug time 18:31:09.288 :: Before HeartBeat Count=40 Time=Wed Feb 8 2012 18:31:09 GMT+0100 AccountId=29131007 Session=8d6c8805-f759-46db-809c-60957ea845a0
debug ++ [int] eventPhase = 2
debug ++ [Boolean] bubbles = false
debug ++ [Boolean] cancelable = false
debug ++ [String] type = timer
debug +++ [int] repeatCount = 0
debug +++ [int] currentCount = 39
debug +++ [Boolean] running = true
debug +++ [int] delay = 120000
debug +++ [int] repeatCount = 0
debug +++ [int] currentCount = 39
debug +++ [Boolean] running = true
debug +++ [int] delay = 120000
debug time 18:31:10.278 :: After HeartBeat Count=40 Result=5
debug time 18:33:09.289 :: Before HeartBeat Count=41 Time=Wed Feb 8 2012 18:33:09 GMT+0100 AccountId=29131007 Session=8d6c8805-f759-46db-809c-60957ea845a0
debug ++ [int] eventPhase = 2
debug ++ [Boolean] bubbles = false
debug ++ [Boolean] cancelable = false
debug ++ [String] type = timer
debug +++ [int] repeatCount = 0
debug +++ [int] currentCount = 40
debug +++ [Boolean] running = true
debug +++ [int] delay = 120000
debug +++ [int] repeatCount = 0
debug +++ [int] currentCount = 40
debug +++ [Boolean] running = true
debug +++ [int] delay = 120000
debug time 18:33:10.279 :: After HeartBeat Count=41 Result=5
debug time 18:35:10.286 :: Before HeartBeat Count=42 Time=Wed Feb 8 2012 18:35:10 GMT+0100 AccountId=29131007 Session=8d6c8805-f759-46db-809c-60957ea845a0
debug ++ [int] eventPhase = 2
debug ++ [Boolean] bubbles = false
debug ++ [Boolean] cancelable = false
debug ++ [String] type = timer
debug +++ [int] repeatCount = 0
debug +++ [int] currentCount = 41
debug +++ [Boolean] running = true
debug +++ [int] delay = 120000
debug +++ [int] repeatCount = 0
debug +++ [int] currentCount = 41
debug +++ [Boolean] running = true
debug +++ [int] delay = 120000
debug time 18:35:11.279 :: After HeartBeat Count=42 Result=5
debug time 18:37:10.285 :: Before HeartBeat Count=43 Time=Wed Feb 8 2012 18:37:10 GMT+0100 AccountId=29131007 Session=8d6c8805-f759-46db-809c-60957ea845a0
debug ++ [int] eventPhase = 2
debug ++ [Boolean] bubbles = false
debug ++ [Boolean] cancelable = false
debug ++ [String] type = timer
debug +++ [int] repeatCount = 0
debug +++ [int] currentCount = 42
debug +++ [Boolean] running = true
debug +++ [int] delay = 120000
debug +++ [int] repeatCount = 0
debug +++ [int] currentCount = 42
debug +++ [Boolean] running = true
debug +++ [int] delay = 120000
debug time 18:37:11.279 :: After HeartBeat Count=43 Result=5
debug time 18:39:10.285 :: Before HeartBeat Count=44 Time=Wed Feb 8 2012 18:39:10 GMT+0100 AccountId=29131007 Session=8d6c8805-f759-46db-809c-60957ea845a0
debug ++ [int] eventPhase = 2
debug ++ [Boolean] bubbles = false
debug ++ [Boolean] cancelable = false
debug ++ [String] type = timer
debug +++ [int] repeatCount = 0
debug +++ [int] currentCount = 43
debug +++ [Boolean] running = true
debug +++ [int] delay = 120000
debug +++ [int] repeatCount = 0
debug +++ [int] currentCount = 43
debug +++ [Boolean] running = true
debug +++ [int] delay = 120000
debug time 18:39:11.278 :: After HeartBeat Count=44 Result=5
debug time 18:41:10.289 :: Before HeartBeat Count=45 Time=Wed Feb 8 2012 18:41:10 GMT+0100 AccountId=29131007 Session=8d6c8805-f759-46db-809c-60957ea845a0
debug ++ [int] eventPhase = 2
debug ++ [Boolean] bubbles = false
debug ++ [Boolean] cancelable = false
debug ++ [String] type = timer
debug +++ [int] repeatCount = 0
debug +++ [int] currentCount = 44
debug +++ [Boolean] running = true
debug +++ [int] delay = 120000
debug +++ [int] repeatCount = 0
debug +++ [int] currentCount = 44
debug +++ [Boolean] running = true
debug +++ [int] delay = 120000
debug time 18:41:11.278 :: After HeartBeat Count=45 Result=5
debug time 18:43:11.287 :: Before HeartBeat Count=46 Time=Wed Feb 8 2012 18:43:11 GMT+0100 AccountId=29131007 Session=8d6c8805-f759-46db-809c-60957ea845a0
debug ++ [int] eventPhase = 2
debug ++ [Boolean] bubbles = false
debug ++ [Boolean] cancelable = false
debug ++ [String] type = timer
debug +++ [int] repeatCount = 0
debug +++ [int] currentCount = 45
debug +++ [Boolean] running = true
debug +++ [int] delay = 120000
debug +++ [int] repeatCount = 0
debug +++ [int] currentCount = 45
debug +++ [Boolean] running = true
debug +++ [int] delay = 120000
debug time 18:43:12.278 :: After HeartBeat Count=46 Result=5
debug time 18:45:11.287 :: Before HeartBeat Count=47 Time=Wed Feb 8 2012 18:45:11 GMT+0100 AccountId=29131007 Session=8d6c8805-f759-46db-809c-60957ea845a0
debug ++ [int] eventPhase = 2
debug ++ [Boolean] bubbles = false
debug ++ [Boolean] cancelable = false
debug ++ [String] type = timer
debug +++ [int] repeatCount = 0
debug +++ [int] currentCount = 46
debug +++ [Boolean] running = true
debug +++ [int] delay = 120000
debug +++ [int] repeatCount = 0
debug +++ [int] currentCount = 46
debug +++ [Boolean] running = true
debug +++ [int] delay = 120000
debug time 18:45:12.278 :: After HeartBeat Count=47 Result=5
debug time 18:47:11.312 :: Before HeartBeat Count=48 Time=Wed Feb 8 2012 18:47:11 GMT+0100 AccountId=29131007 Session=8d6c8805-f759-46db-809c-60957ea845a0
debug ++ [int] eventPhase = 2
debug ++ [Boolean] bubbles = false
debug ++ [Boolean] cancelable = false
debug ++ [String] type = timer
debug +++ [int] repeatCount = 0
debug +++ [int] currentCount = 47
debug +++ [Boolean] running = true
debug +++ [int] delay = 120000
debug +++ [int] repeatCount = 0
debug +++ [int] currentCount = 47
debug +++ [Boolean] running = true
debug +++ [int] delay = 120000
debug time 18:47:12.278 :: After HeartBeat Count=48 Result=5
debug time 18:49:12.286 :: Before HeartBeat Count=49 Time=Wed Feb 8 2012 18:49:12 GMT+0100 AccountId=29131007 Session=8d6c8805-f759-46db-809c-60957ea845a0
debug ++ [int] eventPhase = 2
debug ++ [Boolean] bubbles = false
debug ++ [Boolean] cancelable = false
debug ++ [String] type = timer
debug +++ [int] repeatCount = 0
debug +++ [int] currentCount = 48
debug +++ [Boolean] running = true
debug +++ [int] delay = 120000
debug +++ [int] repeatCount = 0
debug +++ [int] currentCount = 48
debug +++ [Boolean] running = true
debug +++ [int] delay = 120000
debug time 18:49:13.279 :: After HeartBeat Count=49 Result=5
debug time 18:51:12.306 :: Before HeartBeat Count=50 Time=Wed Feb 8 2012 18:51:12 GMT+0100 AccountId=29131007 Session=8d6c8805-f759-46db-809c-60957ea845a0
debug ++ [int] eventPhase = 2
debug ++ [Boolean] bubbles = false
debug ++ [Boolean] cancelable = false
debug ++ [String] type = timer
debug +++ [int] repeatCount = 0
debug +++ [int] currentCount = 49
debug +++ [Boolean] running = true
debug +++ [int] delay = 120000
debug +++ [int] repeatCount = 0
debug +++ [int] currentCount = 49
debug +++ [Boolean] running = true
debug +++ [int] delay = 120000
debug time 18:51:13.279 :: After HeartBeat Count=50 Result=5
debug time 18:53:12.310 :: Before HeartBeat Count=51 Time=Wed Feb 8 2012 18:53:12 GMT+0100 AccountId=29131007 Session=8d6c8805-f759-46db-809c-60957ea845a0
debug ++ [int] eventPhase = 2
debug ++ [Boolean] bubbles = false
debug ++ [Boolean] cancelable = false
debug ++ [String] type = timer
debug +++ [int] repeatCount = 0
debug +++ [int] currentCount = 50
debug +++ [Boolean] running = true
debug +++ [int] delay = 120000
debug +++ [int] repeatCount = 0
debug +++ [int] currentCount = 50
debug +++ [Boolean] running = true
debug +++ [int] delay = 120000
debug time 18:53:13.279 :: After HeartBeat Count=51 Result=5
debug time 18:55:13.312 :: Before HeartBeat Count=52 Time=Wed Feb 8 2012 18:55:13 GMT+0100 AccountId=29131007 Session=8d6c8805-f759-46db-809c-60957ea845a0
debug ++ [int] eventPhase = 2
debug ++ [Boolean] bubbles = false
debug ++ [Boolean] cancelable = false
debug ++ [String] type = timer
debug +++ [int] repeatCount = 0
debug +++ [int] currentCount = 51
debug +++ [Boolean] running = true
debug +++ [int] delay = 120000
debug +++ [int] repeatCount = 0
debug +++ [int] currentCount = 51
debug +++ [Boolean] running = true
debug +++ [int] delay = 120000
debug time 18:55:14.278 :: After HeartBeat Count=52 Result=5
debug time 18:57:14.309 :: Before HeartBeat Count=53 Time=Wed Feb 8 2012 18:57:14 GMT+0100 AccountId=29131007 Session=8d6c8805-f759-46db-809c-60957ea845a0
debug ++ [int] eventPhase = 2
debug ++ [Boolean] bubbles = false
debug ++ [Boolean] cancelable = false
debug ++ [String] type = timer
debug +++ [int] repeatCount = 0
debug +++ [int] currentCount = 52
debug +++ [Boolean] running = true
debug +++ [int] delay = 120000
debug +++ [int] repeatCount = 0
debug +++ [int] currentCount = 52
debug +++ [Boolean] running = true
debug +++ [int] delay = 120000
debug time 18:57:15.278 :: After HeartBeat Count=53 Result=5
debug time 18:59:15.282 :: Before HeartBeat Count=54 Time=Wed Feb 8 2012 18:59:15 GMT+0100 AccountId=29131007 Session=8d6c8805-f759-46db-809c-60957ea845a0
debug ++ [int] eventPhase = 2
debug ++ [Boolean] bubbles = false
debug ++ [Boolean] cancelable = false
debug ++ [String] type = timer
debug +++ [int] repeatCount = 0
debug +++ [int] currentCount = 53
debug +++ [Boolean] running = true
debug +++ [int] delay = 120000
debug +++ [int] repeatCount = 0
debug +++ [int] currentCount = 53
debug +++ [Boolean] running = true
debug +++ [int] delay = 120000
debug time 18:59:16.278 :: After HeartBeat Count=54 Result=5
debug time 19:01:15.282 :: Before HeartBeat Count=55 Time=Wed Feb 8 2012 19:01:15 GMT+0100 AccountId=29131007 Session=8d6c8805-f759-46db-809c-60957ea845a0
debug ++ [int] eventPhase = 2
debug ++ [Boolean] bubbles = false
debug ++ [Boolean] cancelable = false
debug ++ [String] type = timer
debug +++ [int] repeatCount = 0
debug +++ [int] currentCount = 54
debug +++ [Boolean] running = true
debug +++ [int] delay = 120000
debug +++ [int] repeatCount = 0
debug +++ [int] currentCount = 54
debug +++ [Boolean] running = true
debug +++ [int] delay = 120000
debug time 19:01:16.278 :: After HeartBeat Count=55 Result=5
debug time 19:03:15.282 :: Before HeartBeat Count=56 Time=Wed Feb 8 2012 19:03:15 GMT+0100 AccountId=29131007 Session=8d6c8805-f759-46db-809c-60957ea845a0
debug ++ [int] eventPhase = 2
debug ++ [Boolean] bubbles = false
debug ++ [Boolean] cancelable = false
debug ++ [String] type = timer
debug +++ [int] repeatCount = 0
debug +++ [int] currentCount = 55
debug +++ [Boolean] running = true
debug +++ [int] delay = 120000
debug +++ [int] repeatCount = 0
debug +++ [int] currentCount = 55
debug +++ [Boolean] running = true
debug +++ [int] delay = 120000
debug time 19:03:16.278 :: After HeartBeat Count=56 Result=5
debug time 19:05:15.283 :: Before HeartBeat Count=57 Time=Wed Feb 8 2012 19:05:15 GMT+0100 AccountId=29131007 Session=8d6c8805-f759-46db-809c-60957ea845a0
debug ++ [int] eventPhase = 2
debug ++ [Boolean] bubbles = false
debug ++ [Boolean] cancelable = false
debug ++ [String] type = timer
debug +++ [int] repeatCount = 0
debug +++ [int] currentCount = 56
debug +++ [Boolean] running = true
debug +++ [int] delay = 120000
debug +++ [int] repeatCount = 0
debug +++ [int] currentCount = 56
debug +++ [Boolean] running = true
debug +++ [int] delay = 120000
debug time 19:05:16.278 :: After HeartBeat Count=57 Result=5
debug time 19:07:16.282 :: Before HeartBeat Count=58 Time=Wed Feb 8 2012 19:07:16 GMT+0100 AccountId=29131007 Session=8d6c8805-f759-46db-809c-60957ea845a0
debug ++ [int] eventPhase = 2
debug ++ [Boolean] bubbles = false
debug ++ [Boolean] cancelable = false
debug ++ [String] type = timer
debug +++ [int] repeatCount = 0
debug +++ [int] currentCount = 57
debug +++ [Boolean] running = true
debug +++ [int] delay = 120000
debug +++ [int] repeatCount = 0
debug +++ [int] currentCount = 57
debug +++ [Boolean] running = true
debug +++ [int] delay = 120000
debug time 19:07:17.279 :: After HeartBeat Count=58 Result=5
debug time 19:09:16.282 :: Before HeartBeat Count=59 Time=Wed Feb 8 2012 19:09:16 GMT+0100 AccountId=29131007 Session=8d6c8805-f759-46db-809c-60957ea845a0
debug ++ [int] eventPhase = 2
debug ++ [Boolean] bubbles = false
debug ++ [Boolean] cancelable = false
debug ++ [String] type = timer
debug +++ [int] repeatCount = 0
debug +++ [int] currentCount = 58
debug +++ [Boolean] running = true
debug +++ [int] delay = 120000
debug +++ [int] repeatCount = 0
debug +++ [int] currentCount = 58
debug +++ [Boolean] running = true
debug +++ [int] delay = 120000
debug time 19:09:17.279 :: After HeartBeat Count=59 Result=5
debug time 19:11:16.285 :: Before HeartBeat Count=60 Time=Wed Feb 8 2012 19:11:16 GMT+0100 AccountId=29131007 Session=8d6c8805-f759-46db-809c-60957ea845a0
debug ++ [int] eventPhase = 2
debug ++ [Boolean] bubbles = false
debug ++ [Boolean] cancelable = false
debug ++ [String] type = timer
debug +++ [int] repeatCount = 0
debug +++ [int] currentCount = 59
debug +++ [Boolean] running = true
debug +++ [int] delay = 120000
debug +++ [int] repeatCount = 0
debug +++ [int] currentCount = 59
debug +++ [Boolean] running = true
debug +++ [int] delay = 120000
debug time 19:11:17.279 :: After HeartBeat Count=60 Result=5
debug time 19:13:17.287 :: Before HeartBeat Count=61 Time=Wed Feb 8 2012 19:13:17 GMT+0100 AccountId=29131007 Session=8d6c8805-f759-46db-809c-60957ea845a0
debug ++ [int] eventPhase = 2
debug ++ [Boolean] bubbles = false
debug ++ [Boolean] cancelable = false
debug ++ [String] type = timer
debug +++ [int] repeatCount = 0
debug +++ [int] currentCount = 60
debug +++ [Boolean] running = true
debug +++ [int] delay = 120000
debug +++ [int] repeatCount = 0
debug +++ [int] currentCount = 60
debug +++ [Boolean] running = true
debug +++ [int] delay = 120000
debug time 19:13:18.278 :: After HeartBeat Count=61 Result=5
debug time 19:15:18.281 :: Before HeartBeat Count=62 Time=Wed Feb 8 2012 19:15:18 GMT+0100 AccountId=29131007 Session=8d6c8805-f759-46db-809c-60957ea845a0
debug ++ [int] eventPhase = 2
debug ++ [Boolean] bubbles = false
debug ++ [Boolean] cancelable = false
debug ++ [String] type = timer
debug +++ [int] repeatCount = 0
debug +++ [int] currentCount = 61
debug +++ [Boolean] running = true
debug +++ [int] delay = 120000
debug +++ [int] repeatCount = 0
debug +++ [int] currentCount = 61
debug +++ [Boolean] running = true
debug +++ [int] delay = 120000
debug time 19:15:19.279 :: After HeartBeat Count=62 Result=5
debug time 19:17:18.305 :: Before HeartBeat Count=63 Time=Wed Feb 8 2012 19:17:18 GMT+0100 AccountId=29131007 Session=8d6c8805-f759-46db-809c-60957ea845a0
debug ++ [int] eventPhase = 2
debug ++ [Boolean] bubbles = false
debug ++ [Boolean] cancelable = false
debug ++ [String] type = timer
debug +++ [int] repeatCount = 0
debug +++ [int] currentCount = 62
debug +++ [Boolean] running = true
debug +++ [int] delay = 120000
debug +++ [int] repeatCount = 0
debug +++ [int] currentCount = 62
debug +++ [Boolean] running = true
debug +++ [int] delay = 120000
debug time 19:17:19.278 :: After HeartBeat Count=63 Result=5
debug time 19:19:19.286 :: Before HeartBeat Count=64 Time=Wed Feb 8 2012 19:19:19 GMT+0100 AccountId=29131007 Session=8d6c8805-f759-46db-809c-60957ea845a0
debug ++ [int] eventPhase = 2
debug ++ [Boolean] bubbles = false
debug ++ [Boolean] cancelable = false
debug ++ [String] type = timer
debug +++ [int] repeatCount = 0
debug +++ [int] currentCount = 63
debug +++ [Boolean] running = true
debug +++ [int] delay = 120000
debug +++ [int] repeatCount = 0
debug +++ [int] currentCount = 63
debug +++ [Boolean] running = true
debug +++ [int] delay = 120000
debug time 19:19:20.278 :: After HeartBeat Count=64 Result=5
debug time 19:21:19.286 :: Before HeartBeat Count=65 Time=Wed Feb 8 2012 19:21:19 GMT+0100 AccountId=29131007 Session=8d6c8805-f759-46db-809c-60957ea845a0
debug ++ [int] eventPhase = 2
debug ++ [Boolean] bubbles = false
debug ++ [Boolean] cancelable = false
debug ++ [String] type = timer
debug +++ [int] repeatCount = 0
debug +++ [int] currentCount = 64
debug +++ [Boolean] running = true
debug +++ [int] delay = 120000
debug +++ [int] repeatCount = 0
debug +++ [int] currentCount = 64
debug +++ [Boolean] running = true
debug +++ [int] delay = 120000
debug time 19:21:20.279 :: After HeartBeat Count=65 Result=5
debug time 19:23:19.288 :: Before HeartBeat Count=66 Time=Wed Feb 8 2012 19:23:19 GMT+0100 AccountId=29131007 Session=8d6c8805-f759-46db-809c-60957ea845a0
debug ++ [int] eventPhase = 2
debug ++ [Boolean] bubbles = false
debug ++ [Boolean] cancelable = false
debug ++ [String] type = timer
debug +++ [int] repeatCount = 0
debug +++ [int] currentCount = 65
debug +++ [Boolean] running = true
debug +++ [int] delay = 120000
debug +++ [int] repeatCount = 0
debug +++ [int] currentCount = 65
debug +++ [Boolean] running = true
debug +++ [int] delay = 120000
debug time 19:23:20.278 :: After HeartBeat Count=66 Result=5
debug time 19:25:20.285 :: Before HeartBeat Count=67 Time=Wed Feb 8 2012 19:25:20 GMT+0100 AccountId=29131007 Session=8d6c8805-f759-46db-809c-60957ea845a0
debug ++ [int] eventPhase = 2
debug ++ [Boolean] bubbles = false
debug ++ [Boolean] cancelable = false
debug ++ [String] type = timer
debug +++ [int] repeatCount = 0
debug +++ [int] currentCount = 66
debug +++ [Boolean] running = true
debug +++ [int] delay = 120000
debug +++ [int] repeatCount = 0
debug +++ [int] currentCount = 66
debug +++ [Boolean] running = true
debug +++ [int] delay = 120000
debug time 19:25:21.279 :: After HeartBeat Count=67 Result=5
debug time 19:27:20.286 :: Before HeartBeat Count=68 Time=Wed Feb 8 2012 19:27:20 GMT+0100 AccountId=29131007 Session=8d6c8805-f759-46db-809c-60957ea845a0
debug ++ [int] eventPhase = 2
debug ++ [Boolean] bubbles = false
debug ++ [Boolean] cancelable = false
debug ++ [String] type = timer
debug +++ [int] repeatCount = 0
debug +++ [int] currentCount = 67
debug +++ [Boolean] running = true
debug +++ [int] delay = 120000
debug +++ [int] repeatCount = 0
debug +++ [int] currentCount = 67
debug +++ [Boolean] running = true
debug +++ [int] delay = 120000
debug time 19:27:21.279 :: After HeartBeat Count=68 Result=5
debug time 19:29:20.285 :: Before HeartBeat Count=69 Time=Wed Feb 8 2012 19:29:20 GMT+0100 AccountId=29131007 Session=8d6c8805-f759-46db-809c-60957ea845a0
debug ++ [int] eventPhase = 2
debug ++ [Boolean] bubbles = false
debug ++ [Boolean] cancelable = false
debug ++ [String] type = timer
debug +++ [int] repeatCount = 0
debug +++ [int] currentCount = 68
debug +++ [Boolean] running = true
debug +++ [int] delay = 120000
debug +++ [int] repeatCount = 0
debug +++ [int] currentCount = 68
debug +++ [Boolean] running = true
debug +++ [int] delay = 120000
debug time 19:29:21.279 :: After HeartBeat Count=69 Result=5
debug time 19:31:21.286 :: Before HeartBeat Count=70 Time=Wed Feb 8 2012 19:31:21 GMT+0100 AccountId=29131007 Session=8d6c8805-f759-46db-809c-60957ea845a0
debug ++ [int] eventPhase = 2
debug ++ [Boolean] bubbles = false
debug ++ [Boolean] cancelable = false
debug ++ [String] type = timer
debug +++ [int] repeatCount = 0
debug +++ [int] currentCount = 69
debug +++ [Boolean] running = true
debug +++ [int] delay = 120000
debug +++ [int] repeatCount = 0
debug +++ [int] currentCount = 69
debug +++ [Boolean] running = true
debug +++ [int] delay = 120000
debug time 19:31:22.278 :: After HeartBeat Count=70 Result=5
debug time 19:33:21.286 :: Before HeartBeat Count=71 Time=Wed Feb 8 2012 19:33:21 GMT+0100 AccountId=29131007 Session=8d6c8805-f759-46db-809c-60957ea845a0
debug ++ [int] eventPhase = 2
debug ++ [Boolean] bubbles = false
debug ++ [Boolean] cancelable = false
debug ++ [String] type = timer
debug +++ [int] repeatCount = 0
debug +++ [int] currentCount = 70
debug +++ [Boolean] running = true
debug +++ [int] delay = 120000
debug +++ [int] repeatCount = 0
debug +++ [int] currentCount = 70
debug +++ [Boolean] running = true
debug +++ [int] delay = 120000
debug time 19:33:22.278 :: After HeartBeat Count=71 Result=5
debug time 19:35:21.287 :: Before HeartBeat Count=72 Time=Wed Feb 8 2012 19:35:21 GMT+0100 AccountId=29131007 Session=8d6c8805-f759-46db-809c-60957ea845a0
debug ++ [int] eventPhase = 2
debug ++ [Boolean] bubbles = false
debug ++ [Boolean] cancelable = false
debug ++ [String] type = timer
debug +++ [int] repeatCount = 0
debug +++ [int] currentCount = 71
debug +++ [Boolean] running = true
debug +++ [int] delay = 120000
debug +++ [int] repeatCount = 0
debug +++ [int] currentCount = 71
debug +++ [Boolean] running = true
debug +++ [int] delay = 120000
debug time 19:35:22.279 :: After HeartBeat Count=72 Result=5
debug time 19:37:21.302 :: Before HeartBeat Count=73 Time=Wed Feb 8 2012 19:37:21 GMT+0100 AccountId=29131007 Session=8d6c8805-f759-46db-809c-60957ea845a0
debug ++ [int] eventPhase = 2
debug ++ [Boolean] bubbles = false
debug ++ [Boolean] cancelable = false
debug ++ [String] type = timer
debug +++ [int] repeatCount = 0
debug +++ [int] currentCount = 72
debug +++ [Boolean] running = true
debug +++ [int] delay = 120000
debug +++ [int] repeatCount = 0
debug +++ [int] currentCount = 72
debug +++ [Boolean] running = true
debug +++ [int] delay = 120000
debug time 19:37:22.278 :: After HeartBeat Count=73 Result=5
debug time 19:39:21.312 :: Before HeartBeat Count=74 Time=Wed Feb 8 2012 19:39:21 GMT+0100 AccountId=29131007 Session=8d6c8805-f759-46db-809c-60957ea845a0
debug ++ [int] eventPhase = 2
debug ++ [Boolean] bubbles = false
debug ++ [Boolean] cancelable = false
debug ++ [String] type = timer
debug +++ [int] repeatCount = 0
debug +++ [int] currentCount = 73
debug +++ [Boolean] running = true
debug +++ [int] delay = 120000
debug +++ [int] repeatCount = 0
debug +++ [int] currentCount = 73
debug +++ [Boolean] running = true
debug +++ [int] delay = 120000
debug time 19:39:22.283 :: After HeartBeat Count=74 Result=5
debug time 19:41:21.313 :: Before HeartBeat Count=75 Time=Wed Feb 8 2012 19:41:21 GMT+0100 AccountId=29131007 Session=8d6c8805-f759-46db-809c-60957ea845a0
debug ++ [int] eventPhase = 2
debug ++ [Boolean] bubbles = false
debug ++ [Boolean] cancelable = false
debug ++ [String] type = timer
debug +++ [int] repeatCount = 0
debug +++ [int] currentCount = 74
debug +++ [Boolean] running = true
debug +++ [int] delay = 120000
debug +++ [int] repeatCount = 0
debug +++ [int] currentCount = 74
debug +++ [Boolean] running = true
debug +++ [int] delay = 120000
debug time 19:41:22.279 :: After HeartBeat Count=75 Result=5
debug time 19:43:21.318 :: Before HeartBeat Count=76 Time=Wed Feb 8 2012 19:43:21 GMT+0100 AccountId=29131007 Session=8d6c8805-f759-46db-809c-60957ea845a0
debug ++ [int] eventPhase = 2
debug ++ [Boolean] bubbles = false
debug ++ [Boolean] cancelable = false
debug ++ [String] type = timer
debug +++ [int] repeatCount = 0
debug +++ [int] currentCount = 75
debug +++ [Boolean] running = true
debug +++ [int] delay = 120000
debug +++ [int] repeatCount = 0
debug +++ [int] currentCount = 75
debug +++ [Boolean] running = true
debug +++ [int] delay = 120000
debug time 19:43:22.279 :: After HeartBeat Count=76 Result=5
debug time 19:45:21.317 :: Before HeartBeat Count=77 Time=Wed Feb 8 2012 19:45:21 GMT+0100 AccountId=29131007 Session=8d6c8805-f759-46db-809c-60957ea845a0
debug ++ [int] eventPhase = 2
debug ++ [Boolean] bubbles = false
debug ++ [Boolean] cancelable = false
debug ++ [String] type = timer
debug +++ [int] repeatCount = 0
debug +++ [int] currentCount = 76
debug +++ [Boolean] running = true
debug +++ [int] delay = 120000
debug +++ [int] repeatCount = 0
debug +++ [int] currentCount = 76
debug +++ [Boolean] running = true
debug +++ [int] delay = 120000
debug time 19:45:22.279 :: After HeartBeat Count=77 Result=5
debug time 19:47:22.310 :: Before HeartBeat Count=78 Time=Wed Feb 8 2012 19:47:22 GMT+0100 AccountId=29131007 Session=8d6c8805-f759-46db-809c-60957ea845a0
debug ++ [int] eventPhase = 2
debug ++ [Boolean] bubbles = false
debug ++ [Boolean] cancelable = false
debug ++ [String] type = timer
debug +++ [int] repeatCount = 0
debug +++ [int] currentCount = 77
debug +++ [Boolean] running = true
debug +++ [int] delay = 120000
debug +++ [int] repeatCount = 0
debug +++ [int] currentCount = 77
debug +++ [Boolean] running = true
debug +++ [int] delay = 120000
debug time 19:47:23.278 :: After HeartBeat Count=78 Result=5
debug time 19:49:23.287 :: Before HeartBeat Count=79 Time=Wed Feb 8 2012 19:49:23 GMT+0100 AccountId=29131007 Session=8d6c8805-f759-46db-809c-60957ea845a0
debug ++ [int] eventPhase = 2
debug ++ [Boolean] bubbles = false
debug ++ [Boolean] cancelable = false
debug ++ [String] type = timer
debug +++ [int] repeatCount = 0
debug +++ [int] currentCount = 78
debug +++ [Boolean] running = true
debug +++ [int] delay = 120000
debug +++ [int] repeatCount = 0
debug +++ [int] currentCount = 78
debug +++ [Boolean] running = true
debug +++ [int] delay = 120000
debug time 19:49:24.278 :: After HeartBeat Count=79 Result=5
debug time 19:51:23.287 :: Before HeartBeat Count=80 Time=Wed Feb 8 2012 19:51:23 GMT+0100 AccountId=29131007 Session=8d6c8805-f759-46db-809c-60957ea845a0
debug ++ [int] eventPhase = 2
debug ++ [Boolean] bubbles = false
debug ++ [Boolean] cancelable = false
debug ++ [String] type = timer
debug +++ [int] repeatCount = 0
debug +++ [int] currentCount = 79
debug +++ [Boolean] running = true
debug +++ [int] delay = 120000
debug +++ [int] repeatCount = 0
debug +++ [int] currentCount = 79
debug +++ [Boolean] running = true
debug +++ [int] delay = 120000
debug time 19:51:24.278 :: After HeartBeat Count=80 Result=5
debug time 19:53:23.287 :: Before HeartBeat Count=81 Time=Wed Feb 8 2012 19:53:23 GMT+0100 AccountId=29131007 Session=8d6c8805-f759-46db-809c-60957ea845a0
debug ++ [int] eventPhase = 2
debug ++ [Boolean] bubbles = false
debug ++ [Boolean] cancelable = false
debug ++ [String] type = timer
debug +++ [int] repeatCount = 0
debug +++ [int] currentCount = 80
debug +++ [Boolean] running = true
debug +++ [int] delay = 120000
debug +++ [int] repeatCount = 0
debug +++ [int] currentCount = 80
debug +++ [Boolean] running = true
debug +++ [int] delay = 120000
debug time 19:53:24.278 :: After HeartBeat Count=81 Result=5
debug time 19:55:23.287 :: Before HeartBeat Count=82 Time=Wed Feb 8 2012 19:55:23 GMT+0100 AccountId=29131007 Session=8d6c8805-f759-46db-809c-60957ea845a0
debug ++ [int] eventPhase = 2
debug ++ [Boolean] bubbles = false
debug ++ [Boolean] cancelable = false
debug ++ [String] type = timer
debug +++ [int] repeatCount = 0
debug +++ [int] currentCount = 81
debug +++ [Boolean] running = true
debug +++ [int] delay = 120000
debug +++ [int] repeatCount = 0
debug +++ [int] currentCount = 81
debug +++ [Boolean] running = true
debug +++ [int] delay = 120000
debug time 19:55:24.278 :: After HeartBeat Count=82 Result=5
debug time 19:57:23.288 :: Before HeartBeat Count=83 Time=Wed Feb 8 2012 19:57:23 GMT+0100 AccountId=29131007 Session=8d6c8805-f759-46db-809c-60957ea845a0
debug ++ [int] eventPhase = 2
debug ++ [Boolean] bubbles = false
debug ++ [Boolean] cancelable = false
debug ++ [String] type = timer
debug +++ [int] repeatCount = 0
debug +++ [int] currentCount = 82
debug +++ [Boolean] running = true
debug +++ [int] delay = 120000
debug +++ [int] repeatCount = 0
debug +++ [int] currentCount = 82
debug +++ [Boolean] running = true
debug +++ [int] delay = 120000
debug time 19:57:24.279 :: After HeartBeat Count=83 Result=5
debug time 19:59:23.299 :: Before HeartBeat Count=84 Time=Wed Feb 8 2012 19:59:23 GMT+0100 AccountId=29131007 Session=8d6c8805-f759-46db-809c-60957ea845a0
debug ++ [int] eventPhase = 2
debug ++ [Boolean] bubbles = false
debug ++ [Boolean] cancelable = false
debug ++ [String] type = timer
debug +++ [int] repeatCount = 0
debug +++ [int] currentCount = 83
debug +++ [Boolean] running = true
debug +++ [int] delay = 120000
debug +++ [int] repeatCount = 0
debug +++ [int] currentCount = 83
debug +++ [Boolean] running = true
debug +++ [int] delay = 120000
debug time 19:59:24.284 :: After HeartBeat Count=84 Result=5
debug time 20:01:23.310 :: Before HeartBeat Count=85 Time=Wed Feb 8 2012 20:01:23 GMT+0100 AccountId=29131007 Session=8d6c8805-f759-46db-809c-60957ea845a0
debug ++ [int] eventPhase = 2
debug ++ [Boolean] bubbles = false
debug ++ [Boolean] cancelable = false
debug ++ [String] type = timer
debug +++ [int] repeatCount = 0
debug +++ [int] currentCount = 84
debug +++ [Boolean] running = true
debug +++ [int] delay = 120000
debug +++ [int] repeatCount = 0
debug +++ [int] currentCount = 84
debug +++ [Boolean] running = true
debug +++ [int] delay = 120000
debug time 20:01:24.279 :: After HeartBeat Count=85 Result=5
debug time 20:03:23.310 :: Before HeartBeat Count=86 Time=Wed Feb 8 2012 20:03:23 GMT+0100 AccountId=29131007 Session=8d6c8805-f759-46db-809c-60957ea845a0
debug ++ [int] eventPhase = 2
debug ++ [Boolean] bubbles = false
debug ++ [Boolean] cancelable = false
debug ++ [String] type = timer
debug +++ [int] repeatCount = 0
debug +++ [int] currentCount = 85
debug +++ [Boolean] running = true
debug +++ [int] delay = 120000
debug +++ [int] repeatCount = 0
debug +++ [int] currentCount = 85
debug +++ [Boolean] running = true
debug +++ [int] delay = 120000
debug time 20:03:24.279 :: After HeartBeat Count=86 Result=5
debug time 20:05:23.310 :: Before HeartBeat Count=87 Time=Wed Feb 8 2012 20:05:23 GMT+0100 AccountId=29131007 Session=8d6c8805-f759-46db-809c-60957ea845a0
debug ++ [int] eventPhase = 2
debug ++ [Boolean] bubbles = false
debug ++ [Boolean] cancelable = false
debug ++ [String] type = timer
debug +++ [int] repeatCount = 0
debug +++ [int] currentCount = 86
debug +++ [Boolean] running = true
debug +++ [int] delay = 120000
debug +++ [int] repeatCount = 0
debug +++ [int] currentCount = 86
debug +++ [Boolean] running = true
debug +++ [int] delay = 120000
debug time 20:05:24.278 :: After HeartBeat Count=87 Result=5
debug time 20:07:23.317 :: Before HeartBeat Count=88 Time=Wed Feb 8 2012 20:07:23 GMT+0100 AccountId=29131007 Session=8d6c8805-f759-46db-809c-60957ea845a0
debug ++ [int] eventPhase = 2
debug ++ [Boolean] bubbles = false
debug ++ [Boolean] cancelable = false
debug ++ [String] type = timer
debug +++ [int] repeatCount = 0
debug +++ [int] currentCount = 87
debug +++ [Boolean] running = true
debug +++ [int] delay = 120000
debug +++ [int] repeatCount = 0
debug +++ [int] currentCount = 87
debug +++ [Boolean] running = true
debug +++ [int] delay = 120000
debug time 20:07:24.278 :: After HeartBeat Count=88 Result=5
debug time 20:09:24.310 :: Before HeartBeat Count=89 Time=Wed Feb 8 2012 20:09:24 GMT+0100 AccountId=29131007 Session=8d6c8805-f759-46db-809c-60957ea845a0
debug ++ [int] eventPhase = 2
debug ++ [Boolean] bubbles = false
debug ++ [Boolean] cancelable = false
debug ++ [String] type = timer
debug +++ [int] repeatCount = 0
debug +++ [int] currentCount = 88
debug +++ [Boolean] running = true
debug +++ [int] delay = 120000
debug +++ [int] repeatCount = 0
debug +++ [int] currentCount = 88
debug +++ [Boolean] running = true
debug +++ [int] delay = 120000
debug time 20:09:25.278 :: After HeartBeat Count=89 Result=5
debug time 20:11:24.310 :: Before HeartBeat Count=90 Time=Wed Feb 8 2012 20:11:24 GMT+0100 AccountId=29131007 Session=8d6c8805-f759-46db-809c-60957ea845a0
debug ++ [int] eventPhase = 2
debug ++ [Boolean] bubbles = false
debug ++ [Boolean] cancelable = false
debug ++ [String] type = timer
debug +++ [int] repeatCount = 0
debug +++ [int] currentCount = 89
debug +++ [Boolean] running = true
debug +++ [int] delay = 120000
debug +++ [int] repeatCount = 0
debug +++ [int] currentCount = 89
debug +++ [Boolean] running = true
debug +++ [int] delay = 120000
debug time 20:11:25.278 :: After HeartBeat Count=90 Result=5
debug time 20:13:25.308 :: Before HeartBeat Count=91 Time=Wed Feb 8 2012 20:13:25 GMT+0100 AccountId=29131007 Session=8d6c8805-f759-46db-809c-60957ea845a0
debug ++ [int] eventPhase = 2
debug ++ [Boolean] bubbles = false
debug ++ [Boolean] cancelable = false
debug ++ [String] type = timer
debug +++ [int] repeatCount = 0
debug +++ [int] currentCount = 90
debug +++ [Boolean] running = true
debug +++ [int] delay = 120000
debug +++ [int] repeatCount = 0
debug +++ [int] currentCount = 90
debug +++ [Boolean] running = true
debug +++ [int] delay = 120000
debug time 20:13:26.279 :: After HeartBeat Count=91 Result=5
debug time 20:15:25.996 :: Before HeartBeat Count=92 Time=Wed Feb 8 2012 20:15:25 GMT+0100 AccountId=29131007 Session=8d6c8805-f759-46db-809c-60957ea845a0
debug ++ [int] eventPhase = 2
debug ++ [Boolean] bubbles = false
debug ++ [Boolean] cancelable = false
debug ++ [String] type = timer
debug +++ [int] repeatCount = 0
debug +++ [int] currentCount = 91
debug +++ [Boolean] running = true
debug +++ [int] delay = 120000
debug +++ [int] repeatCount = 0
debug +++ [int] currentCount = 91
debug +++ [Boolean] running = true
debug +++ [int] delay = 120000
debug time 20:15:26.173 :: After HeartBeat Count=92 Result=5
debug time 20:17:26.368 :: Before HeartBeat Count=93 Time=Wed Feb 8 2012 20:17:26 GMT+0100 AccountId=29131007 Session=8d6c8805-f759-46db-809c-60957ea845a0
debug ++ [int] eventPhase = 2
debug ++ [Boolean] bubbles = false
debug ++ [Boolean] cancelable = false
debug ++ [String] type = timer
debug +++ [int] repeatCount = 0
debug +++ [int] currentCount = 92
debug +++ [Boolean] running = true
debug +++ [int] delay = 120000
debug +++ [int] repeatCount = 0
debug +++ [int] currentCount = 92
debug +++ [Boolean] running = true
debug +++ [int] delay = 120000
debug time 20:17:27.359 :: After HeartBeat Count=93 Result=5
debug time 20:19:26.391 :: Before HeartBeat Count=94 Time=Wed Feb 8 2012 20:19:26 GMT+0100 AccountId=29131007 Session=8d6c8805-f759-46db-809c-60957ea845a0
debug ++ [int] eventPhase = 2
debug ++ [Boolean] bubbles = false
debug ++ [Boolean] cancelable = false
debug ++ [String] type = timer
debug +++ [int] repeatCount = 0
debug +++ [int] currentCount = 93
debug +++ [Boolean] running = true
debug +++ [int] delay = 120000
debug +++ [int] repeatCount = 0
debug +++ [int] currentCount = 93
debug +++ [Boolean] running = true
debug +++ [int] delay = 120000
debug time 20:19:27.358 :: After HeartBeat Count=94 Result=5
debug time 20:21:26.391 :: Before HeartBeat Count=95 Time=Wed Feb 8 2012 20:21:26 GMT+0100 AccountId=29131007 Session=8d6c8805-f759-46db-809c-60957ea845a0
debug ++ [int] eventPhase = 2
debug ++ [Boolean] bubbles = false
debug ++ [Boolean] cancelable = false
debug ++ [String] type = timer
debug +++ [int] repeatCount = 0
debug +++ [int] currentCount = 94
debug +++ [Boolean] running = true
debug +++ [int] delay = 120000
debug +++ [int] repeatCount = 0
debug +++ [int] currentCount = 94
debug +++ [Boolean] running = true
debug +++ [int] delay = 120000
debug time 20:21:27.358 :: After HeartBeat Count=95 Result=5
debug time 20:23:26.396 :: Before HeartBeat Count=96 Time=Wed Feb 8 2012 20:23:26 GMT+0100 AccountId=29131007 Session=8d6c8805-f759-46db-809c-60957ea845a0
debug ++ [int] eventPhase = 2
debug ++ [Boolean] bubbles = false
debug ++ [Boolean] cancelable = false
debug ++ [String] type = timer
debug +++ [int] repeatCount = 0
debug +++ [int] currentCount = 95
debug +++ [Boolean] running = true
debug +++ [int] delay = 120000
debug +++ [int] repeatCount = 0
debug +++ [int] currentCount = 95
debug +++ [Boolean] running = true
debug +++ [int] delay = 120000
debug time 20:23:27.364 :: After HeartBeat Count=96 Result=5
debug time 20:25:26.396 :: Before HeartBeat Count=97 Time=Wed Feb 8 2012 20:25:26 GMT+0100 AccountId=29131007 Session=8d6c8805-f759-46db-809c-60957ea845a0
debug ++ [int] eventPhase = 2
debug ++ [Boolean] bubbles = false
debug ++ [Boolean] cancelable = false
debug ++ [String] type = timer
debug +++ [int] repeatCount = 0
debug +++ [int] currentCount = 96
debug +++ [Boolean] running = true
debug +++ [int] delay = 120000
debug +++ [int] repeatCount = 0
debug +++ [int] currentCount = 96
debug +++ [Boolean] running = true
debug +++ [int] delay = 120000
debug time 20:25:27.358 :: After HeartBeat Count=97 Result=5
debug time 20:27:26.396 :: Before HeartBeat Count=98 Time=Wed Feb 8 2012 20:27:26 GMT+0100 AccountId=29131007 Session=8d6c8805-f759-46db-809c-60957ea845a0
debug ++ [int] eventPhase = 2
debug ++ [Boolean] bubbles = false
debug ++ [Boolean] cancelable = false
debug ++ [String] type = timer
debug +++ [int] repeatCount = 0
debug +++ [int] currentCount = 97
debug +++ [Boolean] running = true
debug +++ [int] delay = 120000
debug +++ [int] repeatCount = 0
debug +++ [int] currentCount = 97
debug +++ [Boolean] running = true
debug +++ [int] delay = 120000
debug time 20:27:27.363 :: After HeartBeat Count=98 Result=5
debug time 20:29:26.397 :: Before HeartBeat Count=99 Time=Wed Feb 8 2012 20:29:26 GMT+0100 AccountId=29131007 Session=8d6c8805-f759-46db-809c-60957ea845a0
debug ++ [int] eventPhase = 2
debug ++ [Boolean] bubbles = false
debug ++ [Boolean] cancelable = false
debug ++ [String] type = timer
debug +++ [int] repeatCount = 0
debug +++ [int] currentCount = 98
debug +++ [Boolean] running = true
debug +++ [int] delay = 120000
debug +++ [int] repeatCount = 0
debug +++ [int] currentCount = 98
debug +++ [Boolean] running = true
debug +++ [int] delay = 120000
debug time 20:29:27.359 :: After HeartBeat Count=99 Result=5
debug time 20:31:26.397 :: Before HeartBeat Count=100 Time=Wed Feb 8 2012 20:31:26 GMT+0100 AccountId=29131007 Session=8d6c8805-f759-46db-809c-60957ea845a0
debug ++ [int] eventPhase = 2
debug ++ [Boolean] bubbles = false
debug ++ [Boolean] cancelable = false
debug ++ [String] type = timer
debug +++ [int] repeatCount = 0
debug +++ [int] currentCount = 99
debug +++ [Boolean] running = true
debug +++ [int] delay = 120000
debug +++ [int] repeatCount = 0
debug +++ [int] currentCount = 99
debug +++ [Boolean] running = true
debug +++ [int] delay = 120000
debug time 20:31:27.364 :: After HeartBeat Count=100 Result=5
debug time 20:33:27.391 :: Before HeartBeat Count=101 Time=Wed Feb 8 2012 20:33:27 GMT+0100 AccountId=29131007 Session=8d6c8805-f759-46db-809c-60957ea845a0
debug ++ [int] eventPhase = 2
debug ++ [Boolean] bubbles = false
debug ++ [Boolean] cancelable = false
debug ++ [String] type = timer
debug +++ [int] repeatCount = 0
debug +++ [int] currentCount = 100
debug +++ [Boolean] running = true
debug +++ [int] delay = 120000
debug +++ [int] repeatCount = 0
debug +++ [int] currentCount = 100
debug +++ [Boolean] running = true
debug +++ [int] delay = 120000
debug time 20:33:28.359 :: After HeartBeat Count=101 Result=5
debug time 20:35:28.397 :: Before HeartBeat Count=102 Time=Wed Feb 8 2012 20:35:28 GMT+0100 AccountId=29131007 Session=8d6c8805-f759-46db-809c-60957ea845a0
debug ++ [int] eventPhase = 2
debug ++ [Boolean] bubbles = false
debug ++ [Boolean] cancelable = false
debug ++ [String] type = timer
debug +++ [int] repeatCount = 0
debug +++ [int] currentCount = 101
debug +++ [Boolean] running = true
debug +++ [int] delay = 120000
debug +++ [int] repeatCount = 0
debug +++ [int] currentCount = 101
debug +++ [Boolean] running = true
debug +++ [int] delay = 120000
debug time 20:35:29.359 :: After HeartBeat Count=102 Result=5
debug time 20:37:29.390 :: Before HeartBeat Count=103 Time=Wed Feb 8 2012 20:37:29 GMT+0100 AccountId=29131007 Session=8d6c8805-f759-46db-809c-60957ea845a0
debug ++ [int] eventPhase = 2
debug ++ [Boolean] bubbles = false
debug ++ [Boolean] cancelable = false
debug ++ [String] type = timer
debug +++ [int] repeatCount = 0
debug +++ [int] currentCount = 102
debug +++ [Boolean] running = true
debug +++ [int] delay = 120000
debug +++ [int] repeatCount = 0
debug +++ [int] currentCount = 102
debug +++ [Boolean] running = true
debug +++ [int] delay = 120000
debug time 20:37:30.358 :: After HeartBeat Count=103 Result=5
debug time 20:39:30.395 :: Before HeartBeat Count=104 Time=Wed Feb 8 2012 20:39:30 GMT+0100 AccountId=29131007 Session=8d6c8805-f759-46db-809c-60957ea845a0
debug ++ [int] eventPhase = 2
debug ++ [Boolean] bubbles = false
debug ++ [Boolean] cancelable = false
debug ++ [String] type = timer
debug +++ [int] repeatCount = 0
debug +++ [int] currentCount = 103
debug +++ [Boolean] running = true
debug +++ [int] delay = 120000
debug +++ [int] repeatCount = 0
debug +++ [int] currentCount = 103
debug +++ [Boolean] running = true
debug +++ [int] delay = 120000
debug time 20:39:31.363 :: After HeartBeat Count=104 Result=5
debug time 20:41:30.395 :: Before HeartBeat Count=105 Time=Wed Feb 8 2012 20:41:30 GMT+0100 AccountId=29131007 Session=8d6c8805-f759-46db-809c-60957ea845a0
debug ++ [int] eventPhase = 2
debug ++ [Boolean] bubbles = false
debug ++ [Boolean] cancelable = false
debug ++ [String] type = timer
debug +++ [int] repeatCount = 0
debug +++ [int] currentCount = 104
debug +++ [Boolean] running = true
debug +++ [int] delay = 120000
debug +++ [int] repeatCount = 0
debug +++ [int] currentCount = 104
debug +++ [Boolean] running = true
debug +++ [int] delay = 120000
debug time 20:41:31.363 :: After HeartBeat Count=105 Result=5
debug time 20:43:31.390 :: Before HeartBeat Count=106 Time=Wed Feb 8 2012 20:43:31 GMT+0100 AccountId=29131007 Session=8d6c8805-f759-46db-809c-60957ea845a0
debug ++ [int] eventPhase = 2
debug ++ [Boolean] bubbles = false
debug ++ [Boolean] cancelable = false
debug ++ [String] type = timer
debug +++ [int] repeatCount = 0
debug +++ [int] currentCount = 105
debug +++ [Boolean] running = true
debug +++ [int] delay = 120000
debug +++ [int] repeatCount = 0
debug +++ [int] currentCount = 105
debug +++ [Boolean] running = true
debug +++ [int] delay = 120000
debug time 20:43:32.358 :: After HeartBeat Count=106 Result=5
debug time 20:45:31.391 :: Before HeartBeat Count=107 Time=Wed Feb 8 2012 20:45:31 GMT+0100 AccountId=29131007 Session=8d6c8805-f759-46db-809c-60957ea845a0
debug ++ [int] eventPhase = 2
debug ++ [Boolean] bubbles = false
debug ++ [Boolean] cancelable = false
debug ++ [String] type = timer
debug +++ [int] repeatCount = 0
debug +++ [int] currentCount = 106
debug +++ [Boolean] running = true
debug +++ [int] delay = 120000
debug +++ [int] repeatCount = 0
debug +++ [int] currentCount = 106
debug +++ [Boolean] running = true
debug +++ [int] delay = 120000
debug time 20:45:32.358 :: After HeartBeat Count=107 Result=5
debug time 20:47:31.396 :: Before HeartBeat Count=108 Time=Wed Feb 8 2012 20:47:31 GMT+0100 AccountId=29131007 Session=8d6c8805-f759-46db-809c-60957ea845a0
debug ++ [int] eventPhase = 2
debug ++ [Boolean] bubbles = false
debug ++ [Boolean] cancelable = false
debug ++ [String] type = timer
debug +++ [int] repeatCount = 0
debug +++ [int] currentCount = 107
debug +++ [Boolean] running = true
debug +++ [int] delay = 120000
debug +++ [int] repeatCount = 0
debug +++ [int] currentCount = 107
debug +++ [Boolean] running = true
debug +++ [int] delay = 120000
debug time 20:47:32.363 :: After HeartBeat Count=108 Result=5
debug time 20:49:32.367 :: Before HeartBeat Count=109 Time=Wed Feb 8 2012 20:49:32 GMT+0100 AccountId=29131007 Session=8d6c8805-f759-46db-809c-60957ea845a0
debug ++ [int] eventPhase = 2
debug ++ [Boolean] bubbles = false
debug ++ [Boolean] cancelable = false
debug ++ [String] type = timer
debug +++ [int] repeatCount = 0
debug +++ [int] currentCount = 108
debug +++ [Boolean] running = true
debug +++ [int] delay = 120000
debug +++ [int] repeatCount = 0
debug +++ [int] currentCount = 108
debug +++ [Boolean] running = true
debug +++ [int] delay = 120000
debug time 20:49:33.359 :: After HeartBeat Count=109 Result=5
debug time 20:51:32.368 :: Before HeartBeat Count=110 Time=Wed Feb 8 2012 20:51:32 GMT+0100 AccountId=29131007 Session=8d6c8805-f759-46db-809c-60957ea845a0
debug ++ [int] eventPhase = 2
debug ++ [Boolean] bubbles = false
debug ++ [Boolean] cancelable = false
debug ++ [String] type = timer
debug +++ [int] repeatCount = 0
debug +++ [int] currentCount = 109
debug +++ [Boolean] running = true
debug +++ [int] delay = 120000
debug +++ [int] repeatCount = 0
debug +++ [int] currentCount = 109
debug +++ [Boolean] running = true
debug +++ [int] delay = 120000
debug time 20:51:33.359 :: After HeartBeat Count=110 Result=5
debug time 20:53:32.396 :: Before HeartBeat Count=111 Time=Wed Feb 8 2012 20:53:32 GMT+0100 AccountId=29131007 Session=8d6c8805-f759-46db-809c-60957ea845a0
debug ++ [int] eventPhase = 2
debug ++ [Boolean] bubbles = false
debug ++ [Boolean] cancelable = false
debug ++ [String] type = timer
debug +++ [int] repeatCount = 0
debug +++ [int] currentCount = 110
debug +++ [Boolean] running = true
debug +++ [int] delay = 120000
debug +++ [int] repeatCount = 0
debug +++ [int] currentCount = 110
debug +++ [Boolean] running = true
debug +++ [int] delay = 120000
debug time 20:53:33.359 :: After HeartBeat Count=111 Result=5
debug time 20:55:33.365 :: Before HeartBeat Count=112 Time=Wed Feb 8 2012 20:55:33 GMT+0100 AccountId=29131007 Session=8d6c8805-f759-46db-809c-60957ea845a0
debug ++ [int] eventPhase = 2
debug ++ [Boolean] bubbles = false
debug ++ [Boolean] cancelable = false
debug ++ [String] type = timer
debug +++ [int] repeatCount = 0
debug +++ [int] currentCount = 111
debug +++ [Boolean] running = true
debug +++ [int] delay = 120000
debug +++ [int] repeatCount = 0
debug +++ [int] currentCount = 111
debug +++ [Boolean] running = true
debug +++ [int] delay = 120000
debug time 20:55:34.358 :: After HeartBeat Count=112 Result=5
debug time 20:57:34.366 :: Before HeartBeat Count=113 Time=Wed Feb 8 2012 20:57:34 GMT+0100 AccountId=29131007 Session=8d6c8805-f759-46db-809c-60957ea845a0
debug ++ [int] eventPhase = 2
debug ++ [Boolean] bubbles = false
debug ++ [Boolean] cancelable = false
debug ++ [String] type = timer
debug +++ [int] repeatCount = 0
debug +++ [int] currentCount = 112
debug +++ [Boolean] running = true
debug +++ [int] delay = 120000
debug +++ [int] repeatCount = 0
debug +++ [int] currentCount = 112
debug +++ [Boolean] running = true
debug +++ [int] delay = 120000
debug time 20:57:35.358 :: After HeartBeat Count=113 Result=5
debug time 20:59:34.366 :: Before HeartBeat Count=114 Time=Wed Feb 8 2012 20:59:34 GMT+0100 AccountId=29131007 Session=8d6c8805-f759-46db-809c-60957ea845a0
debug ++ [int] eventPhase = 2
debug ++ [Boolean] bubbles = false
debug ++ [Boolean] cancelable = false
debug ++ [String] type = timer
debug +++ [int] repeatCount = 0
debug +++ [int] currentCount = 113
debug +++ [Boolean] running = true
debug +++ [int] delay = 120000
debug +++ [int] repeatCount = 0
debug +++ [int] currentCount = 113
debug +++ [Boolean] running = true
debug +++ [int] delay = 120000
debug time 20:59:35.358 :: After HeartBeat Count=114 Result=5
debug time 21:01:34.367 :: Before HeartBeat Count=115 Time=Wed Feb 8 2012 21:01:34 GMT+0100 AccountId=29131007 Session=8d6c8805-f759-46db-809c-60957ea845a0
debug ++ [int] eventPhase = 2
debug ++ [Boolean] bubbles = false
debug ++ [Boolean] cancelable = false
debug ++ [String] type = timer
debug +++ [int] repeatCount = 0
debug +++ [int] currentCount = 114
debug +++ [Boolean] running = true
debug +++ [int] delay = 120000
debug +++ [int] repeatCount = 0
debug +++ [int] currentCount = 114
debug +++ [Boolean] running = true
debug +++ [int] delay = 120000
debug time 21:01:35.358 :: After HeartBeat Count=115 Result=5
debug time 21:03:34.386 :: Before HeartBeat Count=116 Time=Wed Feb 8 2012 21:03:34 GMT+0100 AccountId=29131007 Session=8d6c8805-f759-46db-809c-60957ea845a0
debug ++ [int] eventPhase = 2
debug ++ [Boolean] bubbles = false
debug ++ [Boolean] cancelable = false
debug ++ [String] type = timer
debug +++ [int] repeatCount = 0
debug +++ [int] currentCount = 115
debug +++ [Boolean] running = true
debug +++ [int] delay = 120000
debug +++ [int] repeatCount = 0
debug +++ [int] currentCount = 115
debug +++ [Boolean] running = true
debug +++ [int] delay = 120000
debug time 21:03:35.358 :: After HeartBeat Count=116 Result=5
debug time 21:05:35.366 :: Before HeartBeat Count=117 Time=Wed Feb 8 2012 21:05:35 GMT+0100 AccountId=29131007 Session=8d6c8805-f759-46db-809c-60957ea845a0
debug ++ [int] eventPhase = 2
debug ++ [Boolean] bubbles = false
debug ++ [Boolean] cancelable = false
debug ++ [String] type = timer
debug +++ [int] repeatCount = 0
debug +++ [int] currentCount = 116
debug +++ [Boolean] running = true
debug +++ [int] delay = 120000
debug +++ [int] repeatCount = 0
debug +++ [int] currentCount = 116
debug +++ [Boolean] running = true
debug +++ [int] delay = 120000
debug time 21:05:36.358 :: After HeartBeat Count=117 Result=5
debug time 21:07:36.138 :: Before HeartBeat Count=118 Time=Wed Feb 8 2012 21:07:36 GMT+0100 AccountId=29131007 Session=8d6c8805-f759-46db-809c-60957ea845a0
debug ++ [int] eventPhase = 2
debug ++ [Boolean] bubbles = false
debug ++ [Boolean] cancelable = false
debug ++ [String] type = timer
debug +++ [int] repeatCount = 0
debug +++ [int] currentCount = 117
debug +++ [Boolean] running = true
debug +++ [int] delay = 120000
debug +++ [int] repeatCount = 0
debug +++ [int] currentCount = 117
debug +++ [Boolean] running = true
debug +++ [int] delay = 120000
debug time 21:07:37.121 :: After HeartBeat Count=118 Result=5
debug time 21:09:37.125 :: Before HeartBeat Count=119 Time=Wed Feb 8 2012 21:09:37 GMT+0100 AccountId=29131007 Session=8d6c8805-f759-46db-809c-60957ea845a0
debug ++ [int] eventPhase = 2
debug ++ [Boolean] bubbles = false
debug ++ [Boolean] cancelable = false
debug ++ [String] type = timer
debug +++ [int] repeatCount = 0
debug +++ [int] currentCount = 118
debug +++ [Boolean] running = true
debug +++ [int] delay = 120000
debug +++ [int] repeatCount = 0
debug +++ [int] currentCount = 118
debug +++ [Boolean] running = true
debug +++ [int] delay = 120000
debug time 21:09:38.116 :: After HeartBeat Count=119 Result=5
debug time 21:11:38.123 :: Before HeartBeat Count=120 Time=Wed Feb 8 2012 21:11:38 GMT+0100 AccountId=29131007 Session=8d6c8805-f759-46db-809c-60957ea845a0
debug ++ [int] eventPhase = 2
debug ++ [Boolean] bubbles = false
debug ++ [Boolean] cancelable = false
debug ++ [String] type = timer
debug +++ [int] repeatCount = 0
debug +++ [int] currentCount = 119
debug +++ [Boolean] running = true
debug +++ [int] delay = 120000
debug +++ [int] repeatCount = 0
debug +++ [int] currentCount = 119
debug +++ [Boolean] running = true
debug +++ [int] delay = 120000
debug time 21:11:39.116 :: After HeartBeat Count=120 Result=5
debug time 21:13:38.122 :: Before HeartBeat Count=121 Time=Wed Feb 8 2012 21:13:38 GMT+0100 AccountId=29131007 Session=8d6c8805-f759-46db-809c-60957ea845a0
debug ++ [int] eventPhase = 2
debug ++ [Boolean] bubbles = false
debug ++ [Boolean] cancelable = false
debug ++ [String] type = timer
debug +++ [int] repeatCount = 0
debug +++ [int] currentCount = 120
debug +++ [Boolean] running = true
debug +++ [int] delay = 120000
debug +++ [int] repeatCount = 0
debug +++ [int] currentCount = 120
debug +++ [Boolean] running = true
debug +++ [int] delay = 120000
debug time 21:13:39.115 :: After HeartBeat Count=121 Result=5
debug time 21:15:38.122 :: Before HeartBeat Count=122 Time=Wed Feb 8 2012 21:15:38 GMT+0100 AccountId=29131007 Session=8d6c8805-f759-46db-809c-60957ea845a0
debug ++ [int] eventPhase = 2
debug ++ [Boolean] bubbles = false
debug ++ [Boolean] cancelable = false
debug ++ [String] type = timer
debug +++ [int] repeatCount = 0
debug +++ [int] currentCount = 121
debug +++ [Boolean] running = true
debug +++ [int] delay = 120000
debug +++ [int] repeatCount = 0
debug +++ [int] currentCount = 121
debug +++ [Boolean] running = true
debug +++ [int] delay = 120000
debug time 21:15:39.115 :: After HeartBeat Count=122 Result=5
debug time 21:17:38.122 :: Before HeartBeat Count=123 Time=Wed Feb 8 2012 21:17:38 GMT+0100 AccountId=29131007 Session=8d6c8805-f759-46db-809c-60957ea845a0
debug ++ [int] eventPhase = 2
debug ++ [Boolean] bubbles = false
debug ++ [Boolean] cancelable = false
debug ++ [String] type = timer
debug +++ [int] repeatCount = 0
debug +++ [int] currentCount = 122
debug +++ [Boolean] running = true
debug +++ [int] delay = 120000
debug +++ [int] repeatCount = 0
debug +++ [int] currentCount = 122
debug +++ [Boolean] running = true
debug +++ [int] delay = 120000
debug time 21:17:39.115 :: After HeartBeat Count=123 Result=5
debug time 21:19:38.122 :: Before HeartBeat Count=124 Time=Wed Feb 8 2012 21:19:38 GMT+0100 AccountId=29131007 Session=8d6c8805-f759-46db-809c-60957ea845a0
debug ++ [int] eventPhase = 2
debug ++ [Boolean] bubbles = false
debug ++ [Boolean] cancelable = false
debug ++ [String] type = timer
debug +++ [int] repeatCount = 0
debug +++ [int] currentCount = 123
debug +++ [Boolean] running = true
debug +++ [int] delay = 120000
debug +++ [int] repeatCount = 0
debug +++ [int] currentCount = 123
debug +++ [Boolean] running = true
debug +++ [int] delay = 120000
debug time 21:19:39.115 :: After HeartBeat Count=124 Result=5
debug time 21:21:38.122 :: Before HeartBeat Count=125 Time=Wed Feb 8 2012 21:21:38 GMT+0100 AccountId=29131007 Session=8d6c8805-f759-46db-809c-60957ea845a0
debug ++ [int] eventPhase = 2
debug ++ [Boolean] bubbles = false
debug ++ [Boolean] cancelable = false
debug ++ [String] type = timer
debug +++ [int] repeatCount = 0
debug +++ [int] currentCount = 124
debug +++ [Boolean] running = true
debug +++ [int] delay = 120000
debug +++ [int] repeatCount = 0
debug +++ [int] currentCount = 124
debug +++ [Boolean] running = true
debug +++ [int] delay = 120000
debug time 21:21:39.115 :: After HeartBeat Count=125 Result=5
debug time 21:23:38.125 :: Before HeartBeat Count=126 Time=Wed Feb 8 2012 21:23:38 GMT+0100 AccountId=29131007 Session=8d6c8805-f759-46db-809c-60957ea845a0
debug ++ [int] eventPhase = 2
debug ++ [Boolean] bubbles = false
debug ++ [Boolean] cancelable = false
debug ++ [String] type = timer
debug +++ [int] repeatCount = 0
debug +++ [int] currentCount = 125
debug +++ [Boolean] running = true
debug +++ [int] delay = 120000
debug +++ [int] repeatCount = 0
debug +++ [int] currentCount = 125
debug +++ [Boolean] running = true
debug +++ [int] delay = 120000
debug time 21:23:39.117 :: After HeartBeat Count=126 Result=5
debug time 21:25:39.125 :: Before HeartBeat Count=127 Time=Wed Feb 8 2012 21:25:39 GMT+0100 AccountId=29131007 Session=8d6c8805-f759-46db-809c-60957ea845a0
debug ++ [int] eventPhase = 2
debug ++ [Boolean] bubbles = false
debug ++ [Boolean] cancelable = false
debug ++ [String] type = timer
debug +++ [int] repeatCount = 0
debug +++ [int] currentCount = 126
debug +++ [Boolean] running = true
debug +++ [int] delay = 120000
debug +++ [int] repeatCount = 0
debug +++ [int] currentCount = 126
debug +++ [Boolean] running = true
debug +++ [int] delay = 120000
debug time 21:25:40.116 :: After HeartBeat Count=127 Result=5
debug time 21:27:40.123 :: Before HeartBeat Count=128 Time=Wed Feb 8 2012 21:27:40 GMT+0100 AccountId=29131007 Session=8d6c8805-f759-46db-809c-60957ea845a0
debug ++ [int] eventPhase = 2
debug ++ [Boolean] bubbles = false
debug ++ [Boolean] cancelable = false
debug ++ [String] type = timer
debug +++ [int] repeatCount = 0
debug +++ [int] currentCount = 127
debug +++ [Boolean] running = true
debug +++ [int] delay = 120000
debug +++ [int] repeatCount = 0
debug +++ [int] currentCount = 127
debug +++ [Boolean] running = true
debug +++ [int] delay = 120000
debug time 21:27:41.116 :: After HeartBeat Count=128 Result=5
debug time 21:29:40.122 :: Before HeartBeat Count=129 Time=Wed Feb 8 2012 21:29:40 GMT+0100 AccountId=29131007 Session=8d6c8805-f759-46db-809c-60957ea845a0
debug ++ [int] eventPhase = 2
debug ++ [Boolean] bubbles = false
debug ++ [Boolean] cancelable = false
debug ++ [String] type = timer
debug +++ [int] repeatCount = 0
debug +++ [int] currentCount = 128
debug +++ [Boolean] running = true
debug +++ [int] delay = 120000
debug +++ [int] repeatCount = 0
debug +++ [int] currentCount = 128
debug +++ [Boolean] running = true
debug +++ [int] delay = 120000
debug time 21:29:41.116 :: After HeartBeat Count=129 Result=5
