debug time 18:18:40.376 :: Before HeartBeat Count=1 Time=Tue Mar 27 2012 18:18:40 GMT+0200 AccountId=29131007 Session=9b5a0de7-8d44-4b77-8324-839bbc37fed2
STOP LOGGING: More than 0 nested objects or properties. 
debug time 18:18:40.762 :: After HeartBeat Count=1 Result=5
debug time 18:20:40.404 :: Before HeartBeat Count=2 Time=Tue Mar 27 2012 18:20:40 GMT+0200 AccountId=29131007 Session=9b5a0de7-8d44-4b77-8324-839bbc37fed2
debug ++ [int] eventPhase = 2
debug ++ [Boolean] bubbles = false
debug ++ [Boolean] cancelable = false
debug ++ [String] type = timer
debug +++ [int] repeatCount = 0
debug +++ [int] currentCount = 1
debug +++ [Boolean] running = true
debug +++ [int] delay = 120000
debug +++ [int] repeatCount = 0
debug +++ [int] currentCount = 1
debug +++ [Boolean] running = true
debug +++ [int] delay = 120000
debug time 18:20:40.600 :: After HeartBeat Count=2 Result=5
debug time 18:22:40.980 :: Before HeartBeat Count=3 Time=Tue Mar 27 2012 18:22:40 GMT+0200 AccountId=29131007 Session=9b5a0de7-8d44-4b77-8324-839bbc37fed2
debug ++ [int] eventPhase = 2
debug ++ [Boolean] bubbles = false
debug ++ [Boolean] cancelable = false
debug ++ [String] type = timer
debug +++ [int] repeatCount = 0
debug +++ [int] currentCount = 2
debug +++ [Boolean] running = true
debug +++ [int] delay = 120000
debug +++ [int] repeatCount = 0
debug +++ [int] currentCount = 2
debug +++ [Boolean] running = true
debug +++ [int] delay = 120000
debug time 18:22:41.153 :: After HeartBeat Count=3 Result=5
debug time 18:24:41.979 :: Before HeartBeat Count=4 Time=Tue Mar 27 2012 18:24:41 GMT+0200 AccountId=29131007 Session=9b5a0de7-8d44-4b77-8324-839bbc37fed2
debug ++ [int] eventPhase = 2
debug ++ [Boolean] bubbles = false
debug ++ [Boolean] cancelable = false
debug ++ [String] type = timer
debug +++ [int] repeatCount = 0
debug +++ [int] currentCount = 3
debug +++ [Boolean] running = true
debug +++ [int] delay = 120000
debug +++ [int] repeatCount = 0
debug +++ [int] currentCount = 3
debug +++ [Boolean] running = true
debug +++ [int] delay = 120000
debug time 18:24:42.151 :: After HeartBeat Count=4 Result=5
debug time 18:26:41.979 :: Before HeartBeat Count=5 Time=Tue Mar 27 2012 18:26:41 GMT+0200 AccountId=29131007 Session=9b5a0de7-8d44-4b77-8324-839bbc37fed2
debug ++ [int] eventPhase = 2
debug ++ [Boolean] bubbles = false
debug ++ [Boolean] cancelable = false
debug ++ [String] type = timer
debug +++ [int] repeatCount = 0
debug +++ [int] currentCount = 4
debug +++ [Boolean] running = true
debug +++ [int] delay = 120000
debug +++ [int] repeatCount = 0
debug +++ [int] currentCount = 4
debug +++ [Boolean] running = true
debug +++ [int] delay = 120000
debug time 18:26:42.149 :: After HeartBeat Count=5 Result=5
debug time 18:28:42.977 :: Before HeartBeat Count=6 Time=Tue Mar 27 2012 18:28:42 GMT+0200 AccountId=29131007 Session=9b5a0de7-8d44-4b77-8324-839bbc37fed2
debug ++ [int] eventPhase = 2
debug ++ [Boolean] bubbles = false
debug ++ [Boolean] cancelable = false
debug ++ [String] type = timer
debug +++ [int] repeatCount = 0
debug +++ [int] currentCount = 5
debug +++ [Boolean] running = true
debug +++ [int] delay = 120000
debug +++ [int] repeatCount = 0
debug +++ [int] currentCount = 5
debug +++ [Boolean] running = true
debug +++ [int] delay = 120000
debug time 18:28:43.147 :: After HeartBeat Count=6 Result=5
debug time 18:30:42.978 :: Before HeartBeat Count=7 Time=Tue Mar 27 2012 18:30:42 GMT+0200 AccountId=29131007 Session=9b5a0de7-8d44-4b77-8324-839bbc37fed2
debug ++ [int] eventPhase = 2
debug ++ [Boolean] bubbles = false
debug ++ [Boolean] cancelable = false
debug ++ [String] type = timer
debug +++ [int] repeatCount = 0
debug +++ [int] currentCount = 6
debug +++ [Boolean] running = true
debug +++ [int] delay = 120000
debug +++ [int] repeatCount = 0
debug +++ [int] currentCount = 6
debug +++ [Boolean] running = true
debug +++ [int] delay = 120000
debug time 18:30:43.149 :: After HeartBeat Count=7 Result=5
debug time 18:32:42.978 :: Before HeartBeat Count=8 Time=Tue Mar 27 2012 18:32:42 GMT+0200 AccountId=29131007 Session=9b5a0de7-8d44-4b77-8324-839bbc37fed2
debug ++ [int] eventPhase = 2
debug ++ [Boolean] bubbles = false
debug ++ [Boolean] cancelable = false
debug ++ [String] type = timer
debug +++ [int] repeatCount = 0
debug +++ [int] currentCount = 7
debug +++ [Boolean] running = true
debug +++ [int] delay = 120000
debug +++ [int] repeatCount = 0
debug +++ [int] currentCount = 7
debug +++ [Boolean] running = true
debug +++ [int] delay = 120000
debug time 18:32:43.149 :: After HeartBeat Count=8 Result=5
debug time 18:34:42.978 :: Before HeartBeat Count=9 Time=Tue Mar 27 2012 18:34:42 GMT+0200 AccountId=29131007 Session=9b5a0de7-8d44-4b77-8324-839bbc37fed2
debug ++ [int] eventPhase = 2
debug ++ [Boolean] bubbles = false
debug ++ [Boolean] cancelable = false
debug ++ [String] type = timer
debug +++ [int] repeatCount = 0
debug +++ [int] currentCount = 8
debug +++ [Boolean] running = true
debug +++ [int] delay = 120000
debug +++ [int] repeatCount = 0
debug +++ [int] currentCount = 8
debug +++ [Boolean] running = true
debug +++ [int] delay = 120000
debug time 18:34:43.149 :: After HeartBeat Count=9 Result=5
debug time 18:36:42.978 :: Before HeartBeat Count=10 Time=Tue Mar 27 2012 18:36:42 GMT+0200 AccountId=29131007 Session=9b5a0de7-8d44-4b77-8324-839bbc37fed2
debug ++ [int] eventPhase = 2
debug ++ [Boolean] bubbles = false
debug ++ [Boolean] cancelable = false
debug ++ [String] type = timer
debug +++ [int] repeatCount = 0
debug +++ [int] currentCount = 9
debug +++ [Boolean] running = true
debug +++ [int] delay = 120000
debug +++ [int] repeatCount = 0
debug +++ [int] currentCount = 9
debug +++ [Boolean] running = true
debug +++ [int] delay = 120000
debug time 18:36:43.149 :: After HeartBeat Count=10 Result=5
debug time 18:38:42.979 :: Before HeartBeat Count=11 Time=Tue Mar 27 2012 18:38:42 GMT+0200 AccountId=29131007 Session=9b5a0de7-8d44-4b77-8324-839bbc37fed2
debug ++ [int] eventPhase = 2
debug ++ [Boolean] bubbles = false
debug ++ [Boolean] cancelable = false
debug ++ [String] type = timer
debug +++ [int] repeatCount = 0
debug +++ [int] currentCount = 10
debug +++ [Boolean] running = true
debug +++ [int] delay = 120000
debug +++ [int] repeatCount = 0
debug +++ [int] currentCount = 10
debug +++ [Boolean] running = true
debug +++ [int] delay = 120000
debug time 18:38:43.157 :: After HeartBeat Count=11 Result=5
debug time 18:40:42.979 :: Before HeartBeat Count=12 Time=Tue Mar 27 2012 18:40:42 GMT+0200 AccountId=29131007 Session=9b5a0de7-8d44-4b77-8324-839bbc37fed2
debug ++ [int] eventPhase = 2
debug ++ [Boolean] bubbles = false
debug ++ [Boolean] cancelable = false
debug ++ [String] type = timer
debug +++ [int] repeatCount = 0
debug +++ [int] currentCount = 11
debug +++ [Boolean] running = true
debug +++ [int] delay = 120000
debug +++ [int] repeatCount = 0
debug +++ [int] currentCount = 11
debug +++ [Boolean] running = true
debug +++ [int] delay = 120000
debug time 18:40:43.172 :: After HeartBeat Count=12 Result=5
debug time 18:42:43.978 :: Before HeartBeat Count=13 Time=Tue Mar 27 2012 18:42:43 GMT+0200 AccountId=29131007 Session=9b5a0de7-8d44-4b77-8324-839bbc37fed2
debug ++ [int] eventPhase = 2
debug ++ [Boolean] bubbles = false
debug ++ [Boolean] cancelable = false
debug ++ [String] type = timer
debug +++ [int] repeatCount = 0
debug +++ [int] currentCount = 12
debug +++ [Boolean] running = true
debug +++ [int] delay = 120000
debug +++ [int] repeatCount = 0
debug +++ [int] currentCount = 12
debug +++ [Boolean] running = true
debug +++ [int] delay = 120000
debug time 18:42:44.148 :: After HeartBeat Count=13 Result=5
debug time 18:44:12.845 :: Performing heartbeat at Tue Mar 27 2012 18:44:12 GMT+0200
debug time 18:44:44.154 :: Before HeartBeat Count=14 Time=Tue Mar 27 2012 18:44:44 GMT+0200 AccountId=29131007 Session=9b5a0de7-8d44-4b77-8324-839bbc37fed2
debug ++ [int] eventPhase = 2
debug ++ [Boolean] bubbles = false
debug ++ [Boolean] cancelable = false
debug ++ [String] type = timer
debug +++ [int] repeatCount = 0
debug +++ [int] currentCount = 13
debug +++ [Boolean] running = true
debug +++ [int] delay = 120000
debug +++ [int] repeatCount = 0
debug +++ [int] currentCount = 13
debug +++ [Boolean] running = true
debug +++ [int] delay = 120000
debug time 18:44:44.330 :: After HeartBeat Count=14 Result=5
debug time 18:46:44.156 :: Before HeartBeat Count=15 Time=Tue Mar 27 2012 18:46:44 GMT+0200 AccountId=29131007 Session=9b5a0de7-8d44-4b77-8324-839bbc37fed2
debug ++ [int] eventPhase = 2
debug ++ [Boolean] bubbles = false
debug ++ [Boolean] cancelable = false
debug ++ [String] type = timer
debug +++ [int] repeatCount = 0
debug +++ [int] currentCount = 14
debug +++ [Boolean] running = true
debug +++ [int] delay = 120000
debug +++ [int] repeatCount = 0
debug +++ [int] currentCount = 14
debug +++ [Boolean] running = true
debug +++ [int] delay = 120000
debug time 18:46:44.324 :: After HeartBeat Count=15 Result=5
debug time 18:48:44.181 :: Before HeartBeat Count=16 Time=Tue Mar 27 2012 18:48:44 GMT+0200 AccountId=29131007 Session=9b5a0de7-8d44-4b77-8324-839bbc37fed2
debug ++ [int] eventPhase = 2
debug ++ [Boolean] bubbles = false
debug ++ [Boolean] cancelable = false
debug ++ [String] type = timer
debug +++ [int] repeatCount = 0
debug +++ [int] currentCount = 15
debug +++ [Boolean] running = true
debug +++ [int] delay = 120000
debug +++ [int] repeatCount = 0
debug +++ [int] currentCount = 15
debug +++ [Boolean] running = true
debug +++ [int] delay = 120000
debug time 18:48:44.375 :: After HeartBeat Count=16 Result=5
debug time 18:50:45.156 :: Before HeartBeat Count=17 Time=Tue Mar 27 2012 18:50:45 GMT+0200 AccountId=29131007 Session=9b5a0de7-8d44-4b77-8324-839bbc37fed2
debug ++ [int] eventPhase = 2
debug ++ [Boolean] bubbles = false
debug ++ [Boolean] cancelable = false
debug ++ [String] type = timer
debug +++ [int] repeatCount = 0
debug +++ [int] currentCount = 16
debug +++ [Boolean] running = true
debug +++ [int] delay = 120000
debug +++ [int] repeatCount = 0
debug +++ [int] currentCount = 16
debug +++ [Boolean] running = true
debug +++ [int] delay = 120000
debug time 18:50:45.324 :: After HeartBeat Count=17 Result=5
debug time 18:52:45.160 :: Before HeartBeat Count=18 Time=Tue Mar 27 2012 18:52:45 GMT+0200 AccountId=29131007 Session=9b5a0de7-8d44-4b77-8324-839bbc37fed2
debug ++ [int] eventPhase = 2
debug ++ [Boolean] bubbles = false
debug ++ [Boolean] cancelable = false
debug ++ [String] type = timer
debug +++ [int] repeatCount = 0
debug +++ [int] currentCount = 17
debug +++ [Boolean] running = true
debug +++ [int] delay = 120000
debug +++ [int] repeatCount = 0
debug +++ [int] currentCount = 17
debug +++ [Boolean] running = true
debug +++ [int] delay = 120000
debug time 18:52:45.330 :: After HeartBeat Count=18 Result=5
debug time 18:54:46.156 :: Before HeartBeat Count=19 Time=Tue Mar 27 2012 18:54:46 GMT+0200 AccountId=29131007 Session=9b5a0de7-8d44-4b77-8324-839bbc37fed2
debug ++ [int] eventPhase = 2
debug ++ [Boolean] bubbles = false
debug ++ [Boolean] cancelable = false
debug ++ [String] type = timer
debug +++ [int] repeatCount = 0
debug +++ [int] currentCount = 18
debug +++ [Boolean] running = true
debug +++ [int] delay = 120000
debug +++ [int] repeatCount = 0
debug +++ [int] currentCount = 18
debug +++ [Boolean] running = true
debug +++ [int] delay = 120000
debug time 18:54:46.324 :: After HeartBeat Count=19 Result=5
debug time 18:56:46.174 :: Before HeartBeat Count=20 Time=Tue Mar 27 2012 18:56:46 GMT+0200 AccountId=29131007 Session=9b5a0de7-8d44-4b77-8324-839bbc37fed2
debug ++ [int] eventPhase = 2
debug ++ [Boolean] bubbles = false
debug ++ [Boolean] cancelable = false
debug ++ [String] type = timer
debug +++ [int] repeatCount = 0
debug +++ [int] currentCount = 19
debug +++ [Boolean] running = true
debug +++ [int] delay = 120000
debug +++ [int] repeatCount = 0
debug +++ [int] currentCount = 19
debug +++ [Boolean] running = true
debug +++ [int] delay = 120000
debug time 18:56:46.341 :: After HeartBeat Count=20 Result=5
debug time 18:58:47.160 :: Before HeartBeat Count=21 Time=Tue Mar 27 2012 18:58:47 GMT+0200 AccountId=29131007 Session=9b5a0de7-8d44-4b77-8324-839bbc37fed2
debug ++ [int] eventPhase = 2
debug ++ [Boolean] bubbles = false
debug ++ [Boolean] cancelable = false
debug ++ [String] type = timer
debug +++ [int] repeatCount = 0
debug +++ [int] currentCount = 20
debug +++ [Boolean] running = true
debug +++ [int] delay = 120000
debug +++ [int] repeatCount = 0
debug +++ [int] currentCount = 20
debug +++ [Boolean] running = true
debug +++ [int] delay = 120000
debug time 18:58:47.329 :: After HeartBeat Count=21 Result=5
debug time 19:00:48.186 :: Before HeartBeat Count=22 Time=Tue Mar 27 2012 19:00:48 GMT+0200 AccountId=29131007 Session=9b5a0de7-8d44-4b77-8324-839bbc37fed2
debug ++ [int] eventPhase = 2
debug ++ [Boolean] bubbles = false
debug ++ [Boolean] cancelable = false
debug ++ [String] type = timer
debug +++ [int] repeatCount = 0
debug +++ [int] currentCount = 21
debug +++ [Boolean] running = true
debug +++ [int] delay = 120000
debug +++ [int] repeatCount = 0
debug +++ [int] currentCount = 21
debug +++ [Boolean] running = true
debug +++ [int] delay = 120000
debug time 19:00:48.385 :: After HeartBeat Count=22 Result=5
debug time 19:02:49.156 :: Before HeartBeat Count=23 Time=Tue Mar 27 2012 19:02:49 GMT+0200 AccountId=29131007 Session=9b5a0de7-8d44-4b77-8324-839bbc37fed2
debug ++ [int] eventPhase = 2
debug ++ [Boolean] bubbles = false
debug ++ [Boolean] cancelable = false
debug ++ [String] type = timer
debug +++ [int] repeatCount = 0
debug +++ [int] currentCount = 22
debug +++ [Boolean] running = true
debug +++ [int] delay = 120000
debug +++ [int] repeatCount = 0
debug +++ [int] currentCount = 22
debug +++ [Boolean] running = true
debug +++ [int] delay = 120000
debug time 19:02:49.357 :: After HeartBeat Count=23 Result=5
debug time 19:04:50.154 :: Before HeartBeat Count=24 Time=Tue Mar 27 2012 19:04:50 GMT+0200 AccountId=29131007 Session=9b5a0de7-8d44-4b77-8324-839bbc37fed2
debug ++ [int] eventPhase = 2
debug ++ [Boolean] bubbles = false
debug ++ [Boolean] cancelable = false
debug ++ [String] type = timer
debug +++ [int] repeatCount = 0
debug +++ [int] currentCount = 23
debug +++ [Boolean] running = true
debug +++ [int] delay = 120000
debug +++ [int] repeatCount = 0
debug +++ [int] currentCount = 23
debug +++ [Boolean] running = true
debug +++ [int] delay = 120000
debug time 19:04:50.322 :: After HeartBeat Count=24 Result=5
debug time 19:06:50.173 :: Before HeartBeat Count=25 Time=Tue Mar 27 2012 19:06:50 GMT+0200 AccountId=29131007 Session=9b5a0de7-8d44-4b77-8324-839bbc37fed2
debug ++ [int] eventPhase = 2
debug ++ [Boolean] bubbles = false
debug ++ [Boolean] cancelable = false
debug ++ [String] type = timer
debug +++ [int] repeatCount = 0
debug +++ [int] currentCount = 24
debug +++ [Boolean] running = true
debug +++ [int] delay = 120000
debug +++ [int] repeatCount = 0
debug +++ [int] currentCount = 24
debug +++ [Boolean] running = true
debug +++ [int] delay = 120000
debug time 19:06:50.340 :: After HeartBeat Count=25 Result=5
debug time 19:08:51.156 :: Before HeartBeat Count=26 Time=Tue Mar 27 2012 19:08:51 GMT+0200 AccountId=29131007 Session=9b5a0de7-8d44-4b77-8324-839bbc37fed2
debug ++ [int] eventPhase = 2
debug ++ [Boolean] bubbles = false
debug ++ [Boolean] cancelable = false
debug ++ [String] type = timer
debug +++ [int] repeatCount = 0
debug +++ [int] currentCount = 25
debug +++ [Boolean] running = true
debug +++ [int] delay = 120000
debug +++ [int] repeatCount = 0
debug +++ [int] currentCount = 25
debug +++ [Boolean] running = true
debug +++ [int] delay = 120000
debug time 19:08:51.325 :: After HeartBeat Count=26 Result=5
debug time 19:10:52.155 :: Before HeartBeat Count=27 Time=Tue Mar 27 2012 19:10:52 GMT+0200 AccountId=29131007 Session=9b5a0de7-8d44-4b77-8324-839bbc37fed2
debug ++ [int] eventPhase = 2
debug ++ [Boolean] bubbles = false
debug ++ [Boolean] cancelable = false
debug ++ [String] type = timer
debug +++ [int] repeatCount = 0
debug +++ [int] currentCount = 26
debug +++ [Boolean] running = true
debug +++ [int] delay = 120000
debug +++ [int] repeatCount = 0
debug +++ [int] currentCount = 26
debug +++ [Boolean] running = true
debug +++ [int] delay = 120000
debug time 19:10:52.323 :: After HeartBeat Count=27 Result=5
debug time 19:12:52.167 :: Before HeartBeat Count=28 Time=Tue Mar 27 2012 19:12:52 GMT+0200 AccountId=29131007 Session=9b5a0de7-8d44-4b77-8324-839bbc37fed2
debug ++ [int] eventPhase = 2
debug ++ [Boolean] bubbles = false
debug ++ [Boolean] cancelable = false
debug ++ [String] type = timer
debug +++ [int] repeatCount = 0
debug +++ [int] currentCount = 27
debug +++ [Boolean] running = true
debug +++ [int] delay = 120000
debug +++ [int] repeatCount = 0
debug +++ [int] currentCount = 27
debug +++ [Boolean] running = true
debug +++ [int] delay = 120000
debug time 19:12:52.335 :: After HeartBeat Count=28 Result=5
debug time 19:14:53.156 :: Before HeartBeat Count=29 Time=Tue Mar 27 2012 19:14:53 GMT+0200 AccountId=29131007 Session=9b5a0de7-8d44-4b77-8324-839bbc37fed2
debug ++ [int] eventPhase = 2
debug ++ [Boolean] bubbles = false
debug ++ [Boolean] cancelable = false
debug ++ [String] type = timer
debug +++ [int] repeatCount = 0
debug +++ [int] currentCount = 28
debug +++ [Boolean] running = true
debug +++ [int] delay = 120000
debug +++ [int] repeatCount = 0
debug +++ [int] currentCount = 28
debug +++ [Boolean] running = true
debug +++ [int] delay = 120000
debug time 19:14:53.324 :: After HeartBeat Count=29 Result=5
debug time 19:16:54.155 :: Before HeartBeat Count=30 Time=Tue Mar 27 2012 19:16:54 GMT+0200 AccountId=29131007 Session=9b5a0de7-8d44-4b77-8324-839bbc37fed2
debug ++ [int] eventPhase = 2
debug ++ [Boolean] bubbles = false
debug ++ [Boolean] cancelable = false
debug ++ [String] type = timer
debug +++ [int] repeatCount = 0
debug +++ [int] currentCount = 29
debug +++ [Boolean] running = true
debug +++ [int] delay = 120000
debug +++ [int] repeatCount = 0
debug +++ [int] currentCount = 29
debug +++ [Boolean] running = true
debug +++ [int] delay = 120000
debug time 19:16:54.324 :: After HeartBeat Count=30 Result=5
debug time 19:18:54.156 :: Before HeartBeat Count=31 Time=Tue Mar 27 2012 19:18:54 GMT+0200 AccountId=29131007 Session=9b5a0de7-8d44-4b77-8324-839bbc37fed2
debug ++ [int] eventPhase = 2
debug ++ [Boolean] bubbles = false
debug ++ [Boolean] cancelable = false
debug ++ [String] type = timer
debug +++ [int] repeatCount = 0
debug +++ [int] currentCount = 30
debug +++ [Boolean] running = true
debug +++ [int] delay = 120000
debug +++ [int] repeatCount = 0
debug +++ [int] currentCount = 30
debug +++ [Boolean] running = true
debug +++ [int] delay = 120000
debug time 19:18:54.323 :: After HeartBeat Count=31 Result=5
debug time 19:20:55.157 :: Before HeartBeat Count=32 Time=Tue Mar 27 2012 19:20:55 GMT+0200 AccountId=29131007 Session=9b5a0de7-8d44-4b77-8324-839bbc37fed2
debug ++ [int] eventPhase = 2
debug ++ [Boolean] bubbles = false
debug ++ [Boolean] cancelable = false
debug ++ [String] type = timer
debug +++ [int] repeatCount = 0
debug +++ [int] currentCount = 31
debug +++ [Boolean] running = true
debug +++ [int] delay = 120000
debug +++ [int] repeatCount = 0
debug +++ [int] currentCount = 31
debug +++ [Boolean] running = true
debug +++ [int] delay = 120000
debug time 19:20:55.326 :: After HeartBeat Count=32 Result=5
debug time 19:22:55.177 :: Before HeartBeat Count=33 Time=Tue Mar 27 2012 19:22:55 GMT+0200 AccountId=29131007 Session=9b5a0de7-8d44-4b77-8324-839bbc37fed2
debug ++ [int] eventPhase = 2
debug ++ [Boolean] bubbles = false
debug ++ [Boolean] cancelable = false
debug ++ [String] type = timer
debug +++ [int] repeatCount = 0
debug +++ [int] currentCount = 32
debug +++ [Boolean] running = true
debug +++ [int] delay = 120000
debug +++ [int] repeatCount = 0
debug +++ [int] currentCount = 32
debug +++ [Boolean] running = true
debug +++ [int] delay = 120000
debug time 19:22:55.345 :: After HeartBeat Count=33 Result=5
debug time 19:24:55.178 :: Before HeartBeat Count=34 Time=Tue Mar 27 2012 19:24:55 GMT+0200 AccountId=29131007 Session=9b5a0de7-8d44-4b77-8324-839bbc37fed2
debug ++ [int] eventPhase = 2
debug ++ [Boolean] bubbles = false
debug ++ [Boolean] cancelable = false
debug ++ [String] type = timer
debug +++ [int] repeatCount = 0
debug +++ [int] currentCount = 33
debug +++ [Boolean] running = true
debug +++ [int] delay = 120000
debug +++ [int] repeatCount = 0
debug +++ [int] currentCount = 33
debug +++ [Boolean] running = true
debug +++ [int] delay = 120000
debug time 19:24:55.346 :: After HeartBeat Count=34 Result=5
debug time 19:26:56.156 :: Before HeartBeat Count=35 Time=Tue Mar 27 2012 19:26:56 GMT+0200 AccountId=29131007 Session=9b5a0de7-8d44-4b77-8324-839bbc37fed2
debug ++ [int] eventPhase = 2
debug ++ [Boolean] bubbles = false
debug ++ [Boolean] cancelable = false
debug ++ [String] type = timer
debug +++ [int] repeatCount = 0
debug +++ [int] currentCount = 34
debug +++ [Boolean] running = true
debug +++ [int] delay = 120000
debug +++ [int] repeatCount = 0
debug +++ [int] currentCount = 34
debug +++ [Boolean] running = true
debug +++ [int] delay = 120000
debug time 19:26:56.323 :: After HeartBeat Count=35 Result=5
debug time 19:28:56.181 :: Before HeartBeat Count=36 Time=Tue Mar 27 2012 19:28:56 GMT+0200 AccountId=29131007 Session=9b5a0de7-8d44-4b77-8324-839bbc37fed2
debug ++ [int] eventPhase = 2
debug ++ [Boolean] bubbles = false
debug ++ [Boolean] cancelable = false
debug ++ [String] type = timer
debug +++ [int] repeatCount = 0
debug +++ [int] currentCount = 35
debug +++ [Boolean] running = true
debug +++ [int] delay = 120000
debug +++ [int] repeatCount = 0
debug +++ [int] currentCount = 35
debug +++ [Boolean] running = true
debug +++ [int] delay = 120000
debug time 19:28:56.380 :: After HeartBeat Count=36 Result=5
debug time 19:30:57.155 :: Before HeartBeat Count=37 Time=Tue Mar 27 2012 19:30:57 GMT+0200 AccountId=29131007 Session=9b5a0de7-8d44-4b77-8324-839bbc37fed2
debug ++ [int] eventPhase = 2
debug ++ [Boolean] bubbles = false
debug ++ [Boolean] cancelable = false
debug ++ [String] type = timer
debug +++ [int] repeatCount = 0
debug +++ [int] currentCount = 36
debug +++ [Boolean] running = true
debug +++ [int] delay = 120000
debug +++ [int] repeatCount = 0
debug +++ [int] currentCount = 36
debug +++ [Boolean] running = true
debug +++ [int] delay = 120000
debug time 19:30:57.324 :: After HeartBeat Count=37 Result=5
debug time 19:31:50.49 :: Performing heartbeat at Tue Mar 27 2012 19:31:50 GMT+0200
