debug time 17:11:54.122 :: Before HeartBeat Count=1 Time=Fri Mar 30 2012 17:11:54 GMT+0200 AccountId=29131007 Session=07530aba-d414-4e97-aa36-dd334a6f2661
STOP LOGGING: More than 0 nested objects or properties. 
debug time 17:11:54.489 :: After HeartBeat Count=1 Result=5
debug time 17:13:54.159 :: Before HeartBeat Count=2 Time=Fri Mar 30 2012 17:13:54 GMT+0200 AccountId=29131007 Session=07530aba-d414-4e97-aa36-dd334a6f2661
debug ++ [int] eventPhase = 2
debug ++ [Boolean] bubbles = false
debug ++ [Boolean] cancelable = false
debug ++ [String] type = timer
debug +++ [int] repeatCount = 0
debug +++ [int] currentCount = 1
debug +++ [Boolean] running = true
debug +++ [int] delay = 120000
debug +++ [int] repeatCount = 0
debug +++ [int] currentCount = 1
debug +++ [Boolean] running = true
debug +++ [int] delay = 120000
debug time 17:13:54.343 :: After HeartBeat Count=2 Result=5
debug time 17:15:54.178 :: Before HeartBeat Count=3 Time=Fri Mar 30 2012 17:15:54 GMT+0200 AccountId=29131007 Session=07530aba-d414-4e97-aa36-dd334a6f2661
debug ++ [int] eventPhase = 2
debug ++ [Boolean] bubbles = false
debug ++ [Boolean] cancelable = false
debug ++ [String] type = timer
debug +++ [int] repeatCount = 0
debug +++ [int] currentCount = 2
debug +++ [Boolean] running = true
debug +++ [int] delay = 120000
debug +++ [int] repeatCount = 0
debug +++ [int] currentCount = 2
debug +++ [Boolean] running = true
debug +++ [int] delay = 120000
debug time 17:15:54.380 :: After HeartBeat Count=3 Result=5
debug time 17:17:54.300 :: Before HeartBeat Count=4 Time=Fri Mar 30 2012 17:17:54 GMT+0200 AccountId=29131007 Session=07530aba-d414-4e97-aa36-dd334a6f2661
debug ++ [int] eventPhase = 2
debug ++ [Boolean] bubbles = false
debug ++ [Boolean] cancelable = false
debug ++ [String] type = timer
debug +++ [int] repeatCount = 0
debug +++ [int] currentCount = 3
debug +++ [Boolean] running = true
debug +++ [int] delay = 120000
debug +++ [int] repeatCount = 0
debug +++ [int] currentCount = 3
debug +++ [Boolean] running = true
debug +++ [int] delay = 120000
debug time 17:17:54.473 :: After HeartBeat Count=4 Result=5
debug time 17:19:55.306 :: Before HeartBeat Count=5 Time=Fri Mar 30 2012 17:19:55 GMT+0200 AccountId=29131007 Session=07530aba-d414-4e97-aa36-dd334a6f2661
debug ++ [int] eventPhase = 2
debug ++ [Boolean] bubbles = false
debug ++ [Boolean] cancelable = false
debug ++ [String] type = timer
debug +++ [int] repeatCount = 0
debug +++ [int] currentCount = 4
debug +++ [Boolean] running = true
debug +++ [int] delay = 120000
debug +++ [int] repeatCount = 0
debug +++ [int] currentCount = 4
debug +++ [Boolean] running = true
debug +++ [int] delay = 120000
debug time 17:19:55.494 :: After HeartBeat Count=5 Result=5
debug time 17:21:56.305 :: Before HeartBeat Count=6 Time=Fri Mar 30 2012 17:21:56 GMT+0200 AccountId=29131007 Session=07530aba-d414-4e97-aa36-dd334a6f2661
debug ++ [int] eventPhase = 2
debug ++ [Boolean] bubbles = false
debug ++ [Boolean] cancelable = false
debug ++ [String] type = timer
debug +++ [int] repeatCount = 0
debug +++ [int] currentCount = 5
debug +++ [Boolean] running = true
debug +++ [int] delay = 120000
debug +++ [int] repeatCount = 0
debug +++ [int] currentCount = 5
debug +++ [Boolean] running = true
debug +++ [int] delay = 120000
debug time 17:21:56.488 :: After HeartBeat Count=6 Result=5
debug time 17:23:57.297 :: Before HeartBeat Count=7 Time=Fri Mar 30 2012 17:23:57 GMT+0200 AccountId=29131007 Session=07530aba-d414-4e97-aa36-dd334a6f2661
debug ++ [int] eventPhase = 2
debug ++ [Boolean] bubbles = false
debug ++ [Boolean] cancelable = false
debug ++ [String] type = timer
debug +++ [int] repeatCount = 0
debug +++ [int] currentCount = 6
debug +++ [Boolean] running = true
debug +++ [int] delay = 120000
debug +++ [int] repeatCount = 0
debug +++ [int] currentCount = 6
debug +++ [Boolean] running = true
debug +++ [int] delay = 120000
debug time 17:23:57.490 :: After HeartBeat Count=7 Result=5
debug time 17:25:58.291 :: Before HeartBeat Count=8 Time=Fri Mar 30 2012 17:25:58 GMT+0200 AccountId=29131007 Session=07530aba-d414-4e97-aa36-dd334a6f2661
debug ++ [int] eventPhase = 2
debug ++ [Boolean] bubbles = false
debug ++ [Boolean] cancelable = false
debug ++ [String] type = timer
debug +++ [int] repeatCount = 0
debug +++ [int] currentCount = 7
debug +++ [Boolean] running = true
debug +++ [int] delay = 120000
debug +++ [int] repeatCount = 0
debug +++ [int] currentCount = 7
debug +++ [Boolean] running = true
debug +++ [int] delay = 120000
debug time 17:25:58.464 :: After HeartBeat Count=8 Result=5
debug time 17:27:59.294 :: Before HeartBeat Count=9 Time=Fri Mar 30 2012 17:27:59 GMT+0200 AccountId=29131007 Session=07530aba-d414-4e97-aa36-dd334a6f2661
debug ++ [int] eventPhase = 2
debug ++ [Boolean] bubbles = false
debug ++ [Boolean] cancelable = false
debug ++ [String] type = timer
debug +++ [int] repeatCount = 0
debug +++ [int] currentCount = 8
debug +++ [Boolean] running = true
debug +++ [int] delay = 120000
debug +++ [int] repeatCount = 0
debug +++ [int] currentCount = 8
debug +++ [Boolean] running = true
debug +++ [int] delay = 120000
debug time 17:27:59.470 :: After HeartBeat Count=9 Result=5
debug time 17:30:00.290 :: Before HeartBeat Count=10 Time=Fri Mar 30 2012 17:30:00 GMT+0200 AccountId=29131007 Session=07530aba-d414-4e97-aa36-dd334a6f2661
debug ++ [int] eventPhase = 2
debug ++ [Boolean] bubbles = false
debug ++ [Boolean] cancelable = false
debug ++ [String] type = timer
debug +++ [int] repeatCount = 0
debug +++ [int] currentCount = 9
debug +++ [Boolean] running = true
debug +++ [int] delay = 120000
debug +++ [int] repeatCount = 0
debug +++ [int] currentCount = 9
debug +++ [Boolean] running = true
debug +++ [int] delay = 120000
debug time 17:30:00.463 :: After HeartBeat Count=10 Result=5
debug time 17:32:00.290 :: Before HeartBeat Count=11 Time=Fri Mar 30 2012 17:32:00 GMT+0200 AccountId=29131007 Session=07530aba-d414-4e97-aa36-dd334a6f2661
debug ++ [int] eventPhase = 2
debug ++ [Boolean] bubbles = false
debug ++ [Boolean] cancelable = false
debug ++ [String] type = timer
debug +++ [int] repeatCount = 0
debug +++ [int] currentCount = 10
debug +++ [Boolean] running = true
debug +++ [int] delay = 120000
debug +++ [int] repeatCount = 0
debug +++ [int] currentCount = 10
debug +++ [Boolean] running = true
debug +++ [int] delay = 120000
debug time 17:32:00.463 :: After HeartBeat Count=11 Result=5
debug time 17:34:00.290 :: Before HeartBeat Count=12 Time=Fri Mar 30 2012 17:34:00 GMT+0200 AccountId=29131007 Session=07530aba-d414-4e97-aa36-dd334a6f2661
debug ++ [int] eventPhase = 2
debug ++ [Boolean] bubbles = false
debug ++ [Boolean] cancelable = false
debug ++ [String] type = timer
debug +++ [int] repeatCount = 0
debug +++ [int] currentCount = 11
debug +++ [Boolean] running = true
debug +++ [int] delay = 120000
debug +++ [int] repeatCount = 0
debug +++ [int] currentCount = 11
debug +++ [Boolean] running = true
debug +++ [int] delay = 120000
debug time 17:34:00.464 :: After HeartBeat Count=12 Result=5
debug time 17:36:00.291 :: Before HeartBeat Count=13 Time=Fri Mar 30 2012 17:36:00 GMT+0200 AccountId=29131007 Session=07530aba-d414-4e97-aa36-dd334a6f2661
debug ++ [int] eventPhase = 2
debug ++ [Boolean] bubbles = false
debug ++ [Boolean] cancelable = false
debug ++ [String] type = timer
debug +++ [int] repeatCount = 0
debug +++ [int] currentCount = 12
debug +++ [Boolean] running = true
debug +++ [int] delay = 120000
debug +++ [int] repeatCount = 0
debug +++ [int] currentCount = 12
debug +++ [Boolean] running = true
debug +++ [int] delay = 120000
debug time 17:36:00.464 :: After HeartBeat Count=13 Result=5
debug time 17:38:01.290 :: Before HeartBeat Count=14 Time=Fri Mar 30 2012 17:38:01 GMT+0200 AccountId=29131007 Session=07530aba-d414-4e97-aa36-dd334a6f2661
debug ++ [int] eventPhase = 2
debug ++ [Boolean] bubbles = false
debug ++ [Boolean] cancelable = false
debug ++ [String] type = timer
debug +++ [int] repeatCount = 0
debug +++ [int] currentCount = 13
debug +++ [Boolean] running = true
debug +++ [int] delay = 120000
debug +++ [int] repeatCount = 0
debug +++ [int] currentCount = 13
debug +++ [Boolean] running = true
debug +++ [int] delay = 120000
debug time 17:38:01.463 :: After HeartBeat Count=14 Result=5
debug time 17:40:01.290 :: Before HeartBeat Count=15 Time=Fri Mar 30 2012 17:40:01 GMT+0200 AccountId=29131007 Session=07530aba-d414-4e97-aa36-dd334a6f2661
debug ++ [int] eventPhase = 2
debug ++ [Boolean] bubbles = false
debug ++ [Boolean] cancelable = false
debug ++ [String] type = timer
debug +++ [int] repeatCount = 0
debug +++ [int] currentCount = 14
debug +++ [Boolean] running = true
debug +++ [int] delay = 120000
debug +++ [int] repeatCount = 0
debug +++ [int] currentCount = 14
debug +++ [Boolean] running = true
debug +++ [int] delay = 120000
debug time 17:40:01.462 :: After HeartBeat Count=15 Result=5
debug time 17:42:02.294 :: Before HeartBeat Count=16 Time=Fri Mar 30 2012 17:42:02 GMT+0200 AccountId=29131007 Session=07530aba-d414-4e97-aa36-dd334a6f2661
debug ++ [int] eventPhase = 2
debug ++ [Boolean] bubbles = false
debug ++ [Boolean] cancelable = false
debug ++ [String] type = timer
debug +++ [int] repeatCount = 0
debug +++ [int] currentCount = 15
debug +++ [Boolean] running = true
debug +++ [int] delay = 120000
debug +++ [int] repeatCount = 0
debug +++ [int] currentCount = 15
debug +++ [Boolean] running = true
debug +++ [int] delay = 120000
debug time 17:42:02.471 :: After HeartBeat Count=16 Result=5
debug time 17:44:03.290 :: Before HeartBeat Count=17 Time=Fri Mar 30 2012 17:44:03 GMT+0200 AccountId=29131007 Session=07530aba-d414-4e97-aa36-dd334a6f2661
debug ++ [int] eventPhase = 2
debug ++ [Boolean] bubbles = false
debug ++ [Boolean] cancelable = false
debug ++ [String] type = timer
debug +++ [int] repeatCount = 0
debug +++ [int] currentCount = 16
debug +++ [Boolean] running = true
debug +++ [int] delay = 120000
debug +++ [int] repeatCount = 0
debug +++ [int] currentCount = 16
debug +++ [Boolean] running = true
debug +++ [int] delay = 120000
debug time 17:44:03.463 :: After HeartBeat Count=17 Result=5
debug time 17:45:00.934 :: Performing heartbeat at Fri Mar 30 2012 17:45:00 GMT+0200
debug time 17:46:03.355 :: Before HeartBeat Count=18 Time=Fri Mar 30 2012 17:46:03 GMT+0200 AccountId=29131007 Session=07530aba-d414-4e97-aa36-dd334a6f2661
debug ++ [int] eventPhase = 2
debug ++ [Boolean] bubbles = false
debug ++ [Boolean] cancelable = false
debug ++ [String] type = timer
debug +++ [int] repeatCount = 0
debug +++ [int] currentCount = 17
debug +++ [Boolean] running = true
debug +++ [int] delay = 120000
debug +++ [int] repeatCount = 0
debug +++ [int] currentCount = 17
debug +++ [Boolean] running = true
debug +++ [int] delay = 120000
debug time 17:46:03.531 :: After HeartBeat Count=18 Result=5
debug time 17:48:04.340 :: Before HeartBeat Count=19 Time=Fri Mar 30 2012 17:48:04 GMT+0200 AccountId=29131007 Session=07530aba-d414-4e97-aa36-dd334a6f2661
debug ++ [int] eventPhase = 2
debug ++ [Boolean] bubbles = false
debug ++ [Boolean] cancelable = false
debug ++ [String] type = timer
debug +++ [int] repeatCount = 0
debug +++ [int] currentCount = 18
debug +++ [Boolean] running = true
debug +++ [int] delay = 120000
debug +++ [int] repeatCount = 0
debug +++ [int] currentCount = 18
debug +++ [Boolean] running = true
debug +++ [int] delay = 120000
debug time 17:48:04.513 :: After HeartBeat Count=19 Result=5
debug time 17:50:04.342 :: Before HeartBeat Count=20 Time=Fri Mar 30 2012 17:50:04 GMT+0200 AccountId=29131007 Session=07530aba-d414-4e97-aa36-dd334a6f2661
debug ++ [int] eventPhase = 2
debug ++ [Boolean] bubbles = false
debug ++ [Boolean] cancelable = false
debug ++ [String] type = timer
debug +++ [int] repeatCount = 0
debug +++ [int] currentCount = 19
debug +++ [Boolean] running = true
debug +++ [int] delay = 120000
debug +++ [int] repeatCount = 0
debug +++ [int] currentCount = 19
debug +++ [Boolean] running = true
debug +++ [int] delay = 120000
debug time 17:50:04.517 :: After HeartBeat Count=20 Result=5
debug time 17:52:05.341 :: Before HeartBeat Count=21 Time=Fri Mar 30 2012 17:52:05 GMT+0200 AccountId=29131007 Session=07530aba-d414-4e97-aa36-dd334a6f2661
debug ++ [int] eventPhase = 2
debug ++ [Boolean] bubbles = false
debug ++ [Boolean] cancelable = false
debug ++ [String] type = timer
debug +++ [int] repeatCount = 0
debug +++ [int] currentCount = 20
debug +++ [Boolean] running = true
debug +++ [int] delay = 120000
debug +++ [int] repeatCount = 0
debug +++ [int] currentCount = 20
debug +++ [Boolean] running = true
debug +++ [int] delay = 120000
debug time 17:52:05.514 :: After HeartBeat Count=21 Result=5
debug time 17:54:05.366 :: Before HeartBeat Count=22 Time=Fri Mar 30 2012 17:54:05 GMT+0200 AccountId=29131007 Session=07530aba-d414-4e97-aa36-dd334a6f2661
debug ++ [int] eventPhase = 2
debug ++ [Boolean] bubbles = false
debug ++ [Boolean] cancelable = false
debug ++ [String] type = timer
debug +++ [int] repeatCount = 0
debug +++ [int] currentCount = 21
debug +++ [Boolean] running = true
debug +++ [int] delay = 120000
debug +++ [int] repeatCount = 0
debug +++ [int] currentCount = 21
debug +++ [Boolean] running = true
debug +++ [int] delay = 120000
debug time 17:54:05.569 :: After HeartBeat Count=22 Result=5
debug time 17:56:06.340 :: Before HeartBeat Count=23 Time=Fri Mar 30 2012 17:56:06 GMT+0200 AccountId=29131007 Session=07530aba-d414-4e97-aa36-dd334a6f2661
debug ++ [int] eventPhase = 2
debug ++ [Boolean] bubbles = false
debug ++ [Boolean] cancelable = false
debug ++ [String] type = timer
debug +++ [int] repeatCount = 0
debug +++ [int] currentCount = 22
debug +++ [Boolean] running = true
debug +++ [int] delay = 120000
debug +++ [int] repeatCount = 0
debug +++ [int] currentCount = 22
debug +++ [Boolean] running = true
debug +++ [int] delay = 120000
debug time 17:56:06.513 :: After HeartBeat Count=23 Result=5
debug time 17:58:06.341 :: Before HeartBeat Count=24 Time=Fri Mar 30 2012 17:58:06 GMT+0200 AccountId=29131007 Session=07530aba-d414-4e97-aa36-dd334a6f2661
debug ++ [int] eventPhase = 2
debug ++ [Boolean] bubbles = false
debug ++ [Boolean] cancelable = false
debug ++ [String] type = timer
debug +++ [int] repeatCount = 0
debug +++ [int] currentCount = 23
debug +++ [Boolean] running = true
debug +++ [int] delay = 120000
debug +++ [int] repeatCount = 0
debug +++ [int] currentCount = 23
debug +++ [Boolean] running = true
debug +++ [int] delay = 120000
debug time 17:58:06.514 :: After HeartBeat Count=24 Result=5
debug time 18:00:07.341 :: Before HeartBeat Count=25 Time=Fri Mar 30 2012 18:00:07 GMT+0200 AccountId=29131007 Session=07530aba-d414-4e97-aa36-dd334a6f2661
debug ++ [int] eventPhase = 2
debug ++ [Boolean] bubbles = false
debug ++ [Boolean] cancelable = false
debug ++ [String] type = timer
debug +++ [int] repeatCount = 0
debug +++ [int] currentCount = 24
debug +++ [Boolean] running = true
debug +++ [int] delay = 120000
debug +++ [int] repeatCount = 0
debug +++ [int] currentCount = 24
debug +++ [Boolean] running = true
debug +++ [int] delay = 120000
debug time 18:00:07.514 :: After HeartBeat Count=25 Result=5
debug time 18:02:08.340 :: Before HeartBeat Count=26 Time=Fri Mar 30 2012 18:02:08 GMT+0200 AccountId=29131007 Session=07530aba-d414-4e97-aa36-dd334a6f2661
debug ++ [int] eventPhase = 2
debug ++ [Boolean] bubbles = false
debug ++ [Boolean] cancelable = false
debug ++ [String] type = timer
debug +++ [int] repeatCount = 0
debug +++ [int] currentCount = 25
debug +++ [Boolean] running = true
debug +++ [int] delay = 120000
debug +++ [int] repeatCount = 0
debug +++ [int] currentCount = 25
debug +++ [Boolean] running = true
debug +++ [int] delay = 120000
debug time 18:02:08.513 :: After HeartBeat Count=26 Result=5
debug time 18:04:08.340 :: Before HeartBeat Count=27 Time=Fri Mar 30 2012 18:04:08 GMT+0200 AccountId=29131007 Session=07530aba-d414-4e97-aa36-dd334a6f2661
debug ++ [int] eventPhase = 2
debug ++ [Boolean] bubbles = false
debug ++ [Boolean] cancelable = false
debug ++ [String] type = timer
debug +++ [int] repeatCount = 0
debug +++ [int] currentCount = 26
debug +++ [Boolean] running = true
debug +++ [int] delay = 120000
debug +++ [int] repeatCount = 0
debug +++ [int] currentCount = 26
debug +++ [Boolean] running = true
debug +++ [int] delay = 120000
debug time 18:04:08.513 :: After HeartBeat Count=27 Result=5
debug time 18:06:08.341 :: Before HeartBeat Count=28 Time=Fri Mar 30 2012 18:06:08 GMT+0200 AccountId=29131007 Session=07530aba-d414-4e97-aa36-dd334a6f2661
debug ++ [int] eventPhase = 2
debug ++ [Boolean] bubbles = false
debug ++ [Boolean] cancelable = false
debug ++ [String] type = timer
debug +++ [int] repeatCount = 0
debug +++ [int] currentCount = 27
debug +++ [Boolean] running = true
debug +++ [int] delay = 120000
debug +++ [int] repeatCount = 0
debug +++ [int] currentCount = 27
debug +++ [Boolean] running = true
debug +++ [int] delay = 120000
debug time 18:06:08.514 :: After HeartBeat Count=28 Result=5
debug time 18:08:09.340 :: Before HeartBeat Count=29 Time=Fri Mar 30 2012 18:08:09 GMT+0200 AccountId=29131007 Session=07530aba-d414-4e97-aa36-dd334a6f2661
debug ++ [int] eventPhase = 2
debug ++ [Boolean] bubbles = false
debug ++ [Boolean] cancelable = false
debug ++ [String] type = timer
debug +++ [int] repeatCount = 0
debug +++ [int] currentCount = 28
debug +++ [Boolean] running = true
debug +++ [int] delay = 120000
debug +++ [int] repeatCount = 0
debug +++ [int] currentCount = 28
debug +++ [Boolean] running = true
debug +++ [int] delay = 120000
debug time 18:08:09.541 :: After HeartBeat Count=29 Result=5
debug time 18:10:09.341 :: Before HeartBeat Count=30 Time=Fri Mar 30 2012 18:10:09 GMT+0200 AccountId=29131007 Session=07530aba-d414-4e97-aa36-dd334a6f2661
debug ++ [int] eventPhase = 2
debug ++ [Boolean] bubbles = false
debug ++ [Boolean] cancelable = false
debug ++ [String] type = timer
debug +++ [int] repeatCount = 0
debug +++ [int] currentCount = 29
debug +++ [Boolean] running = true
debug +++ [int] delay = 120000
debug +++ [int] repeatCount = 0
debug +++ [int] currentCount = 29
debug +++ [Boolean] running = true
debug +++ [int] delay = 120000
debug time 18:10:09.514 :: After HeartBeat Count=30 Result=5
debug time 18:12:09.340 :: Before HeartBeat Count=31 Time=Fri Mar 30 2012 18:12:09 GMT+0200 AccountId=29131007 Session=07530aba-d414-4e97-aa36-dd334a6f2661
debug ++ [int] eventPhase = 2
debug ++ [Boolean] bubbles = false
debug ++ [Boolean] cancelable = false
debug ++ [String] type = timer
debug +++ [int] repeatCount = 0
debug +++ [int] currentCount = 30
debug +++ [Boolean] running = true
debug +++ [int] delay = 120000
debug +++ [int] repeatCount = 0
debug +++ [int] currentCount = 30
debug +++ [Boolean] running = true
debug +++ [int] delay = 120000
debug time 18:12:09.514 :: After HeartBeat Count=31 Result=5
debug time 18:14:09.341 :: Before HeartBeat Count=32 Time=Fri Mar 30 2012 18:14:09 GMT+0200 AccountId=29131007 Session=07530aba-d414-4e97-aa36-dd334a6f2661
debug ++ [int] eventPhase = 2
debug ++ [Boolean] bubbles = false
debug ++ [Boolean] cancelable = false
debug ++ [String] type = timer
debug +++ [int] repeatCount = 0
debug +++ [int] currentCount = 31
debug +++ [Boolean] running = true
debug +++ [int] delay = 120000
debug +++ [int] repeatCount = 0
debug +++ [int] currentCount = 31
debug +++ [Boolean] running = true
debug +++ [int] delay = 120000
debug time 18:14:09.515 :: After HeartBeat Count=32 Result=5
debug time 18:14:25.425 :: Performing heartbeat at Fri Mar 30 2012 18:14:25 GMT+0200
debug time 18:16:09.355 :: Before HeartBeat Count=33 Time=Fri Mar 30 2012 18:16:09 GMT+0200 AccountId=29131007 Session=07530aba-d414-4e97-aa36-dd334a6f2661
debug ++ [int] eventPhase = 2
debug ++ [Boolean] bubbles = false
debug ++ [Boolean] cancelable = false
debug ++ [String] type = timer
debug +++ [int] repeatCount = 0
debug +++ [int] currentCount = 32
debug +++ [Boolean] running = true
debug +++ [int] delay = 120000
debug +++ [int] repeatCount = 0
debug +++ [int] currentCount = 32
debug +++ [Boolean] running = true
debug +++ [int] delay = 120000
debug time 18:16:09.576 :: After HeartBeat Count=33 Result=5
debug time 18:18:09.382 :: Before HeartBeat Count=34 Time=Fri Mar 30 2012 18:18:09 GMT+0200 AccountId=29131007 Session=07530aba-d414-4e97-aa36-dd334a6f2661
debug ++ [int] eventPhase = 2
debug ++ [Boolean] bubbles = false
debug ++ [Boolean] cancelable = false
debug ++ [String] type = timer
debug +++ [int] repeatCount = 0
debug +++ [int] currentCount = 33
debug +++ [Boolean] running = true
debug +++ [int] delay = 120000
debug +++ [int] repeatCount = 0
debug +++ [int] currentCount = 33
debug +++ [Boolean] running = true
debug +++ [int] delay = 120000
debug time 18:18:09.576 :: After HeartBeat Count=34 Result=5
debug time 18:20:09.396 :: Before HeartBeat Count=35 Time=Fri Mar 30 2012 18:20:09 GMT+0200 AccountId=29131007 Session=07530aba-d414-4e97-aa36-dd334a6f2661
debug ++ [int] eventPhase = 2
debug ++ [Boolean] bubbles = false
debug ++ [Boolean] cancelable = false
debug ++ [String] type = timer
debug +++ [int] repeatCount = 0
debug +++ [int] currentCount = 34
debug +++ [Boolean] running = true
debug +++ [int] delay = 120000
debug +++ [int] repeatCount = 0
debug +++ [int] currentCount = 34
debug +++ [Boolean] running = true
debug +++ [int] delay = 120000
debug time 18:20:09.586 :: After HeartBeat Count=35 Result=5
debug time 18:22:09.426 :: Before HeartBeat Count=36 Time=Fri Mar 30 2012 18:22:09 GMT+0200 AccountId=29131007 Session=07530aba-d414-4e97-aa36-dd334a6f2661
debug ++ [int] eventPhase = 2
debug ++ [Boolean] bubbles = false
debug ++ [Boolean] cancelable = false
debug ++ [String] type = timer
debug +++ [int] repeatCount = 0
debug +++ [int] currentCount = 35
debug +++ [Boolean] running = true
debug +++ [int] delay = 120000
debug +++ [int] repeatCount = 0
debug +++ [int] currentCount = 35
debug +++ [Boolean] running = true
debug +++ [int] delay = 120000
debug time 18:22:09.620 :: After HeartBeat Count=36 Result=5
debug time 18:24:09.426 :: Before HeartBeat Count=37 Time=Fri Mar 30 2012 18:24:09 GMT+0200 AccountId=29131007 Session=07530aba-d414-4e97-aa36-dd334a6f2661
debug ++ [int] eventPhase = 2
debug ++ [Boolean] bubbles = false
debug ++ [Boolean] cancelable = false
debug ++ [String] type = timer
debug +++ [int] repeatCount = 0
debug +++ [int] currentCount = 36
debug +++ [Boolean] running = true
debug +++ [int] delay = 120000
debug +++ [int] repeatCount = 0
debug +++ [int] currentCount = 36
debug +++ [Boolean] running = true
debug +++ [int] delay = 120000
debug time 18:24:09.620 :: After HeartBeat Count=37 Result=5
debug time 18:26:09.440 :: Before HeartBeat Count=38 Time=Fri Mar 30 2012 18:26:09 GMT+0200 AccountId=29131007 Session=07530aba-d414-4e97-aa36-dd334a6f2661
debug ++ [int] eventPhase = 2
debug ++ [Boolean] bubbles = false
debug ++ [Boolean] cancelable = false
debug ++ [String] type = timer
debug +++ [int] repeatCount = 0
debug +++ [int] currentCount = 37
debug +++ [Boolean] running = true
debug +++ [int] delay = 120000
debug +++ [int] repeatCount = 0
debug +++ [int] currentCount = 37
debug +++ [Boolean] running = true
debug +++ [int] delay = 120000
debug time 18:26:09.637 :: After HeartBeat Count=38 Result=5
debug time 18:28:09.459 :: Before HeartBeat Count=39 Time=Fri Mar 30 2012 18:28:09 GMT+0200 AccountId=29131007 Session=07530aba-d414-4e97-aa36-dd334a6f2661
debug ++ [int] eventPhase = 2
debug ++ [Boolean] bubbles = false
debug ++ [Boolean] cancelable = false
debug ++ [String] type = timer
debug +++ [int] repeatCount = 0
debug +++ [int] currentCount = 38
debug +++ [Boolean] running = true
debug +++ [int] delay = 120000
debug +++ [int] repeatCount = 0
debug +++ [int] currentCount = 38
debug +++ [Boolean] running = true
debug +++ [int] delay = 120000
debug time 18:28:09.653 :: After HeartBeat Count=39 Result=5
debug time 18:30:09.470 :: Before HeartBeat Count=40 Time=Fri Mar 30 2012 18:30:09 GMT+0200 AccountId=29131007 Session=07530aba-d414-4e97-aa36-dd334a6f2661
debug ++ [int] eventPhase = 2
debug ++ [Boolean] bubbles = false
debug ++ [Boolean] cancelable = false
debug ++ [String] type = timer
debug +++ [int] repeatCount = 0
debug +++ [int] currentCount = 39
debug +++ [Boolean] running = true
debug +++ [int] delay = 120000
debug +++ [int] repeatCount = 0
debug +++ [int] currentCount = 39
debug +++ [Boolean] running = true
debug +++ [int] delay = 120000
debug time 18:30:09.694 :: After HeartBeat Count=40 Result=5
debug time 18:32:09.471 :: Before HeartBeat Count=41 Time=Fri Mar 30 2012 18:32:09 GMT+0200 AccountId=29131007 Session=07530aba-d414-4e97-aa36-dd334a6f2661
debug ++ [int] eventPhase = 2
debug ++ [Boolean] bubbles = false
debug ++ [Boolean] cancelable = false
debug ++ [String] type = timer
debug +++ [int] repeatCount = 0
debug +++ [int] currentCount = 40
debug +++ [Boolean] running = true
debug +++ [int] delay = 120000
debug +++ [int] repeatCount = 0
debug +++ [int] currentCount = 40
debug +++ [Boolean] running = true
debug +++ [int] delay = 120000
debug time 18:32:09.668 :: After HeartBeat Count=41 Result=5
debug time 18:34:09.503 :: Before HeartBeat Count=42 Time=Fri Mar 30 2012 18:34:09 GMT+0200 AccountId=29131007 Session=07530aba-d414-4e97-aa36-dd334a6f2661
debug ++ [int] eventPhase = 2
debug ++ [Boolean] bubbles = false
debug ++ [Boolean] cancelable = false
debug ++ [String] type = timer
debug +++ [int] repeatCount = 0
debug +++ [int] currentCount = 41
debug +++ [Boolean] running = true
debug +++ [int] delay = 120000
debug +++ [int] repeatCount = 0
debug +++ [int] currentCount = 41
debug +++ [Boolean] running = true
debug +++ [int] delay = 120000
debug time 18:34:09.698 :: After HeartBeat Count=42 Result=5
debug time 18:36:09.503 :: Before HeartBeat Count=43 Time=Fri Mar 30 2012 18:36:09 GMT+0200 AccountId=29131007 Session=07530aba-d414-4e97-aa36-dd334a6f2661
debug ++ [int] eventPhase = 2
debug ++ [Boolean] bubbles = false
debug ++ [Boolean] cancelable = false
debug ++ [String] type = timer
debug +++ [int] repeatCount = 0
debug +++ [int] currentCount = 42
debug +++ [Boolean] running = true
debug +++ [int] delay = 120000
debug +++ [int] repeatCount = 0
debug +++ [int] currentCount = 42
debug +++ [Boolean] running = true
debug +++ [int] delay = 120000
debug time 18:36:09.698 :: After HeartBeat Count=43 Result=5
debug time 18:38:09.504 :: Before HeartBeat Count=44 Time=Fri Mar 30 2012 18:38:09 GMT+0200 AccountId=29131007 Session=07530aba-d414-4e97-aa36-dd334a6f2661
debug ++ [int] eventPhase = 2
debug ++ [Boolean] bubbles = false
debug ++ [Boolean] cancelable = false
debug ++ [String] type = timer
debug +++ [int] repeatCount = 0
debug +++ [int] currentCount = 43
debug +++ [Boolean] running = true
debug +++ [int] delay = 120000
debug +++ [int] repeatCount = 0
debug +++ [int] currentCount = 43
debug +++ [Boolean] running = true
debug +++ [int] delay = 120000
debug time 18:38:09.698 :: After HeartBeat Count=44 Result=5
debug time 18:40:09.527 :: Before HeartBeat Count=45 Time=Fri Mar 30 2012 18:40:09 GMT+0200 AccountId=29131007 Session=07530aba-d414-4e97-aa36-dd334a6f2661
debug ++ [int] eventPhase = 2
debug ++ [Boolean] bubbles = false
debug ++ [Boolean] cancelable = false
debug ++ [String] type = timer
debug +++ [int] repeatCount = 0
debug +++ [int] currentCount = 44
debug +++ [Boolean] running = true
debug +++ [int] delay = 120000
debug +++ [int] repeatCount = 0
debug +++ [int] currentCount = 44
debug +++ [Boolean] running = true
debug +++ [int] delay = 120000
debug time 18:40:09.732 :: After HeartBeat Count=45 Result=5
debug time 18:42:09.553 :: Before HeartBeat Count=46 Time=Fri Mar 30 2012 18:42:09 GMT+0200 AccountId=29131007 Session=07530aba-d414-4e97-aa36-dd334a6f2661
debug ++ [int] eventPhase = 2
debug ++ [Boolean] bubbles = false
debug ++ [Boolean] cancelable = false
debug ++ [String] type = timer
debug +++ [int] repeatCount = 0
debug +++ [int] currentCount = 45
debug +++ [Boolean] running = true
debug +++ [int] delay = 120000
debug +++ [int] repeatCount = 0
debug +++ [int] currentCount = 45
debug +++ [Boolean] running = true
debug +++ [int] delay = 120000
debug time 18:42:09.765 :: After HeartBeat Count=46 Result=5
debug time 18:44:09.566 :: Before HeartBeat Count=47 Time=Fri Mar 30 2012 18:44:09 GMT+0200 AccountId=29131007 Session=07530aba-d414-4e97-aa36-dd334a6f2661
debug ++ [int] eventPhase = 2
debug ++ [Boolean] bubbles = false
debug ++ [Boolean] cancelable = false
debug ++ [String] type = timer
debug +++ [int] repeatCount = 0
debug +++ [int] currentCount = 46
debug +++ [Boolean] running = true
debug +++ [int] delay = 120000
debug +++ [int] repeatCount = 0
debug +++ [int] currentCount = 46
debug +++ [Boolean] running = true
debug +++ [int] delay = 120000
debug time 18:44:09.767 :: After HeartBeat Count=47 Result=5
debug time 18:46:09.574 :: Before HeartBeat Count=48 Time=Fri Mar 30 2012 18:46:09 GMT+0200 AccountId=29131007 Session=07530aba-d414-4e97-aa36-dd334a6f2661
debug ++ [int] eventPhase = 2
debug ++ [Boolean] bubbles = false
debug ++ [Boolean] cancelable = false
debug ++ [String] type = timer
debug +++ [int] repeatCount = 0
debug +++ [int] currentCount = 47
debug +++ [Boolean] running = true
debug +++ [int] delay = 120000
debug +++ [int] repeatCount = 0
debug +++ [int] currentCount = 47
debug +++ [Boolean] running = true
debug +++ [int] delay = 120000
debug time 18:46:09.779 :: After HeartBeat Count=48 Result=5
debug time 18:48:09.588 :: Before HeartBeat Count=49 Time=Fri Mar 30 2012 18:48:09 GMT+0200 AccountId=29131007 Session=07530aba-d414-4e97-aa36-dd334a6f2661
debug ++ [int] eventPhase = 2
debug ++ [Boolean] bubbles = false
debug ++ [Boolean] cancelable = false
debug ++ [String] type = timer
debug +++ [int] repeatCount = 0
debug +++ [int] currentCount = 48
debug +++ [Boolean] running = true
debug +++ [int] delay = 120000
debug +++ [int] repeatCount = 0
debug +++ [int] currentCount = 48
debug +++ [Boolean] running = true
debug +++ [int] delay = 120000
debug time 18:48:09.781 :: After HeartBeat Count=49 Result=5
debug time 18:50:10.394 :: Before HeartBeat Count=50 Time=Fri Mar 30 2012 18:50:10 GMT+0200 AccountId=29131007 Session=07530aba-d414-4e97-aa36-dd334a6f2661
debug ++ [int] eventPhase = 2
debug ++ [Boolean] bubbles = false
debug ++ [Boolean] cancelable = false
debug ++ [String] type = timer
debug +++ [int] repeatCount = 0
debug +++ [int] currentCount = 49
debug +++ [Boolean] running = true
debug +++ [int] delay = 120000
debug +++ [int] repeatCount = 0
debug +++ [int] currentCount = 49
debug +++ [Boolean] running = true
debug +++ [int] delay = 120000
debug time 18:50:10.593 :: After HeartBeat Count=50 Result=5
debug time 18:52:10.397 :: Before HeartBeat Count=51 Time=Fri Mar 30 2012 18:52:10 GMT+0200 AccountId=29131007 Session=07530aba-d414-4e97-aa36-dd334a6f2661
debug ++ [int] eventPhase = 2
debug ++ [Boolean] bubbles = false
debug ++ [Boolean] cancelable = false
debug ++ [String] type = timer
debug +++ [int] repeatCount = 0
debug +++ [int] currentCount = 50
debug +++ [Boolean] running = true
debug +++ [int] delay = 120000
debug +++ [int] repeatCount = 0
debug +++ [int] currentCount = 50
debug +++ [Boolean] running = true
debug +++ [int] delay = 120000
debug time 18:52:10.580 :: After HeartBeat Count=51 Result=5
debug time 18:54:11.377 :: Before HeartBeat Count=52 Time=Fri Mar 30 2012 18:54:11 GMT+0200 AccountId=29131007 Session=07530aba-d414-4e97-aa36-dd334a6f2661
debug ++ [int] eventPhase = 2
debug ++ [Boolean] bubbles = false
debug ++ [Boolean] cancelable = false
debug ++ [String] type = timer
debug +++ [int] repeatCount = 0
debug +++ [int] currentCount = 51
debug +++ [Boolean] running = true
debug +++ [int] delay = 120000
debug +++ [int] repeatCount = 0
debug +++ [int] currentCount = 51
debug +++ [Boolean] running = true
debug +++ [int] delay = 120000
debug time 18:54:11.551 :: After HeartBeat Count=52 Result=5
debug time 18:56:12.369 :: Before HeartBeat Count=53 Time=Fri Mar 30 2012 18:56:12 GMT+0200 AccountId=29131007 Session=07530aba-d414-4e97-aa36-dd334a6f2661
debug ++ [int] eventPhase = 2
debug ++ [Boolean] bubbles = false
debug ++ [Boolean] cancelable = false
debug ++ [String] type = timer
debug +++ [int] repeatCount = 0
debug +++ [int] currentCount = 52
debug +++ [Boolean] running = true
debug +++ [int] delay = 120000
debug +++ [int] repeatCount = 0
debug +++ [int] currentCount = 52
debug +++ [Boolean] running = true
debug +++ [int] delay = 120000
debug time 18:56:12.545 :: After HeartBeat Count=53 Result=5
debug time 18:58:12.369 :: Before HeartBeat Count=54 Time=Fri Mar 30 2012 18:58:12 GMT+0200 AccountId=29131007 Session=07530aba-d414-4e97-aa36-dd334a6f2661
debug ++ [int] eventPhase = 2
debug ++ [Boolean] bubbles = false
debug ++ [Boolean] cancelable = false
debug ++ [String] type = timer
debug +++ [int] repeatCount = 0
debug +++ [int] currentCount = 53
debug +++ [Boolean] running = true
debug +++ [int] delay = 120000
debug +++ [int] repeatCount = 0
debug +++ [int] currentCount = 53
debug +++ [Boolean] running = true
debug +++ [int] delay = 120000
debug time 18:58:12.565 :: After HeartBeat Count=54 Result=5
debug time 19:00:12.370 :: Before HeartBeat Count=55 Time=Fri Mar 30 2012 19:00:12 GMT+0200 AccountId=29131007 Session=07530aba-d414-4e97-aa36-dd334a6f2661
debug ++ [int] eventPhase = 2
debug ++ [Boolean] bubbles = false
debug ++ [Boolean] cancelable = false
debug ++ [String] type = timer
debug +++ [int] repeatCount = 0
debug +++ [int] currentCount = 54
debug +++ [Boolean] running = true
debug +++ [int] delay = 120000
debug +++ [int] repeatCount = 0
debug +++ [int] currentCount = 54
debug +++ [Boolean] running = true
debug +++ [int] delay = 120000
debug time 19:00:12.544 :: After HeartBeat Count=55 Result=5
debug time 19:02:13.369 :: Before HeartBeat Count=56 Time=Fri Mar 30 2012 19:02:13 GMT+0200 AccountId=29131007 Session=07530aba-d414-4e97-aa36-dd334a6f2661
debug ++ [int] eventPhase = 2
debug ++ [Boolean] bubbles = false
debug ++ [Boolean] cancelable = false
debug ++ [String] type = timer
debug +++ [int] repeatCount = 0
debug +++ [int] currentCount = 55
debug +++ [Boolean] running = true
debug +++ [int] delay = 120000
debug +++ [int] repeatCount = 0
debug +++ [int] currentCount = 55
debug +++ [Boolean] running = true
debug +++ [int] delay = 120000
debug time 19:02:13.542 :: After HeartBeat Count=56 Result=5
debug time 19:04:13.369 :: Before HeartBeat Count=57 Time=Fri Mar 30 2012 19:04:13 GMT+0200 AccountId=29131007 Session=07530aba-d414-4e97-aa36-dd334a6f2661
debug ++ [int] eventPhase = 2
debug ++ [Boolean] bubbles = false
debug ++ [Boolean] cancelable = false
debug ++ [String] type = timer
debug +++ [int] repeatCount = 0
debug +++ [int] currentCount = 56
debug +++ [Boolean] running = true
debug +++ [int] delay = 120000
debug +++ [int] repeatCount = 0
debug +++ [int] currentCount = 56
debug +++ [Boolean] running = true
debug +++ [int] delay = 120000
debug time 19:04:13.542 :: After HeartBeat Count=57 Result=5
debug time 19:06:13.369 :: Before HeartBeat Count=58 Time=Fri Mar 30 2012 19:06:13 GMT+0200 AccountId=29131007 Session=07530aba-d414-4e97-aa36-dd334a6f2661
debug ++ [int] eventPhase = 2
debug ++ [Boolean] bubbles = false
debug ++ [Boolean] cancelable = false
debug ++ [String] type = timer
debug +++ [int] repeatCount = 0
debug +++ [int] currentCount = 57
debug +++ [Boolean] running = true
debug +++ [int] delay = 120000
debug +++ [int] repeatCount = 0
debug +++ [int] currentCount = 57
debug +++ [Boolean] running = true
debug +++ [int] delay = 120000
debug time 19:06:13.544 :: After HeartBeat Count=58 Result=5
debug time 19:08:13.370 :: Before HeartBeat Count=59 Time=Fri Mar 30 2012 19:08:13 GMT+0200 AccountId=29131007 Session=07530aba-d414-4e97-aa36-dd334a6f2661
debug ++ [int] eventPhase = 2
debug ++ [Boolean] bubbles = false
debug ++ [Boolean] cancelable = false
debug ++ [String] type = timer
debug +++ [int] repeatCount = 0
debug +++ [int] currentCount = 58
debug +++ [Boolean] running = true
debug +++ [int] delay = 120000
debug +++ [int] repeatCount = 0
debug +++ [int] currentCount = 58
debug +++ [Boolean] running = true
debug +++ [int] delay = 120000
debug time 19:08:13.571 :: After HeartBeat Count=59 Result=5
debug time 19:10:13.370 :: Before HeartBeat Count=60 Time=Fri Mar 30 2012 19:10:13 GMT+0200 AccountId=29131007 Session=07530aba-d414-4e97-aa36-dd334a6f2661
debug ++ [int] eventPhase = 2
debug ++ [Boolean] bubbles = false
debug ++ [Boolean] cancelable = false
debug ++ [String] type = timer
debug +++ [int] repeatCount = 0
debug +++ [int] currentCount = 59
debug +++ [Boolean] running = true
debug +++ [int] delay = 120000
debug +++ [int] repeatCount = 0
debug +++ [int] currentCount = 59
debug +++ [Boolean] running = true
debug +++ [int] delay = 120000
debug time 19:10:13.543 :: After HeartBeat Count=60 Result=5
debug time 19:12:13.395 :: Before HeartBeat Count=61 Time=Fri Mar 30 2012 19:12:13 GMT+0200 AccountId=29131007 Session=07530aba-d414-4e97-aa36-dd334a6f2661
debug ++ [int] eventPhase = 2
debug ++ [Boolean] bubbles = false
debug ++ [Boolean] cancelable = false
debug ++ [String] type = timer
debug +++ [int] repeatCount = 0
debug +++ [int] currentCount = 60
debug +++ [Boolean] running = true
debug +++ [int] delay = 120000
debug +++ [int] repeatCount = 0
debug +++ [int] currentCount = 60
debug +++ [Boolean] running = true
debug +++ [int] delay = 120000
debug time 19:12:13.604 :: After HeartBeat Count=61 Result=5
debug time 19:14:14.395 :: Before HeartBeat Count=62 Time=Fri Mar 30 2012 19:14:14 GMT+0200 AccountId=29131007 Session=07530aba-d414-4e97-aa36-dd334a6f2661
debug ++ [int] eventPhase = 2
debug ++ [Boolean] bubbles = false
debug ++ [Boolean] cancelable = false
debug ++ [String] type = timer
debug +++ [int] repeatCount = 0
debug +++ [int] currentCount = 61
debug +++ [Boolean] running = true
debug +++ [int] delay = 120000
debug +++ [int] repeatCount = 0
debug +++ [int] currentCount = 61
debug +++ [Boolean] running = true
debug +++ [int] delay = 120000
debug time 19:14:14.595 :: After HeartBeat Count=62 Result=5
debug time 19:16:15.394 :: Before HeartBeat Count=63 Time=Fri Mar 30 2012 19:16:15 GMT+0200 AccountId=29131007 Session=07530aba-d414-4e97-aa36-dd334a6f2661
debug ++ [int] eventPhase = 2
debug ++ [Boolean] bubbles = false
debug ++ [Boolean] cancelable = false
debug ++ [String] type = timer
debug +++ [int] repeatCount = 0
debug +++ [int] currentCount = 62
debug +++ [Boolean] running = true
debug +++ [int] delay = 120000
debug +++ [int] repeatCount = 0
debug +++ [int] currentCount = 62
debug +++ [Boolean] running = true
debug +++ [int] delay = 120000
debug time 19:16:15.590 :: After HeartBeat Count=63 Result=5
debug time 19:18:16.369 :: Before HeartBeat Count=64 Time=Fri Mar 30 2012 19:18:16 GMT+0200 AccountId=29131007 Session=07530aba-d414-4e97-aa36-dd334a6f2661
debug ++ [int] eventPhase = 2
debug ++ [Boolean] bubbles = false
debug ++ [Boolean] cancelable = false
debug ++ [String] type = timer
debug +++ [int] repeatCount = 0
debug +++ [int] currentCount = 63
debug +++ [Boolean] running = true
debug +++ [int] delay = 120000
debug +++ [int] repeatCount = 0
debug +++ [int] currentCount = 63
debug +++ [Boolean] running = true
debug +++ [int] delay = 120000
debug time 19:18:16.541 :: After HeartBeat Count=64 Result=5
debug time 19:20:16.395 :: Before HeartBeat Count=65 Time=Fri Mar 30 2012 19:20:16 GMT+0200 AccountId=29131007 Session=07530aba-d414-4e97-aa36-dd334a6f2661
debug ++ [int] eventPhase = 2
debug ++ [Boolean] bubbles = false
debug ++ [Boolean] cancelable = false
debug ++ [String] type = timer
debug +++ [int] repeatCount = 0
debug +++ [int] currentCount = 64
debug +++ [Boolean] running = true
debug +++ [int] delay = 120000
debug +++ [int] repeatCount = 0
debug +++ [int] currentCount = 64
debug +++ [Boolean] running = true
debug +++ [int] delay = 120000
debug time 19:20:16.596 :: After HeartBeat Count=65 Result=5
debug time 19:22:17.395 :: Before HeartBeat Count=66 Time=Fri Mar 30 2012 19:22:17 GMT+0200 AccountId=29131007 Session=07530aba-d414-4e97-aa36-dd334a6f2661
debug ++ [int] eventPhase = 2
debug ++ [Boolean] bubbles = false
debug ++ [Boolean] cancelable = false
debug ++ [String] type = timer
debug +++ [int] repeatCount = 0
debug +++ [int] currentCount = 65
debug +++ [Boolean] running = true
debug +++ [int] delay = 120000
debug +++ [int] repeatCount = 0
debug +++ [int] currentCount = 65
debug +++ [Boolean] running = true
debug +++ [int] delay = 120000
debug time 19:22:17.602 :: After HeartBeat Count=66 Result=5
debug time 19:24:18.369 :: Before HeartBeat Count=67 Time=Fri Mar 30 2012 19:24:18 GMT+0200 AccountId=29131007 Session=07530aba-d414-4e97-aa36-dd334a6f2661
debug ++ [int] eventPhase = 2
debug ++ [Boolean] bubbles = false
debug ++ [Boolean] cancelable = false
debug ++ [String] type = timer
debug +++ [int] repeatCount = 0
debug +++ [int] currentCount = 66
debug +++ [Boolean] running = true
debug +++ [int] delay = 120000
debug +++ [int] repeatCount = 0
debug +++ [int] currentCount = 66
debug +++ [Boolean] running = true
debug +++ [int] delay = 120000
debug time 19:24:18.539 :: After HeartBeat Count=67 Result=5
debug time 19:26:18.395 :: Before HeartBeat Count=68 Time=Fri Mar 30 2012 19:26:18 GMT+0200 AccountId=29131007 Session=07530aba-d414-4e97-aa36-dd334a6f2661
debug ++ [int] eventPhase = 2
debug ++ [Boolean] bubbles = false
debug ++ [Boolean] cancelable = false
debug ++ [String] type = timer
debug +++ [int] repeatCount = 0
debug +++ [int] currentCount = 67
debug +++ [Boolean] running = true
debug +++ [int] delay = 120000
debug +++ [int] repeatCount = 0
debug +++ [int] currentCount = 67
debug +++ [Boolean] running = true
debug +++ [int] delay = 120000
debug time 19:26:18.591 :: After HeartBeat Count=68 Result=5
debug time 19:28:18.394 :: Before HeartBeat Count=69 Time=Fri Mar 30 2012 19:28:18 GMT+0200 AccountId=29131007 Session=07530aba-d414-4e97-aa36-dd334a6f2661
debug ++ [int] eventPhase = 2
debug ++ [Boolean] bubbles = false
debug ++ [Boolean] cancelable = false
debug ++ [String] type = timer
debug +++ [int] repeatCount = 0
debug +++ [int] currentCount = 68
debug +++ [Boolean] running = true
debug +++ [int] delay = 120000
debug +++ [int] repeatCount = 0
debug +++ [int] currentCount = 68
debug +++ [Boolean] running = true
debug +++ [int] delay = 120000
debug time 19:28:18.596 :: After HeartBeat Count=69 Result=5
debug time 19:30:18.395 :: Before HeartBeat Count=70 Time=Fri Mar 30 2012 19:30:18 GMT+0200 AccountId=29131007 Session=07530aba-d414-4e97-aa36-dd334a6f2661
debug ++ [int] eventPhase = 2
debug ++ [Boolean] bubbles = false
debug ++ [Boolean] cancelable = false
debug ++ [String] type = timer
debug +++ [int] repeatCount = 0
debug +++ [int] currentCount = 69
debug +++ [Boolean] running = true
debug +++ [int] delay = 120000
debug +++ [int] repeatCount = 0
debug +++ [int] currentCount = 69
debug +++ [Boolean] running = true
debug +++ [int] delay = 120000
debug time 19:30:18.596 :: After HeartBeat Count=70 Result=5
debug time 19:32:18.473 :: Before HeartBeat Count=71 Time=Fri Mar 30 2012 19:32:18 GMT+0200 AccountId=29131007 Session=07530aba-d414-4e97-aa36-dd334a6f2661
debug ++ [int] eventPhase = 2
debug ++ [Boolean] bubbles = false
debug ++ [Boolean] cancelable = false
debug ++ [String] type = timer
debug +++ [int] repeatCount = 0
debug +++ [int] currentCount = 70
debug +++ [Boolean] running = true
debug +++ [int] delay = 120000
debug +++ [int] repeatCount = 0
debug +++ [int] currentCount = 70
debug +++ [Boolean] running = true
debug +++ [int] delay = 120000
debug time 19:32:18.644 :: After HeartBeat Count=71 Result=5
debug time 19:34:18.487 :: Before HeartBeat Count=72 Time=Fri Mar 30 2012 19:34:18 GMT+0200 AccountId=29131007 Session=07530aba-d414-4e97-aa36-dd334a6f2661
debug ++ [int] eventPhase = 2
debug ++ [Boolean] bubbles = false
debug ++ [Boolean] cancelable = false
debug ++ [String] type = timer
debug +++ [int] repeatCount = 0
debug +++ [int] currentCount = 71
debug +++ [Boolean] running = true
debug +++ [int] delay = 120000
debug +++ [int] repeatCount = 0
debug +++ [int] currentCount = 71
debug +++ [Boolean] running = true
debug +++ [int] delay = 120000
debug time 19:34:18.688 :: After HeartBeat Count=72 Result=5
debug time 19:36:19.473 :: Before HeartBeat Count=73 Time=Fri Mar 30 2012 19:36:19 GMT+0200 AccountId=29131007 Session=07530aba-d414-4e97-aa36-dd334a6f2661
debug ++ [int] eventPhase = 2
debug ++ [Boolean] bubbles = false
debug ++ [Boolean] cancelable = false
debug ++ [String] type = timer
debug +++ [int] repeatCount = 0
debug +++ [int] currentCount = 72
debug +++ [Boolean] running = true
debug +++ [int] delay = 120000
debug +++ [int] repeatCount = 0
debug +++ [int] currentCount = 72
debug +++ [Boolean] running = true
debug +++ [int] delay = 120000
debug time 19:36:19.645 :: After HeartBeat Count=73 Result=5
debug time 19:38:19.473 :: Before HeartBeat Count=74 Time=Fri Mar 30 2012 19:38:19 GMT+0200 AccountId=29131007 Session=07530aba-d414-4e97-aa36-dd334a6f2661
debug ++ [int] eventPhase = 2
debug ++ [Boolean] bubbles = false
debug ++ [Boolean] cancelable = false
debug ++ [String] type = timer
debug +++ [int] repeatCount = 0
debug +++ [int] currentCount = 73
debug +++ [Boolean] running = true
debug +++ [int] delay = 120000
debug +++ [int] repeatCount = 0
debug +++ [int] currentCount = 73
debug +++ [Boolean] running = true
debug +++ [int] delay = 120000
debug time 19:38:19.645 :: After HeartBeat Count=74 Result=5
debug time 19:40:19.473 :: Before HeartBeat Count=75 Time=Fri Mar 30 2012 19:40:19 GMT+0200 AccountId=29131007 Session=07530aba-d414-4e97-aa36-dd334a6f2661
debug ++ [int] eventPhase = 2
debug ++ [Boolean] bubbles = false
debug ++ [Boolean] cancelable = false
debug ++ [String] type = timer
debug +++ [int] repeatCount = 0
debug +++ [int] currentCount = 74
debug +++ [Boolean] running = true
debug +++ [int] delay = 120000
debug +++ [int] repeatCount = 0
debug +++ [int] currentCount = 74
debug +++ [Boolean] running = true
debug +++ [int] delay = 120000
debug time 19:40:19.644 :: After HeartBeat Count=75 Result=5
debug time 19:42:19.473 :: Before HeartBeat Count=76 Time=Fri Mar 30 2012 19:42:19 GMT+0200 AccountId=29131007 Session=07530aba-d414-4e97-aa36-dd334a6f2661
debug ++ [int] eventPhase = 2
debug ++ [Boolean] bubbles = false
debug ++ [Boolean] cancelable = false
debug ++ [String] type = timer
debug +++ [int] repeatCount = 0
debug +++ [int] currentCount = 75
debug +++ [Boolean] running = true
debug +++ [int] delay = 120000
debug +++ [int] repeatCount = 0
debug +++ [int] currentCount = 75
debug +++ [Boolean] running = true
debug +++ [int] delay = 120000
debug time 19:42:19.644 :: After HeartBeat Count=76 Result=5
debug time 19:43:59.706 :: Performing heartbeat at Fri Mar 30 2012 19:43:59 GMT+0200
debug time 19:44:19.478 :: Before HeartBeat Count=77 Time=Fri Mar 30 2012 19:44:19 GMT+0200 AccountId=29131007 Session=07530aba-d414-4e97-aa36-dd334a6f2661
debug ++ [int] eventPhase = 2
debug ++ [Boolean] bubbles = false
debug ++ [Boolean] cancelable = false
debug ++ [String] type = timer
debug +++ [int] repeatCount = 0
debug +++ [int] currentCount = 76
debug +++ [Boolean] running = true
debug +++ [int] delay = 120000
debug +++ [int] repeatCount = 0
debug +++ [int] currentCount = 76
debug +++ [Boolean] running = true
debug +++ [int] delay = 120000
debug time 19:44:19.651 :: After HeartBeat Count=77 Result=5
debug time 19:46:19.503 :: Before HeartBeat Count=78 Time=Fri Mar 30 2012 19:46:19 GMT+0200 AccountId=29131007 Session=07530aba-d414-4e97-aa36-dd334a6f2661
debug ++ [int] eventPhase = 2
debug ++ [Boolean] bubbles = false
debug ++ [Boolean] cancelable = false
debug ++ [String] type = timer
debug +++ [int] repeatCount = 0
debug +++ [int] currentCount = 77
debug +++ [Boolean] running = true
debug +++ [int] delay = 120000
debug +++ [int] repeatCount = 0
debug +++ [int] currentCount = 77
debug +++ [Boolean] running = true
debug +++ [int] delay = 120000
debug time 19:46:19.678 :: After HeartBeat Count=78 Result=5
debug time 19:48:20.160 :: Before HeartBeat Count=79 Time=Fri Mar 30 2012 19:48:20 GMT+0200 AccountId=29131007 Session=07530aba-d414-4e97-aa36-dd334a6f2661
debug ++ [int] eventPhase = 2
debug ++ [Boolean] bubbles = false
debug ++ [Boolean] cancelable = false
debug ++ [String] type = timer
debug +++ [int] repeatCount = 0
debug +++ [int] currentCount = 78
debug +++ [Boolean] running = true
debug +++ [int] delay = 120000
debug +++ [int] repeatCount = 0
debug +++ [int] currentCount = 78
debug +++ [Boolean] running = true
debug +++ [int] delay = 120000
debug time 19:48:20.331 :: After HeartBeat Count=79 Result=5
debug time 19:50:20.162 :: Before HeartBeat Count=80 Time=Fri Mar 30 2012 19:50:20 GMT+0200 AccountId=29131007 Session=07530aba-d414-4e97-aa36-dd334a6f2661
debug ++ [int] eventPhase = 2
debug ++ [Boolean] bubbles = false
debug ++ [Boolean] cancelable = false
debug ++ [String] type = timer
debug +++ [int] repeatCount = 0
debug +++ [int] currentCount = 79
debug +++ [Boolean] running = true
debug +++ [int] delay = 120000
debug +++ [int] repeatCount = 0
debug +++ [int] currentCount = 79
debug +++ [Boolean] running = true
debug +++ [int] delay = 120000
debug time 19:50:20.335 :: After HeartBeat Count=80 Result=5
debug time 19:52:21.160 :: Before HeartBeat Count=81 Time=Fri Mar 30 2012 19:52:21 GMT+0200 AccountId=29131007 Session=07530aba-d414-4e97-aa36-dd334a6f2661
debug ++ [int] eventPhase = 2
debug ++ [Boolean] bubbles = false
debug ++ [Boolean] cancelable = false
debug ++ [String] type = timer
debug +++ [int] repeatCount = 0
debug +++ [int] currentCount = 80
debug +++ [Boolean] running = true
debug +++ [int] delay = 120000
debug +++ [int] repeatCount = 0
debug +++ [int] currentCount = 80
debug +++ [Boolean] running = true
debug +++ [int] delay = 120000
debug time 19:52:21.331 :: After HeartBeat Count=81 Result=5
debug time 19:54:21.164 :: Before HeartBeat Count=82 Time=Fri Mar 30 2012 19:54:21 GMT+0200 AccountId=29131007 Session=07530aba-d414-4e97-aa36-dd334a6f2661
debug ++ [int] eventPhase = 2
debug ++ [Boolean] bubbles = false
debug ++ [Boolean] cancelable = false
debug ++ [String] type = timer
debug +++ [int] repeatCount = 0
debug +++ [int] currentCount = 81
debug +++ [Boolean] running = true
debug +++ [int] delay = 120000
debug +++ [int] repeatCount = 0
debug +++ [int] currentCount = 81
debug +++ [Boolean] running = true
debug +++ [int] delay = 120000
debug time 19:54:21.338 :: After HeartBeat Count=82 Result=5
debug time 19:56:22.160 :: Before HeartBeat Count=83 Time=Fri Mar 30 2012 19:56:22 GMT+0200 AccountId=29131007 Session=07530aba-d414-4e97-aa36-dd334a6f2661
debug ++ [int] eventPhase = 2
debug ++ [Boolean] bubbles = false
debug ++ [Boolean] cancelable = false
debug ++ [String] type = timer
debug +++ [int] repeatCount = 0
debug +++ [int] currentCount = 82
debug +++ [Boolean] running = true
debug +++ [int] delay = 120000
debug +++ [int] repeatCount = 0
debug +++ [int] currentCount = 82
debug +++ [Boolean] running = true
debug +++ [int] delay = 120000
debug time 19:56:22.335 :: After HeartBeat Count=83 Result=5
debug time 19:58:22.185 :: Before HeartBeat Count=84 Time=Fri Mar 30 2012 19:58:22 GMT+0200 AccountId=29131007 Session=07530aba-d414-4e97-aa36-dd334a6f2661
debug ++ [int] eventPhase = 2
debug ++ [Boolean] bubbles = false
debug ++ [Boolean] cancelable = false
debug ++ [String] type = timer
debug +++ [int] repeatCount = 0
debug +++ [int] currentCount = 83
debug +++ [Boolean] running = true
debug +++ [int] delay = 120000
debug +++ [int] repeatCount = 0
debug +++ [int] currentCount = 83
debug +++ [Boolean] running = true
debug +++ [int] delay = 120000
debug time 19:58:22.389 :: After HeartBeat Count=84 Result=5
debug time 20:00:22.190 :: Before HeartBeat Count=85 Time=Fri Mar 30 2012 20:00:22 GMT+0200 AccountId=29131007 Session=07530aba-d414-4e97-aa36-dd334a6f2661
debug ++ [int] eventPhase = 2
debug ++ [Boolean] bubbles = false
debug ++ [Boolean] cancelable = false
debug ++ [String] type = timer
debug +++ [int] repeatCount = 0
debug +++ [int] currentCount = 84
debug +++ [Boolean] running = true
debug +++ [int] delay = 120000
debug +++ [int] repeatCount = 0
debug +++ [int] currentCount = 84
debug +++ [Boolean] running = true
debug +++ [int] delay = 120000
debug time 20:00:22.391 :: After HeartBeat Count=85 Result=5
debug time 20:02:22.190 :: Before HeartBeat Count=86 Time=Fri Mar 30 2012 20:02:22 GMT+0200 AccountId=29131007 Session=07530aba-d414-4e97-aa36-dd334a6f2661
debug ++ [int] eventPhase = 2
debug ++ [Boolean] bubbles = false
debug ++ [Boolean] cancelable = false
debug ++ [String] type = timer
debug +++ [int] repeatCount = 0
debug +++ [int] currentCount = 85
debug +++ [Boolean] running = true
debug +++ [int] delay = 120000
debug +++ [int] repeatCount = 0
debug +++ [int] currentCount = 85
debug +++ [Boolean] running = true
debug +++ [int] delay = 120000
debug time 20:02:22.391 :: After HeartBeat Count=86 Result=5
debug time 20:04:23.165 :: Before HeartBeat Count=87 Time=Fri Mar 30 2012 20:04:23 GMT+0200 AccountId=29131007 Session=07530aba-d414-4e97-aa36-dd334a6f2661
debug ++ [int] eventPhase = 2
debug ++ [Boolean] bubbles = false
debug ++ [Boolean] cancelable = false
debug ++ [String] type = timer
debug +++ [int] repeatCount = 0
debug +++ [int] currentCount = 86
debug +++ [Boolean] running = true
debug +++ [int] delay = 120000
debug +++ [int] repeatCount = 0
debug +++ [int] currentCount = 86
debug +++ [Boolean] running = true
debug +++ [int] delay = 120000
debug time 20:04:23.336 :: After HeartBeat Count=87 Result=5
debug time 20:06:23.191 :: Before HeartBeat Count=88 Time=Fri Mar 30 2012 20:06:23 GMT+0200 AccountId=29131007 Session=07530aba-d414-4e97-aa36-dd334a6f2661
debug ++ [int] eventPhase = 2
debug ++ [Boolean] bubbles = false
debug ++ [Boolean] cancelable = false
debug ++ [String] type = timer
debug +++ [int] repeatCount = 0
debug +++ [int] currentCount = 87
debug +++ [Boolean] running = true
debug +++ [int] delay = 120000
debug +++ [int] repeatCount = 0
debug +++ [int] currentCount = 87
debug +++ [Boolean] running = true
debug +++ [int] delay = 120000
debug time 20:06:23.392 :: After HeartBeat Count=88 Result=5
debug time 20:08:23.196 :: Before HeartBeat Count=89 Time=Fri Mar 30 2012 20:08:23 GMT+0200 AccountId=29131007 Session=07530aba-d414-4e97-aa36-dd334a6f2661
debug ++ [int] eventPhase = 2
debug ++ [Boolean] bubbles = false
debug ++ [Boolean] cancelable = false
debug ++ [String] type = timer
debug +++ [int] repeatCount = 0
debug +++ [int] currentCount = 88
debug +++ [Boolean] running = true
debug +++ [int] delay = 120000
debug +++ [int] repeatCount = 0
debug +++ [int] currentCount = 88
debug +++ [Boolean] running = true
debug +++ [int] delay = 120000
debug time 20:08:23.398 :: After HeartBeat Count=89 Result=5
debug time 20:10:23.197 :: Before HeartBeat Count=90 Time=Fri Mar 30 2012 20:10:23 GMT+0200 AccountId=29131007 Session=07530aba-d414-4e97-aa36-dd334a6f2661
debug ++ [int] eventPhase = 2
debug ++ [Boolean] bubbles = false
debug ++ [Boolean] cancelable = false
debug ++ [String] type = timer
debug +++ [int] repeatCount = 0
debug +++ [int] currentCount = 89
debug +++ [Boolean] running = true
debug +++ [int] delay = 120000
debug +++ [int] repeatCount = 0
debug +++ [int] currentCount = 89
debug +++ [Boolean] running = true
debug +++ [int] delay = 120000
debug time 20:10:23.399 :: After HeartBeat Count=90 Result=5
debug time 20:12:24.160 :: Before HeartBeat Count=91 Time=Fri Mar 30 2012 20:12:24 GMT+0200 AccountId=29131007 Session=07530aba-d414-4e97-aa36-dd334a6f2661
debug ++ [int] eventPhase = 2
debug ++ [Boolean] bubbles = false
debug ++ [Boolean] cancelable = false
debug ++ [String] type = timer
debug +++ [int] repeatCount = 0
debug +++ [int] currentCount = 90
debug +++ [Boolean] running = true
debug +++ [int] delay = 120000
debug +++ [int] repeatCount = 0
debug +++ [int] currentCount = 90
debug +++ [Boolean] running = true
debug +++ [int] delay = 120000
debug time 20:12:24.330 :: After HeartBeat Count=91 Result=5
debug time 20:14:24.190 :: Before HeartBeat Count=92 Time=Fri Mar 30 2012 20:14:24 GMT+0200 AccountId=29131007 Session=07530aba-d414-4e97-aa36-dd334a6f2661
debug ++ [int] eventPhase = 2
debug ++ [Boolean] bubbles = false
debug ++ [Boolean] cancelable = false
debug ++ [String] type = timer
debug +++ [int] repeatCount = 0
debug +++ [int] currentCount = 91
debug +++ [Boolean] running = true
debug +++ [int] delay = 120000
debug +++ [int] repeatCount = 0
debug +++ [int] currentCount = 91
debug +++ [Boolean] running = true
debug +++ [int] delay = 120000
debug time 20:14:24.387 :: After HeartBeat Count=92 Result=5
debug time 20:16:25.191 :: Before HeartBeat Count=93 Time=Fri Mar 30 2012 20:16:25 GMT+0200 AccountId=29131007 Session=07530aba-d414-4e97-aa36-dd334a6f2661
debug ++ [int] eventPhase = 2
debug ++ [Boolean] bubbles = false
debug ++ [Boolean] cancelable = false
debug ++ [String] type = timer
debug +++ [int] repeatCount = 0
debug +++ [int] currentCount = 92
debug +++ [Boolean] running = true
debug +++ [int] delay = 120000
debug +++ [int] repeatCount = 0
debug +++ [int] currentCount = 92
debug +++ [Boolean] running = true
debug +++ [int] delay = 120000
debug time 20:16:25.392 :: After HeartBeat Count=93 Result=5
debug time 20:18:26.185 :: Before HeartBeat Count=94 Time=Fri Mar 30 2012 20:18:26 GMT+0200 AccountId=29131007 Session=07530aba-d414-4e97-aa36-dd334a6f2661
debug ++ [int] eventPhase = 2
debug ++ [Boolean] bubbles = false
debug ++ [Boolean] cancelable = false
debug ++ [String] type = timer
debug +++ [int] repeatCount = 0
debug +++ [int] currentCount = 93
debug +++ [Boolean] running = true
debug +++ [int] delay = 120000
debug +++ [int] repeatCount = 0
debug +++ [int] currentCount = 93
debug +++ [Boolean] running = true
debug +++ [int] delay = 120000
debug time 20:18:26.373 :: After HeartBeat Count=94 Result=5
debug time 20:20:26.185 :: Before HeartBeat Count=95 Time=Fri Mar 30 2012 20:20:26 GMT+0200 AccountId=29131007 Session=07530aba-d414-4e97-aa36-dd334a6f2661
debug ++ [int] eventPhase = 2
debug ++ [Boolean] bubbles = false
debug ++ [Boolean] cancelable = false
debug ++ [String] type = timer
debug +++ [int] repeatCount = 0
debug +++ [int] currentCount = 94
debug +++ [Boolean] running = true
debug +++ [int] delay = 120000
debug +++ [int] repeatCount = 0
debug +++ [int] currentCount = 94
debug +++ [Boolean] running = true
debug +++ [int] delay = 120000
debug time 20:20:26.386 :: After HeartBeat Count=95 Result=5
debug time 20:22:26.186 :: Before HeartBeat Count=96 Time=Fri Mar 30 2012 20:22:26 GMT+0200 AccountId=29131007 Session=07530aba-d414-4e97-aa36-dd334a6f2661
debug ++ [int] eventPhase = 2
debug ++ [Boolean] bubbles = false
debug ++ [Boolean] cancelable = false
debug ++ [String] type = timer
debug +++ [int] repeatCount = 0
debug +++ [int] currentCount = 95
debug +++ [Boolean] running = true
debug +++ [int] delay = 120000
debug +++ [int] repeatCount = 0
debug +++ [int] currentCount = 95
debug +++ [Boolean] running = true
debug +++ [int] delay = 120000
debug time 20:22:26.387 :: After HeartBeat Count=96 Result=5
debug time 20:24:27.185 :: Before HeartBeat Count=97 Time=Fri Mar 30 2012 20:24:27 GMT+0200 AccountId=29131007 Session=07530aba-d414-4e97-aa36-dd334a6f2661
debug ++ [int] eventPhase = 2
debug ++ [Boolean] bubbles = false
debug ++ [Boolean] cancelable = false
debug ++ [String] type = timer
debug +++ [int] repeatCount = 0
debug +++ [int] currentCount = 96
debug +++ [Boolean] running = true
debug +++ [int] delay = 120000
debug +++ [int] repeatCount = 0
debug +++ [int] currentCount = 96
debug +++ [Boolean] running = true
debug +++ [int] delay = 120000
debug time 20:24:27.386 :: After HeartBeat Count=97 Result=5
debug time 20:26:28.160 :: Before HeartBeat Count=98 Time=Fri Mar 30 2012 20:26:28 GMT+0200 AccountId=29131007 Session=07530aba-d414-4e97-aa36-dd334a6f2661
debug ++ [int] eventPhase = 2
debug ++ [Boolean] bubbles = false
debug ++ [Boolean] cancelable = false
debug ++ [String] type = timer
debug +++ [int] repeatCount = 0
debug +++ [int] currentCount = 97
debug +++ [Boolean] running = true
debug +++ [int] delay = 120000
debug +++ [int] repeatCount = 0
debug +++ [int] currentCount = 97
debug +++ [Boolean] running = true
debug +++ [int] delay = 120000
debug time 20:26:28.353 :: After HeartBeat Count=98 Result=5
debug time 20:28:28.185 :: Before HeartBeat Count=99 Time=Fri Mar 30 2012 20:28:28 GMT+0200 AccountId=29131007 Session=07530aba-d414-4e97-aa36-dd334a6f2661
debug ++ [int] eventPhase = 2
debug ++ [Boolean] bubbles = false
debug ++ [Boolean] cancelable = false
debug ++ [String] type = timer
debug +++ [int] repeatCount = 0
debug +++ [int] currentCount = 98
debug +++ [Boolean] running = true
debug +++ [int] delay = 120000
debug +++ [int] repeatCount = 0
debug +++ [int] currentCount = 98
debug +++ [Boolean] running = true
debug +++ [int] delay = 120000
debug time 20:28:28.386 :: After HeartBeat Count=99 Result=5
debug time 20:30:28.185 :: Before HeartBeat Count=100 Time=Fri Mar 30 2012 20:30:28 GMT+0200 AccountId=29131007 Session=07530aba-d414-4e97-aa36-dd334a6f2661
debug ++ [int] eventPhase = 2
debug ++ [Boolean] bubbles = false
debug ++ [Boolean] cancelable = false
debug ++ [String] type = timer
debug +++ [int] repeatCount = 0
debug +++ [int] currentCount = 99
debug +++ [Boolean] running = true
debug +++ [int] delay = 120000
debug +++ [int] repeatCount = 0
debug +++ [int] currentCount = 99
debug +++ [Boolean] running = true
debug +++ [int] delay = 120000
debug time 20:30:28.386 :: After HeartBeat Count=100 Result=5
debug time 20:32:28.190 :: Before HeartBeat Count=101 Time=Fri Mar 30 2012 20:32:28 GMT+0200 AccountId=29131007 Session=07530aba-d414-4e97-aa36-dd334a6f2661
debug ++ [int] eventPhase = 2
debug ++ [Boolean] bubbles = false
debug ++ [Boolean] cancelable = false
debug ++ [String] type = timer
debug +++ [int] repeatCount = 0
debug +++ [int] currentCount = 100
debug +++ [Boolean] running = true
debug +++ [int] delay = 120000
debug +++ [int] repeatCount = 0
debug +++ [int] currentCount = 100
debug +++ [Boolean] running = true
debug +++ [int] delay = 120000
debug time 20:32:28.391 :: After HeartBeat Count=101 Result=5
debug time 20:34:29.185 :: Before HeartBeat Count=102 Time=Fri Mar 30 2012 20:34:29 GMT+0200 AccountId=29131007 Session=07530aba-d414-4e97-aa36-dd334a6f2661
debug ++ [int] eventPhase = 2
debug ++ [Boolean] bubbles = false
debug ++ [Boolean] cancelable = false
debug ++ [String] type = timer
debug +++ [int] repeatCount = 0
debug +++ [int] currentCount = 101
debug +++ [Boolean] running = true
debug +++ [int] delay = 120000
debug +++ [int] repeatCount = 0
debug +++ [int] currentCount = 101
debug +++ [Boolean] running = true
debug +++ [int] delay = 120000
debug time 20:34:29.386 :: After HeartBeat Count=102 Result=5
debug time 20:36:30.186 :: Before HeartBeat Count=103 Time=Fri Mar 30 2012 20:36:30 GMT+0200 AccountId=29131007 Session=07530aba-d414-4e97-aa36-dd334a6f2661
debug ++ [int] eventPhase = 2
debug ++ [Boolean] bubbles = false
debug ++ [Boolean] cancelable = false
debug ++ [String] type = timer
debug +++ [int] repeatCount = 0
debug +++ [int] currentCount = 102
debug +++ [Boolean] running = true
debug +++ [int] delay = 120000
debug +++ [int] repeatCount = 0
debug +++ [int] currentCount = 102
debug +++ [Boolean] running = true
debug +++ [int] delay = 120000
debug time 20:36:30.386 :: After HeartBeat Count=103 Result=5
debug time 20:38:31.185 :: Before HeartBeat Count=104 Time=Fri Mar 30 2012 20:38:31 GMT+0200 AccountId=29131007 Session=07530aba-d414-4e97-aa36-dd334a6f2661
debug ++ [int] eventPhase = 2
debug ++ [Boolean] bubbles = false
debug ++ [Boolean] cancelable = false
debug ++ [String] type = timer
debug +++ [int] repeatCount = 0
debug +++ [int] currentCount = 103
debug +++ [Boolean] running = true
debug +++ [int] delay = 120000
debug +++ [int] repeatCount = 0
debug +++ [int] currentCount = 103
debug +++ [Boolean] running = true
debug +++ [int] delay = 120000
debug time 20:38:31.381 :: After HeartBeat Count=104 Result=5
debug time 20:40:31.191 :: Before HeartBeat Count=105 Time=Fri Mar 30 2012 20:40:31 GMT+0200 AccountId=29131007 Session=07530aba-d414-4e97-aa36-dd334a6f2661
debug ++ [int] eventPhase = 2
debug ++ [Boolean] bubbles = false
debug ++ [Boolean] cancelable = false
debug ++ [String] type = timer
debug +++ [int] repeatCount = 0
debug +++ [int] currentCount = 104
debug +++ [Boolean] running = true
debug +++ [int] delay = 120000
debug +++ [int] repeatCount = 0
debug +++ [int] currentCount = 104
debug +++ [Boolean] running = true
debug +++ [int] delay = 120000
debug time 20:40:31.393 :: After HeartBeat Count=105 Result=5
debug time 20:42:32.184 :: Before HeartBeat Count=106 Time=Fri Mar 30 2012 20:42:32 GMT+0200 AccountId=29131007 Session=07530aba-d414-4e97-aa36-dd334a6f2661
debug ++ [int] eventPhase = 2
debug ++ [Boolean] bubbles = false
debug ++ [Boolean] cancelable = false
debug ++ [String] type = timer
debug +++ [int] repeatCount = 0
debug +++ [int] currentCount = 105
debug +++ [Boolean] running = true
debug +++ [int] delay = 120000
debug +++ [int] repeatCount = 0
debug +++ [int] currentCount = 105
debug +++ [Boolean] running = true
debug +++ [int] delay = 120000
debug time 20:42:32.356 :: After HeartBeat Count=106 Result=5
debug time 20:44:33.186 :: Before HeartBeat Count=107 Time=Fri Mar 30 2012 20:44:33 GMT+0200 AccountId=29131007 Session=07530aba-d414-4e97-aa36-dd334a6f2661
debug ++ [int] eventPhase = 2
debug ++ [Boolean] bubbles = false
debug ++ [Boolean] cancelable = false
debug ++ [String] type = timer
debug +++ [int] repeatCount = 0
debug +++ [int] currentCount = 106
debug +++ [Boolean] running = true
debug +++ [int] delay = 120000
debug +++ [int] repeatCount = 0
debug +++ [int] currentCount = 106
debug +++ [Boolean] running = true
debug +++ [int] delay = 120000
debug time 20:44:33.389 :: After HeartBeat Count=107 Result=5
debug time 20:45:53.316 :: Performing heartbeat at Fri Mar 30 2012 20:45:53 GMT+0200
