debug time 17:11:06.439 :: Before HeartBeat Count=1 Time=Fri Oct 7 2011 17:11:06 GMT+0200 AccountId=28699575 Session=17953bf6-8015-43f9-8372-b3fa05593188
STOP LOGGING: More than 0 nested objects or properties. 
debug time 17:11:08.85 :: After HeartBeat Count=1 Result=5
debug time 17:14:06.466 :: Before HeartBeat Count=2 Time=Fri Oct 7 2011 17:14:06 GMT+0200 AccountId=28699575 Session=17953bf6-8015-43f9-8372-b3fa05593188
debug ++ [int] eventPhase = 2
debug ++ [Boolean] bubbles = false
debug ++ [Boolean] cancelable = false
debug ++ [String] type = timer
debug +++ [int] repeatCount = 0
debug +++ [int] currentCount = 1
debug +++ [Boolean] running = true
debug +++ [int] delay = 180000
debug +++ [int] repeatCount = 0
debug +++ [int] currentCount = 1
debug +++ [Boolean] running = true
debug +++ [int] delay = 180000
debug time 17:14:06.668 :: After HeartBeat Count=2 Result=5
debug time 17:17:07.450 :: Before HeartBeat Count=3 Time=Fri Oct 7 2011 17:17:07 GMT+0200 AccountId=28699575 Session=17953bf6-8015-43f9-8372-b3fa05593188
debug ++ [int] eventPhase = 2
debug ++ [Boolean] bubbles = false
debug ++ [Boolean] cancelable = false
debug ++ [String] type = timer
debug +++ [int] repeatCount = 0
debug +++ [int] currentCount = 2
debug +++ [Boolean] running = true
debug +++ [int] delay = 180000
debug +++ [int] repeatCount = 0
debug +++ [int] currentCount = 2
debug +++ [Boolean] running = true
debug +++ [int] delay = 180000
debug time 17:17:08.444 :: After HeartBeat Count=3 Result=5
debug time 17:20:07.450 :: Before HeartBeat Count=4 Time=Fri Oct 7 2011 17:20:07 GMT+0200 AccountId=28699575 Session=17953bf6-8015-43f9-8372-b3fa05593188
debug ++ [int] eventPhase = 2
debug ++ [Boolean] bubbles = false
debug ++ [Boolean] cancelable = false
debug ++ [String] type = timer
debug +++ [int] repeatCount = 0
debug +++ [int] currentCount = 3
debug +++ [Boolean] running = true
debug +++ [int] delay = 180000
debug +++ [int] repeatCount = 0
debug +++ [int] currentCount = 3
debug +++ [Boolean] running = true
debug +++ [int] delay = 180000
debug time 17:20:08.444 :: After HeartBeat Count=4 Result=5
debug time 17:23:08.447 :: Before HeartBeat Count=5 Time=Fri Oct 7 2011 17:23:08 GMT+0200 AccountId=28699575 Session=17953bf6-8015-43f9-8372-b3fa05593188
debug ++ [int] eventPhase = 2
debug ++ [Boolean] bubbles = false
debug ++ [Boolean] cancelable = false
debug ++ [String] type = timer
debug +++ [int] repeatCount = 0
debug +++ [int] currentCount = 4
debug +++ [Boolean] running = true
debug +++ [int] delay = 180000
debug +++ [int] repeatCount = 0
debug +++ [int] currentCount = 4
debug +++ [Boolean] running = true
debug +++ [int] delay = 180000
debug time 17:23:09.444 :: After HeartBeat Count=5 Result=5
debug time 17:26:08.462 :: Before HeartBeat Count=6 Time=Fri Oct 7 2011 17:26:08 GMT+0200 AccountId=28699575 Session=17953bf6-8015-43f9-8372-b3fa05593188
debug ++ [int] eventPhase = 2
debug ++ [Boolean] bubbles = false
debug ++ [Boolean] cancelable = false
debug ++ [String] type = timer
debug +++ [int] repeatCount = 0
debug +++ [int] currentCount = 5
debug +++ [Boolean] running = true
debug +++ [int] delay = 180000
debug +++ [int] repeatCount = 0
debug +++ [int] currentCount = 5
debug +++ [Boolean] running = true
debug +++ [int] delay = 180000
debug time 17:26:09.444 :: After HeartBeat Count=6 Result=5
debug time 17:29:09.447 :: Before HeartBeat Count=7 Time=Fri Oct 7 2011 17:29:09 GMT+0200 AccountId=28699575 Session=17953bf6-8015-43f9-8372-b3fa05593188
debug ++ [int] eventPhase = 2
debug ++ [Boolean] bubbles = false
debug ++ [Boolean] cancelable = false
debug ++ [String] type = timer
debug +++ [int] repeatCount = 0
debug +++ [int] currentCount = 6
debug +++ [Boolean] running = true
debug +++ [int] delay = 180000
debug +++ [int] repeatCount = 0
debug +++ [int] currentCount = 6
debug +++ [Boolean] running = true
debug +++ [int] delay = 180000
debug time 17:29:10.444 :: After HeartBeat Count=7 Result=5
debug time 17:32:09.447 :: Before HeartBeat Count=8 Time=Fri Oct 7 2011 17:32:09 GMT+0200 AccountId=28699575 Session=17953bf6-8015-43f9-8372-b3fa05593188
debug ++ [int] eventPhase = 2
debug ++ [Boolean] bubbles = false
debug ++ [Boolean] cancelable = false
debug ++ [String] type = timer
debug +++ [int] repeatCount = 0
debug +++ [int] currentCount = 7
debug +++ [Boolean] running = true
debug +++ [int] delay = 180000
debug +++ [int] repeatCount = 0
debug +++ [int] currentCount = 7
debug +++ [Boolean] running = true
debug +++ [int] delay = 180000
debug time 17:32:10.444 :: After HeartBeat Count=8 Result=5
debug time 17:35:10.451 :: Before HeartBeat Count=9 Time=Fri Oct 7 2011 17:35:10 GMT+0200 AccountId=28699575 Session=17953bf6-8015-43f9-8372-b3fa05593188
debug ++ [int] eventPhase = 2
debug ++ [Boolean] bubbles = false
debug ++ [Boolean] cancelable = false
debug ++ [String] type = timer
debug +++ [int] repeatCount = 0
debug +++ [int] currentCount = 8
debug +++ [Boolean] running = true
debug +++ [int] delay = 180000
debug +++ [int] repeatCount = 0
debug +++ [int] currentCount = 8
debug +++ [Boolean] running = true
debug +++ [int] delay = 180000
debug time 17:35:11.444 :: After HeartBeat Count=9 Result=5
debug time 17:38:11.450 :: Before HeartBeat Count=10 Time=Fri Oct 7 2011 17:38:11 GMT+0200 AccountId=28699575 Session=17953bf6-8015-43f9-8372-b3fa05593188
debug ++ [int] eventPhase = 2
debug ++ [Boolean] bubbles = false
debug ++ [Boolean] cancelable = false
debug ++ [String] type = timer
debug +++ [int] repeatCount = 0
debug +++ [int] currentCount = 9
debug +++ [Boolean] running = true
debug +++ [int] delay = 180000
debug +++ [int] repeatCount = 0
debug +++ [int] currentCount = 9
debug +++ [Boolean] running = true
debug +++ [int] delay = 180000
debug time 17:38:12.444 :: After HeartBeat Count=10 Result=5
debug time 17:41:11.514 :: Before HeartBeat Count=11 Time=Fri Oct 7 2011 17:41:11 GMT+0200 AccountId=28699575 Session=17953bf6-8015-43f9-8372-b3fa05593188
debug ++ [int] eventPhase = 2
debug ++ [Boolean] bubbles = false
debug ++ [Boolean] cancelable = false
debug ++ [String] type = timer
debug +++ [int] repeatCount = 0
debug +++ [int] currentCount = 10
debug +++ [Boolean] running = true
debug +++ [int] delay = 180000
debug +++ [int] repeatCount = 0
debug +++ [int] currentCount = 10
debug +++ [Boolean] running = true
debug +++ [int] delay = 180000
debug time 17:41:12.511 :: After HeartBeat Count=11 Result=5
debug time 17:44:11.514 :: Before HeartBeat Count=12 Time=Fri Oct 7 2011 17:44:11 GMT+0200 AccountId=28699575 Session=17953bf6-8015-43f9-8372-b3fa05593188
debug ++ [int] eventPhase = 2
debug ++ [Boolean] bubbles = false
debug ++ [Boolean] cancelable = false
debug ++ [String] type = timer
debug +++ [int] repeatCount = 0
debug +++ [int] currentCount = 11
debug +++ [Boolean] running = true
debug +++ [int] delay = 180000
debug +++ [int] repeatCount = 0
debug +++ [int] currentCount = 11
debug +++ [Boolean] running = true
debug +++ [int] delay = 180000
debug time 17:44:12.511 :: After HeartBeat Count=12 Result=5
debug time 17:47:11.514 :: Before HeartBeat Count=13 Time=Fri Oct 7 2011 17:47:11 GMT+0200 AccountId=28699575 Session=17953bf6-8015-43f9-8372-b3fa05593188
debug ++ [int] eventPhase = 2
debug ++ [Boolean] bubbles = false
debug ++ [Boolean] cancelable = false
debug ++ [String] type = timer
debug +++ [int] repeatCount = 0
debug +++ [int] currentCount = 12
debug +++ [Boolean] running = true
debug +++ [int] delay = 180000
debug +++ [int] repeatCount = 0
debug +++ [int] currentCount = 12
debug +++ [Boolean] running = true
debug +++ [int] delay = 180000
debug time 17:47:12.511 :: After HeartBeat Count=13 Result=5
debug time 17:50:11.514 :: Before HeartBeat Count=14 Time=Fri Oct 7 2011 17:50:11 GMT+0200 AccountId=28699575 Session=17953bf6-8015-43f9-8372-b3fa05593188
debug ++ [int] eventPhase = 2
debug ++ [Boolean] bubbles = false
debug ++ [Boolean] cancelable = false
debug ++ [String] type = timer
debug +++ [int] repeatCount = 0
debug +++ [int] currentCount = 13
debug +++ [Boolean] running = true
debug +++ [int] delay = 180000
debug +++ [int] repeatCount = 0
debug +++ [int] currentCount = 13
debug +++ [Boolean] running = true
debug +++ [int] delay = 180000
debug time 17:50:12.511 :: After HeartBeat Count=14 Result=5
debug time 17:53:11.514 :: Before HeartBeat Count=15 Time=Fri Oct 7 2011 17:53:11 GMT+0200 AccountId=28699575 Session=17953bf6-8015-43f9-8372-b3fa05593188
debug ++ [int] eventPhase = 2
debug ++ [Boolean] bubbles = false
debug ++ [Boolean] cancelable = false
debug ++ [String] type = timer
debug +++ [int] repeatCount = 0
debug +++ [int] currentCount = 14
debug +++ [Boolean] running = true
debug +++ [int] delay = 180000
debug +++ [int] repeatCount = 0
debug +++ [int] currentCount = 14
debug +++ [Boolean] running = true
debug +++ [int] delay = 180000
debug time 17:53:12.511 :: After HeartBeat Count=15 Result=5
debug time 17:56:11.513 :: Before HeartBeat Count=16 Time=Fri Oct 7 2011 17:56:11 GMT+0200 AccountId=28699575 Session=17953bf6-8015-43f9-8372-b3fa05593188
debug ++ [int] eventPhase = 2
debug ++ [Boolean] bubbles = false
debug ++ [Boolean] cancelable = false
debug ++ [String] type = timer
debug +++ [int] repeatCount = 0
debug +++ [int] currentCount = 15
debug +++ [Boolean] running = true
debug +++ [int] delay = 180000
debug +++ [int] repeatCount = 0
debug +++ [int] currentCount = 15
debug +++ [Boolean] running = true
debug +++ [int] delay = 180000
debug time 17:56:12.510 :: After HeartBeat Count=16 Result=5
debug time 17:57:45.555 :: Performing heartbeat at Fri Oct 7 2011 17:57:45 GMT+0200
debug time 17:59:11.521 :: Before HeartBeat Count=17 Time=Fri Oct 7 2011 17:59:11 GMT+0200 AccountId=28699575 Session=17953bf6-8015-43f9-8372-b3fa05593188
debug ++ [int] eventPhase = 2
debug ++ [Boolean] bubbles = false
debug ++ [Boolean] cancelable = false
debug ++ [String] type = timer
debug +++ [int] repeatCount = 0
debug +++ [int] currentCount = 16
debug +++ [Boolean] running = true
debug +++ [int] delay = 180000
debug +++ [int] repeatCount = 0
debug +++ [int] currentCount = 16
debug +++ [Boolean] running = true
debug +++ [int] delay = 180000
debug time 17:59:11.725 :: After HeartBeat Count=17 Result=5
debug time 18:02:11.522 :: Before HeartBeat Count=18 Time=Fri Oct 7 2011 18:02:11 GMT+0200 AccountId=28699575 Session=17953bf6-8015-43f9-8372-b3fa05593188
debug ++ [int] eventPhase = 2
debug ++ [Boolean] bubbles = false
debug ++ [Boolean] cancelable = false
debug ++ [String] type = timer
debug +++ [int] repeatCount = 0
debug +++ [int] currentCount = 17
debug +++ [Boolean] running = true
debug +++ [int] delay = 180000
debug +++ [int] repeatCount = 0
debug +++ [int] currentCount = 17
debug +++ [Boolean] running = true
debug +++ [int] delay = 180000
debug time 18:02:11.725 :: After HeartBeat Count=18 Result=5
debug time 18:05:11.547 :: Before HeartBeat Count=19 Time=Fri Oct 7 2011 18:05:11 GMT+0200 AccountId=28699575 Session=17953bf6-8015-43f9-8372-b3fa05593188
debug ++ [int] eventPhase = 2
debug ++ [Boolean] bubbles = false
debug ++ [Boolean] cancelable = false
debug ++ [String] type = timer
debug +++ [int] repeatCount = 0
debug +++ [int] currentCount = 18
debug +++ [Boolean] running = true
debug +++ [int] delay = 180000
debug +++ [int] repeatCount = 0
debug +++ [int] currentCount = 18
debug +++ [Boolean] running = true
debug +++ [int] delay = 180000
debug time 18:05:11.757 :: After HeartBeat Count=19 Result=5
debug time 18:08:11.555 :: Before HeartBeat Count=20 Time=Fri Oct 7 2011 18:08:11 GMT+0200 AccountId=28699575 Session=17953bf6-8015-43f9-8372-b3fa05593188
debug ++ [int] eventPhase = 2
debug ++ [Boolean] bubbles = false
debug ++ [Boolean] cancelable = false
debug ++ [String] type = timer
debug +++ [int] repeatCount = 0
debug +++ [int] currentCount = 19
debug +++ [Boolean] running = true
debug +++ [int] delay = 180000
debug +++ [int] repeatCount = 0
debug +++ [int] currentCount = 19
debug +++ [Boolean] running = true
debug +++ [int] delay = 180000
debug time 18:08:12.552 :: After HeartBeat Count=20 Result=5
debug time 18:11:11.555 :: Before HeartBeat Count=21 Time=Fri Oct 7 2011 18:11:11 GMT+0200 AccountId=28699575 Session=17953bf6-8015-43f9-8372-b3fa05593188
debug ++ [int] eventPhase = 2
debug ++ [Boolean] bubbles = false
debug ++ [Boolean] cancelable = false
debug ++ [String] type = timer
debug +++ [int] repeatCount = 0
debug +++ [int] currentCount = 20
debug +++ [Boolean] running = true
debug +++ [int] delay = 180000
debug +++ [int] repeatCount = 0
debug +++ [int] currentCount = 20
debug +++ [Boolean] running = true
debug +++ [int] delay = 180000
debug time 18:11:12.552 :: After HeartBeat Count=21 Result=5
debug time 18:14:11.555 :: Before HeartBeat Count=22 Time=Fri Oct 7 2011 18:14:11 GMT+0200 AccountId=28699575 Session=17953bf6-8015-43f9-8372-b3fa05593188
debug ++ [int] eventPhase = 2
debug ++ [Boolean] bubbles = false
debug ++ [Boolean] cancelable = false
debug ++ [String] type = timer
debug +++ [int] repeatCount = 0
debug +++ [int] currentCount = 21
debug +++ [Boolean] running = true
debug +++ [int] delay = 180000
debug +++ [int] repeatCount = 0
debug +++ [int] currentCount = 21
debug +++ [Boolean] running = true
debug +++ [int] delay = 180000
debug time 18:14:12.552 :: After HeartBeat Count=22 Result=5
debug time 18:17:11.576 :: Before HeartBeat Count=23 Time=Fri Oct 7 2011 18:17:11 GMT+0200 AccountId=28699575 Session=17953bf6-8015-43f9-8372-b3fa05593188
debug ++ [int] eventPhase = 2
debug ++ [Boolean] bubbles = false
debug ++ [Boolean] cancelable = false
debug ++ [String] type = timer
debug +++ [int] repeatCount = 0
debug +++ [int] currentCount = 22
debug +++ [Boolean] running = true
debug +++ [int] delay = 180000
debug +++ [int] repeatCount = 0
debug +++ [int] currentCount = 22
debug +++ [Boolean] running = true
debug +++ [int] delay = 180000
debug time 18:17:12.552 :: After HeartBeat Count=23 Result=5
debug time 18:20:11.751 :: Before HeartBeat Count=24 Time=Fri Oct 7 2011 18:20:11 GMT+0200 AccountId=28699575 Session=17953bf6-8015-43f9-8372-b3fa05593188
debug ++ [int] eventPhase = 2
debug ++ [Boolean] bubbles = false
debug ++ [Boolean] cancelable = false
debug ++ [String] type = timer
debug +++ [int] repeatCount = 0
debug +++ [int] currentCount = 23
debug +++ [Boolean] running = true
debug +++ [int] delay = 180000
debug +++ [int] repeatCount = 0
debug +++ [int] currentCount = 23
debug +++ [Boolean] running = true
debug +++ [int] delay = 180000
debug time 18:20:12.748 :: After HeartBeat Count=24 Result=5
debug time 18:23:11.772 :: Before HeartBeat Count=25 Time=Fri Oct 7 2011 18:23:11 GMT+0200 AccountId=28699575 Session=17953bf6-8015-43f9-8372-b3fa05593188
debug ++ [int] eventPhase = 2
debug ++ [Boolean] bubbles = false
debug ++ [Boolean] cancelable = false
debug ++ [String] type = timer
debug +++ [int] repeatCount = 0
debug +++ [int] currentCount = 24
debug +++ [Boolean] running = true
debug +++ [int] delay = 180000
debug +++ [int] repeatCount = 0
debug +++ [int] currentCount = 24
debug +++ [Boolean] running = true
debug +++ [int] delay = 180000
debug time 18:23:12.753 :: After HeartBeat Count=25 Result=5
debug time 18:26:12.750 :: Before HeartBeat Count=26 Time=Fri Oct 7 2011 18:26:12 GMT+0200 AccountId=28699575 Session=17953bf6-8015-43f9-8372-b3fa05593188
debug ++ [int] eventPhase = 2
debug ++ [Boolean] bubbles = false
debug ++ [Boolean] cancelable = false
debug ++ [String] type = timer
debug +++ [int] repeatCount = 0
debug +++ [int] currentCount = 25
debug +++ [Boolean] running = true
debug +++ [int] delay = 180000
debug +++ [int] repeatCount = 0
debug +++ [int] currentCount = 25
debug +++ [Boolean] running = true
debug +++ [int] delay = 180000
debug time 18:26:13.748 :: After HeartBeat Count=26 Result=5
debug time 18:29:12.751 :: Before HeartBeat Count=27 Time=Fri Oct 7 2011 18:29:12 GMT+0200 AccountId=28699575 Session=17953bf6-8015-43f9-8372-b3fa05593188
debug ++ [int] eventPhase = 2
debug ++ [Boolean] bubbles = false
debug ++ [Boolean] cancelable = false
debug ++ [String] type = timer
debug +++ [int] repeatCount = 0
debug +++ [int] currentCount = 26
debug +++ [Boolean] running = true
debug +++ [int] delay = 180000
debug +++ [int] repeatCount = 0
debug +++ [int] currentCount = 26
debug +++ [Boolean] running = true
debug +++ [int] delay = 180000
debug time 18:29:13.748 :: After HeartBeat Count=27 Result=5
debug time 18:32:12.751 :: Before HeartBeat Count=28 Time=Fri Oct 7 2011 18:32:12 GMT+0200 AccountId=28699575 Session=17953bf6-8015-43f9-8372-b3fa05593188
debug ++ [int] eventPhase = 2
debug ++ [Boolean] bubbles = false
debug ++ [Boolean] cancelable = false
debug ++ [String] type = timer
debug +++ [int] repeatCount = 0
debug +++ [int] currentCount = 27
debug +++ [Boolean] running = true
debug +++ [int] delay = 180000
debug +++ [int] repeatCount = 0
debug +++ [int] currentCount = 27
debug +++ [Boolean] running = true
debug +++ [int] delay = 180000
debug time 18:32:13.748 :: After HeartBeat Count=28 Result=5
debug time 18:35:12.751 :: Before HeartBeat Count=29 Time=Fri Oct 7 2011 18:35:12 GMT+0200 AccountId=28699575 Session=17953bf6-8015-43f9-8372-b3fa05593188
debug ++ [int] eventPhase = 2
debug ++ [Boolean] bubbles = false
debug ++ [Boolean] cancelable = false
debug ++ [String] type = timer
debug +++ [int] repeatCount = 0
debug +++ [int] currentCount = 28
debug +++ [Boolean] running = true
debug +++ [int] delay = 180000
debug +++ [int] repeatCount = 0
debug +++ [int] currentCount = 28
debug +++ [Boolean] running = true
debug +++ [int] delay = 180000
debug time 18:35:13.748 :: After HeartBeat Count=29 Result=5
debug time 18:38:12.771 :: Before HeartBeat Count=30 Time=Fri Oct 7 2011 18:38:12 GMT+0200 AccountId=28699575 Session=17953bf6-8015-43f9-8372-b3fa05593188
debug ++ [int] eventPhase = 2
debug ++ [Boolean] bubbles = false
debug ++ [Boolean] cancelable = false
debug ++ [String] type = timer
debug +++ [int] repeatCount = 0
debug +++ [int] currentCount = 29
debug +++ [Boolean] running = true
debug +++ [int] delay = 180000
debug +++ [int] repeatCount = 0
debug +++ [int] currentCount = 29
debug +++ [Boolean] running = true
debug +++ [int] delay = 180000
debug time 18:38:13.753 :: After HeartBeat Count=30 Result=5
debug time 18:41:13.751 :: Before HeartBeat Count=31 Time=Fri Oct 7 2011 18:41:13 GMT+0200 AccountId=28699575 Session=17953bf6-8015-43f9-8372-b3fa05593188
debug ++ [int] eventPhase = 2
debug ++ [Boolean] bubbles = false
debug ++ [Boolean] cancelable = false
debug ++ [String] type = timer
debug +++ [int] repeatCount = 0
debug +++ [int] currentCount = 30
debug +++ [Boolean] running = true
debug +++ [int] delay = 180000
debug +++ [int] repeatCount = 0
debug +++ [int] currentCount = 30
debug +++ [Boolean] running = true
debug +++ [int] delay = 180000
debug time 18:41:14.748 :: After HeartBeat Count=31 Result=5
debug time 18:44:13.753 :: Before HeartBeat Count=32 Time=Fri Oct 7 2011 18:44:13 GMT+0200 AccountId=28699575 Session=17953bf6-8015-43f9-8372-b3fa05593188
debug ++ [int] eventPhase = 2
debug ++ [Boolean] bubbles = false
debug ++ [Boolean] cancelable = false
debug ++ [String] type = timer
debug +++ [int] repeatCount = 0
debug +++ [int] currentCount = 31
debug +++ [Boolean] running = true
debug +++ [int] delay = 180000
debug +++ [int] repeatCount = 0
debug +++ [int] currentCount = 31
debug +++ [Boolean] running = true
debug +++ [int] delay = 180000
debug time 18:44:14.748 :: After HeartBeat Count=32 Result=5
debug time 18:47:13.771 :: Before HeartBeat Count=33 Time=Fri Oct 7 2011 18:47:13 GMT+0200 AccountId=28699575 Session=17953bf6-8015-43f9-8372-b3fa05593188
debug ++ [int] eventPhase = 2
debug ++ [Boolean] bubbles = false
debug ++ [Boolean] cancelable = false
debug ++ [String] type = timer
debug +++ [int] repeatCount = 0
debug +++ [int] currentCount = 32
debug +++ [Boolean] running = true
debug +++ [int] delay = 180000
debug +++ [int] repeatCount = 0
debug +++ [int] currentCount = 32
debug +++ [Boolean] running = true
debug +++ [int] delay = 180000
debug time 18:47:14.748 :: After HeartBeat Count=33 Result=5
debug time 18:50:14.751 :: Before HeartBeat Count=34 Time=Fri Oct 7 2011 18:50:14 GMT+0200 AccountId=28699575 Session=17953bf6-8015-43f9-8372-b3fa05593188
debug ++ [int] eventPhase = 2
debug ++ [Boolean] bubbles = false
debug ++ [Boolean] cancelable = false
debug ++ [String] type = timer
debug +++ [int] repeatCount = 0
debug +++ [int] currentCount = 33
debug +++ [Boolean] running = true
debug +++ [int] delay = 180000
debug +++ [int] repeatCount = 0
debug +++ [int] currentCount = 33
debug +++ [Boolean] running = true
debug +++ [int] delay = 180000
debug time 18:50:15.748 :: After HeartBeat Count=34 Result=5
debug time 18:53:14.751 :: Before HeartBeat Count=35 Time=Fri Oct 7 2011 18:53:14 GMT+0200 AccountId=28699575 Session=17953bf6-8015-43f9-8372-b3fa05593188
debug ++ [int] eventPhase = 2
debug ++ [Boolean] bubbles = false
debug ++ [Boolean] cancelable = false
debug ++ [String] type = timer
debug +++ [int] repeatCount = 0
debug +++ [int] currentCount = 34
debug +++ [Boolean] running = true
debug +++ [int] delay = 180000
debug +++ [int] repeatCount = 0
debug +++ [int] currentCount = 34
debug +++ [Boolean] running = true
debug +++ [int] delay = 180000
debug time 18:53:15.748 :: After HeartBeat Count=35 Result=5
debug time 18:56:14.751 :: Before HeartBeat Count=36 Time=Fri Oct 7 2011 18:56:14 GMT+0200 AccountId=28699575 Session=17953bf6-8015-43f9-8372-b3fa05593188
debug ++ [int] eventPhase = 2
debug ++ [Boolean] bubbles = false
debug ++ [Boolean] cancelable = false
debug ++ [String] type = timer
debug +++ [int] repeatCount = 0
debug +++ [int] currentCount = 35
debug +++ [Boolean] running = true
debug +++ [int] delay = 180000
debug +++ [int] repeatCount = 0
debug +++ [int] currentCount = 35
debug +++ [Boolean] running = true
debug +++ [int] delay = 180000
debug time 18:56:15.748 :: After HeartBeat Count=36 Result=5
debug time 18:59:14.751 :: Before HeartBeat Count=37 Time=Fri Oct 7 2011 18:59:14 GMT+0200 AccountId=28699575 Session=17953bf6-8015-43f9-8372-b3fa05593188
debug ++ [int] eventPhase = 2
debug ++ [Boolean] bubbles = false
debug ++ [Boolean] cancelable = false
debug ++ [String] type = timer
debug +++ [int] repeatCount = 0
debug +++ [int] currentCount = 36
debug +++ [Boolean] running = true
debug +++ [int] delay = 180000
debug +++ [int] repeatCount = 0
debug +++ [int] currentCount = 36
debug +++ [Boolean] running = true
debug +++ [int] delay = 180000
debug time 18:59:15.753 :: After HeartBeat Count=37 Result=5
debug time 19:02:14.772 :: Before HeartBeat Count=38 Time=Fri Oct 7 2011 19:02:14 GMT+0200 AccountId=28699575 Session=17953bf6-8015-43f9-8372-b3fa05593188
debug ++ [int] eventPhase = 2
debug ++ [Boolean] bubbles = false
debug ++ [Boolean] cancelable = false
debug ++ [String] type = timer
debug +++ [int] repeatCount = 0
debug +++ [int] currentCount = 37
debug +++ [Boolean] running = true
debug +++ [int] delay = 180000
debug +++ [int] repeatCount = 0
debug +++ [int] currentCount = 37
debug +++ [Boolean] running = true
debug +++ [int] delay = 180000
debug time 19:02:15.748 :: After HeartBeat Count=38 Result=5
debug time 19:05:15.750 :: Before HeartBeat Count=39 Time=Fri Oct 7 2011 19:05:15 GMT+0200 AccountId=28699575 Session=17953bf6-8015-43f9-8372-b3fa05593188
debug ++ [int] eventPhase = 2
debug ++ [Boolean] bubbles = false
debug ++ [Boolean] cancelable = false
debug ++ [String] type = timer
debug +++ [int] repeatCount = 0
debug +++ [int] currentCount = 38
debug +++ [Boolean] running = true
debug +++ [int] delay = 180000
debug +++ [int] repeatCount = 0
debug +++ [int] currentCount = 38
debug +++ [Boolean] running = true
debug +++ [int] delay = 180000
debug time 19:05:16.748 :: After HeartBeat Count=39 Result=5
debug time 19:08:15.771 :: Before HeartBeat Count=40 Time=Fri Oct 7 2011 19:08:15 GMT+0200 AccountId=28699575 Session=17953bf6-8015-43f9-8372-b3fa05593188
debug ++ [int] eventPhase = 2
debug ++ [Boolean] bubbles = false
debug ++ [Boolean] cancelable = false
debug ++ [String] type = timer
debug +++ [int] repeatCount = 0
debug +++ [int] currentCount = 39
debug +++ [Boolean] running = true
debug +++ [int] delay = 180000
debug +++ [int] repeatCount = 0
debug +++ [int] currentCount = 39
debug +++ [Boolean] running = true
debug +++ [int] delay = 180000
debug time 19:08:16.753 :: After HeartBeat Count=40 Result=5
debug time 19:10:33.774 :: Performing heartbeat at Fri Oct 7 2011 19:10:33 GMT+0200
