debug time 12:20:22.946 :: Before HeartBeat Count=1 Time=Thu Mar 22 2012 12:20:22 GMT+0100 AccountId=29131007 Session=bc96a3f8-5953-43e8-9944-11eb95ecf659
STOP LOGGING: More than 0 nested objects or properties. 
debug time 12:20:23.388 :: After HeartBeat Count=1 Result=5
debug time 12:22:22.986 :: Before HeartBeat Count=2 Time=Thu Mar 22 2012 12:22:22 GMT+0100 AccountId=29131007 Session=bc96a3f8-5953-43e8-9944-11eb95ecf659
debug ++ [int] eventPhase = 2
debug ++ [Boolean] bubbles = false
debug ++ [Boolean] cancelable = false
debug ++ [String] type = timer
debug +++ [int] repeatCount = 0
debug +++ [int] currentCount = 1
debug +++ [Boolean] running = true
debug +++ [int] delay = 120000
debug +++ [int] repeatCount = 0
debug +++ [int] currentCount = 1
debug +++ [Boolean] running = true
debug +++ [int] delay = 120000
debug time 12:22:23.158 :: After HeartBeat Count=2 Result=5
debug time 12:24:23.496 :: Before HeartBeat Count=3 Time=Thu Mar 22 2012 12:24:23 GMT+0100 AccountId=29131007 Session=bc96a3f8-5953-43e8-9944-11eb95ecf659
debug ++ [int] eventPhase = 2
debug ++ [Boolean] bubbles = false
debug ++ [Boolean] cancelable = false
debug ++ [String] type = timer
debug +++ [int] repeatCount = 0
debug +++ [int] currentCount = 2
debug +++ [Boolean] running = true
debug +++ [int] delay = 120000
debug +++ [int] repeatCount = 0
debug +++ [int] currentCount = 2
debug +++ [Boolean] running = true
debug +++ [int] delay = 120000
debug time 12:24:23.696 :: After HeartBeat Count=3 Result=5
debug time 12:26:24.496 :: Before HeartBeat Count=4 Time=Thu Mar 22 2012 12:26:24 GMT+0100 AccountId=29131007 Session=bc96a3f8-5953-43e8-9944-11eb95ecf659
debug ++ [int] eventPhase = 2
debug ++ [Boolean] bubbles = false
debug ++ [Boolean] cancelable = false
debug ++ [String] type = timer
debug +++ [int] repeatCount = 0
debug +++ [int] currentCount = 3
debug +++ [Boolean] running = true
debug +++ [int] delay = 120000
debug +++ [int] repeatCount = 0
debug +++ [int] currentCount = 3
debug +++ [Boolean] running = true
debug +++ [int] delay = 120000
debug time 12:26:24.693 :: After HeartBeat Count=4 Result=5
debug time 12:28:24.500 :: Before HeartBeat Count=5 Time=Thu Mar 22 2012 12:28:24 GMT+0100 AccountId=29131007 Session=bc96a3f8-5953-43e8-9944-11eb95ecf659
debug ++ [int] eventPhase = 2
debug ++ [Boolean] bubbles = false
debug ++ [Boolean] cancelable = false
debug ++ [String] type = timer
debug +++ [int] repeatCount = 0
debug +++ [int] currentCount = 4
debug +++ [Boolean] running = true
debug +++ [int] delay = 120000
debug +++ [int] repeatCount = 0
debug +++ [int] currentCount = 4
debug +++ [Boolean] running = true
debug +++ [int] delay = 120000
debug time 12:28:24.689 :: After HeartBeat Count=5 Result=5
debug time 12:30:25.470 :: Before HeartBeat Count=6 Time=Thu Mar 22 2012 12:30:25 GMT+0100 AccountId=29131007 Session=bc96a3f8-5953-43e8-9944-11eb95ecf659
debug ++ [int] eventPhase = 2
debug ++ [Boolean] bubbles = false
debug ++ [Boolean] cancelable = false
debug ++ [String] type = timer
debug +++ [int] repeatCount = 0
debug +++ [int] currentCount = 5
debug +++ [Boolean] running = true
debug +++ [int] delay = 120000
debug +++ [int] repeatCount = 0
debug +++ [int] currentCount = 5
debug +++ [Boolean] running = true
debug +++ [int] delay = 120000
debug time 12:30:25.639 :: After HeartBeat Count=6 Result=5
debug time 12:32:25.489 :: Before HeartBeat Count=7 Time=Thu Mar 22 2012 12:32:25 GMT+0100 AccountId=29131007 Session=bc96a3f8-5953-43e8-9944-11eb95ecf659
debug ++ [int] eventPhase = 2
debug ++ [Boolean] bubbles = false
debug ++ [Boolean] cancelable = false
debug ++ [String] type = timer
debug +++ [int] repeatCount = 0
debug +++ [int] currentCount = 6
debug +++ [Boolean] running = true
debug +++ [int] delay = 120000
debug +++ [int] repeatCount = 0
debug +++ [int] currentCount = 6
debug +++ [Boolean] running = true
debug +++ [int] delay = 120000
debug time 12:32:25.657 :: After HeartBeat Count=7 Result=5
debug time 12:34:25.496 :: Before HeartBeat Count=8 Time=Thu Mar 22 2012 12:34:25 GMT+0100 AccountId=29131007 Session=bc96a3f8-5953-43e8-9944-11eb95ecf659
debug ++ [int] eventPhase = 2
debug ++ [Boolean] bubbles = false
debug ++ [Boolean] cancelable = false
debug ++ [String] type = timer
debug +++ [int] repeatCount = 0
debug +++ [int] currentCount = 7
debug +++ [Boolean] running = true
debug +++ [int] delay = 120000
debug +++ [int] repeatCount = 0
debug +++ [int] currentCount = 7
debug +++ [Boolean] running = true
debug +++ [int] delay = 120000
debug time 12:34:25.679 :: After HeartBeat Count=8 Result=5
debug time 12:36:26.472 :: Before HeartBeat Count=9 Time=Thu Mar 22 2012 12:36:26 GMT+0100 AccountId=29131007 Session=bc96a3f8-5953-43e8-9944-11eb95ecf659
debug ++ [int] eventPhase = 2
debug ++ [Boolean] bubbles = false
debug ++ [Boolean] cancelable = false
debug ++ [String] type = timer
debug +++ [int] repeatCount = 0
debug +++ [int] currentCount = 8
debug +++ [Boolean] running = true
debug +++ [int] delay = 120000
debug +++ [int] repeatCount = 0
debug +++ [int] currentCount = 8
debug +++ [Boolean] running = true
debug +++ [int] delay = 120000
debug time 12:36:26.641 :: After HeartBeat Count=9 Result=5
debug time 12:38:27.470 :: Before HeartBeat Count=10 Time=Thu Mar 22 2012 12:38:27 GMT+0100 AccountId=29131007 Session=bc96a3f8-5953-43e8-9944-11eb95ecf659
debug ++ [int] eventPhase = 2
debug ++ [Boolean] bubbles = false
debug ++ [Boolean] cancelable = false
debug ++ [String] type = timer
debug +++ [int] repeatCount = 0
debug +++ [int] currentCount = 9
debug +++ [Boolean] running = true
debug +++ [int] delay = 120000
debug +++ [int] repeatCount = 0
debug +++ [int] currentCount = 9
debug +++ [Boolean] running = true
debug +++ [int] delay = 120000
debug time 12:38:27.639 :: After HeartBeat Count=10 Result=5
debug time 12:40:27.471 :: Before HeartBeat Count=11 Time=Thu Mar 22 2012 12:40:27 GMT+0100 AccountId=29131007 Session=bc96a3f8-5953-43e8-9944-11eb95ecf659
debug ++ [int] eventPhase = 2
debug ++ [Boolean] bubbles = false
debug ++ [Boolean] cancelable = false
debug ++ [String] type = timer
debug +++ [int] repeatCount = 0
debug +++ [int] currentCount = 10
debug +++ [Boolean] running = true
debug +++ [int] delay = 120000
debug +++ [int] repeatCount = 0
debug +++ [int] currentCount = 10
debug +++ [Boolean] running = true
debug +++ [int] delay = 120000
debug time 12:40:27.673 :: After HeartBeat Count=11 Result=5
debug time 12:42:27.495 :: Before HeartBeat Count=12 Time=Thu Mar 22 2012 12:42:27 GMT+0100 AccountId=29131007 Session=bc96a3f8-5953-43e8-9944-11eb95ecf659
debug ++ [int] eventPhase = 2
debug ++ [Boolean] bubbles = false
debug ++ [Boolean] cancelable = false
debug ++ [String] type = timer
debug +++ [int] repeatCount = 0
debug +++ [int] currentCount = 11
debug +++ [Boolean] running = true
debug +++ [int] delay = 120000
debug +++ [int] repeatCount = 0
debug +++ [int] currentCount = 11
debug +++ [Boolean] running = true
debug +++ [int] delay = 120000
debug time 12:42:27.699 :: After HeartBeat Count=12 Result=5
debug time 12:44:27.495 :: Before HeartBeat Count=13 Time=Thu Mar 22 2012 12:44:27 GMT+0100 AccountId=29131007 Session=bc96a3f8-5953-43e8-9944-11eb95ecf659
debug ++ [int] eventPhase = 2
debug ++ [Boolean] bubbles = false
debug ++ [Boolean] cancelable = false
debug ++ [String] type = timer
debug +++ [int] repeatCount = 0
debug +++ [int] currentCount = 12
debug +++ [Boolean] running = true
debug +++ [int] delay = 120000
debug +++ [int] repeatCount = 0
debug +++ [int] currentCount = 12
debug +++ [Boolean] running = true
debug +++ [int] delay = 120000
debug time 12:44:27.689 :: After HeartBeat Count=13 Result=5
debug time 12:46:27.495 :: Before HeartBeat Count=14 Time=Thu Mar 22 2012 12:46:27 GMT+0100 AccountId=29131007 Session=bc96a3f8-5953-43e8-9944-11eb95ecf659
debug ++ [int] eventPhase = 2
debug ++ [Boolean] bubbles = false
debug ++ [Boolean] cancelable = false
debug ++ [String] type = timer
debug +++ [int] repeatCount = 0
debug +++ [int] currentCount = 13
debug +++ [Boolean] running = true
debug +++ [int] delay = 120000
debug +++ [int] repeatCount = 0
debug +++ [int] currentCount = 13
debug +++ [Boolean] running = true
debug +++ [int] delay = 120000
debug time 12:46:27.694 :: After HeartBeat Count=14 Result=5
debug time 12:48:27.496 :: Before HeartBeat Count=15 Time=Thu Mar 22 2012 12:48:27 GMT+0100 AccountId=29131007 Session=bc96a3f8-5953-43e8-9944-11eb95ecf659
debug ++ [int] eventPhase = 2
debug ++ [Boolean] bubbles = false
debug ++ [Boolean] cancelable = false
debug ++ [String] type = timer
debug +++ [int] repeatCount = 0
debug +++ [int] currentCount = 14
debug +++ [Boolean] running = true
debug +++ [int] delay = 120000
debug +++ [int] repeatCount = 0
debug +++ [int] currentCount = 14
debug +++ [Boolean] running = true
debug +++ [int] delay = 120000
debug time 12:48:27.695 :: After HeartBeat Count=15 Result=5
debug time 12:50:27.496 :: Before HeartBeat Count=16 Time=Thu Mar 22 2012 12:50:27 GMT+0100 AccountId=29131007 Session=bc96a3f8-5953-43e8-9944-11eb95ecf659
debug ++ [int] eventPhase = 2
debug ++ [Boolean] bubbles = false
debug ++ [Boolean] cancelable = false
debug ++ [String] type = timer
debug +++ [int] repeatCount = 0
debug +++ [int] currentCount = 15
debug +++ [Boolean] running = true
debug +++ [int] delay = 120000
debug +++ [int] repeatCount = 0
debug +++ [int] currentCount = 15
debug +++ [Boolean] running = true
debug +++ [int] delay = 120000
debug time 12:50:27.695 :: After HeartBeat Count=16 Result=5
debug time 12:52:27.496 :: Before HeartBeat Count=17 Time=Thu Mar 22 2012 12:52:27 GMT+0100 AccountId=29131007 Session=bc96a3f8-5953-43e8-9944-11eb95ecf659
debug ++ [int] eventPhase = 2
debug ++ [Boolean] bubbles = false
debug ++ [Boolean] cancelable = false
debug ++ [String] type = timer
debug +++ [int] repeatCount = 0
debug +++ [int] currentCount = 16
debug +++ [Boolean] running = true
debug +++ [int] delay = 120000
debug +++ [int] repeatCount = 0
debug +++ [int] currentCount = 16
debug +++ [Boolean] running = true
debug +++ [int] delay = 120000
debug time 12:52:27.696 :: After HeartBeat Count=17 Result=5
debug time 12:54:28.471 :: Before HeartBeat Count=18 Time=Thu Mar 22 2012 12:54:28 GMT+0100 AccountId=29131007 Session=bc96a3f8-5953-43e8-9944-11eb95ecf659
debug ++ [int] eventPhase = 2
debug ++ [Boolean] bubbles = false
debug ++ [Boolean] cancelable = false
debug ++ [String] type = timer
debug +++ [int] repeatCount = 0
debug +++ [int] currentCount = 17
debug +++ [Boolean] running = true
debug +++ [int] delay = 120000
debug +++ [int] repeatCount = 0
debug +++ [int] currentCount = 17
debug +++ [Boolean] running = true
debug +++ [int] delay = 120000
debug time 12:54:28.640 :: After HeartBeat Count=18 Result=5
debug time 12:56:28.477 :: Before HeartBeat Count=19 Time=Thu Mar 22 2012 12:56:28 GMT+0100 AccountId=29131007 Session=bc96a3f8-5953-43e8-9944-11eb95ecf659
debug ++ [int] eventPhase = 2
debug ++ [Boolean] bubbles = false
debug ++ [Boolean] cancelable = false
debug ++ [String] type = timer
debug +++ [int] repeatCount = 0
debug +++ [int] currentCount = 18
debug +++ [Boolean] running = true
debug +++ [int] delay = 120000
debug +++ [int] repeatCount = 0
debug +++ [int] currentCount = 18
debug +++ [Boolean] running = true
debug +++ [int] delay = 120000
debug time 12:56:28.647 :: After HeartBeat Count=19 Result=5
debug time 12:58:28.502 :: Before HeartBeat Count=20 Time=Thu Mar 22 2012 12:58:28 GMT+0100 AccountId=29131007 Session=bc96a3f8-5953-43e8-9944-11eb95ecf659
debug ++ [int] eventPhase = 2
debug ++ [Boolean] bubbles = false
debug ++ [Boolean] cancelable = false
debug ++ [String] type = timer
debug +++ [int] repeatCount = 0
debug +++ [int] currentCount = 19
debug +++ [Boolean] running = true
debug +++ [int] delay = 120000
debug +++ [int] repeatCount = 0
debug +++ [int] currentCount = 19
debug +++ [Boolean] running = true
debug +++ [int] delay = 120000
debug time 12:58:28.700 :: After HeartBeat Count=20 Result=5
debug time 13:00:29.469 :: Before HeartBeat Count=21 Time=Thu Mar 22 2012 13:00:29 GMT+0100 AccountId=29131007 Session=bc96a3f8-5953-43e8-9944-11eb95ecf659
debug ++ [int] eventPhase = 2
debug ++ [Boolean] bubbles = false
debug ++ [Boolean] cancelable = false
debug ++ [String] type = timer
debug +++ [int] repeatCount = 0
debug +++ [int] currentCount = 20
debug +++ [Boolean] running = true
debug +++ [int] delay = 120000
debug +++ [int] repeatCount = 0
debug +++ [int] currentCount = 20
debug +++ [Boolean] running = true
debug +++ [int] delay = 120000
debug time 13:00:29.637 :: After HeartBeat Count=21 Result=5
debug time 13:02:29.469 :: Before HeartBeat Count=22 Time=Thu Mar 22 2012 13:02:29 GMT+0100 AccountId=29131007 Session=bc96a3f8-5953-43e8-9944-11eb95ecf659
debug ++ [int] eventPhase = 2
debug ++ [Boolean] bubbles = false
debug ++ [Boolean] cancelable = false
debug ++ [String] type = timer
debug +++ [int] repeatCount = 0
debug +++ [int] currentCount = 21
debug +++ [Boolean] running = true
debug +++ [int] delay = 120000
debug +++ [int] repeatCount = 0
debug +++ [int] currentCount = 21
debug +++ [Boolean] running = true
debug +++ [int] delay = 120000
debug time 13:02:29.637 :: After HeartBeat Count=22 Result=5
debug time 13:04:29.474 :: Before HeartBeat Count=23 Time=Thu Mar 22 2012 13:04:29 GMT+0100 AccountId=29131007 Session=bc96a3f8-5953-43e8-9944-11eb95ecf659
debug ++ [int] eventPhase = 2
debug ++ [Boolean] bubbles = false
debug ++ [Boolean] cancelable = false
debug ++ [String] type = timer
debug +++ [int] repeatCount = 0
debug +++ [int] currentCount = 22
debug +++ [Boolean] running = true
debug +++ [int] delay = 120000
debug +++ [int] repeatCount = 0
debug +++ [int] currentCount = 22
debug +++ [Boolean] running = true
debug +++ [int] delay = 120000
debug time 13:04:29.646 :: After HeartBeat Count=23 Result=5
debug time 13:06:30.494 :: Before HeartBeat Count=24 Time=Thu Mar 22 2012 13:06:30 GMT+0100 AccountId=29131007 Session=bc96a3f8-5953-43e8-9944-11eb95ecf659
debug ++ [int] eventPhase = 2
debug ++ [Boolean] bubbles = false
debug ++ [Boolean] cancelable = false
debug ++ [String] type = timer
debug +++ [int] repeatCount = 0
debug +++ [int] currentCount = 23
debug +++ [Boolean] running = true
debug +++ [int] delay = 120000
debug +++ [int] repeatCount = 0
debug +++ [int] currentCount = 23
debug +++ [Boolean] running = true
debug +++ [int] delay = 120000
debug time 13:06:30.663 :: After HeartBeat Count=24 Result=5
debug time 13:08:31.470 :: Before HeartBeat Count=25 Time=Thu Mar 22 2012 13:08:31 GMT+0100 AccountId=29131007 Session=bc96a3f8-5953-43e8-9944-11eb95ecf659
debug ++ [int] eventPhase = 2
debug ++ [Boolean] bubbles = false
debug ++ [Boolean] cancelable = false
debug ++ [String] type = timer
debug +++ [int] repeatCount = 0
debug +++ [int] currentCount = 24
debug +++ [Boolean] running = true
debug +++ [int] delay = 120000
debug +++ [int] repeatCount = 0
debug +++ [int] currentCount = 24
debug +++ [Boolean] running = true
debug +++ [int] delay = 120000
debug time 13:08:31.638 :: After HeartBeat Count=25 Result=5
debug time 13:10:31.470 :: Before HeartBeat Count=26 Time=Thu Mar 22 2012 13:10:31 GMT+0100 AccountId=29131007 Session=bc96a3f8-5953-43e8-9944-11eb95ecf659
debug ++ [int] eventPhase = 2
debug ++ [Boolean] bubbles = false
debug ++ [Boolean] cancelable = false
debug ++ [String] type = timer
debug +++ [int] repeatCount = 0
debug +++ [int] currentCount = 25
debug +++ [Boolean] running = true
debug +++ [int] delay = 120000
debug +++ [int] repeatCount = 0
debug +++ [int] currentCount = 25
debug +++ [Boolean] running = true
debug +++ [int] delay = 120000
debug time 13:10:31.638 :: After HeartBeat Count=26 Result=5
debug time 13:12:31.471 :: Before HeartBeat Count=27 Time=Thu Mar 22 2012 13:12:31 GMT+0100 AccountId=29131007 Session=bc96a3f8-5953-43e8-9944-11eb95ecf659
debug ++ [int] eventPhase = 2
debug ++ [Boolean] bubbles = false
debug ++ [Boolean] cancelable = false
debug ++ [String] type = timer
debug +++ [int] repeatCount = 0
debug +++ [int] currentCount = 26
debug +++ [Boolean] running = true
debug +++ [int] delay = 120000
debug +++ [int] repeatCount = 0
debug +++ [int] currentCount = 26
debug +++ [Boolean] running = true
debug +++ [int] delay = 120000
debug time 13:12:31.639 :: After HeartBeat Count=27 Result=5
debug time 13:14:32.471 :: Before HeartBeat Count=28 Time=Thu Mar 22 2012 13:14:32 GMT+0100 AccountId=29131007 Session=bc96a3f8-5953-43e8-9944-11eb95ecf659
debug ++ [int] eventPhase = 2
debug ++ [Boolean] bubbles = false
debug ++ [Boolean] cancelable = false
debug ++ [String] type = timer
debug +++ [int] repeatCount = 0
debug +++ [int] currentCount = 27
debug +++ [Boolean] running = true
debug +++ [int] delay = 120000
debug +++ [int] repeatCount = 0
debug +++ [int] currentCount = 27
debug +++ [Boolean] running = true
debug +++ [int] delay = 120000
debug time 13:14:32.639 :: After HeartBeat Count=28 Result=5
debug time 13:16:32.476 :: Before HeartBeat Count=29 Time=Thu Mar 22 2012 13:16:32 GMT+0100 AccountId=29131007 Session=bc96a3f8-5953-43e8-9944-11eb95ecf659
debug ++ [int] eventPhase = 2
debug ++ [Boolean] bubbles = false
debug ++ [Boolean] cancelable = false
debug ++ [String] type = timer
debug +++ [int] repeatCount = 0
debug +++ [int] currentCount = 28
debug +++ [Boolean] running = true
debug +++ [int] delay = 120000
debug +++ [int] repeatCount = 0
debug +++ [int] currentCount = 28
debug +++ [Boolean] running = true
debug +++ [int] delay = 120000
debug time 13:16:32.647 :: After HeartBeat Count=29 Result=5
debug time 13:16:34.269 :: Performing heartbeat at Thu Mar 22 2012 13:16:34 GMT+0100
debug time 13:18:32.509 :: Before HeartBeat Count=30 Time=Thu Mar 22 2012 13:18:32 GMT+0100 AccountId=29131007 Session=bc96a3f8-5953-43e8-9944-11eb95ecf659
debug ++ [int] eventPhase = 2
debug ++ [Boolean] bubbles = false
debug ++ [Boolean] cancelable = false
debug ++ [String] type = timer
debug +++ [int] repeatCount = 0
debug +++ [int] currentCount = 29
debug +++ [Boolean] running = true
debug +++ [int] delay = 120000
debug +++ [int] repeatCount = 0
debug +++ [int] currentCount = 29
debug +++ [Boolean] running = true
debug +++ [int] delay = 120000
debug time 13:18:32.683 :: After HeartBeat Count=30 Result=5
debug time 13:20:32.703 :: Before HeartBeat Count=31 Time=Thu Mar 22 2012 13:20:32 GMT+0100 AccountId=29131007 Session=bc96a3f8-5953-43e8-9944-11eb95ecf659
debug ++ [int] eventPhase = 2
debug ++ [Boolean] bubbles = false
debug ++ [Boolean] cancelable = false
debug ++ [String] type = timer
debug +++ [int] repeatCount = 0
debug +++ [int] currentCount = 30
debug +++ [Boolean] running = true
debug +++ [int] delay = 120000
debug +++ [int] repeatCount = 0
debug +++ [int] currentCount = 30
debug +++ [Boolean] running = true
debug +++ [int] delay = 120000
debug time 13:20:32.873 :: After HeartBeat Count=31 Result=5
debug time 13:22:33.702 :: Before HeartBeat Count=32 Time=Thu Mar 22 2012 13:22:33 GMT+0100 AccountId=29131007 Session=bc96a3f8-5953-43e8-9944-11eb95ecf659
debug ++ [int] eventPhase = 2
debug ++ [Boolean] bubbles = false
debug ++ [Boolean] cancelable = false
debug ++ [String] type = timer
debug +++ [int] repeatCount = 0
debug +++ [int] currentCount = 31
debug +++ [Boolean] running = true
debug +++ [int] delay = 120000
debug +++ [int] repeatCount = 0
debug +++ [int] currentCount = 31
debug +++ [Boolean] running = true
debug +++ [int] delay = 120000
debug time 13:22:33.871 :: After HeartBeat Count=32 Result=5
debug time 13:24:33.702 :: Before HeartBeat Count=33 Time=Thu Mar 22 2012 13:24:33 GMT+0100 AccountId=29131007 Session=bc96a3f8-5953-43e8-9944-11eb95ecf659
debug ++ [int] eventPhase = 2
debug ++ [Boolean] bubbles = false
debug ++ [Boolean] cancelable = false
debug ++ [String] type = timer
debug +++ [int] repeatCount = 0
debug +++ [int] currentCount = 32
debug +++ [Boolean] running = true
debug +++ [int] delay = 120000
debug +++ [int] repeatCount = 0
debug +++ [int] currentCount = 32
debug +++ [Boolean] running = true
debug +++ [int] delay = 120000
debug time 13:24:33.870 :: After HeartBeat Count=33 Result=5
debug time 13:26:33.702 :: Before HeartBeat Count=34 Time=Thu Mar 22 2012 13:26:33 GMT+0100 AccountId=29131007 Session=bc96a3f8-5953-43e8-9944-11eb95ecf659
debug ++ [int] eventPhase = 2
debug ++ [Boolean] bubbles = false
debug ++ [Boolean] cancelable = false
debug ++ [String] type = timer
debug +++ [int] repeatCount = 0
debug +++ [int] currentCount = 33
debug +++ [Boolean] running = true
debug +++ [int] delay = 120000
debug +++ [int] repeatCount = 0
debug +++ [int] currentCount = 33
debug +++ [Boolean] running = true
debug +++ [int] delay = 120000
debug time 13:26:33.870 :: After HeartBeat Count=34 Result=5
debug time 13:28:33.702 :: Before HeartBeat Count=35 Time=Thu Mar 22 2012 13:28:33 GMT+0100 AccountId=29131007 Session=bc96a3f8-5953-43e8-9944-11eb95ecf659
debug ++ [int] eventPhase = 2
debug ++ [Boolean] bubbles = false
debug ++ [Boolean] cancelable = false
debug ++ [String] type = timer
debug +++ [int] repeatCount = 0
debug +++ [int] currentCount = 34
debug +++ [Boolean] running = true
debug +++ [int] delay = 120000
debug +++ [int] repeatCount = 0
debug +++ [int] currentCount = 34
debug +++ [Boolean] running = true
debug +++ [int] delay = 120000
debug time 13:28:33.870 :: After HeartBeat Count=35 Result=5
debug time 13:30:33.702 :: Before HeartBeat Count=36 Time=Thu Mar 22 2012 13:30:33 GMT+0100 AccountId=29131007 Session=bc96a3f8-5953-43e8-9944-11eb95ecf659
debug ++ [int] eventPhase = 2
debug ++ [Boolean] bubbles = false
debug ++ [Boolean] cancelable = false
debug ++ [String] type = timer
debug +++ [int] repeatCount = 0
debug +++ [int] currentCount = 35
debug +++ [Boolean] running = true
debug +++ [int] delay = 120000
debug +++ [int] repeatCount = 0
debug +++ [int] currentCount = 35
debug +++ [Boolean] running = true
debug +++ [int] delay = 120000
debug time 13:30:33.870 :: After HeartBeat Count=36 Result=5
debug time 13:32:33.727 :: Before HeartBeat Count=37 Time=Thu Mar 22 2012 13:32:33 GMT+0100 AccountId=29131007 Session=bc96a3f8-5953-43e8-9944-11eb95ecf659
debug ++ [int] eventPhase = 2
debug ++ [Boolean] bubbles = false
debug ++ [Boolean] cancelable = false
debug ++ [String] type = timer
debug +++ [int] repeatCount = 0
debug +++ [int] currentCount = 36
debug +++ [Boolean] running = true
debug +++ [int] delay = 120000
debug +++ [int] repeatCount = 0
debug +++ [int] currentCount = 36
debug +++ [Boolean] running = true
debug +++ [int] delay = 120000
debug time 13:32:33.931 :: After HeartBeat Count=37 Result=5
debug time 13:34:34.702 :: Before HeartBeat Count=38 Time=Thu Mar 22 2012 13:34:34 GMT+0100 AccountId=29131007 Session=bc96a3f8-5953-43e8-9944-11eb95ecf659
debug ++ [int] eventPhase = 2
debug ++ [Boolean] bubbles = false
debug ++ [Boolean] cancelable = false
debug ++ [String] type = timer
debug +++ [int] repeatCount = 0
debug +++ [int] currentCount = 37
debug +++ [Boolean] running = true
debug +++ [int] delay = 120000
debug +++ [int] repeatCount = 0
debug +++ [int] currentCount = 37
debug +++ [Boolean] running = true
debug +++ [int] delay = 120000
debug time 13:34:34.871 :: After HeartBeat Count=38 Result=5
debug time 13:36:35.701 :: Before HeartBeat Count=39 Time=Thu Mar 22 2012 13:36:35 GMT+0100 AccountId=29131007 Session=bc96a3f8-5953-43e8-9944-11eb95ecf659
debug ++ [int] eventPhase = 2
debug ++ [Boolean] bubbles = false
debug ++ [Boolean] cancelable = false
debug ++ [String] type = timer
debug +++ [int] repeatCount = 0
debug +++ [int] currentCount = 38
debug +++ [Boolean] running = true
debug +++ [int] delay = 120000
debug +++ [int] repeatCount = 0
debug +++ [int] currentCount = 38
debug +++ [Boolean] running = true
debug +++ [int] delay = 120000
debug time 13:36:35.869 :: After HeartBeat Count=39 Result=5
debug time 13:38:35.733 :: Before HeartBeat Count=40 Time=Thu Mar 22 2012 13:38:35 GMT+0100 AccountId=29131007 Session=bc96a3f8-5953-43e8-9944-11eb95ecf659
debug ++ [int] eventPhase = 2
debug ++ [Boolean] bubbles = false
debug ++ [Boolean] cancelable = false
debug ++ [String] type = timer
debug +++ [int] repeatCount = 0
debug +++ [int] currentCount = 39
debug +++ [Boolean] running = true
debug +++ [int] delay = 120000
debug +++ [int] repeatCount = 0
debug +++ [int] currentCount = 39
debug +++ [Boolean] running = true
debug +++ [int] delay = 120000
debug time 13:38:35.919 :: After HeartBeat Count=40 Result=5
debug time 13:40:36.702 :: Before HeartBeat Count=41 Time=Thu Mar 22 2012 13:40:36 GMT+0100 AccountId=29131007 Session=bc96a3f8-5953-43e8-9944-11eb95ecf659
debug ++ [int] eventPhase = 2
debug ++ [Boolean] bubbles = false
debug ++ [Boolean] cancelable = false
debug ++ [String] type = timer
debug +++ [int] repeatCount = 0
debug +++ [int] currentCount = 40
debug +++ [Boolean] running = true
debug +++ [int] delay = 120000
debug +++ [int] repeatCount = 0
debug +++ [int] currentCount = 40
debug +++ [Boolean] running = true
debug +++ [int] delay = 120000
debug time 13:40:36.871 :: After HeartBeat Count=41 Result=5
debug time 13:42:36.733 :: Before HeartBeat Count=42 Time=Thu Mar 22 2012 13:42:36 GMT+0100 AccountId=29131007 Session=bc96a3f8-5953-43e8-9944-11eb95ecf659
debug ++ [int] eventPhase = 2
debug ++ [Boolean] bubbles = false
debug ++ [Boolean] cancelable = false
debug ++ [String] type = timer
debug +++ [int] repeatCount = 0
debug +++ [int] currentCount = 41
debug +++ [Boolean] running = true
debug +++ [int] delay = 120000
debug +++ [int] repeatCount = 0
debug +++ [int] currentCount = 41
debug +++ [Boolean] running = true
debug +++ [int] delay = 120000
debug time 13:42:36.929 :: After HeartBeat Count=42 Result=5
debug time 13:43:23.511 :: Performing heartbeat at Thu Mar 22 2012 13:43:23 GMT+0100
debug time 13:44:36.757 :: Before HeartBeat Count=43 Time=Thu Mar 22 2012 13:44:36 GMT+0100 AccountId=29131007 Session=bc96a3f8-5953-43e8-9944-11eb95ecf659
debug ++ [int] eventPhase = 2
debug ++ [Boolean] bubbles = false
debug ++ [Boolean] cancelable = false
debug ++ [String] type = timer
debug +++ [int] repeatCount = 0
debug +++ [int] currentCount = 42
debug +++ [Boolean] running = true
debug +++ [int] delay = 120000
debug +++ [int] repeatCount = 0
debug +++ [int] currentCount = 42
debug +++ [Boolean] running = true
debug +++ [int] delay = 120000
debug time 13:44:36.929 :: After HeartBeat Count=43 Result=5
debug time 13:46:36.986 :: Before HeartBeat Count=44 Time=Thu Mar 22 2012 13:46:36 GMT+0100 AccountId=29131007 Session=bc96a3f8-5953-43e8-9944-11eb95ecf659
debug ++ [int] eventPhase = 2
debug ++ [Boolean] bubbles = false
debug ++ [Boolean] cancelable = false
debug ++ [String] type = timer
debug +++ [int] repeatCount = 0
debug +++ [int] currentCount = 43
debug +++ [Boolean] running = true
debug +++ [int] delay = 120000
debug +++ [int] repeatCount = 0
debug +++ [int] currentCount = 43
debug +++ [Boolean] running = true
debug +++ [int] delay = 120000
debug time 13:46:37.156 :: After HeartBeat Count=44 Result=5
debug time 13:48:36.986 :: Before HeartBeat Count=45 Time=Thu Mar 22 2012 13:48:36 GMT+0100 AccountId=29131007 Session=bc96a3f8-5953-43e8-9944-11eb95ecf659
debug ++ [int] eventPhase = 2
debug ++ [Boolean] bubbles = false
debug ++ [Boolean] cancelable = false
debug ++ [String] type = timer
debug +++ [int] repeatCount = 0
debug +++ [int] currentCount = 44
debug +++ [Boolean] running = true
debug +++ [int] delay = 120000
debug +++ [int] repeatCount = 0
debug +++ [int] currentCount = 44
debug +++ [Boolean] running = true
debug +++ [int] delay = 120000
debug time 13:48:37.154 :: After HeartBeat Count=45 Result=5
debug time 13:50:36.985 :: Before HeartBeat Count=46 Time=Thu Mar 22 2012 13:50:36 GMT+0100 AccountId=29131007 Session=bc96a3f8-5953-43e8-9944-11eb95ecf659
debug ++ [int] eventPhase = 2
debug ++ [Boolean] bubbles = false
debug ++ [Boolean] cancelable = false
debug ++ [String] type = timer
debug +++ [int] repeatCount = 0
debug +++ [int] currentCount = 45
debug +++ [Boolean] running = true
debug +++ [int] delay = 120000
debug +++ [int] repeatCount = 0
debug +++ [int] currentCount = 45
debug +++ [Boolean] running = true
debug +++ [int] delay = 120000
debug time 13:50:37.155 :: After HeartBeat Count=46 Result=5
debug time 13:52:36.985 :: Before HeartBeat Count=47 Time=Thu Mar 22 2012 13:52:36 GMT+0100 AccountId=29131007 Session=bc96a3f8-5953-43e8-9944-11eb95ecf659
debug ++ [int] eventPhase = 2
debug ++ [Boolean] bubbles = false
debug ++ [Boolean] cancelable = false
debug ++ [String] type = timer
debug +++ [int] repeatCount = 0
debug +++ [int] currentCount = 46
debug +++ [Boolean] running = true
debug +++ [int] delay = 120000
debug +++ [int] repeatCount = 0
debug +++ [int] currentCount = 46
debug +++ [Boolean] running = true
debug +++ [int] delay = 120000
debug time 13:52:37.154 :: After HeartBeat Count=47 Result=5
debug time 13:54:36.986 :: Before HeartBeat Count=48 Time=Thu Mar 22 2012 13:54:36 GMT+0100 AccountId=29131007 Session=bc96a3f8-5953-43e8-9944-11eb95ecf659
debug ++ [int] eventPhase = 2
debug ++ [Boolean] bubbles = false
debug ++ [Boolean] cancelable = false
debug ++ [String] type = timer
debug +++ [int] repeatCount = 0
debug +++ [int] currentCount = 47
debug +++ [Boolean] running = true
debug +++ [int] delay = 120000
debug +++ [int] repeatCount = 0
debug +++ [int] currentCount = 47
debug +++ [Boolean] running = true
debug +++ [int] delay = 120000
debug time 13:54:37.160 :: After HeartBeat Count=48 Result=5
debug time 13:56:36.987 :: Before HeartBeat Count=49 Time=Thu Mar 22 2012 13:56:36 GMT+0100 AccountId=29131007 Session=bc96a3f8-5953-43e8-9944-11eb95ecf659
debug ++ [int] eventPhase = 2
debug ++ [Boolean] bubbles = false
debug ++ [Boolean] cancelable = false
debug ++ [String] type = timer
debug +++ [int] repeatCount = 0
debug +++ [int] currentCount = 48
debug +++ [Boolean] running = true
debug +++ [int] delay = 120000
debug +++ [int] repeatCount = 0
debug +++ [int] currentCount = 48
debug +++ [Boolean] running = true
debug +++ [int] delay = 120000
debug time 13:56:37.156 :: After HeartBeat Count=49 Result=5
debug time 13:58:36.991 :: Before HeartBeat Count=50 Time=Thu Mar 22 2012 13:58:36 GMT+0100 AccountId=29131007 Session=bc96a3f8-5953-43e8-9944-11eb95ecf659
debug ++ [int] eventPhase = 2
debug ++ [Boolean] bubbles = false
debug ++ [Boolean] cancelable = false
debug ++ [String] type = timer
debug +++ [int] repeatCount = 0
debug +++ [int] currentCount = 49
debug +++ [Boolean] running = true
debug +++ [int] delay = 120000
debug +++ [int] repeatCount = 0
debug +++ [int] currentCount = 49
debug +++ [Boolean] running = true
debug +++ [int] delay = 120000
debug time 13:58:37.160 :: After HeartBeat Count=50 Result=5
debug time 14:00:38.17 :: Before HeartBeat Count=51 Time=Thu Mar 22 2012 14:00:38 GMT+0100 AccountId=29131007 Session=bc96a3f8-5953-43e8-9944-11eb95ecf659
debug ++ [int] eventPhase = 2
debug ++ [Boolean] bubbles = false
debug ++ [Boolean] cancelable = false
debug ++ [String] type = timer
debug +++ [int] repeatCount = 0
debug +++ [int] currentCount = 50
debug +++ [Boolean] running = true
debug +++ [int] delay = 120000
debug +++ [int] repeatCount = 0
debug +++ [int] currentCount = 50
debug +++ [Boolean] running = true
debug +++ [int] delay = 120000
debug time 14:00:38.217 :: After HeartBeat Count=51 Result=5
debug time 14:02:38.22 :: Before HeartBeat Count=52 Time=Thu Mar 22 2012 14:02:38 GMT+0100 AccountId=29131007 Session=bc96a3f8-5953-43e8-9944-11eb95ecf659
debug ++ [int] eventPhase = 2
debug ++ [Boolean] bubbles = false
debug ++ [Boolean] cancelable = false
debug ++ [String] type = timer
debug +++ [int] repeatCount = 0
debug +++ [int] currentCount = 51
debug +++ [Boolean] running = true
debug +++ [int] delay = 120000
debug +++ [int] repeatCount = 0
debug +++ [int] currentCount = 51
debug +++ [Boolean] running = true
debug +++ [int] delay = 120000
debug time 14:02:38.216 :: After HeartBeat Count=52 Result=5
debug time 14:04:38.986 :: Before HeartBeat Count=53 Time=Thu Mar 22 2012 14:04:38 GMT+0100 AccountId=29131007 Session=bc96a3f8-5953-43e8-9944-11eb95ecf659
debug ++ [int] eventPhase = 2
debug ++ [Boolean] bubbles = false
debug ++ [Boolean] cancelable = false
debug ++ [String] type = timer
debug +++ [int] repeatCount = 0
debug +++ [int] currentCount = 52
debug +++ [Boolean] running = true
debug +++ [int] delay = 120000
debug +++ [int] repeatCount = 0
debug +++ [int] currentCount = 52
debug +++ [Boolean] running = true
debug +++ [int] delay = 120000
debug time 14:04:39.155 :: After HeartBeat Count=53 Result=5
debug time 14:06:38.986 :: Before HeartBeat Count=54 Time=Thu Mar 22 2012 14:06:38 GMT+0100 AccountId=29131007 Session=bc96a3f8-5953-43e8-9944-11eb95ecf659
debug ++ [int] eventPhase = 2
debug ++ [Boolean] bubbles = false
debug ++ [Boolean] cancelable = false
debug ++ [String] type = timer
debug +++ [int] repeatCount = 0
debug +++ [int] currentCount = 53
debug +++ [Boolean] running = true
debug +++ [int] delay = 120000
debug +++ [int] repeatCount = 0
debug +++ [int] currentCount = 53
debug +++ [Boolean] running = true
debug +++ [int] delay = 120000
debug time 14:06:39.155 :: After HeartBeat Count=54 Result=5
debug time 14:08:39.10 :: Before HeartBeat Count=55 Time=Thu Mar 22 2012 14:08:39 GMT+0100 AccountId=29131007 Session=bc96a3f8-5953-43e8-9944-11eb95ecf659
debug ++ [int] eventPhase = 2
debug ++ [Boolean] bubbles = false
debug ++ [Boolean] cancelable = false
debug ++ [String] type = timer
debug +++ [int] repeatCount = 0
debug +++ [int] currentCount = 54
debug +++ [Boolean] running = true
debug +++ [int] delay = 120000
debug +++ [int] repeatCount = 0
debug +++ [int] currentCount = 54
debug +++ [Boolean] running = true
debug +++ [int] delay = 120000
debug time 14:08:39.210 :: After HeartBeat Count=55 Result=5
debug time 14:10:40.15 :: Before HeartBeat Count=56 Time=Thu Mar 22 2012 14:10:40 GMT+0100 AccountId=29131007 Session=bc96a3f8-5953-43e8-9944-11eb95ecf659
debug ++ [int] eventPhase = 2
debug ++ [Boolean] bubbles = false
debug ++ [Boolean] cancelable = false
debug ++ [String] type = timer
debug +++ [int] repeatCount = 0
debug +++ [int] currentCount = 55
debug +++ [Boolean] running = true
debug +++ [int] delay = 120000
debug +++ [int] repeatCount = 0
debug +++ [int] currentCount = 55
debug +++ [Boolean] running = true
debug +++ [int] delay = 120000
debug time 14:10:40.184 :: After HeartBeat Count=56 Result=5
debug time 14:12:40.986 :: Before HeartBeat Count=57 Time=Thu Mar 22 2012 14:12:40 GMT+0100 AccountId=29131007 Session=bc96a3f8-5953-43e8-9944-11eb95ecf659
debug ++ [int] eventPhase = 2
debug ++ [Boolean] bubbles = false
debug ++ [Boolean] cancelable = false
debug ++ [String] type = timer
debug +++ [int] repeatCount = 0
debug +++ [int] currentCount = 56
debug +++ [Boolean] running = true
debug +++ [int] delay = 120000
debug +++ [int] repeatCount = 0
debug +++ [int] currentCount = 56
debug +++ [Boolean] running = true
debug +++ [int] delay = 120000
debug time 14:12:41.155 :: After HeartBeat Count=57 Result=5
debug time 14:14:40.986 :: Before HeartBeat Count=58 Time=Thu Mar 22 2012 14:14:40 GMT+0100 AccountId=29131007 Session=bc96a3f8-5953-43e8-9944-11eb95ecf659
debug ++ [int] eventPhase = 2
debug ++ [Boolean] bubbles = false
debug ++ [Boolean] cancelable = false
debug ++ [String] type = timer
debug +++ [int] repeatCount = 0
debug +++ [int] currentCount = 57
debug +++ [Boolean] running = true
debug +++ [int] delay = 120000
debug +++ [int] repeatCount = 0
debug +++ [int] currentCount = 57
debug +++ [Boolean] running = true
debug +++ [int] delay = 120000
debug time 14:14:41.155 :: After HeartBeat Count=58 Result=5
debug time 14:16:40.986 :: Before HeartBeat Count=59 Time=Thu Mar 22 2012 14:16:40 GMT+0100 AccountId=29131007 Session=bc96a3f8-5953-43e8-9944-11eb95ecf659
debug ++ [int] eventPhase = 2
debug ++ [Boolean] bubbles = false
debug ++ [Boolean] cancelable = false
debug ++ [String] type = timer
debug +++ [int] repeatCount = 0
debug +++ [int] currentCount = 58
debug +++ [Boolean] running = true
debug +++ [int] delay = 120000
debug +++ [int] repeatCount = 0
debug +++ [int] currentCount = 58
debug +++ [Boolean] running = true
debug +++ [int] delay = 120000
debug time 14:16:41.155 :: After HeartBeat Count=59 Result=5
debug time 14:18:41.986 :: Before HeartBeat Count=60 Time=Thu Mar 22 2012 14:18:41 GMT+0100 AccountId=29131007 Session=bc96a3f8-5953-43e8-9944-11eb95ecf659
debug ++ [int] eventPhase = 2
debug ++ [Boolean] bubbles = false
debug ++ [Boolean] cancelable = false
debug ++ [String] type = timer
debug +++ [int] repeatCount = 0
debug +++ [int] currentCount = 59
debug +++ [Boolean] running = true
debug +++ [int] delay = 120000
debug +++ [int] repeatCount = 0
debug +++ [int] currentCount = 59
debug +++ [Boolean] running = true
debug +++ [int] delay = 120000
debug time 14:18:42.163 :: After HeartBeat Count=60 Result=5
debug time 14:20:41.987 :: Before HeartBeat Count=61 Time=Thu Mar 22 2012 14:20:41 GMT+0100 AccountId=29131007 Session=bc96a3f8-5953-43e8-9944-11eb95ecf659
debug ++ [int] eventPhase = 2
debug ++ [Boolean] bubbles = false
debug ++ [Boolean] cancelable = false
debug ++ [String] type = timer
debug +++ [int] repeatCount = 0
debug +++ [int] currentCount = 60
debug +++ [Boolean] running = true
debug +++ [int] delay = 120000
debug +++ [int] repeatCount = 0
debug +++ [int] currentCount = 60
debug +++ [Boolean] running = true
debug +++ [int] delay = 120000
debug time 14:20:42.155 :: After HeartBeat Count=61 Result=5
debug time 14:22:41.988 :: Before HeartBeat Count=62 Time=Thu Mar 22 2012 14:22:41 GMT+0100 AccountId=29131007 Session=bc96a3f8-5953-43e8-9944-11eb95ecf659
debug ++ [int] eventPhase = 2
debug ++ [Boolean] bubbles = false
debug ++ [Boolean] cancelable = false
debug ++ [String] type = timer
debug +++ [int] repeatCount = 0
debug +++ [int] currentCount = 61
debug +++ [Boolean] running = true
debug +++ [int] delay = 120000
debug +++ [int] repeatCount = 0
debug +++ [int] currentCount = 61
debug +++ [Boolean] running = true
debug +++ [int] delay = 120000
debug time 14:22:42.157 :: After HeartBeat Count=62 Result=5
debug time 14:24:41.987 :: Before HeartBeat Count=63 Time=Thu Mar 22 2012 14:24:41 GMT+0100 AccountId=29131007 Session=bc96a3f8-5953-43e8-9944-11eb95ecf659
debug ++ [int] eventPhase = 2
debug ++ [Boolean] bubbles = false
debug ++ [Boolean] cancelable = false
debug ++ [String] type = timer
debug +++ [int] repeatCount = 0
debug +++ [int] currentCount = 62
debug +++ [Boolean] running = true
debug +++ [int] delay = 120000
debug +++ [int] repeatCount = 0
debug +++ [int] currentCount = 62
debug +++ [Boolean] running = true
debug +++ [int] delay = 120000
debug time 14:24:42.156 :: After HeartBeat Count=63 Result=5
debug time 14:26:43.10 :: Before HeartBeat Count=64 Time=Thu Mar 22 2012 14:26:43 GMT+0100 AccountId=29131007 Session=bc96a3f8-5953-43e8-9944-11eb95ecf659
debug ++ [int] eventPhase = 2
debug ++ [Boolean] bubbles = false
debug ++ [Boolean] cancelable = false
debug ++ [String] type = timer
debug +++ [int] repeatCount = 0
debug +++ [int] currentCount = 63
debug +++ [Boolean] running = true
debug +++ [int] delay = 120000
debug +++ [int] repeatCount = 0
debug +++ [int] currentCount = 63
debug +++ [Boolean] running = true
debug +++ [int] delay = 120000
debug time 14:26:43.215 :: After HeartBeat Count=64 Result=5
debug time 14:28:43.986 :: Before HeartBeat Count=65 Time=Thu Mar 22 2012 14:28:43 GMT+0100 AccountId=29131007 Session=bc96a3f8-5953-43e8-9944-11eb95ecf659
debug ++ [int] eventPhase = 2
debug ++ [Boolean] bubbles = false
debug ++ [Boolean] cancelable = false
debug ++ [String] type = timer
debug +++ [int] repeatCount = 0
debug +++ [int] currentCount = 64
debug +++ [Boolean] running = true
debug +++ [int] delay = 120000
debug +++ [int] repeatCount = 0
debug +++ [int] currentCount = 64
debug +++ [Boolean] running = true
debug +++ [int] delay = 120000
debug time 14:28:44.182 :: After HeartBeat Count=65 Result=5
debug time 14:30:43.991 :: Before HeartBeat Count=66 Time=Thu Mar 22 2012 14:30:43 GMT+0100 AccountId=29131007 Session=bc96a3f8-5953-43e8-9944-11eb95ecf659
debug ++ [int] eventPhase = 2
debug ++ [Boolean] bubbles = false
debug ++ [Boolean] cancelable = false
debug ++ [String] type = timer
debug +++ [int] repeatCount = 0
debug +++ [int] currentCount = 65
debug +++ [Boolean] running = true
debug +++ [int] delay = 120000
debug +++ [int] repeatCount = 0
debug +++ [int] currentCount = 65
debug +++ [Boolean] running = true
debug +++ [int] delay = 120000
debug time 14:30:44.161 :: After HeartBeat Count=66 Result=5
debug time 14:30:50.553 :: Performing heartbeat at Thu Mar 22 2012 14:30:50 GMT+0100
