debug time 22:24:21.731 :: Before HeartBeat Count=1 Time=Wed Dec 7 2011 22:24:21 GMT+0100 AccountId=28699575 Session=eb46e5c9-600d-4c8a-9cf0-4e417a7d3373
STOP LOGGING: More than 0 nested objects or properties. 
debug time 22:24:22.500 :: After HeartBeat Count=1 Result=5
debug time 22:27:21.743 :: Before HeartBeat Count=2 Time=Wed Dec 7 2011 22:27:21 GMT+0100 AccountId=28699575 Session=eb46e5c9-600d-4c8a-9cf0-4e417a7d3373
debug ++ [int] eventPhase = 2
debug ++ [Boolean] bubbles = false
debug ++ [Boolean] cancelable = false
debug ++ [String] type = timer
debug +++ [int] repeatCount = 0
debug +++ [int] currentCount = 1
debug +++ [Boolean] running = true
debug +++ [int] delay = 180000
debug +++ [int] repeatCount = 0
debug +++ [int] currentCount = 1
debug +++ [Boolean] running = true
debug +++ [int] delay = 180000
debug time 22:27:21.984 :: After HeartBeat Count=2 Result=5
debug time 22:30:22.348 :: Before HeartBeat Count=3 Time=Wed Dec 7 2011 22:30:22 GMT+0100 AccountId=28699575 Session=eb46e5c9-600d-4c8a-9cf0-4e417a7d3373
debug ++ [int] eventPhase = 2
debug ++ [Boolean] bubbles = false
debug ++ [Boolean] cancelable = false
debug ++ [String] type = timer
debug +++ [int] repeatCount = 0
debug +++ [int] currentCount = 2
debug +++ [Boolean] running = true
debug +++ [int] delay = 180000
debug +++ [int] repeatCount = 0
debug +++ [int] currentCount = 2
debug +++ [Boolean] running = true
debug +++ [int] delay = 180000
debug time 22:30:23.344 :: After HeartBeat Count=3 Result=5
debug time 22:33:22.348 :: Before HeartBeat Count=4 Time=Wed Dec 7 2011 22:33:22 GMT+0100 AccountId=28699575 Session=eb46e5c9-600d-4c8a-9cf0-4e417a7d3373
debug ++ [int] eventPhase = 2
debug ++ [Boolean] bubbles = false
debug ++ [Boolean] cancelable = false
debug ++ [String] type = timer
debug +++ [int] repeatCount = 0
debug +++ [int] currentCount = 3
debug +++ [Boolean] running = true
debug +++ [int] delay = 180000
debug +++ [int] repeatCount = 0
debug +++ [int] currentCount = 3
debug +++ [Boolean] running = true
debug +++ [int] delay = 180000
debug time 22:33:23.345 :: After HeartBeat Count=4 Result=5
debug time 22:36:22.350 :: Before HeartBeat Count=5 Time=Wed Dec 7 2011 22:36:22 GMT+0100 AccountId=28699575 Session=eb46e5c9-600d-4c8a-9cf0-4e417a7d3373
debug ++ [int] eventPhase = 2
debug ++ [Boolean] bubbles = false
debug ++ [Boolean] cancelable = false
debug ++ [String] type = timer
debug +++ [int] repeatCount = 0
debug +++ [int] currentCount = 4
debug +++ [Boolean] running = true
debug +++ [int] delay = 180000
debug +++ [int] repeatCount = 0
debug +++ [int] currentCount = 4
debug +++ [Boolean] running = true
debug +++ [int] delay = 180000
debug time 22:36:23.344 :: After HeartBeat Count=5 Result=5
debug time 22:39:22.388 :: Before HeartBeat Count=6 Time=Wed Dec 7 2011 22:39:22 GMT+0100 AccountId=28699575 Session=eb46e5c9-600d-4c8a-9cf0-4e417a7d3373
debug ++ [int] eventPhase = 2
debug ++ [Boolean] bubbles = false
debug ++ [Boolean] cancelable = false
debug ++ [String] type = timer
debug +++ [int] repeatCount = 0
debug +++ [int] currentCount = 5
debug +++ [Boolean] running = true
debug +++ [int] delay = 180000
debug +++ [int] repeatCount = 0
debug +++ [int] currentCount = 5
debug +++ [Boolean] running = true
debug +++ [int] delay = 180000
debug time 22:39:23.384 :: After HeartBeat Count=6 Result=5
debug time 22:42:23.388 :: Before HeartBeat Count=7 Time=Wed Dec 7 2011 22:42:23 GMT+0100 AccountId=28699575 Session=eb46e5c9-600d-4c8a-9cf0-4e417a7d3373
debug ++ [int] eventPhase = 2
debug ++ [Boolean] bubbles = false
debug ++ [Boolean] cancelable = false
debug ++ [String] type = timer
debug +++ [int] repeatCount = 0
debug +++ [int] currentCount = 6
debug +++ [Boolean] running = true
debug +++ [int] delay = 180000
debug +++ [int] repeatCount = 0
debug +++ [int] currentCount = 6
debug +++ [Boolean] running = true
debug +++ [int] delay = 180000
debug time 22:42:24.384 :: After HeartBeat Count=7 Result=5
debug time 22:45:23.388 :: Before HeartBeat Count=8 Time=Wed Dec 7 2011 22:45:23 GMT+0100 AccountId=28699575 Session=eb46e5c9-600d-4c8a-9cf0-4e417a7d3373
debug ++ [int] eventPhase = 2
debug ++ [Boolean] bubbles = false
debug ++ [Boolean] cancelable = false
debug ++ [String] type = timer
debug +++ [int] repeatCount = 0
debug +++ [int] currentCount = 7
debug +++ [Boolean] running = true
debug +++ [int] delay = 180000
debug +++ [int] repeatCount = 0
debug +++ [int] currentCount = 7
debug +++ [Boolean] running = true
debug +++ [int] delay = 180000
debug time 22:45:24.384 :: After HeartBeat Count=8 Result=5
debug time 22:48:23.388 :: Before HeartBeat Count=9 Time=Wed Dec 7 2011 22:48:23 GMT+0100 AccountId=28699575 Session=eb46e5c9-600d-4c8a-9cf0-4e417a7d3373
debug ++ [int] eventPhase = 2
debug ++ [Boolean] bubbles = false
debug ++ [Boolean] cancelable = false
debug ++ [String] type = timer
debug +++ [int] repeatCount = 0
debug +++ [int] currentCount = 8
debug +++ [Boolean] running = true
debug +++ [int] delay = 180000
debug +++ [int] repeatCount = 0
debug +++ [int] currentCount = 8
debug +++ [Boolean] running = true
debug +++ [int] delay = 180000
debug time 22:48:24.384 :: After HeartBeat Count=9 Result=5
debug time 22:51:23.389 :: Before HeartBeat Count=10 Time=Wed Dec 7 2011 22:51:23 GMT+0100 AccountId=28699575 Session=eb46e5c9-600d-4c8a-9cf0-4e417a7d3373
debug ++ [int] eventPhase = 2
debug ++ [Boolean] bubbles = false
debug ++ [Boolean] cancelable = false
debug ++ [String] type = timer
debug +++ [int] repeatCount = 0
debug +++ [int] currentCount = 9
debug +++ [Boolean] running = true
debug +++ [int] delay = 180000
debug +++ [int] repeatCount = 0
debug +++ [int] currentCount = 9
debug +++ [Boolean] running = true
debug +++ [int] delay = 180000
debug time 22:51:24.384 :: After HeartBeat Count=10 Result=5
debug time 22:54:23.389 :: Before HeartBeat Count=11 Time=Wed Dec 7 2011 22:54:23 GMT+0100 AccountId=28699575 Session=eb46e5c9-600d-4c8a-9cf0-4e417a7d3373
debug ++ [int] eventPhase = 2
debug ++ [Boolean] bubbles = false
debug ++ [Boolean] cancelable = false
debug ++ [String] type = timer
debug +++ [int] repeatCount = 0
debug +++ [int] currentCount = 10
debug +++ [Boolean] running = true
debug +++ [int] delay = 180000
debug +++ [int] repeatCount = 0
debug +++ [int] currentCount = 10
debug +++ [Boolean] running = true
debug +++ [int] delay = 180000
debug time 22:54:24.385 :: After HeartBeat Count=11 Result=5
debug time 22:57:23.388 :: Before HeartBeat Count=12 Time=Wed Dec 7 2011 22:57:23 GMT+0100 AccountId=28699575 Session=eb46e5c9-600d-4c8a-9cf0-4e417a7d3373
debug ++ [int] eventPhase = 2
debug ++ [Boolean] bubbles = false
debug ++ [Boolean] cancelable = false
debug ++ [String] type = timer
debug +++ [int] repeatCount = 0
debug +++ [int] currentCount = 11
debug +++ [Boolean] running = true
debug +++ [int] delay = 180000
debug +++ [int] repeatCount = 0
debug +++ [int] currentCount = 11
debug +++ [Boolean] running = true
debug +++ [int] delay = 180000
debug time 22:57:24.384 :: After HeartBeat Count=12 Result=5
debug time 23:00:23.414 :: Before HeartBeat Count=13 Time=Wed Dec 7 2011 23:00:23 GMT+0100 AccountId=28699575 Session=eb46e5c9-600d-4c8a-9cf0-4e417a7d3373
debug ++ [int] eventPhase = 2
debug ++ [Boolean] bubbles = false
debug ++ [Boolean] cancelable = false
debug ++ [String] type = timer
debug +++ [int] repeatCount = 0
debug +++ [int] currentCount = 12
debug +++ [Boolean] running = true
debug +++ [int] delay = 180000
debug +++ [int] repeatCount = 0
debug +++ [int] currentCount = 12
debug +++ [Boolean] running = true
debug +++ [int] delay = 180000
debug time 23:00:24.389 :: After HeartBeat Count=13 Result=5
debug time 23:03:24.388 :: Before HeartBeat Count=14 Time=Wed Dec 7 2011 23:03:24 GMT+0100 AccountId=28699575 Session=eb46e5c9-600d-4c8a-9cf0-4e417a7d3373
debug ++ [int] eventPhase = 2
debug ++ [Boolean] bubbles = false
debug ++ [Boolean] cancelable = false
debug ++ [String] type = timer
debug +++ [int] repeatCount = 0
debug +++ [int] currentCount = 13
debug +++ [Boolean] running = true
debug +++ [int] delay = 180000
debug +++ [int] repeatCount = 0
debug +++ [int] currentCount = 13
debug +++ [Boolean] running = true
debug +++ [int] delay = 180000
debug time 23:03:25.385 :: After HeartBeat Count=14 Result=5
debug time 23:06:24.387 :: Before HeartBeat Count=15 Time=Wed Dec 7 2011 23:06:24 GMT+0100 AccountId=28699575 Session=eb46e5c9-600d-4c8a-9cf0-4e417a7d3373
debug ++ [int] eventPhase = 2
debug ++ [Boolean] bubbles = false
debug ++ [Boolean] cancelable = false
debug ++ [String] type = timer
debug +++ [int] repeatCount = 0
debug +++ [int] currentCount = 14
debug +++ [Boolean] running = true
debug +++ [int] delay = 180000
debug +++ [int] repeatCount = 0
debug +++ [int] currentCount = 14
debug +++ [Boolean] running = true
debug +++ [int] delay = 180000
debug time 23:06:25.384 :: After HeartBeat Count=15 Result=5
debug time 23:09:24.387 :: Before HeartBeat Count=16 Time=Wed Dec 7 2011 23:09:24 GMT+0100 AccountId=28699575 Session=eb46e5c9-600d-4c8a-9cf0-4e417a7d3373
debug ++ [int] eventPhase = 2
debug ++ [Boolean] bubbles = false
debug ++ [Boolean] cancelable = false
debug ++ [String] type = timer
debug +++ [int] repeatCount = 0
debug +++ [int] currentCount = 15
debug +++ [Boolean] running = true
debug +++ [int] delay = 180000
debug +++ [int] repeatCount = 0
debug +++ [int] currentCount = 15
debug +++ [Boolean] running = true
debug +++ [int] delay = 180000
debug time 23:09:25.384 :: After HeartBeat Count=16 Result=5
debug time 23:12:24.388 :: Before HeartBeat Count=17 Time=Wed Dec 7 2011 23:12:24 GMT+0100 AccountId=28699575 Session=eb46e5c9-600d-4c8a-9cf0-4e417a7d3373
debug ++ [int] eventPhase = 2
debug ++ [Boolean] bubbles = false
debug ++ [Boolean] cancelable = false
debug ++ [String] type = timer
debug +++ [int] repeatCount = 0
debug +++ [int] currentCount = 16
debug +++ [Boolean] running = true
debug +++ [int] delay = 180000
debug +++ [int] repeatCount = 0
debug +++ [int] currentCount = 16
debug +++ [Boolean] running = true
debug +++ [int] delay = 180000
debug time 23:12:25.384 :: After HeartBeat Count=17 Result=5
debug time 23:13:13.498 :: Performing heartbeat at Wed Dec 7 2011 23:13:13 GMT+0100
