debug time 12:03:20.779 :: Before HeartBeat Count=1 Time=Thu Dec 29 2011 12:03:20 GMT+0100 AccountId=29131007 Session=3fda77c6-ef37-45f5-bd62-25f11eb39fb1
STOP LOGGING: More than 0 nested objects or properties. 
debug time 12:03:21.880 :: After HeartBeat Count=1 Result=5
debug time 12:05:20.789 :: Before HeartBeat Count=2 Time=Thu Dec 29 2011 12:05:20 GMT+0100 AccountId=29131007 Session=3fda77c6-ef37-45f5-bd62-25f11eb39fb1
debug ++ [int] eventPhase = 2
debug ++ [Boolean] bubbles = false
debug ++ [Boolean] cancelable = false
debug ++ [String] type = timer
debug +++ [int] repeatCount = 0
debug +++ [int] currentCount = 1
debug +++ [Boolean] running = true
debug +++ [int] delay = 120000
debug +++ [int] repeatCount = 0
debug +++ [int] currentCount = 1
debug +++ [Boolean] running = true
debug +++ [int] delay = 120000
debug time 12:05:21.117 :: After HeartBeat Count=2 Result=5
debug time 12:07:21.438 :: Before HeartBeat Count=3 Time=Thu Dec 29 2011 12:07:21 GMT+0100 AccountId=29131007 Session=3fda77c6-ef37-45f5-bd62-25f11eb39fb1
debug ++ [int] eventPhase = 2
debug ++ [Boolean] bubbles = false
debug ++ [Boolean] cancelable = false
debug ++ [String] type = timer
debug +++ [int] repeatCount = 0
debug +++ [int] currentCount = 2
debug +++ [Boolean] running = true
debug +++ [int] delay = 120000
debug +++ [int] repeatCount = 0
debug +++ [int] currentCount = 2
debug +++ [Boolean] running = true
debug +++ [int] delay = 120000
debug time 12:07:22.430 :: After HeartBeat Count=3 Result=5
debug time 12:09:22.434 :: Before HeartBeat Count=4 Time=Thu Dec 29 2011 12:09:22 GMT+0100 AccountId=29131007 Session=3fda77c6-ef37-45f5-bd62-25f11eb39fb1
debug ++ [int] eventPhase = 2
debug ++ [Boolean] bubbles = false
debug ++ [Boolean] cancelable = false
debug ++ [String] type = timer
debug +++ [int] repeatCount = 0
debug +++ [int] currentCount = 3
debug +++ [Boolean] running = true
debug +++ [int] delay = 120000
debug +++ [int] repeatCount = 0
debug +++ [int] currentCount = 3
debug +++ [Boolean] running = true
debug +++ [int] delay = 120000
debug time 12:09:23.430 :: After HeartBeat Count=4 Result=5
debug time 12:11:22.459 :: Before HeartBeat Count=5 Time=Thu Dec 29 2011 12:11:22 GMT+0100 AccountId=29131007 Session=3fda77c6-ef37-45f5-bd62-25f11eb39fb1
debug ++ [int] eventPhase = 2
debug ++ [Boolean] bubbles = false
debug ++ [Boolean] cancelable = false
debug ++ [String] type = timer
debug +++ [int] repeatCount = 0
debug +++ [int] currentCount = 4
debug +++ [Boolean] running = true
debug +++ [int] delay = 120000
debug +++ [int] repeatCount = 0
debug +++ [int] currentCount = 4
debug +++ [Boolean] running = true
debug +++ [int] delay = 120000
debug time 12:11:23.435 :: After HeartBeat Count=5 Result=5
debug time 12:13:23.433 :: Before HeartBeat Count=6 Time=Thu Dec 29 2011 12:13:23 GMT+0100 AccountId=29131007 Session=3fda77c6-ef37-45f5-bd62-25f11eb39fb1
debug ++ [int] eventPhase = 2
debug ++ [Boolean] bubbles = false
debug ++ [Boolean] cancelable = false
debug ++ [String] type = timer
debug +++ [int] repeatCount = 0
debug +++ [int] currentCount = 5
debug +++ [Boolean] running = true
debug +++ [int] delay = 120000
debug +++ [int] repeatCount = 0
debug +++ [int] currentCount = 5
debug +++ [Boolean] running = true
debug +++ [int] delay = 120000
debug time 12:13:24.430 :: After HeartBeat Count=6 Result=5
debug time 12:15:23.434 :: Before HeartBeat Count=7 Time=Thu Dec 29 2011 12:15:23 GMT+0100 AccountId=29131007 Session=3fda77c6-ef37-45f5-bd62-25f11eb39fb1
debug ++ [int] eventPhase = 2
debug ++ [Boolean] bubbles = false
debug ++ [Boolean] cancelable = false
debug ++ [String] type = timer
debug +++ [int] repeatCount = 0
debug +++ [int] currentCount = 6
debug +++ [Boolean] running = true
debug +++ [int] delay = 120000
debug +++ [int] repeatCount = 0
debug +++ [int] currentCount = 6
debug +++ [Boolean] running = true
debug +++ [int] delay = 120000
debug time 12:15:24.430 :: After HeartBeat Count=7 Result=5
debug time 12:17:23.434 :: Before HeartBeat Count=8 Time=Thu Dec 29 2011 12:17:23 GMT+0100 AccountId=29131007 Session=3fda77c6-ef37-45f5-bd62-25f11eb39fb1
debug ++ [int] eventPhase = 2
debug ++ [Boolean] bubbles = false
debug ++ [Boolean] cancelable = false
debug ++ [String] type = timer
debug +++ [int] repeatCount = 0
debug +++ [int] currentCount = 7
debug +++ [Boolean] running = true
debug +++ [int] delay = 120000
debug +++ [int] repeatCount = 0
debug +++ [int] currentCount = 7
debug +++ [Boolean] running = true
debug +++ [int] delay = 120000
debug time 12:17:24.430 :: After HeartBeat Count=8 Result=5
debug time 12:19:23.434 :: Before HeartBeat Count=9 Time=Thu Dec 29 2011 12:19:23 GMT+0100 AccountId=29131007 Session=3fda77c6-ef37-45f5-bd62-25f11eb39fb1
debug ++ [int] eventPhase = 2
debug ++ [Boolean] bubbles = false
debug ++ [Boolean] cancelable = false
debug ++ [String] type = timer
debug +++ [int] repeatCount = 0
debug +++ [int] currentCount = 8
debug +++ [Boolean] running = true
debug +++ [int] delay = 120000
debug +++ [int] repeatCount = 0
debug +++ [int] currentCount = 8
debug +++ [Boolean] running = true
debug +++ [int] delay = 120000
debug time 12:19:24.430 :: After HeartBeat Count=9 Result=5
debug time 12:21:23.433 :: Before HeartBeat Count=10 Time=Thu Dec 29 2011 12:21:23 GMT+0100 AccountId=29131007 Session=3fda77c6-ef37-45f5-bd62-25f11eb39fb1
debug ++ [int] eventPhase = 2
debug ++ [Boolean] bubbles = false
debug ++ [Boolean] cancelable = false
debug ++ [String] type = timer
debug +++ [int] repeatCount = 0
debug +++ [int] currentCount = 9
debug +++ [Boolean] running = true
debug +++ [int] delay = 120000
debug +++ [int] repeatCount = 0
debug +++ [int] currentCount = 9
debug +++ [Boolean] running = true
debug +++ [int] delay = 120000
debug time 12:21:24.429 :: After HeartBeat Count=10 Result=5
