debug time 17:46:38.345 :: Before HeartBeat Count=1 Time=Mon Feb 27 2012 17:46:38 GMT+0100 AccountId=29131007 Session=1447baa1-f4f9-4d48-a777-5e75f95d124a
STOP LOGGING: More than 0 nested objects or properties. 
debug time 17:46:39.54 :: After HeartBeat Count=1 Result=5
debug time 17:48:38.359 :: Before HeartBeat Count=2 Time=Mon Feb 27 2012 17:48:38 GMT+0100 AccountId=29131007 Session=1447baa1-f4f9-4d48-a777-5e75f95d124a
debug ++ [int] eventPhase = 2
debug ++ [Boolean] bubbles = false
debug ++ [Boolean] cancelable = false
debug ++ [String] type = timer
debug +++ [int] repeatCount = 0
debug +++ [int] currentCount = 1
debug +++ [Boolean] running = true
debug +++ [int] delay = 120000
debug +++ [int] repeatCount = 0
debug +++ [int] currentCount = 1
debug +++ [Boolean] running = true
debug +++ [int] delay = 120000
debug time 17:48:38.564 :: After HeartBeat Count=2 Result=5
debug time 17:50:38.387 :: Before HeartBeat Count=3 Time=Mon Feb 27 2012 17:50:38 GMT+0100 AccountId=29131007 Session=1447baa1-f4f9-4d48-a777-5e75f95d124a
debug ++ [int] eventPhase = 2
debug ++ [Boolean] bubbles = false
debug ++ [Boolean] cancelable = false
debug ++ [String] type = timer
debug +++ [int] repeatCount = 0
debug +++ [int] currentCount = 2
debug +++ [Boolean] running = true
debug +++ [int] delay = 120000
debug +++ [int] repeatCount = 0
debug +++ [int] currentCount = 2
debug +++ [Boolean] running = true
debug +++ [int] delay = 120000
debug time 17:50:38.591 :: After HeartBeat Count=3 Result=5
debug time 17:52:39.52 :: Before HeartBeat Count=4 Time=Mon Feb 27 2012 17:52:39 GMT+0100 AccountId=29131007 Session=1447baa1-f4f9-4d48-a777-5e75f95d124a
debug ++ [int] eventPhase = 2
debug ++ [Boolean] bubbles = false
debug ++ [Boolean] cancelable = false
debug ++ [String] type = timer
debug +++ [int] repeatCount = 0
debug +++ [int] currentCount = 3
debug +++ [Boolean] running = true
debug +++ [int] delay = 120000
debug +++ [int] repeatCount = 0
debug +++ [int] currentCount = 3
debug +++ [Boolean] running = true
debug +++ [int] delay = 120000
debug time 17:52:40.45 :: After HeartBeat Count=4 Result=5
debug time 17:54:40.51 :: Before HeartBeat Count=5 Time=Mon Feb 27 2012 17:54:40 GMT+0100 AccountId=29131007 Session=1447baa1-f4f9-4d48-a777-5e75f95d124a
debug ++ [int] eventPhase = 2
debug ++ [Boolean] bubbles = false
debug ++ [Boolean] cancelable = false
debug ++ [String] type = timer
debug +++ [int] repeatCount = 0
debug +++ [int] currentCount = 4
debug +++ [Boolean] running = true
debug +++ [int] delay = 120000
debug +++ [int] repeatCount = 0
debug +++ [int] currentCount = 4
debug +++ [Boolean] running = true
debug +++ [int] delay = 120000
debug time 17:54:41.45 :: After HeartBeat Count=5 Result=5
debug time 17:56:41.48 :: Before HeartBeat Count=6 Time=Mon Feb 27 2012 17:56:41 GMT+0100 AccountId=29131007 Session=1447baa1-f4f9-4d48-a777-5e75f95d124a
debug ++ [int] eventPhase = 2
debug ++ [Boolean] bubbles = false
debug ++ [Boolean] cancelable = false
debug ++ [String] type = timer
debug +++ [int] repeatCount = 0
debug +++ [int] currentCount = 5
debug +++ [Boolean] running = true
debug +++ [int] delay = 120000
debug +++ [int] repeatCount = 0
debug +++ [int] currentCount = 5
debug +++ [Boolean] running = true
debug +++ [int] delay = 120000
debug time 17:56:42.45 :: After HeartBeat Count=6 Result=5
debug time 17:58:42.48 :: Before HeartBeat Count=7 Time=Mon Feb 27 2012 17:58:42 GMT+0100 AccountId=29131007 Session=1447baa1-f4f9-4d48-a777-5e75f95d124a
debug ++ [int] eventPhase = 2
debug ++ [Boolean] bubbles = false
debug ++ [Boolean] cancelable = false
debug ++ [String] type = timer
debug +++ [int] repeatCount = 0
debug +++ [int] currentCount = 6
debug +++ [Boolean] running = true
debug +++ [int] delay = 120000
debug +++ [int] repeatCount = 0
debug +++ [int] currentCount = 6
debug +++ [Boolean] running = true
debug +++ [int] delay = 120000
debug time 17:58:43.45 :: After HeartBeat Count=7 Result=5
debug time 18:00:42.48 :: Before HeartBeat Count=8 Time=Mon Feb 27 2012 18:00:42 GMT+0100 AccountId=29131007 Session=1447baa1-f4f9-4d48-a777-5e75f95d124a
debug ++ [int] eventPhase = 2
debug ++ [Boolean] bubbles = false
debug ++ [Boolean] cancelable = false
debug ++ [String] type = timer
debug +++ [int] repeatCount = 0
debug +++ [int] currentCount = 7
debug +++ [Boolean] running = true
debug +++ [int] delay = 120000
debug +++ [int] repeatCount = 0
debug +++ [int] currentCount = 7
debug +++ [Boolean] running = true
debug +++ [int] delay = 120000
debug time 18:00:43.45 :: After HeartBeat Count=8 Result=5
debug time 18:02:42.48 :: Before HeartBeat Count=9 Time=Mon Feb 27 2012 18:02:42 GMT+0100 AccountId=29131007 Session=1447baa1-f4f9-4d48-a777-5e75f95d124a
debug ++ [int] eventPhase = 2
debug ++ [Boolean] bubbles = false
debug ++ [Boolean] cancelable = false
debug ++ [String] type = timer
debug +++ [int] repeatCount = 0
debug +++ [int] currentCount = 8
debug +++ [Boolean] running = true
debug +++ [int] delay = 120000
debug +++ [int] repeatCount = 0
debug +++ [int] currentCount = 8
debug +++ [Boolean] running = true
debug +++ [int] delay = 120000
debug time 18:02:43.45 :: After HeartBeat Count=9 Result=5
debug time 18:04:42.48 :: Before HeartBeat Count=10 Time=Mon Feb 27 2012 18:04:42 GMT+0100 AccountId=29131007 Session=1447baa1-f4f9-4d48-a777-5e75f95d124a
debug ++ [int] eventPhase = 2
debug ++ [Boolean] bubbles = false
debug ++ [Boolean] cancelable = false
debug ++ [String] type = timer
debug +++ [int] repeatCount = 0
debug +++ [int] currentCount = 9
debug +++ [Boolean] running = true
debug +++ [int] delay = 120000
debug +++ [int] repeatCount = 0
debug +++ [int] currentCount = 9
debug +++ [Boolean] running = true
debug +++ [int] delay = 120000
debug time 18:04:43.45 :: After HeartBeat Count=10 Result=5
debug time 18:06:42.48 :: Before HeartBeat Count=11 Time=Mon Feb 27 2012 18:06:42 GMT+0100 AccountId=29131007 Session=1447baa1-f4f9-4d48-a777-5e75f95d124a
debug ++ [int] eventPhase = 2
debug ++ [Boolean] bubbles = false
debug ++ [Boolean] cancelable = false
debug ++ [String] type = timer
debug +++ [int] repeatCount = 0
debug +++ [int] currentCount = 10
debug +++ [Boolean] running = true
debug +++ [int] delay = 120000
debug +++ [int] repeatCount = 0
debug +++ [int] currentCount = 10
debug +++ [Boolean] running = true
debug +++ [int] delay = 120000
debug time 18:06:43.45 :: After HeartBeat Count=11 Result=5
debug time 18:08:42.48 :: Before HeartBeat Count=12 Time=Mon Feb 27 2012 18:08:42 GMT+0100 AccountId=29131007 Session=1447baa1-f4f9-4d48-a777-5e75f95d124a
debug ++ [int] eventPhase = 2
debug ++ [Boolean] bubbles = false
debug ++ [Boolean] cancelable = false
debug ++ [String] type = timer
debug +++ [int] repeatCount = 0
debug +++ [int] currentCount = 11
debug +++ [Boolean] running = true
debug +++ [int] delay = 120000
debug +++ [int] repeatCount = 0
debug +++ [int] currentCount = 11
debug +++ [Boolean] running = true
debug +++ [int] delay = 120000
debug time 18:08:43.45 :: After HeartBeat Count=12 Result=5
debug time 18:10:42.49 :: Before HeartBeat Count=13 Time=Mon Feb 27 2012 18:10:42 GMT+0100 AccountId=29131007 Session=1447baa1-f4f9-4d48-a777-5e75f95d124a
debug ++ [int] eventPhase = 2
debug ++ [Boolean] bubbles = false
debug ++ [Boolean] cancelable = false
debug ++ [String] type = timer
debug +++ [int] repeatCount = 0
debug +++ [int] currentCount = 12
debug +++ [Boolean] running = true
debug +++ [int] delay = 120000
debug +++ [int] repeatCount = 0
debug +++ [int] currentCount = 12
debug +++ [Boolean] running = true
debug +++ [int] delay = 120000
debug time 18:10:43.50 :: After HeartBeat Count=13 Result=5
debug time 18:12:42.48 :: Before HeartBeat Count=14 Time=Mon Feb 27 2012 18:12:42 GMT+0100 AccountId=29131007 Session=1447baa1-f4f9-4d48-a777-5e75f95d124a
debug ++ [int] eventPhase = 2
debug ++ [Boolean] bubbles = false
debug ++ [Boolean] cancelable = false
debug ++ [String] type = timer
debug +++ [int] repeatCount = 0
debug +++ [int] currentCount = 13
debug +++ [Boolean] running = true
debug +++ [int] delay = 120000
debug +++ [int] repeatCount = 0
debug +++ [int] currentCount = 13
debug +++ [Boolean] running = true
debug +++ [int] delay = 120000
debug time 18:12:43.44 :: After HeartBeat Count=14 Result=5
debug time 18:14:43.48 :: Before HeartBeat Count=15 Time=Mon Feb 27 2012 18:14:43 GMT+0100 AccountId=29131007 Session=1447baa1-f4f9-4d48-a777-5e75f95d124a
debug ++ [int] eventPhase = 2
debug ++ [Boolean] bubbles = false
debug ++ [Boolean] cancelable = false
debug ++ [String] type = timer
debug +++ [int] repeatCount = 0
debug +++ [int] currentCount = 14
debug +++ [Boolean] running = true
debug +++ [int] delay = 120000
debug +++ [int] repeatCount = 0
debug +++ [int] currentCount = 14
debug +++ [Boolean] running = true
debug +++ [int] delay = 120000
debug time 18:14:44.45 :: After HeartBeat Count=15 Result=5
debug time 18:16:43.48 :: Before HeartBeat Count=16 Time=Mon Feb 27 2012 18:16:43 GMT+0100 AccountId=29131007 Session=1447baa1-f4f9-4d48-a777-5e75f95d124a
debug ++ [int] eventPhase = 2
debug ++ [Boolean] bubbles = false
debug ++ [Boolean] cancelable = false
debug ++ [String] type = timer
debug +++ [int] repeatCount = 0
debug +++ [int] currentCount = 15
debug +++ [Boolean] running = true
debug +++ [int] delay = 120000
debug +++ [int] repeatCount = 0
debug +++ [int] currentCount = 15
debug +++ [Boolean] running = true
debug +++ [int] delay = 120000
debug time 18:16:44.45 :: After HeartBeat Count=16 Result=5
debug time 18:18:43.48 :: Before HeartBeat Count=17 Time=Mon Feb 27 2012 18:18:43 GMT+0100 AccountId=29131007 Session=1447baa1-f4f9-4d48-a777-5e75f95d124a
debug ++ [int] eventPhase = 2
debug ++ [Boolean] bubbles = false
debug ++ [Boolean] cancelable = false
debug ++ [String] type = timer
debug +++ [int] repeatCount = 0
debug +++ [int] currentCount = 16
debug +++ [Boolean] running = true
debug +++ [int] delay = 120000
debug +++ [int] repeatCount = 0
debug +++ [int] currentCount = 16
debug +++ [Boolean] running = true
debug +++ [int] delay = 120000
debug time 18:18:44.45 :: After HeartBeat Count=17 Result=5
debug time 18:18:59.273 :: Performing heartbeat at Mon Feb 27 2012 18:18:59 GMT+0100
debug time 18:20:43.91 :: Before HeartBeat Count=18 Time=Mon Feb 27 2012 18:20:43 GMT+0100 AccountId=29131007 Session=1447baa1-f4f9-4d48-a777-5e75f95d124a
debug ++ [int] eventPhase = 2
debug ++ [Boolean] bubbles = false
debug ++ [Boolean] cancelable = false
debug ++ [String] type = timer
debug +++ [int] repeatCount = 0
debug +++ [int] currentCount = 17
debug +++ [Boolean] running = true
debug +++ [int] delay = 120000
debug +++ [int] repeatCount = 0
debug +++ [int] currentCount = 17
debug +++ [Boolean] running = true
debug +++ [int] delay = 120000
debug time 18:20:43.308 :: After HeartBeat Count=18 Result=5
debug time 18:22:43.881 :: Before HeartBeat Count=19 Time=Mon Feb 27 2012 18:22:43 GMT+0100 AccountId=29131007 Session=1447baa1-f4f9-4d48-a777-5e75f95d124a
debug ++ [int] eventPhase = 2
debug ++ [Boolean] bubbles = false
debug ++ [Boolean] cancelable = false
debug ++ [String] type = timer
debug +++ [int] repeatCount = 0
debug +++ [int] currentCount = 18
debug +++ [Boolean] running = true
debug +++ [int] delay = 120000
debug +++ [int] repeatCount = 0
debug +++ [int] currentCount = 18
debug +++ [Boolean] running = true
debug +++ [int] delay = 120000
debug time 18:22:44.878 :: After HeartBeat Count=19 Result=5
debug time 18:24:43.882 :: Before HeartBeat Count=20 Time=Mon Feb 27 2012 18:24:43 GMT+0100 AccountId=29131007 Session=1447baa1-f4f9-4d48-a777-5e75f95d124a
debug ++ [int] eventPhase = 2
debug ++ [Boolean] bubbles = false
debug ++ [Boolean] cancelable = false
debug ++ [String] type = timer
debug +++ [int] repeatCount = 0
debug +++ [int] currentCount = 19
debug +++ [Boolean] running = true
debug +++ [int] delay = 120000
debug +++ [int] repeatCount = 0
debug +++ [int] currentCount = 19
debug +++ [Boolean] running = true
debug +++ [int] delay = 120000
debug time 18:24:44.878 :: After HeartBeat Count=20 Result=5
debug time 18:26:43.882 :: Before HeartBeat Count=21 Time=Mon Feb 27 2012 18:26:43 GMT+0100 AccountId=29131007 Session=1447baa1-f4f9-4d48-a777-5e75f95d124a
debug ++ [int] eventPhase = 2
debug ++ [Boolean] bubbles = false
debug ++ [Boolean] cancelable = false
debug ++ [String] type = timer
debug +++ [int] repeatCount = 0
debug +++ [int] currentCount = 20
debug +++ [Boolean] running = true
debug +++ [int] delay = 120000
debug +++ [int] repeatCount = 0
debug +++ [int] currentCount = 20
debug +++ [Boolean] running = true
debug +++ [int] delay = 120000
debug time 18:26:44.878 :: After HeartBeat Count=21 Result=5
debug time 18:28:43.882 :: Before HeartBeat Count=22 Time=Mon Feb 27 2012 18:28:43 GMT+0100 AccountId=29131007 Session=1447baa1-f4f9-4d48-a777-5e75f95d124a
debug ++ [int] eventPhase = 2
debug ++ [Boolean] bubbles = false
debug ++ [Boolean] cancelable = false
debug ++ [String] type = timer
debug +++ [int] repeatCount = 0
debug +++ [int] currentCount = 21
debug +++ [Boolean] running = true
debug +++ [int] delay = 120000
debug +++ [int] repeatCount = 0
debug +++ [int] currentCount = 21
debug +++ [Boolean] running = true
debug +++ [int] delay = 120000
debug time 18:28:44.878 :: After HeartBeat Count=22 Result=5
debug time 18:30:43.907 :: Before HeartBeat Count=23 Time=Mon Feb 27 2012 18:30:43 GMT+0100 AccountId=29131007 Session=1447baa1-f4f9-4d48-a777-5e75f95d124a
debug ++ [int] eventPhase = 2
debug ++ [Boolean] bubbles = false
debug ++ [Boolean] cancelable = false
debug ++ [String] type = timer
debug +++ [int] repeatCount = 0
debug +++ [int] currentCount = 22
debug +++ [Boolean] running = true
debug +++ [int] delay = 120000
debug +++ [int] repeatCount = 0
debug +++ [int] currentCount = 22
debug +++ [Boolean] running = true
debug +++ [int] delay = 120000
debug time 18:30:44.878 :: After HeartBeat Count=23 Result=5
debug time 18:32:44.881 :: Before HeartBeat Count=24 Time=Mon Feb 27 2012 18:32:44 GMT+0100 AccountId=29131007 Session=1447baa1-f4f9-4d48-a777-5e75f95d124a
debug ++ [int] eventPhase = 2
debug ++ [Boolean] bubbles = false
debug ++ [Boolean] cancelable = false
debug ++ [String] type = timer
debug +++ [int] repeatCount = 0
debug +++ [int] currentCount = 23
debug +++ [Boolean] running = true
debug +++ [int] delay = 120000
debug +++ [int] repeatCount = 0
debug +++ [int] currentCount = 23
debug +++ [Boolean] running = true
debug +++ [int] delay = 120000
debug time 18:32:45.878 :: After HeartBeat Count=24 Result=5
debug time 18:34:44.882 :: Before HeartBeat Count=25 Time=Mon Feb 27 2012 18:34:44 GMT+0100 AccountId=29131007 Session=1447baa1-f4f9-4d48-a777-5e75f95d124a
debug ++ [int] eventPhase = 2
debug ++ [Boolean] bubbles = false
debug ++ [Boolean] cancelable = false
debug ++ [String] type = timer
debug +++ [int] repeatCount = 0
debug +++ [int] currentCount = 24
debug +++ [Boolean] running = true
debug +++ [int] delay = 120000
debug +++ [int] repeatCount = 0
debug +++ [int] currentCount = 24
debug +++ [Boolean] running = true
debug +++ [int] delay = 120000
debug time 18:34:45.878 :: After HeartBeat Count=25 Result=5
debug time 18:36:44.883 :: Before HeartBeat Count=26 Time=Mon Feb 27 2012 18:36:44 GMT+0100 AccountId=29131007 Session=1447baa1-f4f9-4d48-a777-5e75f95d124a
debug ++ [int] eventPhase = 2
debug ++ [Boolean] bubbles = false
debug ++ [Boolean] cancelable = false
debug ++ [String] type = timer
debug +++ [int] repeatCount = 0
debug +++ [int] currentCount = 25
debug +++ [Boolean] running = true
debug +++ [int] delay = 120000
debug +++ [int] repeatCount = 0
debug +++ [int] currentCount = 25
debug +++ [Boolean] running = true
debug +++ [int] delay = 120000
debug time 18:36:45.878 :: After HeartBeat Count=26 Result=5
debug time 18:38:44.883 :: Before HeartBeat Count=27 Time=Mon Feb 27 2012 18:38:44 GMT+0100 AccountId=29131007 Session=1447baa1-f4f9-4d48-a777-5e75f95d124a
debug ++ [int] eventPhase = 2
debug ++ [Boolean] bubbles = false
debug ++ [Boolean] cancelable = false
debug ++ [String] type = timer
debug +++ [int] repeatCount = 0
debug +++ [int] currentCount = 26
debug +++ [Boolean] running = true
debug +++ [int] delay = 120000
debug +++ [int] repeatCount = 0
debug +++ [int] currentCount = 26
debug +++ [Boolean] running = true
debug +++ [int] delay = 120000
debug time 18:38:45.878 :: After HeartBeat Count=27 Result=5
debug time 18:40:44.882 :: Before HeartBeat Count=28 Time=Mon Feb 27 2012 18:40:44 GMT+0100 AccountId=29131007 Session=1447baa1-f4f9-4d48-a777-5e75f95d124a
debug ++ [int] eventPhase = 2
debug ++ [Boolean] bubbles = false
debug ++ [Boolean] cancelable = false
debug ++ [String] type = timer
debug +++ [int] repeatCount = 0
debug +++ [int] currentCount = 27
debug +++ [Boolean] running = true
debug +++ [int] delay = 120000
debug +++ [int] repeatCount = 0
debug +++ [int] currentCount = 27
debug +++ [Boolean] running = true
debug +++ [int] delay = 120000
debug time 18:40:45.878 :: After HeartBeat Count=28 Result=5
debug time 18:42:44.882 :: Before HeartBeat Count=29 Time=Mon Feb 27 2012 18:42:44 GMT+0100 AccountId=29131007 Session=1447baa1-f4f9-4d48-a777-5e75f95d124a
debug ++ [int] eventPhase = 2
debug ++ [Boolean] bubbles = false
debug ++ [Boolean] cancelable = false
debug ++ [String] type = timer
debug +++ [int] repeatCount = 0
debug +++ [int] currentCount = 28
debug +++ [Boolean] running = true
debug +++ [int] delay = 120000
debug +++ [int] repeatCount = 0
debug +++ [int] currentCount = 28
debug +++ [Boolean] running = true
debug +++ [int] delay = 120000
debug time 18:42:45.878 :: After HeartBeat Count=29 Result=5
debug time 18:44:44.912 :: Before HeartBeat Count=30 Time=Mon Feb 27 2012 18:44:44 GMT+0100 AccountId=29131007 Session=1447baa1-f4f9-4d48-a777-5e75f95d124a
debug ++ [int] eventPhase = 2
debug ++ [Boolean] bubbles = false
debug ++ [Boolean] cancelable = false
debug ++ [String] type = timer
debug +++ [int] repeatCount = 0
debug +++ [int] currentCount = 29
debug +++ [Boolean] running = true
debug +++ [int] delay = 120000
debug +++ [int] repeatCount = 0
debug +++ [int] currentCount = 29
debug +++ [Boolean] running = true
debug +++ [int] delay = 120000
debug time 18:44:45.878 :: After HeartBeat Count=30 Result=5
debug time 18:45:22.151 :: Performing heartbeat at Mon Feb 27 2012 18:45:22 GMT+0100
debug time 18:46:44.928 :: Before HeartBeat Count=31 Time=Mon Feb 27 2012 18:46:44 GMT+0100 AccountId=29131007 Session=1447baa1-f4f9-4d48-a777-5e75f95d124a
debug ++ [int] eventPhase = 2
debug ++ [Boolean] bubbles = false
debug ++ [Boolean] cancelable = false
debug ++ [String] type = timer
debug +++ [int] repeatCount = 0
debug +++ [int] currentCount = 30
debug +++ [Boolean] running = true
debug +++ [int] delay = 120000
debug +++ [int] repeatCount = 0
debug +++ [int] currentCount = 30
debug +++ [Boolean] running = true
debug +++ [int] delay = 120000
debug time 18:46:45.125 :: After HeartBeat Count=31 Result=5
debug time 18:48:45.639 :: Before HeartBeat Count=32 Time=Mon Feb 27 2012 18:48:45 GMT+0100 AccountId=29131007 Session=1447baa1-f4f9-4d48-a777-5e75f95d124a
debug ++ [int] eventPhase = 2
debug ++ [Boolean] bubbles = false
debug ++ [Boolean] cancelable = false
debug ++ [String] type = timer
debug +++ [int] repeatCount = 0
debug +++ [int] currentCount = 31
debug +++ [Boolean] running = true
debug +++ [int] delay = 120000
debug +++ [int] repeatCount = 0
debug +++ [int] currentCount = 31
debug +++ [Boolean] running = true
debug +++ [int] delay = 120000
debug time 18:48:46.635 :: After HeartBeat Count=32 Result=5
debug time 18:50:45.642 :: Before HeartBeat Count=33 Time=Mon Feb 27 2012 18:50:45 GMT+0100 AccountId=29131007 Session=1447baa1-f4f9-4d48-a777-5e75f95d124a
debug ++ [int] eventPhase = 2
debug ++ [Boolean] bubbles = false
debug ++ [Boolean] cancelable = false
debug ++ [String] type = timer
debug +++ [int] repeatCount = 0
debug +++ [int] currentCount = 32
debug +++ [Boolean] running = true
debug +++ [int] delay = 120000
debug +++ [int] repeatCount = 0
debug +++ [int] currentCount = 32
debug +++ [Boolean] running = true
debug +++ [int] delay = 120000
debug time 18:50:46.635 :: After HeartBeat Count=33 Result=5
debug time 18:52:46.639 :: Before HeartBeat Count=34 Time=Mon Feb 27 2012 18:52:46 GMT+0100 AccountId=29131007 Session=1447baa1-f4f9-4d48-a777-5e75f95d124a
debug ++ [int] eventPhase = 2
debug ++ [Boolean] bubbles = false
debug ++ [Boolean] cancelable = false
debug ++ [String] type = timer
debug +++ [int] repeatCount = 0
debug +++ [int] currentCount = 33
debug +++ [Boolean] running = true
debug +++ [int] delay = 120000
debug +++ [int] repeatCount = 0
debug +++ [int] currentCount = 33
debug +++ [Boolean] running = true
debug +++ [int] delay = 120000
debug time 18:52:47.635 :: After HeartBeat Count=34 Result=5
debug time 18:54:46.639 :: Before HeartBeat Count=35 Time=Mon Feb 27 2012 18:54:46 GMT+0100 AccountId=29131007 Session=1447baa1-f4f9-4d48-a777-5e75f95d124a
debug ++ [int] eventPhase = 2
debug ++ [Boolean] bubbles = false
debug ++ [Boolean] cancelable = false
debug ++ [String] type = timer
debug +++ [int] repeatCount = 0
debug +++ [int] currentCount = 34
debug +++ [Boolean] running = true
debug +++ [int] delay = 120000
debug +++ [int] repeatCount = 0
debug +++ [int] currentCount = 34
debug +++ [Boolean] running = true
debug +++ [int] delay = 120000
debug time 18:54:47.635 :: After HeartBeat Count=35 Result=5
debug time 18:56:47.639 :: Before HeartBeat Count=36 Time=Mon Feb 27 2012 18:56:47 GMT+0100 AccountId=29131007 Session=1447baa1-f4f9-4d48-a777-5e75f95d124a
debug ++ [int] eventPhase = 2
debug ++ [Boolean] bubbles = false
debug ++ [Boolean] cancelable = false
debug ++ [String] type = timer
debug +++ [int] repeatCount = 0
debug +++ [int] currentCount = 35
debug +++ [Boolean] running = true
debug +++ [int] delay = 120000
debug +++ [int] repeatCount = 0
debug +++ [int] currentCount = 35
debug +++ [Boolean] running = true
debug +++ [int] delay = 120000
debug time 18:56:48.635 :: After HeartBeat Count=36 Result=5
debug time 18:58:47.639 :: Before HeartBeat Count=37 Time=Mon Feb 27 2012 18:58:47 GMT+0100 AccountId=29131007 Session=1447baa1-f4f9-4d48-a777-5e75f95d124a
debug ++ [int] eventPhase = 2
debug ++ [Boolean] bubbles = false
debug ++ [Boolean] cancelable = false
debug ++ [String] type = timer
debug +++ [int] repeatCount = 0
debug +++ [int] currentCount = 36
debug +++ [Boolean] running = true
debug +++ [int] delay = 120000
debug +++ [int] repeatCount = 0
debug +++ [int] currentCount = 36
debug +++ [Boolean] running = true
debug +++ [int] delay = 120000
debug time 18:58:48.635 :: After HeartBeat Count=37 Result=5
debug time 19:00:47.639 :: Before HeartBeat Count=38 Time=Mon Feb 27 2012 19:00:47 GMT+0100 AccountId=29131007 Session=1447baa1-f4f9-4d48-a777-5e75f95d124a
debug ++ [int] eventPhase = 2
debug ++ [Boolean] bubbles = false
debug ++ [Boolean] cancelable = false
debug ++ [String] type = timer
debug +++ [int] repeatCount = 0
debug +++ [int] currentCount = 37
debug +++ [Boolean] running = true
debug +++ [int] delay = 120000
debug +++ [int] repeatCount = 0
debug +++ [int] currentCount = 37
debug +++ [Boolean] running = true
debug +++ [int] delay = 120000
debug time 19:00:48.635 :: After HeartBeat Count=38 Result=5
debug time 19:02:48.639 :: Before HeartBeat Count=39 Time=Mon Feb 27 2012 19:02:48 GMT+0100 AccountId=29131007 Session=1447baa1-f4f9-4d48-a777-5e75f95d124a
debug ++ [int] eventPhase = 2
debug ++ [Boolean] bubbles = false
debug ++ [Boolean] cancelable = false
debug ++ [String] type = timer
debug +++ [int] repeatCount = 0
debug +++ [int] currentCount = 38
debug +++ [Boolean] running = true
debug +++ [int] delay = 120000
debug +++ [int] repeatCount = 0
debug +++ [int] currentCount = 38
debug +++ [Boolean] running = true
debug +++ [int] delay = 120000
debug time 19:02:49.635 :: After HeartBeat Count=39 Result=5
debug time 19:04:49.638 :: Before HeartBeat Count=40 Time=Mon Feb 27 2012 19:04:49 GMT+0100 AccountId=29131007 Session=1447baa1-f4f9-4d48-a777-5e75f95d124a
debug ++ [int] eventPhase = 2
debug ++ [Boolean] bubbles = false
debug ++ [Boolean] cancelable = false
debug ++ [String] type = timer
debug +++ [int] repeatCount = 0
debug +++ [int] currentCount = 39
debug +++ [Boolean] running = true
debug +++ [int] delay = 120000
debug +++ [int] repeatCount = 0
debug +++ [int] currentCount = 39
debug +++ [Boolean] running = true
debug +++ [int] delay = 120000
debug time 19:04:50.635 :: After HeartBeat Count=40 Result=5
debug time 19:06:49.639 :: Before HeartBeat Count=41 Time=Mon Feb 27 2012 19:06:49 GMT+0100 AccountId=29131007 Session=1447baa1-f4f9-4d48-a777-5e75f95d124a
debug ++ [int] eventPhase = 2
debug ++ [Boolean] bubbles = false
debug ++ [Boolean] cancelable = false
debug ++ [String] type = timer
debug +++ [int] repeatCount = 0
debug +++ [int] currentCount = 40
debug +++ [Boolean] running = true
debug +++ [int] delay = 120000
debug +++ [int] repeatCount = 0
debug +++ [int] currentCount = 40
debug +++ [Boolean] running = true
debug +++ [int] delay = 120000
debug time 19:06:50.635 :: After HeartBeat Count=41 Result=5
debug time 19:08:49.639 :: Before HeartBeat Count=42 Time=Mon Feb 27 2012 19:08:49 GMT+0100 AccountId=29131007 Session=1447baa1-f4f9-4d48-a777-5e75f95d124a
debug ++ [int] eventPhase = 2
debug ++ [Boolean] bubbles = false
debug ++ [Boolean] cancelable = false
debug ++ [String] type = timer
debug +++ [int] repeatCount = 0
debug +++ [int] currentCount = 41
debug +++ [Boolean] running = true
debug +++ [int] delay = 120000
debug +++ [int] repeatCount = 0
debug +++ [int] currentCount = 41
debug +++ [Boolean] running = true
debug +++ [int] delay = 120000
debug time 19:08:50.635 :: After HeartBeat Count=42 Result=5
debug time 19:10:49.639 :: Before HeartBeat Count=43 Time=Mon Feb 27 2012 19:10:49 GMT+0100 AccountId=29131007 Session=1447baa1-f4f9-4d48-a777-5e75f95d124a
debug ++ [int] eventPhase = 2
debug ++ [Boolean] bubbles = false
debug ++ [Boolean] cancelable = false
debug ++ [String] type = timer
debug +++ [int] repeatCount = 0
debug +++ [int] currentCount = 42
debug +++ [Boolean] running = true
debug +++ [int] delay = 120000
debug +++ [int] repeatCount = 0
debug +++ [int] currentCount = 42
debug +++ [Boolean] running = true
debug +++ [int] delay = 120000
debug time 19:10:50.635 :: After HeartBeat Count=43 Result=5
debug time 19:12:49.639 :: Before HeartBeat Count=44 Time=Mon Feb 27 2012 19:12:49 GMT+0100 AccountId=29131007 Session=1447baa1-f4f9-4d48-a777-5e75f95d124a
debug ++ [int] eventPhase = 2
debug ++ [Boolean] bubbles = false
debug ++ [Boolean] cancelable = false
debug ++ [String] type = timer
debug +++ [int] repeatCount = 0
debug +++ [int] currentCount = 43
debug +++ [Boolean] running = true
debug +++ [int] delay = 120000
debug +++ [int] repeatCount = 0
debug +++ [int] currentCount = 43
debug +++ [Boolean] running = true
debug +++ [int] delay = 120000
debug time 19:12:50.635 :: After HeartBeat Count=44 Result=5
debug time 19:14:49.664 :: Before HeartBeat Count=45 Time=Mon Feb 27 2012 19:14:49 GMT+0100 AccountId=29131007 Session=1447baa1-f4f9-4d48-a777-5e75f95d124a
debug ++ [int] eventPhase = 2
debug ++ [Boolean] bubbles = false
debug ++ [Boolean] cancelable = false
debug ++ [String] type = timer
debug +++ [int] repeatCount = 0
debug +++ [int] currentCount = 44
debug +++ [Boolean] running = true
debug +++ [int] delay = 120000
debug +++ [int] repeatCount = 0
debug +++ [int] currentCount = 44
debug +++ [Boolean] running = true
debug +++ [int] delay = 120000
debug time 19:14:50.635 :: After HeartBeat Count=45 Result=5
debug time 19:16:50.639 :: Before HeartBeat Count=46 Time=Mon Feb 27 2012 19:16:50 GMT+0100 AccountId=29131007 Session=1447baa1-f4f9-4d48-a777-5e75f95d124a
debug ++ [int] eventPhase = 2
debug ++ [Boolean] bubbles = false
debug ++ [Boolean] cancelable = false
debug ++ [String] type = timer
debug +++ [int] repeatCount = 0
debug +++ [int] currentCount = 45
debug +++ [Boolean] running = true
debug +++ [int] delay = 120000
debug +++ [int] repeatCount = 0
debug +++ [int] currentCount = 45
debug +++ [Boolean] running = true
debug +++ [int] delay = 120000
debug time 19:16:51.635 :: After HeartBeat Count=46 Result=5
debug time 19:18:50.667 :: Before HeartBeat Count=47 Time=Mon Feb 27 2012 19:18:50 GMT+0100 AccountId=29131007 Session=1447baa1-f4f9-4d48-a777-5e75f95d124a
debug ++ [int] eventPhase = 2
debug ++ [Boolean] bubbles = false
debug ++ [Boolean] cancelable = false
debug ++ [String] type = timer
debug +++ [int] repeatCount = 0
debug +++ [int] currentCount = 46
debug +++ [Boolean] running = true
debug +++ [int] delay = 120000
debug +++ [int] repeatCount = 0
debug +++ [int] currentCount = 46
debug +++ [Boolean] running = true
debug +++ [int] delay = 120000
debug time 19:18:51.634 :: After HeartBeat Count=47 Result=5
debug time 19:20:51.638 :: Before HeartBeat Count=48 Time=Mon Feb 27 2012 19:20:51 GMT+0100 AccountId=29131007 Session=1447baa1-f4f9-4d48-a777-5e75f95d124a
debug ++ [int] eventPhase = 2
debug ++ [Boolean] bubbles = false
debug ++ [Boolean] cancelable = false
debug ++ [String] type = timer
debug +++ [int] repeatCount = 0
debug +++ [int] currentCount = 47
debug +++ [Boolean] running = true
debug +++ [int] delay = 120000
debug +++ [int] repeatCount = 0
debug +++ [int] currentCount = 47
debug +++ [Boolean] running = true
debug +++ [int] delay = 120000
debug time 19:20:52.635 :: After HeartBeat Count=48 Result=5
debug time 19:22:51.638 :: Before HeartBeat Count=49 Time=Mon Feb 27 2012 19:22:51 GMT+0100 AccountId=29131007 Session=1447baa1-f4f9-4d48-a777-5e75f95d124a
debug ++ [int] eventPhase = 2
debug ++ [Boolean] bubbles = false
debug ++ [Boolean] cancelable = false
debug ++ [String] type = timer
debug +++ [int] repeatCount = 0
debug +++ [int] currentCount = 48
debug +++ [Boolean] running = true
debug +++ [int] delay = 120000
debug +++ [int] repeatCount = 0
debug +++ [int] currentCount = 48
debug +++ [Boolean] running = true
debug +++ [int] delay = 120000
debug time 19:22:52.635 :: After HeartBeat Count=49 Result=5
debug time 19:24:51.664 :: Before HeartBeat Count=50 Time=Mon Feb 27 2012 19:24:51 GMT+0100 AccountId=29131007 Session=1447baa1-f4f9-4d48-a777-5e75f95d124a
debug ++ [int] eventPhase = 2
debug ++ [Boolean] bubbles = false
debug ++ [Boolean] cancelable = false
debug ++ [String] type = timer
debug +++ [int] repeatCount = 0
debug +++ [int] currentCount = 49
debug +++ [Boolean] running = true
debug +++ [int] delay = 120000
debug +++ [int] repeatCount = 0
debug +++ [int] currentCount = 49
debug +++ [Boolean] running = true
debug +++ [int] delay = 120000
debug time 19:24:52.635 :: After HeartBeat Count=50 Result=5
debug time 19:26:52.659 :: Before HeartBeat Count=51 Time=Mon Feb 27 2012 19:26:52 GMT+0100 AccountId=29131007 Session=1447baa1-f4f9-4d48-a777-5e75f95d124a
debug ++ [int] eventPhase = 2
debug ++ [Boolean] bubbles = false
debug ++ [Boolean] cancelable = false
debug ++ [String] type = timer
debug +++ [int] repeatCount = 0
debug +++ [int] currentCount = 50
debug +++ [Boolean] running = true
debug +++ [int] delay = 120000
debug +++ [int] repeatCount = 0
debug +++ [int] currentCount = 50
debug +++ [Boolean] running = true
debug +++ [int] delay = 120000
debug time 19:26:53.635 :: After HeartBeat Count=51 Result=5
debug time 19:28:53.639 :: Before HeartBeat Count=52 Time=Mon Feb 27 2012 19:28:53 GMT+0100 AccountId=29131007 Session=1447baa1-f4f9-4d48-a777-5e75f95d124a
debug ++ [int] eventPhase = 2
debug ++ [Boolean] bubbles = false
debug ++ [Boolean] cancelable = false
debug ++ [String] type = timer
debug +++ [int] repeatCount = 0
debug +++ [int] currentCount = 51
debug +++ [Boolean] running = true
debug +++ [int] delay = 120000
debug +++ [int] repeatCount = 0
debug +++ [int] currentCount = 51
debug +++ [Boolean] running = true
debug +++ [int] delay = 120000
debug time 19:28:54.635 :: After HeartBeat Count=52 Result=5
debug time 19:30:53.639 :: Before HeartBeat Count=53 Time=Mon Feb 27 2012 19:30:53 GMT+0100 AccountId=29131007 Session=1447baa1-f4f9-4d48-a777-5e75f95d124a
debug ++ [int] eventPhase = 2
debug ++ [Boolean] bubbles = false
debug ++ [Boolean] cancelable = false
debug ++ [String] type = timer
debug +++ [int] repeatCount = 0
debug +++ [int] currentCount = 52
debug +++ [Boolean] running = true
debug +++ [int] delay = 120000
debug +++ [int] repeatCount = 0
debug +++ [int] currentCount = 52
debug +++ [Boolean] running = true
debug +++ [int] delay = 120000
debug time 19:30:54.635 :: After HeartBeat Count=53 Result=5
debug time 19:32:54.639 :: Before HeartBeat Count=54 Time=Mon Feb 27 2012 19:32:54 GMT+0100 AccountId=29131007 Session=1447baa1-f4f9-4d48-a777-5e75f95d124a
debug ++ [int] eventPhase = 2
debug ++ [Boolean] bubbles = false
debug ++ [Boolean] cancelable = false
debug ++ [String] type = timer
debug +++ [int] repeatCount = 0
debug +++ [int] currentCount = 53
debug +++ [Boolean] running = true
debug +++ [int] delay = 120000
debug +++ [int] repeatCount = 0
debug +++ [int] currentCount = 53
debug +++ [Boolean] running = true
debug +++ [int] delay = 120000
debug time 19:32:55.635 :: After HeartBeat Count=54 Result=5
debug time 19:33:46.866 :: Performing heartbeat at Mon Feb 27 2012 19:33:46 GMT+0100
