debug time 18:45:00.432 :: Before HeartBeat Count=1 Time=Tue Oct 4 2011 18:45:00 GMT+0200 AccountId=28699575 Session=bc3ebf26-f138-472f-8f14-c45510516e10
STOP LOGGING: More than 0 nested objects or properties. 
debug time 18:45:01.650 :: After HeartBeat Count=1 Result=5
debug time 18:48:00.696 :: Before HeartBeat Count=2 Time=Tue Oct 4 2011 18:48:00 GMT+0200 AccountId=28699575 Session=bc3ebf26-f138-472f-8f14-c45510516e10
debug ++ [int] eventPhase = 2
debug ++ [Boolean] bubbles = false
debug ++ [Boolean] cancelable = false
debug ++ [String] type = timer
debug +++ [int] repeatCount = 0
debug +++ [int] currentCount = 1
debug +++ [Boolean] running = true
debug +++ [int] delay = 180000
debug +++ [int] repeatCount = 0
debug +++ [int] currentCount = 1
debug +++ [Boolean] running = true
debug +++ [int] delay = 180000
debug time 18:48:01.693 :: After HeartBeat Count=2 Result=5
debug time 18:51:00.695 :: Before HeartBeat Count=3 Time=Tue Oct 4 2011 18:51:00 GMT+0200 AccountId=28699575 Session=bc3ebf26-f138-472f-8f14-c45510516e10
debug ++ [int] eventPhase = 2
debug ++ [Boolean] bubbles = false
debug ++ [Boolean] cancelable = false
debug ++ [String] type = timer
debug +++ [int] repeatCount = 0
debug +++ [int] currentCount = 2
debug +++ [Boolean] running = true
debug +++ [int] delay = 180000
debug +++ [int] repeatCount = 0
debug +++ [int] currentCount = 2
debug +++ [Boolean] running = true
debug +++ [int] delay = 180000
debug time 18:51:01.692 :: After HeartBeat Count=3 Result=5
debug time 18:54:00.695 :: Before HeartBeat Count=4 Time=Tue Oct 4 2011 18:54:00 GMT+0200 AccountId=28699575 Session=bc3ebf26-f138-472f-8f14-c45510516e10
debug ++ [int] eventPhase = 2
debug ++ [Boolean] bubbles = false
debug ++ [Boolean] cancelable = false
debug ++ [String] type = timer
debug +++ [int] repeatCount = 0
debug +++ [int] currentCount = 3
debug +++ [Boolean] running = true
debug +++ [int] delay = 180000
debug +++ [int] repeatCount = 0
debug +++ [int] currentCount = 3
debug +++ [Boolean] running = true
debug +++ [int] delay = 180000
debug time 18:54:01.693 :: After HeartBeat Count=4 Result=5
debug time 18:57:00.696 :: Before HeartBeat Count=5 Time=Tue Oct 4 2011 18:57:00 GMT+0200 AccountId=28699575 Session=bc3ebf26-f138-472f-8f14-c45510516e10
debug ++ [int] eventPhase = 2
debug ++ [Boolean] bubbles = false
debug ++ [Boolean] cancelable = false
debug ++ [String] type = timer
debug +++ [int] repeatCount = 0
debug +++ [int] currentCount = 4
debug +++ [Boolean] running = true
debug +++ [int] delay = 180000
debug +++ [int] repeatCount = 0
debug +++ [int] currentCount = 4
debug +++ [Boolean] running = true
debug +++ [int] delay = 180000
debug time 18:57:01.693 :: After HeartBeat Count=5 Result=5
debug time 19:00:00.695 :: Before HeartBeat Count=6 Time=Tue Oct 4 2011 19:00:00 GMT+0200 AccountId=28699575 Session=bc3ebf26-f138-472f-8f14-c45510516e10
debug ++ [int] eventPhase = 2
debug ++ [Boolean] bubbles = false
debug ++ [Boolean] cancelable = false
debug ++ [String] type = timer
debug +++ [int] repeatCount = 0
debug +++ [int] currentCount = 5
debug +++ [Boolean] running = true
debug +++ [int] delay = 180000
debug +++ [int] repeatCount = 0
debug +++ [int] currentCount = 5
debug +++ [Boolean] running = true
debug +++ [int] delay = 180000
debug time 19:00:01.692 :: After HeartBeat Count=6 Result=5
debug time 19:03:00.695 :: Before HeartBeat Count=7 Time=Tue Oct 4 2011 19:03:00 GMT+0200 AccountId=28699575 Session=bc3ebf26-f138-472f-8f14-c45510516e10
debug ++ [int] eventPhase = 2
debug ++ [Boolean] bubbles = false
debug ++ [Boolean] cancelable = false
debug ++ [String] type = timer
debug +++ [int] repeatCount = 0
debug +++ [int] currentCount = 6
debug +++ [Boolean] running = true
debug +++ [int] delay = 180000
debug +++ [int] repeatCount = 0
debug +++ [int] currentCount = 6
debug +++ [Boolean] running = true
debug +++ [int] delay = 180000
debug time 19:03:01.692 :: After HeartBeat Count=7 Result=5
debug time 19:06:00.696 :: Before HeartBeat Count=8 Time=Tue Oct 4 2011 19:06:00 GMT+0200 AccountId=28699575 Session=bc3ebf26-f138-472f-8f14-c45510516e10
debug ++ [int] eventPhase = 2
debug ++ [Boolean] bubbles = false
debug ++ [Boolean] cancelable = false
debug ++ [String] type = timer
debug +++ [int] repeatCount = 0
debug +++ [int] currentCount = 7
debug +++ [Boolean] running = true
debug +++ [int] delay = 180000
debug +++ [int] repeatCount = 0
debug +++ [int] currentCount = 7
debug +++ [Boolean] running = true
debug +++ [int] delay = 180000
debug time 19:06:01.693 :: After HeartBeat Count=8 Result=5
debug time 19:09:00.696 :: Before HeartBeat Count=9 Time=Tue Oct 4 2011 19:09:00 GMT+0200 AccountId=28699575 Session=bc3ebf26-f138-472f-8f14-c45510516e10
debug ++ [int] eventPhase = 2
debug ++ [Boolean] bubbles = false
debug ++ [Boolean] cancelable = false
debug ++ [String] type = timer
debug +++ [int] repeatCount = 0
debug +++ [int] currentCount = 8
debug +++ [Boolean] running = true
debug +++ [int] delay = 180000
debug +++ [int] repeatCount = 0
debug +++ [int] currentCount = 8
debug +++ [Boolean] running = true
debug +++ [int] delay = 180000
debug time 19:09:01.692 :: After HeartBeat Count=9 Result=5
debug time 19:12:01.696 :: Before HeartBeat Count=10 Time=Tue Oct 4 2011 19:12:01 GMT+0200 AccountId=28699575 Session=bc3ebf26-f138-472f-8f14-c45510516e10
debug ++ [int] eventPhase = 2
debug ++ [Boolean] bubbles = false
debug ++ [Boolean] cancelable = false
debug ++ [String] type = timer
debug +++ [int] repeatCount = 0
debug +++ [int] currentCount = 9
debug +++ [Boolean] running = true
debug +++ [int] delay = 180000
debug +++ [int] repeatCount = 0
debug +++ [int] currentCount = 9
debug +++ [Boolean] running = true
debug +++ [int] delay = 180000
debug time 19:12:02.692 :: After HeartBeat Count=10 Result=5
debug time 19:15:02.696 :: Before HeartBeat Count=11 Time=Tue Oct 4 2011 19:15:02 GMT+0200 AccountId=28699575 Session=bc3ebf26-f138-472f-8f14-c45510516e10
debug ++ [int] eventPhase = 2
debug ++ [Boolean] bubbles = false
debug ++ [Boolean] cancelable = false
debug ++ [String] type = timer
debug +++ [int] repeatCount = 0
debug +++ [int] currentCount = 10
debug +++ [Boolean] running = true
debug +++ [int] delay = 180000
debug +++ [int] repeatCount = 0
debug +++ [int] currentCount = 10
debug +++ [Boolean] running = true
debug +++ [int] delay = 180000
debug time 19:15:03.693 :: After HeartBeat Count=11 Result=5
debug time 19:18:02.696 :: Before HeartBeat Count=12 Time=Tue Oct 4 2011 19:18:02 GMT+0200 AccountId=28699575 Session=bc3ebf26-f138-472f-8f14-c45510516e10
debug ++ [int] eventPhase = 2
debug ++ [Boolean] bubbles = false
debug ++ [Boolean] cancelable = false
debug ++ [String] type = timer
debug +++ [int] repeatCount = 0
debug +++ [int] currentCount = 11
debug +++ [Boolean] running = true
debug +++ [int] delay = 180000
debug +++ [int] repeatCount = 0
debug +++ [int] currentCount = 11
debug +++ [Boolean] running = true
debug +++ [int] delay = 180000
debug time 19:18:03.692 :: After HeartBeat Count=12 Result=5
debug time 19:21:03.695 :: Before HeartBeat Count=13 Time=Tue Oct 4 2011 19:21:03 GMT+0200 AccountId=28699575 Session=bc3ebf26-f138-472f-8f14-c45510516e10
debug ++ [int] eventPhase = 2
debug ++ [Boolean] bubbles = false
debug ++ [Boolean] cancelable = false
debug ++ [String] type = timer
debug +++ [int] repeatCount = 0
debug +++ [int] currentCount = 12
debug +++ [Boolean] running = true
debug +++ [int] delay = 180000
debug +++ [int] repeatCount = 0
debug +++ [int] currentCount = 12
debug +++ [Boolean] running = true
debug +++ [int] delay = 180000
debug time 19:21:04.692 :: After HeartBeat Count=13 Result=5
debug time 19:24:03.696 :: Before HeartBeat Count=14 Time=Tue Oct 4 2011 19:24:03 GMT+0200 AccountId=28699575 Session=bc3ebf26-f138-472f-8f14-c45510516e10
debug ++ [int] eventPhase = 2
debug ++ [Boolean] bubbles = false
debug ++ [Boolean] cancelable = false
debug ++ [String] type = timer
debug +++ [int] repeatCount = 0
debug +++ [int] currentCount = 13
debug +++ [Boolean] running = true
debug +++ [int] delay = 180000
debug +++ [int] repeatCount = 0
debug +++ [int] currentCount = 13
debug +++ [Boolean] running = true
debug +++ [int] delay = 180000
debug time 19:24:04.693 :: After HeartBeat Count=14 Result=5
debug time 19:27:03.696 :: Before HeartBeat Count=15 Time=Tue Oct 4 2011 19:27:03 GMT+0200 AccountId=28699575 Session=bc3ebf26-f138-472f-8f14-c45510516e10
debug ++ [int] eventPhase = 2
debug ++ [Boolean] bubbles = false
debug ++ [Boolean] cancelable = false
debug ++ [String] type = timer
debug +++ [int] repeatCount = 0
debug +++ [int] currentCount = 14
debug +++ [Boolean] running = true
debug +++ [int] delay = 180000
debug +++ [int] repeatCount = 0
debug +++ [int] currentCount = 14
debug +++ [Boolean] running = true
debug +++ [int] delay = 180000
debug time 19:27:04.693 :: After HeartBeat Count=15 Result=5
debug time 19:30:03.696 :: Before HeartBeat Count=16 Time=Tue Oct 4 2011 19:30:03 GMT+0200 AccountId=28699575 Session=bc3ebf26-f138-472f-8f14-c45510516e10
debug ++ [int] eventPhase = 2
debug ++ [Boolean] bubbles = false
debug ++ [Boolean] cancelable = false
debug ++ [String] type = timer
debug +++ [int] repeatCount = 0
debug +++ [int] currentCount = 15
debug +++ [Boolean] running = true
debug +++ [int] delay = 180000
debug +++ [int] repeatCount = 0
debug +++ [int] currentCount = 15
debug +++ [Boolean] running = true
debug +++ [int] delay = 180000
debug time 19:30:04.692 :: After HeartBeat Count=16 Result=5
debug time 19:33:04.696 :: Before HeartBeat Count=17 Time=Tue Oct 4 2011 19:33:04 GMT+0200 AccountId=28699575 Session=bc3ebf26-f138-472f-8f14-c45510516e10
debug ++ [int] eventPhase = 2
debug ++ [Boolean] bubbles = false
debug ++ [Boolean] cancelable = false
debug ++ [String] type = timer
debug +++ [int] repeatCount = 0
debug +++ [int] currentCount = 16
debug +++ [Boolean] running = true
debug +++ [int] delay = 180000
debug +++ [int] repeatCount = 0
debug +++ [int] currentCount = 16
debug +++ [Boolean] running = true
debug +++ [int] delay = 180000
debug time 19:33:05.693 :: After HeartBeat Count=17 Result=5
debug time 19:35:28.786 :: Performing heartbeat at Tue Oct 4 2011 19:35:28 GMT+0200
debug time 19:36:04.717 :: Before HeartBeat Count=18 Time=Tue Oct 4 2011 19:36:04 GMT+0200 AccountId=28699575 Session=bc3ebf26-f138-472f-8f14-c45510516e10
debug ++ [int] eventPhase = 2
debug ++ [Boolean] bubbles = false
debug ++ [Boolean] cancelable = false
debug ++ [String] type = timer
debug +++ [int] repeatCount = 0
debug +++ [int] currentCount = 17
debug +++ [Boolean] running = true
debug +++ [int] delay = 180000
debug +++ [int] repeatCount = 0
debug +++ [int] currentCount = 17
debug +++ [Boolean] running = true
debug +++ [int] delay = 180000
debug time 19:36:04.922 :: After HeartBeat Count=18 Result=5
debug time 19:39:05.227 :: Before HeartBeat Count=19 Time=Tue Oct 4 2011 19:39:05 GMT+0200 AccountId=28699575 Session=bc3ebf26-f138-472f-8f14-c45510516e10
debug ++ [int] eventPhase = 2
debug ++ [Boolean] bubbles = false
debug ++ [Boolean] cancelable = false
debug ++ [String] type = timer
debug +++ [int] repeatCount = 0
debug +++ [int] currentCount = 18
debug +++ [Boolean] running = true
debug +++ [int] delay = 180000
debug +++ [int] repeatCount = 0
debug +++ [int] currentCount = 18
debug +++ [Boolean] running = true
debug +++ [int] delay = 180000
debug time 19:39:06.224 :: After HeartBeat Count=19 Result=5
debug time 19:42:05.248 :: Before HeartBeat Count=20 Time=Tue Oct 4 2011 19:42:05 GMT+0200 AccountId=28699575 Session=bc3ebf26-f138-472f-8f14-c45510516e10
debug ++ [int] eventPhase = 2
debug ++ [Boolean] bubbles = false
debug ++ [Boolean] cancelable = false
debug ++ [String] type = timer
debug +++ [int] repeatCount = 0
debug +++ [int] currentCount = 19
debug +++ [Boolean] running = true
debug +++ [int] delay = 180000
debug +++ [int] repeatCount = 0
debug +++ [int] currentCount = 19
debug +++ [Boolean] running = true
debug +++ [int] delay = 180000
debug time 19:42:06.224 :: After HeartBeat Count=20 Result=5
debug time 19:45:06.228 :: Before HeartBeat Count=21 Time=Tue Oct 4 2011 19:45:06 GMT+0200 AccountId=28699575 Session=bc3ebf26-f138-472f-8f14-c45510516e10
debug ++ [int] eventPhase = 2
debug ++ [Boolean] bubbles = false
debug ++ [Boolean] cancelable = false
debug ++ [String] type = timer
debug +++ [int] repeatCount = 0
debug +++ [int] currentCount = 20
debug +++ [Boolean] running = true
debug +++ [int] delay = 180000
debug +++ [int] repeatCount = 0
debug +++ [int] currentCount = 20
debug +++ [Boolean] running = true
debug +++ [int] delay = 180000
debug time 19:45:07.225 :: After HeartBeat Count=21 Result=5
debug time 19:48:06.228 :: Before HeartBeat Count=22 Time=Tue Oct 4 2011 19:48:06 GMT+0200 AccountId=28699575 Session=bc3ebf26-f138-472f-8f14-c45510516e10
debug ++ [int] eventPhase = 2
debug ++ [Boolean] bubbles = false
debug ++ [Boolean] cancelable = false
debug ++ [String] type = timer
debug +++ [int] repeatCount = 0
debug +++ [int] currentCount = 21
debug +++ [Boolean] running = true
debug +++ [int] delay = 180000
debug +++ [int] repeatCount = 0
debug +++ [int] currentCount = 21
debug +++ [Boolean] running = true
debug +++ [int] delay = 180000
debug time 19:48:07.224 :: After HeartBeat Count=22 Result=5
debug time 19:51:06.230 :: Before HeartBeat Count=23 Time=Tue Oct 4 2011 19:51:06 GMT+0200 AccountId=28699575 Session=bc3ebf26-f138-472f-8f14-c45510516e10
debug ++ [int] eventPhase = 2
debug ++ [Boolean] bubbles = false
debug ++ [Boolean] cancelable = false
debug ++ [String] type = timer
debug +++ [int] repeatCount = 0
debug +++ [int] currentCount = 22
debug +++ [Boolean] running = true
debug +++ [int] delay = 180000
debug +++ [int] repeatCount = 0
debug +++ [int] currentCount = 22
debug +++ [Boolean] running = true
debug +++ [int] delay = 180000
debug time 19:51:07.224 :: After HeartBeat Count=23 Result=5
debug time 19:54:07.229 :: Before HeartBeat Count=24 Time=Tue Oct 4 2011 19:54:07 GMT+0200 AccountId=28699575 Session=bc3ebf26-f138-472f-8f14-c45510516e10
debug ++ [int] eventPhase = 2
debug ++ [Boolean] bubbles = false
debug ++ [Boolean] cancelable = false
debug ++ [String] type = timer
debug +++ [int] repeatCount = 0
debug +++ [int] currentCount = 23
debug +++ [Boolean] running = true
debug +++ [int] delay = 180000
debug +++ [int] repeatCount = 0
debug +++ [int] currentCount = 23
debug +++ [Boolean] running = true
debug +++ [int] delay = 180000
debug time 19:54:08.225 :: After HeartBeat Count=24 Result=5
debug time 19:57:07.228 :: Before HeartBeat Count=25 Time=Tue Oct 4 2011 19:57:07 GMT+0200 AccountId=28699575 Session=bc3ebf26-f138-472f-8f14-c45510516e10
debug ++ [int] eventPhase = 2
debug ++ [Boolean] bubbles = false
debug ++ [Boolean] cancelable = false
debug ++ [String] type = timer
debug +++ [int] repeatCount = 0
debug +++ [int] currentCount = 24
debug +++ [Boolean] running = true
debug +++ [int] delay = 180000
debug +++ [int] repeatCount = 0
debug +++ [int] currentCount = 24
debug +++ [Boolean] running = true
debug +++ [int] delay = 180000
debug time 19:57:08.224 :: After HeartBeat Count=25 Result=5
debug time 20:00:07.232 :: Before HeartBeat Count=26 Time=Tue Oct 4 2011 20:00:07 GMT+0200 AccountId=28699575 Session=bc3ebf26-f138-472f-8f14-c45510516e10
debug ++ [int] eventPhase = 2
debug ++ [Boolean] bubbles = false
debug ++ [Boolean] cancelable = false
debug ++ [String] type = timer
debug +++ [int] repeatCount = 0
debug +++ [int] currentCount = 25
debug +++ [Boolean] running = true
debug +++ [int] delay = 180000
debug +++ [int] repeatCount = 0
debug +++ [int] currentCount = 25
debug +++ [Boolean] running = true
debug +++ [int] delay = 180000
debug time 20:00:08.225 :: After HeartBeat Count=26 Result=5
debug time 20:03:07.249 :: Before HeartBeat Count=27 Time=Tue Oct 4 2011 20:03:07 GMT+0200 AccountId=28699575 Session=bc3ebf26-f138-472f-8f14-c45510516e10
debug ++ [int] eventPhase = 2
debug ++ [Boolean] bubbles = false
debug ++ [Boolean] cancelable = false
debug ++ [String] type = timer
debug +++ [int] repeatCount = 0
debug +++ [int] currentCount = 26
debug +++ [Boolean] running = true
debug +++ [int] delay = 180000
debug +++ [int] repeatCount = 0
debug +++ [int] currentCount = 26
debug +++ [Boolean] running = true
debug +++ [int] delay = 180000
debug time 20:03:08.225 :: After HeartBeat Count=27 Result=5
debug time 20:04:25.273 :: Performing heartbeat at Tue Oct 4 2011 20:04:25 GMT+0200
debug time 20:06:07.268 :: Before HeartBeat Count=28 Time=Tue Oct 4 2011 20:06:07 GMT+0200 AccountId=28699575 Session=bc3ebf26-f138-472f-8f14-c45510516e10
debug ++ [int] eventPhase = 2
debug ++ [Boolean] bubbles = false
debug ++ [Boolean] cancelable = false
debug ++ [String] type = timer
debug +++ [int] repeatCount = 0
debug +++ [int] currentCount = 27
debug +++ [Boolean] running = true
debug +++ [int] delay = 180000
debug +++ [int] repeatCount = 0
debug +++ [int] currentCount = 27
debug +++ [Boolean] running = true
debug +++ [int] delay = 180000
debug time 20:06:07.467 :: After HeartBeat Count=28 Result=5
debug time 20:09:07.288 :: Before HeartBeat Count=29 Time=Tue Oct 4 2011 20:09:07 GMT+0200 AccountId=28699575 Session=bc3ebf26-f138-472f-8f14-c45510516e10
debug ++ [int] eventPhase = 2
debug ++ [Boolean] bubbles = false
debug ++ [Boolean] cancelable = false
debug ++ [String] type = timer
debug +++ [int] repeatCount = 0
debug +++ [int] currentCount = 28
debug +++ [Boolean] running = true
debug +++ [int] delay = 180000
debug +++ [int] repeatCount = 0
debug +++ [int] currentCount = 28
debug +++ [Boolean] running = true
debug +++ [int] delay = 180000
debug time 20:09:07.489 :: After HeartBeat Count=29 Result=5
debug time 20:12:07.321 :: Before HeartBeat Count=30 Time=Tue Oct 4 2011 20:12:07 GMT+0200 AccountId=28699575 Session=bc3ebf26-f138-472f-8f14-c45510516e10
debug ++ [int] eventPhase = 2
debug ++ [Boolean] bubbles = false
debug ++ [Boolean] cancelable = false
debug ++ [String] type = timer
debug +++ [int] repeatCount = 0
debug +++ [int] currentCount = 29
debug +++ [Boolean] running = true
debug +++ [int] delay = 180000
debug +++ [int] repeatCount = 0
debug +++ [int] currentCount = 29
debug +++ [Boolean] running = true
debug +++ [int] delay = 180000
debug time 20:12:07.511 :: After HeartBeat Count=30 Result=5
debug time 20:15:07.356 :: Before HeartBeat Count=31 Time=Tue Oct 4 2011 20:15:07 GMT+0200 AccountId=28699575 Session=bc3ebf26-f138-472f-8f14-c45510516e10
debug ++ [int] eventPhase = 2
debug ++ [Boolean] bubbles = false
debug ++ [Boolean] cancelable = false
debug ++ [String] type = timer
debug +++ [int] repeatCount = 0
debug +++ [int] currentCount = 30
debug +++ [Boolean] running = true
debug +++ [int] delay = 180000
debug +++ [int] repeatCount = 0
debug +++ [int] currentCount = 30
debug +++ [Boolean] running = true
debug +++ [int] delay = 180000
debug time 20:15:07.543 :: After HeartBeat Count=31 Result=5
debug time 20:18:07.356 :: Before HeartBeat Count=32 Time=Tue Oct 4 2011 20:18:07 GMT+0200 AccountId=28699575 Session=bc3ebf26-f138-472f-8f14-c45510516e10
debug ++ [int] eventPhase = 2
debug ++ [Boolean] bubbles = false
debug ++ [Boolean] cancelable = false
debug ++ [String] type = timer
debug +++ [int] repeatCount = 0
debug +++ [int] currentCount = 31
debug +++ [Boolean] running = true
debug +++ [int] delay = 180000
debug +++ [int] repeatCount = 0
debug +++ [int] currentCount = 31
debug +++ [Boolean] running = true
debug +++ [int] delay = 180000
debug time 20:18:07.543 :: After HeartBeat Count=32 Result=5
debug time 20:21:07.388 :: Before HeartBeat Count=33 Time=Tue Oct 4 2011 20:21:07 GMT+0200 AccountId=28699575 Session=bc3ebf26-f138-472f-8f14-c45510516e10
debug ++ [int] eventPhase = 2
debug ++ [Boolean] bubbles = false
debug ++ [Boolean] cancelable = false
debug ++ [String] type = timer
debug +++ [int] repeatCount = 0
debug +++ [int] currentCount = 32
debug +++ [Boolean] running = true
debug +++ [int] delay = 180000
debug +++ [int] repeatCount = 0
debug +++ [int] currentCount = 32
debug +++ [Boolean] running = true
debug +++ [int] delay = 180000
debug time 20:21:07.607 :: After HeartBeat Count=33 Result=5
debug time 20:24:07.406 :: Before HeartBeat Count=34 Time=Tue Oct 4 2011 20:24:07 GMT+0200 AccountId=28699575 Session=bc3ebf26-f138-472f-8f14-c45510516e10
debug ++ [int] eventPhase = 2
debug ++ [Boolean] bubbles = false
debug ++ [Boolean] cancelable = false
debug ++ [String] type = timer
debug +++ [int] repeatCount = 0
debug +++ [int] currentCount = 33
debug +++ [Boolean] running = true
debug +++ [int] delay = 180000
debug +++ [int] repeatCount = 0
debug +++ [int] currentCount = 33
debug +++ [Boolean] running = true
debug +++ [int] delay = 180000
debug time 20:24:07.608 :: After HeartBeat Count=34 Result=5
debug time 20:27:07.405 :: Before HeartBeat Count=35 Time=Tue Oct 4 2011 20:27:07 GMT+0200 AccountId=28699575 Session=bc3ebf26-f138-472f-8f14-c45510516e10
debug ++ [int] eventPhase = 2
debug ++ [Boolean] bubbles = false
debug ++ [Boolean] cancelable = false
debug ++ [String] type = timer
debug +++ [int] repeatCount = 0
debug +++ [int] currentCount = 34
debug +++ [Boolean] running = true
debug +++ [int] delay = 180000
debug +++ [int] repeatCount = 0
debug +++ [int] currentCount = 34
debug +++ [Boolean] running = true
debug +++ [int] delay = 180000
debug time 20:27:07.604 :: After HeartBeat Count=35 Result=5
debug time 20:30:07.405 :: Before HeartBeat Count=36 Time=Tue Oct 4 2011 20:30:07 GMT+0200 AccountId=28699575 Session=bc3ebf26-f138-472f-8f14-c45510516e10
debug ++ [int] eventPhase = 2
debug ++ [Boolean] bubbles = false
debug ++ [Boolean] cancelable = false
debug ++ [String] type = timer
debug +++ [int] repeatCount = 0
debug +++ [int] currentCount = 35
debug +++ [Boolean] running = true
debug +++ [int] delay = 180000
debug +++ [int] repeatCount = 0
debug +++ [int] currentCount = 35
debug +++ [Boolean] running = true
debug +++ [int] delay = 180000
debug time 20:30:07.604 :: After HeartBeat Count=36 Result=5
debug time 20:33:07.406 :: Before HeartBeat Count=37 Time=Tue Oct 4 2011 20:33:07 GMT+0200 AccountId=28699575 Session=bc3ebf26-f138-472f-8f14-c45510516e10
debug ++ [int] eventPhase = 2
debug ++ [Boolean] bubbles = false
debug ++ [Boolean] cancelable = false
debug ++ [String] type = timer
debug +++ [int] repeatCount = 0
debug +++ [int] currentCount = 36
debug +++ [Boolean] running = true
debug +++ [int] delay = 180000
debug +++ [int] repeatCount = 0
debug +++ [int] currentCount = 36
debug +++ [Boolean] running = true
debug +++ [int] delay = 180000
debug time 20:33:07.605 :: After HeartBeat Count=37 Result=5
debug time 20:36:07.406 :: Before HeartBeat Count=38 Time=Tue Oct 4 2011 20:36:07 GMT+0200 AccountId=28699575 Session=bc3ebf26-f138-472f-8f14-c45510516e10
debug ++ [int] eventPhase = 2
debug ++ [Boolean] bubbles = false
debug ++ [Boolean] cancelable = false
debug ++ [String] type = timer
debug +++ [int] repeatCount = 0
debug +++ [int] currentCount = 37
debug +++ [Boolean] running = true
debug +++ [int] delay = 180000
debug +++ [int] repeatCount = 0
debug +++ [int] currentCount = 37
debug +++ [Boolean] running = true
debug +++ [int] delay = 180000
debug time 20:36:07.605 :: After HeartBeat Count=38 Result=5
debug time 20:39:07.405 :: Before HeartBeat Count=39 Time=Tue Oct 4 2011 20:39:07 GMT+0200 AccountId=28699575 Session=bc3ebf26-f138-472f-8f14-c45510516e10
debug ++ [int] eventPhase = 2
debug ++ [Boolean] bubbles = false
debug ++ [Boolean] cancelable = false
debug ++ [String] type = timer
debug +++ [int] repeatCount = 0
debug +++ [int] currentCount = 38
debug +++ [Boolean] running = true
debug +++ [int] delay = 180000
debug +++ [int] repeatCount = 0
debug +++ [int] currentCount = 38
debug +++ [Boolean] running = true
debug +++ [int] delay = 180000
debug time 20:39:07.604 :: After HeartBeat Count=39 Result=5
debug time 20:42:07.414 :: Before HeartBeat Count=40 Time=Tue Oct 4 2011 20:42:07 GMT+0200 AccountId=28699575 Session=bc3ebf26-f138-472f-8f14-c45510516e10
debug ++ [int] eventPhase = 2
debug ++ [Boolean] bubbles = false
debug ++ [Boolean] cancelable = false
debug ++ [String] type = timer
debug +++ [int] repeatCount = 0
debug +++ [int] currentCount = 39
debug +++ [Boolean] running = true
debug +++ [int] delay = 180000
debug +++ [int] repeatCount = 0
debug +++ [int] currentCount = 39
debug +++ [Boolean] running = true
debug +++ [int] delay = 180000
debug time 20:42:07.604 :: After HeartBeat Count=40 Result=5
debug time 20:45:07.428 :: Before HeartBeat Count=41 Time=Tue Oct 4 2011 20:45:07 GMT+0200 AccountId=28699575 Session=bc3ebf26-f138-472f-8f14-c45510516e10
debug ++ [int] eventPhase = 2
debug ++ [Boolean] bubbles = false
debug ++ [Boolean] cancelable = false
debug ++ [String] type = timer
debug +++ [int] repeatCount = 0
debug +++ [int] currentCount = 40
debug +++ [Boolean] running = true
debug +++ [int] delay = 180000
debug +++ [int] repeatCount = 0
debug +++ [int] currentCount = 40
debug +++ [Boolean] running = true
debug +++ [int] delay = 180000
debug time 20:45:07.609 :: After HeartBeat Count=41 Result=5
debug time 20:48:07.706 :: Before HeartBeat Count=42 Time=Tue Oct 4 2011 20:48:07 GMT+0200 AccountId=28699575 Session=bc3ebf26-f138-472f-8f14-c45510516e10
debug ++ [int] eventPhase = 2
debug ++ [Boolean] bubbles = false
debug ++ [Boolean] cancelable = false
debug ++ [String] type = timer
debug +++ [int] repeatCount = 0
debug +++ [int] currentCount = 41
debug +++ [Boolean] running = true
debug +++ [int] delay = 180000
debug +++ [int] repeatCount = 0
debug +++ [int] currentCount = 41
debug +++ [Boolean] running = true
debug +++ [int] delay = 180000
debug time 20:48:07.890 :: After HeartBeat Count=42 Result=5
debug time 20:51:08.703 :: Before HeartBeat Count=43 Time=Tue Oct 4 2011 20:51:08 GMT+0200 AccountId=28699575 Session=bc3ebf26-f138-472f-8f14-c45510516e10
debug ++ [int] eventPhase = 2
debug ++ [Boolean] bubbles = false
debug ++ [Boolean] cancelable = false
debug ++ [String] type = timer
debug +++ [int] repeatCount = 0
debug +++ [int] currentCount = 42
debug +++ [Boolean] running = true
debug +++ [int] delay = 180000
debug +++ [int] repeatCount = 0
debug +++ [int] currentCount = 42
debug +++ [Boolean] running = true
debug +++ [int] delay = 180000
debug time 20:51:08.886 :: After HeartBeat Count=43 Result=5
debug time 20:54:08.704 :: Before HeartBeat Count=44 Time=Tue Oct 4 2011 20:54:08 GMT+0200 AccountId=28699575 Session=bc3ebf26-f138-472f-8f14-c45510516e10
debug ++ [int] eventPhase = 2
debug ++ [Boolean] bubbles = false
debug ++ [Boolean] cancelable = false
debug ++ [String] type = timer
debug +++ [int] repeatCount = 0
debug +++ [int] currentCount = 43
debug +++ [Boolean] running = true
debug +++ [int] delay = 180000
debug +++ [int] repeatCount = 0
debug +++ [int] currentCount = 43
debug +++ [Boolean] running = true
debug +++ [int] delay = 180000
debug time 20:54:08.887 :: After HeartBeat Count=44 Result=5
debug time 20:57:08.704 :: Before HeartBeat Count=45 Time=Tue Oct 4 2011 20:57:08 GMT+0200 AccountId=28699575 Session=bc3ebf26-f138-472f-8f14-c45510516e10
debug ++ [int] eventPhase = 2
debug ++ [Boolean] bubbles = false
debug ++ [Boolean] cancelable = false
debug ++ [String] type = timer
debug +++ [int] repeatCount = 0
debug +++ [int] currentCount = 44
debug +++ [Boolean] running = true
debug +++ [int] delay = 180000
debug +++ [int] repeatCount = 0
debug +++ [int] currentCount = 44
debug +++ [Boolean] running = true
debug +++ [int] delay = 180000
debug time 20:57:08.886 :: After HeartBeat Count=45 Result=5
debug time 21:00:08.704 :: Before HeartBeat Count=46 Time=Tue Oct 4 2011 21:00:08 GMT+0200 AccountId=28699575 Session=bc3ebf26-f138-472f-8f14-c45510516e10
debug ++ [int] eventPhase = 2
debug ++ [Boolean] bubbles = false
debug ++ [Boolean] cancelable = false
debug ++ [String] type = timer
debug +++ [int] repeatCount = 0
debug +++ [int] currentCount = 45
debug +++ [Boolean] running = true
debug +++ [int] delay = 180000
debug +++ [int] repeatCount = 0
debug +++ [int] currentCount = 45
debug +++ [Boolean] running = true
debug +++ [int] delay = 180000
debug time 21:00:08.886 :: After HeartBeat Count=46 Result=5
debug time 21:03:08.705 :: Before HeartBeat Count=47 Time=Tue Oct 4 2011 21:03:08 GMT+0200 AccountId=28699575 Session=bc3ebf26-f138-472f-8f14-c45510516e10
debug ++ [int] eventPhase = 2
debug ++ [Boolean] bubbles = false
debug ++ [Boolean] cancelable = false
debug ++ [String] type = timer
debug +++ [int] repeatCount = 0
debug +++ [int] currentCount = 46
debug +++ [Boolean] running = true
debug +++ [int] delay = 180000
debug +++ [int] repeatCount = 0
debug +++ [int] currentCount = 46
debug +++ [Boolean] running = true
debug +++ [int] delay = 180000
debug time 21:03:08.905 :: After HeartBeat Count=47 Result=5
debug time 21:06:09.704 :: Before HeartBeat Count=48 Time=Tue Oct 4 2011 21:06:09 GMT+0200 AccountId=28699575 Session=bc3ebf26-f138-472f-8f14-c45510516e10
debug ++ [int] eventPhase = 2
debug ++ [Boolean] bubbles = false
debug ++ [Boolean] cancelable = false
debug ++ [String] type = timer
debug +++ [int] repeatCount = 0
debug +++ [int] currentCount = 47
debug +++ [Boolean] running = true
debug +++ [int] delay = 180000
debug +++ [int] repeatCount = 0
debug +++ [int] currentCount = 47
debug +++ [Boolean] running = true
debug +++ [int] delay = 180000
debug time 21:06:09.886 :: After HeartBeat Count=48 Result=5
debug time 21:08:34.384 :: Performing heartbeat at Tue Oct 4 2011 21:08:34 GMT+0200
debug time 21:09:09.726 :: Before HeartBeat Count=49 Time=Tue Oct 4 2011 21:09:09 GMT+0200 AccountId=28699575 Session=bc3ebf26-f138-472f-8f14-c45510516e10
debug ++ [int] eventPhase = 2
debug ++ [Boolean] bubbles = false
debug ++ [Boolean] cancelable = false
debug ++ [String] type = timer
debug +++ [int] repeatCount = 0
debug +++ [int] currentCount = 48
debug +++ [Boolean] running = true
debug +++ [int] delay = 180000
debug +++ [int] repeatCount = 0
debug +++ [int] currentCount = 48
debug +++ [Boolean] running = true
debug +++ [int] delay = 180000
debug time 21:09:09.913 :: After HeartBeat Count=49 Result=5
debug time 21:12:09.728 :: Before HeartBeat Count=50 Time=Tue Oct 4 2011 21:12:09 GMT+0200 AccountId=28699575 Session=bc3ebf26-f138-472f-8f14-c45510516e10
debug ++ [int] eventPhase = 2
debug ++ [Boolean] bubbles = false
debug ++ [Boolean] cancelable = false
debug ++ [String] type = timer
debug +++ [int] repeatCount = 0
debug +++ [int] currentCount = 49
debug +++ [Boolean] running = true
debug +++ [int] delay = 180000
debug +++ [int] repeatCount = 0
debug +++ [int] currentCount = 49
debug +++ [Boolean] running = true
debug +++ [int] delay = 180000
debug time 21:12:09.933 :: After HeartBeat Count=50 Result=5
debug time 21:15:09.728 :: Before HeartBeat Count=51 Time=Tue Oct 4 2011 21:15:09 GMT+0200 AccountId=28699575 Session=bc3ebf26-f138-472f-8f14-c45510516e10
debug ++ [int] eventPhase = 2
debug ++ [Boolean] bubbles = false
debug ++ [Boolean] cancelable = false
debug ++ [String] type = timer
debug +++ [int] repeatCount = 0
debug +++ [int] currentCount = 50
debug +++ [Boolean] running = true
debug +++ [int] delay = 180000
debug +++ [int] repeatCount = 0
debug +++ [int] currentCount = 50
debug +++ [Boolean] running = true
debug +++ [int] delay = 180000
debug time 21:15:09.944 :: After HeartBeat Count=51 Result=5
debug time 21:18:09.727 :: Before HeartBeat Count=52 Time=Tue Oct 4 2011 21:18:09 GMT+0200 AccountId=28699575 Session=bc3ebf26-f138-472f-8f14-c45510516e10
debug ++ [int] eventPhase = 2
debug ++ [Boolean] bubbles = false
debug ++ [Boolean] cancelable = false
debug ++ [String] type = timer
debug +++ [int] repeatCount = 0
debug +++ [int] currentCount = 51
debug +++ [Boolean] running = true
debug +++ [int] delay = 180000
debug +++ [int] repeatCount = 0
debug +++ [int] currentCount = 51
debug +++ [Boolean] running = true
debug +++ [int] delay = 180000
debug time 21:18:09.968 :: After HeartBeat Count=52 Result=5
debug time 21:21:09.727 :: Before HeartBeat Count=53 Time=Tue Oct 4 2011 21:21:09 GMT+0200 AccountId=28699575 Session=bc3ebf26-f138-472f-8f14-c45510516e10
debug ++ [int] eventPhase = 2
debug ++ [Boolean] bubbles = false
debug ++ [Boolean] cancelable = false
debug ++ [String] type = timer
debug +++ [int] repeatCount = 0
debug +++ [int] currentCount = 52
debug +++ [Boolean] running = true
debug +++ [int] delay = 180000
debug +++ [int] repeatCount = 0
debug +++ [int] currentCount = 52
debug +++ [Boolean] running = true
debug +++ [int] delay = 180000
debug time 21:21:10.11 :: After HeartBeat Count=53 Result=5
debug time 21:24:09.728 :: Before HeartBeat Count=54 Time=Tue Oct 4 2011 21:24:09 GMT+0200 AccountId=28699575 Session=bc3ebf26-f138-472f-8f14-c45510516e10
debug ++ [int] eventPhase = 2
debug ++ [Boolean] bubbles = false
debug ++ [Boolean] cancelable = false
debug ++ [String] type = timer
debug +++ [int] repeatCount = 0
debug +++ [int] currentCount = 53
debug +++ [Boolean] running = true
debug +++ [int] delay = 180000
debug +++ [int] repeatCount = 0
debug +++ [int] currentCount = 53
debug +++ [Boolean] running = true
debug +++ [int] delay = 180000
debug time 21:24:09.945 :: After HeartBeat Count=54 Result=5
debug time 21:27:09.747 :: Before HeartBeat Count=55 Time=Tue Oct 4 2011 21:27:09 GMT+0200 AccountId=28699575 Session=bc3ebf26-f138-472f-8f14-c45510516e10
debug ++ [int] eventPhase = 2
debug ++ [Boolean] bubbles = false
debug ++ [Boolean] cancelable = false
debug ++ [String] type = timer
debug +++ [int] repeatCount = 0
debug +++ [int] currentCount = 54
debug +++ [Boolean] running = true
debug +++ [int] delay = 180000
debug +++ [int] repeatCount = 0
debug +++ [int] currentCount = 54
debug +++ [Boolean] running = true
debug +++ [int] delay = 180000
debug time 21:27:09.987 :: After HeartBeat Count=55 Result=5
debug time 21:30:09.747 :: Before HeartBeat Count=56 Time=Tue Oct 4 2011 21:30:09 GMT+0200 AccountId=28699575 Session=bc3ebf26-f138-472f-8f14-c45510516e10
debug ++ [int] eventPhase = 2
debug ++ [Boolean] bubbles = false
debug ++ [Boolean] cancelable = false
debug ++ [String] type = timer
debug +++ [int] repeatCount = 0
debug +++ [int] currentCount = 55
debug +++ [Boolean] running = true
debug +++ [int] delay = 180000
debug +++ [int] repeatCount = 0
debug +++ [int] currentCount = 55
debug +++ [Boolean] running = true
debug +++ [int] delay = 180000
debug time 21:30:10.11 :: After HeartBeat Count=56 Result=5
debug time 21:33:09.765 :: Before HeartBeat Count=57 Time=Tue Oct 4 2011 21:33:09 GMT+0200 AccountId=28699575 Session=bc3ebf26-f138-472f-8f14-c45510516e10
debug ++ [int] eventPhase = 2
debug ++ [Boolean] bubbles = false
debug ++ [Boolean] cancelable = false
debug ++ [String] type = timer
debug +++ [int] repeatCount = 0
debug +++ [int] currentCount = 56
debug +++ [Boolean] running = true
debug +++ [int] delay = 180000
debug +++ [int] repeatCount = 0
debug +++ [int] currentCount = 56
debug +++ [Boolean] running = true
debug +++ [int] delay = 180000
debug time 21:33:09.969 :: After HeartBeat Count=57 Result=5
debug time 21:36:09.767 :: Before HeartBeat Count=58 Time=Tue Oct 4 2011 21:36:09 GMT+0200 AccountId=28699575 Session=bc3ebf26-f138-472f-8f14-c45510516e10
debug ++ [int] eventPhase = 2
debug ++ [Boolean] bubbles = false
debug ++ [Boolean] cancelable = false
debug ++ [String] type = timer
debug +++ [int] repeatCount = 0
debug +++ [int] currentCount = 57
debug +++ [Boolean] running = true
debug +++ [int] delay = 180000
debug +++ [int] repeatCount = 0
debug +++ [int] currentCount = 57
debug +++ [Boolean] running = true
debug +++ [int] delay = 180000
debug time 21:36:09.968 :: After HeartBeat Count=58 Result=5
debug time 21:39:09.767 :: Before HeartBeat Count=59 Time=Tue Oct 4 2011 21:39:09 GMT+0200 AccountId=28699575 Session=bc3ebf26-f138-472f-8f14-c45510516e10
debug ++ [int] eventPhase = 2
debug ++ [Boolean] bubbles = false
debug ++ [Boolean] cancelable = false
debug ++ [String] type = timer
debug +++ [int] repeatCount = 0
debug +++ [int] currentCount = 58
debug +++ [Boolean] running = true
debug +++ [int] delay = 180000
debug +++ [int] repeatCount = 0
debug +++ [int] currentCount = 58
debug +++ [Boolean] running = true
debug +++ [int] delay = 180000
debug time 21:39:09.968 :: After HeartBeat Count=59 Result=5
debug time 21:42:09.768 :: Before HeartBeat Count=60 Time=Tue Oct 4 2011 21:42:09 GMT+0200 AccountId=28699575 Session=bc3ebf26-f138-472f-8f14-c45510516e10
debug ++ [int] eventPhase = 2
debug ++ [Boolean] bubbles = false
debug ++ [Boolean] cancelable = false
debug ++ [String] type = timer
debug +++ [int] repeatCount = 0
debug +++ [int] currentCount = 59
debug +++ [Boolean] running = true
debug +++ [int] delay = 180000
debug +++ [int] repeatCount = 0
debug +++ [int] currentCount = 59
debug +++ [Boolean] running = true
debug +++ [int] delay = 180000
debug time 21:42:09.969 :: After HeartBeat Count=60 Result=5
debug time 21:45:09.813 :: Before HeartBeat Count=61 Time=Tue Oct 4 2011 21:45:09 GMT+0200 AccountId=28699575 Session=bc3ebf26-f138-472f-8f14-c45510516e10
debug ++ [int] eventPhase = 2
debug ++ [Boolean] bubbles = false
debug ++ [Boolean] cancelable = false
debug ++ [String] type = timer
debug +++ [int] repeatCount = 0
debug +++ [int] currentCount = 60
debug +++ [Boolean] running = true
debug +++ [int] delay = 180000
debug +++ [int] repeatCount = 0
debug +++ [int] currentCount = 60
debug +++ [Boolean] running = true
debug +++ [int] delay = 180000
debug time 21:45:10.11 :: After HeartBeat Count=61 Result=5
debug time 21:48:09.851 :: Before HeartBeat Count=62 Time=Tue Oct 4 2011 21:48:09 GMT+0200 AccountId=28699575 Session=bc3ebf26-f138-472f-8f14-c45510516e10
debug ++ [int] eventPhase = 2
debug ++ [Boolean] bubbles = false
debug ++ [Boolean] cancelable = false
debug ++ [String] type = timer
debug +++ [int] repeatCount = 0
debug +++ [int] currentCount = 61
debug +++ [Boolean] running = true
debug +++ [int] delay = 180000
debug +++ [int] repeatCount = 0
debug +++ [int] currentCount = 61
debug +++ [Boolean] running = true
debug +++ [int] delay = 180000
debug time 21:48:10.52 :: After HeartBeat Count=62 Result=5
debug time 21:51:09.851 :: Before HeartBeat Count=63 Time=Tue Oct 4 2011 21:51:09 GMT+0200 AccountId=28699575 Session=bc3ebf26-f138-472f-8f14-c45510516e10
debug ++ [int] eventPhase = 2
debug ++ [Boolean] bubbles = false
debug ++ [Boolean] cancelable = false
debug ++ [String] type = timer
debug +++ [int] repeatCount = 0
debug +++ [int] currentCount = 62
debug +++ [Boolean] running = true
debug +++ [int] delay = 180000
debug +++ [int] repeatCount = 0
debug +++ [int] currentCount = 62
debug +++ [Boolean] running = true
debug +++ [int] delay = 180000
debug time 21:51:10.72 :: After HeartBeat Count=63 Result=5
debug time 21:54:09.894 :: Before HeartBeat Count=64 Time=Tue Oct 4 2011 21:54:09 GMT+0200 AccountId=28699575 Session=bc3ebf26-f138-472f-8f14-c45510516e10
debug ++ [int] eventPhase = 2
debug ++ [Boolean] bubbles = false
debug ++ [Boolean] cancelable = false
debug ++ [String] type = timer
debug +++ [int] repeatCount = 0
debug +++ [int] currentCount = 63
debug +++ [Boolean] running = true
debug +++ [int] delay = 180000
debug +++ [int] repeatCount = 0
debug +++ [int] currentCount = 63
debug +++ [Boolean] running = true
debug +++ [int] delay = 180000
debug time 21:54:10.94 :: After HeartBeat Count=64 Result=5
