debug time 22:40:31.893 :: Before HeartBeat Count=1 Time=Wed Jan 18 2012 22:40:31 GMT+0100 AccountId=29131007 Session=f217778d-3279-48c1-9a6e-32f24f45a535
STOP LOGGING: More than 0 nested objects or properties. 
debug time 22:40:33.656 :: After HeartBeat Count=1 Result=5
debug time 22:42:31.916 :: Before HeartBeat Count=2 Time=Wed Jan 18 2012 22:42:31 GMT+0100 AccountId=29131007 Session=f217778d-3279-48c1-9a6e-32f24f45a535
debug ++ [int] eventPhase = 2
debug ++ [Boolean] bubbles = false
debug ++ [Boolean] cancelable = false
debug ++ [String] type = timer
debug +++ [int] repeatCount = 0
debug +++ [int] currentCount = 1
debug +++ [Boolean] running = true
debug +++ [int] delay = 120000
debug +++ [int] repeatCount = 0
debug +++ [int] currentCount = 1
debug +++ [Boolean] running = true
debug +++ [int] delay = 120000
debug time 22:42:32.110 :: After HeartBeat Count=2 Result=5
debug time 22:44:31.939 :: Before HeartBeat Count=3 Time=Wed Jan 18 2012 22:44:31 GMT+0100 AccountId=29131007 Session=f217778d-3279-48c1-9a6e-32f24f45a535
debug ++ [int] eventPhase = 2
debug ++ [Boolean] bubbles = false
debug ++ [Boolean] cancelable = false
debug ++ [String] type = timer
debug +++ [int] repeatCount = 0
debug +++ [int] currentCount = 2
debug +++ [Boolean] running = true
debug +++ [int] delay = 120000
debug +++ [int] repeatCount = 0
debug +++ [int] currentCount = 2
debug +++ [Boolean] running = true
debug +++ [int] delay = 120000
debug time 22:44:32.132 :: After HeartBeat Count=3 Result=5
debug time 22:46:32.207 :: Before HeartBeat Count=4 Time=Wed Jan 18 2012 22:46:32 GMT+0100 AccountId=29131007 Session=f217778d-3279-48c1-9a6e-32f24f45a535
debug ++ [int] eventPhase = 2
debug ++ [Boolean] bubbles = false
debug ++ [Boolean] cancelable = false
debug ++ [String] type = timer
debug +++ [int] repeatCount = 0
debug +++ [int] currentCount = 3
debug +++ [Boolean] running = true
debug +++ [int] delay = 120000
debug +++ [int] repeatCount = 0
debug +++ [int] currentCount = 3
debug +++ [Boolean] running = true
debug +++ [int] delay = 120000
debug time 22:46:33.200 :: After HeartBeat Count=4 Result=5
debug time 22:48:33.204 :: Before HeartBeat Count=5 Time=Wed Jan 18 2012 22:48:33 GMT+0100 AccountId=29131007 Session=f217778d-3279-48c1-9a6e-32f24f45a535
debug ++ [int] eventPhase = 2
debug ++ [Boolean] bubbles = false
debug ++ [Boolean] cancelable = false
debug ++ [String] type = timer
debug +++ [int] repeatCount = 0
debug +++ [int] currentCount = 4
debug +++ [Boolean] running = true
debug +++ [int] delay = 120000
debug +++ [int] repeatCount = 0
debug +++ [int] currentCount = 4
debug +++ [Boolean] running = true
debug +++ [int] delay = 120000
debug time 22:48:34.200 :: After HeartBeat Count=5 Result=5
debug time 22:50:33.209 :: Before HeartBeat Count=6 Time=Wed Jan 18 2012 22:50:33 GMT+0100 AccountId=29131007 Session=f217778d-3279-48c1-9a6e-32f24f45a535
debug ++ [int] eventPhase = 2
debug ++ [Boolean] bubbles = false
debug ++ [Boolean] cancelable = false
debug ++ [String] type = timer
debug +++ [int] repeatCount = 0
debug +++ [int] currentCount = 5
debug +++ [Boolean] running = true
debug +++ [int] delay = 120000
debug +++ [int] repeatCount = 0
debug +++ [int] currentCount = 5
debug +++ [Boolean] running = true
debug +++ [int] delay = 120000
debug time 22:50:34.200 :: After HeartBeat Count=6 Result=5
debug time 22:52:34.204 :: Before HeartBeat Count=7 Time=Wed Jan 18 2012 22:52:34 GMT+0100 AccountId=29131007 Session=f217778d-3279-48c1-9a6e-32f24f45a535
debug ++ [int] eventPhase = 2
debug ++ [Boolean] bubbles = false
debug ++ [Boolean] cancelable = false
debug ++ [String] type = timer
debug +++ [int] repeatCount = 0
debug +++ [int] currentCount = 6
debug +++ [Boolean] running = true
debug +++ [int] delay = 120000
debug +++ [int] repeatCount = 0
debug +++ [int] currentCount = 6
debug +++ [Boolean] running = true
debug +++ [int] delay = 120000
debug time 22:52:35.206 :: After HeartBeat Count=7 Result=5
debug time 22:54:34.205 :: Before HeartBeat Count=8 Time=Wed Jan 18 2012 22:54:34 GMT+0100 AccountId=29131007 Session=f217778d-3279-48c1-9a6e-32f24f45a535
debug ++ [int] eventPhase = 2
debug ++ [Boolean] bubbles = false
debug ++ [Boolean] cancelable = false
debug ++ [String] type = timer
debug +++ [int] repeatCount = 0
debug +++ [int] currentCount = 7
debug +++ [Boolean] running = true
debug +++ [int] delay = 120000
debug +++ [int] repeatCount = 0
debug +++ [int] currentCount = 7
debug +++ [Boolean] running = true
debug +++ [int] delay = 120000
debug time 22:54:35.201 :: After HeartBeat Count=8 Result=5
debug time 22:56:34.207 :: Before HeartBeat Count=9 Time=Wed Jan 18 2012 22:56:34 GMT+0100 AccountId=29131007 Session=f217778d-3279-48c1-9a6e-32f24f45a535
debug ++ [int] eventPhase = 2
debug ++ [Boolean] bubbles = false
debug ++ [Boolean] cancelable = false
debug ++ [String] type = timer
debug +++ [int] repeatCount = 0
debug +++ [int] currentCount = 8
debug +++ [Boolean] running = true
debug +++ [int] delay = 120000
debug +++ [int] repeatCount = 0
debug +++ [int] currentCount = 8
debug +++ [Boolean] running = true
debug +++ [int] delay = 120000
debug time 22:56:35.201 :: After HeartBeat Count=9 Result=5
debug time 22:58:34.228 :: Before HeartBeat Count=10 Time=Wed Jan 18 2012 22:58:34 GMT+0100 AccountId=29131007 Session=f217778d-3279-48c1-9a6e-32f24f45a535
debug ++ [int] eventPhase = 2
debug ++ [Boolean] bubbles = false
debug ++ [Boolean] cancelable = false
debug ++ [String] type = timer
debug +++ [int] repeatCount = 0
debug +++ [int] currentCount = 9
debug +++ [Boolean] running = true
debug +++ [int] delay = 120000
debug +++ [int] repeatCount = 0
debug +++ [int] currentCount = 9
debug +++ [Boolean] running = true
debug +++ [int] delay = 120000
debug time 22:58:35.201 :: After HeartBeat Count=10 Result=5
debug time 23:00:35.207 :: Before HeartBeat Count=11 Time=Wed Jan 18 2012 23:00:35 GMT+0100 AccountId=29131007 Session=f217778d-3279-48c1-9a6e-32f24f45a535
debug ++ [int] eventPhase = 2
debug ++ [Boolean] bubbles = false
debug ++ [Boolean] cancelable = false
debug ++ [String] type = timer
debug +++ [int] repeatCount = 0
debug +++ [int] currentCount = 10
debug +++ [Boolean] running = true
debug +++ [int] delay = 120000
debug +++ [int] repeatCount = 0
debug +++ [int] currentCount = 10
debug +++ [Boolean] running = true
debug +++ [int] delay = 120000
debug time 23:00:36.201 :: After HeartBeat Count=11 Result=5
debug time 23:02:35.211 :: Before HeartBeat Count=12 Time=Wed Jan 18 2012 23:02:35 GMT+0100 AccountId=29131007 Session=f217778d-3279-48c1-9a6e-32f24f45a535
debug ++ [int] eventPhase = 2
debug ++ [Boolean] bubbles = false
debug ++ [Boolean] cancelable = false
debug ++ [String] type = timer
debug +++ [int] repeatCount = 0
debug +++ [int] currentCount = 11
debug +++ [Boolean] running = true
debug +++ [int] delay = 120000
debug +++ [int] repeatCount = 0
debug +++ [int] currentCount = 11
debug +++ [Boolean] running = true
debug +++ [int] delay = 120000
debug time 23:02:36.201 :: After HeartBeat Count=12 Result=5
debug time 23:04:35.230 :: Before HeartBeat Count=13 Time=Wed Jan 18 2012 23:04:35 GMT+0100 AccountId=29131007 Session=f217778d-3279-48c1-9a6e-32f24f45a535
debug ++ [int] eventPhase = 2
debug ++ [Boolean] bubbles = false
debug ++ [Boolean] cancelable = false
debug ++ [String] type = timer
debug +++ [int] repeatCount = 0
debug +++ [int] currentCount = 12
debug +++ [Boolean] running = true
debug +++ [int] delay = 120000
debug +++ [int] repeatCount = 0
debug +++ [int] currentCount = 12
debug +++ [Boolean] running = true
debug +++ [int] delay = 120000
debug time 23:04:36.200 :: After HeartBeat Count=13 Result=5
debug time 23:06:36.203 :: Before HeartBeat Count=14 Time=Wed Jan 18 2012 23:06:36 GMT+0100 AccountId=29131007 Session=f217778d-3279-48c1-9a6e-32f24f45a535
debug ++ [int] eventPhase = 2
debug ++ [Boolean] bubbles = false
debug ++ [Boolean] cancelable = false
debug ++ [String] type = timer
debug +++ [int] repeatCount = 0
debug +++ [int] currentCount = 13
debug +++ [Boolean] running = true
debug +++ [int] delay = 120000
debug +++ [int] repeatCount = 0
debug +++ [int] currentCount = 13
debug +++ [Boolean] running = true
debug +++ [int] delay = 120000
debug time 23:06:37.200 :: After HeartBeat Count=14 Result=5
debug time 23:08:36.204 :: Before HeartBeat Count=15 Time=Wed Jan 18 2012 23:08:36 GMT+0100 AccountId=29131007 Session=f217778d-3279-48c1-9a6e-32f24f45a535
debug ++ [int] eventPhase = 2
debug ++ [Boolean] bubbles = false
debug ++ [Boolean] cancelable = false
debug ++ [String] type = timer
debug +++ [int] repeatCount = 0
debug +++ [int] currentCount = 14
debug +++ [Boolean] running = true
debug +++ [int] delay = 120000
debug +++ [int] repeatCount = 0
debug +++ [int] currentCount = 14
debug +++ [Boolean] running = true
debug +++ [int] delay = 120000
debug time 23:08:37.201 :: After HeartBeat Count=15 Result=5
debug time 23:10:36.204 :: Before HeartBeat Count=16 Time=Wed Jan 18 2012 23:10:36 GMT+0100 AccountId=29131007 Session=f217778d-3279-48c1-9a6e-32f24f45a535
debug ++ [int] eventPhase = 2
debug ++ [Boolean] bubbles = false
debug ++ [Boolean] cancelable = false
debug ++ [String] type = timer
debug +++ [int] repeatCount = 0
debug +++ [int] currentCount = 15
debug +++ [Boolean] running = true
debug +++ [int] delay = 120000
debug +++ [int] repeatCount = 0
debug +++ [int] currentCount = 15
debug +++ [Boolean] running = true
debug +++ [int] delay = 120000
debug time 23:10:37.201 :: After HeartBeat Count=16 Result=5
debug time 23:12:36.204 :: Before HeartBeat Count=17 Time=Wed Jan 18 2012 23:12:36 GMT+0100 AccountId=29131007 Session=f217778d-3279-48c1-9a6e-32f24f45a535
debug ++ [int] eventPhase = 2
debug ++ [Boolean] bubbles = false
debug ++ [Boolean] cancelable = false
debug ++ [String] type = timer
debug +++ [int] repeatCount = 0
debug +++ [int] currentCount = 16
debug +++ [Boolean] running = true
debug +++ [int] delay = 120000
debug +++ [int] repeatCount = 0
debug +++ [int] currentCount = 16
debug +++ [Boolean] running = true
debug +++ [int] delay = 120000
debug time 23:12:37.201 :: After HeartBeat Count=17 Result=5
debug time 23:14:36.204 :: Before HeartBeat Count=18 Time=Wed Jan 18 2012 23:14:36 GMT+0100 AccountId=29131007 Session=f217778d-3279-48c1-9a6e-32f24f45a535
debug ++ [int] eventPhase = 2
debug ++ [Boolean] bubbles = false
debug ++ [Boolean] cancelable = false
debug ++ [String] type = timer
debug +++ [int] repeatCount = 0
debug +++ [int] currentCount = 17
debug +++ [Boolean] running = true
debug +++ [int] delay = 120000
debug +++ [int] repeatCount = 0
debug +++ [int] currentCount = 17
debug +++ [Boolean] running = true
debug +++ [int] delay = 120000
debug time 23:14:37.201 :: After HeartBeat Count=18 Result=5
debug time 23:16:36.224 :: Before HeartBeat Count=19 Time=Wed Jan 18 2012 23:16:36 GMT+0100 AccountId=29131007 Session=f217778d-3279-48c1-9a6e-32f24f45a535
debug ++ [int] eventPhase = 2
debug ++ [Boolean] bubbles = false
debug ++ [Boolean] cancelable = false
debug ++ [String] type = timer
debug +++ [int] repeatCount = 0
debug +++ [int] currentCount = 18
debug +++ [Boolean] running = true
debug +++ [int] delay = 120000
debug +++ [int] repeatCount = 0
debug +++ [int] currentCount = 18
debug +++ [Boolean] running = true
debug +++ [int] delay = 120000
debug time 23:16:37.201 :: After HeartBeat Count=19 Result=5
debug time 23:18:37.205 :: Before HeartBeat Count=20 Time=Wed Jan 18 2012 23:18:37 GMT+0100 AccountId=29131007 Session=f217778d-3279-48c1-9a6e-32f24f45a535
debug ++ [int] eventPhase = 2
debug ++ [Boolean] bubbles = false
debug ++ [Boolean] cancelable = false
debug ++ [String] type = timer
debug +++ [int] repeatCount = 0
debug +++ [int] currentCount = 19
debug +++ [Boolean] running = true
debug +++ [int] delay = 120000
debug +++ [int] repeatCount = 0
debug +++ [int] currentCount = 19
debug +++ [Boolean] running = true
debug +++ [int] delay = 120000
debug time 23:18:38.201 :: After HeartBeat Count=20 Result=5
debug time 23:20:37.209 :: Before HeartBeat Count=21 Time=Wed Jan 18 2012 23:20:37 GMT+0100 AccountId=29131007 Session=f217778d-3279-48c1-9a6e-32f24f45a535
debug ++ [int] eventPhase = 2
debug ++ [Boolean] bubbles = false
debug ++ [Boolean] cancelable = false
debug ++ [String] type = timer
debug +++ [int] repeatCount = 0
debug +++ [int] currentCount = 20
debug +++ [Boolean] running = true
debug +++ [int] delay = 120000
debug +++ [int] repeatCount = 0
debug +++ [int] currentCount = 20
debug +++ [Boolean] running = true
debug +++ [int] delay = 120000
debug time 23:20:38.200 :: After HeartBeat Count=21 Result=5
debug time 23:20:42.338 :: Performing heartbeat at Wed Jan 18 2012 23:20:42 GMT+0100
debug time 23:22:37.214 :: Before HeartBeat Count=22 Time=Wed Jan 18 2012 23:22:37 GMT+0100 AccountId=29131007 Session=f217778d-3279-48c1-9a6e-32f24f45a535
debug ++ [int] eventPhase = 2
debug ++ [Boolean] bubbles = false
debug ++ [Boolean] cancelable = false
debug ++ [String] type = timer
debug +++ [int] repeatCount = 0
debug +++ [int] currentCount = 21
debug +++ [Boolean] running = true
debug +++ [int] delay = 120000
debug +++ [int] repeatCount = 0
debug +++ [int] currentCount = 21
debug +++ [Boolean] running = true
debug +++ [int] delay = 120000
debug time 23:22:37.408 :: After HeartBeat Count=22 Result=5
debug time 23:24:37.243 :: Before HeartBeat Count=23 Time=Wed Jan 18 2012 23:24:37 GMT+0100 AccountId=29131007 Session=f217778d-3279-48c1-9a6e-32f24f45a535
debug ++ [int] eventPhase = 2
debug ++ [Boolean] bubbles = false
debug ++ [Boolean] cancelable = false
debug ++ [String] type = timer
debug +++ [int] repeatCount = 0
debug +++ [int] currentCount = 22
debug +++ [Boolean] running = true
debug +++ [int] delay = 120000
debug +++ [int] repeatCount = 0
debug +++ [int] currentCount = 22
debug +++ [Boolean] running = true
debug +++ [int] delay = 120000
debug time 23:24:37.479 :: After HeartBeat Count=23 Result=5
debug time 23:26:37.679 :: Before HeartBeat Count=24 Time=Wed Jan 18 2012 23:26:37 GMT+0100 AccountId=29131007 Session=f217778d-3279-48c1-9a6e-32f24f45a535
debug ++ [int] eventPhase = 2
debug ++ [Boolean] bubbles = false
debug ++ [Boolean] cancelable = false
debug ++ [String] type = timer
debug +++ [int] repeatCount = 0
debug +++ [int] currentCount = 23
debug +++ [Boolean] running = true
debug +++ [int] delay = 120000
debug +++ [int] repeatCount = 0
debug +++ [int] currentCount = 23
debug +++ [Boolean] running = true
debug +++ [int] delay = 120000
debug time 23:26:38.673 :: After HeartBeat Count=24 Result=5
debug time 23:28:38.677 :: Before HeartBeat Count=25 Time=Wed Jan 18 2012 23:28:38 GMT+0100 AccountId=29131007 Session=f217778d-3279-48c1-9a6e-32f24f45a535
debug ++ [int] eventPhase = 2
debug ++ [Boolean] bubbles = false
debug ++ [Boolean] cancelable = false
debug ++ [String] type = timer
debug +++ [int] repeatCount = 0
debug +++ [int] currentCount = 24
debug +++ [Boolean] running = true
debug +++ [int] delay = 120000
debug +++ [int] repeatCount = 0
debug +++ [int] currentCount = 24
debug +++ [Boolean] running = true
debug +++ [int] delay = 120000
debug time 23:28:39.673 :: After HeartBeat Count=25 Result=5
debug time 23:30:38.694 :: Before HeartBeat Count=26 Time=Wed Jan 18 2012 23:30:38 GMT+0100 AccountId=29131007 Session=f217778d-3279-48c1-9a6e-32f24f45a535
debug ++ [int] eventPhase = 2
debug ++ [Boolean] bubbles = false
debug ++ [Boolean] cancelable = false
debug ++ [String] type = timer
debug +++ [int] repeatCount = 0
debug +++ [int] currentCount = 25
debug +++ [Boolean] running = true
debug +++ [int] delay = 120000
debug +++ [int] repeatCount = 0
debug +++ [int] currentCount = 25
debug +++ [Boolean] running = true
debug +++ [int] delay = 120000
debug time 23:30:39.673 :: After HeartBeat Count=26 Result=5
debug time 23:32:39.677 :: Before HeartBeat Count=27 Time=Wed Jan 18 2012 23:32:39 GMT+0100 AccountId=29131007 Session=f217778d-3279-48c1-9a6e-32f24f45a535
debug ++ [int] eventPhase = 2
debug ++ [Boolean] bubbles = false
debug ++ [Boolean] cancelable = false
debug ++ [String] type = timer
debug +++ [int] repeatCount = 0
debug +++ [int] currentCount = 26
debug +++ [Boolean] running = true
debug +++ [int] delay = 120000
debug +++ [int] repeatCount = 0
debug +++ [int] currentCount = 26
debug +++ [Boolean] running = true
debug +++ [int] delay = 120000
debug time 23:32:40.673 :: After HeartBeat Count=27 Result=5
debug time 23:34:39.677 :: Before HeartBeat Count=28 Time=Wed Jan 18 2012 23:34:39 GMT+0100 AccountId=29131007 Session=f217778d-3279-48c1-9a6e-32f24f45a535
debug ++ [int] eventPhase = 2
debug ++ [Boolean] bubbles = false
debug ++ [Boolean] cancelable = false
debug ++ [String] type = timer
debug +++ [int] repeatCount = 0
debug +++ [int] currentCount = 27
debug +++ [Boolean] running = true
debug +++ [int] delay = 120000
debug +++ [int] repeatCount = 0
debug +++ [int] currentCount = 27
debug +++ [Boolean] running = true
debug +++ [int] delay = 120000
debug time 23:34:40.673 :: After HeartBeat Count=28 Result=5
debug time 23:36:39.676 :: Before HeartBeat Count=29 Time=Wed Jan 18 2012 23:36:39 GMT+0100 AccountId=29131007 Session=f217778d-3279-48c1-9a6e-32f24f45a535
debug ++ [int] eventPhase = 2
debug ++ [Boolean] bubbles = false
debug ++ [Boolean] cancelable = false
debug ++ [String] type = timer
debug +++ [int] repeatCount = 0
debug +++ [int] currentCount = 28
debug +++ [Boolean] running = true
debug +++ [int] delay = 120000
debug +++ [int] repeatCount = 0
debug +++ [int] currentCount = 28
debug +++ [Boolean] running = true
debug +++ [int] delay = 120000
debug time 23:36:40.672 :: After HeartBeat Count=29 Result=5
debug time 23:38:39.701 :: Before HeartBeat Count=30 Time=Wed Jan 18 2012 23:38:39 GMT+0100 AccountId=29131007 Session=f217778d-3279-48c1-9a6e-32f24f45a535
debug ++ [int] eventPhase = 2
debug ++ [Boolean] bubbles = false
debug ++ [Boolean] cancelable = false
debug ++ [String] type = timer
debug +++ [int] repeatCount = 0
debug +++ [int] currentCount = 29
debug +++ [Boolean] running = true
debug +++ [int] delay = 120000
debug +++ [int] repeatCount = 0
debug +++ [int] currentCount = 29
debug +++ [Boolean] running = true
debug +++ [int] delay = 120000
debug time 23:38:40.672 :: After HeartBeat Count=30 Result=5
debug time 23:40:40.678 :: Before HeartBeat Count=31 Time=Wed Jan 18 2012 23:40:40 GMT+0100 AccountId=29131007 Session=f217778d-3279-48c1-9a6e-32f24f45a535
debug ++ [int] eventPhase = 2
debug ++ [Boolean] bubbles = false
debug ++ [Boolean] cancelable = false
debug ++ [String] type = timer
debug +++ [int] repeatCount = 0
debug +++ [int] currentCount = 30
debug +++ [Boolean] running = true
debug +++ [int] delay = 120000
debug +++ [int] repeatCount = 0
debug +++ [int] currentCount = 30
debug +++ [Boolean] running = true
debug +++ [int] delay = 120000
debug time 23:40:41.672 :: After HeartBeat Count=31 Result=5
debug time 23:42:41.677 :: Before HeartBeat Count=32 Time=Wed Jan 18 2012 23:42:41 GMT+0100 AccountId=29131007 Session=f217778d-3279-48c1-9a6e-32f24f45a535
debug ++ [int] eventPhase = 2
debug ++ [Boolean] bubbles = false
debug ++ [Boolean] cancelable = false
debug ++ [String] type = timer
debug +++ [int] repeatCount = 0
debug +++ [int] currentCount = 31
debug +++ [Boolean] running = true
debug +++ [int] delay = 120000
debug +++ [int] repeatCount = 0
debug +++ [int] currentCount = 31
debug +++ [Boolean] running = true
debug +++ [int] delay = 120000
debug time 23:42:42.673 :: After HeartBeat Count=32 Result=5
debug time 23:44:41.677 :: Before HeartBeat Count=33 Time=Wed Jan 18 2012 23:44:41 GMT+0100 AccountId=29131007 Session=f217778d-3279-48c1-9a6e-32f24f45a535
debug ++ [int] eventPhase = 2
debug ++ [Boolean] bubbles = false
debug ++ [Boolean] cancelable = false
debug ++ [String] type = timer
debug +++ [int] repeatCount = 0
debug +++ [int] currentCount = 32
debug +++ [Boolean] running = true
debug +++ [int] delay = 120000
debug +++ [int] repeatCount = 0
debug +++ [int] currentCount = 32
debug +++ [Boolean] running = true
debug +++ [int] delay = 120000
debug time 23:44:42.673 :: After HeartBeat Count=33 Result=5
debug time 23:46:41.677 :: Before HeartBeat Count=34 Time=Wed Jan 18 2012 23:46:41 GMT+0100 AccountId=29131007 Session=f217778d-3279-48c1-9a6e-32f24f45a535
debug ++ [int] eventPhase = 2
debug ++ [Boolean] bubbles = false
debug ++ [Boolean] cancelable = false
debug ++ [String] type = timer
debug +++ [int] repeatCount = 0
debug +++ [int] currentCount = 33
debug +++ [Boolean] running = true
debug +++ [int] delay = 120000
debug +++ [int] repeatCount = 0
debug +++ [int] currentCount = 33
debug +++ [Boolean] running = true
debug +++ [int] delay = 120000
debug time 23:46:42.673 :: After HeartBeat Count=34 Result=5
debug time 23:48:41.677 :: Before HeartBeat Count=35 Time=Wed Jan 18 2012 23:48:41 GMT+0100 AccountId=29131007 Session=f217778d-3279-48c1-9a6e-32f24f45a535
debug ++ [int] eventPhase = 2
debug ++ [Boolean] bubbles = false
debug ++ [Boolean] cancelable = false
debug ++ [String] type = timer
debug +++ [int] repeatCount = 0
debug +++ [int] currentCount = 34
debug +++ [Boolean] running = true
debug +++ [int] delay = 120000
debug +++ [int] repeatCount = 0
debug +++ [int] currentCount = 34
debug +++ [Boolean] running = true
debug +++ [int] delay = 120000
debug time 23:48:42.673 :: After HeartBeat Count=35 Result=5
debug time 23:50:41.678 :: Before HeartBeat Count=36 Time=Wed Jan 18 2012 23:50:41 GMT+0100 AccountId=29131007 Session=f217778d-3279-48c1-9a6e-32f24f45a535
debug ++ [int] eventPhase = 2
debug ++ [Boolean] bubbles = false
debug ++ [Boolean] cancelable = false
debug ++ [String] type = timer
debug +++ [int] repeatCount = 0
debug +++ [int] currentCount = 35
debug +++ [Boolean] running = true
debug +++ [int] delay = 120000
debug +++ [int] repeatCount = 0
debug +++ [int] currentCount = 35
debug +++ [Boolean] running = true
debug +++ [int] delay = 120000
debug time 23:50:42.673 :: After HeartBeat Count=36 Result=5
debug time 23:52:42.678 :: Before HeartBeat Count=37 Time=Wed Jan 18 2012 23:52:42 GMT+0100 AccountId=29131007 Session=f217778d-3279-48c1-9a6e-32f24f45a535
debug ++ [int] eventPhase = 2
debug ++ [Boolean] bubbles = false
debug ++ [Boolean] cancelable = false
debug ++ [String] type = timer
debug +++ [int] repeatCount = 0
debug +++ [int] currentCount = 36
debug +++ [Boolean] running = true
debug +++ [int] delay = 120000
debug +++ [int] repeatCount = 0
debug +++ [int] currentCount = 36
debug +++ [Boolean] running = true
debug +++ [int] delay = 120000
debug time 23:52:43.673 :: After HeartBeat Count=37 Result=5
debug time 23:54:43.676 :: Before HeartBeat Count=38 Time=Wed Jan 18 2012 23:54:43 GMT+0100 AccountId=29131007 Session=f217778d-3279-48c1-9a6e-32f24f45a535
debug ++ [int] eventPhase = 2
debug ++ [Boolean] bubbles = false
debug ++ [Boolean] cancelable = false
debug ++ [String] type = timer
debug +++ [int] repeatCount = 0
debug +++ [int] currentCount = 37
debug +++ [Boolean] running = true
debug +++ [int] delay = 120000
debug +++ [int] repeatCount = 0
debug +++ [int] currentCount = 37
debug +++ [Boolean] running = true
debug +++ [int] delay = 120000
debug time 23:54:44.672 :: After HeartBeat Count=38 Result=5
debug time 23:56:43.676 :: Before HeartBeat Count=39 Time=Wed Jan 18 2012 23:56:43 GMT+0100 AccountId=29131007 Session=f217778d-3279-48c1-9a6e-32f24f45a535
debug ++ [int] eventPhase = 2
debug ++ [Boolean] bubbles = false
debug ++ [Boolean] cancelable = false
debug ++ [String] type = timer
debug +++ [int] repeatCount = 0
debug +++ [int] currentCount = 38
debug +++ [Boolean] running = true
debug +++ [int] delay = 120000
debug +++ [int] repeatCount = 0
debug +++ [int] currentCount = 38
debug +++ [Boolean] running = true
debug +++ [int] delay = 120000
debug time 23:56:44.672 :: After HeartBeat Count=39 Result=5
debug time 23:58:43.677 :: Before HeartBeat Count=40 Time=Wed Jan 18 2012 23:58:43 GMT+0100 AccountId=29131007 Session=f217778d-3279-48c1-9a6e-32f24f45a535
debug ++ [int] eventPhase = 2
debug ++ [Boolean] bubbles = false
debug ++ [Boolean] cancelable = false
debug ++ [String] type = timer
debug +++ [int] repeatCount = 0
debug +++ [int] currentCount = 39
debug +++ [Boolean] running = true
debug +++ [int] delay = 120000
debug +++ [int] repeatCount = 0
debug +++ [int] currentCount = 39
debug +++ [Boolean] running = true
debug +++ [int] delay = 120000
debug time 23:58:44.673 :: After HeartBeat Count=40 Result=5
debug time 00:00:43.703 :: Before HeartBeat Count=41 Time=Thu Jan 19 2012 00:00:43 GMT+0100 AccountId=29131007 Session=f217778d-3279-48c1-9a6e-32f24f45a535
debug ++ [int] eventPhase = 2
debug ++ [Boolean] bubbles = false
debug ++ [Boolean] cancelable = false
debug ++ [String] type = timer
debug +++ [int] repeatCount = 0
debug +++ [int] currentCount = 40
debug +++ [Boolean] running = true
debug +++ [int] delay = 120000
debug +++ [int] repeatCount = 0
debug +++ [int] currentCount = 40
debug +++ [Boolean] running = true
debug +++ [int] delay = 120000
debug time 00:00:44.673 :: After HeartBeat Count=41 Result=5
debug time 00:02:44.677 :: Before HeartBeat Count=42 Time=Thu Jan 19 2012 00:02:44 GMT+0100 AccountId=29131007 Session=f217778d-3279-48c1-9a6e-32f24f45a535
debug ++ [int] eventPhase = 2
debug ++ [Boolean] bubbles = false
debug ++ [Boolean] cancelable = false
debug ++ [String] type = timer
debug +++ [int] repeatCount = 0
debug +++ [int] currentCount = 41
debug +++ [Boolean] running = true
debug +++ [int] delay = 120000
debug +++ [int] repeatCount = 0
debug +++ [int] currentCount = 41
debug +++ [Boolean] running = true
debug +++ [int] delay = 120000
debug time 00:02:45.673 :: After HeartBeat Count=42 Result=5
debug time 00:04:44.678 :: Before HeartBeat Count=43 Time=Thu Jan 19 2012 00:04:44 GMT+0100 AccountId=29131007 Session=f217778d-3279-48c1-9a6e-32f24f45a535
debug ++ [int] eventPhase = 2
debug ++ [Boolean] bubbles = false
debug ++ [Boolean] cancelable = false
debug ++ [String] type = timer
debug +++ [int] repeatCount = 0
debug +++ [int] currentCount = 42
debug +++ [Boolean] running = true
debug +++ [int] delay = 120000
debug +++ [int] repeatCount = 0
debug +++ [int] currentCount = 42
debug +++ [Boolean] running = true
debug +++ [int] delay = 120000
debug time 00:04:45.673 :: After HeartBeat Count=43 Result=5
debug time 00:06:44.679 :: Before HeartBeat Count=44 Time=Thu Jan 19 2012 00:06:44 GMT+0100 AccountId=29131007 Session=f217778d-3279-48c1-9a6e-32f24f45a535
debug ++ [int] eventPhase = 2
debug ++ [Boolean] bubbles = false
debug ++ [Boolean] cancelable = false
debug ++ [String] type = timer
debug +++ [int] repeatCount = 0
debug +++ [int] currentCount = 43
debug +++ [Boolean] running = true
debug +++ [int] delay = 120000
debug +++ [int] repeatCount = 0
debug +++ [int] currentCount = 43
debug +++ [Boolean] running = true
debug +++ [int] delay = 120000
debug time 00:06:45.673 :: After HeartBeat Count=44 Result=5
debug time 00:08:44.708 :: Before HeartBeat Count=45 Time=Thu Jan 19 2012 00:08:44 GMT+0100 AccountId=29131007 Session=f217778d-3279-48c1-9a6e-32f24f45a535
debug ++ [int] eventPhase = 2
debug ++ [Boolean] bubbles = false
debug ++ [Boolean] cancelable = false
debug ++ [String] type = timer
debug +++ [int] repeatCount = 0
debug +++ [int] currentCount = 44
debug +++ [Boolean] running = true
debug +++ [int] delay = 120000
debug +++ [int] repeatCount = 0
debug +++ [int] currentCount = 44
debug +++ [Boolean] running = true
debug +++ [int] delay = 120000
debug time 00:08:45.678 :: After HeartBeat Count=45 Result=5
debug time 00:10:45.676 :: Before HeartBeat Count=46 Time=Thu Jan 19 2012 00:10:45 GMT+0100 AccountId=29131007 Session=f217778d-3279-48c1-9a6e-32f24f45a535
debug ++ [int] eventPhase = 2
debug ++ [Boolean] bubbles = false
debug ++ [Boolean] cancelable = false
debug ++ [String] type = timer
debug +++ [int] repeatCount = 0
debug +++ [int] currentCount = 45
debug +++ [Boolean] running = true
debug +++ [int] delay = 120000
debug +++ [int] repeatCount = 0
debug +++ [int] currentCount = 45
debug +++ [Boolean] running = true
debug +++ [int] delay = 120000
debug time 00:10:46.673 :: After HeartBeat Count=46 Result=5
debug time 00:12:45.676 :: Before HeartBeat Count=47 Time=Thu Jan 19 2012 00:12:45 GMT+0100 AccountId=29131007 Session=f217778d-3279-48c1-9a6e-32f24f45a535
debug ++ [int] eventPhase = 2
debug ++ [Boolean] bubbles = false
debug ++ [Boolean] cancelable = false
debug ++ [String] type = timer
debug +++ [int] repeatCount = 0
debug +++ [int] currentCount = 46
debug +++ [Boolean] running = true
debug +++ [int] delay = 120000
debug +++ [int] repeatCount = 0
debug +++ [int] currentCount = 46
debug +++ [Boolean] running = true
debug +++ [int] delay = 120000
debug time 00:12:46.672 :: After HeartBeat Count=47 Result=5
debug time 00:14:45.677 :: Before HeartBeat Count=48 Time=Thu Jan 19 2012 00:14:45 GMT+0100 AccountId=29131007 Session=f217778d-3279-48c1-9a6e-32f24f45a535
debug ++ [int] eventPhase = 2
debug ++ [Boolean] bubbles = false
debug ++ [Boolean] cancelable = false
debug ++ [String] type = timer
debug +++ [int] repeatCount = 0
debug +++ [int] currentCount = 47
debug +++ [Boolean] running = true
debug +++ [int] delay = 120000
debug +++ [int] repeatCount = 0
debug +++ [int] currentCount = 47
debug +++ [Boolean] running = true
debug +++ [int] delay = 120000
debug time 00:14:46.673 :: After HeartBeat Count=48 Result=5
debug time 00:15:37.724 :: Performing heartbeat at Thu Jan 19 2012 00:15:37 GMT+0100
