debug time 15:42:40.319 :: Before HeartBeat Count=1 Time=Sat Dec 17 2011 15:42:40 GMT+0100 AccountId=28699575 Session=b0d5fffd-e82e-4424-9792-938e4282679b
STOP LOGGING: More than 0 nested objects or properties. 
debug time 15:42:41.519 :: After HeartBeat Count=1 Result=5
debug time 15:44:40.357 :: Before HeartBeat Count=2 Time=Sat Dec 17 2011 15:44:40 GMT+0100 AccountId=28699575 Session=b0d5fffd-e82e-4424-9792-938e4282679b
debug ++ [int] eventPhase = 2
debug ++ [Boolean] bubbles = false
debug ++ [Boolean] cancelable = false
debug ++ [String] type = timer
debug +++ [int] repeatCount = 0
debug +++ [int] currentCount = 1
debug +++ [Boolean] running = true
debug +++ [int] delay = 120000
debug +++ [int] repeatCount = 0
debug +++ [int] currentCount = 1
debug +++ [Boolean] running = true
debug +++ [int] delay = 120000
debug time 15:44:40.562 :: After HeartBeat Count=2 Result=5
debug time 15:46:40.398 :: Before HeartBeat Count=3 Time=Sat Dec 17 2011 15:46:40 GMT+0100 AccountId=28699575 Session=b0d5fffd-e82e-4424-9792-938e4282679b
debug ++ [int] eventPhase = 2
debug ++ [Boolean] bubbles = false
debug ++ [Boolean] cancelable = false
debug ++ [String] type = timer
debug +++ [int] repeatCount = 0
debug +++ [int] currentCount = 2
debug +++ [Boolean] running = true
debug +++ [int] delay = 120000
debug +++ [int] repeatCount = 0
debug +++ [int] currentCount = 2
debug +++ [Boolean] running = true
debug +++ [int] delay = 120000
debug time 15:46:40.603 :: After HeartBeat Count=3 Result=5
debug time 15:48:40.434 :: Before HeartBeat Count=4 Time=Sat Dec 17 2011 15:48:40 GMT+0100 AccountId=28699575 Session=b0d5fffd-e82e-4424-9792-938e4282679b
debug ++ [int] eventPhase = 2
debug ++ [Boolean] bubbles = false
debug ++ [Boolean] cancelable = false
debug ++ [String] type = timer
debug +++ [int] repeatCount = 0
debug +++ [int] currentCount = 3
debug +++ [Boolean] running = true
debug +++ [int] delay = 120000
debug +++ [int] repeatCount = 0
debug +++ [int] currentCount = 3
debug +++ [Boolean] running = true
debug +++ [int] delay = 120000
debug time 15:48:40.631 :: After HeartBeat Count=4 Result=5
debug time 15:50:40.475 :: Before HeartBeat Count=5 Time=Sat Dec 17 2011 15:50:40 GMT+0100 AccountId=28699575 Session=b0d5fffd-e82e-4424-9792-938e4282679b
debug ++ [int] eventPhase = 2
debug ++ [Boolean] bubbles = false
debug ++ [Boolean] cancelable = false
debug ++ [String] type = timer
debug +++ [int] repeatCount = 0
debug +++ [int] currentCount = 4
debug +++ [Boolean] running = true
debug +++ [int] delay = 120000
debug +++ [int] repeatCount = 0
debug +++ [int] currentCount = 4
debug +++ [Boolean] running = true
debug +++ [int] delay = 120000
debug time 15:50:40.651 :: After HeartBeat Count=5 Result=5
debug time 15:52:40.563 :: Before HeartBeat Count=6 Time=Sat Dec 17 2011 15:52:40 GMT+0100 AccountId=28699575 Session=b0d5fffd-e82e-4424-9792-938e4282679b
debug ++ [int] eventPhase = 2
debug ++ [Boolean] bubbles = false
debug ++ [Boolean] cancelable = false
debug ++ [String] type = timer
debug +++ [int] repeatCount = 0
debug +++ [int] currentCount = 5
debug +++ [Boolean] running = true
debug +++ [int] delay = 120000
debug +++ [int] repeatCount = 0
debug +++ [int] currentCount = 5
debug +++ [Boolean] running = true
debug +++ [int] delay = 120000
debug time 15:52:40.733 :: After HeartBeat Count=6 Result=5
debug time 15:54:40.564 :: Before HeartBeat Count=7 Time=Sat Dec 17 2011 15:54:40 GMT+0100 AccountId=28699575 Session=b0d5fffd-e82e-4424-9792-938e4282679b
debug ++ [int] eventPhase = 2
debug ++ [Boolean] bubbles = false
debug ++ [Boolean] cancelable = false
debug ++ [String] type = timer
debug +++ [int] repeatCount = 0
debug +++ [int] currentCount = 6
debug +++ [Boolean] running = true
debug +++ [int] delay = 120000
debug +++ [int] repeatCount = 0
debug +++ [int] currentCount = 6
debug +++ [Boolean] running = true
debug +++ [int] delay = 120000
debug time 15:54:40.734 :: After HeartBeat Count=7 Result=5
debug time 15:56:41.564 :: Before HeartBeat Count=8 Time=Sat Dec 17 2011 15:56:41 GMT+0100 AccountId=28699575 Session=b0d5fffd-e82e-4424-9792-938e4282679b
debug ++ [int] eventPhase = 2
debug ++ [Boolean] bubbles = false
debug ++ [Boolean] cancelable = false
debug ++ [String] type = timer
debug +++ [int] repeatCount = 0
debug +++ [int] currentCount = 7
debug +++ [Boolean] running = true
debug +++ [int] delay = 120000
debug +++ [int] repeatCount = 0
debug +++ [int] currentCount = 7
debug +++ [Boolean] running = true
debug +++ [int] delay = 120000
debug time 15:56:41.734 :: After HeartBeat Count=8 Result=5
debug time 15:58:41.570 :: Before HeartBeat Count=9 Time=Sat Dec 17 2011 15:58:41 GMT+0100 AccountId=28699575 Session=b0d5fffd-e82e-4424-9792-938e4282679b
debug ++ [int] eventPhase = 2
debug ++ [Boolean] bubbles = false
debug ++ [Boolean] cancelable = false
debug ++ [String] type = timer
debug +++ [int] repeatCount = 0
debug +++ [int] currentCount = 8
debug +++ [Boolean] running = true
debug +++ [int] delay = 120000
debug +++ [int] repeatCount = 0
debug +++ [int] currentCount = 8
debug +++ [Boolean] running = true
debug +++ [int] delay = 120000
debug time 15:58:41.740 :: After HeartBeat Count=9 Result=5
debug time 16:00:41.593 :: Before HeartBeat Count=10 Time=Sat Dec 17 2011 16:00:41 GMT+0100 AccountId=28699575 Session=b0d5fffd-e82e-4424-9792-938e4282679b
debug ++ [int] eventPhase = 2
debug ++ [Boolean] bubbles = false
debug ++ [Boolean] cancelable = false
debug ++ [String] type = timer
debug +++ [int] repeatCount = 0
debug +++ [int] currentCount = 9
debug +++ [Boolean] running = true
debug +++ [int] delay = 120000
debug +++ [int] repeatCount = 0
debug +++ [int] currentCount = 9
debug +++ [Boolean] running = true
debug +++ [int] delay = 120000
debug time 16:00:41.806 :: After HeartBeat Count=10 Result=5
debug time 16:02:42.572 :: Before HeartBeat Count=11 Time=Sat Dec 17 2011 16:02:42 GMT+0100 AccountId=28699575 Session=b0d5fffd-e82e-4424-9792-938e4282679b
debug ++ [int] eventPhase = 2
debug ++ [Boolean] bubbles = false
debug ++ [Boolean] cancelable = false
debug ++ [String] type = timer
debug +++ [int] repeatCount = 0
debug +++ [int] currentCount = 10
debug +++ [Boolean] running = true
debug +++ [int] delay = 120000
debug +++ [int] repeatCount = 0
debug +++ [int] currentCount = 10
debug +++ [Boolean] running = true
debug +++ [int] delay = 120000
debug time 16:02:42.751 :: After HeartBeat Count=11 Result=5
debug time 16:04:43.568 :: Before HeartBeat Count=12 Time=Sat Dec 17 2011 16:04:43 GMT+0100 AccountId=28699575 Session=b0d5fffd-e82e-4424-9792-938e4282679b
debug ++ [int] eventPhase = 2
debug ++ [Boolean] bubbles = false
debug ++ [Boolean] cancelable = false
debug ++ [String] type = timer
debug +++ [int] repeatCount = 0
debug +++ [int] currentCount = 11
debug +++ [Boolean] running = true
debug +++ [int] delay = 120000
debug +++ [int] repeatCount = 0
debug +++ [int] currentCount = 11
debug +++ [Boolean] running = true
debug +++ [int] delay = 120000
debug time 16:04:43.740 :: After HeartBeat Count=12 Result=5
debug time 16:06:43.569 :: Before HeartBeat Count=13 Time=Sat Dec 17 2011 16:06:43 GMT+0100 AccountId=28699575 Session=b0d5fffd-e82e-4424-9792-938e4282679b
debug ++ [int] eventPhase = 2
debug ++ [Boolean] bubbles = false
debug ++ [Boolean] cancelable = false
debug ++ [String] type = timer
debug +++ [int] repeatCount = 0
debug +++ [int] currentCount = 12
debug +++ [Boolean] running = true
debug +++ [int] delay = 120000
debug +++ [int] repeatCount = 0
debug +++ [int] currentCount = 12
debug +++ [Boolean] running = true
debug +++ [int] delay = 120000
debug time 16:06:43.741 :: After HeartBeat Count=13 Result=5
debug time 16:08:43.571 :: Before HeartBeat Count=14 Time=Sat Dec 17 2011 16:08:43 GMT+0100 AccountId=28699575 Session=b0d5fffd-e82e-4424-9792-938e4282679b
debug ++ [int] eventPhase = 2
debug ++ [Boolean] bubbles = false
debug ++ [Boolean] cancelable = false
debug ++ [String] type = timer
debug +++ [int] repeatCount = 0
debug +++ [int] currentCount = 13
debug +++ [Boolean] running = true
debug +++ [int] delay = 120000
debug +++ [int] repeatCount = 0
debug +++ [int] currentCount = 13
debug +++ [Boolean] running = true
debug +++ [int] delay = 120000
debug time 16:08:43.741 :: After HeartBeat Count=14 Result=5
debug time 16:10:43.591 :: Before HeartBeat Count=15 Time=Sat Dec 17 2011 16:10:43 GMT+0100 AccountId=28699575 Session=b0d5fffd-e82e-4424-9792-938e4282679b
debug ++ [int] eventPhase = 2
debug ++ [Boolean] bubbles = false
debug ++ [Boolean] cancelable = false
debug ++ [String] type = timer
debug +++ [int] repeatCount = 0
debug +++ [int] currentCount = 14
debug +++ [Boolean] running = true
debug +++ [int] delay = 120000
debug +++ [int] repeatCount = 0
debug +++ [int] currentCount = 14
debug +++ [Boolean] running = true
debug +++ [int] delay = 120000
debug time 16:10:43.796 :: After HeartBeat Count=15 Result=5
debug time 16:12:44.573 :: Before HeartBeat Count=16 Time=Sat Dec 17 2011 16:12:44 GMT+0100 AccountId=28699575 Session=b0d5fffd-e82e-4424-9792-938e4282679b
debug ++ [int] eventPhase = 2
debug ++ [Boolean] bubbles = false
debug ++ [Boolean] cancelable = false
debug ++ [String] type = timer
debug +++ [int] repeatCount = 0
debug +++ [int] currentCount = 15
debug +++ [Boolean] running = true
debug +++ [int] delay = 120000
debug +++ [int] repeatCount = 0
debug +++ [int] currentCount = 15
debug +++ [Boolean] running = true
debug +++ [int] delay = 120000
debug time 16:12:44.743 :: After HeartBeat Count=16 Result=5
debug time 16:14:44.575 :: Before HeartBeat Count=17 Time=Sat Dec 17 2011 16:14:44 GMT+0100 AccountId=28699575 Session=b0d5fffd-e82e-4424-9792-938e4282679b
debug ++ [int] eventPhase = 2
debug ++ [Boolean] bubbles = false
debug ++ [Boolean] cancelable = false
debug ++ [String] type = timer
debug +++ [int] repeatCount = 0
debug +++ [int] currentCount = 16
debug +++ [Boolean] running = true
debug +++ [int] delay = 120000
debug +++ [int] repeatCount = 0
debug +++ [int] currentCount = 16
debug +++ [Boolean] running = true
debug +++ [int] delay = 120000
debug time 16:14:44.745 :: After HeartBeat Count=17 Result=5
debug time 16:16:44.575 :: Before HeartBeat Count=18 Time=Sat Dec 17 2011 16:16:44 GMT+0100 AccountId=28699575 Session=b0d5fffd-e82e-4424-9792-938e4282679b
debug ++ [int] eventPhase = 2
debug ++ [Boolean] bubbles = false
debug ++ [Boolean] cancelable = false
debug ++ [String] type = timer
debug +++ [int] repeatCount = 0
debug +++ [int] currentCount = 17
debug +++ [Boolean] running = true
debug +++ [int] delay = 120000
debug +++ [int] repeatCount = 0
debug +++ [int] currentCount = 17
debug +++ [Boolean] running = true
debug +++ [int] delay = 120000
debug time 16:16:44.745 :: After HeartBeat Count=18 Result=5
debug time 16:18:44.576 :: Before HeartBeat Count=19 Time=Sat Dec 17 2011 16:18:44 GMT+0100 AccountId=28699575 Session=b0d5fffd-e82e-4424-9792-938e4282679b
debug ++ [int] eventPhase = 2
debug ++ [Boolean] bubbles = false
debug ++ [Boolean] cancelable = false
debug ++ [String] type = timer
debug +++ [int] repeatCount = 0
debug +++ [int] currentCount = 18
debug +++ [Boolean] running = true
debug +++ [int] delay = 120000
debug +++ [int] repeatCount = 0
debug +++ [int] currentCount = 18
debug +++ [Boolean] running = true
debug +++ [int] delay = 120000
debug time 16:18:44.749 :: After HeartBeat Count=19 Result=5
debug time 16:20:44.577 :: Before HeartBeat Count=20 Time=Sat Dec 17 2011 16:20:44 GMT+0100 AccountId=28699575 Session=b0d5fffd-e82e-4424-9792-938e4282679b
debug ++ [int] eventPhase = 2
debug ++ [Boolean] bubbles = false
debug ++ [Boolean] cancelable = false
debug ++ [String] type = timer
debug +++ [int] repeatCount = 0
debug +++ [int] currentCount = 19
debug +++ [Boolean] running = true
debug +++ [int] delay = 120000
debug +++ [int] repeatCount = 0
debug +++ [int] currentCount = 19
debug +++ [Boolean] running = true
debug +++ [int] delay = 120000
debug time 16:20:44.748 :: After HeartBeat Count=20 Result=5
debug time 16:22:44.583 :: Before HeartBeat Count=21 Time=Sat Dec 17 2011 16:22:44 GMT+0100 AccountId=28699575 Session=b0d5fffd-e82e-4424-9792-938e4282679b
debug ++ [int] eventPhase = 2
debug ++ [Boolean] bubbles = false
debug ++ [Boolean] cancelable = false
debug ++ [String] type = timer
debug +++ [int] repeatCount = 0
debug +++ [int] currentCount = 20
debug +++ [Boolean] running = true
debug +++ [int] delay = 120000
debug +++ [int] repeatCount = 0
debug +++ [int] currentCount = 20
debug +++ [Boolean] running = true
debug +++ [int] delay = 120000
debug time 16:22:44.764 :: After HeartBeat Count=21 Result=5
debug time 16:24:44.586 :: Before HeartBeat Count=22 Time=Sat Dec 17 2011 16:24:44 GMT+0100 AccountId=28699575 Session=b0d5fffd-e82e-4424-9792-938e4282679b
debug ++ [int] eventPhase = 2
debug ++ [Boolean] bubbles = false
debug ++ [Boolean] cancelable = false
debug ++ [String] type = timer
debug +++ [int] repeatCount = 0
debug +++ [int] currentCount = 21
debug +++ [Boolean] running = true
debug +++ [int] delay = 120000
debug +++ [int] repeatCount = 0
debug +++ [int] currentCount = 21
debug +++ [Boolean] running = true
debug +++ [int] delay = 120000
debug time 16:24:44.800 :: After HeartBeat Count=22 Result=5
debug time 16:26:45.575 :: Before HeartBeat Count=23 Time=Sat Dec 17 2011 16:26:45 GMT+0100 AccountId=28699575 Session=b0d5fffd-e82e-4424-9792-938e4282679b
debug ++ [int] eventPhase = 2
debug ++ [Boolean] bubbles = false
debug ++ [Boolean] cancelable = false
debug ++ [String] type = timer
debug +++ [int] repeatCount = 0
debug +++ [int] currentCount = 22
debug +++ [Boolean] running = true
debug +++ [int] delay = 120000
debug +++ [int] repeatCount = 0
debug +++ [int] currentCount = 22
debug +++ [Boolean] running = true
debug +++ [int] delay = 120000
debug time 16:26:45.758 :: After HeartBeat Count=23 Result=5
debug time 16:28:46.576 :: Before HeartBeat Count=24 Time=Sat Dec 17 2011 16:28:46 GMT+0100 AccountId=28699575 Session=b0d5fffd-e82e-4424-9792-938e4282679b
debug ++ [int] eventPhase = 2
debug ++ [Boolean] bubbles = false
debug ++ [Boolean] cancelable = false
debug ++ [String] type = timer
debug +++ [int] repeatCount = 0
debug +++ [int] currentCount = 23
debug +++ [Boolean] running = true
debug +++ [int] delay = 120000
debug +++ [int] repeatCount = 0
debug +++ [int] currentCount = 23
debug +++ [Boolean] running = true
debug +++ [int] delay = 120000
debug time 16:28:46.746 :: After HeartBeat Count=24 Result=5
debug time 16:30:46.578 :: Before HeartBeat Count=25 Time=Sat Dec 17 2011 16:30:46 GMT+0100 AccountId=28699575 Session=b0d5fffd-e82e-4424-9792-938e4282679b
debug ++ [int] eventPhase = 2
debug ++ [Boolean] bubbles = false
debug ++ [Boolean] cancelable = false
debug ++ [String] type = timer
debug +++ [int] repeatCount = 0
debug +++ [int] currentCount = 24
debug +++ [Boolean] running = true
debug +++ [int] delay = 120000
debug +++ [int] repeatCount = 0
debug +++ [int] currentCount = 24
debug +++ [Boolean] running = true
debug +++ [int] delay = 120000
debug time 16:30:46.747 :: After HeartBeat Count=25 Result=5
debug time 16:32:46.577 :: Before HeartBeat Count=26 Time=Sat Dec 17 2011 16:32:46 GMT+0100 AccountId=28699575 Session=b0d5fffd-e82e-4424-9792-938e4282679b
debug ++ [int] eventPhase = 2
debug ++ [Boolean] bubbles = false
debug ++ [Boolean] cancelable = false
debug ++ [String] type = timer
debug +++ [int] repeatCount = 0
debug +++ [int] currentCount = 25
debug +++ [Boolean] running = true
debug +++ [int] delay = 120000
debug +++ [int] repeatCount = 0
debug +++ [int] currentCount = 25
debug +++ [Boolean] running = true
debug +++ [int] delay = 120000
debug time 16:32:46.751 :: After HeartBeat Count=26 Result=5
debug time 16:34:04.785 :: Performing heartbeat at Sat Dec 17 2011 16:34:04 GMT+0100
debug time 16:34:46.589 :: Before HeartBeat Count=27 Time=Sat Dec 17 2011 16:34:46 GMT+0100 AccountId=28699575 Session=b0d5fffd-e82e-4424-9792-938e4282679b
debug ++ [int] eventPhase = 2
debug ++ [Boolean] bubbles = false
debug ++ [Boolean] cancelable = false
debug ++ [String] type = timer
debug +++ [int] repeatCount = 0
debug +++ [int] currentCount = 26
debug +++ [Boolean] running = true
debug +++ [int] delay = 120000
debug +++ [int] repeatCount = 0
debug +++ [int] currentCount = 26
debug +++ [Boolean] running = true
debug +++ [int] delay = 120000
debug time 16:34:46.764 :: After HeartBeat Count=27 Result=5
debug time 16:36:47.546 :: Before HeartBeat Count=28 Time=Sat Dec 17 2011 16:36:47 GMT+0100 AccountId=28699575 Session=b0d5fffd-e82e-4424-9792-938e4282679b
debug ++ [int] eventPhase = 2
debug ++ [Boolean] bubbles = false
debug ++ [Boolean] cancelable = false
debug ++ [String] type = timer
debug +++ [int] repeatCount = 0
debug +++ [int] currentCount = 27
debug +++ [Boolean] running = true
debug +++ [int] delay = 120000
debug +++ [int] repeatCount = 0
debug +++ [int] currentCount = 27
debug +++ [Boolean] running = true
debug +++ [int] delay = 120000
debug time 16:36:47.745 :: After HeartBeat Count=28 Result=5
debug time 16:38:48.526 :: Before HeartBeat Count=29 Time=Sat Dec 17 2011 16:38:48 GMT+0100 AccountId=28699575 Session=b0d5fffd-e82e-4424-9792-938e4282679b
debug ++ [int] eventPhase = 2
debug ++ [Boolean] bubbles = false
debug ++ [Boolean] cancelable = false
debug ++ [String] type = timer
debug +++ [int] repeatCount = 0
debug +++ [int] currentCount = 28
debug +++ [Boolean] running = true
debug +++ [int] delay = 120000
debug +++ [int] repeatCount = 0
debug +++ [int] currentCount = 28
debug +++ [Boolean] running = true
debug +++ [int] delay = 120000
debug time 16:38:48.723 :: After HeartBeat Count=29 Result=5
debug time 16:40:48.543 :: Before HeartBeat Count=30 Time=Sat Dec 17 2011 16:40:48 GMT+0100 AccountId=28699575 Session=b0d5fffd-e82e-4424-9792-938e4282679b
debug ++ [int] eventPhase = 2
debug ++ [Boolean] bubbles = false
debug ++ [Boolean] cancelable = false
debug ++ [String] type = timer
debug +++ [int] repeatCount = 0
debug +++ [int] currentCount = 29
debug +++ [Boolean] running = true
debug +++ [int] delay = 120000
debug +++ [int] repeatCount = 0
debug +++ [int] currentCount = 29
debug +++ [Boolean] running = true
debug +++ [int] delay = 120000
debug time 16:40:48.747 :: After HeartBeat Count=30 Result=5
debug time 16:42:49.522 :: Before HeartBeat Count=31 Time=Sat Dec 17 2011 16:42:49 GMT+0100 AccountId=28699575 Session=b0d5fffd-e82e-4424-9792-938e4282679b
debug ++ [int] eventPhase = 2
debug ++ [Boolean] bubbles = false
debug ++ [Boolean] cancelable = false
debug ++ [String] type = timer
debug +++ [int] repeatCount = 0
debug +++ [int] currentCount = 30
debug +++ [Boolean] running = true
debug +++ [int] delay = 120000
debug +++ [int] repeatCount = 0
debug +++ [int] currentCount = 30
debug +++ [Boolean] running = true
debug +++ [int] delay = 120000
debug time 16:42:49.692 :: After HeartBeat Count=31 Result=5
debug time 16:44:49.521 :: Before HeartBeat Count=32 Time=Sat Dec 17 2011 16:44:49 GMT+0100 AccountId=28699575 Session=b0d5fffd-e82e-4424-9792-938e4282679b
debug ++ [int] eventPhase = 2
debug ++ [Boolean] bubbles = false
debug ++ [Boolean] cancelable = false
debug ++ [String] type = timer
debug +++ [int] repeatCount = 0
debug +++ [int] currentCount = 31
debug +++ [Boolean] running = true
debug +++ [int] delay = 120000
debug +++ [int] repeatCount = 0
debug +++ [int] currentCount = 31
debug +++ [Boolean] running = true
debug +++ [int] delay = 120000
debug time 16:44:49.701 :: After HeartBeat Count=32 Result=5
debug time 16:46:49.523 :: Before HeartBeat Count=33 Time=Sat Dec 17 2011 16:46:49 GMT+0100 AccountId=28699575 Session=b0d5fffd-e82e-4424-9792-938e4282679b
debug ++ [int] eventPhase = 2
debug ++ [Boolean] bubbles = false
debug ++ [Boolean] cancelable = false
debug ++ [String] type = timer
debug +++ [int] repeatCount = 0
debug +++ [int] currentCount = 32
debug +++ [Boolean] running = true
debug +++ [int] delay = 120000
debug +++ [int] repeatCount = 0
debug +++ [int] currentCount = 32
debug +++ [Boolean] running = true
debug +++ [int] delay = 120000
debug time 16:46:49.693 :: After HeartBeat Count=33 Result=5
debug time 16:48:49.525 :: Before HeartBeat Count=34 Time=Sat Dec 17 2011 16:48:49 GMT+0100 AccountId=28699575 Session=b0d5fffd-e82e-4424-9792-938e4282679b
debug ++ [int] eventPhase = 2
debug ++ [Boolean] bubbles = false
debug ++ [Boolean] cancelable = false
debug ++ [String] type = timer
debug +++ [int] repeatCount = 0
debug +++ [int] currentCount = 33
debug +++ [Boolean] running = true
debug +++ [int] delay = 120000
debug +++ [int] repeatCount = 0
debug +++ [int] currentCount = 33
debug +++ [Boolean] running = true
debug +++ [int] delay = 120000
debug time 16:48:49.720 :: After HeartBeat Count=34 Result=5
debug time 16:50:49.527 :: Before HeartBeat Count=35 Time=Sat Dec 17 2011 16:50:49 GMT+0100 AccountId=28699575 Session=b0d5fffd-e82e-4424-9792-938e4282679b
debug ++ [int] eventPhase = 2
debug ++ [Boolean] bubbles = false
debug ++ [Boolean] cancelable = false
debug ++ [String] type = timer
debug +++ [int] repeatCount = 0
debug +++ [int] currentCount = 34
debug +++ [Boolean] running = true
debug +++ [int] delay = 120000
debug +++ [int] repeatCount = 0
debug +++ [int] currentCount = 34
debug +++ [Boolean] running = true
debug +++ [int] delay = 120000
debug time 16:50:49.698 :: After HeartBeat Count=35 Result=5
debug time 16:52:49.528 :: Before HeartBeat Count=36 Time=Sat Dec 17 2011 16:52:49 GMT+0100 AccountId=28699575 Session=b0d5fffd-e82e-4424-9792-938e4282679b
debug ++ [int] eventPhase = 2
debug ++ [Boolean] bubbles = false
debug ++ [Boolean] cancelable = false
debug ++ [String] type = timer
debug +++ [int] repeatCount = 0
debug +++ [int] currentCount = 35
debug +++ [Boolean] running = true
debug +++ [int] delay = 120000
debug +++ [int] repeatCount = 0
debug +++ [int] currentCount = 35
debug +++ [Boolean] running = true
debug +++ [int] delay = 120000
debug time 16:52:49.699 :: After HeartBeat Count=36 Result=5
debug time 16:54:49.555 :: Before HeartBeat Count=37 Time=Sat Dec 17 2011 16:54:49 GMT+0100 AccountId=28699575 Session=b0d5fffd-e82e-4424-9792-938e4282679b
debug ++ [int] eventPhase = 2
debug ++ [Boolean] bubbles = false
debug ++ [Boolean] cancelable = false
debug ++ [String] type = timer
debug +++ [int] repeatCount = 0
debug +++ [int] currentCount = 36
debug +++ [Boolean] running = true
debug +++ [int] delay = 120000
debug +++ [int] repeatCount = 0
debug +++ [int] currentCount = 36
debug +++ [Boolean] running = true
debug +++ [int] delay = 120000
debug time 16:54:49.754 :: After HeartBeat Count=37 Result=5
debug time 16:56:50.531 :: Before HeartBeat Count=38 Time=Sat Dec 17 2011 16:56:50 GMT+0100 AccountId=28699575 Session=b0d5fffd-e82e-4424-9792-938e4282679b
debug ++ [int] eventPhase = 2
debug ++ [Boolean] bubbles = false
debug ++ [Boolean] cancelable = false
debug ++ [String] type = timer
debug +++ [int] repeatCount = 0
debug +++ [int] currentCount = 37
debug +++ [Boolean] running = true
debug +++ [int] delay = 120000
debug +++ [int] repeatCount = 0
debug +++ [int] currentCount = 37
debug +++ [Boolean] running = true
debug +++ [int] delay = 120000
debug time 16:56:50.701 :: After HeartBeat Count=38 Result=5
debug time 16:58:50.532 :: Before HeartBeat Count=39 Time=Sat Dec 17 2011 16:58:50 GMT+0100 AccountId=28699575 Session=b0d5fffd-e82e-4424-9792-938e4282679b
debug ++ [int] eventPhase = 2
debug ++ [Boolean] bubbles = false
debug ++ [Boolean] cancelable = false
debug ++ [String] type = timer
debug +++ [int] repeatCount = 0
debug +++ [int] currentCount = 38
debug +++ [Boolean] running = true
debug +++ [int] delay = 120000
debug +++ [int] repeatCount = 0
debug +++ [int] currentCount = 38
debug +++ [Boolean] running = true
debug +++ [int] delay = 120000
debug time 16:58:50.702 :: After HeartBeat Count=39 Result=5
debug time 17:00:50.534 :: Before HeartBeat Count=40 Time=Sat Dec 17 2011 17:00:50 GMT+0100 AccountId=28699575 Session=b0d5fffd-e82e-4424-9792-938e4282679b
debug ++ [int] eventPhase = 2
debug ++ [Boolean] bubbles = false
debug ++ [Boolean] cancelable = false
debug ++ [String] type = timer
debug +++ [int] repeatCount = 0
debug +++ [int] currentCount = 39
debug +++ [Boolean] running = true
debug +++ [int] delay = 120000
debug +++ [int] repeatCount = 0
debug +++ [int] currentCount = 39
debug +++ [Boolean] running = true
debug +++ [int] delay = 120000
debug time 17:00:50.705 :: After HeartBeat Count=40 Result=5
debug time 17:02:51.535 :: Before HeartBeat Count=41 Time=Sat Dec 17 2011 17:02:51 GMT+0100 AccountId=28699575 Session=b0d5fffd-e82e-4424-9792-938e4282679b
debug ++ [int] eventPhase = 2
debug ++ [Boolean] bubbles = false
debug ++ [Boolean] cancelable = false
debug ++ [String] type = timer
debug +++ [int] repeatCount = 0
debug +++ [int] currentCount = 40
debug +++ [Boolean] running = true
debug +++ [int] delay = 120000
debug +++ [int] repeatCount = 0
debug +++ [int] currentCount = 40
debug +++ [Boolean] running = true
debug +++ [int] delay = 120000
debug time 17:02:51.706 :: After HeartBeat Count=41 Result=5
debug time 17:04:51.537 :: Before HeartBeat Count=42 Time=Sat Dec 17 2011 17:04:51 GMT+0100 AccountId=28699575 Session=b0d5fffd-e82e-4424-9792-938e4282679b
debug ++ [int] eventPhase = 2
debug ++ [Boolean] bubbles = false
debug ++ [Boolean] cancelable = false
debug ++ [String] type = timer
debug +++ [int] repeatCount = 0
debug +++ [int] currentCount = 41
debug +++ [Boolean] running = true
debug +++ [int] delay = 120000
debug +++ [int] repeatCount = 0
debug +++ [int] currentCount = 41
debug +++ [Boolean] running = true
debug +++ [int] delay = 120000
debug time 17:04:51.708 :: After HeartBeat Count=42 Result=5
debug time 17:06:51.539 :: Before HeartBeat Count=43 Time=Sat Dec 17 2011 17:06:51 GMT+0100 AccountId=28699575 Session=b0d5fffd-e82e-4424-9792-938e4282679b
debug ++ [int] eventPhase = 2
debug ++ [Boolean] bubbles = false
debug ++ [Boolean] cancelable = false
debug ++ [String] type = timer
debug +++ [int] repeatCount = 0
debug +++ [int] currentCount = 42
debug +++ [Boolean] running = true
debug +++ [int] delay = 120000
debug +++ [int] repeatCount = 0
debug +++ [int] currentCount = 42
debug +++ [Boolean] running = true
debug +++ [int] delay = 120000
debug time 17:06:51.710 :: After HeartBeat Count=43 Result=5
debug time 17:08:52.540 :: Before HeartBeat Count=44 Time=Sat Dec 17 2011 17:08:52 GMT+0100 AccountId=28699575 Session=b0d5fffd-e82e-4424-9792-938e4282679b
debug ++ [int] eventPhase = 2
debug ++ [Boolean] bubbles = false
debug ++ [Boolean] cancelable = false
debug ++ [String] type = timer
debug +++ [int] repeatCount = 0
debug +++ [int] currentCount = 43
debug +++ [Boolean] running = true
debug +++ [int] delay = 120000
debug +++ [int] repeatCount = 0
debug +++ [int] currentCount = 43
debug +++ [Boolean] running = true
debug +++ [int] delay = 120000
debug time 17:08:52.710 :: After HeartBeat Count=44 Result=5
debug time 17:10:52.542 :: Before HeartBeat Count=45 Time=Sat Dec 17 2011 17:10:52 GMT+0100 AccountId=28699575 Session=b0d5fffd-e82e-4424-9792-938e4282679b
debug ++ [int] eventPhase = 2
debug ++ [Boolean] bubbles = false
debug ++ [Boolean] cancelable = false
debug ++ [String] type = timer
debug +++ [int] repeatCount = 0
debug +++ [int] currentCount = 44
debug +++ [Boolean] running = true
debug +++ [int] delay = 120000
debug +++ [int] repeatCount = 0
debug +++ [int] currentCount = 44
debug +++ [Boolean] running = true
debug +++ [int] delay = 120000
debug time 17:10:52.712 :: After HeartBeat Count=45 Result=5
debug time 17:11:26.324 :: Performing heartbeat at Sat Dec 17 2011 17:11:26 GMT+0100
debug time 17:12:52.568 :: Before HeartBeat Count=46 Time=Sat Dec 17 2011 17:12:52 GMT+0100 AccountId=28699575 Session=b0d5fffd-e82e-4424-9792-938e4282679b
debug ++ [int] eventPhase = 2
debug ++ [Boolean] bubbles = false
debug ++ [Boolean] cancelable = false
debug ++ [String] type = timer
debug +++ [int] repeatCount = 0
debug +++ [int] currentCount = 45
debug +++ [Boolean] running = true
debug +++ [int] delay = 120000
debug +++ [int] repeatCount = 0
debug +++ [int] currentCount = 45
debug +++ [Boolean] running = true
debug +++ [int] delay = 120000
debug time 17:12:52.770 :: After HeartBeat Count=46 Result=5
debug time 17:14:52.593 :: Before HeartBeat Count=47 Time=Sat Dec 17 2011 17:14:52 GMT+0100 AccountId=28699575 Session=b0d5fffd-e82e-4424-9792-938e4282679b
debug ++ [int] eventPhase = 2
debug ++ [Boolean] bubbles = false
debug ++ [Boolean] cancelable = false
debug ++ [String] type = timer
debug +++ [int] repeatCount = 0
debug +++ [int] currentCount = 46
debug +++ [Boolean] running = true
debug +++ [int] delay = 120000
debug +++ [int] repeatCount = 0
debug +++ [int] currentCount = 46
debug +++ [Boolean] running = true
debug +++ [int] delay = 120000
debug time 17:14:52.770 :: After HeartBeat Count=47 Result=5
debug time 17:16:52.898 :: Before HeartBeat Count=48 Time=Sat Dec 17 2011 17:16:52 GMT+0100 AccountId=28699575 Session=b0d5fffd-e82e-4424-9792-938e4282679b
debug ++ [int] eventPhase = 2
debug ++ [Boolean] bubbles = false
debug ++ [Boolean] cancelable = false
debug ++ [String] type = timer
debug +++ [int] repeatCount = 0
debug +++ [int] currentCount = 47
debug +++ [Boolean] running = true
debug +++ [int] delay = 120000
debug +++ [int] repeatCount = 0
debug +++ [int] currentCount = 47
debug +++ [Boolean] running = true
debug +++ [int] delay = 120000
debug time 17:16:53.69 :: After HeartBeat Count=48 Result=5
debug time 17:18:52.904 :: Before HeartBeat Count=49 Time=Sat Dec 17 2011 17:18:52 GMT+0100 AccountId=28699575 Session=b0d5fffd-e82e-4424-9792-938e4282679b
debug ++ [int] eventPhase = 2
debug ++ [Boolean] bubbles = false
debug ++ [Boolean] cancelable = false
debug ++ [String] type = timer
debug +++ [int] repeatCount = 0
debug +++ [int] currentCount = 48
debug +++ [Boolean] running = true
debug +++ [int] delay = 120000
debug +++ [int] repeatCount = 0
debug +++ [int] currentCount = 48
debug +++ [Boolean] running = true
debug +++ [int] delay = 120000
debug time 17:18:53.84 :: After HeartBeat Count=49 Result=5
debug time 17:20:53.922 :: Before HeartBeat Count=50 Time=Sat Dec 17 2011 17:20:53 GMT+0100 AccountId=28699575 Session=b0d5fffd-e82e-4424-9792-938e4282679b
debug ++ [int] eventPhase = 2
debug ++ [Boolean] bubbles = false
debug ++ [Boolean] cancelable = false
debug ++ [String] type = timer
debug +++ [int] repeatCount = 0
debug +++ [int] currentCount = 49
debug +++ [Boolean] running = true
debug +++ [int] delay = 120000
debug +++ [int] repeatCount = 0
debug +++ [int] currentCount = 49
debug +++ [Boolean] running = true
debug +++ [int] delay = 120000
debug time 17:20:54.92 :: After HeartBeat Count=50 Result=5
debug time 17:22:54.900 :: Before HeartBeat Count=51 Time=Sat Dec 17 2011 17:22:54 GMT+0100 AccountId=28699575 Session=b0d5fffd-e82e-4424-9792-938e4282679b
debug ++ [int] eventPhase = 2
debug ++ [Boolean] bubbles = false
debug ++ [Boolean] cancelable = false
debug ++ [String] type = timer
debug +++ [int] repeatCount = 0
debug +++ [int] currentCount = 50
debug +++ [Boolean] running = true
debug +++ [int] delay = 120000
debug +++ [int] repeatCount = 0
debug +++ [int] currentCount = 50
debug +++ [Boolean] running = true
debug +++ [int] delay = 120000
debug time 17:22:55.70 :: After HeartBeat Count=51 Result=5
debug time 17:24:54.902 :: Before HeartBeat Count=52 Time=Sat Dec 17 2011 17:24:54 GMT+0100 AccountId=28699575 Session=b0d5fffd-e82e-4424-9792-938e4282679b
debug ++ [int] eventPhase = 2
debug ++ [Boolean] bubbles = false
debug ++ [Boolean] cancelable = false
debug ++ [String] type = timer
debug +++ [int] repeatCount = 0
debug +++ [int] currentCount = 51
debug +++ [Boolean] running = true
debug +++ [int] delay = 120000
debug +++ [int] repeatCount = 0
debug +++ [int] currentCount = 51
debug +++ [Boolean] running = true
debug +++ [int] delay = 120000
debug time 17:24:55.72 :: After HeartBeat Count=52 Result=5
debug time 17:26:54.926 :: Before HeartBeat Count=53 Time=Sat Dec 17 2011 17:26:54 GMT+0100 AccountId=28699575 Session=b0d5fffd-e82e-4424-9792-938e4282679b
debug ++ [int] eventPhase = 2
debug ++ [Boolean] bubbles = false
debug ++ [Boolean] cancelable = false
debug ++ [String] type = timer
debug +++ [int] repeatCount = 0
debug +++ [int] currentCount = 52
debug +++ [Boolean] running = true
debug +++ [int] delay = 120000
debug +++ [int] repeatCount = 0
debug +++ [int] currentCount = 52
debug +++ [Boolean] running = true
debug +++ [int] delay = 120000
debug time 17:26:55.106 :: After HeartBeat Count=53 Result=5
debug time 17:28:55.906 :: Before HeartBeat Count=54 Time=Sat Dec 17 2011 17:28:55 GMT+0100 AccountId=28699575 Session=b0d5fffd-e82e-4424-9792-938e4282679b
debug ++ [int] eventPhase = 2
debug ++ [Boolean] bubbles = false
debug ++ [Boolean] cancelable = false
debug ++ [String] type = timer
debug +++ [int] repeatCount = 0
debug +++ [int] currentCount = 53
debug +++ [Boolean] running = true
debug +++ [int] delay = 120000
debug +++ [int] repeatCount = 0
debug +++ [int] currentCount = 53
debug +++ [Boolean] running = true
debug +++ [int] delay = 120000
debug time 17:28:56.86 :: After HeartBeat Count=54 Result=5
debug time 17:30:56.902 :: Before HeartBeat Count=55 Time=Sat Dec 17 2011 17:30:56 GMT+0100 AccountId=28699575 Session=b0d5fffd-e82e-4424-9792-938e4282679b
debug ++ [int] eventPhase = 2
debug ++ [Boolean] bubbles = false
debug ++ [Boolean] cancelable = false
debug ++ [String] type = timer
debug +++ [int] repeatCount = 0
debug +++ [int] currentCount = 54
debug +++ [Boolean] running = true
debug +++ [int] delay = 120000
debug +++ [int] repeatCount = 0
debug +++ [int] currentCount = 54
debug +++ [Boolean] running = true
debug +++ [int] delay = 120000
debug time 17:30:57.82 :: After HeartBeat Count=55 Result=5
debug time 17:32:56.922 :: Before HeartBeat Count=56 Time=Sat Dec 17 2011 17:32:56 GMT+0100 AccountId=28699575 Session=b0d5fffd-e82e-4424-9792-938e4282679b
debug ++ [int] eventPhase = 2
debug ++ [Boolean] bubbles = false
debug ++ [Boolean] cancelable = false
debug ++ [String] type = timer
debug +++ [int] repeatCount = 0
debug +++ [int] currentCount = 55
debug +++ [Boolean] running = true
debug +++ [int] delay = 120000
debug +++ [int] repeatCount = 0
debug +++ [int] currentCount = 55
debug +++ [Boolean] running = true
debug +++ [int] delay = 120000
debug time 17:32:57.123 :: After HeartBeat Count=56 Result=5
debug time 17:34:57.901 :: Before HeartBeat Count=57 Time=Sat Dec 17 2011 17:34:57 GMT+0100 AccountId=28699575 Session=b0d5fffd-e82e-4424-9792-938e4282679b
debug ++ [int] eventPhase = 2
debug ++ [Boolean] bubbles = false
debug ++ [Boolean] cancelable = false
debug ++ [String] type = timer
debug +++ [int] repeatCount = 0
debug +++ [int] currentCount = 56
debug +++ [Boolean] running = true
debug +++ [int] delay = 120000
debug +++ [int] repeatCount = 0
debug +++ [int] currentCount = 56
debug +++ [Boolean] running = true
debug +++ [int] delay = 120000
debug time 17:34:58.71 :: After HeartBeat Count=57 Result=5
debug time 17:36:57.901 :: Before HeartBeat Count=58 Time=Sat Dec 17 2011 17:36:57 GMT+0100 AccountId=28699575 Session=b0d5fffd-e82e-4424-9792-938e4282679b
debug ++ [int] eventPhase = 2
debug ++ [Boolean] bubbles = false
debug ++ [Boolean] cancelable = false
debug ++ [String] type = timer
debug +++ [int] repeatCount = 0
debug +++ [int] currentCount = 57
debug +++ [Boolean] running = true
debug +++ [int] delay = 120000
debug +++ [int] repeatCount = 0
debug +++ [int] currentCount = 57
debug +++ [Boolean] running = true
debug +++ [int] delay = 120000
debug time 17:36:58.71 :: After HeartBeat Count=58 Result=5
debug time 17:37:15.339 :: Performing heartbeat at Sat Dec 17 2011 17:37:15 GMT+0100
debug time 17:38:57.937 :: Before HeartBeat Count=59 Time=Sat Dec 17 2011 17:38:57 GMT+0100 AccountId=28699575 Session=b0d5fffd-e82e-4424-9792-938e4282679b
debug ++ [int] eventPhase = 2
debug ++ [Boolean] bubbles = false
debug ++ [Boolean] cancelable = false
debug ++ [String] type = timer
debug +++ [int] repeatCount = 0
debug +++ [int] currentCount = 58
debug +++ [Boolean] running = true
debug +++ [int] delay = 120000
debug +++ [int] repeatCount = 0
debug +++ [int] currentCount = 58
debug +++ [Boolean] running = true
debug +++ [int] delay = 120000
debug time 17:38:58.138 :: After HeartBeat Count=59 Result=5
debug time 17:40:57.954 :: Before HeartBeat Count=60 Time=Sat Dec 17 2011 17:40:57 GMT+0100 AccountId=28699575 Session=b0d5fffd-e82e-4424-9792-938e4282679b
debug ++ [int] eventPhase = 2
debug ++ [Boolean] bubbles = false
debug ++ [Boolean] cancelable = false
debug ++ [String] type = timer
debug +++ [int] repeatCount = 0
debug +++ [int] currentCount = 59
debug +++ [Boolean] running = true
debug +++ [int] delay = 120000
debug +++ [int] repeatCount = 0
debug +++ [int] currentCount = 59
debug +++ [Boolean] running = true
debug +++ [int] delay = 120000
debug time 17:40:58.138 :: After HeartBeat Count=60 Result=5
debug time 17:42:58.244 :: Before HeartBeat Count=61 Time=Sat Dec 17 2011 17:42:58 GMT+0100 AccountId=28699575 Session=b0d5fffd-e82e-4424-9792-938e4282679b
debug ++ [int] eventPhase = 2
debug ++ [Boolean] bubbles = false
debug ++ [Boolean] cancelable = false
debug ++ [String] type = timer
debug +++ [int] repeatCount = 0
debug +++ [int] currentCount = 60
debug +++ [Boolean] running = true
debug +++ [int] delay = 120000
debug +++ [int] repeatCount = 0
debug +++ [int] currentCount = 60
debug +++ [Boolean] running = true
debug +++ [int] delay = 120000
debug time 17:42:58.418 :: After HeartBeat Count=61 Result=5
debug time 17:44:59.220 :: Before HeartBeat Count=62 Time=Sat Dec 17 2011 17:44:59 GMT+0100 AccountId=28699575 Session=b0d5fffd-e82e-4424-9792-938e4282679b
debug ++ [int] eventPhase = 2
debug ++ [Boolean] bubbles = false
debug ++ [Boolean] cancelable = false
debug ++ [String] type = timer
debug +++ [int] repeatCount = 0
debug +++ [int] currentCount = 61
debug +++ [Boolean] running = true
debug +++ [int] delay = 120000
debug +++ [int] repeatCount = 0
debug +++ [int] currentCount = 61
debug +++ [Boolean] running = true
debug +++ [int] delay = 120000
debug time 17:44:59.390 :: After HeartBeat Count=62 Result=5
debug time 17:47:00.223 :: Before HeartBeat Count=63 Time=Sat Dec 17 2011 17:47:00 GMT+0100 AccountId=28699575 Session=b0d5fffd-e82e-4424-9792-938e4282679b
debug ++ [int] eventPhase = 2
debug ++ [Boolean] bubbles = false
debug ++ [Boolean] cancelable = false
debug ++ [String] type = timer
debug +++ [int] repeatCount = 0
debug +++ [int] currentCount = 62
debug +++ [Boolean] running = true
debug +++ [int] delay = 120000
debug +++ [int] repeatCount = 0
debug +++ [int] currentCount = 62
debug +++ [Boolean] running = true
debug +++ [int] delay = 120000
debug time 17:47:00.398 :: After HeartBeat Count=63 Result=5
debug time 17:49:00.230 :: Before HeartBeat Count=64 Time=Sat Dec 17 2011 17:49:00 GMT+0100 AccountId=28699575 Session=b0d5fffd-e82e-4424-9792-938e4282679b
debug ++ [int] eventPhase = 2
debug ++ [Boolean] bubbles = false
debug ++ [Boolean] cancelable = false
debug ++ [String] type = timer
debug +++ [int] repeatCount = 0
debug +++ [int] currentCount = 63
debug +++ [Boolean] running = true
debug +++ [int] delay = 120000
debug +++ [int] repeatCount = 0
debug +++ [int] currentCount = 63
debug +++ [Boolean] running = true
debug +++ [int] delay = 120000
debug time 17:49:00.399 :: After HeartBeat Count=64 Result=5
debug time 17:51:01.230 :: Before HeartBeat Count=65 Time=Sat Dec 17 2011 17:51:01 GMT+0100 AccountId=28699575 Session=b0d5fffd-e82e-4424-9792-938e4282679b
debug ++ [int] eventPhase = 2
debug ++ [Boolean] bubbles = false
debug ++ [Boolean] cancelable = false
debug ++ [String] type = timer
debug +++ [int] repeatCount = 0
debug +++ [int] currentCount = 64
debug +++ [Boolean] running = true
debug +++ [int] delay = 120000
debug +++ [int] repeatCount = 0
debug +++ [int] currentCount = 64
debug +++ [Boolean] running = true
debug +++ [int] delay = 120000
debug time 17:51:01.486 :: After HeartBeat Count=65 Result=5
debug time 17:53:02.229 :: Before HeartBeat Count=66 Time=Sat Dec 17 2011 17:53:02 GMT+0100 AccountId=28699575 Session=b0d5fffd-e82e-4424-9792-938e4282679b
debug ++ [int] eventPhase = 2
debug ++ [Boolean] bubbles = false
debug ++ [Boolean] cancelable = false
debug ++ [String] type = timer
debug +++ [int] repeatCount = 0
debug +++ [int] currentCount = 65
debug +++ [Boolean] running = true
debug +++ [int] delay = 120000
debug +++ [int] repeatCount = 0
debug +++ [int] currentCount = 65
debug +++ [Boolean] running = true
debug +++ [int] delay = 120000
debug time 17:53:02.400 :: After HeartBeat Count=66 Result=5
debug time 17:55:03.226 :: Before HeartBeat Count=67 Time=Sat Dec 17 2011 17:55:03 GMT+0100 AccountId=28699575 Session=b0d5fffd-e82e-4424-9792-938e4282679b
debug ++ [int] eventPhase = 2
debug ++ [Boolean] bubbles = false
debug ++ [Boolean] cancelable = false
debug ++ [String] type = timer
debug +++ [int] repeatCount = 0
debug +++ [int] currentCount = 66
debug +++ [Boolean] running = true
debug +++ [int] delay = 120000
debug +++ [int] repeatCount = 0
debug +++ [int] currentCount = 66
debug +++ [Boolean] running = true
debug +++ [int] delay = 120000
debug time 17:55:03.394 :: After HeartBeat Count=67 Result=5
debug time 17:57:03.224 :: Before HeartBeat Count=68 Time=Sat Dec 17 2011 17:57:03 GMT+0100 AccountId=28699575 Session=b0d5fffd-e82e-4424-9792-938e4282679b
debug ++ [int] eventPhase = 2
debug ++ [Boolean] bubbles = false
debug ++ [Boolean] cancelable = false
debug ++ [String] type = timer
debug +++ [int] repeatCount = 0
debug +++ [int] currentCount = 67
debug +++ [Boolean] running = true
debug +++ [int] delay = 120000
debug +++ [int] repeatCount = 0
debug +++ [int] currentCount = 67
debug +++ [Boolean] running = true
debug +++ [int] delay = 120000
debug time 17:57:03.392 :: After HeartBeat Count=68 Result=5
debug time 17:59:04.230 :: Before HeartBeat Count=69 Time=Sat Dec 17 2011 17:59:04 GMT+0100 AccountId=28699575 Session=b0d5fffd-e82e-4424-9792-938e4282679b
debug ++ [int] eventPhase = 2
debug ++ [Boolean] bubbles = false
debug ++ [Boolean] cancelable = false
debug ++ [String] type = timer
debug +++ [int] repeatCount = 0
debug +++ [int] currentCount = 68
debug +++ [Boolean] running = true
debug +++ [int] delay = 120000
debug +++ [int] repeatCount = 0
debug +++ [int] currentCount = 68
debug +++ [Boolean] running = true
debug +++ [int] delay = 120000
debug time 17:59:04.402 :: After HeartBeat Count=69 Result=5
debug time 18:01:05.225 :: Before HeartBeat Count=70 Time=Sat Dec 17 2011 18:01:05 GMT+0100 AccountId=28699575 Session=b0d5fffd-e82e-4424-9792-938e4282679b
debug ++ [int] eventPhase = 2
debug ++ [Boolean] bubbles = false
debug ++ [Boolean] cancelable = false
debug ++ [String] type = timer
debug +++ [int] repeatCount = 0
debug +++ [int] currentCount = 69
debug +++ [Boolean] running = true
debug +++ [int] delay = 120000
debug +++ [int] repeatCount = 0
debug +++ [int] currentCount = 69
debug +++ [Boolean] running = true
debug +++ [int] delay = 120000
debug time 18:01:05.393 :: After HeartBeat Count=70 Result=5
debug time 18:03:05.253 :: Before HeartBeat Count=71 Time=Sat Dec 17 2011 18:03:05 GMT+0100 AccountId=28699575 Session=b0d5fffd-e82e-4424-9792-938e4282679b
debug ++ [int] eventPhase = 2
debug ++ [Boolean] bubbles = false
debug ++ [Boolean] cancelable = false
debug ++ [String] type = timer
debug +++ [int] repeatCount = 0
debug +++ [int] currentCount = 70
debug +++ [Boolean] running = true
debug +++ [int] delay = 120000
debug +++ [int] repeatCount = 0
debug +++ [int] currentCount = 70
debug +++ [Boolean] running = true
debug +++ [int] delay = 120000
debug time 18:03:05.433 :: After HeartBeat Count=71 Result=5
debug time 18:05:06.256 :: Before HeartBeat Count=72 Time=Sat Dec 17 2011 18:05:06 GMT+0100 AccountId=28699575 Session=b0d5fffd-e82e-4424-9792-938e4282679b
debug ++ [int] eventPhase = 2
debug ++ [Boolean] bubbles = false
debug ++ [Boolean] cancelable = false
debug ++ [String] type = timer
debug +++ [int] repeatCount = 0
debug +++ [int] currentCount = 71
debug +++ [Boolean] running = true
debug +++ [int] delay = 120000
debug +++ [int] repeatCount = 0
debug +++ [int] currentCount = 71
debug +++ [Boolean] running = true
debug +++ [int] delay = 120000
debug time 18:05:06.462 :: After HeartBeat Count=72 Result=5
debug time 18:07:06.260 :: Before HeartBeat Count=73 Time=Sat Dec 17 2011 18:07:06 GMT+0100 AccountId=28699575 Session=b0d5fffd-e82e-4424-9792-938e4282679b
debug ++ [int] eventPhase = 2
debug ++ [Boolean] bubbles = false
debug ++ [Boolean] cancelable = false
debug ++ [String] type = timer
debug +++ [int] repeatCount = 0
debug +++ [int] currentCount = 72
debug +++ [Boolean] running = true
debug +++ [int] delay = 120000
debug +++ [int] repeatCount = 0
debug +++ [int] currentCount = 72
debug +++ [Boolean] running = true
debug +++ [int] delay = 120000
debug time 18:07:06.459 :: After HeartBeat Count=73 Result=5
debug time 18:09:07.232 :: Before HeartBeat Count=74 Time=Sat Dec 17 2011 18:09:07 GMT+0100 AccountId=28699575 Session=b0d5fffd-e82e-4424-9792-938e4282679b
debug ++ [int] eventPhase = 2
debug ++ [Boolean] bubbles = false
debug ++ [Boolean] cancelable = false
debug ++ [String] type = timer
debug +++ [int] repeatCount = 0
debug +++ [int] currentCount = 73
debug +++ [Boolean] running = true
debug +++ [int] delay = 120000
debug +++ [int] repeatCount = 0
debug +++ [int] currentCount = 73
debug +++ [Boolean] running = true
debug +++ [int] delay = 120000
debug time 18:09:07.409 :: After HeartBeat Count=74 Result=5
debug time 18:11:07.235 :: Before HeartBeat Count=75 Time=Sat Dec 17 2011 18:11:07 GMT+0100 AccountId=28699575 Session=b0d5fffd-e82e-4424-9792-938e4282679b
debug ++ [int] eventPhase = 2
debug ++ [Boolean] bubbles = false
debug ++ [Boolean] cancelable = false
debug ++ [String] type = timer
debug +++ [int] repeatCount = 0
debug +++ [int] currentCount = 74
debug +++ [Boolean] running = true
debug +++ [int] delay = 120000
debug +++ [int] repeatCount = 0
debug +++ [int] currentCount = 74
debug +++ [Boolean] running = true
debug +++ [int] delay = 120000
debug time 18:11:07.404 :: After HeartBeat Count=75 Result=5
debug time 18:11:16.27 :: Performing heartbeat at Sat Dec 17 2011 18:11:16 GMT+0100
