debug time 18:13:33.208 :: Before HeartBeat Count=1 Time=Wed Feb 29 2012 18:13:33 GMT+0100 AccountId=29131007 Session=79011f10-75d7-46a9-afab-43657512e0d0
STOP LOGGING: More than 0 nested objects or properties. 
debug time 18:13:33.604 :: After HeartBeat Count=1 Result=5
debug time 18:15:33.541 :: Before HeartBeat Count=2 Time=Wed Feb 29 2012 18:15:33 GMT+0100 AccountId=29131007 Session=79011f10-75d7-46a9-afab-43657512e0d0
debug ++ [int] eventPhase = 2
debug ++ [Boolean] bubbles = false
debug ++ [Boolean] cancelable = false
debug ++ [String] type = timer
debug +++ [int] repeatCount = 0
debug +++ [int] currentCount = 1
debug +++ [Boolean] running = true
debug +++ [int] delay = 120000
debug +++ [int] repeatCount = 0
debug +++ [int] currentCount = 1
debug +++ [Boolean] running = true
debug +++ [int] delay = 120000
debug time 18:15:33.711 :: After HeartBeat Count=2 Result=5
debug time 18:17:33.568 :: Before HeartBeat Count=3 Time=Wed Feb 29 2012 18:17:33 GMT+0100 AccountId=29131007 Session=79011f10-75d7-46a9-afab-43657512e0d0
debug ++ [int] eventPhase = 2
debug ++ [Boolean] bubbles = false
debug ++ [Boolean] cancelable = false
debug ++ [String] type = timer
debug +++ [int] repeatCount = 0
debug +++ [int] currentCount = 2
debug +++ [Boolean] running = true
debug +++ [int] delay = 120000
debug +++ [int] repeatCount = 0
debug +++ [int] currentCount = 2
debug +++ [Boolean] running = true
debug +++ [int] delay = 120000
debug time 18:17:33.769 :: After HeartBeat Count=3 Result=5
debug time 18:19:34.541 :: Before HeartBeat Count=4 Time=Wed Feb 29 2012 18:19:34 GMT+0100 AccountId=29131007 Session=79011f10-75d7-46a9-afab-43657512e0d0
debug ++ [int] eventPhase = 2
debug ++ [Boolean] bubbles = false
debug ++ [Boolean] cancelable = false
debug ++ [String] type = timer
debug +++ [int] repeatCount = 0
debug +++ [int] currentCount = 3
debug +++ [Boolean] running = true
debug +++ [int] delay = 120000
debug +++ [int] repeatCount = 0
debug +++ [int] currentCount = 3
debug +++ [Boolean] running = true
debug +++ [int] delay = 120000
debug time 18:19:34.709 :: After HeartBeat Count=4 Result=5
debug time 18:21:34.541 :: Before HeartBeat Count=5 Time=Wed Feb 29 2012 18:21:34 GMT+0100 AccountId=29131007 Session=79011f10-75d7-46a9-afab-43657512e0d0
debug ++ [int] eventPhase = 2
debug ++ [Boolean] bubbles = false
debug ++ [Boolean] cancelable = false
debug ++ [String] type = timer
debug +++ [int] repeatCount = 0
debug +++ [int] currentCount = 4
debug +++ [Boolean] running = true
debug +++ [int] delay = 120000
debug +++ [int] repeatCount = 0
debug +++ [int] currentCount = 4
debug +++ [Boolean] running = true
debug +++ [int] delay = 120000
debug time 18:21:34.709 :: After HeartBeat Count=5 Result=5
debug time 18:23:34.541 :: Before HeartBeat Count=6 Time=Wed Feb 29 2012 18:23:34 GMT+0100 AccountId=29131007 Session=79011f10-75d7-46a9-afab-43657512e0d0
debug ++ [int] eventPhase = 2
debug ++ [Boolean] bubbles = false
debug ++ [Boolean] cancelable = false
debug ++ [String] type = timer
debug +++ [int] repeatCount = 0
debug +++ [int] currentCount = 5
debug +++ [Boolean] running = true
debug +++ [int] delay = 120000
debug +++ [int] repeatCount = 0
debug +++ [int] currentCount = 5
debug +++ [Boolean] running = true
debug +++ [int] delay = 120000
debug time 18:23:34.710 :: After HeartBeat Count=6 Result=5
debug time 18:25:34.566 :: Before HeartBeat Count=7 Time=Wed Feb 29 2012 18:25:34 GMT+0100 AccountId=29131007 Session=79011f10-75d7-46a9-afab-43657512e0d0
debug ++ [int] eventPhase = 2
debug ++ [Boolean] bubbles = false
debug ++ [Boolean] cancelable = false
debug ++ [String] type = timer
debug +++ [int] repeatCount = 0
debug +++ [int] currentCount = 6
debug +++ [Boolean] running = true
debug +++ [int] delay = 120000
debug +++ [int] repeatCount = 0
debug +++ [int] currentCount = 6
debug +++ [Boolean] running = true
debug +++ [int] delay = 120000
debug time 18:25:34.765 :: After HeartBeat Count=7 Result=5
debug time 18:27:35.544 :: Before HeartBeat Count=8 Time=Wed Feb 29 2012 18:27:35 GMT+0100 AccountId=29131007 Session=79011f10-75d7-46a9-afab-43657512e0d0
debug ++ [int] eventPhase = 2
debug ++ [Boolean] bubbles = false
debug ++ [Boolean] cancelable = false
debug ++ [String] type = timer
debug +++ [int] repeatCount = 0
debug +++ [int] currentCount = 7
debug +++ [Boolean] running = true
debug +++ [int] delay = 120000
debug +++ [int] repeatCount = 0
debug +++ [int] currentCount = 7
debug +++ [Boolean] running = true
debug +++ [int] delay = 120000
debug time 18:27:35.713 :: After HeartBeat Count=8 Result=5
debug time 18:29:36.561 :: Before HeartBeat Count=9 Time=Wed Feb 29 2012 18:29:36 GMT+0100 AccountId=29131007 Session=79011f10-75d7-46a9-afab-43657512e0d0
debug ++ [int] eventPhase = 2
debug ++ [Boolean] bubbles = false
debug ++ [Boolean] cancelable = false
debug ++ [String] type = timer
debug +++ [int] repeatCount = 0
debug +++ [int] currentCount = 8
debug +++ [Boolean] running = true
debug +++ [int] delay = 120000
debug +++ [int] repeatCount = 0
debug +++ [int] currentCount = 8
debug +++ [Boolean] running = true
debug +++ [int] delay = 120000
debug time 18:29:36.765 :: After HeartBeat Count=9 Result=5
debug time 18:31:37.542 :: Before HeartBeat Count=10 Time=Wed Feb 29 2012 18:31:37 GMT+0100 AccountId=29131007 Session=79011f10-75d7-46a9-afab-43657512e0d0
debug ++ [int] eventPhase = 2
debug ++ [Boolean] bubbles = false
debug ++ [Boolean] cancelable = false
debug ++ [String] type = timer
debug +++ [int] repeatCount = 0
debug +++ [int] currentCount = 9
debug +++ [Boolean] running = true
debug +++ [int] delay = 120000
debug +++ [int] repeatCount = 0
debug +++ [int] currentCount = 9
debug +++ [Boolean] running = true
debug +++ [int] delay = 120000
debug time 18:31:37.711 :: After HeartBeat Count=10 Result=5
debug time 18:33:38.541 :: Before HeartBeat Count=11 Time=Wed Feb 29 2012 18:33:38 GMT+0100 AccountId=29131007 Session=79011f10-75d7-46a9-afab-43657512e0d0
debug ++ [int] eventPhase = 2
debug ++ [Boolean] bubbles = false
debug ++ [Boolean] cancelable = false
debug ++ [String] type = timer
debug +++ [int] repeatCount = 0
debug +++ [int] currentCount = 10
debug +++ [Boolean] running = true
debug +++ [int] delay = 120000
debug +++ [int] repeatCount = 0
debug +++ [int] currentCount = 10
debug +++ [Boolean] running = true
debug +++ [int] delay = 120000
debug time 18:33:38.710 :: After HeartBeat Count=11 Result=5
debug time 18:35:38.541 :: Before HeartBeat Count=12 Time=Wed Feb 29 2012 18:35:38 GMT+0100 AccountId=29131007 Session=79011f10-75d7-46a9-afab-43657512e0d0
debug ++ [int] eventPhase = 2
debug ++ [Boolean] bubbles = false
debug ++ [Boolean] cancelable = false
debug ++ [String] type = timer
debug +++ [int] repeatCount = 0
debug +++ [int] currentCount = 11
debug +++ [Boolean] running = true
debug +++ [int] delay = 120000
debug +++ [int] repeatCount = 0
debug +++ [int] currentCount = 11
debug +++ [Boolean] running = true
debug +++ [int] delay = 120000
debug time 18:35:38.708 :: After HeartBeat Count=12 Result=5
debug time 18:37:38.541 :: Before HeartBeat Count=13 Time=Wed Feb 29 2012 18:37:38 GMT+0100 AccountId=29131007 Session=79011f10-75d7-46a9-afab-43657512e0d0
debug ++ [int] eventPhase = 2
debug ++ [Boolean] bubbles = false
debug ++ [Boolean] cancelable = false
debug ++ [String] type = timer
debug +++ [int] repeatCount = 0
debug +++ [int] currentCount = 12
debug +++ [Boolean] running = true
debug +++ [int] delay = 120000
debug +++ [int] repeatCount = 0
debug +++ [int] currentCount = 12
debug +++ [Boolean] running = true
debug +++ [int] delay = 120000
debug time 18:37:38.730 :: After HeartBeat Count=13 Result=5
debug time 18:39:38.511 :: Performing heartbeat at Wed Feb 29 2012 18:39:38 GMT+0100
debug time 18:39:38.612 :: Before HeartBeat Count=14 Time=Wed Feb 29 2012 18:39:38 GMT+0100 AccountId=29131007 Session=79011f10-75d7-46a9-afab-43657512e0d0
debug ++ [int] eventPhase = 2
debug ++ [Boolean] bubbles = false
debug ++ [Boolean] cancelable = false
debug ++ [String] type = timer
debug +++ [int] repeatCount = 0
debug +++ [int] currentCount = 13
debug +++ [Boolean] running = true
debug +++ [int] delay = 120000
debug +++ [int] repeatCount = 0
debug +++ [int] currentCount = 13
debug +++ [Boolean] running = true
debug +++ [int] delay = 120000
debug time 18:39:39.460 :: After HeartBeat Count=14 Result=5
debug time 18:41:38.615 :: Before HeartBeat Count=15 Time=Wed Feb 29 2012 18:41:38 GMT+0100 AccountId=29131007 Session=79011f10-75d7-46a9-afab-43657512e0d0
debug ++ [int] eventPhase = 2
debug ++ [Boolean] bubbles = false
debug ++ [Boolean] cancelable = false
debug ++ [String] type = timer
debug +++ [int] repeatCount = 0
debug +++ [int] currentCount = 14
debug +++ [Boolean] running = true
debug +++ [int] delay = 120000
debug +++ [int] repeatCount = 0
debug +++ [int] currentCount = 14
debug +++ [Boolean] running = true
debug +++ [int] delay = 120000
debug time 18:41:38.960 :: After HeartBeat Count=15 Result=5
debug time 18:43:38.633 :: Before HeartBeat Count=16 Time=Wed Feb 29 2012 18:43:38 GMT+0100 AccountId=29131007 Session=79011f10-75d7-46a9-afab-43657512e0d0
debug ++ [int] eventPhase = 2
debug ++ [Boolean] bubbles = false
debug ++ [Boolean] cancelable = false
debug ++ [String] type = timer
debug +++ [int] repeatCount = 0
debug +++ [int] currentCount = 15
debug +++ [Boolean] running = true
debug +++ [int] delay = 120000
debug +++ [int] repeatCount = 0
debug +++ [int] currentCount = 15
debug +++ [Boolean] running = true
debug +++ [int] delay = 120000
debug time 18:43:38.829 :: After HeartBeat Count=16 Result=5
debug time 18:45:38.647 :: Before HeartBeat Count=17 Time=Wed Feb 29 2012 18:45:38 GMT+0100 AccountId=29131007 Session=79011f10-75d7-46a9-afab-43657512e0d0
debug ++ [int] eventPhase = 2
debug ++ [Boolean] bubbles = false
debug ++ [Boolean] cancelable = false
debug ++ [String] type = timer
debug +++ [int] repeatCount = 0
debug +++ [int] currentCount = 16
debug +++ [Boolean] running = true
debug +++ [int] delay = 120000
debug +++ [int] repeatCount = 0
debug +++ [int] currentCount = 16
debug +++ [Boolean] running = true
debug +++ [int] delay = 120000
debug time 18:45:38.842 :: After HeartBeat Count=17 Result=5
debug time 18:47:38.647 :: Before HeartBeat Count=18 Time=Wed Feb 29 2012 18:47:38 GMT+0100 AccountId=29131007 Session=79011f10-75d7-46a9-afab-43657512e0d0
debug ++ [int] eventPhase = 2
debug ++ [Boolean] bubbles = false
debug ++ [Boolean] cancelable = false
debug ++ [String] type = timer
debug +++ [int] repeatCount = 0
debug +++ [int] currentCount = 17
debug +++ [Boolean] running = true
debug +++ [int] delay = 120000
debug +++ [int] repeatCount = 0
debug +++ [int] currentCount = 17
debug +++ [Boolean] running = true
debug +++ [int] delay = 120000
debug time 18:47:38.842 :: After HeartBeat Count=18 Result=5
debug time 18:49:38.680 :: Before HeartBeat Count=19 Time=Wed Feb 29 2012 18:49:38 GMT+0100 AccountId=29131007 Session=79011f10-75d7-46a9-afab-43657512e0d0
debug ++ [int] eventPhase = 2
debug ++ [Boolean] bubbles = false
debug ++ [Boolean] cancelable = false
debug ++ [String] type = timer
debug +++ [int] repeatCount = 0
debug +++ [int] currentCount = 18
debug +++ [Boolean] running = true
debug +++ [int] delay = 120000
debug +++ [int] repeatCount = 0
debug +++ [int] currentCount = 18
debug +++ [Boolean] running = true
debug +++ [int] delay = 120000
debug time 18:49:38.876 :: After HeartBeat Count=19 Result=5
debug time 18:51:38.713 :: Before HeartBeat Count=20 Time=Wed Feb 29 2012 18:51:38 GMT+0100 AccountId=29131007 Session=79011f10-75d7-46a9-afab-43657512e0d0
debug ++ [int] eventPhase = 2
debug ++ [Boolean] bubbles = false
debug ++ [Boolean] cancelable = false
debug ++ [String] type = timer
debug +++ [int] repeatCount = 0
debug +++ [int] currentCount = 19
debug +++ [Boolean] running = true
debug +++ [int] delay = 120000
debug +++ [int] repeatCount = 0
debug +++ [int] currentCount = 19
debug +++ [Boolean] running = true
debug +++ [int] delay = 120000
debug time 18:51:38.909 :: After HeartBeat Count=20 Result=5
debug time 18:53:38.713 :: Before HeartBeat Count=21 Time=Wed Feb 29 2012 18:53:38 GMT+0100 AccountId=29131007 Session=79011f10-75d7-46a9-afab-43657512e0d0
debug ++ [int] eventPhase = 2
debug ++ [Boolean] bubbles = false
debug ++ [Boolean] cancelable = false
debug ++ [String] type = timer
debug +++ [int] repeatCount = 0
debug +++ [int] currentCount = 20
debug +++ [Boolean] running = true
debug +++ [int] delay = 120000
debug +++ [int] repeatCount = 0
debug +++ [int] currentCount = 20
debug +++ [Boolean] running = true
debug +++ [int] delay = 120000
debug time 18:53:38.909 :: After HeartBeat Count=21 Result=5
debug time 18:55:38.742 :: Before HeartBeat Count=22 Time=Wed Feb 29 2012 18:55:38 GMT+0100 AccountId=29131007 Session=79011f10-75d7-46a9-afab-43657512e0d0
debug ++ [int] eventPhase = 2
debug ++ [Boolean] bubbles = false
debug ++ [Boolean] cancelable = false
debug ++ [String] type = timer
debug +++ [int] repeatCount = 0
debug +++ [int] currentCount = 21
debug +++ [Boolean] running = true
debug +++ [int] delay = 120000
debug +++ [int] repeatCount = 0
debug +++ [int] currentCount = 21
debug +++ [Boolean] running = true
debug +++ [int] delay = 120000
debug time 18:55:38.941 :: After HeartBeat Count=22 Result=5
debug time 18:57:38.745 :: Before HeartBeat Count=23 Time=Wed Feb 29 2012 18:57:38 GMT+0100 AccountId=29131007 Session=79011f10-75d7-46a9-afab-43657512e0d0
debug ++ [int] eventPhase = 2
debug ++ [Boolean] bubbles = false
debug ++ [Boolean] cancelable = false
debug ++ [String] type = timer
debug +++ [int] repeatCount = 0
debug +++ [int] currentCount = 22
debug +++ [Boolean] running = true
debug +++ [int] delay = 120000
debug +++ [int] repeatCount = 0
debug +++ [int] currentCount = 22
debug +++ [Boolean] running = true
debug +++ [int] delay = 120000
debug time 18:57:38.942 :: After HeartBeat Count=23 Result=5
debug time 18:59:38.745 :: Before HeartBeat Count=24 Time=Wed Feb 29 2012 18:59:38 GMT+0100 AccountId=29131007 Session=79011f10-75d7-46a9-afab-43657512e0d0
debug ++ [int] eventPhase = 2
debug ++ [Boolean] bubbles = false
debug ++ [Boolean] cancelable = false
debug ++ [String] type = timer
debug +++ [int] repeatCount = 0
debug +++ [int] currentCount = 23
debug +++ [Boolean] running = true
debug +++ [int] delay = 120000
debug +++ [int] repeatCount = 0
debug +++ [int] currentCount = 23
debug +++ [Boolean] running = true
debug +++ [int] delay = 120000
debug time 18:59:38.942 :: After HeartBeat Count=24 Result=5
debug time 19:01:38.745 :: Before HeartBeat Count=25 Time=Wed Feb 29 2012 19:01:38 GMT+0100 AccountId=29131007 Session=79011f10-75d7-46a9-afab-43657512e0d0
debug ++ [int] eventPhase = 2
debug ++ [Boolean] bubbles = false
debug ++ [Boolean] cancelable = false
debug ++ [String] type = timer
debug +++ [int] repeatCount = 0
debug +++ [int] currentCount = 24
debug +++ [Boolean] running = true
debug +++ [int] delay = 120000
debug +++ [int] repeatCount = 0
debug +++ [int] currentCount = 24
debug +++ [Boolean] running = true
debug +++ [int] delay = 120000
debug time 19:01:38.942 :: After HeartBeat Count=25 Result=5
debug time 19:03:38.747 :: Before HeartBeat Count=26 Time=Wed Feb 29 2012 19:03:38 GMT+0100 AccountId=29131007 Session=79011f10-75d7-46a9-afab-43657512e0d0
debug ++ [int] eventPhase = 2
debug ++ [Boolean] bubbles = false
debug ++ [Boolean] cancelable = false
debug ++ [String] type = timer
debug +++ [int] repeatCount = 0
debug +++ [int] currentCount = 25
debug +++ [Boolean] running = true
debug +++ [int] delay = 120000
debug +++ [int] repeatCount = 0
debug +++ [int] currentCount = 25
debug +++ [Boolean] running = true
debug +++ [int] delay = 120000
debug time 19:03:38.942 :: After HeartBeat Count=26 Result=5
debug time 19:05:38.772 :: Before HeartBeat Count=27 Time=Wed Feb 29 2012 19:05:38 GMT+0100 AccountId=29131007 Session=79011f10-75d7-46a9-afab-43657512e0d0
debug ++ [int] eventPhase = 2
debug ++ [Boolean] bubbles = false
debug ++ [Boolean] cancelable = false
debug ++ [String] type = timer
debug +++ [int] repeatCount = 0
debug +++ [int] currentCount = 26
debug +++ [Boolean] running = true
debug +++ [int] delay = 120000
debug +++ [int] repeatCount = 0
debug +++ [int] currentCount = 26
debug +++ [Boolean] running = true
debug +++ [int] delay = 120000
debug time 19:05:38.976 :: After HeartBeat Count=27 Result=5
debug time 19:07:38.781 :: Before HeartBeat Count=28 Time=Wed Feb 29 2012 19:07:38 GMT+0100 AccountId=29131007 Session=79011f10-75d7-46a9-afab-43657512e0d0
debug ++ [int] eventPhase = 2
debug ++ [Boolean] bubbles = false
debug ++ [Boolean] cancelable = false
debug ++ [String] type = timer
debug +++ [int] repeatCount = 0
debug +++ [int] currentCount = 27
debug +++ [Boolean] running = true
debug +++ [int] delay = 120000
debug +++ [int] repeatCount = 0
debug +++ [int] currentCount = 27
debug +++ [Boolean] running = true
debug +++ [int] delay = 120000
debug time 19:07:38.976 :: After HeartBeat Count=28 Result=5
debug time 19:09:38.811 :: Before HeartBeat Count=29 Time=Wed Feb 29 2012 19:09:38 GMT+0100 AccountId=29131007 Session=79011f10-75d7-46a9-afab-43657512e0d0
debug ++ [int] eventPhase = 2
debug ++ [Boolean] bubbles = false
debug ++ [Boolean] cancelable = false
debug ++ [String] type = timer
debug +++ [int] repeatCount = 0
debug +++ [int] currentCount = 28
debug +++ [Boolean] running = true
debug +++ [int] delay = 120000
debug +++ [int] repeatCount = 0
debug +++ [int] currentCount = 28
debug +++ [Boolean] running = true
debug +++ [int] delay = 120000
debug time 19:09:39.09 :: After HeartBeat Count=29 Result=5
debug time 19:11:38.812 :: Before HeartBeat Count=30 Time=Wed Feb 29 2012 19:11:38 GMT+0100 AccountId=29131007 Session=79011f10-75d7-46a9-afab-43657512e0d0
debug ++ [int] eventPhase = 2
debug ++ [Boolean] bubbles = false
debug ++ [Boolean] cancelable = false
debug ++ [String] type = timer
debug +++ [int] repeatCount = 0
debug +++ [int] currentCount = 29
debug +++ [Boolean] running = true
debug +++ [int] delay = 120000
debug +++ [int] repeatCount = 0
debug +++ [int] currentCount = 29
debug +++ [Boolean] running = true
debug +++ [int] delay = 120000
debug time 19:11:39.11 :: After HeartBeat Count=30 Result=5
debug time 19:13:38.813 :: Before HeartBeat Count=31 Time=Wed Feb 29 2012 19:13:38 GMT+0100 AccountId=29131007 Session=79011f10-75d7-46a9-afab-43657512e0d0
debug ++ [int] eventPhase = 2
debug ++ [Boolean] bubbles = false
debug ++ [Boolean] cancelable = false
debug ++ [String] type = timer
debug +++ [int] repeatCount = 0
debug +++ [int] currentCount = 30
debug +++ [Boolean] running = true
debug +++ [int] delay = 120000
debug +++ [int] repeatCount = 0
debug +++ [int] currentCount = 30
debug +++ [Boolean] running = true
debug +++ [int] delay = 120000
debug time 19:13:39.09 :: After HeartBeat Count=31 Result=5
debug time 19:14:52.291 :: Performing heartbeat at Wed Feb 29 2012 19:14:52 GMT+0100
debug time 19:15:38.846 :: Before HeartBeat Count=32 Time=Wed Feb 29 2012 19:15:38 GMT+0100 AccountId=29131007 Session=79011f10-75d7-46a9-afab-43657512e0d0
debug ++ [int] eventPhase = 2
debug ++ [Boolean] bubbles = false
debug ++ [Boolean] cancelable = false
debug ++ [String] type = timer
debug +++ [int] repeatCount = 0
debug +++ [int] currentCount = 31
debug +++ [Boolean] running = true
debug +++ [int] delay = 120000
debug +++ [int] repeatCount = 0
debug +++ [int] currentCount = 31
debug +++ [Boolean] running = true
debug +++ [int] delay = 120000
debug time 19:15:39.38 :: After HeartBeat Count=32 Result=5
debug time 19:17:39.266 :: Before HeartBeat Count=33 Time=Wed Feb 29 2012 19:17:39 GMT+0100 AccountId=29131007 Session=79011f10-75d7-46a9-afab-43657512e0d0
debug ++ [int] eventPhase = 2
debug ++ [Boolean] bubbles = false
debug ++ [Boolean] cancelable = false
debug ++ [String] type = timer
debug +++ [int] repeatCount = 0
debug +++ [int] currentCount = 32
debug +++ [Boolean] running = true
debug +++ [int] delay = 120000
debug +++ [int] repeatCount = 0
debug +++ [int] currentCount = 32
debug +++ [Boolean] running = true
debug +++ [int] delay = 120000
debug time 19:17:39.436 :: After HeartBeat Count=33 Result=5
debug time 19:19:39.266 :: Before HeartBeat Count=34 Time=Wed Feb 29 2012 19:19:39 GMT+0100 AccountId=29131007 Session=79011f10-75d7-46a9-afab-43657512e0d0
debug ++ [int] eventPhase = 2
debug ++ [Boolean] bubbles = false
debug ++ [Boolean] cancelable = false
debug ++ [String] type = timer
debug +++ [int] repeatCount = 0
debug +++ [int] currentCount = 33
debug +++ [Boolean] running = true
debug +++ [int] delay = 120000
debug +++ [int] repeatCount = 0
debug +++ [int] currentCount = 33
debug +++ [Boolean] running = true
debug +++ [int] delay = 120000
debug time 19:19:39.436 :: After HeartBeat Count=34 Result=5
debug time 19:21:39.267 :: Before HeartBeat Count=35 Time=Wed Feb 29 2012 19:21:39 GMT+0100 AccountId=29131007 Session=79011f10-75d7-46a9-afab-43657512e0d0
debug ++ [int] eventPhase = 2
debug ++ [Boolean] bubbles = false
debug ++ [Boolean] cancelable = false
debug ++ [String] type = timer
debug +++ [int] repeatCount = 0
debug +++ [int] currentCount = 34
debug +++ [Boolean] running = true
debug +++ [int] delay = 120000
debug +++ [int] repeatCount = 0
debug +++ [int] currentCount = 34
debug +++ [Boolean] running = true
debug +++ [int] delay = 120000
debug time 19:21:39.436 :: After HeartBeat Count=35 Result=5
debug time 19:23:39.268 :: Before HeartBeat Count=36 Time=Wed Feb 29 2012 19:23:39 GMT+0100 AccountId=29131007 Session=79011f10-75d7-46a9-afab-43657512e0d0
debug ++ [int] eventPhase = 2
debug ++ [Boolean] bubbles = false
debug ++ [Boolean] cancelable = false
debug ++ [String] type = timer
debug +++ [int] repeatCount = 0
debug +++ [int] currentCount = 35
debug +++ [Boolean] running = true
debug +++ [int] delay = 120000
debug +++ [int] repeatCount = 0
debug +++ [int] currentCount = 35
debug +++ [Boolean] running = true
debug +++ [int] delay = 120000
debug time 19:23:39.438 :: After HeartBeat Count=36 Result=5
debug time 19:25:39.291 :: Before HeartBeat Count=37 Time=Wed Feb 29 2012 19:25:39 GMT+0100 AccountId=29131007 Session=79011f10-75d7-46a9-afab-43657512e0d0
debug ++ [int] eventPhase = 2
debug ++ [Boolean] bubbles = false
debug ++ [Boolean] cancelable = false
debug ++ [String] type = timer
debug +++ [int] repeatCount = 0
debug +++ [int] currentCount = 36
debug +++ [Boolean] running = true
debug +++ [int] delay = 120000
debug +++ [int] repeatCount = 0
debug +++ [int] currentCount = 36
debug +++ [Boolean] running = true
debug +++ [int] delay = 120000
debug time 19:25:39.460 :: After HeartBeat Count=37 Result=5
debug time 19:27:40.267 :: Before HeartBeat Count=38 Time=Wed Feb 29 2012 19:27:40 GMT+0100 AccountId=29131007 Session=79011f10-75d7-46a9-afab-43657512e0d0
debug ++ [int] eventPhase = 2
debug ++ [Boolean] bubbles = false
debug ++ [Boolean] cancelable = false
debug ++ [String] type = timer
debug +++ [int] repeatCount = 0
debug +++ [int] currentCount = 37
debug +++ [Boolean] running = true
debug +++ [int] delay = 120000
debug +++ [int] repeatCount = 0
debug +++ [int] currentCount = 37
debug +++ [Boolean] running = true
debug +++ [int] delay = 120000
debug time 19:27:40.453 :: After HeartBeat Count=38 Result=5
debug time 19:29:40.266 :: Before HeartBeat Count=39 Time=Wed Feb 29 2012 19:29:40 GMT+0100 AccountId=29131007 Session=79011f10-75d7-46a9-afab-43657512e0d0
debug ++ [int] eventPhase = 2
debug ++ [Boolean] bubbles = false
debug ++ [Boolean] cancelable = false
debug ++ [String] type = timer
debug +++ [int] repeatCount = 0
debug +++ [int] currentCount = 38
debug +++ [Boolean] running = true
debug +++ [int] delay = 120000
debug +++ [int] repeatCount = 0
debug +++ [int] currentCount = 38
debug +++ [Boolean] running = true
debug +++ [int] delay = 120000
debug time 19:29:40.435 :: After HeartBeat Count=39 Result=5
debug time 19:31:40.266 :: Before HeartBeat Count=40 Time=Wed Feb 29 2012 19:31:40 GMT+0100 AccountId=29131007 Session=79011f10-75d7-46a9-afab-43657512e0d0
debug ++ [int] eventPhase = 2
debug ++ [Boolean] bubbles = false
debug ++ [Boolean] cancelable = false
debug ++ [String] type = timer
debug +++ [int] repeatCount = 0
debug +++ [int] currentCount = 39
debug +++ [Boolean] running = true
debug +++ [int] delay = 120000
debug +++ [int] repeatCount = 0
debug +++ [int] currentCount = 39
debug +++ [Boolean] running = true
debug +++ [int] delay = 120000
debug time 19:31:40.435 :: After HeartBeat Count=40 Result=5
debug time 19:33:40.296 :: Before HeartBeat Count=41 Time=Wed Feb 29 2012 19:33:40 GMT+0100 AccountId=29131007 Session=79011f10-75d7-46a9-afab-43657512e0d0
debug ++ [int] eventPhase = 2
debug ++ [Boolean] bubbles = false
debug ++ [Boolean] cancelable = false
debug ++ [String] type = timer
debug +++ [int] repeatCount = 0
debug +++ [int] currentCount = 40
debug +++ [Boolean] running = true
debug +++ [int] delay = 120000
debug +++ [int] repeatCount = 0
debug +++ [int] currentCount = 40
debug +++ [Boolean] running = true
debug +++ [int] delay = 120000
debug time 19:33:40.475 :: After HeartBeat Count=41 Result=5
debug time 19:35:41.267 :: Before HeartBeat Count=42 Time=Wed Feb 29 2012 19:35:41 GMT+0100 AccountId=29131007 Session=79011f10-75d7-46a9-afab-43657512e0d0
debug ++ [int] eventPhase = 2
debug ++ [Boolean] bubbles = false
debug ++ [Boolean] cancelable = false
debug ++ [String] type = timer
debug +++ [int] repeatCount = 0
debug +++ [int] currentCount = 41
debug +++ [Boolean] running = true
debug +++ [int] delay = 120000
debug +++ [int] repeatCount = 0
debug +++ [int] currentCount = 41
debug +++ [Boolean] running = true
debug +++ [int] delay = 120000
debug time 19:35:41.435 :: After HeartBeat Count=42 Result=5
debug time 19:37:41.267 :: Before HeartBeat Count=43 Time=Wed Feb 29 2012 19:37:41 GMT+0100 AccountId=29131007 Session=79011f10-75d7-46a9-afab-43657512e0d0
debug ++ [int] eventPhase = 2
debug ++ [Boolean] bubbles = false
debug ++ [Boolean] cancelable = false
debug ++ [String] type = timer
debug +++ [int] repeatCount = 0
debug +++ [int] currentCount = 42
debug +++ [Boolean] running = true
debug +++ [int] delay = 120000
debug +++ [int] repeatCount = 0
debug +++ [int] currentCount = 42
debug +++ [Boolean] running = true
debug +++ [int] delay = 120000
debug time 19:37:41.436 :: After HeartBeat Count=43 Result=5
debug time 19:39:41.297 :: Before HeartBeat Count=44 Time=Wed Feb 29 2012 19:39:41 GMT+0100 AccountId=29131007 Session=79011f10-75d7-46a9-afab-43657512e0d0
debug ++ [int] eventPhase = 2
debug ++ [Boolean] bubbles = false
debug ++ [Boolean] cancelable = false
debug ++ [String] type = timer
debug +++ [int] repeatCount = 0
debug +++ [int] currentCount = 43
debug +++ [Boolean] running = true
debug +++ [int] delay = 120000
debug +++ [int] repeatCount = 0
debug +++ [int] currentCount = 43
debug +++ [Boolean] running = true
debug +++ [int] delay = 120000
debug time 19:39:41.502 :: After HeartBeat Count=44 Result=5
debug time 19:41:42.266 :: Before HeartBeat Count=45 Time=Wed Feb 29 2012 19:41:42 GMT+0100 AccountId=29131007 Session=79011f10-75d7-46a9-afab-43657512e0d0
debug ++ [int] eventPhase = 2
debug ++ [Boolean] bubbles = false
debug ++ [Boolean] cancelable = false
debug ++ [String] type = timer
debug +++ [int] repeatCount = 0
debug +++ [int] currentCount = 44
debug +++ [Boolean] running = true
debug +++ [int] delay = 120000
debug +++ [int] repeatCount = 0
debug +++ [int] currentCount = 44
debug +++ [Boolean] running = true
debug +++ [int] delay = 120000
debug time 19:41:42.434 :: After HeartBeat Count=45 Result=5
debug time 19:43:42.267 :: Before HeartBeat Count=46 Time=Wed Feb 29 2012 19:43:42 GMT+0100 AccountId=29131007 Session=79011f10-75d7-46a9-afab-43657512e0d0
debug ++ [int] eventPhase = 2
debug ++ [Boolean] bubbles = false
debug ++ [Boolean] cancelable = false
debug ++ [String] type = timer
debug +++ [int] repeatCount = 0
debug +++ [int] currentCount = 45
debug +++ [Boolean] running = true
debug +++ [int] delay = 120000
debug +++ [int] repeatCount = 0
debug +++ [int] currentCount = 45
debug +++ [Boolean] running = true
debug +++ [int] delay = 120000
debug time 19:43:42.437 :: After HeartBeat Count=46 Result=5
debug time 19:45:42.278 :: Before HeartBeat Count=47 Time=Wed Feb 29 2012 19:45:42 GMT+0100 AccountId=29131007 Session=79011f10-75d7-46a9-afab-43657512e0d0
debug ++ [int] eventPhase = 2
debug ++ [Boolean] bubbles = false
debug ++ [Boolean] cancelable = false
debug ++ [String] type = timer
debug +++ [int] repeatCount = 0
debug +++ [int] currentCount = 46
debug +++ [Boolean] running = true
debug +++ [int] delay = 120000
debug +++ [int] repeatCount = 0
debug +++ [int] currentCount = 46
debug +++ [Boolean] running = true
debug +++ [int] delay = 120000
debug time 19:45:42.477 :: After HeartBeat Count=47 Result=5
debug time 19:47:43.267 :: Before HeartBeat Count=48 Time=Wed Feb 29 2012 19:47:43 GMT+0100 AccountId=29131007 Session=79011f10-75d7-46a9-afab-43657512e0d0
debug ++ [int] eventPhase = 2
debug ++ [Boolean] bubbles = false
debug ++ [Boolean] cancelable = false
debug ++ [String] type = timer
debug +++ [int] repeatCount = 0
debug +++ [int] currentCount = 47
debug +++ [Boolean] running = true
debug +++ [int] delay = 120000
debug +++ [int] repeatCount = 0
debug +++ [int] currentCount = 47
debug +++ [Boolean] running = true
debug +++ [int] delay = 120000
debug time 19:47:43.436 :: After HeartBeat Count=48 Result=5
debug time 19:49:43.267 :: Before HeartBeat Count=49 Time=Wed Feb 29 2012 19:49:43 GMT+0100 AccountId=29131007 Session=79011f10-75d7-46a9-afab-43657512e0d0
debug ++ [int] eventPhase = 2
debug ++ [Boolean] bubbles = false
debug ++ [Boolean] cancelable = false
debug ++ [String] type = timer
debug +++ [int] repeatCount = 0
debug +++ [int] currentCount = 48
debug +++ [Boolean] running = true
debug +++ [int] delay = 120000
debug +++ [int] repeatCount = 0
debug +++ [int] currentCount = 48
debug +++ [Boolean] running = true
debug +++ [int] delay = 120000
debug time 19:49:43.436 :: After HeartBeat Count=49 Result=5
debug time 19:51:44.283 :: Before HeartBeat Count=50 Time=Wed Feb 29 2012 19:51:44 GMT+0100 AccountId=29131007 Session=79011f10-75d7-46a9-afab-43657512e0d0
debug ++ [int] eventPhase = 2
debug ++ [Boolean] bubbles = false
debug ++ [Boolean] cancelable = false
debug ++ [String] type = timer
debug +++ [int] repeatCount = 0
debug +++ [int] currentCount = 49
debug +++ [Boolean] running = true
debug +++ [int] delay = 120000
debug +++ [int] repeatCount = 0
debug +++ [int] currentCount = 49
debug +++ [Boolean] running = true
debug +++ [int] delay = 120000
debug time 19:51:44.487 :: After HeartBeat Count=50 Result=5
debug time 19:53:45.266 :: Before HeartBeat Count=51 Time=Wed Feb 29 2012 19:53:45 GMT+0100 AccountId=29131007 Session=79011f10-75d7-46a9-afab-43657512e0d0
debug ++ [int] eventPhase = 2
debug ++ [Boolean] bubbles = false
debug ++ [Boolean] cancelable = false
debug ++ [String] type = timer
debug +++ [int] repeatCount = 0
debug +++ [int] currentCount = 50
debug +++ [Boolean] running = true
debug +++ [int] delay = 120000
debug +++ [int] repeatCount = 0
debug +++ [int] currentCount = 50
debug +++ [Boolean] running = true
debug +++ [int] delay = 120000
debug time 19:53:45.435 :: After HeartBeat Count=51 Result=5
debug time 19:55:45.269 :: Before HeartBeat Count=52 Time=Wed Feb 29 2012 19:55:45 GMT+0100 AccountId=29131007 Session=79011f10-75d7-46a9-afab-43657512e0d0
debug ++ [int] eventPhase = 2
debug ++ [Boolean] bubbles = false
debug ++ [Boolean] cancelable = false
debug ++ [String] type = timer
debug +++ [int] repeatCount = 0
debug +++ [int] currentCount = 51
debug +++ [Boolean] running = true
debug +++ [int] delay = 120000
debug +++ [int] repeatCount = 0
debug +++ [int] currentCount = 51
debug +++ [Boolean] running = true
debug +++ [int] delay = 120000
debug time 19:55:45.437 :: After HeartBeat Count=52 Result=5
debug time 19:57:45.269 :: Before HeartBeat Count=53 Time=Wed Feb 29 2012 19:57:45 GMT+0100 AccountId=29131007 Session=79011f10-75d7-46a9-afab-43657512e0d0
debug ++ [int] eventPhase = 2
debug ++ [Boolean] bubbles = false
debug ++ [Boolean] cancelable = false
debug ++ [String] type = timer
debug +++ [int] repeatCount = 0
debug +++ [int] currentCount = 52
debug +++ [Boolean] running = true
debug +++ [int] delay = 120000
debug +++ [int] repeatCount = 0
debug +++ [int] currentCount = 52
debug +++ [Boolean] running = true
debug +++ [int] delay = 120000
debug time 19:57:45.437 :: After HeartBeat Count=53 Result=5
debug time 19:59:46.291 :: Before HeartBeat Count=54 Time=Wed Feb 29 2012 19:59:46 GMT+0100 AccountId=29131007 Session=79011f10-75d7-46a9-afab-43657512e0d0
debug ++ [int] eventPhase = 2
debug ++ [Boolean] bubbles = false
debug ++ [Boolean] cancelable = false
debug ++ [String] type = timer
debug +++ [int] repeatCount = 0
debug +++ [int] currentCount = 53
debug +++ [Boolean] running = true
debug +++ [int] delay = 120000
debug +++ [int] repeatCount = 0
debug +++ [int] currentCount = 53
debug +++ [Boolean] running = true
debug +++ [int] delay = 120000
debug time 19:59:46.497 :: After HeartBeat Count=54 Result=5
debug time 20:01:47.298 :: Before HeartBeat Count=55 Time=Wed Feb 29 2012 20:01:47 GMT+0100 AccountId=29131007 Session=79011f10-75d7-46a9-afab-43657512e0d0
debug ++ [int] eventPhase = 2
debug ++ [Boolean] bubbles = false
debug ++ [Boolean] cancelable = false
debug ++ [String] type = timer
debug +++ [int] repeatCount = 0
debug +++ [int] currentCount = 54
debug +++ [Boolean] running = true
debug +++ [int] delay = 120000
debug +++ [int] repeatCount = 0
debug +++ [int] currentCount = 54
debug +++ [Boolean] running = true
debug +++ [int] delay = 120000
debug time 20:01:47.498 :: After HeartBeat Count=55 Result=5
debug time 20:03:48.266 :: Before HeartBeat Count=56 Time=Wed Feb 29 2012 20:03:48 GMT+0100 AccountId=29131007 Session=79011f10-75d7-46a9-afab-43657512e0d0
debug ++ [int] eventPhase = 2
debug ++ [Boolean] bubbles = false
debug ++ [Boolean] cancelable = false
debug ++ [String] type = timer
debug +++ [int] repeatCount = 0
debug +++ [int] currentCount = 55
debug +++ [Boolean] running = true
debug +++ [int] delay = 120000
debug +++ [int] repeatCount = 0
debug +++ [int] currentCount = 55
debug +++ [Boolean] running = true
debug +++ [int] delay = 120000
debug time 20:03:48.435 :: After HeartBeat Count=56 Result=5
debug time 20:05:29.588 :: Performing heartbeat at Wed Feb 29 2012 20:05:29 GMT+0100
debug time 20:05:48.279 :: Before HeartBeat Count=57 Time=Wed Feb 29 2012 20:05:48 GMT+0100 AccountId=29131007 Session=79011f10-75d7-46a9-afab-43657512e0d0
debug ++ [int] eventPhase = 2
debug ++ [Boolean] bubbles = false
debug ++ [Boolean] cancelable = false
debug ++ [String] type = timer
debug +++ [int] repeatCount = 0
debug +++ [int] currentCount = 56
debug +++ [Boolean] running = true
debug +++ [int] delay = 120000
debug +++ [int] repeatCount = 0
debug +++ [int] currentCount = 56
debug +++ [Boolean] running = true
debug +++ [int] delay = 120000
debug time 20:05:48.470 :: After HeartBeat Count=57 Result=5
