debug time 17:58:03.229 :: Before HeartBeat Count=1 Time=Mon Feb 20 2012 17:58:03 GMT+0100 AccountId=29131007 Session=d0a2b4f0-fd98-4d96-9cbb-da97c9a8e778
STOP LOGGING: More than 0 nested objects or properties. 
debug time 17:58:03.552 :: After HeartBeat Count=1 Result=5
debug time 18:00:03.248 :: Before HeartBeat Count=2 Time=Mon Feb 20 2012 18:00:03 GMT+0100 AccountId=29131007 Session=d0a2b4f0-fd98-4d96-9cbb-da97c9a8e778
debug ++ [int] eventPhase = 2
debug ++ [Boolean] bubbles = false
debug ++ [Boolean] cancelable = false
debug ++ [String] type = timer
debug +++ [int] repeatCount = 0
debug +++ [int] currentCount = 1
debug +++ [Boolean] running = true
debug +++ [int] delay = 120000
debug +++ [int] repeatCount = 0
debug +++ [int] currentCount = 1
debug +++ [Boolean] running = true
debug +++ [int] delay = 120000
debug time 18:00:03.444 :: After HeartBeat Count=2 Result=5
debug time 18:02:03.664 :: Before HeartBeat Count=3 Time=Mon Feb 20 2012 18:02:03 GMT+0100 AccountId=29131007 Session=d0a2b4f0-fd98-4d96-9cbb-da97c9a8e778
debug ++ [int] eventPhase = 2
debug ++ [Boolean] bubbles = false
debug ++ [Boolean] cancelable = false
debug ++ [String] type = timer
debug +++ [int] repeatCount = 0
debug +++ [int] currentCount = 2
debug +++ [Boolean] running = true
debug +++ [int] delay = 120000
debug +++ [int] repeatCount = 0
debug +++ [int] currentCount = 2
debug +++ [Boolean] running = true
debug +++ [int] delay = 120000
debug time 18:02:04.662 :: After HeartBeat Count=3 Result=5
debug time 18:04:03.669 :: Before HeartBeat Count=4 Time=Mon Feb 20 2012 18:04:03 GMT+0100 AccountId=29131007 Session=d0a2b4f0-fd98-4d96-9cbb-da97c9a8e778
debug ++ [int] eventPhase = 2
debug ++ [Boolean] bubbles = false
debug ++ [Boolean] cancelable = false
debug ++ [String] type = timer
debug +++ [int] repeatCount = 0
debug +++ [int] currentCount = 3
debug +++ [Boolean] running = true
debug +++ [int] delay = 120000
debug +++ [int] repeatCount = 0
debug +++ [int] currentCount = 3
debug +++ [Boolean] running = true
debug +++ [int] delay = 120000
debug time 18:04:04.662 :: After HeartBeat Count=4 Result=5
debug time 18:06:04.668 :: Before HeartBeat Count=5 Time=Mon Feb 20 2012 18:06:04 GMT+0100 AccountId=29131007 Session=d0a2b4f0-fd98-4d96-9cbb-da97c9a8e778
debug ++ [int] eventPhase = 2
debug ++ [Boolean] bubbles = false
debug ++ [Boolean] cancelable = false
debug ++ [String] type = timer
debug +++ [int] repeatCount = 0
debug +++ [int] currentCount = 4
debug +++ [Boolean] running = true
debug +++ [int] delay = 120000
debug +++ [int] repeatCount = 0
debug +++ [int] currentCount = 4
debug +++ [Boolean] running = true
debug +++ [int] delay = 120000
debug time 18:06:05.663 :: After HeartBeat Count=5 Result=5
debug time 18:08:04.693 :: Before HeartBeat Count=6 Time=Mon Feb 20 2012 18:08:04 GMT+0100 AccountId=29131007 Session=d0a2b4f0-fd98-4d96-9cbb-da97c9a8e778
debug ++ [int] eventPhase = 2
debug ++ [Boolean] bubbles = false
debug ++ [Boolean] cancelable = false
debug ++ [String] type = timer
debug +++ [int] repeatCount = 0
debug +++ [int] currentCount = 5
debug +++ [Boolean] running = true
debug +++ [int] delay = 120000
debug +++ [int] repeatCount = 0
debug +++ [int] currentCount = 5
debug +++ [Boolean] running = true
debug +++ [int] delay = 120000
debug time 18:08:05.664 :: After HeartBeat Count=6 Result=5
debug time 18:10:05.667 :: Before HeartBeat Count=7 Time=Mon Feb 20 2012 18:10:05 GMT+0100 AccountId=29131007 Session=d0a2b4f0-fd98-4d96-9cbb-da97c9a8e778
debug ++ [int] eventPhase = 2
debug ++ [Boolean] bubbles = false
debug ++ [Boolean] cancelable = false
debug ++ [String] type = timer
debug +++ [int] repeatCount = 0
debug +++ [int] currentCount = 6
debug +++ [Boolean] running = true
debug +++ [int] delay = 120000
debug +++ [int] repeatCount = 0
debug +++ [int] currentCount = 6
debug +++ [Boolean] running = true
debug +++ [int] delay = 120000
debug time 18:10:06.664 :: After HeartBeat Count=7 Result=5
debug time 18:12:05.669 :: Before HeartBeat Count=8 Time=Mon Feb 20 2012 18:12:05 GMT+0100 AccountId=29131007 Session=d0a2b4f0-fd98-4d96-9cbb-da97c9a8e778
debug ++ [int] eventPhase = 2
debug ++ [Boolean] bubbles = false
debug ++ [Boolean] cancelable = false
debug ++ [String] type = timer
debug +++ [int] repeatCount = 0
debug +++ [int] currentCount = 7
debug +++ [Boolean] running = true
debug +++ [int] delay = 120000
debug +++ [int] repeatCount = 0
debug +++ [int] currentCount = 7
debug +++ [Boolean] running = true
debug +++ [int] delay = 120000
debug time 18:12:06.665 :: After HeartBeat Count=8 Result=5
debug time 18:14:05.694 :: Before HeartBeat Count=9 Time=Mon Feb 20 2012 18:14:05 GMT+0100 AccountId=29131007 Session=d0a2b4f0-fd98-4d96-9cbb-da97c9a8e778
debug ++ [int] eventPhase = 2
debug ++ [Boolean] bubbles = false
debug ++ [Boolean] cancelable = false
debug ++ [String] type = timer
debug +++ [int] repeatCount = 0
debug +++ [int] currentCount = 8
debug +++ [Boolean] running = true
debug +++ [int] delay = 120000
debug +++ [int] repeatCount = 0
debug +++ [int] currentCount = 8
debug +++ [Boolean] running = true
debug +++ [int] delay = 120000
debug time 18:14:06.672 :: After HeartBeat Count=9 Result=5
debug time 18:16:06.672 :: Before HeartBeat Count=10 Time=Mon Feb 20 2012 18:16:06 GMT+0100 AccountId=29131007 Session=d0a2b4f0-fd98-4d96-9cbb-da97c9a8e778
debug ++ [int] eventPhase = 2
debug ++ [Boolean] bubbles = false
debug ++ [Boolean] cancelable = false
debug ++ [String] type = timer
debug +++ [int] repeatCount = 0
debug +++ [int] currentCount = 9
debug +++ [Boolean] running = true
debug +++ [int] delay = 120000
debug +++ [int] repeatCount = 0
debug +++ [int] currentCount = 9
debug +++ [Boolean] running = true
debug +++ [int] delay = 120000
debug time 18:16:07.669 :: After HeartBeat Count=10 Result=5
debug time 18:18:06.688 :: Before HeartBeat Count=11 Time=Mon Feb 20 2012 18:18:06 GMT+0100 AccountId=29131007 Session=d0a2b4f0-fd98-4d96-9cbb-da97c9a8e778
debug ++ [int] eventPhase = 2
debug ++ [Boolean] bubbles = false
debug ++ [Boolean] cancelable = false
debug ++ [String] type = timer
debug +++ [int] repeatCount = 0
debug +++ [int] currentCount = 10
debug +++ [Boolean] running = true
debug +++ [int] delay = 120000
debug +++ [int] repeatCount = 0
debug +++ [int] currentCount = 10
debug +++ [Boolean] running = true
debug +++ [int] delay = 120000
debug time 18:18:07.668 :: After HeartBeat Count=11 Result=5
debug time 18:20:07.671 :: Before HeartBeat Count=12 Time=Mon Feb 20 2012 18:20:07 GMT+0100 AccountId=29131007 Session=d0a2b4f0-fd98-4d96-9cbb-da97c9a8e778
debug ++ [int] eventPhase = 2
debug ++ [Boolean] bubbles = false
debug ++ [Boolean] cancelable = false
debug ++ [String] type = timer
debug +++ [int] repeatCount = 0
debug +++ [int] currentCount = 11
debug +++ [Boolean] running = true
debug +++ [int] delay = 120000
debug +++ [int] repeatCount = 0
debug +++ [int] currentCount = 11
debug +++ [Boolean] running = true
debug +++ [int] delay = 120000
debug time 18:20:08.669 :: After HeartBeat Count=12 Result=5
debug time 18:22:07.673 :: Before HeartBeat Count=13 Time=Mon Feb 20 2012 18:22:07 GMT+0100 AccountId=29131007 Session=d0a2b4f0-fd98-4d96-9cbb-da97c9a8e778
debug ++ [int] eventPhase = 2
debug ++ [Boolean] bubbles = false
debug ++ [Boolean] cancelable = false
debug ++ [String] type = timer
debug +++ [int] repeatCount = 0
debug +++ [int] currentCount = 12
debug +++ [Boolean] running = true
debug +++ [int] delay = 120000
debug +++ [int] repeatCount = 0
debug +++ [int] currentCount = 12
debug +++ [Boolean] running = true
debug +++ [int] delay = 120000
debug time 18:22:08.669 :: After HeartBeat Count=13 Result=5
debug time 18:24:08.702 :: Before HeartBeat Count=14 Time=Mon Feb 20 2012 18:24:08 GMT+0100 AccountId=29131007 Session=d0a2b4f0-fd98-4d96-9cbb-da97c9a8e778
debug ++ [int] eventPhase = 2
debug ++ [Boolean] bubbles = false
debug ++ [Boolean] cancelable = false
debug ++ [String] type = timer
debug +++ [int] repeatCount = 0
debug +++ [int] currentCount = 13
debug +++ [Boolean] running = true
debug +++ [int] delay = 120000
debug +++ [int] repeatCount = 0
debug +++ [int] currentCount = 13
debug +++ [Boolean] running = true
debug +++ [int] delay = 120000
debug time 18:24:09.675 :: After HeartBeat Count=14 Result=5
debug time 18:26:09.674 :: Before HeartBeat Count=15 Time=Mon Feb 20 2012 18:26:09 GMT+0100 AccountId=29131007 Session=d0a2b4f0-fd98-4d96-9cbb-da97c9a8e778
debug ++ [int] eventPhase = 2
debug ++ [Boolean] bubbles = false
debug ++ [Boolean] cancelable = false
debug ++ [String] type = timer
debug +++ [int] repeatCount = 0
debug +++ [int] currentCount = 14
debug +++ [Boolean] running = true
debug +++ [int] delay = 120000
debug +++ [int] repeatCount = 0
debug +++ [int] currentCount = 14
debug +++ [Boolean] running = true
debug +++ [int] delay = 120000
debug time 18:26:10.671 :: After HeartBeat Count=15 Result=5
debug time 18:28:09.675 :: Before HeartBeat Count=16 Time=Mon Feb 20 2012 18:28:09 GMT+0100 AccountId=29131007 Session=d0a2b4f0-fd98-4d96-9cbb-da97c9a8e778
debug ++ [int] eventPhase = 2
debug ++ [Boolean] bubbles = false
debug ++ [Boolean] cancelable = false
debug ++ [String] type = timer
debug +++ [int] repeatCount = 0
debug +++ [int] currentCount = 15
debug +++ [Boolean] running = true
debug +++ [int] delay = 120000
debug +++ [int] repeatCount = 0
debug +++ [int] currentCount = 15
debug +++ [Boolean] running = true
debug +++ [int] delay = 120000
debug time 18:28:10.672 :: After HeartBeat Count=16 Result=5
debug time 18:30:10.678 :: Before HeartBeat Count=17 Time=Mon Feb 20 2012 18:30:10 GMT+0100 AccountId=29131007 Session=d0a2b4f0-fd98-4d96-9cbb-da97c9a8e778
debug ++ [int] eventPhase = 2
debug ++ [Boolean] bubbles = false
debug ++ [Boolean] cancelable = false
debug ++ [String] type = timer
debug +++ [int] repeatCount = 0
debug +++ [int] currentCount = 16
debug +++ [Boolean] running = true
debug +++ [int] delay = 120000
debug +++ [int] repeatCount = 0
debug +++ [int] currentCount = 16
debug +++ [Boolean] running = true
debug +++ [int] delay = 120000
debug time 18:30:11.673 :: After HeartBeat Count=17 Result=5
debug time 18:32:11.677 :: Before HeartBeat Count=18 Time=Mon Feb 20 2012 18:32:11 GMT+0100 AccountId=29131007 Session=d0a2b4f0-fd98-4d96-9cbb-da97c9a8e778
debug ++ [int] eventPhase = 2
debug ++ [Boolean] bubbles = false
debug ++ [Boolean] cancelable = false
debug ++ [String] type = timer
debug +++ [int] repeatCount = 0
debug +++ [int] currentCount = 17
debug +++ [Boolean] running = true
debug +++ [int] delay = 120000
debug +++ [int] repeatCount = 0
debug +++ [int] currentCount = 17
debug +++ [Boolean] running = true
debug +++ [int] delay = 120000
debug time 18:32:12.674 :: After HeartBeat Count=18 Result=5
debug time 18:34:11.696 :: Before HeartBeat Count=19 Time=Mon Feb 20 2012 18:34:11 GMT+0100 AccountId=29131007 Session=d0a2b4f0-fd98-4d96-9cbb-da97c9a8e778
debug ++ [int] eventPhase = 2
debug ++ [Boolean] bubbles = false
debug ++ [Boolean] cancelable = false
debug ++ [String] type = timer
debug +++ [int] repeatCount = 0
debug +++ [int] currentCount = 18
debug +++ [Boolean] running = true
debug +++ [int] delay = 120000
debug +++ [int] repeatCount = 0
debug +++ [int] currentCount = 18
debug +++ [Boolean] running = true
debug +++ [int] delay = 120000
debug time 18:34:12.678 :: After HeartBeat Count=19 Result=5
debug time 18:36:12.678 :: Before HeartBeat Count=20 Time=Mon Feb 20 2012 18:36:12 GMT+0100 AccountId=29131007 Session=d0a2b4f0-fd98-4d96-9cbb-da97c9a8e778
debug ++ [int] eventPhase = 2
debug ++ [Boolean] bubbles = false
debug ++ [Boolean] cancelable = false
debug ++ [String] type = timer
debug +++ [int] repeatCount = 0
debug +++ [int] currentCount = 19
debug +++ [Boolean] running = true
debug +++ [int] delay = 120000
debug +++ [int] repeatCount = 0
debug +++ [int] currentCount = 19
debug +++ [Boolean] running = true
debug +++ [int] delay = 120000
debug time 18:36:13.674 :: After HeartBeat Count=20 Result=5
debug time 18:38:12.679 :: Before HeartBeat Count=21 Time=Mon Feb 20 2012 18:38:12 GMT+0100 AccountId=29131007 Session=d0a2b4f0-fd98-4d96-9cbb-da97c9a8e778
debug ++ [int] eventPhase = 2
debug ++ [Boolean] bubbles = false
debug ++ [Boolean] cancelable = false
debug ++ [String] type = timer
debug +++ [int] repeatCount = 0
debug +++ [int] currentCount = 20
debug +++ [Boolean] running = true
debug +++ [int] delay = 120000
debug +++ [int] repeatCount = 0
debug +++ [int] currentCount = 20
debug +++ [Boolean] running = true
debug +++ [int] delay = 120000
debug time 18:38:13.675 :: After HeartBeat Count=21 Result=5
debug time 18:40:13.679 :: Before HeartBeat Count=22 Time=Mon Feb 20 2012 18:40:13 GMT+0100 AccountId=29131007 Session=d0a2b4f0-fd98-4d96-9cbb-da97c9a8e778
debug ++ [int] eventPhase = 2
debug ++ [Boolean] bubbles = false
debug ++ [Boolean] cancelable = false
debug ++ [String] type = timer
debug +++ [int] repeatCount = 0
debug +++ [int] currentCount = 21
debug +++ [Boolean] running = true
debug +++ [int] delay = 120000
debug +++ [int] repeatCount = 0
debug +++ [int] currentCount = 21
debug +++ [Boolean] running = true
debug +++ [int] delay = 120000
debug time 18:40:14.675 :: After HeartBeat Count=22 Result=5
debug time 18:42:13.679 :: Before HeartBeat Count=23 Time=Mon Feb 20 2012 18:42:13 GMT+0100 AccountId=29131007 Session=d0a2b4f0-fd98-4d96-9cbb-da97c9a8e778
debug ++ [int] eventPhase = 2
debug ++ [Boolean] bubbles = false
debug ++ [Boolean] cancelable = false
debug ++ [String] type = timer
debug +++ [int] repeatCount = 0
debug +++ [int] currentCount = 22
debug +++ [Boolean] running = true
debug +++ [int] delay = 120000
debug +++ [int] repeatCount = 0
debug +++ [int] currentCount = 22
debug +++ [Boolean] running = true
debug +++ [int] delay = 120000
debug time 18:42:14.677 :: After HeartBeat Count=23 Result=5
debug time 18:43:08.662 :: Performing heartbeat at Mon Feb 20 2012 18:43:08 GMT+0100
debug time 18:44:13.682 :: Before HeartBeat Count=24 Time=Mon Feb 20 2012 18:44:13 GMT+0100 AccountId=29131007 Session=d0a2b4f0-fd98-4d96-9cbb-da97c9a8e778
debug ++ [int] eventPhase = 2
debug ++ [Boolean] bubbles = false
debug ++ [Boolean] cancelable = false
debug ++ [String] type = timer
debug +++ [int] repeatCount = 0
debug +++ [int] currentCount = 23
debug +++ [Boolean] running = true
debug +++ [int] delay = 120000
debug +++ [int] repeatCount = 0
debug +++ [int] currentCount = 23
debug +++ [Boolean] running = true
debug +++ [int] delay = 120000
debug time 18:44:13.879 :: After HeartBeat Count=24 Result=5
debug time 18:46:14.51 :: Before HeartBeat Count=25 Time=Mon Feb 20 2012 18:46:14 GMT+0100 AccountId=29131007 Session=d0a2b4f0-fd98-4d96-9cbb-da97c9a8e778
debug ++ [int] eventPhase = 2
debug ++ [Boolean] bubbles = false
debug ++ [Boolean] cancelable = false
debug ++ [String] type = timer
debug +++ [int] repeatCount = 0
debug +++ [int] currentCount = 24
debug +++ [Boolean] running = true
debug +++ [int] delay = 120000
debug +++ [int] repeatCount = 0
debug +++ [int] currentCount = 24
debug +++ [Boolean] running = true
debug +++ [int] delay = 120000
debug time 18:46:15.48 :: After HeartBeat Count=25 Result=5
debug time 18:48:14.79 :: Before HeartBeat Count=26 Time=Mon Feb 20 2012 18:48:14 GMT+0100 AccountId=29131007 Session=d0a2b4f0-fd98-4d96-9cbb-da97c9a8e778
debug ++ [int] eventPhase = 2
debug ++ [Boolean] bubbles = false
debug ++ [Boolean] cancelable = false
debug ++ [String] type = timer
debug +++ [int] repeatCount = 0
debug +++ [int] currentCount = 25
debug +++ [Boolean] running = true
debug +++ [int] delay = 120000
debug +++ [int] repeatCount = 0
debug +++ [int] currentCount = 25
debug +++ [Boolean] running = true
debug +++ [int] delay = 120000
debug time 18:48:15.53 :: After HeartBeat Count=26 Result=5
debug time 18:50:15.53 :: Before HeartBeat Count=27 Time=Mon Feb 20 2012 18:50:15 GMT+0100 AccountId=29131007 Session=d0a2b4f0-fd98-4d96-9cbb-da97c9a8e778
debug ++ [int] eventPhase = 2
debug ++ [Boolean] bubbles = false
debug ++ [Boolean] cancelable = false
debug ++ [String] type = timer
debug +++ [int] repeatCount = 0
debug +++ [int] currentCount = 26
debug +++ [Boolean] running = true
debug +++ [int] delay = 120000
debug +++ [int] repeatCount = 0
debug +++ [int] currentCount = 26
debug +++ [Boolean] running = true
debug +++ [int] delay = 120000
debug time 18:50:16.50 :: After HeartBeat Count=27 Result=5
debug time 18:52:15.54 :: Before HeartBeat Count=28 Time=Mon Feb 20 2012 18:52:15 GMT+0100 AccountId=29131007 Session=d0a2b4f0-fd98-4d96-9cbb-da97c9a8e778
debug ++ [int] eventPhase = 2
debug ++ [Boolean] bubbles = false
debug ++ [Boolean] cancelable = false
debug ++ [String] type = timer
debug +++ [int] repeatCount = 0
debug +++ [int] currentCount = 27
debug +++ [Boolean] running = true
debug +++ [int] delay = 120000
debug +++ [int] repeatCount = 0
debug +++ [int] currentCount = 27
debug +++ [Boolean] running = true
debug +++ [int] delay = 120000
debug time 18:52:16.52 :: After HeartBeat Count=28 Result=5
debug time 18:54:15.77 :: Before HeartBeat Count=29 Time=Mon Feb 20 2012 18:54:15 GMT+0100 AccountId=29131007 Session=d0a2b4f0-fd98-4d96-9cbb-da97c9a8e778
debug ++ [int] eventPhase = 2
debug ++ [Boolean] bubbles = false
debug ++ [Boolean] cancelable = false
debug ++ [String] type = timer
debug +++ [int] repeatCount = 0
debug +++ [int] currentCount = 28
debug +++ [Boolean] running = true
debug +++ [int] delay = 120000
debug +++ [int] repeatCount = 0
debug +++ [int] currentCount = 28
debug +++ [Boolean] running = true
debug +++ [int] delay = 120000
debug time 18:54:16.58 :: After HeartBeat Count=29 Result=5
debug time 18:56:16.57 :: Before HeartBeat Count=30 Time=Mon Feb 20 2012 18:56:16 GMT+0100 AccountId=29131007 Session=d0a2b4f0-fd98-4d96-9cbb-da97c9a8e778
debug ++ [int] eventPhase = 2
debug ++ [Boolean] bubbles = false
debug ++ [Boolean] cancelable = false
debug ++ [String] type = timer
debug +++ [int] repeatCount = 0
debug +++ [int] currentCount = 29
debug +++ [Boolean] running = true
debug +++ [int] delay = 120000
debug +++ [int] repeatCount = 0
debug +++ [int] currentCount = 29
debug +++ [Boolean] running = true
debug +++ [int] delay = 120000
debug time 18:56:17.54 :: After HeartBeat Count=30 Result=5
debug time 18:58:16.59 :: Before HeartBeat Count=31 Time=Mon Feb 20 2012 18:58:16 GMT+0100 AccountId=29131007 Session=d0a2b4f0-fd98-4d96-9cbb-da97c9a8e778
debug ++ [int] eventPhase = 2
debug ++ [Boolean] bubbles = false
debug ++ [Boolean] cancelable = false
debug ++ [String] type = timer
debug +++ [int] repeatCount = 0
debug +++ [int] currentCount = 30
debug +++ [Boolean] running = true
debug +++ [int] delay = 120000
debug +++ [int] repeatCount = 0
debug +++ [int] currentCount = 30
debug +++ [Boolean] running = true
debug +++ [int] delay = 120000
debug time 18:58:17.55 :: After HeartBeat Count=31 Result=5
debug time 19:00:17.76 :: Before HeartBeat Count=32 Time=Mon Feb 20 2012 19:00:17 GMT+0100 AccountId=29131007 Session=d0a2b4f0-fd98-4d96-9cbb-da97c9a8e778
debug ++ [int] eventPhase = 2
debug ++ [Boolean] bubbles = false
debug ++ [Boolean] cancelable = false
debug ++ [String] type = timer
debug +++ [int] repeatCount = 0
debug +++ [int] currentCount = 31
debug +++ [Boolean] running = true
debug +++ [int] delay = 120000
debug +++ [int] repeatCount = 0
debug +++ [int] currentCount = 31
debug +++ [Boolean] running = true
debug +++ [int] delay = 120000
debug time 19:00:18.56 :: After HeartBeat Count=32 Result=5
debug time 19:02:18.62 :: Before HeartBeat Count=33 Time=Mon Feb 20 2012 19:02:18 GMT+0100 AccountId=29131007 Session=d0a2b4f0-fd98-4d96-9cbb-da97c9a8e778
debug ++ [int] eventPhase = 2
debug ++ [Boolean] bubbles = false
debug ++ [Boolean] cancelable = false
debug ++ [String] type = timer
debug +++ [int] repeatCount = 0
debug +++ [int] currentCount = 32
debug +++ [Boolean] running = true
debug +++ [int] delay = 120000
debug +++ [int] repeatCount = 0
debug +++ [int] currentCount = 32
debug +++ [Boolean] running = true
debug +++ [int] delay = 120000
debug time 19:02:19.58 :: After HeartBeat Count=33 Result=5
debug time 19:04:18.64 :: Before HeartBeat Count=34 Time=Mon Feb 20 2012 19:04:18 GMT+0100 AccountId=29131007 Session=d0a2b4f0-fd98-4d96-9cbb-da97c9a8e778
debug ++ [int] eventPhase = 2
debug ++ [Boolean] bubbles = false
debug ++ [Boolean] cancelable = false
debug ++ [String] type = timer
debug +++ [int] repeatCount = 0
debug +++ [int] currentCount = 33
debug +++ [Boolean] running = true
debug +++ [int] delay = 120000
debug +++ [int] repeatCount = 0
debug +++ [int] currentCount = 33
debug +++ [Boolean] running = true
debug +++ [int] delay = 120000
debug time 19:04:19.60 :: After HeartBeat Count=34 Result=5
debug time 19:06:18.70 :: Before HeartBeat Count=35 Time=Mon Feb 20 2012 19:06:18 GMT+0100 AccountId=29131007 Session=d0a2b4f0-fd98-4d96-9cbb-da97c9a8e778
debug ++ [int] eventPhase = 2
debug ++ [Boolean] bubbles = false
debug ++ [Boolean] cancelable = false
debug ++ [String] type = timer
debug +++ [int] repeatCount = 0
debug +++ [int] currentCount = 34
debug +++ [Boolean] running = true
debug +++ [int] delay = 120000
debug +++ [int] repeatCount = 0
debug +++ [int] currentCount = 34
debug +++ [Boolean] running = true
debug +++ [int] delay = 120000
debug time 19:06:19.61 :: After HeartBeat Count=35 Result=5
debug time 19:08:19.65 :: Before HeartBeat Count=36 Time=Mon Feb 20 2012 19:08:19 GMT+0100 AccountId=29131007 Session=d0a2b4f0-fd98-4d96-9cbb-da97c9a8e778
debug ++ [int] eventPhase = 2
debug ++ [Boolean] bubbles = false
debug ++ [Boolean] cancelable = false
debug ++ [String] type = timer
debug +++ [int] repeatCount = 0
debug +++ [int] currentCount = 35
debug +++ [Boolean] running = true
debug +++ [int] delay = 120000
debug +++ [int] repeatCount = 0
debug +++ [int] currentCount = 35
debug +++ [Boolean] running = true
debug +++ [int] delay = 120000
debug time 19:08:20.63 :: After HeartBeat Count=36 Result=5
debug time 19:10:19.66 :: Before HeartBeat Count=37 Time=Mon Feb 20 2012 19:10:19 GMT+0100 AccountId=29131007 Session=d0a2b4f0-fd98-4d96-9cbb-da97c9a8e778
debug ++ [int] eventPhase = 2
debug ++ [Boolean] bubbles = false
debug ++ [Boolean] cancelable = false
debug ++ [String] type = timer
debug +++ [int] repeatCount = 0
debug +++ [int] currentCount = 36
debug +++ [Boolean] running = true
debug +++ [int] delay = 120000
debug +++ [int] repeatCount = 0
debug +++ [int] currentCount = 36
debug +++ [Boolean] running = true
debug +++ [int] delay = 120000
debug time 19:10:20.63 :: After HeartBeat Count=37 Result=5
debug time 19:12:19.86 :: Before HeartBeat Count=38 Time=Mon Feb 20 2012 19:12:19 GMT+0100 AccountId=29131007 Session=d0a2b4f0-fd98-4d96-9cbb-da97c9a8e778
debug ++ [int] eventPhase = 2
debug ++ [Boolean] bubbles = false
debug ++ [Boolean] cancelable = false
debug ++ [String] type = timer
debug +++ [int] repeatCount = 0
debug +++ [int] currentCount = 37
debug +++ [Boolean] running = true
debug +++ [int] delay = 120000
debug +++ [int] repeatCount = 0
debug +++ [int] currentCount = 37
debug +++ [Boolean] running = true
debug +++ [int] delay = 120000
debug time 19:12:20.68 :: After HeartBeat Count=38 Result=5
debug time 19:14:20.66 :: Before HeartBeat Count=39 Time=Mon Feb 20 2012 19:14:20 GMT+0100 AccountId=29131007 Session=d0a2b4f0-fd98-4d96-9cbb-da97c9a8e778
debug ++ [int] eventPhase = 2
debug ++ [Boolean] bubbles = false
debug ++ [Boolean] cancelable = false
debug ++ [String] type = timer
debug +++ [int] repeatCount = 0
debug +++ [int] currentCount = 38
debug +++ [Boolean] running = true
debug +++ [int] delay = 120000
debug +++ [int] repeatCount = 0
debug +++ [int] currentCount = 38
debug +++ [Boolean] running = true
debug +++ [int] delay = 120000
debug time 19:14:21.63 :: After HeartBeat Count=39 Result=5
debug time 19:16:20.97 :: Before HeartBeat Count=40 Time=Mon Feb 20 2012 19:16:20 GMT+0100 AccountId=29131007 Session=d0a2b4f0-fd98-4d96-9cbb-da97c9a8e778
debug ++ [int] eventPhase = 2
debug ++ [Boolean] bubbles = false
debug ++ [Boolean] cancelable = false
debug ++ [String] type = timer
debug +++ [int] repeatCount = 0
debug +++ [int] currentCount = 39
debug +++ [Boolean] running = true
debug +++ [int] delay = 120000
debug +++ [int] repeatCount = 0
debug +++ [int] currentCount = 39
debug +++ [Boolean] running = true
debug +++ [int] delay = 120000
debug time 19:16:21.68 :: After HeartBeat Count=40 Result=5
debug time 19:18:21.85 :: Before HeartBeat Count=41 Time=Mon Feb 20 2012 19:18:21 GMT+0100 AccountId=29131007 Session=d0a2b4f0-fd98-4d96-9cbb-da97c9a8e778
debug ++ [int] eventPhase = 2
debug ++ [Boolean] bubbles = false
debug ++ [Boolean] cancelable = false
debug ++ [String] type = timer
debug +++ [int] repeatCount = 0
debug +++ [int] currentCount = 40
debug +++ [Boolean] running = true
debug +++ [int] delay = 120000
debug +++ [int] repeatCount = 0
debug +++ [int] currentCount = 40
debug +++ [Boolean] running = true
debug +++ [int] delay = 120000
debug time 19:18:22.64 :: After HeartBeat Count=41 Result=5
debug time 19:20:22.67 :: Before HeartBeat Count=42 Time=Mon Feb 20 2012 19:20:22 GMT+0100 AccountId=29131007 Session=d0a2b4f0-fd98-4d96-9cbb-da97c9a8e778
debug ++ [int] eventPhase = 2
debug ++ [Boolean] bubbles = false
debug ++ [Boolean] cancelable = false
debug ++ [String] type = timer
debug +++ [int] repeatCount = 0
debug +++ [int] currentCount = 41
debug +++ [Boolean] running = true
debug +++ [int] delay = 120000
debug +++ [int] repeatCount = 0
debug +++ [int] currentCount = 41
debug +++ [Boolean] running = true
debug +++ [int] delay = 120000
debug time 19:20:23.63 :: After HeartBeat Count=42 Result=5
debug time 19:22:22.100 :: Before HeartBeat Count=43 Time=Mon Feb 20 2012 19:22:22 GMT+0100 AccountId=29131007 Session=d0a2b4f0-fd98-4d96-9cbb-da97c9a8e778
debug ++ [int] eventPhase = 2
debug ++ [Boolean] bubbles = false
debug ++ [Boolean] cancelable = false
debug ++ [String] type = timer
debug +++ [int] repeatCount = 0
debug +++ [int] currentCount = 42
debug +++ [Boolean] running = true
debug +++ [int] delay = 120000
debug +++ [int] repeatCount = 0
debug +++ [int] currentCount = 42
debug +++ [Boolean] running = true
debug +++ [int] delay = 120000
debug time 19:22:23.70 :: After HeartBeat Count=43 Result=5
debug time 19:24:00.317 :: Performing heartbeat at Mon Feb 20 2012 19:24:00 GMT+0100
