debug time 10:58:35.621 :: Before HeartBeat Count=1 Time=Fri Dec 30 2011 10:58:35 GMT+0100 AccountId=29131007 Session=32b2c310-96b0-4fca-b4df-239bb2abb062
STOP LOGGING: More than 0 nested objects or properties. 
debug time 10:58:36.540 :: After HeartBeat Count=1 Result=5
debug time 11:00:35.638 :: Before HeartBeat Count=2 Time=Fri Dec 30 2011 11:00:35 GMT+0100 AccountId=29131007 Session=32b2c310-96b0-4fca-b4df-239bb2abb062
debug ++ [int] eventPhase = 2
debug ++ [Boolean] bubbles = false
debug ++ [Boolean] cancelable = false
debug ++ [String] type = timer
debug +++ [int] repeatCount = 0
debug +++ [int] currentCount = 1
debug +++ [Boolean] running = true
debug +++ [int] delay = 120000
debug +++ [int] repeatCount = 0
debug +++ [int] currentCount = 1
debug +++ [Boolean] running = true
debug +++ [int] delay = 120000
debug time 11:00:35.874 :: After HeartBeat Count=2 Result=5
debug time 11:02:35.773 :: Before HeartBeat Count=3 Time=Fri Dec 30 2011 11:02:35 GMT+0100 AccountId=29131007 Session=32b2c310-96b0-4fca-b4df-239bb2abb062
debug ++ [int] eventPhase = 2
debug ++ [Boolean] bubbles = false
debug ++ [Boolean] cancelable = false
debug ++ [String] type = timer
debug +++ [int] repeatCount = 0
debug +++ [int] currentCount = 2
debug +++ [Boolean] running = true
debug +++ [int] delay = 120000
debug +++ [int] repeatCount = 0
debug +++ [int] currentCount = 2
debug +++ [Boolean] running = true
debug +++ [int] delay = 120000
debug time 11:02:36.765 :: After HeartBeat Count=3 Result=5
debug time 11:04:36.764 :: Before HeartBeat Count=4 Time=Fri Dec 30 2011 11:04:36 GMT+0100 AccountId=29131007 Session=32b2c310-96b0-4fca-b4df-239bb2abb062
debug ++ [int] eventPhase = 2
debug ++ [Boolean] bubbles = false
debug ++ [Boolean] cancelable = false
debug ++ [String] type = timer
debug +++ [int] repeatCount = 0
debug +++ [int] currentCount = 3
debug +++ [Boolean] running = true
debug +++ [int] delay = 120000
debug +++ [int] repeatCount = 0
debug +++ [int] currentCount = 3
debug +++ [Boolean] running = true
debug +++ [int] delay = 120000
debug time 11:04:37.760 :: After HeartBeat Count=4 Result=5
debug time 11:06:36.769 :: Before HeartBeat Count=5 Time=Fri Dec 30 2011 11:06:36 GMT+0100 AccountId=29131007 Session=32b2c310-96b0-4fca-b4df-239bb2abb062
debug ++ [int] eventPhase = 2
debug ++ [Boolean] bubbles = false
debug ++ [Boolean] cancelable = false
debug ++ [String] type = timer
debug +++ [int] repeatCount = 0
debug +++ [int] currentCount = 4
debug +++ [Boolean] running = true
debug +++ [int] delay = 120000
debug +++ [int] repeatCount = 0
debug +++ [int] currentCount = 4
debug +++ [Boolean] running = true
debug +++ [int] delay = 120000
debug time 11:06:37.760 :: After HeartBeat Count=5 Result=5
debug time 11:08:37.765 :: Before HeartBeat Count=6 Time=Fri Dec 30 2011 11:08:37 GMT+0100 AccountId=29131007 Session=32b2c310-96b0-4fca-b4df-239bb2abb062
debug ++ [int] eventPhase = 2
debug ++ [Boolean] bubbles = false
debug ++ [Boolean] cancelable = false
debug ++ [String] type = timer
debug +++ [int] repeatCount = 0
debug +++ [int] currentCount = 5
debug +++ [Boolean] running = true
debug +++ [int] delay = 120000
debug +++ [int] repeatCount = 0
debug +++ [int] currentCount = 5
debug +++ [Boolean] running = true
debug +++ [int] delay = 120000
debug time 11:08:38.760 :: After HeartBeat Count=6 Result=5
debug time 11:10:37.780 :: Before HeartBeat Count=7 Time=Fri Dec 30 2011 11:10:37 GMT+0100 AccountId=29131007 Session=32b2c310-96b0-4fca-b4df-239bb2abb062
debug ++ [int] eventPhase = 2
debug ++ [Boolean] bubbles = false
debug ++ [Boolean] cancelable = false
debug ++ [String] type = timer
debug +++ [int] repeatCount = 0
debug +++ [int] currentCount = 6
debug +++ [Boolean] running = true
debug +++ [int] delay = 120000
debug +++ [int] repeatCount = 0
debug +++ [int] currentCount = 6
debug +++ [Boolean] running = true
debug +++ [int] delay = 120000
debug time 11:10:38.761 :: After HeartBeat Count=7 Result=5
debug time 11:12:38.765 :: Before HeartBeat Count=8 Time=Fri Dec 30 2011 11:12:38 GMT+0100 AccountId=29131007 Session=32b2c310-96b0-4fca-b4df-239bb2abb062
debug ++ [int] eventPhase = 2
debug ++ [Boolean] bubbles = false
debug ++ [Boolean] cancelable = false
debug ++ [String] type = timer
debug +++ [int] repeatCount = 0
debug +++ [int] currentCount = 7
debug +++ [Boolean] running = true
debug +++ [int] delay = 120000
debug +++ [int] repeatCount = 0
debug +++ [int] currentCount = 7
debug +++ [Boolean] running = true
debug +++ [int] delay = 120000
debug time 11:12:39.761 :: After HeartBeat Count=8 Result=5
debug time 11:14:38.765 :: Before HeartBeat Count=9 Time=Fri Dec 30 2011 11:14:38 GMT+0100 AccountId=29131007 Session=32b2c310-96b0-4fca-b4df-239bb2abb062
debug ++ [int] eventPhase = 2
debug ++ [Boolean] bubbles = false
debug ++ [Boolean] cancelable = false
debug ++ [String] type = timer
debug +++ [int] repeatCount = 0
debug +++ [int] currentCount = 8
debug +++ [Boolean] running = true
debug +++ [int] delay = 120000
debug +++ [int] repeatCount = 0
debug +++ [int] currentCount = 8
debug +++ [Boolean] running = true
debug +++ [int] delay = 120000
debug time 11:14:39.761 :: After HeartBeat Count=9 Result=5
debug time 11:16:38.765 :: Before HeartBeat Count=10 Time=Fri Dec 30 2011 11:16:38 GMT+0100 AccountId=29131007 Session=32b2c310-96b0-4fca-b4df-239bb2abb062
debug ++ [int] eventPhase = 2
debug ++ [Boolean] bubbles = false
debug ++ [Boolean] cancelable = false
debug ++ [String] type = timer
debug +++ [int] repeatCount = 0
debug +++ [int] currentCount = 9
debug +++ [Boolean] running = true
debug +++ [int] delay = 120000
debug +++ [int] repeatCount = 0
debug +++ [int] currentCount = 9
debug +++ [Boolean] running = true
debug +++ [int] delay = 120000
debug time 11:16:39.761 :: After HeartBeat Count=10 Result=5
debug time 11:18:38.764 :: Before HeartBeat Count=11 Time=Fri Dec 30 2011 11:18:38 GMT+0100 AccountId=29131007 Session=32b2c310-96b0-4fca-b4df-239bb2abb062
debug ++ [int] eventPhase = 2
debug ++ [Boolean] bubbles = false
debug ++ [Boolean] cancelable = false
debug ++ [String] type = timer
debug +++ [int] repeatCount = 0
debug +++ [int] currentCount = 10
debug +++ [Boolean] running = true
debug +++ [int] delay = 120000
debug +++ [int] repeatCount = 0
debug +++ [int] currentCount = 10
debug +++ [Boolean] running = true
debug +++ [int] delay = 120000
debug time 11:18:39.761 :: After HeartBeat Count=11 Result=5
debug time 11:20:38.785 :: Before HeartBeat Count=12 Time=Fri Dec 30 2011 11:20:38 GMT+0100 AccountId=29131007 Session=32b2c310-96b0-4fca-b4df-239bb2abb062
debug ++ [int] eventPhase = 2
debug ++ [Boolean] bubbles = false
debug ++ [Boolean] cancelable = false
debug ++ [String] type = timer
debug +++ [int] repeatCount = 0
debug +++ [int] currentCount = 11
debug +++ [Boolean] running = true
debug +++ [int] delay = 120000
debug +++ [int] repeatCount = 0
debug +++ [int] currentCount = 11
debug +++ [Boolean] running = true
debug +++ [int] delay = 120000
debug time 11:20:39.765 :: After HeartBeat Count=12 Result=5
debug time 11:22:39.763 :: Before HeartBeat Count=13 Time=Fri Dec 30 2011 11:22:39 GMT+0100 AccountId=29131007 Session=32b2c310-96b0-4fca-b4df-239bb2abb062
debug ++ [int] eventPhase = 2
debug ++ [Boolean] bubbles = false
debug ++ [Boolean] cancelable = false
debug ++ [String] type = timer
debug +++ [int] repeatCount = 0
debug +++ [int] currentCount = 12
debug +++ [Boolean] running = true
debug +++ [int] delay = 120000
debug +++ [int] repeatCount = 0
debug +++ [int] currentCount = 12
debug +++ [Boolean] running = true
debug +++ [int] delay = 120000
debug time 11:22:40.760 :: After HeartBeat Count=13 Result=5
debug time 11:24:39.765 :: Before HeartBeat Count=14 Time=Fri Dec 30 2011 11:24:39 GMT+0100 AccountId=29131007 Session=32b2c310-96b0-4fca-b4df-239bb2abb062
debug ++ [int] eventPhase = 2
debug ++ [Boolean] bubbles = false
debug ++ [Boolean] cancelable = false
debug ++ [String] type = timer
debug +++ [int] repeatCount = 0
debug +++ [int] currentCount = 13
debug +++ [Boolean] running = true
debug +++ [int] delay = 120000
debug +++ [int] repeatCount = 0
debug +++ [int] currentCount = 13
debug +++ [Boolean] running = true
debug +++ [int] delay = 120000
debug time 11:24:40.760 :: After HeartBeat Count=14 Result=5
debug time 11:26:40.765 :: Before HeartBeat Count=15 Time=Fri Dec 30 2011 11:26:40 GMT+0100 AccountId=29131007 Session=32b2c310-96b0-4fca-b4df-239bb2abb062
debug ++ [int] eventPhase = 2
debug ++ [Boolean] bubbles = false
debug ++ [Boolean] cancelable = false
debug ++ [String] type = timer
debug +++ [int] repeatCount = 0
debug +++ [int] currentCount = 14
debug +++ [Boolean] running = true
debug +++ [int] delay = 120000
debug +++ [int] repeatCount = 0
debug +++ [int] currentCount = 14
debug +++ [Boolean] running = true
debug +++ [int] delay = 120000
debug time 11:26:41.761 :: After HeartBeat Count=15 Result=5
debug time 11:28:40.765 :: Before HeartBeat Count=16 Time=Fri Dec 30 2011 11:28:40 GMT+0100 AccountId=29131007 Session=32b2c310-96b0-4fca-b4df-239bb2abb062
debug ++ [int] eventPhase = 2
debug ++ [Boolean] bubbles = false
debug ++ [Boolean] cancelable = false
debug ++ [String] type = timer
debug +++ [int] repeatCount = 0
debug +++ [int] currentCount = 15
debug +++ [Boolean] running = true
debug +++ [int] delay = 120000
debug +++ [int] repeatCount = 0
debug +++ [int] currentCount = 15
debug +++ [Boolean] running = true
debug +++ [int] delay = 120000
debug time 11:28:41.761 :: After HeartBeat Count=16 Result=5
debug time 11:30:40.765 :: Before HeartBeat Count=17 Time=Fri Dec 30 2011 11:30:40 GMT+0100 AccountId=29131007 Session=32b2c310-96b0-4fca-b4df-239bb2abb062
debug ++ [int] eventPhase = 2
debug ++ [Boolean] bubbles = false
debug ++ [Boolean] cancelable = false
debug ++ [String] type = timer
debug +++ [int] repeatCount = 0
debug +++ [int] currentCount = 16
debug +++ [Boolean] running = true
debug +++ [int] delay = 120000
debug +++ [int] repeatCount = 0
debug +++ [int] currentCount = 16
debug +++ [Boolean] running = true
debug +++ [int] delay = 120000
debug time 11:30:41.761 :: After HeartBeat Count=17 Result=5
debug time 11:32:40.791 :: Before HeartBeat Count=18 Time=Fri Dec 30 2011 11:32:40 GMT+0100 AccountId=29131007 Session=32b2c310-96b0-4fca-b4df-239bb2abb062
debug ++ [int] eventPhase = 2
debug ++ [Boolean] bubbles = false
debug ++ [Boolean] cancelable = false
debug ++ [String] type = timer
debug +++ [int] repeatCount = 0
debug +++ [int] currentCount = 17
debug +++ [Boolean] running = true
debug +++ [int] delay = 120000
debug +++ [int] repeatCount = 0
debug +++ [int] currentCount = 17
debug +++ [Boolean] running = true
debug +++ [int] delay = 120000
debug time 11:32:41.761 :: After HeartBeat Count=18 Result=5
debug time 11:34:41.764 :: Before HeartBeat Count=19 Time=Fri Dec 30 2011 11:34:41 GMT+0100 AccountId=29131007 Session=32b2c310-96b0-4fca-b4df-239bb2abb062
debug ++ [int] eventPhase = 2
debug ++ [Boolean] bubbles = false
debug ++ [Boolean] cancelable = false
debug ++ [String] type = timer
debug +++ [int] repeatCount = 0
debug +++ [int] currentCount = 18
debug +++ [Boolean] running = true
debug +++ [int] delay = 120000
debug +++ [int] repeatCount = 0
debug +++ [int] currentCount = 18
debug +++ [Boolean] running = true
debug +++ [int] delay = 120000
debug time 11:34:42.761 :: After HeartBeat Count=19 Result=5
debug time 11:36:41.763 :: Before HeartBeat Count=20 Time=Fri Dec 30 2011 11:36:41 GMT+0100 AccountId=29131007 Session=32b2c310-96b0-4fca-b4df-239bb2abb062
debug ++ [int] eventPhase = 2
debug ++ [Boolean] bubbles = false
debug ++ [Boolean] cancelable = false
debug ++ [String] type = timer
debug +++ [int] repeatCount = 0
debug +++ [int] currentCount = 19
debug +++ [Boolean] running = true
debug +++ [int] delay = 120000
debug +++ [int] repeatCount = 0
debug +++ [int] currentCount = 19
debug +++ [Boolean] running = true
debug +++ [int] delay = 120000
debug time 11:36:42.760 :: After HeartBeat Count=20 Result=5
debug time 11:38:41.763 :: Before HeartBeat Count=21 Time=Fri Dec 30 2011 11:38:41 GMT+0100 AccountId=29131007 Session=32b2c310-96b0-4fca-b4df-239bb2abb062
debug ++ [int] eventPhase = 2
debug ++ [Boolean] bubbles = false
debug ++ [Boolean] cancelable = false
debug ++ [String] type = timer
debug +++ [int] repeatCount = 0
debug +++ [int] currentCount = 20
debug +++ [Boolean] running = true
debug +++ [int] delay = 120000
debug +++ [int] repeatCount = 0
debug +++ [int] currentCount = 20
debug +++ [Boolean] running = true
debug +++ [int] delay = 120000
debug time 11:38:42.760 :: After HeartBeat Count=21 Result=5
debug time 11:40:41.763 :: Before HeartBeat Count=22 Time=Fri Dec 30 2011 11:40:41 GMT+0100 AccountId=29131007 Session=32b2c310-96b0-4fca-b4df-239bb2abb062
debug ++ [int] eventPhase = 2
debug ++ [Boolean] bubbles = false
debug ++ [Boolean] cancelable = false
debug ++ [String] type = timer
debug +++ [int] repeatCount = 0
debug +++ [int] currentCount = 21
debug +++ [Boolean] running = true
debug +++ [int] delay = 120000
debug +++ [int] repeatCount = 0
debug +++ [int] currentCount = 21
debug +++ [Boolean] running = true
debug +++ [int] delay = 120000
debug time 11:40:42.760 :: After HeartBeat Count=22 Result=5
debug time 11:42:36.971 :: Performing heartbeat at Fri Dec 30 2011 11:42:36 GMT+0100
debug time 11:42:41.815 :: Before HeartBeat Count=23 Time=Fri Dec 30 2011 11:42:41 GMT+0100 AccountId=29131007 Session=32b2c310-96b0-4fca-b4df-239bb2abb062
debug ++ [int] eventPhase = 2
debug ++ [Boolean] bubbles = false
debug ++ [Boolean] cancelable = false
debug ++ [String] type = timer
debug +++ [int] repeatCount = 0
debug +++ [int] currentCount = 22
debug +++ [Boolean] running = true
debug +++ [int] delay = 120000
debug +++ [int] repeatCount = 0
debug +++ [int] currentCount = 22
debug +++ [Boolean] running = true
debug +++ [int] delay = 120000
debug time 11:42:42.32 :: After HeartBeat Count=23 Result=5
debug time 11:44:41.835 :: Before HeartBeat Count=24 Time=Fri Dec 30 2011 11:44:41 GMT+0100 AccountId=29131007 Session=32b2c310-96b0-4fca-b4df-239bb2abb062
debug ++ [int] eventPhase = 2
debug ++ [Boolean] bubbles = false
debug ++ [Boolean] cancelable = false
debug ++ [String] type = timer
debug +++ [int] repeatCount = 0
debug +++ [int] currentCount = 23
debug +++ [Boolean] running = true
debug +++ [int] delay = 120000
debug +++ [int] repeatCount = 0
debug +++ [int] currentCount = 23
debug +++ [Boolean] running = true
debug +++ [int] delay = 120000
debug time 11:44:42.36 :: After HeartBeat Count=24 Result=5
debug time 11:46:42.235 :: Before HeartBeat Count=25 Time=Fri Dec 30 2011 11:46:42 GMT+0100 AccountId=29131007 Session=32b2c310-96b0-4fca-b4df-239bb2abb062
debug ++ [int] eventPhase = 2
debug ++ [Boolean] bubbles = false
debug ++ [Boolean] cancelable = false
debug ++ [String] type = timer
debug +++ [int] repeatCount = 0
debug +++ [int] currentCount = 24
debug +++ [Boolean] running = true
debug +++ [int] delay = 120000
debug +++ [int] repeatCount = 0
debug +++ [int] currentCount = 24
debug +++ [Boolean] running = true
debug +++ [int] delay = 120000
debug time 11:46:43.232 :: After HeartBeat Count=25 Result=5
debug time 11:48:42.236 :: Before HeartBeat Count=26 Time=Fri Dec 30 2011 11:48:42 GMT+0100 AccountId=29131007 Session=32b2c310-96b0-4fca-b4df-239bb2abb062
debug ++ [int] eventPhase = 2
debug ++ [Boolean] bubbles = false
debug ++ [Boolean] cancelable = false
debug ++ [String] type = timer
debug +++ [int] repeatCount = 0
debug +++ [int] currentCount = 25
debug +++ [Boolean] running = true
debug +++ [int] delay = 120000
debug +++ [int] repeatCount = 0
debug +++ [int] currentCount = 25
debug +++ [Boolean] running = true
debug +++ [int] delay = 120000
debug time 11:48:43.232 :: After HeartBeat Count=26 Result=5
debug time 11:50:43.236 :: Before HeartBeat Count=27 Time=Fri Dec 30 2011 11:50:43 GMT+0100 AccountId=29131007 Session=32b2c310-96b0-4fca-b4df-239bb2abb062
debug ++ [int] eventPhase = 2
debug ++ [Boolean] bubbles = false
debug ++ [Boolean] cancelable = false
debug ++ [String] type = timer
debug +++ [int] repeatCount = 0
debug +++ [int] currentCount = 26
debug +++ [Boolean] running = true
debug +++ [int] delay = 120000
debug +++ [int] repeatCount = 0
debug +++ [int] currentCount = 26
debug +++ [Boolean] running = true
debug +++ [int] delay = 120000
debug time 11:50:44.232 :: After HeartBeat Count=27 Result=5
debug time 11:52:43.235 :: Before HeartBeat Count=28 Time=Fri Dec 30 2011 11:52:43 GMT+0100 AccountId=29131007 Session=32b2c310-96b0-4fca-b4df-239bb2abb062
debug ++ [int] eventPhase = 2
debug ++ [Boolean] bubbles = false
debug ++ [Boolean] cancelable = false
debug ++ [String] type = timer
debug +++ [int] repeatCount = 0
debug +++ [int] currentCount = 27
debug +++ [Boolean] running = true
debug +++ [int] delay = 120000
debug +++ [int] repeatCount = 0
debug +++ [int] currentCount = 27
debug +++ [Boolean] running = true
debug +++ [int] delay = 120000
debug time 11:52:44.231 :: After HeartBeat Count=28 Result=5
debug time 11:54:43.235 :: Before HeartBeat Count=29 Time=Fri Dec 30 2011 11:54:43 GMT+0100 AccountId=29131007 Session=32b2c310-96b0-4fca-b4df-239bb2abb062
debug ++ [int] eventPhase = 2
debug ++ [Boolean] bubbles = false
debug ++ [Boolean] cancelable = false
debug ++ [String] type = timer
debug +++ [int] repeatCount = 0
debug +++ [int] currentCount = 28
debug +++ [Boolean] running = true
debug +++ [int] delay = 120000
debug +++ [int] repeatCount = 0
debug +++ [int] currentCount = 28
debug +++ [Boolean] running = true
debug +++ [int] delay = 120000
debug time 11:54:44.231 :: After HeartBeat Count=29 Result=5
debug time 11:56:43.236 :: Before HeartBeat Count=30 Time=Fri Dec 30 2011 11:56:43 GMT+0100 AccountId=29131007 Session=32b2c310-96b0-4fca-b4df-239bb2abb062
debug ++ [int] eventPhase = 2
debug ++ [Boolean] bubbles = false
debug ++ [Boolean] cancelable = false
debug ++ [String] type = timer
debug +++ [int] repeatCount = 0
debug +++ [int] currentCount = 29
debug +++ [Boolean] running = true
debug +++ [int] delay = 120000
debug +++ [int] repeatCount = 0
debug +++ [int] currentCount = 29
debug +++ [Boolean] running = true
debug +++ [int] delay = 120000
debug time 11:56:44.231 :: After HeartBeat Count=30 Result=5
debug time 11:58:43.242 :: Before HeartBeat Count=31 Time=Fri Dec 30 2011 11:58:43 GMT+0100 AccountId=29131007 Session=32b2c310-96b0-4fca-b4df-239bb2abb062
debug ++ [int] eventPhase = 2
debug ++ [Boolean] bubbles = false
debug ++ [Boolean] cancelable = false
debug ++ [String] type = timer
debug +++ [int] repeatCount = 0
debug +++ [int] currentCount = 30
debug +++ [Boolean] running = true
debug +++ [int] delay = 120000
debug +++ [int] repeatCount = 0
debug +++ [int] currentCount = 30
debug +++ [Boolean] running = true
debug +++ [int] delay = 120000
debug time 11:58:44.232 :: After HeartBeat Count=31 Result=5
debug time 12:00:44.236 :: Before HeartBeat Count=32 Time=Fri Dec 30 2011 12:00:44 GMT+0100 AccountId=29131007 Session=32b2c310-96b0-4fca-b4df-239bb2abb062
debug ++ [int] eventPhase = 2
debug ++ [Boolean] bubbles = false
debug ++ [Boolean] cancelable = false
debug ++ [String] type = timer
debug +++ [int] repeatCount = 0
debug +++ [int] currentCount = 31
debug +++ [Boolean] running = true
debug +++ [int] delay = 120000
debug +++ [int] repeatCount = 0
debug +++ [int] currentCount = 31
debug +++ [Boolean] running = true
debug +++ [int] delay = 120000
debug time 12:00:45.232 :: After HeartBeat Count=32 Result=5
debug time 12:02:45.236 :: Before HeartBeat Count=33 Time=Fri Dec 30 2011 12:02:45 GMT+0100 AccountId=29131007 Session=32b2c310-96b0-4fca-b4df-239bb2abb062
debug ++ [int] eventPhase = 2
debug ++ [Boolean] bubbles = false
debug ++ [Boolean] cancelable = false
debug ++ [String] type = timer
debug +++ [int] repeatCount = 0
debug +++ [int] currentCount = 32
debug +++ [Boolean] running = true
debug +++ [int] delay = 120000
debug +++ [int] repeatCount = 0
debug +++ [int] currentCount = 32
debug +++ [Boolean] running = true
debug +++ [int] delay = 120000
debug time 12:02:46.232 :: After HeartBeat Count=33 Result=5
debug time 12:04:45.262 :: Before HeartBeat Count=34 Time=Fri Dec 30 2011 12:04:45 GMT+0100 AccountId=29131007 Session=32b2c310-96b0-4fca-b4df-239bb2abb062
debug ++ [int] eventPhase = 2
debug ++ [Boolean] bubbles = false
debug ++ [Boolean] cancelable = false
debug ++ [String] type = timer
debug +++ [int] repeatCount = 0
debug +++ [int] currentCount = 33
debug +++ [Boolean] running = true
debug +++ [int] delay = 120000
debug +++ [int] repeatCount = 0
debug +++ [int] currentCount = 33
debug +++ [Boolean] running = true
debug +++ [int] delay = 120000
debug time 12:04:46.232 :: After HeartBeat Count=34 Result=5
debug time 12:06:46.235 :: Before HeartBeat Count=35 Time=Fri Dec 30 2011 12:06:46 GMT+0100 AccountId=29131007 Session=32b2c310-96b0-4fca-b4df-239bb2abb062
debug ++ [int] eventPhase = 2
debug ++ [Boolean] bubbles = false
debug ++ [Boolean] cancelable = false
debug ++ [String] type = timer
debug +++ [int] repeatCount = 0
debug +++ [int] currentCount = 34
debug +++ [Boolean] running = true
debug +++ [int] delay = 120000
debug +++ [int] repeatCount = 0
debug +++ [int] currentCount = 34
debug +++ [Boolean] running = true
debug +++ [int] delay = 120000
debug time 12:06:47.232 :: After HeartBeat Count=35 Result=5
debug time 12:08:46.235 :: Before HeartBeat Count=36 Time=Fri Dec 30 2011 12:08:46 GMT+0100 AccountId=29131007 Session=32b2c310-96b0-4fca-b4df-239bb2abb062
debug ++ [int] eventPhase = 2
debug ++ [Boolean] bubbles = false
debug ++ [Boolean] cancelable = false
debug ++ [String] type = timer
debug +++ [int] repeatCount = 0
debug +++ [int] currentCount = 35
debug +++ [Boolean] running = true
debug +++ [int] delay = 120000
debug +++ [int] repeatCount = 0
debug +++ [int] currentCount = 35
debug +++ [Boolean] running = true
debug +++ [int] delay = 120000
debug time 12:08:47.232 :: After HeartBeat Count=36 Result=5
debug time 12:10:46.235 :: Before HeartBeat Count=37 Time=Fri Dec 30 2011 12:10:46 GMT+0100 AccountId=29131007 Session=32b2c310-96b0-4fca-b4df-239bb2abb062
debug ++ [int] eventPhase = 2
debug ++ [Boolean] bubbles = false
debug ++ [Boolean] cancelable = false
debug ++ [String] type = timer
debug +++ [int] repeatCount = 0
debug +++ [int] currentCount = 36
debug +++ [Boolean] running = true
debug +++ [int] delay = 120000
debug +++ [int] repeatCount = 0
debug +++ [int] currentCount = 36
debug +++ [Boolean] running = true
debug +++ [int] delay = 120000
debug time 12:10:47.231 :: After HeartBeat Count=37 Result=5
debug time 12:12:46.237 :: Before HeartBeat Count=38 Time=Fri Dec 30 2011 12:12:46 GMT+0100 AccountId=29131007 Session=32b2c310-96b0-4fca-b4df-239bb2abb062
debug ++ [int] eventPhase = 2
debug ++ [Boolean] bubbles = false
debug ++ [Boolean] cancelable = false
debug ++ [String] type = timer
debug +++ [int] repeatCount = 0
debug +++ [int] currentCount = 37
debug +++ [Boolean] running = true
debug +++ [int] delay = 120000
debug +++ [int] repeatCount = 0
debug +++ [int] currentCount = 37
debug +++ [Boolean] running = true
debug +++ [int] delay = 120000
debug time 12:12:47.231 :: After HeartBeat Count=38 Result=5
debug time 12:12:52.283 :: Performing heartbeat at Fri Dec 30 2011 12:12:52 GMT+0100
debug time 12:14:46.274 :: Before HeartBeat Count=39 Time=Fri Dec 30 2011 12:14:46 GMT+0100 AccountId=29131007 Session=32b2c310-96b0-4fca-b4df-239bb2abb062
debug ++ [int] eventPhase = 2
debug ++ [Boolean] bubbles = false
debug ++ [Boolean] cancelable = false
debug ++ [String] type = timer
debug +++ [int] repeatCount = 0
debug +++ [int] currentCount = 38
debug +++ [Boolean] running = true
debug +++ [int] delay = 120000
debug +++ [int] repeatCount = 0
debug +++ [int] currentCount = 38
debug +++ [Boolean] running = true
debug +++ [int] delay = 120000
debug time 12:14:46.491 :: After HeartBeat Count=39 Result=5
debug time 12:16:46.318 :: Before HeartBeat Count=40 Time=Fri Dec 30 2011 12:16:46 GMT+0100 AccountId=29131007 Session=32b2c310-96b0-4fca-b4df-239bb2abb062
debug ++ [int] eventPhase = 2
debug ++ [Boolean] bubbles = false
debug ++ [Boolean] cancelable = false
debug ++ [String] type = timer
debug +++ [int] repeatCount = 0
debug +++ [int] currentCount = 39
debug +++ [Boolean] running = true
debug +++ [int] delay = 120000
debug +++ [int] repeatCount = 0
debug +++ [int] currentCount = 39
debug +++ [Boolean] running = true
debug +++ [int] delay = 120000
debug time 12:16:46.517 :: After HeartBeat Count=40 Result=5
debug time 12:18:46.327 :: Before HeartBeat Count=41 Time=Fri Dec 30 2011 12:18:46 GMT+0100 AccountId=29131007 Session=32b2c310-96b0-4fca-b4df-239bb2abb062
debug ++ [int] eventPhase = 2
debug ++ [Boolean] bubbles = false
debug ++ [Boolean] cancelable = false
debug ++ [String] type = timer
debug +++ [int] repeatCount = 0
debug +++ [int] currentCount = 40
debug +++ [Boolean] running = true
debug +++ [int] delay = 120000
debug +++ [int] repeatCount = 0
debug +++ [int] currentCount = 40
debug +++ [Boolean] running = true
debug +++ [int] delay = 120000
debug time 12:18:47.317 :: After HeartBeat Count=41 Result=5
debug time 12:20:47.325 :: Before HeartBeat Count=42 Time=Fri Dec 30 2011 12:20:47 GMT+0100 AccountId=29131007 Session=32b2c310-96b0-4fca-b4df-239bb2abb062
debug ++ [int] eventPhase = 2
debug ++ [Boolean] bubbles = false
debug ++ [Boolean] cancelable = false
debug ++ [String] type = timer
debug +++ [int] repeatCount = 0
debug +++ [int] currentCount = 41
debug +++ [Boolean] running = true
debug +++ [int] delay = 120000
debug +++ [int] repeatCount = 0
debug +++ [int] currentCount = 41
debug +++ [Boolean] running = true
debug +++ [int] delay = 120000
debug time 12:20:48.317 :: After HeartBeat Count=42 Result=5
debug time 12:22:48.322 :: Before HeartBeat Count=43 Time=Fri Dec 30 2011 12:22:48 GMT+0100 AccountId=29131007 Session=32b2c310-96b0-4fca-b4df-239bb2abb062
debug ++ [int] eventPhase = 2
debug ++ [Boolean] bubbles = false
debug ++ [Boolean] cancelable = false
debug ++ [String] type = timer
debug +++ [int] repeatCount = 0
debug +++ [int] currentCount = 42
debug +++ [Boolean] running = true
debug +++ [int] delay = 120000
debug +++ [int] repeatCount = 0
debug +++ [int] currentCount = 42
debug +++ [Boolean] running = true
debug +++ [int] delay = 120000
debug time 12:22:49.317 :: After HeartBeat Count=43 Result=5
debug time 12:24:49.322 :: Before HeartBeat Count=44 Time=Fri Dec 30 2011 12:24:49 GMT+0100 AccountId=29131007 Session=32b2c310-96b0-4fca-b4df-239bb2abb062
debug ++ [int] eventPhase = 2
debug ++ [Boolean] bubbles = false
debug ++ [Boolean] cancelable = false
debug ++ [String] type = timer
debug +++ [int] repeatCount = 0
debug +++ [int] currentCount = 43
debug +++ [Boolean] running = true
debug +++ [int] delay = 120000
debug +++ [int] repeatCount = 0
debug +++ [int] currentCount = 43
debug +++ [Boolean] running = true
debug +++ [int] delay = 120000
debug time 12:24:50.317 :: After HeartBeat Count=44 Result=5
debug time 12:26:49.321 :: Before HeartBeat Count=45 Time=Fri Dec 30 2011 12:26:49 GMT+0100 AccountId=29131007 Session=32b2c310-96b0-4fca-b4df-239bb2abb062
debug ++ [int] eventPhase = 2
debug ++ [Boolean] bubbles = false
debug ++ [Boolean] cancelable = false
debug ++ [String] type = timer
debug +++ [int] repeatCount = 0
debug +++ [int] currentCount = 44
debug +++ [Boolean] running = true
debug +++ [int] delay = 120000
debug +++ [int] repeatCount = 0
debug +++ [int] currentCount = 44
debug +++ [Boolean] running = true
debug +++ [int] delay = 120000
debug time 12:26:50.317 :: After HeartBeat Count=45 Result=5
debug time 12:28:49.321 :: Before HeartBeat Count=46 Time=Fri Dec 30 2011 12:28:49 GMT+0100 AccountId=29131007 Session=32b2c310-96b0-4fca-b4df-239bb2abb062
debug ++ [int] eventPhase = 2
debug ++ [Boolean] bubbles = false
debug ++ [Boolean] cancelable = false
debug ++ [String] type = timer
debug +++ [int] repeatCount = 0
debug +++ [int] currentCount = 45
debug +++ [Boolean] running = true
debug +++ [int] delay = 120000
debug +++ [int] repeatCount = 0
debug +++ [int] currentCount = 45
debug +++ [Boolean] running = true
debug +++ [int] delay = 120000
debug time 12:28:50.316 :: After HeartBeat Count=46 Result=5
debug time 12:30:50.320 :: Before HeartBeat Count=47 Time=Fri Dec 30 2011 12:30:50 GMT+0100 AccountId=29131007 Session=32b2c310-96b0-4fca-b4df-239bb2abb062
debug ++ [int] eventPhase = 2
debug ++ [Boolean] bubbles = false
debug ++ [Boolean] cancelable = false
debug ++ [String] type = timer
debug +++ [int] repeatCount = 0
debug +++ [int] currentCount = 46
debug +++ [Boolean] running = true
debug +++ [int] delay = 120000
debug +++ [int] repeatCount = 0
debug +++ [int] currentCount = 46
debug +++ [Boolean] running = true
debug +++ [int] delay = 120000
debug time 12:30:51.316 :: After HeartBeat Count=47 Result=5
debug time 12:32:50.321 :: Before HeartBeat Count=48 Time=Fri Dec 30 2011 12:32:50 GMT+0100 AccountId=29131007 Session=32b2c310-96b0-4fca-b4df-239bb2abb062
debug ++ [int] eventPhase = 2
debug ++ [Boolean] bubbles = false
debug ++ [Boolean] cancelable = false
debug ++ [String] type = timer
debug +++ [int] repeatCount = 0
debug +++ [int] currentCount = 47
debug +++ [Boolean] running = true
debug +++ [int] delay = 120000
debug +++ [int] repeatCount = 0
debug +++ [int] currentCount = 47
debug +++ [Boolean] running = true
debug +++ [int] delay = 120000
debug time 12:32:51.316 :: After HeartBeat Count=48 Result=5
debug time 12:34:50.327 :: Before HeartBeat Count=49 Time=Fri Dec 30 2011 12:34:50 GMT+0100 AccountId=29131007 Session=32b2c310-96b0-4fca-b4df-239bb2abb062
debug ++ [int] eventPhase = 2
debug ++ [Boolean] bubbles = false
debug ++ [Boolean] cancelable = false
debug ++ [String] type = timer
debug +++ [int] repeatCount = 0
debug +++ [int] currentCount = 48
debug +++ [Boolean] running = true
debug +++ [int] delay = 120000
debug +++ [int] repeatCount = 0
debug +++ [int] currentCount = 48
debug +++ [Boolean] running = true
debug +++ [int] delay = 120000
debug time 12:34:51.317 :: After HeartBeat Count=49 Result=5
debug time 12:36:51.321 :: Before HeartBeat Count=50 Time=Fri Dec 30 2011 12:36:51 GMT+0100 AccountId=29131007 Session=32b2c310-96b0-4fca-b4df-239bb2abb062
debug ++ [int] eventPhase = 2
debug ++ [Boolean] bubbles = false
debug ++ [Boolean] cancelable = false
debug ++ [String] type = timer
debug +++ [int] repeatCount = 0
debug +++ [int] currentCount = 49
debug +++ [Boolean] running = true
debug +++ [int] delay = 120000
debug +++ [int] repeatCount = 0
debug +++ [int] currentCount = 49
debug +++ [Boolean] running = true
debug +++ [int] delay = 120000
debug time 12:36:52.317 :: After HeartBeat Count=50 Result=5
debug time 12:38:51.321 :: Before HeartBeat Count=51 Time=Fri Dec 30 2011 12:38:51 GMT+0100 AccountId=29131007 Session=32b2c310-96b0-4fca-b4df-239bb2abb062
debug ++ [int] eventPhase = 2
debug ++ [Boolean] bubbles = false
debug ++ [Boolean] cancelable = false
debug ++ [String] type = timer
debug +++ [int] repeatCount = 0
debug +++ [int] currentCount = 50
debug +++ [Boolean] running = true
debug +++ [int] delay = 120000
debug +++ [int] repeatCount = 0
debug +++ [int] currentCount = 50
debug +++ [Boolean] running = true
debug +++ [int] delay = 120000
debug time 12:38:52.317 :: After HeartBeat Count=51 Result=5
debug time 12:40:51.321 :: Before HeartBeat Count=52 Time=Fri Dec 30 2011 12:40:51 GMT+0100 AccountId=29131007 Session=32b2c310-96b0-4fca-b4df-239bb2abb062
debug ++ [int] eventPhase = 2
debug ++ [Boolean] bubbles = false
debug ++ [Boolean] cancelable = false
debug ++ [String] type = timer
debug +++ [int] repeatCount = 0
debug +++ [int] currentCount = 51
debug +++ [Boolean] running = true
debug +++ [int] delay = 120000
debug +++ [int] repeatCount = 0
debug +++ [int] currentCount = 51
debug +++ [Boolean] running = true
debug +++ [int] delay = 120000
debug time 12:40:52.317 :: After HeartBeat Count=52 Result=5
debug time 12:42:51.320 :: Before HeartBeat Count=53 Time=Fri Dec 30 2011 12:42:51 GMT+0100 AccountId=29131007 Session=32b2c310-96b0-4fca-b4df-239bb2abb062
debug ++ [int] eventPhase = 2
debug ++ [Boolean] bubbles = false
debug ++ [Boolean] cancelable = false
debug ++ [String] type = timer
debug +++ [int] repeatCount = 0
debug +++ [int] currentCount = 52
debug +++ [Boolean] running = true
debug +++ [int] delay = 120000
debug +++ [int] repeatCount = 0
debug +++ [int] currentCount = 52
debug +++ [Boolean] running = true
debug +++ [int] delay = 120000
debug time 12:42:52.317 :: After HeartBeat Count=53 Result=5
debug time 12:44:51.320 :: Before HeartBeat Count=54 Time=Fri Dec 30 2011 12:44:51 GMT+0100 AccountId=29131007 Session=32b2c310-96b0-4fca-b4df-239bb2abb062
debug ++ [int] eventPhase = 2
debug ++ [Boolean] bubbles = false
debug ++ [Boolean] cancelable = false
debug ++ [String] type = timer
debug +++ [int] repeatCount = 0
debug +++ [int] currentCount = 53
debug +++ [Boolean] running = true
debug +++ [int] delay = 120000
debug +++ [int] repeatCount = 0
debug +++ [int] currentCount = 53
debug +++ [Boolean] running = true
debug +++ [int] delay = 120000
debug time 12:44:52.316 :: After HeartBeat Count=54 Result=5
debug time 12:46:51.320 :: Before HeartBeat Count=55 Time=Fri Dec 30 2011 12:46:51 GMT+0100 AccountId=29131007 Session=32b2c310-96b0-4fca-b4df-239bb2abb062
debug ++ [int] eventPhase = 2
debug ++ [Boolean] bubbles = false
debug ++ [Boolean] cancelable = false
debug ++ [String] type = timer
debug +++ [int] repeatCount = 0
debug +++ [int] currentCount = 54
debug +++ [Boolean] running = true
debug +++ [int] delay = 120000
debug +++ [int] repeatCount = 0
debug +++ [int] currentCount = 54
debug +++ [Boolean] running = true
debug +++ [int] delay = 120000
debug time 12:46:52.316 :: After HeartBeat Count=55 Result=5
debug time 12:48:51.346 :: Before HeartBeat Count=56 Time=Fri Dec 30 2011 12:48:51 GMT+0100 AccountId=29131007 Session=32b2c310-96b0-4fca-b4df-239bb2abb062
debug ++ [int] eventPhase = 2
debug ++ [Boolean] bubbles = false
debug ++ [Boolean] cancelable = false
debug ++ [String] type = timer
debug +++ [int] repeatCount = 0
debug +++ [int] currentCount = 55
debug +++ [Boolean] running = true
debug +++ [int] delay = 120000
debug +++ [int] repeatCount = 0
debug +++ [int] currentCount = 55
debug +++ [Boolean] running = true
debug +++ [int] delay = 120000
debug time 12:48:52.317 :: After HeartBeat Count=56 Result=5
debug time 12:50:51.349 :: Before HeartBeat Count=57 Time=Fri Dec 30 2011 12:50:51 GMT+0100 AccountId=29131007 Session=32b2c310-96b0-4fca-b4df-239bb2abb062
debug ++ [int] eventPhase = 2
debug ++ [Boolean] bubbles = false
debug ++ [Boolean] cancelable = false
debug ++ [String] type = timer
debug +++ [int] repeatCount = 0
debug +++ [int] currentCount = 56
debug +++ [Boolean] running = true
debug +++ [int] delay = 120000
debug +++ [int] repeatCount = 0
debug +++ [int] currentCount = 56
debug +++ [Boolean] running = true
debug +++ [int] delay = 120000
debug time 12:50:52.317 :: After HeartBeat Count=57 Result=5
debug time 12:52:52.347 :: Before HeartBeat Count=58 Time=Fri Dec 30 2011 12:52:52 GMT+0100 AccountId=29131007 Session=32b2c310-96b0-4fca-b4df-239bb2abb062
debug ++ [int] eventPhase = 2
debug ++ [Boolean] bubbles = false
debug ++ [Boolean] cancelable = false
debug ++ [String] type = timer
debug +++ [int] repeatCount = 0
debug +++ [int] currentCount = 57
debug +++ [Boolean] running = true
debug +++ [int] delay = 120000
debug +++ [int] repeatCount = 0
debug +++ [int] currentCount = 57
debug +++ [Boolean] running = true
debug +++ [int] delay = 120000
debug time 12:52:53.322 :: After HeartBeat Count=58 Result=5
debug time 12:53:47.543 :: Performing heartbeat at Fri Dec 30 2011 12:53:47 GMT+0100
