debug time 22:46:05.43 :: Before HeartBeat Count=1 Time=Wed Mar 21 2012 22:46:05 GMT+0100 AccountId=29131007 Session=0124be0d-28a6-4844-a601-1b3b98c06f01
STOP LOGGING: More than 0 nested objects or properties. 
debug time 22:46:05.471 :: After HeartBeat Count=1 Result=5
debug time 22:48:05.80 :: Before HeartBeat Count=2 Time=Wed Mar 21 2012 22:48:05 GMT+0100 AccountId=29131007 Session=0124be0d-28a6-4844-a601-1b3b98c06f01
debug ++ [int] eventPhase = 2
debug ++ [Boolean] bubbles = false
debug ++ [Boolean] cancelable = false
debug ++ [String] type = timer
debug +++ [int] repeatCount = 0
debug +++ [int] currentCount = 1
debug +++ [Boolean] running = true
debug +++ [int] delay = 120000
debug +++ [int] repeatCount = 0
debug +++ [int] currentCount = 1
debug +++ [Boolean] running = true
debug +++ [int] delay = 120000
debug time 22:48:05.280 :: After HeartBeat Count=2 Result=5
debug time 22:50:05.978 :: Before HeartBeat Count=3 Time=Wed Mar 21 2012 22:50:05 GMT+0100 AccountId=29131007 Session=0124be0d-28a6-4844-a601-1b3b98c06f01
debug ++ [int] eventPhase = 2
debug ++ [Boolean] bubbles = false
debug ++ [Boolean] cancelable = false
debug ++ [String] type = timer
debug +++ [int] repeatCount = 0
debug +++ [int] currentCount = 2
debug +++ [Boolean] running = true
debug +++ [int] delay = 120000
debug +++ [int] repeatCount = 0
debug +++ [int] currentCount = 2
debug +++ [Boolean] running = true
debug +++ [int] delay = 120000
debug time 22:50:06.177 :: After HeartBeat Count=3 Result=5
debug time 22:52:05.998 :: Before HeartBeat Count=4 Time=Wed Mar 21 2012 22:52:05 GMT+0100 AccountId=29131007 Session=0124be0d-28a6-4844-a601-1b3b98c06f01
debug ++ [int] eventPhase = 2
debug ++ [Boolean] bubbles = false
debug ++ [Boolean] cancelable = false
debug ++ [String] type = timer
debug +++ [int] repeatCount = 0
debug +++ [int] currentCount = 3
debug +++ [Boolean] running = true
debug +++ [int] delay = 120000
debug +++ [int] repeatCount = 0
debug +++ [int] currentCount = 3
debug +++ [Boolean] running = true
debug +++ [int] delay = 120000
debug time 22:52:06.223 :: After HeartBeat Count=4 Result=5
debug time 22:54:06.978 :: Before HeartBeat Count=5 Time=Wed Mar 21 2012 22:54:06 GMT+0100 AccountId=29131007 Session=0124be0d-28a6-4844-a601-1b3b98c06f01
debug ++ [int] eventPhase = 2
debug ++ [Boolean] bubbles = false
debug ++ [Boolean] cancelable = false
debug ++ [String] type = timer
debug +++ [int] repeatCount = 0
debug +++ [int] currentCount = 4
debug +++ [Boolean] running = true
debug +++ [int] delay = 120000
debug +++ [int] repeatCount = 0
debug +++ [int] currentCount = 4
debug +++ [Boolean] running = true
debug +++ [int] delay = 120000
debug time 22:54:07.175 :: After HeartBeat Count=5 Result=5
debug time 22:56:06.979 :: Before HeartBeat Count=6 Time=Wed Mar 21 2012 22:56:06 GMT+0100 AccountId=29131007 Session=0124be0d-28a6-4844-a601-1b3b98c06f01
debug ++ [int] eventPhase = 2
debug ++ [Boolean] bubbles = false
debug ++ [Boolean] cancelable = false
debug ++ [String] type = timer
debug +++ [int] repeatCount = 0
debug +++ [int] currentCount = 5
debug +++ [Boolean] running = true
debug +++ [int] delay = 120000
debug +++ [int] repeatCount = 0
debug +++ [int] currentCount = 5
debug +++ [Boolean] running = true
debug +++ [int] delay = 120000
debug time 22:56:07.184 :: After HeartBeat Count=6 Result=5
debug time 22:58:07.981 :: Before HeartBeat Count=7 Time=Wed Mar 21 2012 22:58:07 GMT+0100 AccountId=29131007 Session=0124be0d-28a6-4844-a601-1b3b98c06f01
debug ++ [int] eventPhase = 2
debug ++ [Boolean] bubbles = false
debug ++ [Boolean] cancelable = false
debug ++ [String] type = timer
debug +++ [int] repeatCount = 0
debug +++ [int] currentCount = 6
debug +++ [Boolean] running = true
debug +++ [int] delay = 120000
debug +++ [int] repeatCount = 0
debug +++ [int] currentCount = 6
debug +++ [Boolean] running = true
debug +++ [int] delay = 120000
debug time 22:58:08.155 :: After HeartBeat Count=7 Result=5
debug time 23:00:08.986 :: Before HeartBeat Count=8 Time=Wed Mar 21 2012 23:00:08 GMT+0100 AccountId=29131007 Session=0124be0d-28a6-4844-a601-1b3b98c06f01
debug ++ [int] eventPhase = 2
debug ++ [Boolean] bubbles = false
debug ++ [Boolean] cancelable = false
debug ++ [String] type = timer
debug +++ [int] repeatCount = 0
debug +++ [int] currentCount = 7
debug +++ [Boolean] running = true
debug +++ [int] delay = 120000
debug +++ [int] repeatCount = 0
debug +++ [int] currentCount = 7
debug +++ [Boolean] running = true
debug +++ [int] delay = 120000
debug time 23:00:09.171 :: After HeartBeat Count=8 Result=5
debug time 23:02:09.977 :: Before HeartBeat Count=9 Time=Wed Mar 21 2012 23:02:09 GMT+0100 AccountId=29131007 Session=0124be0d-28a6-4844-a601-1b3b98c06f01
debug ++ [int] eventPhase = 2
debug ++ [Boolean] bubbles = false
debug ++ [Boolean] cancelable = false
debug ++ [String] type = timer
debug +++ [int] repeatCount = 0
debug +++ [int] currentCount = 8
debug +++ [Boolean] running = true
debug +++ [int] delay = 120000
debug +++ [int] repeatCount = 0
debug +++ [int] currentCount = 8
debug +++ [Boolean] running = true
debug +++ [int] delay = 120000
debug time 23:02:10.146 :: After HeartBeat Count=9 Result=5
debug time 23:04:10.974 :: Before HeartBeat Count=10 Time=Wed Mar 21 2012 23:04:10 GMT+0100 AccountId=29131007 Session=0124be0d-28a6-4844-a601-1b3b98c06f01
debug ++ [int] eventPhase = 2
debug ++ [Boolean] bubbles = false
debug ++ [Boolean] cancelable = false
debug ++ [String] type = timer
debug +++ [int] repeatCount = 0
debug +++ [int] currentCount = 9
debug +++ [Boolean] running = true
debug +++ [int] delay = 120000
debug +++ [int] repeatCount = 0
debug +++ [int] currentCount = 9
debug +++ [Boolean] running = true
debug +++ [int] delay = 120000
debug time 23:04:11.142 :: After HeartBeat Count=10 Result=5
debug time 23:06:10.974 :: Before HeartBeat Count=11 Time=Wed Mar 21 2012 23:06:10 GMT+0100 AccountId=29131007 Session=0124be0d-28a6-4844-a601-1b3b98c06f01
debug ++ [int] eventPhase = 2
debug ++ [Boolean] bubbles = false
debug ++ [Boolean] cancelable = false
debug ++ [String] type = timer
debug +++ [int] repeatCount = 0
debug +++ [int] currentCount = 10
debug +++ [Boolean] running = true
debug +++ [int] delay = 120000
debug +++ [int] repeatCount = 0
debug +++ [int] currentCount = 10
debug +++ [Boolean] running = true
debug +++ [int] delay = 120000
debug time 23:06:11.144 :: After HeartBeat Count=11 Result=5
debug time 23:08:10.986 :: Before HeartBeat Count=12 Time=Wed Mar 21 2012 23:08:10 GMT+0100 AccountId=29131007 Session=0124be0d-28a6-4844-a601-1b3b98c06f01
debug ++ [int] eventPhase = 2
debug ++ [Boolean] bubbles = false
debug ++ [Boolean] cancelable = false
debug ++ [String] type = timer
debug +++ [int] repeatCount = 0
debug +++ [int] currentCount = 11
debug +++ [Boolean] running = true
debug +++ [int] delay = 120000
debug +++ [int] repeatCount = 0
debug +++ [int] currentCount = 11
debug +++ [Boolean] running = true
debug +++ [int] delay = 120000
debug time 23:08:11.176 :: After HeartBeat Count=12 Result=5
debug time 23:10:11.975 :: Before HeartBeat Count=13 Time=Wed Mar 21 2012 23:10:11 GMT+0100 AccountId=29131007 Session=0124be0d-28a6-4844-a601-1b3b98c06f01
debug ++ [int] eventPhase = 2
debug ++ [Boolean] bubbles = false
debug ++ [Boolean] cancelable = false
debug ++ [String] type = timer
debug +++ [int] repeatCount = 0
debug +++ [int] currentCount = 12
debug +++ [Boolean] running = true
debug +++ [int] delay = 120000
debug +++ [int] repeatCount = 0
debug +++ [int] currentCount = 12
debug +++ [Boolean] running = true
debug +++ [int] delay = 120000
debug time 23:10:12.144 :: After HeartBeat Count=13 Result=5
debug time 23:12:11.973 :: Before HeartBeat Count=14 Time=Wed Mar 21 2012 23:12:11 GMT+0100 AccountId=29131007 Session=0124be0d-28a6-4844-a601-1b3b98c06f01
debug ++ [int] eventPhase = 2
debug ++ [Boolean] bubbles = false
debug ++ [Boolean] cancelable = false
debug ++ [String] type = timer
debug +++ [int] repeatCount = 0
debug +++ [int] currentCount = 13
debug +++ [Boolean] running = true
debug +++ [int] delay = 120000
debug +++ [int] repeatCount = 0
debug +++ [int] currentCount = 13
debug +++ [Boolean] running = true
debug +++ [int] delay = 120000
debug time 23:12:12.142 :: After HeartBeat Count=14 Result=5
debug time 23:14:12.972 :: Before HeartBeat Count=15 Time=Wed Mar 21 2012 23:14:12 GMT+0100 AccountId=29131007 Session=0124be0d-28a6-4844-a601-1b3b98c06f01
debug ++ [int] eventPhase = 2
debug ++ [Boolean] bubbles = false
debug ++ [Boolean] cancelable = false
debug ++ [String] type = timer
debug +++ [int] repeatCount = 0
debug +++ [int] currentCount = 14
debug +++ [Boolean] running = true
debug +++ [int] delay = 120000
debug +++ [int] repeatCount = 0
debug +++ [int] currentCount = 14
debug +++ [Boolean] running = true
debug +++ [int] delay = 120000
debug time 23:14:13.140 :: After HeartBeat Count=15 Result=5
debug time 23:16:12.987 :: Before HeartBeat Count=16 Time=Wed Mar 21 2012 23:16:12 GMT+0100 AccountId=29131007 Session=0124be0d-28a6-4844-a601-1b3b98c06f01
debug ++ [int] eventPhase = 2
debug ++ [Boolean] bubbles = false
debug ++ [Boolean] cancelable = false
debug ++ [String] type = timer
debug +++ [int] repeatCount = 0
debug +++ [int] currentCount = 15
debug +++ [Boolean] running = true
debug +++ [int] delay = 120000
debug +++ [int] repeatCount = 0
debug +++ [int] currentCount = 15
debug +++ [Boolean] running = true
debug +++ [int] delay = 120000
debug time 23:16:13.166 :: After HeartBeat Count=16 Result=5
debug time 23:18:13.972 :: Before HeartBeat Count=17 Time=Wed Mar 21 2012 23:18:13 GMT+0100 AccountId=29131007 Session=0124be0d-28a6-4844-a601-1b3b98c06f01
debug ++ [int] eventPhase = 2
debug ++ [Boolean] bubbles = false
debug ++ [Boolean] cancelable = false
debug ++ [String] type = timer
debug +++ [int] repeatCount = 0
debug +++ [int] currentCount = 16
debug +++ [Boolean] running = true
debug +++ [int] delay = 120000
debug +++ [int] repeatCount = 0
debug +++ [int] currentCount = 16
debug +++ [Boolean] running = true
debug +++ [int] delay = 120000
debug time 23:18:14.141 :: After HeartBeat Count=17 Result=5
debug time 23:20:13.971 :: Before HeartBeat Count=18 Time=Wed Mar 21 2012 23:20:13 GMT+0100 AccountId=29131007 Session=0124be0d-28a6-4844-a601-1b3b98c06f01
debug ++ [int] eventPhase = 2
debug ++ [Boolean] bubbles = false
debug ++ [Boolean] cancelable = false
debug ++ [String] type = timer
debug +++ [int] repeatCount = 0
debug +++ [int] currentCount = 17
debug +++ [Boolean] running = true
debug +++ [int] delay = 120000
debug +++ [int] repeatCount = 0
debug +++ [int] currentCount = 17
debug +++ [Boolean] running = true
debug +++ [int] delay = 120000
debug time 23:20:14.140 :: After HeartBeat Count=18 Result=5
debug time 23:22:13.972 :: Before HeartBeat Count=19 Time=Wed Mar 21 2012 23:22:13 GMT+0100 AccountId=29131007 Session=0124be0d-28a6-4844-a601-1b3b98c06f01
debug ++ [int] eventPhase = 2
debug ++ [Boolean] bubbles = false
debug ++ [Boolean] cancelable = false
debug ++ [String] type = timer
debug +++ [int] repeatCount = 0
debug +++ [int] currentCount = 18
debug +++ [Boolean] running = true
debug +++ [int] delay = 120000
debug +++ [int] repeatCount = 0
debug +++ [int] currentCount = 18
debug +++ [Boolean] running = true
debug +++ [int] delay = 120000
debug time 23:22:14.141 :: After HeartBeat Count=19 Result=5
debug time 23:24:13.971 :: Before HeartBeat Count=20 Time=Wed Mar 21 2012 23:24:13 GMT+0100 AccountId=29131007 Session=0124be0d-28a6-4844-a601-1b3b98c06f01
debug ++ [int] eventPhase = 2
debug ++ [Boolean] bubbles = false
debug ++ [Boolean] cancelable = false
debug ++ [String] type = timer
debug +++ [int] repeatCount = 0
debug +++ [int] currentCount = 19
debug +++ [Boolean] running = true
debug +++ [int] delay = 120000
debug +++ [int] repeatCount = 0
debug +++ [int] currentCount = 19
debug +++ [Boolean] running = true
debug +++ [int] delay = 120000
debug time 23:24:14.140 :: After HeartBeat Count=20 Result=5
debug time 23:26:13.971 :: Before HeartBeat Count=21 Time=Wed Mar 21 2012 23:26:13 GMT+0100 AccountId=29131007 Session=0124be0d-28a6-4844-a601-1b3b98c06f01
debug ++ [int] eventPhase = 2
debug ++ [Boolean] bubbles = false
debug ++ [Boolean] cancelable = false
debug ++ [String] type = timer
debug +++ [int] repeatCount = 0
debug +++ [int] currentCount = 20
debug +++ [Boolean] running = true
debug +++ [int] delay = 120000
debug +++ [int] repeatCount = 0
debug +++ [int] currentCount = 20
debug +++ [Boolean] running = true
debug +++ [int] delay = 120000
debug time 23:26:14.139 :: After HeartBeat Count=21 Result=5
debug time 23:28:14.968 :: Before HeartBeat Count=22 Time=Wed Mar 21 2012 23:28:14 GMT+0100 AccountId=29131007 Session=0124be0d-28a6-4844-a601-1b3b98c06f01
debug ++ [int] eventPhase = 2
debug ++ [Boolean] bubbles = false
debug ++ [Boolean] cancelable = false
debug ++ [String] type = timer
debug +++ [int] repeatCount = 0
debug +++ [int] currentCount = 21
debug +++ [Boolean] running = true
debug +++ [int] delay = 120000
debug +++ [int] repeatCount = 0
debug +++ [int] currentCount = 21
debug +++ [Boolean] running = true
debug +++ [int] delay = 120000
debug time 23:28:15.137 :: After HeartBeat Count=22 Result=5
debug time 23:30:14.970 :: Before HeartBeat Count=23 Time=Wed Mar 21 2012 23:30:14 GMT+0100 AccountId=29131007 Session=0124be0d-28a6-4844-a601-1b3b98c06f01
debug ++ [int] eventPhase = 2
debug ++ [Boolean] bubbles = false
debug ++ [Boolean] cancelable = false
debug ++ [String] type = timer
debug +++ [int] repeatCount = 0
debug +++ [int] currentCount = 22
debug +++ [Boolean] running = true
debug +++ [int] delay = 120000
debug +++ [int] repeatCount = 0
debug +++ [int] currentCount = 22
debug +++ [Boolean] running = true
debug +++ [int] delay = 120000
debug time 23:30:15.139 :: After HeartBeat Count=23 Result=5
debug time 23:32:15.970 :: Before HeartBeat Count=24 Time=Wed Mar 21 2012 23:32:15 GMT+0100 AccountId=29131007 Session=0124be0d-28a6-4844-a601-1b3b98c06f01
debug ++ [int] eventPhase = 2
debug ++ [Boolean] bubbles = false
debug ++ [Boolean] cancelable = false
debug ++ [String] type = timer
debug +++ [int] repeatCount = 0
debug +++ [int] currentCount = 23
debug +++ [Boolean] running = true
debug +++ [int] delay = 120000
debug +++ [int] repeatCount = 0
debug +++ [int] currentCount = 23
debug +++ [Boolean] running = true
debug +++ [int] delay = 120000
debug time 23:32:16.139 :: After HeartBeat Count=24 Result=5
debug time 23:32:49.914 :: Performing heartbeat at Wed Mar 21 2012 23:32:49 GMT+0100
debug time 23:34:15.995 :: Before HeartBeat Count=25 Time=Wed Mar 21 2012 23:34:15 GMT+0100 AccountId=29131007 Session=0124be0d-28a6-4844-a601-1b3b98c06f01
debug ++ [int] eventPhase = 2
debug ++ [Boolean] bubbles = false
debug ++ [Boolean] cancelable = false
debug ++ [String] type = timer
debug +++ [int] repeatCount = 0
debug +++ [int] currentCount = 24
debug +++ [Boolean] running = true
debug +++ [int] delay = 120000
debug +++ [int] repeatCount = 0
debug +++ [int] currentCount = 24
debug +++ [Boolean] running = true
debug +++ [int] delay = 120000
debug time 23:34:16.176 :: After HeartBeat Count=25 Result=5
debug time 23:36:16.02 :: Before HeartBeat Count=26 Time=Wed Mar 21 2012 23:36:16 GMT+0100 AccountId=29131007 Session=0124be0d-28a6-4844-a601-1b3b98c06f01
debug ++ [int] eventPhase = 2
debug ++ [Boolean] bubbles = false
debug ++ [Boolean] cancelable = false
debug ++ [String] type = timer
debug +++ [int] repeatCount = 0
debug +++ [int] currentCount = 25
debug +++ [Boolean] running = true
debug +++ [int] delay = 120000
debug +++ [int] repeatCount = 0
debug +++ [int] currentCount = 25
debug +++ [Boolean] running = true
debug +++ [int] delay = 120000
debug time 23:36:16.199 :: After HeartBeat Count=26 Result=5
debug time 23:38:16.484 :: Before HeartBeat Count=27 Time=Wed Mar 21 2012 23:38:16 GMT+0100 AccountId=29131007 Session=0124be0d-28a6-4844-a601-1b3b98c06f01
debug ++ [int] eventPhase = 2
debug ++ [Boolean] bubbles = false
debug ++ [Boolean] cancelable = false
debug ++ [String] type = timer
debug +++ [int] repeatCount = 0
debug +++ [int] currentCount = 26
debug +++ [Boolean] running = true
debug +++ [int] delay = 120000
debug +++ [int] repeatCount = 0
debug +++ [int] currentCount = 26
debug +++ [Boolean] running = true
debug +++ [int] delay = 120000
debug time 23:38:16.653 :: After HeartBeat Count=27 Result=5
debug time 23:40:17.469 :: Before HeartBeat Count=28 Time=Wed Mar 21 2012 23:40:17 GMT+0100 AccountId=29131007 Session=0124be0d-28a6-4844-a601-1b3b98c06f01
debug ++ [int] eventPhase = 2
debug ++ [Boolean] bubbles = false
debug ++ [Boolean] cancelable = false
debug ++ [String] type = timer
debug +++ [int] repeatCount = 0
debug +++ [int] currentCount = 27
debug +++ [Boolean] running = true
debug +++ [int] delay = 120000
debug +++ [int] repeatCount = 0
debug +++ [int] currentCount = 27
debug +++ [Boolean] running = true
debug +++ [int] delay = 120000
debug time 23:40:17.664 :: After HeartBeat Count=28 Result=5
debug time 23:42:18.440 :: Before HeartBeat Count=29 Time=Wed Mar 21 2012 23:42:18 GMT+0100 AccountId=29131007 Session=0124be0d-28a6-4844-a601-1b3b98c06f01
debug ++ [int] eventPhase = 2
debug ++ [Boolean] bubbles = false
debug ++ [Boolean] cancelable = false
debug ++ [String] type = timer
debug +++ [int] repeatCount = 0
debug +++ [int] currentCount = 28
debug +++ [Boolean] running = true
debug +++ [int] delay = 120000
debug +++ [int] repeatCount = 0
debug +++ [int] currentCount = 28
debug +++ [Boolean] running = true
debug +++ [int] delay = 120000
debug time 23:42:18.609 :: After HeartBeat Count=29 Result=5
debug time 23:44:19.439 :: Before HeartBeat Count=30 Time=Wed Mar 21 2012 23:44:19 GMT+0100 AccountId=29131007 Session=0124be0d-28a6-4844-a601-1b3b98c06f01
debug ++ [int] eventPhase = 2
debug ++ [Boolean] bubbles = false
debug ++ [Boolean] cancelable = false
debug ++ [String] type = timer
debug +++ [int] repeatCount = 0
debug +++ [int] currentCount = 29
debug +++ [Boolean] running = true
debug +++ [int] delay = 120000
debug +++ [int] repeatCount = 0
debug +++ [int] currentCount = 29
debug +++ [Boolean] running = true
debug +++ [int] delay = 120000
debug time 23:44:19.607 :: After HeartBeat Count=30 Result=5
debug time 23:46:19.473 :: Before HeartBeat Count=31 Time=Wed Mar 21 2012 23:46:19 GMT+0100 AccountId=29131007 Session=0124be0d-28a6-4844-a601-1b3b98c06f01
debug ++ [int] eventPhase = 2
debug ++ [Boolean] bubbles = false
debug ++ [Boolean] cancelable = false
debug ++ [String] type = timer
debug +++ [int] repeatCount = 0
debug +++ [int] currentCount = 30
debug +++ [Boolean] running = true
debug +++ [int] delay = 120000
debug +++ [int] repeatCount = 0
debug +++ [int] currentCount = 30
debug +++ [Boolean] running = true
debug +++ [int] delay = 120000
debug time 23:46:19.643 :: After HeartBeat Count=31 Result=5
debug time 23:48:20.440 :: Before HeartBeat Count=32 Time=Wed Mar 21 2012 23:48:20 GMT+0100 AccountId=29131007 Session=0124be0d-28a6-4844-a601-1b3b98c06f01
debug ++ [int] eventPhase = 2
debug ++ [Boolean] bubbles = false
debug ++ [Boolean] cancelable = false
debug ++ [String] type = timer
debug +++ [int] repeatCount = 0
debug +++ [int] currentCount = 31
debug +++ [Boolean] running = true
debug +++ [int] delay = 120000
debug +++ [int] repeatCount = 0
debug +++ [int] currentCount = 31
debug +++ [Boolean] running = true
debug +++ [int] delay = 120000
debug time 23:48:20.610 :: After HeartBeat Count=32 Result=5
debug time 23:50:21.479 :: Before HeartBeat Count=33 Time=Wed Mar 21 2012 23:50:21 GMT+0100 AccountId=29131007 Session=0124be0d-28a6-4844-a601-1b3b98c06f01
debug ++ [int] eventPhase = 2
debug ++ [Boolean] bubbles = false
debug ++ [Boolean] cancelable = false
debug ++ [String] type = timer
debug +++ [int] repeatCount = 0
debug +++ [int] currentCount = 32
debug +++ [Boolean] running = true
debug +++ [int] delay = 120000
debug +++ [int] repeatCount = 0
debug +++ [int] currentCount = 32
debug +++ [Boolean] running = true
debug +++ [int] delay = 120000
debug time 23:50:21.673 :: After HeartBeat Count=33 Result=5
debug time 23:52:22.436 :: Before HeartBeat Count=34 Time=Wed Mar 21 2012 23:52:22 GMT+0100 AccountId=29131007 Session=0124be0d-28a6-4844-a601-1b3b98c06f01
debug ++ [int] eventPhase = 2
debug ++ [Boolean] bubbles = false
debug ++ [Boolean] cancelable = false
debug ++ [String] type = timer
debug +++ [int] repeatCount = 0
debug +++ [int] currentCount = 33
debug +++ [Boolean] running = true
debug +++ [int] delay = 120000
debug +++ [int] repeatCount = 0
debug +++ [int] currentCount = 33
debug +++ [Boolean] running = true
debug +++ [int] delay = 120000
debug time 23:52:22.605 :: After HeartBeat Count=34 Result=5
debug time 23:54:22.438 :: Before HeartBeat Count=35 Time=Wed Mar 21 2012 23:54:22 GMT+0100 AccountId=29131007 Session=0124be0d-28a6-4844-a601-1b3b98c06f01
debug ++ [int] eventPhase = 2
debug ++ [Boolean] bubbles = false
debug ++ [Boolean] cancelable = false
debug ++ [String] type = timer
debug +++ [int] repeatCount = 0
debug +++ [int] currentCount = 34
debug +++ [Boolean] running = true
debug +++ [int] delay = 120000
debug +++ [int] repeatCount = 0
debug +++ [int] currentCount = 34
debug +++ [Boolean] running = true
debug +++ [int] delay = 120000
debug time 23:54:22.607 :: After HeartBeat Count=35 Result=5
debug time 23:56:22.473 :: Before HeartBeat Count=36 Time=Wed Mar 21 2012 23:56:22 GMT+0100 AccountId=29131007 Session=0124be0d-28a6-4844-a601-1b3b98c06f01
debug ++ [int] eventPhase = 2
debug ++ [Boolean] bubbles = false
debug ++ [Boolean] cancelable = false
debug ++ [String] type = timer
debug +++ [int] repeatCount = 0
debug +++ [int] currentCount = 35
debug +++ [Boolean] running = true
debug +++ [int] delay = 120000
debug +++ [int] repeatCount = 0
debug +++ [int] currentCount = 35
debug +++ [Boolean] running = true
debug +++ [int] delay = 120000
debug time 23:56:22.669 :: After HeartBeat Count=36 Result=5
debug time 23:58:23.438 :: Before HeartBeat Count=37 Time=Wed Mar 21 2012 23:58:23 GMT+0100 AccountId=29131007 Session=0124be0d-28a6-4844-a601-1b3b98c06f01
debug ++ [int] eventPhase = 2
debug ++ [Boolean] bubbles = false
debug ++ [Boolean] cancelable = false
debug ++ [String] type = timer
debug +++ [int] repeatCount = 0
debug +++ [int] currentCount = 36
debug +++ [Boolean] running = true
debug +++ [int] delay = 120000
debug +++ [int] repeatCount = 0
debug +++ [int] currentCount = 36
debug +++ [Boolean] running = true
debug +++ [int] delay = 120000
debug time 23:58:23.608 :: After HeartBeat Count=37 Result=5
debug time 00:00:23.439 :: Before HeartBeat Count=38 Time=Thu Mar 22 2012 00:00:23 GMT+0100 AccountId=29131007 Session=0124be0d-28a6-4844-a601-1b3b98c06f01
debug ++ [int] eventPhase = 2
debug ++ [Boolean] bubbles = false
debug ++ [Boolean] cancelable = false
debug ++ [String] type = timer
debug +++ [int] repeatCount = 0
debug +++ [int] currentCount = 37
debug +++ [Boolean] running = true
debug +++ [int] delay = 120000
debug +++ [int] repeatCount = 0
debug +++ [int] currentCount = 37
debug +++ [Boolean] running = true
debug +++ [int] delay = 120000
debug time 00:00:23.608 :: After HeartBeat Count=38 Result=5
debug time 00:02:24.436 :: Before HeartBeat Count=39 Time=Thu Mar 22 2012 00:02:24 GMT+0100 AccountId=29131007 Session=0124be0d-28a6-4844-a601-1b3b98c06f01
debug ++ [int] eventPhase = 2
debug ++ [Boolean] bubbles = false
debug ++ [Boolean] cancelable = false
debug ++ [String] type = timer
debug +++ [int] repeatCount = 0
debug +++ [int] currentCount = 38
debug +++ [Boolean] running = true
debug +++ [int] delay = 120000
debug +++ [int] repeatCount = 0
debug +++ [int] currentCount = 38
debug +++ [Boolean] running = true
debug +++ [int] delay = 120000
debug time 00:02:24.623 :: After HeartBeat Count=39 Result=5
debug time 00:04:24.466 :: Before HeartBeat Count=40 Time=Thu Mar 22 2012 00:04:24 GMT+0100 AccountId=29131007 Session=0124be0d-28a6-4844-a601-1b3b98c06f01
debug ++ [int] eventPhase = 2
debug ++ [Boolean] bubbles = false
debug ++ [Boolean] cancelable = false
debug ++ [String] type = timer
debug +++ [int] repeatCount = 0
debug +++ [int] currentCount = 39
debug +++ [Boolean] running = true
debug +++ [int] delay = 120000
debug +++ [int] repeatCount = 0
debug +++ [int] currentCount = 39
debug +++ [Boolean] running = true
debug +++ [int] delay = 120000
debug time 00:04:24.663 :: After HeartBeat Count=40 Result=5
debug time 00:06:25.436 :: Before HeartBeat Count=41 Time=Thu Mar 22 2012 00:06:25 GMT+0100 AccountId=29131007 Session=0124be0d-28a6-4844-a601-1b3b98c06f01
debug ++ [int] eventPhase = 2
debug ++ [Boolean] bubbles = false
debug ++ [Boolean] cancelable = false
debug ++ [String] type = timer
debug +++ [int] repeatCount = 0
debug +++ [int] currentCount = 40
debug +++ [Boolean] running = true
debug +++ [int] delay = 120000
debug +++ [int] repeatCount = 0
debug +++ [int] currentCount = 40
debug +++ [Boolean] running = true
debug +++ [int] delay = 120000
debug time 00:06:25.606 :: After HeartBeat Count=41 Result=5
debug time 00:08:25.436 :: Before HeartBeat Count=42 Time=Thu Mar 22 2012 00:08:25 GMT+0100 AccountId=29131007 Session=0124be0d-28a6-4844-a601-1b3b98c06f01
debug ++ [int] eventPhase = 2
debug ++ [Boolean] bubbles = false
debug ++ [Boolean] cancelable = false
debug ++ [String] type = timer
debug +++ [int] repeatCount = 0
debug +++ [int] currentCount = 41
debug +++ [Boolean] running = true
debug +++ [int] delay = 120000
debug +++ [int] repeatCount = 0
debug +++ [int] currentCount = 41
debug +++ [Boolean] running = true
debug +++ [int] delay = 120000
debug time 00:08:25.605 :: After HeartBeat Count=42 Result=5
debug time 00:10:26.435 :: Before HeartBeat Count=43 Time=Thu Mar 22 2012 00:10:26 GMT+0100 AccountId=29131007 Session=0124be0d-28a6-4844-a601-1b3b98c06f01
debug ++ [int] eventPhase = 2
debug ++ [Boolean] bubbles = false
debug ++ [Boolean] cancelable = false
debug ++ [String] type = timer
debug +++ [int] repeatCount = 0
debug +++ [int] currentCount = 42
debug +++ [Boolean] running = true
debug +++ [int] delay = 120000
debug +++ [int] repeatCount = 0
debug +++ [int] currentCount = 42
debug +++ [Boolean] running = true
debug +++ [int] delay = 120000
debug time 00:10:26.604 :: After HeartBeat Count=43 Result=5
debug time 00:12:26.444 :: Before HeartBeat Count=44 Time=Thu Mar 22 2012 00:12:26 GMT+0100 AccountId=29131007 Session=0124be0d-28a6-4844-a601-1b3b98c06f01
debug ++ [int] eventPhase = 2
debug ++ [Boolean] bubbles = false
debug ++ [Boolean] cancelable = false
debug ++ [String] type = timer
debug +++ [int] repeatCount = 0
debug +++ [int] currentCount = 43
debug +++ [Boolean] running = true
debug +++ [int] delay = 120000
debug +++ [int] repeatCount = 0
debug +++ [int] currentCount = 43
debug +++ [Boolean] running = true
debug +++ [int] delay = 120000
debug time 00:12:26.612 :: After HeartBeat Count=44 Result=5
debug time 00:14:27.467 :: Before HeartBeat Count=45 Time=Thu Mar 22 2012 00:14:27 GMT+0100 AccountId=29131007 Session=0124be0d-28a6-4844-a601-1b3b98c06f01
debug ++ [int] eventPhase = 2
debug ++ [Boolean] bubbles = false
debug ++ [Boolean] cancelable = false
debug ++ [String] type = timer
debug +++ [int] repeatCount = 0
debug +++ [int] currentCount = 44
debug +++ [Boolean] running = true
debug +++ [int] delay = 120000
debug +++ [int] repeatCount = 0
debug +++ [int] currentCount = 44
debug +++ [Boolean] running = true
debug +++ [int] delay = 120000
debug time 00:14:27.666 :: After HeartBeat Count=45 Result=5
debug time 00:16:28.428 :: Before HeartBeat Count=46 Time=Thu Mar 22 2012 00:16:28 GMT+0100 AccountId=29131007 Session=0124be0d-28a6-4844-a601-1b3b98c06f01
debug ++ [int] eventPhase = 2
debug ++ [Boolean] bubbles = false
debug ++ [Boolean] cancelable = false
debug ++ [String] type = timer
debug +++ [int] repeatCount = 0
debug +++ [int] currentCount = 45
debug +++ [Boolean] running = true
debug +++ [int] delay = 120000
debug +++ [int] repeatCount = 0
debug +++ [int] currentCount = 45
debug +++ [Boolean] running = true
debug +++ [int] delay = 120000
debug time 00:16:28.597 :: After HeartBeat Count=46 Result=5
debug time 00:18:28.428 :: Before HeartBeat Count=47 Time=Thu Mar 22 2012 00:18:28 GMT+0100 AccountId=29131007 Session=0124be0d-28a6-4844-a601-1b3b98c06f01
debug ++ [int] eventPhase = 2
debug ++ [Boolean] bubbles = false
debug ++ [Boolean] cancelable = false
debug ++ [String] type = timer
debug +++ [int] repeatCount = 0
debug +++ [int] currentCount = 46
debug +++ [Boolean] running = true
debug +++ [int] delay = 120000
debug +++ [int] repeatCount = 0
debug +++ [int] currentCount = 46
debug +++ [Boolean] running = true
debug +++ [int] delay = 120000
debug time 00:18:28.597 :: After HeartBeat Count=47 Result=5
debug time 00:20:28.429 :: Before HeartBeat Count=48 Time=Thu Mar 22 2012 00:20:28 GMT+0100 AccountId=29131007 Session=0124be0d-28a6-4844-a601-1b3b98c06f01
debug ++ [int] eventPhase = 2
debug ++ [Boolean] bubbles = false
debug ++ [Boolean] cancelable = false
debug ++ [String] type = timer
debug +++ [int] repeatCount = 0
debug +++ [int] currentCount = 47
debug +++ [Boolean] running = true
debug +++ [int] delay = 120000
debug +++ [int] repeatCount = 0
debug +++ [int] currentCount = 47
debug +++ [Boolean] running = true
debug +++ [int] delay = 120000
debug time 00:20:28.599 :: After HeartBeat Count=48 Result=5
debug time 00:22:29.430 :: Before HeartBeat Count=49 Time=Thu Mar 22 2012 00:22:29 GMT+0100 AccountId=29131007 Session=0124be0d-28a6-4844-a601-1b3b98c06f01
debug ++ [int] eventPhase = 2
debug ++ [Boolean] bubbles = false
debug ++ [Boolean] cancelable = false
debug ++ [String] type = timer
debug +++ [int] repeatCount = 0
debug +++ [int] currentCount = 48
debug +++ [Boolean] running = true
debug +++ [int] delay = 120000
debug +++ [int] repeatCount = 0
debug +++ [int] currentCount = 48
debug +++ [Boolean] running = true
debug +++ [int] delay = 120000
debug time 00:22:29.599 :: After HeartBeat Count=49 Result=5
debug time 00:24:29.458 :: Before HeartBeat Count=50 Time=Thu Mar 22 2012 00:24:29 GMT+0100 AccountId=29131007 Session=0124be0d-28a6-4844-a601-1b3b98c06f01
debug ++ [int] eventPhase = 2
debug ++ [Boolean] bubbles = false
debug ++ [Boolean] cancelable = false
debug ++ [String] type = timer
debug +++ [int] repeatCount = 0
debug +++ [int] currentCount = 49
debug +++ [Boolean] running = true
debug +++ [int] delay = 120000
debug +++ [int] repeatCount = 0
debug +++ [int] currentCount = 49
debug +++ [Boolean] running = true
debug +++ [int] delay = 120000
debug time 00:24:29.627 :: After HeartBeat Count=50 Result=5
debug time 00:26:30.432 :: Before HeartBeat Count=51 Time=Thu Mar 22 2012 00:26:30 GMT+0100 AccountId=29131007 Session=0124be0d-28a6-4844-a601-1b3b98c06f01
debug ++ [int] eventPhase = 2
debug ++ [Boolean] bubbles = false
debug ++ [Boolean] cancelable = false
debug ++ [String] type = timer
debug +++ [int] repeatCount = 0
debug +++ [int] currentCount = 50
debug +++ [Boolean] running = true
debug +++ [int] delay = 120000
debug +++ [int] repeatCount = 0
debug +++ [int] currentCount = 50
debug +++ [Boolean] running = true
debug +++ [int] delay = 120000
debug time 00:26:30.601 :: After HeartBeat Count=51 Result=5
debug time 00:28:31.467 :: Before HeartBeat Count=52 Time=Thu Mar 22 2012 00:28:31 GMT+0100 AccountId=29131007 Session=0124be0d-28a6-4844-a601-1b3b98c06f01
debug ++ [int] eventPhase = 2
debug ++ [Boolean] bubbles = false
debug ++ [Boolean] cancelable = false
debug ++ [String] type = timer
debug +++ [int] repeatCount = 0
debug +++ [int] currentCount = 51
debug +++ [Boolean] running = true
debug +++ [int] delay = 120000
debug +++ [int] repeatCount = 0
debug +++ [int] currentCount = 51
debug +++ [Boolean] running = true
debug +++ [int] delay = 120000
debug time 00:28:31.664 :: After HeartBeat Count=52 Result=5
debug time 00:30:32.429 :: Before HeartBeat Count=53 Time=Thu Mar 22 2012 00:30:32 GMT+0100 AccountId=29131007 Session=0124be0d-28a6-4844-a601-1b3b98c06f01
debug ++ [int] eventPhase = 2
debug ++ [Boolean] bubbles = false
debug ++ [Boolean] cancelable = false
debug ++ [String] type = timer
debug +++ [int] repeatCount = 0
debug +++ [int] currentCount = 52
debug +++ [Boolean] running = true
debug +++ [int] delay = 120000
debug +++ [int] repeatCount = 0
debug +++ [int] currentCount = 52
debug +++ [Boolean] running = true
debug +++ [int] delay = 120000
debug time 00:30:32.598 :: After HeartBeat Count=53 Result=5
debug time 00:31:54.212 :: Performing heartbeat at Thu Mar 22 2012 00:31:54 GMT+0100
debug time 00:32:32.458 :: Before HeartBeat Count=54 Time=Thu Mar 22 2012 00:32:32 GMT+0100 AccountId=29131007 Session=0124be0d-28a6-4844-a601-1b3b98c06f01
debug ++ [int] eventPhase = 2
debug ++ [Boolean] bubbles = false
debug ++ [Boolean] cancelable = false
debug ++ [String] type = timer
debug +++ [int] repeatCount = 0
debug +++ [int] currentCount = 53
debug +++ [Boolean] running = true
debug +++ [int] delay = 120000
debug +++ [int] repeatCount = 0
debug +++ [int] currentCount = 53
debug +++ [Boolean] running = true
debug +++ [int] delay = 120000
debug time 00:32:32.673 :: After HeartBeat Count=54 Result=5
