debug time 18:16:01.440 :: Before HeartBeat Count=1 Time=Tue Nov 8 2011 18:16:01 GMT+0100 AccountId=28699575 Session=22ebaeb6-30f1-4631-8cff-e4041a0c4dc7
STOP LOGGING: More than 0 nested objects or properties. 
debug time 18:16:02.554 :: After HeartBeat Count=1 Result=5
debug time 18:19:02.23 :: Before HeartBeat Count=2 Time=Tue Nov 8 2011 18:19:02 GMT+0100 AccountId=28699575 Session=22ebaeb6-30f1-4631-8cff-e4041a0c4dc7
debug ++ [int] eventPhase = 2
debug ++ [Boolean] bubbles = false
debug ++ [Boolean] cancelable = false
debug ++ [String] type = timer
debug +++ [int] repeatCount = 0
debug +++ [int] currentCount = 1
debug +++ [Boolean] running = true
debug +++ [int] delay = 180000
debug +++ [int] repeatCount = 0
debug +++ [int] currentCount = 1
debug +++ [Boolean] running = true
debug +++ [int] delay = 180000
debug time 18:19:03.14 :: After HeartBeat Count=2 Result=5
debug time 18:22:02.39 :: Before HeartBeat Count=3 Time=Tue Nov 8 2011 18:22:02 GMT+0100 AccountId=28699575 Session=22ebaeb6-30f1-4631-8cff-e4041a0c4dc7
debug ++ [int] eventPhase = 2
debug ++ [Boolean] bubbles = false
debug ++ [Boolean] cancelable = false
debug ++ [String] type = timer
debug +++ [int] repeatCount = 0
debug +++ [int] currentCount = 2
debug +++ [Boolean] running = true
debug +++ [int] delay = 180000
debug +++ [int] repeatCount = 0
debug +++ [int] currentCount = 2
debug +++ [Boolean] running = true
debug +++ [int] delay = 180000
debug time 18:22:03.15 :: After HeartBeat Count=3 Result=5
debug time 18:25:02.74 :: Before HeartBeat Count=4 Time=Tue Nov 8 2011 18:25:02 GMT+0100 AccountId=28699575 Session=22ebaeb6-30f1-4631-8cff-e4041a0c4dc7
debug ++ [int] eventPhase = 2
debug ++ [Boolean] bubbles = false
debug ++ [Boolean] cancelable = false
debug ++ [String] type = timer
debug +++ [int] repeatCount = 0
debug +++ [int] currentCount = 3
debug +++ [Boolean] running = true
debug +++ [int] delay = 180000
debug +++ [int] repeatCount = 0
debug +++ [int] currentCount = 3
debug +++ [Boolean] running = true
debug +++ [int] delay = 180000
debug time 18:25:02.274 :: After HeartBeat Count=4 Result=5
debug time 18:28:02.945 :: Before HeartBeat Count=5 Time=Tue Nov 8 2011 18:28:02 GMT+0100 AccountId=28699575 Session=22ebaeb6-30f1-4631-8cff-e4041a0c4dc7
debug ++ [int] eventPhase = 2
debug ++ [Boolean] bubbles = false
debug ++ [Boolean] cancelable = false
debug ++ [String] type = timer
debug +++ [int] repeatCount = 0
debug +++ [int] currentCount = 4
debug +++ [Boolean] running = true
debug +++ [int] delay = 180000
debug +++ [int] repeatCount = 0
debug +++ [int] currentCount = 4
debug +++ [Boolean] running = true
debug +++ [int] delay = 180000
debug time 18:28:03.942 :: After HeartBeat Count=5 Result=5
debug time 18:31:02.966 :: Before HeartBeat Count=6 Time=Tue Nov 8 2011 18:31:02 GMT+0100 AccountId=28699575 Session=22ebaeb6-30f1-4631-8cff-e4041a0c4dc7
debug ++ [int] eventPhase = 2
debug ++ [Boolean] bubbles = false
debug ++ [Boolean] cancelable = false
debug ++ [String] type = timer
debug +++ [int] repeatCount = 0
debug +++ [int] currentCount = 5
debug +++ [Boolean] running = true
debug +++ [int] delay = 180000
debug +++ [int] repeatCount = 0
debug +++ [int] currentCount = 5
debug +++ [Boolean] running = true
debug +++ [int] delay = 180000
debug time 18:31:03.947 :: After HeartBeat Count=6 Result=5
debug time 18:34:02.971 :: Before HeartBeat Count=7 Time=Tue Nov 8 2011 18:34:02 GMT+0100 AccountId=28699575 Session=22ebaeb6-30f1-4631-8cff-e4041a0c4dc7
debug ++ [int] eventPhase = 2
debug ++ [Boolean] bubbles = false
debug ++ [Boolean] cancelable = false
debug ++ [String] type = timer
debug +++ [int] repeatCount = 0
debug +++ [int] currentCount = 6
debug +++ [Boolean] running = true
debug +++ [int] delay = 180000
debug +++ [int] repeatCount = 0
debug +++ [int] currentCount = 6
debug +++ [Boolean] running = true
debug +++ [int] delay = 180000
debug time 18:34:03.941 :: After HeartBeat Count=7 Result=5
debug time 18:37:03.946 :: Before HeartBeat Count=8 Time=Tue Nov 8 2011 18:37:03 GMT+0100 AccountId=28699575 Session=22ebaeb6-30f1-4631-8cff-e4041a0c4dc7
debug ++ [int] eventPhase = 2
debug ++ [Boolean] bubbles = false
debug ++ [Boolean] cancelable = false
debug ++ [String] type = timer
debug +++ [int] repeatCount = 0
debug +++ [int] currentCount = 7
debug +++ [Boolean] running = true
debug +++ [int] delay = 180000
debug +++ [int] repeatCount = 0
debug +++ [int] currentCount = 7
debug +++ [Boolean] running = true
debug +++ [int] delay = 180000
debug time 18:37:04.942 :: After HeartBeat Count=8 Result=5
debug time 18:40:04.946 :: Before HeartBeat Count=9 Time=Tue Nov 8 2011 18:40:04 GMT+0100 AccountId=28699575 Session=22ebaeb6-30f1-4631-8cff-e4041a0c4dc7
debug ++ [int] eventPhase = 2
debug ++ [Boolean] bubbles = false
debug ++ [Boolean] cancelable = false
debug ++ [String] type = timer
debug +++ [int] repeatCount = 0
debug +++ [int] currentCount = 8
debug +++ [Boolean] running = true
debug +++ [int] delay = 180000
debug +++ [int] repeatCount = 0
debug +++ [int] currentCount = 8
debug +++ [Boolean] running = true
debug +++ [int] delay = 180000
debug time 18:40:05.947 :: After HeartBeat Count=9 Result=5
debug time 18:43:04.971 :: Before HeartBeat Count=10 Time=Tue Nov 8 2011 18:43:04 GMT+0100 AccountId=28699575 Session=22ebaeb6-30f1-4631-8cff-e4041a0c4dc7
debug ++ [int] eventPhase = 2
debug ++ [Boolean] bubbles = false
debug ++ [Boolean] cancelable = false
debug ++ [String] type = timer
debug +++ [int] repeatCount = 0
debug +++ [int] currentCount = 9
debug +++ [Boolean] running = true
debug +++ [int] delay = 180000
debug +++ [int] repeatCount = 0
debug +++ [int] currentCount = 9
debug +++ [Boolean] running = true
debug +++ [int] delay = 180000
debug time 18:43:05.946 :: After HeartBeat Count=10 Result=5
debug time 18:46:05.961 :: Before HeartBeat Count=11 Time=Tue Nov 8 2011 18:46:05 GMT+0100 AccountId=28699575 Session=22ebaeb6-30f1-4631-8cff-e4041a0c4dc7
debug ++ [int] eventPhase = 2
debug ++ [Boolean] bubbles = false
debug ++ [Boolean] cancelable = false
debug ++ [String] type = timer
debug +++ [int] repeatCount = 0
debug +++ [int] currentCount = 10
debug +++ [Boolean] running = true
debug +++ [int] delay = 180000
debug +++ [int] repeatCount = 0
debug +++ [int] currentCount = 10
debug +++ [Boolean] running = true
debug +++ [int] delay = 180000
debug time 18:46:06.942 :: After HeartBeat Count=11 Result=5
debug time 18:49:06.946 :: Before HeartBeat Count=12 Time=Tue Nov 8 2011 18:49:06 GMT+0100 AccountId=28699575 Session=22ebaeb6-30f1-4631-8cff-e4041a0c4dc7
debug ++ [int] eventPhase = 2
debug ++ [Boolean] bubbles = false
debug ++ [Boolean] cancelable = false
debug ++ [String] type = timer
debug +++ [int] repeatCount = 0
debug +++ [int] currentCount = 11
debug +++ [Boolean] running = true
debug +++ [int] delay = 180000
debug +++ [int] repeatCount = 0
debug +++ [int] currentCount = 11
debug +++ [Boolean] running = true
debug +++ [int] delay = 180000
debug time 18:49:07.942 :: After HeartBeat Count=12 Result=5
debug time 18:52:06.945 :: Before HeartBeat Count=13 Time=Tue Nov 8 2011 18:52:06 GMT+0100 AccountId=28699575 Session=22ebaeb6-30f1-4631-8cff-e4041a0c4dc7
debug ++ [int] eventPhase = 2
debug ++ [Boolean] bubbles = false
debug ++ [Boolean] cancelable = false
debug ++ [String] type = timer
debug +++ [int] repeatCount = 0
debug +++ [int] currentCount = 12
debug +++ [Boolean] running = true
debug +++ [int] delay = 180000
debug +++ [int] repeatCount = 0
debug +++ [int] currentCount = 12
debug +++ [Boolean] running = true
debug +++ [int] delay = 180000
debug time 18:52:07.941 :: After HeartBeat Count=13 Result=5
debug time 18:55:06.964 :: Before HeartBeat Count=14 Time=Tue Nov 8 2011 18:55:06 GMT+0100 AccountId=28699575 Session=22ebaeb6-30f1-4631-8cff-e4041a0c4dc7
debug ++ [int] eventPhase = 2
debug ++ [Boolean] bubbles = false
debug ++ [Boolean] cancelable = false
debug ++ [String] type = timer
debug +++ [int] repeatCount = 0
debug +++ [int] currentCount = 13
debug +++ [Boolean] running = true
debug +++ [int] delay = 180000
debug +++ [int] repeatCount = 0
debug +++ [int] currentCount = 13
debug +++ [Boolean] running = true
debug +++ [int] delay = 180000
debug time 18:55:07.942 :: After HeartBeat Count=14 Result=5
debug time 18:58:07.945 :: Before HeartBeat Count=15 Time=Tue Nov 8 2011 18:58:07 GMT+0100 AccountId=28699575 Session=22ebaeb6-30f1-4631-8cff-e4041a0c4dc7
debug ++ [int] eventPhase = 2
debug ++ [Boolean] bubbles = false
debug ++ [Boolean] cancelable = false
debug ++ [String] type = timer
debug +++ [int] repeatCount = 0
debug +++ [int] currentCount = 14
debug +++ [Boolean] running = true
debug +++ [int] delay = 180000
debug +++ [int] repeatCount = 0
debug +++ [int] currentCount = 14
debug +++ [Boolean] running = true
debug +++ [int] delay = 180000
debug time 18:58:08.942 :: After HeartBeat Count=15 Result=5
debug time 19:01:07.946 :: Before HeartBeat Count=16 Time=Tue Nov 8 2011 19:01:07 GMT+0100 AccountId=28699575 Session=22ebaeb6-30f1-4631-8cff-e4041a0c4dc7
debug ++ [int] eventPhase = 2
debug ++ [Boolean] bubbles = false
debug ++ [Boolean] cancelable = false
debug ++ [String] type = timer
debug +++ [int] repeatCount = 0
debug +++ [int] currentCount = 15
debug +++ [Boolean] running = true
debug +++ [int] delay = 180000
debug +++ [int] repeatCount = 0
debug +++ [int] currentCount = 15
debug +++ [Boolean] running = true
debug +++ [int] delay = 180000
debug time 19:01:08.942 :: After HeartBeat Count=16 Result=5
debug time 19:04:07.945 :: Before HeartBeat Count=17 Time=Tue Nov 8 2011 19:04:07 GMT+0100 AccountId=28699575 Session=22ebaeb6-30f1-4631-8cff-e4041a0c4dc7
debug ++ [int] eventPhase = 2
debug ++ [Boolean] bubbles = false
debug ++ [Boolean] cancelable = false
debug ++ [String] type = timer
debug +++ [int] repeatCount = 0
debug +++ [int] currentCount = 16
debug +++ [Boolean] running = true
debug +++ [int] delay = 180000
debug +++ [int] repeatCount = 0
debug +++ [int] currentCount = 16
debug +++ [Boolean] running = true
debug +++ [int] delay = 180000
debug time 19:04:08.942 :: After HeartBeat Count=17 Result=5
debug time 19:06:33.987 :: Performing heartbeat at Tue Nov 8 2011 19:06:33 GMT+0100
debug time 19:07:07.977 :: Before HeartBeat Count=18 Time=Tue Nov 8 2011 19:07:07 GMT+0100 AccountId=28699575 Session=22ebaeb6-30f1-4631-8cff-e4041a0c4dc7
debug ++ [int] eventPhase = 2
debug ++ [Boolean] bubbles = false
debug ++ [Boolean] cancelable = false
debug ++ [String] type = timer
debug +++ [int] repeatCount = 0
debug +++ [int] currentCount = 17
debug +++ [Boolean] running = true
debug +++ [int] delay = 180000
debug +++ [int] repeatCount = 0
debug +++ [int] currentCount = 17
debug +++ [Boolean] running = true
debug +++ [int] delay = 180000
debug time 19:07:08.199 :: After HeartBeat Count=18 Result=5
debug time 19:10:08.905 :: Before HeartBeat Count=19 Time=Tue Nov 8 2011 19:10:08 GMT+0100 AccountId=28699575 Session=22ebaeb6-30f1-4631-8cff-e4041a0c4dc7
debug ++ [int] eventPhase = 2
debug ++ [Boolean] bubbles = false
debug ++ [Boolean] cancelable = false
debug ++ [String] type = timer
debug +++ [int] repeatCount = 0
debug +++ [int] currentCount = 18
debug +++ [Boolean] running = true
debug +++ [int] delay = 180000
debug +++ [int] repeatCount = 0
debug +++ [int] currentCount = 18
debug +++ [Boolean] running = true
debug +++ [int] delay = 180000
debug time 19:10:09.886 :: After HeartBeat Count=19 Result=5
debug time 19:13:09.889 :: Before HeartBeat Count=20 Time=Tue Nov 8 2011 19:13:09 GMT+0100 AccountId=28699575 Session=22ebaeb6-30f1-4631-8cff-e4041a0c4dc7
debug ++ [int] eventPhase = 2
debug ++ [Boolean] bubbles = false
debug ++ [Boolean] cancelable = false
debug ++ [String] type = timer
debug +++ [int] repeatCount = 0
debug +++ [int] currentCount = 19
debug +++ [Boolean] running = true
debug +++ [int] delay = 180000
debug +++ [int] repeatCount = 0
debug +++ [int] currentCount = 19
debug +++ [Boolean] running = true
debug +++ [int] delay = 180000
debug time 19:13:10.886 :: After HeartBeat Count=20 Result=5
debug time 19:16:09.905 :: Before HeartBeat Count=21 Time=Tue Nov 8 2011 19:16:09 GMT+0100 AccountId=28699575 Session=22ebaeb6-30f1-4631-8cff-e4041a0c4dc7
debug ++ [int] eventPhase = 2
debug ++ [Boolean] bubbles = false
debug ++ [Boolean] cancelable = false
debug ++ [String] type = timer
debug +++ [int] repeatCount = 0
debug +++ [int] currentCount = 20
debug +++ [Boolean] running = true
debug +++ [int] delay = 180000
debug +++ [int] repeatCount = 0
debug +++ [int] currentCount = 20
debug +++ [Boolean] running = true
debug +++ [int] delay = 180000
debug time 19:16:10.891 :: After HeartBeat Count=21 Result=5
debug time 19:19:10.890 :: Before HeartBeat Count=22 Time=Tue Nov 8 2011 19:19:10 GMT+0100 AccountId=28699575 Session=22ebaeb6-30f1-4631-8cff-e4041a0c4dc7
debug ++ [int] eventPhase = 2
debug ++ [Boolean] bubbles = false
debug ++ [Boolean] cancelable = false
debug ++ [String] type = timer
debug +++ [int] repeatCount = 0
debug +++ [int] currentCount = 21
debug +++ [Boolean] running = true
debug +++ [int] delay = 180000
debug +++ [int] repeatCount = 0
debug +++ [int] currentCount = 21
debug +++ [Boolean] running = true
debug +++ [int] delay = 180000
debug time 19:19:11.886 :: After HeartBeat Count=22 Result=5
debug time 19:22:10.889 :: Before HeartBeat Count=23 Time=Tue Nov 8 2011 19:22:10 GMT+0100 AccountId=28699575 Session=22ebaeb6-30f1-4631-8cff-e4041a0c4dc7
debug ++ [int] eventPhase = 2
debug ++ [Boolean] bubbles = false
debug ++ [Boolean] cancelable = false
debug ++ [String] type = timer
debug +++ [int] repeatCount = 0
debug +++ [int] currentCount = 22
debug +++ [Boolean] running = true
debug +++ [int] delay = 180000
debug +++ [int] repeatCount = 0
debug +++ [int] currentCount = 22
debug +++ [Boolean] running = true
debug +++ [int] delay = 180000
debug time 19:22:11.885 :: After HeartBeat Count=23 Result=5
debug time 19:25:10.890 :: Before HeartBeat Count=24 Time=Tue Nov 8 2011 19:25:10 GMT+0100 AccountId=28699575 Session=22ebaeb6-30f1-4631-8cff-e4041a0c4dc7
debug ++ [int] eventPhase = 2
debug ++ [Boolean] bubbles = false
debug ++ [Boolean] cancelable = false
debug ++ [String] type = timer
debug +++ [int] repeatCount = 0
debug +++ [int] currentCount = 23
debug +++ [Boolean] running = true
debug +++ [int] delay = 180000
debug +++ [int] repeatCount = 0
debug +++ [int] currentCount = 23
debug +++ [Boolean] running = true
debug +++ [int] delay = 180000
debug time 19:25:11.886 :: After HeartBeat Count=24 Result=5
debug time 19:28:11.890 :: Before HeartBeat Count=25 Time=Tue Nov 8 2011 19:28:11 GMT+0100 AccountId=28699575 Session=22ebaeb6-30f1-4631-8cff-e4041a0c4dc7
debug ++ [int] eventPhase = 2
debug ++ [Boolean] bubbles = false
debug ++ [Boolean] cancelable = false
debug ++ [String] type = timer
debug +++ [int] repeatCount = 0
debug +++ [int] currentCount = 24
debug +++ [Boolean] running = true
debug +++ [int] delay = 180000
debug +++ [int] repeatCount = 0
debug +++ [int] currentCount = 24
debug +++ [Boolean] running = true
debug +++ [int] delay = 180000
debug time 19:28:12.886 :: After HeartBeat Count=25 Result=5
debug time 19:31:11.889 :: Before HeartBeat Count=26 Time=Tue Nov 8 2011 19:31:11 GMT+0100 AccountId=28699575 Session=22ebaeb6-30f1-4631-8cff-e4041a0c4dc7
debug ++ [int] eventPhase = 2
debug ++ [Boolean] bubbles = false
debug ++ [Boolean] cancelable = false
debug ++ [String] type = timer
debug +++ [int] repeatCount = 0
debug +++ [int] currentCount = 25
debug +++ [Boolean] running = true
debug +++ [int] delay = 180000
debug +++ [int] repeatCount = 0
debug +++ [int] currentCount = 25
debug +++ [Boolean] running = true
debug +++ [int] delay = 180000
debug time 19:31:12.885 :: After HeartBeat Count=26 Result=5
debug time 19:34:11.890 :: Before HeartBeat Count=27 Time=Tue Nov 8 2011 19:34:11 GMT+0100 AccountId=28699575 Session=22ebaeb6-30f1-4631-8cff-e4041a0c4dc7
debug ++ [int] eventPhase = 2
debug ++ [Boolean] bubbles = false
debug ++ [Boolean] cancelable = false
debug ++ [String] type = timer
debug +++ [int] repeatCount = 0
debug +++ [int] currentCount = 26
debug +++ [Boolean] running = true
debug +++ [int] delay = 180000
debug +++ [int] repeatCount = 0
debug +++ [int] currentCount = 26
debug +++ [Boolean] running = true
debug +++ [int] delay = 180000
debug time 19:34:12.886 :: After HeartBeat Count=27 Result=5
debug time 19:37:11.890 :: Before HeartBeat Count=28 Time=Tue Nov 8 2011 19:37:11 GMT+0100 AccountId=28699575 Session=22ebaeb6-30f1-4631-8cff-e4041a0c4dc7
debug ++ [int] eventPhase = 2
debug ++ [Boolean] bubbles = false
debug ++ [Boolean] cancelable = false
debug ++ [String] type = timer
debug +++ [int] repeatCount = 0
debug +++ [int] currentCount = 27
debug +++ [Boolean] running = true
debug +++ [int] delay = 180000
debug +++ [int] repeatCount = 0
debug +++ [int] currentCount = 27
debug +++ [Boolean] running = true
debug +++ [int] delay = 180000
debug time 19:37:12.886 :: After HeartBeat Count=28 Result=5
debug time 19:40:11.890 :: Before HeartBeat Count=29 Time=Tue Nov 8 2011 19:40:11 GMT+0100 AccountId=28699575 Session=22ebaeb6-30f1-4631-8cff-e4041a0c4dc7
debug ++ [int] eventPhase = 2
debug ++ [Boolean] bubbles = false
debug ++ [Boolean] cancelable = false
debug ++ [String] type = timer
debug +++ [int] repeatCount = 0
debug +++ [int] currentCount = 28
debug +++ [Boolean] running = true
debug +++ [int] delay = 180000
debug +++ [int] repeatCount = 0
debug +++ [int] currentCount = 28
debug +++ [Boolean] running = true
debug +++ [int] delay = 180000
debug time 19:40:12.885 :: After HeartBeat Count=29 Result=5
debug time 19:43:12.890 :: Before HeartBeat Count=30 Time=Tue Nov 8 2011 19:43:12 GMT+0100 AccountId=28699575 Session=22ebaeb6-30f1-4631-8cff-e4041a0c4dc7
debug ++ [int] eventPhase = 2
debug ++ [Boolean] bubbles = false
debug ++ [Boolean] cancelable = false
debug ++ [String] type = timer
debug +++ [int] repeatCount = 0
debug +++ [int] currentCount = 29
debug +++ [Boolean] running = true
debug +++ [int] delay = 180000
debug +++ [int] repeatCount = 0
debug +++ [int] currentCount = 29
debug +++ [Boolean] running = true
debug +++ [int] delay = 180000
debug time 19:43:13.891 :: After HeartBeat Count=30 Result=5
debug time 19:46:12.915 :: Before HeartBeat Count=31 Time=Tue Nov 8 2011 19:46:12 GMT+0100 AccountId=28699575 Session=22ebaeb6-30f1-4631-8cff-e4041a0c4dc7
debug ++ [int] eventPhase = 2
debug ++ [Boolean] bubbles = false
debug ++ [Boolean] cancelable = false
debug ++ [String] type = timer
debug +++ [int] repeatCount = 0
debug +++ [int] currentCount = 30
debug +++ [Boolean] running = true
debug +++ [int] delay = 180000
debug +++ [int] repeatCount = 0
debug +++ [int] currentCount = 30
debug +++ [Boolean] running = true
debug +++ [int] delay = 180000
debug time 19:46:13.886 :: After HeartBeat Count=31 Result=5
debug time 19:49:13.76 :: Before HeartBeat Count=32 Time=Tue Nov 8 2011 19:49:13 GMT+0100 AccountId=28699575 Session=22ebaeb6-30f1-4631-8cff-e4041a0c4dc7
debug ++ [int] eventPhase = 2
debug ++ [Boolean] bubbles = false
debug ++ [Boolean] cancelable = false
debug ++ [String] type = timer
debug +++ [int] repeatCount = 0
debug +++ [int] currentCount = 31
debug +++ [Boolean] running = true
debug +++ [int] delay = 180000
debug +++ [int] repeatCount = 0
debug +++ [int] currentCount = 31
debug +++ [Boolean] running = true
debug +++ [int] delay = 180000
debug time 19:49:14.72 :: After HeartBeat Count=32 Result=5
debug time 19:52:13.75 :: Before HeartBeat Count=33 Time=Tue Nov 8 2011 19:52:13 GMT+0100 AccountId=28699575 Session=22ebaeb6-30f1-4631-8cff-e4041a0c4dc7
debug ++ [int] eventPhase = 2
debug ++ [Boolean] bubbles = false
debug ++ [Boolean] cancelable = false
debug ++ [String] type = timer
debug +++ [int] repeatCount = 0
debug +++ [int] currentCount = 32
debug +++ [Boolean] running = true
debug +++ [int] delay = 180000
debug +++ [int] repeatCount = 0
debug +++ [int] currentCount = 32
debug +++ [Boolean] running = true
debug +++ [int] delay = 180000
debug time 19:52:14.72 :: After HeartBeat Count=33 Result=5
debug time 19:55:13.76 :: Before HeartBeat Count=34 Time=Tue Nov 8 2011 19:55:13 GMT+0100 AccountId=28699575 Session=22ebaeb6-30f1-4631-8cff-e4041a0c4dc7
debug ++ [int] eventPhase = 2
debug ++ [Boolean] bubbles = false
debug ++ [Boolean] cancelable = false
debug ++ [String] type = timer
debug +++ [int] repeatCount = 0
debug +++ [int] currentCount = 33
debug +++ [Boolean] running = true
debug +++ [int] delay = 180000
debug +++ [int] repeatCount = 0
debug +++ [int] currentCount = 33
debug +++ [Boolean] running = true
debug +++ [int] delay = 180000
debug time 19:55:14.72 :: After HeartBeat Count=34 Result=5
debug time 19:58:13.101 :: Before HeartBeat Count=35 Time=Tue Nov 8 2011 19:58:13 GMT+0100 AccountId=28699575 Session=22ebaeb6-30f1-4631-8cff-e4041a0c4dc7
debug ++ [int] eventPhase = 2
debug ++ [Boolean] bubbles = false
debug ++ [Boolean] cancelable = false
debug ++ [String] type = timer
debug +++ [int] repeatCount = 0
debug +++ [int] currentCount = 34
debug +++ [Boolean] running = true
debug +++ [int] delay = 180000
debug +++ [int] repeatCount = 0
debug +++ [int] currentCount = 34
debug +++ [Boolean] running = true
debug +++ [int] delay = 180000
debug time 19:58:14.72 :: After HeartBeat Count=35 Result=5
debug time 20:01:14.75 :: Before HeartBeat Count=36 Time=Tue Nov 8 2011 20:01:14 GMT+0100 AccountId=28699575 Session=22ebaeb6-30f1-4631-8cff-e4041a0c4dc7
debug ++ [int] eventPhase = 2
debug ++ [Boolean] bubbles = false
debug ++ [Boolean] cancelable = false
debug ++ [String] type = timer
debug +++ [int] repeatCount = 0
debug +++ [int] currentCount = 35
debug +++ [Boolean] running = true
debug +++ [int] delay = 180000
debug +++ [int] repeatCount = 0
debug +++ [int] currentCount = 35
debug +++ [Boolean] running = true
debug +++ [int] delay = 180000
debug time 20:01:15.71 :: After HeartBeat Count=36 Result=5
debug time 20:04:14.76 :: Before HeartBeat Count=37 Time=Tue Nov 8 2011 20:04:14 GMT+0100 AccountId=28699575 Session=22ebaeb6-30f1-4631-8cff-e4041a0c4dc7
debug ++ [int] eventPhase = 2
debug ++ [Boolean] bubbles = false
debug ++ [Boolean] cancelable = false
debug ++ [String] type = timer
debug +++ [int] repeatCount = 0
debug +++ [int] currentCount = 36
debug +++ [Boolean] running = true
debug +++ [int] delay = 180000
debug +++ [int] repeatCount = 0
debug +++ [int] currentCount = 36
debug +++ [Boolean] running = true
debug +++ [int] delay = 180000
debug time 20:04:15.72 :: After HeartBeat Count=37 Result=5
debug time 20:07:14.76 :: Before HeartBeat Count=38 Time=Tue Nov 8 2011 20:07:14 GMT+0100 AccountId=28699575 Session=22ebaeb6-30f1-4631-8cff-e4041a0c4dc7
debug ++ [int] eventPhase = 2
debug ++ [Boolean] bubbles = false
debug ++ [Boolean] cancelable = false
debug ++ [String] type = timer
debug +++ [int] repeatCount = 0
debug +++ [int] currentCount = 37
debug +++ [Boolean] running = true
debug +++ [int] delay = 180000
debug +++ [int] repeatCount = 0
debug +++ [int] currentCount = 37
debug +++ [Boolean] running = true
debug +++ [int] delay = 180000
debug time 20:07:15.72 :: After HeartBeat Count=38 Result=5
debug time 20:10:14.80 :: Before HeartBeat Count=39 Time=Tue Nov 8 2011 20:10:14 GMT+0100 AccountId=28699575 Session=22ebaeb6-30f1-4631-8cff-e4041a0c4dc7
debug ++ [int] eventPhase = 2
debug ++ [Boolean] bubbles = false
debug ++ [Boolean] cancelable = false
debug ++ [String] type = timer
debug +++ [int] repeatCount = 0
debug +++ [int] currentCount = 38
debug +++ [Boolean] running = true
debug +++ [int] delay = 180000
debug +++ [int] repeatCount = 0
debug +++ [int] currentCount = 38
debug +++ [Boolean] running = true
debug +++ [int] delay = 180000
debug time 20:10:15.71 :: After HeartBeat Count=39 Result=5
debug time 20:10:17.97 :: Performing heartbeat at Tue Nov 8 2011 20:10:17 GMT+0100
