debug time 22:28:11.463 :: Before HeartBeat Count=1 Time=Wed Jan 4 2012 22:28:11 GMT+0100 AccountId=29131007 Session=94dc54cc-81a1-45e0-878a-9eeefa57b475
STOP LOGGING: More than 0 nested objects or properties. 
debug time 22:28:12.390 :: After HeartBeat Count=1 Result=5
debug time 22:30:11.482 :: Before HeartBeat Count=2 Time=Wed Jan 4 2012 22:30:11 GMT+0100 AccountId=29131007 Session=94dc54cc-81a1-45e0-878a-9eeefa57b475
debug ++ [int] eventPhase = 2
debug ++ [Boolean] bubbles = false
debug ++ [Boolean] cancelable = false
debug ++ [String] type = timer
debug +++ [int] repeatCount = 0
debug +++ [int] currentCount = 1
debug +++ [Boolean] running = true
debug +++ [int] delay = 120000
debug +++ [int] repeatCount = 0
debug +++ [int] currentCount = 1
debug +++ [Boolean] running = true
debug +++ [int] delay = 120000
debug time 22:30:11.669 :: After HeartBeat Count=2 Result=5
debug time 22:32:11.534 :: Before HeartBeat Count=3 Time=Wed Jan 4 2012 22:32:11 GMT+0100 AccountId=29131007 Session=94dc54cc-81a1-45e0-878a-9eeefa57b475
debug ++ [int] eventPhase = 2
debug ++ [Boolean] bubbles = false
debug ++ [Boolean] cancelable = false
debug ++ [String] type = timer
debug +++ [int] repeatCount = 0
debug +++ [int] currentCount = 2
debug +++ [Boolean] running = true
debug +++ [int] delay = 120000
debug +++ [int] repeatCount = 0
debug +++ [int] currentCount = 2
debug +++ [Boolean] running = true
debug +++ [int] delay = 120000
debug time 22:32:12.518 :: After HeartBeat Count=3 Result=5
debug time 22:34:12.518 :: Before HeartBeat Count=4 Time=Wed Jan 4 2012 22:34:12 GMT+0100 AccountId=29131007 Session=94dc54cc-81a1-45e0-878a-9eeefa57b475
debug ++ [int] eventPhase = 2
debug ++ [Boolean] bubbles = false
debug ++ [Boolean] cancelable = false
debug ++ [String] type = timer
debug +++ [int] repeatCount = 0
debug +++ [int] currentCount = 3
debug +++ [Boolean] running = true
debug +++ [int] delay = 120000
debug +++ [int] repeatCount = 0
debug +++ [int] currentCount = 3
debug +++ [Boolean] running = true
debug +++ [int] delay = 120000
debug time 22:34:13.514 :: After HeartBeat Count=4 Result=5
debug time 22:36:12.519 :: Before HeartBeat Count=5 Time=Wed Jan 4 2012 22:36:12 GMT+0100 AccountId=29131007 Session=94dc54cc-81a1-45e0-878a-9eeefa57b475
debug ++ [int] eventPhase = 2
debug ++ [Boolean] bubbles = false
debug ++ [Boolean] cancelable = false
debug ++ [String] type = timer
debug +++ [int] repeatCount = 0
debug +++ [int] currentCount = 4
debug +++ [Boolean] running = true
debug +++ [int] delay = 120000
debug +++ [int] repeatCount = 0
debug +++ [int] currentCount = 4
debug +++ [Boolean] running = true
debug +++ [int] delay = 120000
debug time 22:36:13.515 :: After HeartBeat Count=5 Result=5
debug time 22:38:12.529 :: Before HeartBeat Count=6 Time=Wed Jan 4 2012 22:38:12 GMT+0100 AccountId=29131007 Session=94dc54cc-81a1-45e0-878a-9eeefa57b475
debug ++ [int] eventPhase = 2
debug ++ [Boolean] bubbles = false
debug ++ [Boolean] cancelable = false
debug ++ [String] type = timer
debug +++ [int] repeatCount = 0
debug +++ [int] currentCount = 5
debug +++ [Boolean] running = true
debug +++ [int] delay = 120000
debug +++ [int] repeatCount = 0
debug +++ [int] currentCount = 5
debug +++ [Boolean] running = true
debug +++ [int] delay = 120000
debug time 22:38:13.515 :: After HeartBeat Count=6 Result=5
debug time 22:40:13.527 :: Before HeartBeat Count=7 Time=Wed Jan 4 2012 22:40:13 GMT+0100 AccountId=29131007 Session=94dc54cc-81a1-45e0-878a-9eeefa57b475
debug ++ [int] eventPhase = 2
debug ++ [Boolean] bubbles = false
debug ++ [Boolean] cancelable = false
debug ++ [String] type = timer
debug +++ [int] repeatCount = 0
debug +++ [int] currentCount = 6
debug +++ [Boolean] running = true
debug +++ [int] delay = 120000
debug +++ [int] repeatCount = 0
debug +++ [int] currentCount = 6
debug +++ [Boolean] running = true
debug +++ [int] delay = 120000
debug time 22:40:14.517 :: After HeartBeat Count=7 Result=5
debug time 22:42:13.542 :: Before HeartBeat Count=8 Time=Wed Jan 4 2012 22:42:13 GMT+0100 AccountId=29131007 Session=94dc54cc-81a1-45e0-878a-9eeefa57b475
debug ++ [int] eventPhase = 2
debug ++ [Boolean] bubbles = false
debug ++ [Boolean] cancelable = false
debug ++ [String] type = timer
debug +++ [int] repeatCount = 0
debug +++ [int] currentCount = 7
debug +++ [Boolean] running = true
debug +++ [int] delay = 120000
debug +++ [int] repeatCount = 0
debug +++ [int] currentCount = 7
debug +++ [Boolean] running = true
debug +++ [int] delay = 120000
debug time 22:42:14.518 :: After HeartBeat Count=8 Result=5
debug time 22:44:14.523 :: Before HeartBeat Count=9 Time=Wed Jan 4 2012 22:44:14 GMT+0100 AccountId=29131007 Session=94dc54cc-81a1-45e0-878a-9eeefa57b475
debug ++ [int] eventPhase = 2
debug ++ [Boolean] bubbles = false
debug ++ [Boolean] cancelable = false
debug ++ [String] type = timer
debug +++ [int] repeatCount = 0
debug +++ [int] currentCount = 8
debug +++ [Boolean] running = true
debug +++ [int] delay = 120000
debug +++ [int] repeatCount = 0
debug +++ [int] currentCount = 8
debug +++ [Boolean] running = true
debug +++ [int] delay = 120000
debug time 22:44:15.519 :: After HeartBeat Count=9 Result=5
debug time 22:46:14.524 :: Before HeartBeat Count=10 Time=Wed Jan 4 2012 22:46:14 GMT+0100 AccountId=29131007 Session=94dc54cc-81a1-45e0-878a-9eeefa57b475
debug ++ [int] eventPhase = 2
debug ++ [Boolean] bubbles = false
debug ++ [Boolean] cancelable = false
debug ++ [String] type = timer
debug +++ [int] repeatCount = 0
debug +++ [int] currentCount = 9
debug +++ [Boolean] running = true
debug +++ [int] delay = 120000
debug +++ [int] repeatCount = 0
debug +++ [int] currentCount = 9
debug +++ [Boolean] running = true
debug +++ [int] delay = 120000
debug time 22:46:15.521 :: After HeartBeat Count=10 Result=5
debug time 22:48:14.525 :: Before HeartBeat Count=11 Time=Wed Jan 4 2012 22:48:14 GMT+0100 AccountId=29131007 Session=94dc54cc-81a1-45e0-878a-9eeefa57b475
debug ++ [int] eventPhase = 2
debug ++ [Boolean] bubbles = false
debug ++ [Boolean] cancelable = false
debug ++ [String] type = timer
debug +++ [int] repeatCount = 0
debug +++ [int] currentCount = 10
debug +++ [Boolean] running = true
debug +++ [int] delay = 120000
debug +++ [int] repeatCount = 0
debug +++ [int] currentCount = 10
debug +++ [Boolean] running = true
debug +++ [int] delay = 120000
debug time 22:48:15.522 :: After HeartBeat Count=11 Result=5
debug time 22:50:14.526 :: Before HeartBeat Count=12 Time=Wed Jan 4 2012 22:50:14 GMT+0100 AccountId=29131007 Session=94dc54cc-81a1-45e0-878a-9eeefa57b475
debug ++ [int] eventPhase = 2
debug ++ [Boolean] bubbles = false
debug ++ [Boolean] cancelable = false
debug ++ [String] type = timer
debug +++ [int] repeatCount = 0
debug +++ [int] currentCount = 11
debug +++ [Boolean] running = true
debug +++ [int] delay = 120000
debug +++ [int] repeatCount = 0
debug +++ [int] currentCount = 11
debug +++ [Boolean] running = true
debug +++ [int] delay = 120000
debug time 22:50:15.523 :: After HeartBeat Count=12 Result=5
debug time 22:52:14.527 :: Before HeartBeat Count=13 Time=Wed Jan 4 2012 22:52:14 GMT+0100 AccountId=29131007 Session=94dc54cc-81a1-45e0-878a-9eeefa57b475
debug ++ [int] eventPhase = 2
debug ++ [Boolean] bubbles = false
debug ++ [Boolean] cancelable = false
debug ++ [String] type = timer
debug +++ [int] repeatCount = 0
debug +++ [int] currentCount = 12
debug +++ [Boolean] running = true
debug +++ [int] delay = 120000
debug +++ [int] repeatCount = 0
debug +++ [int] currentCount = 12
debug +++ [Boolean] running = true
debug +++ [int] delay = 120000
debug time 22:52:15.525 :: After HeartBeat Count=13 Result=5
debug time 22:54:14.532 :: Before HeartBeat Count=14 Time=Wed Jan 4 2012 22:54:14 GMT+0100 AccountId=29131007 Session=94dc54cc-81a1-45e0-878a-9eeefa57b475
debug ++ [int] eventPhase = 2
debug ++ [Boolean] bubbles = false
debug ++ [Boolean] cancelable = false
debug ++ [String] type = timer
debug +++ [int] repeatCount = 0
debug +++ [int] currentCount = 13
debug +++ [Boolean] running = true
debug +++ [int] delay = 120000
debug +++ [int] repeatCount = 0
debug +++ [int] currentCount = 13
debug +++ [Boolean] running = true
debug +++ [int] delay = 120000
debug time 22:54:15.525 :: After HeartBeat Count=14 Result=5
debug time 22:56:15.534 :: Before HeartBeat Count=15 Time=Wed Jan 4 2012 22:56:15 GMT+0100 AccountId=29131007 Session=94dc54cc-81a1-45e0-878a-9eeefa57b475
debug ++ [int] eventPhase = 2
debug ++ [Boolean] bubbles = false
debug ++ [Boolean] cancelable = false
debug ++ [String] type = timer
debug +++ [int] repeatCount = 0
debug +++ [int] currentCount = 14
debug +++ [Boolean] running = true
debug +++ [int] delay = 120000
debug +++ [int] repeatCount = 0
debug +++ [int] currentCount = 14
debug +++ [Boolean] running = true
debug +++ [int] delay = 120000
debug time 22:56:16.526 :: After HeartBeat Count=15 Result=5
debug time 22:58:16.530 :: Before HeartBeat Count=16 Time=Wed Jan 4 2012 22:58:16 GMT+0100 AccountId=29131007 Session=94dc54cc-81a1-45e0-878a-9eeefa57b475
debug ++ [int] eventPhase = 2
debug ++ [Boolean] bubbles = false
debug ++ [Boolean] cancelable = false
debug ++ [String] type = timer
debug +++ [int] repeatCount = 0
debug +++ [int] currentCount = 15
debug +++ [Boolean] running = true
debug +++ [int] delay = 120000
debug +++ [int] repeatCount = 0
debug +++ [int] currentCount = 15
debug +++ [Boolean] running = true
debug +++ [int] delay = 120000
debug time 22:58:17.527 :: After HeartBeat Count=16 Result=5
debug time 23:00:16.532 :: Before HeartBeat Count=17 Time=Wed Jan 4 2012 23:00:16 GMT+0100 AccountId=29131007 Session=94dc54cc-81a1-45e0-878a-9eeefa57b475
debug ++ [int] eventPhase = 2
debug ++ [Boolean] bubbles = false
debug ++ [Boolean] cancelable = false
debug ++ [String] type = timer
debug +++ [int] repeatCount = 0
debug +++ [int] currentCount = 16
debug +++ [Boolean] running = true
debug +++ [int] delay = 120000
debug +++ [int] repeatCount = 0
debug +++ [int] currentCount = 16
debug +++ [Boolean] running = true
debug +++ [int] delay = 120000
debug time 23:00:17.529 :: After HeartBeat Count=17 Result=5
debug time 23:02:17.533 :: Before HeartBeat Count=18 Time=Wed Jan 4 2012 23:02:17 GMT+0100 AccountId=29131007 Session=94dc54cc-81a1-45e0-878a-9eeefa57b475
debug ++ [int] eventPhase = 2
debug ++ [Boolean] bubbles = false
debug ++ [Boolean] cancelable = false
debug ++ [String] type = timer
debug +++ [int] repeatCount = 0
debug +++ [int] currentCount = 17
debug +++ [Boolean] running = true
debug +++ [int] delay = 120000
debug +++ [int] repeatCount = 0
debug +++ [int] currentCount = 17
debug +++ [Boolean] running = true
debug +++ [int] delay = 120000
debug time 23:02:18.529 :: After HeartBeat Count=18 Result=5
debug time 23:04:18.533 :: Before HeartBeat Count=19 Time=Wed Jan 4 2012 23:04:18 GMT+0100 AccountId=29131007 Session=94dc54cc-81a1-45e0-878a-9eeefa57b475
debug ++ [int] eventPhase = 2
debug ++ [Boolean] bubbles = false
debug ++ [Boolean] cancelable = false
debug ++ [String] type = timer
debug +++ [int] repeatCount = 0
debug +++ [int] currentCount = 18
debug +++ [Boolean] running = true
debug +++ [int] delay = 120000
debug +++ [int] repeatCount = 0
debug +++ [int] currentCount = 18
debug +++ [Boolean] running = true
debug +++ [int] delay = 120000
debug time 23:04:19.531 :: After HeartBeat Count=19 Result=5
debug time 23:06:18.535 :: Before HeartBeat Count=20 Time=Wed Jan 4 2012 23:06:18 GMT+0100 AccountId=29131007 Session=94dc54cc-81a1-45e0-878a-9eeefa57b475
debug ++ [int] eventPhase = 2
debug ++ [Boolean] bubbles = false
debug ++ [Boolean] cancelable = false
debug ++ [String] type = timer
debug +++ [int] repeatCount = 0
debug +++ [int] currentCount = 19
debug +++ [Boolean] running = true
debug +++ [int] delay = 120000
debug +++ [int] repeatCount = 0
debug +++ [int] currentCount = 19
debug +++ [Boolean] running = true
debug +++ [int] delay = 120000
debug time 23:06:19.532 :: After HeartBeat Count=20 Result=5
debug time 23:08:18.539 :: Before HeartBeat Count=21 Time=Wed Jan 4 2012 23:08:18 GMT+0100 AccountId=29131007 Session=94dc54cc-81a1-45e0-878a-9eeefa57b475
debug ++ [int] eventPhase = 2
debug ++ [Boolean] bubbles = false
debug ++ [Boolean] cancelable = false
debug ++ [String] type = timer
debug +++ [int] repeatCount = 0
debug +++ [int] currentCount = 20
debug +++ [Boolean] running = true
debug +++ [int] delay = 120000
debug +++ [int] repeatCount = 0
debug +++ [int] currentCount = 20
debug +++ [Boolean] running = true
debug +++ [int] delay = 120000
debug time 23:08:19.534 :: After HeartBeat Count=21 Result=5
debug time 23:10:19.538 :: Before HeartBeat Count=22 Time=Wed Jan 4 2012 23:10:19 GMT+0100 AccountId=29131007 Session=94dc54cc-81a1-45e0-878a-9eeefa57b475
debug ++ [int] eventPhase = 2
debug ++ [Boolean] bubbles = false
debug ++ [Boolean] cancelable = false
debug ++ [String] type = timer
debug +++ [int] repeatCount = 0
debug +++ [int] currentCount = 21
debug +++ [Boolean] running = true
debug +++ [int] delay = 120000
debug +++ [int] repeatCount = 0
debug +++ [int] currentCount = 21
debug +++ [Boolean] running = true
debug +++ [int] delay = 120000
debug time 23:10:20.535 :: After HeartBeat Count=22 Result=5
debug time 23:12:19.539 :: Before HeartBeat Count=23 Time=Wed Jan 4 2012 23:12:19 GMT+0100 AccountId=29131007 Session=94dc54cc-81a1-45e0-878a-9eeefa57b475
debug ++ [int] eventPhase = 2
debug ++ [Boolean] bubbles = false
debug ++ [Boolean] cancelable = false
debug ++ [String] type = timer
debug +++ [int] repeatCount = 0
debug +++ [int] currentCount = 22
debug +++ [Boolean] running = true
debug +++ [int] delay = 120000
debug +++ [int] repeatCount = 0
debug +++ [int] currentCount = 22
debug +++ [Boolean] running = true
debug +++ [int] delay = 120000
debug time 23:12:20.535 :: After HeartBeat Count=23 Result=5
debug time 23:14:19.540 :: Before HeartBeat Count=24 Time=Wed Jan 4 2012 23:14:19 GMT+0100 AccountId=29131007 Session=94dc54cc-81a1-45e0-878a-9eeefa57b475
debug ++ [int] eventPhase = 2
debug ++ [Boolean] bubbles = false
debug ++ [Boolean] cancelable = false
debug ++ [String] type = timer
debug +++ [int] repeatCount = 0
debug +++ [int] currentCount = 23
debug +++ [Boolean] running = true
debug +++ [int] delay = 120000
debug +++ [int] repeatCount = 0
debug +++ [int] currentCount = 23
debug +++ [Boolean] running = true
debug +++ [int] delay = 120000
debug time 23:14:20.536 :: After HeartBeat Count=24 Result=5
debug time 23:16:20.541 :: Before HeartBeat Count=25 Time=Wed Jan 4 2012 23:16:20 GMT+0100 AccountId=29131007 Session=94dc54cc-81a1-45e0-878a-9eeefa57b475
debug ++ [int] eventPhase = 2
debug ++ [Boolean] bubbles = false
debug ++ [Boolean] cancelable = false
debug ++ [String] type = timer
debug +++ [int] repeatCount = 0
debug +++ [int] currentCount = 24
debug +++ [Boolean] running = true
debug +++ [int] delay = 120000
debug +++ [int] repeatCount = 0
debug +++ [int] currentCount = 24
debug +++ [Boolean] running = true
debug +++ [int] delay = 120000
debug time 23:16:21.537 :: After HeartBeat Count=25 Result=5
debug time 23:18:21.543 :: Before HeartBeat Count=26 Time=Wed Jan 4 2012 23:18:21 GMT+0100 AccountId=29131007 Session=94dc54cc-81a1-45e0-878a-9eeefa57b475
debug ++ [int] eventPhase = 2
debug ++ [Boolean] bubbles = false
debug ++ [Boolean] cancelable = false
debug ++ [String] type = timer
debug +++ [int] repeatCount = 0
debug +++ [int] currentCount = 25
debug +++ [Boolean] running = true
debug +++ [int] delay = 120000
debug +++ [int] repeatCount = 0
debug +++ [int] currentCount = 25
debug +++ [Boolean] running = true
debug +++ [int] delay = 120000
debug time 23:18:22.539 :: After HeartBeat Count=26 Result=5
debug time 23:20:22.543 :: Before HeartBeat Count=27 Time=Wed Jan 4 2012 23:20:22 GMT+0100 AccountId=29131007 Session=94dc54cc-81a1-45e0-878a-9eeefa57b475
debug ++ [int] eventPhase = 2
debug ++ [Boolean] bubbles = false
debug ++ [Boolean] cancelable = false
debug ++ [String] type = timer
debug +++ [int] repeatCount = 0
debug +++ [int] currentCount = 26
debug +++ [Boolean] running = true
debug +++ [int] delay = 120000
debug +++ [int] repeatCount = 0
debug +++ [int] currentCount = 26
debug +++ [Boolean] running = true
debug +++ [int] delay = 120000
debug time 23:20:23.539 :: After HeartBeat Count=27 Result=5
debug time 23:22:22.544 :: Before HeartBeat Count=28 Time=Wed Jan 4 2012 23:22:22 GMT+0100 AccountId=29131007 Session=94dc54cc-81a1-45e0-878a-9eeefa57b475
debug ++ [int] eventPhase = 2
debug ++ [Boolean] bubbles = false
debug ++ [Boolean] cancelable = false
debug ++ [String] type = timer
debug +++ [int] repeatCount = 0
debug +++ [int] currentCount = 27
debug +++ [Boolean] running = true
debug +++ [int] delay = 120000
debug +++ [int] repeatCount = 0
debug +++ [int] currentCount = 27
debug +++ [Boolean] running = true
debug +++ [int] delay = 120000
debug time 23:22:23.541 :: After HeartBeat Count=28 Result=5
debug time 23:23:47.171 :: Performing heartbeat at Wed Jan 4 2012 23:23:47 GMT+0100
debug time 23:24:22.557 :: Before HeartBeat Count=29 Time=Wed Jan 4 2012 23:24:22 GMT+0100 AccountId=29131007 Session=94dc54cc-81a1-45e0-878a-9eeefa57b475
debug ++ [int] eventPhase = 2
debug ++ [Boolean] bubbles = false
debug ++ [Boolean] cancelable = false
debug ++ [String] type = timer
debug +++ [int] repeatCount = 0
debug +++ [int] currentCount = 28
debug +++ [Boolean] running = true
debug +++ [int] delay = 120000
debug +++ [int] repeatCount = 0
debug +++ [int] currentCount = 28
debug +++ [Boolean] running = true
debug +++ [int] delay = 120000
debug time 23:24:22.789 :: After HeartBeat Count=29 Result=5
debug time 23:26:22.589 :: Before HeartBeat Count=30 Time=Wed Jan 4 2012 23:26:22 GMT+0100 AccountId=29131007 Session=94dc54cc-81a1-45e0-878a-9eeefa57b475
debug ++ [int] eventPhase = 2
debug ++ [Boolean] bubbles = false
debug ++ [Boolean] cancelable = false
debug ++ [String] type = timer
debug +++ [int] repeatCount = 0
debug +++ [int] currentCount = 29
debug +++ [Boolean] running = true
debug +++ [int] delay = 120000
debug +++ [int] repeatCount = 0
debug +++ [int] currentCount = 29
debug +++ [Boolean] running = true
debug +++ [int] delay = 120000
debug time 23:26:22.791 :: After HeartBeat Count=30 Result=5
debug time 23:28:22.630 :: Before HeartBeat Count=31 Time=Wed Jan 4 2012 23:28:22 GMT+0100 AccountId=29131007 Session=94dc54cc-81a1-45e0-878a-9eeefa57b475
debug ++ [int] eventPhase = 2
debug ++ [Boolean] bubbles = false
debug ++ [Boolean] cancelable = false
debug ++ [String] type = timer
debug +++ [int] repeatCount = 0
debug +++ [int] currentCount = 30
debug +++ [Boolean] running = true
debug +++ [int] delay = 120000
debug +++ [int] repeatCount = 0
debug +++ [int] currentCount = 30
debug +++ [Boolean] running = true
debug +++ [int] delay = 120000
debug time 23:28:22.834 :: After HeartBeat Count=31 Result=5
debug time 23:30:22.631 :: Before HeartBeat Count=32 Time=Wed Jan 4 2012 23:30:22 GMT+0100 AccountId=29131007 Session=94dc54cc-81a1-45e0-878a-9eeefa57b475
debug ++ [int] eventPhase = 2
debug ++ [Boolean] bubbles = false
debug ++ [Boolean] cancelable = false
debug ++ [String] type = timer
debug +++ [int] repeatCount = 0
debug +++ [int] currentCount = 31
debug +++ [Boolean] running = true
debug +++ [int] delay = 120000
debug +++ [int] repeatCount = 0
debug +++ [int] currentCount = 31
debug +++ [Boolean] running = true
debug +++ [int] delay = 120000
debug time 23:30:22.834 :: After HeartBeat Count=32 Result=5
debug time 23:32:22.676 :: Before HeartBeat Count=33 Time=Wed Jan 4 2012 23:32:22 GMT+0100 AccountId=29131007 Session=94dc54cc-81a1-45e0-878a-9eeefa57b475
debug ++ [int] eventPhase = 2
debug ++ [Boolean] bubbles = false
debug ++ [Boolean] cancelable = false
debug ++ [String] type = timer
debug +++ [int] repeatCount = 0
debug +++ [int] currentCount = 32
debug +++ [Boolean] running = true
debug +++ [int] delay = 120000
debug +++ [int] repeatCount = 0
debug +++ [int] currentCount = 32
debug +++ [Boolean] running = true
debug +++ [int] delay = 120000
debug time 23:32:22.878 :: After HeartBeat Count=33 Result=5
debug time 23:34:22.716 :: Before HeartBeat Count=34 Time=Wed Jan 4 2012 23:34:22 GMT+0100 AccountId=29131007 Session=94dc54cc-81a1-45e0-878a-9eeefa57b475
debug ++ [int] eventPhase = 2
debug ++ [Boolean] bubbles = false
debug ++ [Boolean] cancelable = false
debug ++ [String] type = timer
debug +++ [int] repeatCount = 0
debug +++ [int] currentCount = 33
debug +++ [Boolean] running = true
debug +++ [int] delay = 120000
debug +++ [int] repeatCount = 0
debug +++ [int] currentCount = 33
debug +++ [Boolean] running = true
debug +++ [int] delay = 120000
debug time 23:34:22.921 :: After HeartBeat Count=34 Result=5
debug time 23:36:22.718 :: Before HeartBeat Count=35 Time=Wed Jan 4 2012 23:36:22 GMT+0100 AccountId=29131007 Session=94dc54cc-81a1-45e0-878a-9eeefa57b475
debug ++ [int] eventPhase = 2
debug ++ [Boolean] bubbles = false
debug ++ [Boolean] cancelable = false
debug ++ [String] type = timer
debug +++ [int] repeatCount = 0
debug +++ [int] currentCount = 34
debug +++ [Boolean] running = true
debug +++ [int] delay = 120000
debug +++ [int] repeatCount = 0
debug +++ [int] currentCount = 34
debug +++ [Boolean] running = true
debug +++ [int] delay = 120000
debug time 23:36:22.922 :: After HeartBeat Count=35 Result=5
debug time 23:38:22.721 :: Before HeartBeat Count=36 Time=Wed Jan 4 2012 23:38:22 GMT+0100 AccountId=29131007 Session=94dc54cc-81a1-45e0-878a-9eeefa57b475
debug ++ [int] eventPhase = 2
debug ++ [Boolean] bubbles = false
debug ++ [Boolean] cancelable = false
debug ++ [String] type = timer
debug +++ [int] repeatCount = 0
debug +++ [int] currentCount = 35
debug +++ [Boolean] running = true
debug +++ [int] delay = 120000
debug +++ [int] repeatCount = 0
debug +++ [int] currentCount = 35
debug +++ [Boolean] running = true
debug +++ [int] delay = 120000
debug time 23:38:22.923 :: After HeartBeat Count=36 Result=5
