debug time 18:49:38.404 :: Before HeartBeat Count=1 Time=Fri Sep 16 2011 18:49:38 GMT+0200 AccountId=28699575 Session=fa2f3912-0417-4755-9e04-e73ff5d9d34e
STOP LOGGING: More than 0 nested objects or properties. 
debug time 18:49:39.142 :: After HeartBeat Count=1 Result=5
debug time 18:52:38.434 :: Before HeartBeat Count=2 Time=Fri Sep 16 2011 18:52:38 GMT+0200 AccountId=28699575 Session=fa2f3912-0417-4755-9e04-e73ff5d9d34e
debug ++ [int] eventPhase = 2
debug ++ [Boolean] bubbles = false
debug ++ [Boolean] cancelable = false
debug ++ [String] type = timer
debug +++ [int] repeatCount = 0
debug +++ [int] currentCount = 1
debug +++ [Boolean] running = true
debug +++ [int] delay = 180000
debug +++ [int] repeatCount = 0
debug +++ [int] currentCount = 1
debug +++ [Boolean] running = true
debug +++ [int] delay = 180000
debug time 18:52:38.639 :: After HeartBeat Count=2 Result=5
debug time 18:55:38.437 :: Before HeartBeat Count=3 Time=Fri Sep 16 2011 18:55:38 GMT+0200 AccountId=28699575 Session=fa2f3912-0417-4755-9e04-e73ff5d9d34e
debug ++ [int] eventPhase = 2
debug ++ [Boolean] bubbles = false
debug ++ [Boolean] cancelable = false
debug ++ [String] type = timer
debug +++ [int] repeatCount = 0
debug +++ [int] currentCount = 2
debug +++ [Boolean] running = true
debug +++ [int] delay = 180000
debug +++ [int] repeatCount = 0
debug +++ [int] currentCount = 2
debug +++ [Boolean] running = true
debug +++ [int] delay = 180000
debug time 18:55:38.641 :: After HeartBeat Count=3 Result=5
debug time 18:58:38.479 :: Before HeartBeat Count=4 Time=Fri Sep 16 2011 18:58:38 GMT+0200 AccountId=28699575 Session=fa2f3912-0417-4755-9e04-e73ff5d9d34e
debug ++ [int] eventPhase = 2
debug ++ [Boolean] bubbles = false
debug ++ [Boolean] cancelable = false
debug ++ [String] type = timer
debug +++ [int] repeatCount = 0
debug +++ [int] currentCount = 3
debug +++ [Boolean] running = true
debug +++ [int] delay = 180000
debug +++ [int] repeatCount = 0
debug +++ [int] currentCount = 3
debug +++ [Boolean] running = true
debug +++ [int] delay = 180000
debug time 18:58:38.684 :: After HeartBeat Count=4 Result=5
debug time 19:01:38.481 :: Before HeartBeat Count=5 Time=Fri Sep 16 2011 19:01:38 GMT+0200 AccountId=28699575 Session=fa2f3912-0417-4755-9e04-e73ff5d9d34e
debug ++ [int] eventPhase = 2
debug ++ [Boolean] bubbles = false
debug ++ [Boolean] cancelable = false
debug ++ [String] type = timer
debug +++ [int] repeatCount = 0
debug +++ [int] currentCount = 4
debug +++ [Boolean] running = true
debug +++ [int] delay = 180000
debug +++ [int] repeatCount = 0
debug +++ [int] currentCount = 4
debug +++ [Boolean] running = true
debug +++ [int] delay = 180000
debug time 19:01:38.685 :: After HeartBeat Count=5 Result=5
debug time 19:04:38.482 :: Before HeartBeat Count=6 Time=Fri Sep 16 2011 19:04:38 GMT+0200 AccountId=28699575 Session=fa2f3912-0417-4755-9e04-e73ff5d9d34e
debug ++ [int] eventPhase = 2
debug ++ [Boolean] bubbles = false
debug ++ [Boolean] cancelable = false
debug ++ [String] type = timer
debug +++ [int] repeatCount = 0
debug +++ [int] currentCount = 5
debug +++ [Boolean] running = true
debug +++ [int] delay = 180000
debug +++ [int] repeatCount = 0
debug +++ [int] currentCount = 5
debug +++ [Boolean] running = true
debug +++ [int] delay = 180000
debug time 19:04:38.687 :: After HeartBeat Count=6 Result=5
debug time 19:07:38.485 :: Before HeartBeat Count=7 Time=Fri Sep 16 2011 19:07:38 GMT+0200 AccountId=28699575 Session=fa2f3912-0417-4755-9e04-e73ff5d9d34e
debug ++ [int] eventPhase = 2
debug ++ [Boolean] bubbles = false
debug ++ [Boolean] cancelable = false
debug ++ [String] type = timer
debug +++ [int] repeatCount = 0
debug +++ [int] currentCount = 6
debug +++ [Boolean] running = true
debug +++ [int] delay = 180000
debug +++ [int] repeatCount = 0
debug +++ [int] currentCount = 6
debug +++ [Boolean] running = true
debug +++ [int] delay = 180000
debug time 19:07:38.688 :: After HeartBeat Count=7 Result=5
debug time 19:10:38.487 :: Before HeartBeat Count=8 Time=Fri Sep 16 2011 19:10:38 GMT+0200 AccountId=28699575 Session=fa2f3912-0417-4755-9e04-e73ff5d9d34e
debug ++ [int] eventPhase = 2
debug ++ [Boolean] bubbles = false
debug ++ [Boolean] cancelable = false
debug ++ [String] type = timer
debug +++ [int] repeatCount = 0
debug +++ [int] currentCount = 7
debug +++ [Boolean] running = true
debug +++ [int] delay = 180000
debug +++ [int] repeatCount = 0
debug +++ [int] currentCount = 7
debug +++ [Boolean] running = true
debug +++ [int] delay = 180000
debug time 19:10:38.691 :: After HeartBeat Count=8 Result=5
debug time 19:13:38.529 :: Before HeartBeat Count=9 Time=Fri Sep 16 2011 19:13:38 GMT+0200 AccountId=28699575 Session=fa2f3912-0417-4755-9e04-e73ff5d9d34e
debug ++ [int] eventPhase = 2
debug ++ [Boolean] bubbles = false
debug ++ [Boolean] cancelable = false
debug ++ [String] type = timer
debug +++ [int] repeatCount = 0
debug +++ [int] currentCount = 8
debug +++ [Boolean] running = true
debug +++ [int] delay = 180000
debug +++ [int] repeatCount = 0
debug +++ [int] currentCount = 8
debug +++ [Boolean] running = true
debug +++ [int] delay = 180000
debug time 19:13:38.735 :: After HeartBeat Count=9 Result=5
debug time 19:16:38.530 :: Before HeartBeat Count=10 Time=Fri Sep 16 2011 19:16:38 GMT+0200 AccountId=28699575 Session=fa2f3912-0417-4755-9e04-e73ff5d9d34e
debug ++ [int] eventPhase = 2
debug ++ [Boolean] bubbles = false
debug ++ [Boolean] cancelable = false
debug ++ [String] type = timer
debug +++ [int] repeatCount = 0
debug +++ [int] currentCount = 9
debug +++ [Boolean] running = true
debug +++ [int] delay = 180000
debug +++ [int] repeatCount = 0
debug +++ [int] currentCount = 9
debug +++ [Boolean] running = true
debug +++ [int] delay = 180000
debug time 19:16:38.736 :: After HeartBeat Count=10 Result=5
debug time 19:19:38.533 :: Before HeartBeat Count=11 Time=Fri Sep 16 2011 19:19:38 GMT+0200 AccountId=28699575 Session=fa2f3912-0417-4755-9e04-e73ff5d9d34e
debug ++ [int] eventPhase = 2
debug ++ [Boolean] bubbles = false
debug ++ [Boolean] cancelable = false
debug ++ [String] type = timer
debug +++ [int] repeatCount = 0
debug +++ [int] currentCount = 10
debug +++ [Boolean] running = true
debug +++ [int] delay = 180000
debug +++ [int] repeatCount = 0
debug +++ [int] currentCount = 10
debug +++ [Boolean] running = true
debug +++ [int] delay = 180000
debug time 19:19:38.740 :: After HeartBeat Count=11 Result=5
debug time 19:22:38.578 :: Before HeartBeat Count=12 Time=Fri Sep 16 2011 19:22:38 GMT+0200 AccountId=28699575 Session=fa2f3912-0417-4755-9e04-e73ff5d9d34e
debug ++ [int] eventPhase = 2
debug ++ [Boolean] bubbles = false
debug ++ [Boolean] cancelable = false
debug ++ [String] type = timer
debug +++ [int] repeatCount = 0
debug +++ [int] currentCount = 11
debug +++ [Boolean] running = true
debug +++ [int] delay = 180000
debug +++ [int] repeatCount = 0
debug +++ [int] currentCount = 11
debug +++ [Boolean] running = true
debug +++ [int] delay = 180000
debug time 19:22:38.783 :: After HeartBeat Count=12 Result=5
debug time 19:25:38.619 :: Before HeartBeat Count=13 Time=Fri Sep 16 2011 19:25:38 GMT+0200 AccountId=28699575 Session=fa2f3912-0417-4755-9e04-e73ff5d9d34e
debug ++ [int] eventPhase = 2
debug ++ [Boolean] bubbles = false
debug ++ [Boolean] cancelable = false
debug ++ [String] type = timer
debug +++ [int] repeatCount = 0
debug +++ [int] currentCount = 12
debug +++ [Boolean] running = true
debug +++ [int] delay = 180000
debug +++ [int] repeatCount = 0
debug +++ [int] currentCount = 12
debug +++ [Boolean] running = true
debug +++ [int] delay = 180000
debug time 19:25:38.825 :: After HeartBeat Count=13 Result=5
debug time 19:28:38.663 :: Before HeartBeat Count=14 Time=Fri Sep 16 2011 19:28:38 GMT+0200 AccountId=28699575 Session=fa2f3912-0417-4755-9e04-e73ff5d9d34e
debug ++ [int] eventPhase = 2
debug ++ [Boolean] bubbles = false
debug ++ [Boolean] cancelable = false
debug ++ [String] type = timer
debug +++ [int] repeatCount = 0
debug +++ [int] currentCount = 13
debug +++ [Boolean] running = true
debug +++ [int] delay = 180000
debug +++ [int] repeatCount = 0
debug +++ [int] currentCount = 13
debug +++ [Boolean] running = true
debug +++ [int] delay = 180000
debug time 19:28:38.869 :: After HeartBeat Count=14 Result=5
debug time 19:31:38.664 :: Before HeartBeat Count=15 Time=Fri Sep 16 2011 19:31:38 GMT+0200 AccountId=28699575 Session=fa2f3912-0417-4755-9e04-e73ff5d9d34e
debug ++ [int] eventPhase = 2
debug ++ [Boolean] bubbles = false
debug ++ [Boolean] cancelable = false
debug ++ [String] type = timer
debug +++ [int] repeatCount = 0
debug +++ [int] currentCount = 14
debug +++ [Boolean] running = true
debug +++ [int] delay = 180000
debug +++ [int] repeatCount = 0
debug +++ [int] currentCount = 14
debug +++ [Boolean] running = true
debug +++ [int] delay = 180000
debug time 19:31:38.870 :: After HeartBeat Count=15 Result=5
debug time 19:34:38.666 :: Before HeartBeat Count=16 Time=Fri Sep 16 2011 19:34:38 GMT+0200 AccountId=28699575 Session=fa2f3912-0417-4755-9e04-e73ff5d9d34e
debug ++ [int] eventPhase = 2
debug ++ [Boolean] bubbles = false
debug ++ [Boolean] cancelable = false
debug ++ [String] type = timer
debug +++ [int] repeatCount = 0
debug +++ [int] currentCount = 15
debug +++ [Boolean] running = true
debug +++ [int] delay = 180000
debug +++ [int] repeatCount = 0
debug +++ [int] currentCount = 15
debug +++ [Boolean] running = true
debug +++ [int] delay = 180000
debug time 19:34:38.873 :: After HeartBeat Count=16 Result=5
debug time 19:37:38.674 :: Before HeartBeat Count=17 Time=Fri Sep 16 2011 19:37:38 GMT+0200 AccountId=28699575 Session=fa2f3912-0417-4755-9e04-e73ff5d9d34e
debug ++ [int] eventPhase = 2
debug ++ [Boolean] bubbles = false
debug ++ [Boolean] cancelable = false
debug ++ [String] type = timer
debug +++ [int] repeatCount = 0
debug +++ [int] currentCount = 16
debug +++ [Boolean] running = true
debug +++ [int] delay = 180000
debug +++ [int] repeatCount = 0
debug +++ [int] currentCount = 16
debug +++ [Boolean] running = true
debug +++ [int] delay = 180000
debug time 19:37:38.880 :: After HeartBeat Count=17 Result=5
debug time 19:37:41.919 :: Performing heartbeat at Fri Sep 16 2011 19:37:41 GMT+0200
debug time 19:40:38.703 :: Before HeartBeat Count=18 Time=Fri Sep 16 2011 19:40:38 GMT+0200 AccountId=28699575 Session=fa2f3912-0417-4755-9e04-e73ff5d9d34e
debug ++ [int] eventPhase = 2
debug ++ [Boolean] bubbles = false
debug ++ [Boolean] cancelable = false
debug ++ [String] type = timer
debug +++ [int] repeatCount = 0
debug +++ [int] currentCount = 17
debug +++ [Boolean] running = true
debug +++ [int] delay = 180000
debug +++ [int] repeatCount = 0
debug +++ [int] currentCount = 17
debug +++ [Boolean] running = true
debug +++ [int] delay = 180000
debug time 19:40:38.905 :: After HeartBeat Count=18 Result=5
debug time 19:43:38.722 :: Before HeartBeat Count=19 Time=Fri Sep 16 2011 19:43:38 GMT+0200 AccountId=28699575 Session=fa2f3912-0417-4755-9e04-e73ff5d9d34e
debug ++ [int] eventPhase = 2
debug ++ [Boolean] bubbles = false
debug ++ [Boolean] cancelable = false
debug ++ [String] type = timer
debug +++ [int] repeatCount = 0
debug +++ [int] currentCount = 18
debug +++ [Boolean] running = true
debug +++ [int] delay = 180000
debug +++ [int] repeatCount = 0
debug +++ [int] currentCount = 18
debug +++ [Boolean] running = true
debug +++ [int] delay = 180000
debug time 19:43:38.923 :: After HeartBeat Count=19 Result=5
debug time 19:46:38.762 :: Before HeartBeat Count=20 Time=Fri Sep 16 2011 19:46:38 GMT+0200 AccountId=28699575 Session=fa2f3912-0417-4755-9e04-e73ff5d9d34e
debug ++ [int] eventPhase = 2
debug ++ [Boolean] bubbles = false
debug ++ [Boolean] cancelable = false
debug ++ [String] type = timer
debug +++ [int] repeatCount = 0
debug +++ [int] currentCount = 19
debug +++ [Boolean] running = true
debug +++ [int] delay = 180000
debug +++ [int] repeatCount = 0
debug +++ [int] currentCount = 19
debug +++ [Boolean] running = true
debug +++ [int] delay = 180000
debug time 19:46:38.966 :: After HeartBeat Count=20 Result=5
debug time 19:49:38.761 :: Before HeartBeat Count=21 Time=Fri Sep 16 2011 19:49:38 GMT+0200 AccountId=28699575 Session=fa2f3912-0417-4755-9e04-e73ff5d9d34e
debug ++ [int] eventPhase = 2
debug ++ [Boolean] bubbles = false
debug ++ [Boolean] cancelable = false
debug ++ [String] type = timer
debug +++ [int] repeatCount = 0
debug +++ [int] currentCount = 20
debug +++ [Boolean] running = true
debug +++ [int] delay = 180000
debug +++ [int] repeatCount = 0
debug +++ [int] currentCount = 20
debug +++ [Boolean] running = true
debug +++ [int] delay = 180000
debug time 19:49:38.967 :: After HeartBeat Count=21 Result=5
debug time 19:52:38.761 :: Before HeartBeat Count=22 Time=Fri Sep 16 2011 19:52:38 GMT+0200 AccountId=28699575 Session=fa2f3912-0417-4755-9e04-e73ff5d9d34e
debug ++ [int] eventPhase = 2
debug ++ [Boolean] bubbles = false
debug ++ [Boolean] cancelable = false
debug ++ [String] type = timer
debug +++ [int] repeatCount = 0
debug +++ [int] currentCount = 21
debug +++ [Boolean] running = true
debug +++ [int] delay = 180000
debug +++ [int] repeatCount = 0
debug +++ [int] currentCount = 21
debug +++ [Boolean] running = true
debug +++ [int] delay = 180000
debug time 19:52:38.967 :: After HeartBeat Count=22 Result=5
debug time 19:55:38.764 :: Before HeartBeat Count=23 Time=Fri Sep 16 2011 19:55:38 GMT+0200 AccountId=28699575 Session=fa2f3912-0417-4755-9e04-e73ff5d9d34e
debug ++ [int] eventPhase = 2
debug ++ [Boolean] bubbles = false
debug ++ [Boolean] cancelable = false
debug ++ [String] type = timer
debug +++ [int] repeatCount = 0
debug +++ [int] currentCount = 22
debug +++ [Boolean] running = true
debug +++ [int] delay = 180000
debug +++ [int] repeatCount = 0
debug +++ [int] currentCount = 22
debug +++ [Boolean] running = true
debug +++ [int] delay = 180000
debug time 19:55:38.969 :: After HeartBeat Count=23 Result=5
debug time 19:58:38.766 :: Before HeartBeat Count=24 Time=Fri Sep 16 2011 19:58:38 GMT+0200 AccountId=28699575 Session=fa2f3912-0417-4755-9e04-e73ff5d9d34e
debug ++ [int] eventPhase = 2
debug ++ [Boolean] bubbles = false
debug ++ [Boolean] cancelable = false
debug ++ [String] type = timer
debug +++ [int] repeatCount = 0
debug +++ [int] currentCount = 23
debug +++ [Boolean] running = true
debug +++ [int] delay = 180000
debug +++ [int] repeatCount = 0
debug +++ [int] currentCount = 23
debug +++ [Boolean] running = true
debug +++ [int] delay = 180000
debug time 19:58:38.970 :: After HeartBeat Count=24 Result=5
debug time 20:01:38.810 :: Before HeartBeat Count=25 Time=Fri Sep 16 2011 20:01:38 GMT+0200 AccountId=28699575 Session=fa2f3912-0417-4755-9e04-e73ff5d9d34e
debug ++ [int] eventPhase = 2
debug ++ [Boolean] bubbles = false
debug ++ [Boolean] cancelable = false
debug ++ [String] type = timer
debug +++ [int] repeatCount = 0
debug +++ [int] currentCount = 24
debug +++ [Boolean] running = true
debug +++ [int] delay = 180000
debug +++ [int] repeatCount = 0
debug +++ [int] currentCount = 24
debug +++ [Boolean] running = true
debug +++ [int] delay = 180000
debug time 20:01:39.12 :: After HeartBeat Count=25 Result=5
debug time 20:04:38.846 :: Before HeartBeat Count=26 Time=Fri Sep 16 2011 20:04:38 GMT+0200 AccountId=28699575 Session=fa2f3912-0417-4755-9e04-e73ff5d9d34e
debug ++ [int] eventPhase = 2
debug ++ [Boolean] bubbles = false
debug ++ [Boolean] cancelable = false
debug ++ [String] type = timer
debug +++ [int] repeatCount = 0
debug +++ [int] currentCount = 25
debug +++ [Boolean] running = true
debug +++ [int] delay = 180000
debug +++ [int] repeatCount = 0
debug +++ [int] currentCount = 25
debug +++ [Boolean] running = true
debug +++ [int] delay = 180000
debug time 20:04:39.51 :: After HeartBeat Count=26 Result=5
debug time 20:07:38.849 :: Before HeartBeat Count=27 Time=Fri Sep 16 2011 20:07:38 GMT+0200 AccountId=28699575 Session=fa2f3912-0417-4755-9e04-e73ff5d9d34e
debug ++ [int] eventPhase = 2
debug ++ [Boolean] bubbles = false
debug ++ [Boolean] cancelable = false
debug ++ [String] type = timer
debug +++ [int] repeatCount = 0
debug +++ [int] currentCount = 26
debug +++ [Boolean] running = true
debug +++ [int] delay = 180000
debug +++ [int] repeatCount = 0
debug +++ [int] currentCount = 26
debug +++ [Boolean] running = true
debug +++ [int] delay = 180000
debug time 20:07:39.54 :: After HeartBeat Count=27 Result=5
debug time 20:10:38.891 :: Before HeartBeat Count=28 Time=Fri Sep 16 2011 20:10:38 GMT+0200 AccountId=28699575 Session=fa2f3912-0417-4755-9e04-e73ff5d9d34e
debug ++ [int] eventPhase = 2
debug ++ [Boolean] bubbles = false
debug ++ [Boolean] cancelable = false
debug ++ [String] type = timer
debug +++ [int] repeatCount = 0
debug +++ [int] currentCount = 27
debug +++ [Boolean] running = true
debug +++ [int] delay = 180000
debug +++ [int] repeatCount = 0
debug +++ [int] currentCount = 27
debug +++ [Boolean] running = true
debug +++ [int] delay = 180000
debug time 20:10:39.95 :: After HeartBeat Count=28 Result=5
debug time 20:13:38.932 :: Before HeartBeat Count=29 Time=Fri Sep 16 2011 20:13:38 GMT+0200 AccountId=28699575 Session=fa2f3912-0417-4755-9e04-e73ff5d9d34e
debug ++ [int] eventPhase = 2
debug ++ [Boolean] bubbles = false
debug ++ [Boolean] cancelable = false
debug ++ [String] type = timer
debug +++ [int] repeatCount = 0
debug +++ [int] currentCount = 28
debug +++ [Boolean] running = true
debug +++ [int] delay = 180000
debug +++ [int] repeatCount = 0
debug +++ [int] currentCount = 28
debug +++ [Boolean] running = true
debug +++ [int] delay = 180000
debug time 20:13:39.143 :: After HeartBeat Count=29 Result=5
debug time 20:16:38.978 :: Before HeartBeat Count=30 Time=Fri Sep 16 2011 20:16:38 GMT+0200 AccountId=28699575 Session=fa2f3912-0417-4755-9e04-e73ff5d9d34e
debug ++ [int] eventPhase = 2
debug ++ [Boolean] bubbles = false
debug ++ [Boolean] cancelable = false
debug ++ [String] type = timer
debug +++ [int] repeatCount = 0
debug +++ [int] currentCount = 29
debug +++ [Boolean] running = true
debug +++ [int] delay = 180000
debug +++ [int] repeatCount = 0
debug +++ [int] currentCount = 29
debug +++ [Boolean] running = true
debug +++ [int] delay = 180000
debug time 20:16:39.182 :: After HeartBeat Count=30 Result=5
debug time 20:19:38.979 :: Before HeartBeat Count=31 Time=Fri Sep 16 2011 20:19:38 GMT+0200 AccountId=28699575 Session=fa2f3912-0417-4755-9e04-e73ff5d9d34e
debug ++ [int] eventPhase = 2
debug ++ [Boolean] bubbles = false
debug ++ [Boolean] cancelable = false
debug ++ [String] type = timer
debug +++ [int] repeatCount = 0
debug +++ [int] currentCount = 30
debug +++ [Boolean] running = true
debug +++ [int] delay = 180000
debug +++ [int] repeatCount = 0
debug +++ [int] currentCount = 30
debug +++ [Boolean] running = true
debug +++ [int] delay = 180000
debug time 20:19:39.183 :: After HeartBeat Count=31 Result=5
debug time 20:22:19.551 :: Performing heartbeat at Fri Sep 16 2011 20:22:19 GMT+0200
debug time 20:22:38.986 :: Before HeartBeat Count=32 Time=Fri Sep 16 2011 20:22:38 GMT+0200 AccountId=28699575 Session=fa2f3912-0417-4755-9e04-e73ff5d9d34e
debug ++ [int] eventPhase = 2
debug ++ [Boolean] bubbles = false
debug ++ [Boolean] cancelable = false
debug ++ [String] type = timer
debug +++ [int] repeatCount = 0
debug +++ [int] currentCount = 31
debug +++ [Boolean] running = true
debug +++ [int] delay = 180000
debug +++ [int] repeatCount = 0
debug +++ [int] currentCount = 31
debug +++ [Boolean] running = true
debug +++ [int] delay = 180000
debug time 20:22:39.192 :: After HeartBeat Count=32 Result=5
debug time 20:25:39.03 :: Before HeartBeat Count=33 Time=Fri Sep 16 2011 20:25:39 GMT+0200 AccountId=28699575 Session=fa2f3912-0417-4755-9e04-e73ff5d9d34e
debug ++ [int] eventPhase = 2
debug ++ [Boolean] bubbles = false
debug ++ [Boolean] cancelable = false
debug ++ [String] type = timer
debug +++ [int] repeatCount = 0
debug +++ [int] currentCount = 32
debug +++ [Boolean] running = true
debug +++ [int] delay = 180000
debug +++ [int] repeatCount = 0
debug +++ [int] currentCount = 32
debug +++ [Boolean] running = true
debug +++ [int] delay = 180000
debug time 20:25:39.203 :: After HeartBeat Count=33 Result=5
debug time 20:28:39.03 :: Before HeartBeat Count=34 Time=Fri Sep 16 2011 20:28:39 GMT+0200 AccountId=28699575 Session=fa2f3912-0417-4755-9e04-e73ff5d9d34e
debug ++ [int] eventPhase = 2
debug ++ [Boolean] bubbles = false
debug ++ [Boolean] cancelable = false
debug ++ [String] type = timer
debug +++ [int] repeatCount = 0
debug +++ [int] currentCount = 33
debug +++ [Boolean] running = true
debug +++ [int] delay = 180000
debug +++ [int] repeatCount = 0
debug +++ [int] currentCount = 33
debug +++ [Boolean] running = true
debug +++ [int] delay = 180000
debug time 20:28:39.204 :: After HeartBeat Count=34 Result=5
debug time 20:31:39.03 :: Before HeartBeat Count=35 Time=Fri Sep 16 2011 20:31:39 GMT+0200 AccountId=28699575 Session=fa2f3912-0417-4755-9e04-e73ff5d9d34e
debug ++ [int] eventPhase = 2
debug ++ [Boolean] bubbles = false
debug ++ [Boolean] cancelable = false
debug ++ [String] type = timer
debug +++ [int] repeatCount = 0
debug +++ [int] currentCount = 34
debug +++ [Boolean] running = true
debug +++ [int] delay = 180000
debug +++ [int] repeatCount = 0
debug +++ [int] currentCount = 34
debug +++ [Boolean] running = true
debug +++ [int] delay = 180000
debug time 20:31:39.204 :: After HeartBeat Count=35 Result=5
debug time 20:34:39.04 :: Before HeartBeat Count=36 Time=Fri Sep 16 2011 20:34:39 GMT+0200 AccountId=28699575 Session=fa2f3912-0417-4755-9e04-e73ff5d9d34e
debug ++ [int] eventPhase = 2
debug ++ [Boolean] bubbles = false
debug ++ [Boolean] cancelable = false
debug ++ [String] type = timer
debug +++ [int] repeatCount = 0
debug +++ [int] currentCount = 35
debug +++ [Boolean] running = true
debug +++ [int] delay = 180000
debug +++ [int] repeatCount = 0
debug +++ [int] currentCount = 35
debug +++ [Boolean] running = true
debug +++ [int] delay = 180000
debug time 20:34:39.205 :: After HeartBeat Count=36 Result=5
debug time 20:37:39.06 :: Before HeartBeat Count=37 Time=Fri Sep 16 2011 20:37:39 GMT+0200 AccountId=28699575 Session=fa2f3912-0417-4755-9e04-e73ff5d9d34e
debug ++ [int] eventPhase = 2
debug ++ [Boolean] bubbles = false
debug ++ [Boolean] cancelable = false
debug ++ [String] type = timer
debug +++ [int] repeatCount = 0
debug +++ [int] currentCount = 36
debug +++ [Boolean] running = true
debug +++ [int] delay = 180000
debug +++ [int] repeatCount = 0
debug +++ [int] currentCount = 36
debug +++ [Boolean] running = true
debug +++ [int] delay = 180000
debug time 20:37:39.205 :: After HeartBeat Count=37 Result=5
debug time 20:40:39.04 :: Before HeartBeat Count=38 Time=Fri Sep 16 2011 20:40:39 GMT+0200 AccountId=28699575 Session=fa2f3912-0417-4755-9e04-e73ff5d9d34e
debug ++ [int] eventPhase = 2
debug ++ [Boolean] bubbles = false
debug ++ [Boolean] cancelable = false
debug ++ [String] type = timer
debug +++ [int] repeatCount = 0
debug +++ [int] currentCount = 37
debug +++ [Boolean] running = true
debug +++ [int] delay = 180000
debug +++ [int] repeatCount = 0
debug +++ [int] currentCount = 37
debug +++ [Boolean] running = true
debug +++ [int] delay = 180000
debug time 20:40:39.204 :: After HeartBeat Count=38 Result=5
debug time 20:43:39.05 :: Before HeartBeat Count=39 Time=Fri Sep 16 2011 20:43:39 GMT+0200 AccountId=28699575 Session=fa2f3912-0417-4755-9e04-e73ff5d9d34e
debug ++ [int] eventPhase = 2
debug ++ [Boolean] bubbles = false
debug ++ [Boolean] cancelable = false
debug ++ [String] type = timer
debug +++ [int] repeatCount = 0
debug +++ [int] currentCount = 38
debug +++ [Boolean] running = true
debug +++ [int] delay = 180000
debug +++ [int] repeatCount = 0
debug +++ [int] currentCount = 38
debug +++ [Boolean] running = true
debug +++ [int] delay = 180000
debug time 20:43:39.206 :: After HeartBeat Count=39 Result=5
debug time 20:46:39.48 :: Before HeartBeat Count=40 Time=Fri Sep 16 2011 20:46:39 GMT+0200 AccountId=28699575 Session=fa2f3912-0417-4755-9e04-e73ff5d9d34e
debug ++ [int] eventPhase = 2
debug ++ [Boolean] bubbles = false
debug ++ [Boolean] cancelable = false
debug ++ [String] type = timer
debug +++ [int] repeatCount = 0
debug +++ [int] currentCount = 39
debug +++ [Boolean] running = true
debug +++ [int] delay = 180000
debug +++ [int] repeatCount = 0
debug +++ [int] currentCount = 39
debug +++ [Boolean] running = true
debug +++ [int] delay = 180000
debug time 20:46:39.250 :: After HeartBeat Count=40 Result=5
debug time 20:49:39.93 :: Before HeartBeat Count=41 Time=Fri Sep 16 2011 20:49:39 GMT+0200 AccountId=28699575 Session=fa2f3912-0417-4755-9e04-e73ff5d9d34e
debug ++ [int] eventPhase = 2
debug ++ [Boolean] bubbles = false
debug ++ [Boolean] cancelable = false
debug ++ [String] type = timer
debug +++ [int] repeatCount = 0
debug +++ [int] currentCount = 40
debug +++ [Boolean] running = true
debug +++ [int] delay = 180000
debug +++ [int] repeatCount = 0
debug +++ [int] currentCount = 40
debug +++ [Boolean] running = true
debug +++ [int] delay = 180000
debug time 20:49:39.294 :: After HeartBeat Count=41 Result=5
debug time 20:52:39.131 :: Before HeartBeat Count=42 Time=Fri Sep 16 2011 20:52:39 GMT+0200 AccountId=28699575 Session=fa2f3912-0417-4755-9e04-e73ff5d9d34e
debug ++ [int] eventPhase = 2
debug ++ [Boolean] bubbles = false
debug ++ [Boolean] cancelable = false
debug ++ [String] type = timer
debug +++ [int] repeatCount = 0
debug +++ [int] currentCount = 41
debug +++ [Boolean] running = true
debug +++ [int] delay = 180000
debug +++ [int] repeatCount = 0
debug +++ [int] currentCount = 41
debug +++ [Boolean] running = true
debug +++ [int] delay = 180000
debug time 20:52:39.336 :: After HeartBeat Count=42 Result=5
debug time 20:55:39.136 :: Before HeartBeat Count=43 Time=Fri Sep 16 2011 20:55:39 GMT+0200 AccountId=28699575 Session=fa2f3912-0417-4755-9e04-e73ff5d9d34e
debug ++ [int] eventPhase = 2
debug ++ [Boolean] bubbles = false
debug ++ [Boolean] cancelable = false
debug ++ [String] type = timer
debug +++ [int] repeatCount = 0
debug +++ [int] currentCount = 42
debug +++ [Boolean] running = true
debug +++ [int] delay = 180000
debug +++ [int] repeatCount = 0
debug +++ [int] currentCount = 42
debug +++ [Boolean] running = true
debug +++ [int] delay = 180000
debug time 20:55:39.337 :: After HeartBeat Count=43 Result=5
debug time 20:58:39.138 :: Before HeartBeat Count=44 Time=Fri Sep 16 2011 20:58:39 GMT+0200 AccountId=28699575 Session=fa2f3912-0417-4755-9e04-e73ff5d9d34e
debug ++ [int] eventPhase = 2
debug ++ [Boolean] bubbles = false
debug ++ [Boolean] cancelable = false
debug ++ [String] type = timer
debug +++ [int] repeatCount = 0
debug +++ [int] currentCount = 43
debug +++ [Boolean] running = true
debug +++ [int] delay = 180000
debug +++ [int] repeatCount = 0
debug +++ [int] currentCount = 43
debug +++ [Boolean] running = true
debug +++ [int] delay = 180000
debug time 20:58:39.338 :: After HeartBeat Count=44 Result=5
debug time 21:01:39.133 :: Before HeartBeat Count=45 Time=Fri Sep 16 2011 21:01:39 GMT+0200 AccountId=28699575 Session=fa2f3912-0417-4755-9e04-e73ff5d9d34e
debug ++ [int] eventPhase = 2
debug ++ [Boolean] bubbles = false
debug ++ [Boolean] cancelable = false
debug ++ [String] type = timer
debug +++ [int] repeatCount = 0
debug +++ [int] currentCount = 44
debug +++ [Boolean] running = true
debug +++ [int] delay = 180000
debug +++ [int] repeatCount = 0
debug +++ [int] currentCount = 44
debug +++ [Boolean] running = true
debug +++ [int] delay = 180000
debug time 21:01:39.334 :: After HeartBeat Count=45 Result=5
debug time 21:04:39.154 :: Before HeartBeat Count=46 Time=Fri Sep 16 2011 21:04:39 GMT+0200 AccountId=28699575 Session=fa2f3912-0417-4755-9e04-e73ff5d9d34e
debug ++ [int] eventPhase = 2
debug ++ [Boolean] bubbles = false
debug ++ [Boolean] cancelable = false
debug ++ [String] type = timer
debug +++ [int] repeatCount = 0
debug +++ [int] currentCount = 45
debug +++ [Boolean] running = true
debug +++ [int] delay = 180000
debug +++ [int] repeatCount = 0
debug +++ [int] currentCount = 45
debug +++ [Boolean] running = true
debug +++ [int] delay = 180000
debug time 21:04:39.381 :: After HeartBeat Count=46 Result=5
debug time 21:07:39.177 :: Before HeartBeat Count=47 Time=Fri Sep 16 2011 21:07:39 GMT+0200 AccountId=28699575 Session=fa2f3912-0417-4755-9e04-e73ff5d9d34e
debug ++ [int] eventPhase = 2
debug ++ [Boolean] bubbles = false
debug ++ [Boolean] cancelable = false
debug ++ [String] type = timer
debug +++ [int] repeatCount = 0
debug +++ [int] currentCount = 46
debug +++ [Boolean] running = true
debug +++ [int] delay = 180000
debug +++ [int] repeatCount = 0
debug +++ [int] currentCount = 46
debug +++ [Boolean] running = true
debug +++ [int] delay = 180000
debug time 21:07:39.377 :: After HeartBeat Count=47 Result=5
debug time 21:10:39.192 :: Before HeartBeat Count=48 Time=Fri Sep 16 2011 21:10:39 GMT+0200 AccountId=28699575 Session=fa2f3912-0417-4755-9e04-e73ff5d9d34e
debug ++ [int] eventPhase = 2
debug ++ [Boolean] bubbles = false
debug ++ [Boolean] cancelable = false
debug ++ [String] type = timer
debug +++ [int] repeatCount = 0
debug +++ [int] currentCount = 47
debug +++ [Boolean] running = true
debug +++ [int] delay = 180000
debug +++ [int] repeatCount = 0
debug +++ [int] currentCount = 47
debug +++ [Boolean] running = true
debug +++ [int] delay = 180000
debug time 21:10:39.423 :: After HeartBeat Count=48 Result=5
debug time 21:13:39.212 :: Before HeartBeat Count=49 Time=Fri Sep 16 2011 21:13:39 GMT+0200 AccountId=28699575 Session=fa2f3912-0417-4755-9e04-e73ff5d9d34e
debug ++ [int] eventPhase = 2
debug ++ [Boolean] bubbles = false
debug ++ [Boolean] cancelable = false
debug ++ [String] type = timer
debug +++ [int] repeatCount = 0
debug +++ [int] currentCount = 48
debug +++ [Boolean] running = true
debug +++ [int] delay = 180000
debug +++ [int] repeatCount = 0
debug +++ [int] currentCount = 48
debug +++ [Boolean] running = true
debug +++ [int] delay = 180000
debug time 21:13:39.418 :: After HeartBeat Count=49 Result=5
debug time 21:16:39.224 :: Before HeartBeat Count=50 Time=Fri Sep 16 2011 21:16:39 GMT+0200 AccountId=28699575 Session=fa2f3912-0417-4755-9e04-e73ff5d9d34e
debug ++ [int] eventPhase = 2
debug ++ [Boolean] bubbles = false
debug ++ [Boolean] cancelable = false
debug ++ [String] type = timer
debug +++ [int] repeatCount = 0
debug +++ [int] currentCount = 49
debug +++ [Boolean] running = true
debug +++ [int] delay = 180000
debug +++ [int] repeatCount = 0
debug +++ [int] currentCount = 49
debug +++ [Boolean] running = true
debug +++ [int] delay = 180000
debug time 21:16:39.426 :: After HeartBeat Count=50 Result=5
debug time 21:19:39.258 :: Before HeartBeat Count=51 Time=Fri Sep 16 2011 21:19:39 GMT+0200 AccountId=28699575 Session=fa2f3912-0417-4755-9e04-e73ff5d9d34e
debug ++ [int] eventPhase = 2
debug ++ [Boolean] bubbles = false
debug ++ [Boolean] cancelable = false
debug ++ [String] type = timer
debug +++ [int] repeatCount = 0
debug +++ [int] currentCount = 50
debug +++ [Boolean] running = true
debug +++ [int] delay = 180000
debug +++ [int] repeatCount = 0
debug +++ [int] currentCount = 50
debug +++ [Boolean] running = true
debug +++ [int] delay = 180000
debug time 21:19:39.458 :: After HeartBeat Count=51 Result=5
debug time 21:22:39.291 :: Before HeartBeat Count=52 Time=Fri Sep 16 2011 21:22:39 GMT+0200 AccountId=28699575 Session=fa2f3912-0417-4755-9e04-e73ff5d9d34e
debug ++ [int] eventPhase = 2
debug ++ [Boolean] bubbles = false
debug ++ [Boolean] cancelable = false
debug ++ [String] type = timer
debug +++ [int] repeatCount = 0
debug +++ [int] currentCount = 51
debug +++ [Boolean] running = true
debug +++ [int] delay = 180000
debug +++ [int] repeatCount = 0
debug +++ [int] currentCount = 51
debug +++ [Boolean] running = true
debug +++ [int] delay = 180000
debug time 21:22:39.518 :: After HeartBeat Count=52 Result=5
debug time 21:25:39.302 :: Before HeartBeat Count=53 Time=Fri Sep 16 2011 21:25:39 GMT+0200 AccountId=28699575 Session=fa2f3912-0417-4755-9e04-e73ff5d9d34e
debug ++ [int] eventPhase = 2
debug ++ [Boolean] bubbles = false
debug ++ [Boolean] cancelable = false
debug ++ [String] type = timer
debug +++ [int] repeatCount = 0
debug +++ [int] currentCount = 52
debug +++ [Boolean] running = true
debug +++ [int] delay = 180000
debug +++ [int] repeatCount = 0
debug +++ [int] currentCount = 52
debug +++ [Boolean] running = true
debug +++ [int] delay = 180000
debug time 21:25:39.506 :: After HeartBeat Count=53 Result=5
debug time 21:28:39.305 :: Before HeartBeat Count=54 Time=Fri Sep 16 2011 21:28:39 GMT+0200 AccountId=28699575 Session=fa2f3912-0417-4755-9e04-e73ff5d9d34e
debug ++ [int] eventPhase = 2
debug ++ [Boolean] bubbles = false
debug ++ [Boolean] cancelable = false
debug ++ [String] type = timer
debug +++ [int] repeatCount = 0
debug +++ [int] currentCount = 53
debug +++ [Boolean] running = true
debug +++ [int] delay = 180000
debug +++ [int] repeatCount = 0
debug +++ [int] currentCount = 53
debug +++ [Boolean] running = true
debug +++ [int] delay = 180000
debug time 21:28:39.509 :: After HeartBeat Count=54 Result=5
debug time 21:31:39.345 :: Before HeartBeat Count=55 Time=Fri Sep 16 2011 21:31:39 GMT+0200 AccountId=28699575 Session=fa2f3912-0417-4755-9e04-e73ff5d9d34e
debug ++ [int] eventPhase = 2
debug ++ [Boolean] bubbles = false
debug ++ [Boolean] cancelable = false
debug ++ [String] type = timer
debug +++ [int] repeatCount = 0
debug +++ [int] currentCount = 54
debug +++ [Boolean] running = true
debug +++ [int] delay = 180000
debug +++ [int] repeatCount = 0
debug +++ [int] currentCount = 54
debug +++ [Boolean] running = true
debug +++ [int] delay = 180000
debug time 21:31:39.550 :: After HeartBeat Count=55 Result=5
debug time 21:34:39.387 :: Before HeartBeat Count=56 Time=Fri Sep 16 2011 21:34:39 GMT+0200 AccountId=28699575 Session=fa2f3912-0417-4755-9e04-e73ff5d9d34e
debug ++ [int] eventPhase = 2
debug ++ [Boolean] bubbles = false
debug ++ [Boolean] cancelable = false
debug ++ [String] type = timer
debug +++ [int] repeatCount = 0
debug +++ [int] currentCount = 55
debug +++ [Boolean] running = true
debug +++ [int] delay = 180000
debug +++ [int] repeatCount = 0
debug +++ [int] currentCount = 55
debug +++ [Boolean] running = true
debug +++ [int] delay = 180000
debug time 21:34:39.593 :: After HeartBeat Count=56 Result=5
debug time 21:37:39.390 :: Before HeartBeat Count=57 Time=Fri Sep 16 2011 21:37:39 GMT+0200 AccountId=28699575 Session=fa2f3912-0417-4755-9e04-e73ff5d9d34e
debug ++ [int] eventPhase = 2
debug ++ [Boolean] bubbles = false
debug ++ [Boolean] cancelable = false
debug ++ [String] type = timer
debug +++ [int] repeatCount = 0
debug +++ [int] currentCount = 56
debug +++ [Boolean] running = true
debug +++ [int] delay = 180000
debug +++ [int] repeatCount = 0
debug +++ [int] currentCount = 56
debug +++ [Boolean] running = true
debug +++ [int] delay = 180000
debug time 21:37:39.595 :: After HeartBeat Count=57 Result=5
debug time 21:40:39.436 :: Before HeartBeat Count=58 Time=Fri Sep 16 2011 21:40:39 GMT+0200 AccountId=28699575 Session=fa2f3912-0417-4755-9e04-e73ff5d9d34e
debug ++ [int] eventPhase = 2
debug ++ [Boolean] bubbles = false
debug ++ [Boolean] cancelable = false
debug ++ [String] type = timer
debug +++ [int] repeatCount = 0
debug +++ [int] currentCount = 57
debug +++ [Boolean] running = true
debug +++ [int] delay = 180000
debug +++ [int] repeatCount = 0
debug +++ [int] currentCount = 57
debug +++ [Boolean] running = true
debug +++ [int] delay = 180000
debug time 21:40:39.636 :: After HeartBeat Count=58 Result=5
debug time 21:43:39.476 :: Before HeartBeat Count=59 Time=Fri Sep 16 2011 21:43:39 GMT+0200 AccountId=28699575 Session=fa2f3912-0417-4755-9e04-e73ff5d9d34e
debug ++ [int] eventPhase = 2
debug ++ [Boolean] bubbles = false
debug ++ [Boolean] cancelable = false
debug ++ [String] type = timer
debug +++ [int] repeatCount = 0
debug +++ [int] currentCount = 58
debug +++ [Boolean] running = true
debug +++ [int] delay = 180000
debug +++ [int] repeatCount = 0
debug +++ [int] currentCount = 58
debug +++ [Boolean] running = true
debug +++ [int] delay = 180000
debug time 21:43:39.680 :: After HeartBeat Count=59 Result=5
debug time 21:46:39.484 :: Before HeartBeat Count=60 Time=Fri Sep 16 2011 21:46:39 GMT+0200 AccountId=28699575 Session=fa2f3912-0417-4755-9e04-e73ff5d9d34e
debug ++ [int] eventPhase = 2
debug ++ [Boolean] bubbles = false
debug ++ [Boolean] cancelable = false
debug ++ [String] type = timer
debug +++ [int] repeatCount = 0
debug +++ [int] currentCount = 59
debug +++ [Boolean] running = true
debug +++ [int] delay = 180000
debug +++ [int] repeatCount = 0
debug +++ [int] currentCount = 59
debug +++ [Boolean] running = true
debug +++ [int] delay = 180000
debug time 21:46:39.683 :: After HeartBeat Count=60 Result=5
debug time 21:49:39.504 :: Before HeartBeat Count=61 Time=Fri Sep 16 2011 21:49:39 GMT+0200 AccountId=28699575 Session=fa2f3912-0417-4755-9e04-e73ff5d9d34e
debug ++ [int] eventPhase = 2
debug ++ [Boolean] bubbles = false
debug ++ [Boolean] cancelable = false
debug ++ [String] type = timer
debug +++ [int] repeatCount = 0
debug +++ [int] currentCount = 60
debug +++ [Boolean] running = true
debug +++ [int] delay = 180000
debug +++ [int] repeatCount = 0
debug +++ [int] currentCount = 60
debug +++ [Boolean] running = true
debug +++ [int] delay = 180000
debug time 21:49:39.683 :: After HeartBeat Count=61 Result=5
debug time 21:52:39.505 :: Before HeartBeat Count=62 Time=Fri Sep 16 2011 21:52:39 GMT+0200 AccountId=28699575 Session=fa2f3912-0417-4755-9e04-e73ff5d9d34e
debug ++ [int] eventPhase = 2
debug ++ [Boolean] bubbles = false
debug ++ [Boolean] cancelable = false
debug ++ [String] type = timer
debug +++ [int] repeatCount = 0
debug +++ [int] currentCount = 61
debug +++ [Boolean] running = true
debug +++ [int] delay = 180000
debug +++ [int] repeatCount = 0
debug +++ [int] currentCount = 61
debug +++ [Boolean] running = true
debug +++ [int] delay = 180000
debug time 21:52:39.731 :: After HeartBeat Count=62 Result=5
debug time 21:55:39.519 :: Before HeartBeat Count=63 Time=Fri Sep 16 2011 21:55:39 GMT+0200 AccountId=28699575 Session=fa2f3912-0417-4755-9e04-e73ff5d9d34e
debug ++ [int] eventPhase = 2
debug ++ [Boolean] bubbles = false
debug ++ [Boolean] cancelable = false
debug ++ [String] type = timer
debug +++ [int] repeatCount = 0
debug +++ [int] currentCount = 62
debug +++ [Boolean] running = true
debug +++ [int] delay = 180000
debug +++ [int] repeatCount = 0
debug +++ [int] currentCount = 62
debug +++ [Boolean] running = true
debug +++ [int] delay = 180000
debug time 21:55:39.726 :: After HeartBeat Count=63 Result=5
debug time 21:58:39.518 :: Before HeartBeat Count=64 Time=Fri Sep 16 2011 21:58:39 GMT+0200 AccountId=28699575 Session=fa2f3912-0417-4755-9e04-e73ff5d9d34e
debug ++ [int] eventPhase = 2
debug ++ [Boolean] bubbles = false
debug ++ [Boolean] cancelable = false
debug ++ [String] type = timer
debug +++ [int] repeatCount = 0
debug +++ [int] currentCount = 63
debug +++ [Boolean] running = true
debug +++ [int] delay = 180000
debug +++ [int] repeatCount = 0
debug +++ [int] currentCount = 63
debug +++ [Boolean] running = true
debug +++ [int] delay = 180000
debug time 21:58:39.724 :: After HeartBeat Count=64 Result=5
debug time 22:01:39.540 :: Before HeartBeat Count=65 Time=Fri Sep 16 2011 22:01:39 GMT+0200 AccountId=28699575 Session=fa2f3912-0417-4755-9e04-e73ff5d9d34e
debug ++ [int] eventPhase = 2
debug ++ [Boolean] bubbles = false
debug ++ [Boolean] cancelable = false
debug ++ [String] type = timer
debug +++ [int] repeatCount = 0
debug +++ [int] currentCount = 64
debug +++ [Boolean] running = true
debug +++ [int] delay = 180000
debug +++ [int] repeatCount = 0
debug +++ [int] currentCount = 64
debug +++ [Boolean] running = true
debug +++ [int] delay = 180000
debug time 22:01:39.768 :: After HeartBeat Count=65 Result=5
debug time 22:04:39.564 :: Before HeartBeat Count=66 Time=Fri Sep 16 2011 22:04:39 GMT+0200 AccountId=28699575 Session=fa2f3912-0417-4755-9e04-e73ff5d9d34e
debug ++ [int] eventPhase = 2
debug ++ [Boolean] bubbles = false
debug ++ [Boolean] cancelable = false
debug ++ [String] type = timer
debug +++ [int] repeatCount = 0
debug +++ [int] currentCount = 65
debug +++ [Boolean] running = true
debug +++ [int] delay = 180000
debug +++ [int] repeatCount = 0
debug +++ [int] currentCount = 65
debug +++ [Boolean] running = true
debug +++ [int] delay = 180000
debug time 22:04:39.767 :: After HeartBeat Count=66 Result=5
debug time 22:07:39.585 :: Before HeartBeat Count=67 Time=Fri Sep 16 2011 22:07:39 GMT+0200 AccountId=28699575 Session=fa2f3912-0417-4755-9e04-e73ff5d9d34e
debug ++ [int] eventPhase = 2
debug ++ [Boolean] bubbles = false
debug ++ [Boolean] cancelable = false
debug ++ [String] type = timer
debug +++ [int] repeatCount = 0
debug +++ [int] currentCount = 66
debug +++ [Boolean] running = true
debug +++ [int] delay = 180000
debug +++ [int] repeatCount = 0
debug +++ [int] currentCount = 66
debug +++ [Boolean] running = true
debug +++ [int] delay = 180000
debug time 22:07:39.815 :: After HeartBeat Count=67 Result=5
debug time 22:09:19.664 :: Performing heartbeat at Fri Sep 16 2011 22:09:19 GMT+0200
debug time 22:10:39.615 :: Before HeartBeat Count=68 Time=Fri Sep 16 2011 22:10:39 GMT+0200 AccountId=28699575 Session=fa2f3912-0417-4755-9e04-e73ff5d9d34e
debug ++ [int] eventPhase = 2
debug ++ [Boolean] bubbles = false
debug ++ [Boolean] cancelable = false
debug ++ [String] type = timer
debug +++ [int] repeatCount = 0
debug +++ [int] currentCount = 67
debug +++ [Boolean] running = true
debug +++ [int] delay = 180000
debug +++ [int] repeatCount = 0
debug +++ [int] currentCount = 67
debug +++ [Boolean] running = true
debug +++ [int] delay = 180000
debug time 22:10:39.820 :: After HeartBeat Count=68 Result=5
debug time 22:13:39.620 :: Before HeartBeat Count=69 Time=Fri Sep 16 2011 22:13:39 GMT+0200 AccountId=28699575 Session=fa2f3912-0417-4755-9e04-e73ff5d9d34e
debug ++ [int] eventPhase = 2
debug ++ [Boolean] bubbles = false
debug ++ [Boolean] cancelable = false
debug ++ [String] type = timer
debug +++ [int] repeatCount = 0
debug +++ [int] currentCount = 68
debug +++ [Boolean] running = true
debug +++ [int] delay = 180000
debug +++ [int] repeatCount = 0
debug +++ [int] currentCount = 68
debug +++ [Boolean] running = true
debug +++ [int] delay = 180000
debug time 22:13:39.819 :: After HeartBeat Count=69 Result=5
debug time 22:16:39.664 :: Before HeartBeat Count=70 Time=Fri Sep 16 2011 22:16:39 GMT+0200 AccountId=28699575 Session=fa2f3912-0417-4755-9e04-e73ff5d9d34e
debug ++ [int] eventPhase = 2
debug ++ [Boolean] bubbles = false
debug ++ [Boolean] cancelable = false
debug ++ [String] type = timer
debug +++ [int] repeatCount = 0
debug +++ [int] currentCount = 69
debug +++ [Boolean] running = true
debug +++ [int] delay = 180000
debug +++ [int] repeatCount = 0
debug +++ [int] currentCount = 69
debug +++ [Boolean] running = true
debug +++ [int] delay = 180000
debug time 22:16:39.862 :: After HeartBeat Count=70 Result=5
debug time 22:19:39.704 :: Before HeartBeat Count=71 Time=Fri Sep 16 2011 22:19:39 GMT+0200 AccountId=28699575 Session=fa2f3912-0417-4755-9e04-e73ff5d9d34e
debug ++ [int] eventPhase = 2
debug ++ [Boolean] bubbles = false
debug ++ [Boolean] cancelable = false
debug ++ [String] type = timer
debug +++ [int] repeatCount = 0
debug +++ [int] currentCount = 70
debug +++ [Boolean] running = true
debug +++ [int] delay = 180000
debug +++ [int] repeatCount = 0
debug +++ [int] currentCount = 70
debug +++ [Boolean] running = true
debug +++ [int] delay = 180000
debug time 22:19:39.905 :: After HeartBeat Count=71 Result=5
debug time 22:22:39.703 :: Before HeartBeat Count=72 Time=Fri Sep 16 2011 22:22:39 GMT+0200 AccountId=28699575 Session=fa2f3912-0417-4755-9e04-e73ff5d9d34e
debug ++ [int] eventPhase = 2
debug ++ [Boolean] bubbles = false
debug ++ [Boolean] cancelable = false
debug ++ [String] type = timer
debug +++ [int] repeatCount = 0
debug +++ [int] currentCount = 71
debug +++ [Boolean] running = true
debug +++ [int] delay = 180000
debug +++ [int] repeatCount = 0
debug +++ [int] currentCount = 71
debug +++ [Boolean] running = true
debug +++ [int] delay = 180000
debug time 22:22:39.904 :: After HeartBeat Count=72 Result=5
debug time 22:25:39.703 :: Before HeartBeat Count=73 Time=Fri Sep 16 2011 22:25:39 GMT+0200 AccountId=28699575 Session=fa2f3912-0417-4755-9e04-e73ff5d9d34e
debug ++ [int] eventPhase = 2
debug ++ [Boolean] bubbles = false
debug ++ [Boolean] cancelable = false
debug ++ [String] type = timer
debug +++ [int] repeatCount = 0
debug +++ [int] currentCount = 72
debug +++ [Boolean] running = true
debug +++ [int] delay = 180000
debug +++ [int] repeatCount = 0
debug +++ [int] currentCount = 72
debug +++ [Boolean] running = true
debug +++ [int] delay = 180000
debug time 22:25:39.902 :: After HeartBeat Count=73 Result=5
debug time 22:28:39.749 :: Before HeartBeat Count=74 Time=Fri Sep 16 2011 22:28:39 GMT+0200 AccountId=28699575 Session=fa2f3912-0417-4755-9e04-e73ff5d9d34e
debug ++ [int] eventPhase = 2
debug ++ [Boolean] bubbles = false
debug ++ [Boolean] cancelable = false
debug ++ [String] type = timer
debug +++ [int] repeatCount = 0
debug +++ [int] currentCount = 73
debug +++ [Boolean] running = true
debug +++ [int] delay = 180000
debug +++ [int] repeatCount = 0
debug +++ [int] currentCount = 73
debug +++ [Boolean] running = true
debug +++ [int] delay = 180000
debug time 22:28:39.948 :: After HeartBeat Count=74 Result=5
debug time 22:31:39.750 :: Before HeartBeat Count=75 Time=Fri Sep 16 2011 22:31:39 GMT+0200 AccountId=28699575 Session=fa2f3912-0417-4755-9e04-e73ff5d9d34e
debug ++ [int] eventPhase = 2
debug ++ [Boolean] bubbles = false
debug ++ [Boolean] cancelable = false
debug ++ [String] type = timer
debug +++ [int] repeatCount = 0
debug +++ [int] currentCount = 74
debug +++ [Boolean] running = true
debug +++ [int] delay = 180000
debug +++ [int] repeatCount = 0
debug +++ [int] currentCount = 74
debug +++ [Boolean] running = true
debug +++ [int] delay = 180000
debug time 22:31:39.949 :: After HeartBeat Count=75 Result=5
debug time 22:34:39.747 :: Before HeartBeat Count=76 Time=Fri Sep 16 2011 22:34:39 GMT+0200 AccountId=28699575 Session=fa2f3912-0417-4755-9e04-e73ff5d9d34e
debug ++ [int] eventPhase = 2
debug ++ [Boolean] bubbles = false
debug ++ [Boolean] cancelable = false
debug ++ [String] type = timer
debug +++ [int] repeatCount = 0
debug +++ [int] currentCount = 75
debug +++ [Boolean] running = true
debug +++ [int] delay = 180000
debug +++ [int] repeatCount = 0
debug +++ [int] currentCount = 75
debug +++ [Boolean] running = true
debug +++ [int] delay = 180000
debug time 22:34:39.951 :: After HeartBeat Count=76 Result=5
debug time 22:37:39.784 :: Before HeartBeat Count=77 Time=Fri Sep 16 2011 22:37:39 GMT+0200 AccountId=28699575 Session=fa2f3912-0417-4755-9e04-e73ff5d9d34e
debug ++ [int] eventPhase = 2
debug ++ [Boolean] bubbles = false
debug ++ [Boolean] cancelable = false
debug ++ [String] type = timer
debug +++ [int] repeatCount = 0
debug +++ [int] currentCount = 76
debug +++ [Boolean] running = true
debug +++ [int] delay = 180000
debug +++ [int] repeatCount = 0
debug +++ [int] currentCount = 76
debug +++ [Boolean] running = true
debug +++ [int] delay = 180000
debug time 22:37:39.988 :: After HeartBeat Count=77 Result=5
debug time 22:40:39.787 :: Before HeartBeat Count=78 Time=Fri Sep 16 2011 22:40:39 GMT+0200 AccountId=28699575 Session=fa2f3912-0417-4755-9e04-e73ff5d9d34e
debug ++ [int] eventPhase = 2
debug ++ [Boolean] bubbles = false
debug ++ [Boolean] cancelable = false
debug ++ [String] type = timer
debug +++ [int] repeatCount = 0
debug +++ [int] currentCount = 77
debug +++ [Boolean] running = true
debug +++ [int] delay = 180000
debug +++ [int] repeatCount = 0
debug +++ [int] currentCount = 77
debug +++ [Boolean] running = true
debug +++ [int] delay = 180000
debug time 22:40:39.988 :: After HeartBeat Count=78 Result=5
debug time 22:43:39.830 :: Before HeartBeat Count=79 Time=Fri Sep 16 2011 22:43:39 GMT+0200 AccountId=28699575 Session=fa2f3912-0417-4755-9e04-e73ff5d9d34e
debug ++ [int] eventPhase = 2
debug ++ [Boolean] bubbles = false
debug ++ [Boolean] cancelable = false
debug ++ [String] type = timer
debug +++ [int] repeatCount = 0
debug +++ [int] currentCount = 78
debug +++ [Boolean] running = true
debug +++ [int] delay = 180000
debug +++ [int] repeatCount = 0
debug +++ [int] currentCount = 78
debug +++ [Boolean] running = true
debug +++ [int] delay = 180000
debug time 22:43:40.31 :: After HeartBeat Count=79 Result=5
debug time 22:46:39.847 :: Before HeartBeat Count=80 Time=Fri Sep 16 2011 22:46:39 GMT+0200 AccountId=28699575 Session=fa2f3912-0417-4755-9e04-e73ff5d9d34e
debug ++ [int] eventPhase = 2
debug ++ [Boolean] bubbles = false
debug ++ [Boolean] cancelable = false
debug ++ [String] type = timer
debug +++ [int] repeatCount = 0
debug +++ [int] currentCount = 79
debug +++ [Boolean] running = true
debug +++ [int] delay = 180000
debug +++ [int] repeatCount = 0
debug +++ [int] currentCount = 79
debug +++ [Boolean] running = true
debug +++ [int] delay = 180000
debug time 22:46:40.74 :: After HeartBeat Count=80 Result=5
debug time 22:49:39.869 :: Before HeartBeat Count=81 Time=Fri Sep 16 2011 22:49:39 GMT+0200 AccountId=28699575 Session=fa2f3912-0417-4755-9e04-e73ff5d9d34e
debug ++ [int] eventPhase = 2
debug ++ [Boolean] bubbles = false
debug ++ [Boolean] cancelable = false
debug ++ [String] type = timer
debug +++ [int] repeatCount = 0
debug +++ [int] currentCount = 80
debug +++ [Boolean] running = true
debug +++ [int] delay = 180000
debug +++ [int] repeatCount = 0
debug +++ [int] currentCount = 80
debug +++ [Boolean] running = true
debug +++ [int] delay = 180000
debug time 22:49:40.74 :: After HeartBeat Count=81 Result=5
debug time 22:52:39.873 :: Before HeartBeat Count=82 Time=Fri Sep 16 2011 22:52:39 GMT+0200 AccountId=28699575 Session=fa2f3912-0417-4755-9e04-e73ff5d9d34e
debug ++ [int] eventPhase = 2
debug ++ [Boolean] bubbles = false
debug ++ [Boolean] cancelable = false
debug ++ [String] type = timer
debug +++ [int] repeatCount = 0
debug +++ [int] currentCount = 81
debug +++ [Boolean] running = true
debug +++ [int] delay = 180000
debug +++ [int] repeatCount = 0
debug +++ [int] currentCount = 81
debug +++ [Boolean] running = true
debug +++ [int] delay = 180000
debug time 22:52:40.74 :: After HeartBeat Count=82 Result=5
debug time 22:55:39.918 :: Before HeartBeat Count=83 Time=Fri Sep 16 2011 22:55:39 GMT+0200 AccountId=28699575 Session=fa2f3912-0417-4755-9e04-e73ff5d9d34e
debug ++ [int] eventPhase = 2
debug ++ [Boolean] bubbles = false
debug ++ [Boolean] cancelable = false
debug ++ [String] type = timer
debug +++ [int] repeatCount = 0
debug +++ [int] currentCount = 82
debug +++ [Boolean] running = true
debug +++ [int] delay = 180000
debug +++ [int] repeatCount = 0
debug +++ [int] currentCount = 82
debug +++ [Boolean] running = true
debug +++ [int] delay = 180000
debug time 22:55:40.118 :: After HeartBeat Count=83 Result=5
debug time 22:58:39.954 :: Before HeartBeat Count=84 Time=Fri Sep 16 2011 22:58:39 GMT+0200 AccountId=28699575 Session=fa2f3912-0417-4755-9e04-e73ff5d9d34e
debug ++ [int] eventPhase = 2
debug ++ [Boolean] bubbles = false
debug ++ [Boolean] cancelable = false
debug ++ [String] type = timer
debug +++ [int] repeatCount = 0
debug +++ [int] currentCount = 83
debug +++ [Boolean] running = true
debug +++ [int] delay = 180000
debug +++ [int] repeatCount = 0
debug +++ [int] currentCount = 83
debug +++ [Boolean] running = true
debug +++ [int] delay = 180000
debug time 22:58:40.150 :: After HeartBeat Count=84 Result=5
debug time 23:01:39.973 :: Before HeartBeat Count=85 Time=Fri Sep 16 2011 23:01:39 GMT+0200 AccountId=28699575 Session=fa2f3912-0417-4755-9e04-e73ff5d9d34e
debug ++ [int] eventPhase = 2
debug ++ [Boolean] bubbles = false
debug ++ [Boolean] cancelable = false
debug ++ [String] type = timer
debug +++ [int] repeatCount = 0
debug +++ [int] currentCount = 84
debug +++ [Boolean] running = true
debug +++ [int] delay = 180000
debug +++ [int] repeatCount = 0
debug +++ [int] currentCount = 84
debug +++ [Boolean] running = true
debug +++ [int] delay = 180000
debug time 23:01:40.162 :: After HeartBeat Count=85 Result=5
debug time 23:04:40.11 :: Before HeartBeat Count=86 Time=Fri Sep 16 2011 23:04:40 GMT+0200 AccountId=28699575 Session=fa2f3912-0417-4755-9e04-e73ff5d9d34e
debug ++ [int] eventPhase = 2
debug ++ [Boolean] bubbles = false
debug ++ [Boolean] cancelable = false
debug ++ [String] type = timer
debug +++ [int] repeatCount = 0
debug +++ [int] currentCount = 85
debug +++ [Boolean] running = true
debug +++ [int] delay = 180000
debug +++ [int] repeatCount = 0
debug +++ [int] currentCount = 85
debug +++ [Boolean] running = true
debug +++ [int] delay = 180000
debug time 23:04:40.216 :: After HeartBeat Count=86 Result=5
debug time 23:07:40.39 :: Before HeartBeat Count=87 Time=Fri Sep 16 2011 23:07:40 GMT+0200 AccountId=28699575 Session=fa2f3912-0417-4755-9e04-e73ff5d9d34e
debug ++ [int] eventPhase = 2
debug ++ [Boolean] bubbles = false
debug ++ [Boolean] cancelable = false
debug ++ [String] type = timer
debug +++ [int] repeatCount = 0
debug +++ [int] currentCount = 86
debug +++ [Boolean] running = true
debug +++ [int] delay = 180000
debug +++ [int] repeatCount = 0
debug +++ [int] currentCount = 86
debug +++ [Boolean] running = true
debug +++ [int] delay = 180000
debug time 23:07:40.265 :: After HeartBeat Count=87 Result=5
debug time 23:10:40.58 :: Before HeartBeat Count=88 Time=Fri Sep 16 2011 23:10:40 GMT+0200 AccountId=28699575 Session=fa2f3912-0417-4755-9e04-e73ff5d9d34e
debug ++ [int] eventPhase = 2
debug ++ [Boolean] bubbles = false
debug ++ [Boolean] cancelable = false
debug ++ [String] type = timer
debug +++ [int] repeatCount = 0
debug +++ [int] currentCount = 87
debug +++ [Boolean] running = true
debug +++ [int] delay = 180000
debug +++ [int] repeatCount = 0
debug +++ [int] currentCount = 87
debug +++ [Boolean] running = true
debug +++ [int] delay = 180000
debug time 23:10:40.261 :: After HeartBeat Count=88 Result=5
debug time 23:13:40.58 :: Before HeartBeat Count=89 Time=Fri Sep 16 2011 23:13:40 GMT+0200 AccountId=28699575 Session=fa2f3912-0417-4755-9e04-e73ff5d9d34e
debug ++ [int] eventPhase = 2
debug ++ [Boolean] bubbles = false
debug ++ [Boolean] cancelable = false
debug ++ [String] type = timer
debug +++ [int] repeatCount = 0
debug +++ [int] currentCount = 88
debug +++ [Boolean] running = true
debug +++ [int] delay = 180000
debug +++ [int] repeatCount = 0
debug +++ [int] currentCount = 88
debug +++ [Boolean] running = true
debug +++ [int] delay = 180000
debug time 23:13:40.262 :: After HeartBeat Count=89 Result=5
debug time 23:16:40.59 :: Before HeartBeat Count=90 Time=Fri Sep 16 2011 23:16:40 GMT+0200 AccountId=28699575 Session=fa2f3912-0417-4755-9e04-e73ff5d9d34e
debug ++ [int] eventPhase = 2
debug ++ [Boolean] bubbles = false
debug ++ [Boolean] cancelable = false
debug ++ [String] type = timer
debug +++ [int] repeatCount = 0
debug +++ [int] currentCount = 89
debug +++ [Boolean] running = true
debug +++ [int] delay = 180000
debug +++ [int] repeatCount = 0
debug +++ [int] currentCount = 89
debug +++ [Boolean] running = true
debug +++ [int] delay = 180000
debug time 23:16:40.263 :: After HeartBeat Count=90 Result=5
debug time 23:19:40.91 :: Before HeartBeat Count=91 Time=Fri Sep 16 2011 23:19:40 GMT+0200 AccountId=28699575 Session=fa2f3912-0417-4755-9e04-e73ff5d9d34e
debug ++ [int] eventPhase = 2
debug ++ [Boolean] bubbles = false
debug ++ [Boolean] cancelable = false
debug ++ [String] type = timer
debug +++ [int] repeatCount = 0
debug +++ [int] currentCount = 90
debug +++ [Boolean] running = true
debug +++ [int] delay = 180000
debug +++ [int] repeatCount = 0
debug +++ [int] currentCount = 90
debug +++ [Boolean] running = true
debug +++ [int] delay = 180000
debug time 23:19:40.306 :: After HeartBeat Count=91 Result=5
debug time 23:22:40.102 :: Before HeartBeat Count=92 Time=Fri Sep 16 2011 23:22:40 GMT+0200 AccountId=28699575 Session=fa2f3912-0417-4755-9e04-e73ff5d9d34e
debug ++ [int] eventPhase = 2
debug ++ [Boolean] bubbles = false
debug ++ [Boolean] cancelable = false
debug ++ [String] type = timer
debug +++ [int] repeatCount = 0
debug +++ [int] currentCount = 91
debug +++ [Boolean] running = true
debug +++ [int] delay = 180000
debug +++ [int] repeatCount = 0
debug +++ [int] currentCount = 91
debug +++ [Boolean] running = true
debug +++ [int] delay = 180000
debug time 23:22:40.307 :: After HeartBeat Count=92 Result=5
debug time 23:25:40.145 :: Before HeartBeat Count=93 Time=Fri Sep 16 2011 23:25:40 GMT+0200 AccountId=28699575 Session=fa2f3912-0417-4755-9e04-e73ff5d9d34e
debug ++ [int] eventPhase = 2
debug ++ [Boolean] bubbles = false
debug ++ [Boolean] cancelable = false
debug ++ [String] type = timer
debug +++ [int] repeatCount = 0
debug +++ [int] currentCount = 92
debug +++ [Boolean] running = true
debug +++ [int] delay = 180000
debug +++ [int] repeatCount = 0
debug +++ [int] currentCount = 92
debug +++ [Boolean] running = true
debug +++ [int] delay = 180000
debug time 23:25:40.349 :: After HeartBeat Count=93 Result=5
debug time 23:27:05.201 :: Performing heartbeat at Fri Sep 16 2011 23:27:05 GMT+0200
debug time 23:28:40.158 :: Before HeartBeat Count=94 Time=Fri Sep 16 2011 23:28:40 GMT+0200 AccountId=28699575 Session=fa2f3912-0417-4755-9e04-e73ff5d9d34e
debug ++ [int] eventPhase = 2
debug ++ [Boolean] bubbles = false
debug ++ [Boolean] cancelable = false
debug ++ [String] type = timer
debug +++ [int] repeatCount = 0
debug +++ [int] currentCount = 93
debug +++ [Boolean] running = true
debug +++ [int] delay = 180000
debug +++ [int] repeatCount = 0
debug +++ [int] currentCount = 93
debug +++ [Boolean] running = true
debug +++ [int] delay = 180000
debug time 23:28:40.330 :: After HeartBeat Count=94 Result=5
debug time 23:31:40.180 :: Before HeartBeat Count=95 Time=Fri Sep 16 2011 23:31:40 GMT+0200 AccountId=28699575 Session=fa2f3912-0417-4755-9e04-e73ff5d9d34e
debug ++ [int] eventPhase = 2
debug ++ [Boolean] bubbles = false
debug ++ [Boolean] cancelable = false
debug ++ [String] type = timer
debug +++ [int] repeatCount = 0
debug +++ [int] currentCount = 94
debug +++ [Boolean] running = true
debug +++ [int] delay = 180000
debug +++ [int] repeatCount = 0
debug +++ [int] currentCount = 94
debug +++ [Boolean] running = true
debug +++ [int] delay = 180000
debug time 23:31:40.384 :: After HeartBeat Count=95 Result=5
debug time 23:34:40.183 :: Before HeartBeat Count=96 Time=Fri Sep 16 2011 23:34:40 GMT+0200 AccountId=28699575 Session=fa2f3912-0417-4755-9e04-e73ff5d9d34e
debug ++ [int] eventPhase = 2
debug ++ [Boolean] bubbles = false
debug ++ [Boolean] cancelable = false
debug ++ [String] type = timer
debug +++ [int] repeatCount = 0
debug +++ [int] currentCount = 95
debug +++ [Boolean] running = true
debug +++ [int] delay = 180000
debug +++ [int] repeatCount = 0
debug +++ [int] currentCount = 95
debug +++ [Boolean] running = true
debug +++ [int] delay = 180000
debug time 23:34:40.391 :: After HeartBeat Count=96 Result=5
debug time 23:37:40.208 :: Before HeartBeat Count=97 Time=Fri Sep 16 2011 23:37:40 GMT+0200 AccountId=28699575 Session=fa2f3912-0417-4755-9e04-e73ff5d9d34e
debug ++ [int] eventPhase = 2
debug ++ [Boolean] bubbles = false
debug ++ [Boolean] cancelable = false
debug ++ [String] type = timer
debug +++ [int] repeatCount = 0
debug +++ [int] currentCount = 96
debug +++ [Boolean] running = true
debug +++ [int] delay = 180000
debug +++ [int] repeatCount = 0
debug +++ [int] currentCount = 96
debug +++ [Boolean] running = true
debug +++ [int] delay = 180000
debug time 23:37:40.434 :: After HeartBeat Count=97 Result=5
debug time 23:40:40.223 :: Before HeartBeat Count=98 Time=Fri Sep 16 2011 23:40:40 GMT+0200 AccountId=28699575 Session=fa2f3912-0417-4755-9e04-e73ff5d9d34e
debug ++ [int] eventPhase = 2
debug ++ [Boolean] bubbles = false
debug ++ [Boolean] cancelable = false
debug ++ [String] type = timer
debug +++ [int] repeatCount = 0
debug +++ [int] currentCount = 97
debug +++ [Boolean] running = true
debug +++ [int] delay = 180000
debug +++ [int] repeatCount = 0
debug +++ [int] currentCount = 97
debug +++ [Boolean] running = true
debug +++ [int] delay = 180000
debug time 23:40:40.427 :: After HeartBeat Count=98 Result=5
debug time 23:43:40.248 :: Before HeartBeat Count=99 Time=Fri Sep 16 2011 23:43:40 GMT+0200 AccountId=28699575 Session=fa2f3912-0417-4755-9e04-e73ff5d9d34e
debug ++ [int] eventPhase = 2
debug ++ [Boolean] bubbles = false
debug ++ [Boolean] cancelable = false
debug ++ [String] type = timer
debug +++ [int] repeatCount = 0
debug +++ [int] currentCount = 98
debug +++ [Boolean] running = true
debug +++ [int] delay = 180000
debug +++ [int] repeatCount = 0
debug +++ [int] currentCount = 98
debug +++ [Boolean] running = true
debug +++ [int] delay = 180000
debug time 23:43:40.470 :: After HeartBeat Count=99 Result=5
debug time 23:46:40.265 :: Before HeartBeat Count=100 Time=Fri Sep 16 2011 23:46:40 GMT+0200 AccountId=28699575 Session=fa2f3912-0417-4755-9e04-e73ff5d9d34e
debug ++ [int] eventPhase = 2
debug ++ [Boolean] bubbles = false
debug ++ [Boolean] cancelable = false
debug ++ [String] type = timer
debug +++ [int] repeatCount = 0
debug +++ [int] currentCount = 99
debug +++ [Boolean] running = true
debug +++ [int] delay = 180000
debug +++ [int] repeatCount = 0
debug +++ [int] currentCount = 99
debug +++ [Boolean] running = true
debug +++ [int] delay = 180000
debug time 23:46:40.476 :: After HeartBeat Count=100 Result=5
debug time 23:49:40.268 :: Before HeartBeat Count=101 Time=Fri Sep 16 2011 23:49:40 GMT+0200 AccountId=28699575 Session=fa2f3912-0417-4755-9e04-e73ff5d9d34e
debug ++ [int] eventPhase = 2
debug ++ [Boolean] bubbles = false
debug ++ [Boolean] cancelable = false
debug ++ [String] type = timer
debug +++ [int] repeatCount = 0
debug +++ [int] currentCount = 100
debug +++ [Boolean] running = true
debug +++ [int] delay = 180000
debug +++ [int] repeatCount = 0
debug +++ [int] currentCount = 100
debug +++ [Boolean] running = true
debug +++ [int] delay = 180000
debug time 23:49:40.478 :: After HeartBeat Count=101 Result=5
debug time 23:52:40.309 :: Before HeartBeat Count=102 Time=Fri Sep 16 2011 23:52:40 GMT+0200 AccountId=28699575 Session=fa2f3912-0417-4755-9e04-e73ff5d9d34e
debug ++ [int] eventPhase = 2
debug ++ [Boolean] bubbles = false
debug ++ [Boolean] cancelable = false
debug ++ [String] type = timer
debug +++ [int] repeatCount = 0
debug +++ [int] currentCount = 101
debug +++ [Boolean] running = true
debug +++ [int] delay = 180000
debug +++ [int] repeatCount = 0
debug +++ [int] currentCount = 101
debug +++ [Boolean] running = true
debug +++ [int] delay = 180000
debug time 23:52:40.514 :: After HeartBeat Count=102 Result=5
debug time 23:55:40.312 :: Before HeartBeat Count=103 Time=Fri Sep 16 2011 23:55:40 GMT+0200 AccountId=28699575 Session=fa2f3912-0417-4755-9e04-e73ff5d9d34e
debug ++ [int] eventPhase = 2
debug ++ [Boolean] bubbles = false
debug ++ [Boolean] cancelable = false
debug ++ [String] type = timer
debug +++ [int] repeatCount = 0
debug +++ [int] currentCount = 102
debug +++ [Boolean] running = true
debug +++ [int] delay = 180000
debug +++ [int] repeatCount = 0
debug +++ [int] currentCount = 102
debug +++ [Boolean] running = true
debug +++ [int] delay = 180000
debug time 23:55:40.515 :: After HeartBeat Count=103 Result=5
debug time 23:58:40.318 :: Before HeartBeat Count=104 Time=Fri Sep 16 2011 23:58:40 GMT+0200 AccountId=28699575 Session=fa2f3912-0417-4755-9e04-e73ff5d9d34e
debug ++ [int] eventPhase = 2
debug ++ [Boolean] bubbles = false
debug ++ [Boolean] cancelable = false
debug ++ [String] type = timer
debug +++ [int] repeatCount = 0
debug +++ [int] currentCount = 103
debug +++ [Boolean] running = true
debug +++ [int] delay = 180000
debug +++ [int] repeatCount = 0
debug +++ [int] currentCount = 103
debug +++ [Boolean] running = true
debug +++ [int] delay = 180000
debug time 23:58:40.518 :: After HeartBeat Count=104 Result=5
debug time 23:58:46.840 :: Performing heartbeat at Fri Sep 16 2011 23:58:46 GMT+0200
