debug time 20:14:59.03 :: Before HeartBeat Count=1 Time=Mon Feb 13 2012 20:14:59 GMT+0100 AccountId=29131007 Session=b485902e-fa87-48c2-84a1-eb9b78bfc799
STOP LOGGING: More than 0 nested objects or properties. 
debug time 20:15:00.299 :: After HeartBeat Count=1 Result=5
debug time 20:16:59.675 :: Before HeartBeat Count=2 Time=Mon Feb 13 2012 20:16:59 GMT+0100 AccountId=29131007 Session=b485902e-fa87-48c2-84a1-eb9b78bfc799
debug ++ [int] eventPhase = 2
debug ++ [Boolean] bubbles = false
debug ++ [Boolean] cancelable = false
debug ++ [String] type = timer
debug +++ [int] repeatCount = 0
debug +++ [int] currentCount = 1
debug +++ [Boolean] running = true
debug +++ [int] delay = 120000
debug +++ [int] repeatCount = 0
debug +++ [int] currentCount = 1
debug +++ [Boolean] running = true
debug +++ [int] delay = 120000
debug time 20:17:00.643 :: After HeartBeat Count=2 Result=5
debug time 20:19:00.647 :: Before HeartBeat Count=3 Time=Mon Feb 13 2012 20:19:00 GMT+0100 AccountId=29131007 Session=b485902e-fa87-48c2-84a1-eb9b78bfc799
debug ++ [int] eventPhase = 2
debug ++ [Boolean] bubbles = false
debug ++ [Boolean] cancelable = false
debug ++ [String] type = timer
debug +++ [int] repeatCount = 0
debug +++ [int] currentCount = 2
debug +++ [Boolean] running = true
debug +++ [int] delay = 120000
debug +++ [int] repeatCount = 0
debug +++ [int] currentCount = 2
debug +++ [Boolean] running = true
debug +++ [int] delay = 120000
debug time 20:19:01.643 :: After HeartBeat Count=3 Result=5
debug time 20:21:00.651 :: Before HeartBeat Count=4 Time=Mon Feb 13 2012 20:21:00 GMT+0100 AccountId=29131007 Session=b485902e-fa87-48c2-84a1-eb9b78bfc799
debug ++ [int] eventPhase = 2
debug ++ [Boolean] bubbles = false
debug ++ [Boolean] cancelable = false
debug ++ [String] type = timer
debug +++ [int] repeatCount = 0
debug +++ [int] currentCount = 3
debug +++ [Boolean] running = true
debug +++ [int] delay = 120000
debug +++ [int] repeatCount = 0
debug +++ [int] currentCount = 3
debug +++ [Boolean] running = true
debug +++ [int] delay = 120000
debug time 20:21:01.643 :: After HeartBeat Count=4 Result=5
debug time 20:23:01.665 :: Before HeartBeat Count=5 Time=Mon Feb 13 2012 20:23:01 GMT+0100 AccountId=29131007 Session=b485902e-fa87-48c2-84a1-eb9b78bfc799
debug ++ [int] eventPhase = 2
debug ++ [Boolean] bubbles = false
debug ++ [Boolean] cancelable = false
debug ++ [String] type = timer
debug +++ [int] repeatCount = 0
debug +++ [int] currentCount = 4
debug +++ [Boolean] running = true
debug +++ [int] delay = 120000
debug +++ [int] repeatCount = 0
debug +++ [int] currentCount = 4
debug +++ [Boolean] running = true
debug +++ [int] delay = 120000
debug time 20:23:02.643 :: After HeartBeat Count=5 Result=5
debug time 20:25:02.647 :: Before HeartBeat Count=6 Time=Mon Feb 13 2012 20:25:02 GMT+0100 AccountId=29131007 Session=b485902e-fa87-48c2-84a1-eb9b78bfc799
debug ++ [int] eventPhase = 2
debug ++ [Boolean] bubbles = false
debug ++ [Boolean] cancelable = false
debug ++ [String] type = timer
debug +++ [int] repeatCount = 0
debug +++ [int] currentCount = 5
debug +++ [Boolean] running = true
debug +++ [int] delay = 120000
debug +++ [int] repeatCount = 0
debug +++ [int] currentCount = 5
debug +++ [Boolean] running = true
debug +++ [int] delay = 120000
debug time 20:25:03.643 :: After HeartBeat Count=6 Result=5
debug time 20:27:02.648 :: Before HeartBeat Count=7 Time=Mon Feb 13 2012 20:27:02 GMT+0100 AccountId=29131007 Session=b485902e-fa87-48c2-84a1-eb9b78bfc799
debug ++ [int] eventPhase = 2
debug ++ [Boolean] bubbles = false
debug ++ [Boolean] cancelable = false
debug ++ [String] type = timer
debug +++ [int] repeatCount = 0
debug +++ [int] currentCount = 6
debug +++ [Boolean] running = true
debug +++ [int] delay = 120000
debug +++ [int] repeatCount = 0
debug +++ [int] currentCount = 6
debug +++ [Boolean] running = true
debug +++ [int] delay = 120000
debug time 20:27:03.643 :: After HeartBeat Count=7 Result=5
debug time 20:29:03.647 :: Before HeartBeat Count=8 Time=Mon Feb 13 2012 20:29:03 GMT+0100 AccountId=29131007 Session=b485902e-fa87-48c2-84a1-eb9b78bfc799
debug ++ [int] eventPhase = 2
debug ++ [Boolean] bubbles = false
debug ++ [Boolean] cancelable = false
debug ++ [String] type = timer
debug +++ [int] repeatCount = 0
debug +++ [int] currentCount = 7
debug +++ [Boolean] running = true
debug +++ [int] delay = 120000
debug +++ [int] repeatCount = 0
debug +++ [int] currentCount = 7
debug +++ [Boolean] running = true
debug +++ [int] delay = 120000
debug time 20:29:04.649 :: After HeartBeat Count=8 Result=5
debug time 20:31:03.648 :: Before HeartBeat Count=9 Time=Mon Feb 13 2012 20:31:03 GMT+0100 AccountId=29131007 Session=b485902e-fa87-48c2-84a1-eb9b78bfc799
debug ++ [int] eventPhase = 2
debug ++ [Boolean] bubbles = false
debug ++ [Boolean] cancelable = false
debug ++ [String] type = timer
debug +++ [int] repeatCount = 0
debug +++ [int] currentCount = 8
debug +++ [Boolean] running = true
debug +++ [int] delay = 120000
debug +++ [int] repeatCount = 0
debug +++ [int] currentCount = 8
debug +++ [Boolean] running = true
debug +++ [int] delay = 120000
debug time 20:31:04.643 :: After HeartBeat Count=9 Result=5
debug time 20:33:03.653 :: Before HeartBeat Count=10 Time=Mon Feb 13 2012 20:33:03 GMT+0100 AccountId=29131007 Session=b485902e-fa87-48c2-84a1-eb9b78bfc799
debug ++ [int] eventPhase = 2
debug ++ [Boolean] bubbles = false
debug ++ [Boolean] cancelable = false
debug ++ [String] type = timer
debug +++ [int] repeatCount = 0
debug +++ [int] currentCount = 9
debug +++ [Boolean] running = true
debug +++ [int] delay = 120000
debug +++ [int] repeatCount = 0
debug +++ [int] currentCount = 9
debug +++ [Boolean] running = true
debug +++ [int] delay = 120000
debug time 20:33:04.643 :: After HeartBeat Count=10 Result=5
debug time 20:35:04.646 :: Before HeartBeat Count=11 Time=Mon Feb 13 2012 20:35:04 GMT+0100 AccountId=29131007 Session=b485902e-fa87-48c2-84a1-eb9b78bfc799
debug ++ [int] eventPhase = 2
debug ++ [Boolean] bubbles = false
debug ++ [Boolean] cancelable = false
debug ++ [String] type = timer
debug +++ [int] repeatCount = 0
debug +++ [int] currentCount = 10
debug +++ [Boolean] running = true
debug +++ [int] delay = 120000
debug +++ [int] repeatCount = 0
debug +++ [int] currentCount = 10
debug +++ [Boolean] running = true
debug +++ [int] delay = 120000
debug time 20:35:05.643 :: After HeartBeat Count=11 Result=5
debug time 20:37:04.646 :: Before HeartBeat Count=12 Time=Mon Feb 13 2012 20:37:04 GMT+0100 AccountId=29131007 Session=b485902e-fa87-48c2-84a1-eb9b78bfc799
debug ++ [int] eventPhase = 2
debug ++ [Boolean] bubbles = false
debug ++ [Boolean] cancelable = false
debug ++ [String] type = timer
debug +++ [int] repeatCount = 0
debug +++ [int] currentCount = 11
debug +++ [Boolean] running = true
debug +++ [int] delay = 120000
debug +++ [int] repeatCount = 0
debug +++ [int] currentCount = 11
debug +++ [Boolean] running = true
debug +++ [int] delay = 120000
debug time 20:37:05.643 :: After HeartBeat Count=12 Result=5
debug time 20:39:04.646 :: Before HeartBeat Count=13 Time=Mon Feb 13 2012 20:39:04 GMT+0100 AccountId=29131007 Session=b485902e-fa87-48c2-84a1-eb9b78bfc799
debug ++ [int] eventPhase = 2
debug ++ [Boolean] bubbles = false
debug ++ [Boolean] cancelable = false
debug ++ [String] type = timer
debug +++ [int] repeatCount = 0
debug +++ [int] currentCount = 12
debug +++ [Boolean] running = true
debug +++ [int] delay = 120000
debug +++ [int] repeatCount = 0
debug +++ [int] currentCount = 12
debug +++ [Boolean] running = true
debug +++ [int] delay = 120000
debug time 20:39:05.643 :: After HeartBeat Count=13 Result=5
debug time 20:41:04.647 :: Before HeartBeat Count=14 Time=Mon Feb 13 2012 20:41:04 GMT+0100 AccountId=29131007 Session=b485902e-fa87-48c2-84a1-eb9b78bfc799
debug ++ [int] eventPhase = 2
debug ++ [Boolean] bubbles = false
debug ++ [Boolean] cancelable = false
debug ++ [String] type = timer
debug +++ [int] repeatCount = 0
debug +++ [int] currentCount = 13
debug +++ [Boolean] running = true
debug +++ [int] delay = 120000
debug +++ [int] repeatCount = 0
debug +++ [int] currentCount = 13
debug +++ [Boolean] running = true
debug +++ [int] delay = 120000
debug time 20:41:05.643 :: After HeartBeat Count=14 Result=5
debug time 20:43:04.668 :: Before HeartBeat Count=15 Time=Mon Feb 13 2012 20:43:04 GMT+0100 AccountId=29131007 Session=b485902e-fa87-48c2-84a1-eb9b78bfc799
debug ++ [int] eventPhase = 2
debug ++ [Boolean] bubbles = false
debug ++ [Boolean] cancelable = false
debug ++ [String] type = timer
debug +++ [int] repeatCount = 0
debug +++ [int] currentCount = 14
debug +++ [Boolean] running = true
debug +++ [int] delay = 120000
debug +++ [int] repeatCount = 0
debug +++ [int] currentCount = 14
debug +++ [Boolean] running = true
debug +++ [int] delay = 120000
debug time 20:43:05.648 :: After HeartBeat Count=15 Result=5
debug time 20:45:05.647 :: Before HeartBeat Count=16 Time=Mon Feb 13 2012 20:45:05 GMT+0100 AccountId=29131007 Session=b485902e-fa87-48c2-84a1-eb9b78bfc799
debug ++ [int] eventPhase = 2
debug ++ [Boolean] bubbles = false
debug ++ [Boolean] cancelable = false
debug ++ [String] type = timer
debug +++ [int] repeatCount = 0
debug +++ [int] currentCount = 15
debug +++ [Boolean] running = true
debug +++ [int] delay = 120000
debug +++ [int] repeatCount = 0
debug +++ [int] currentCount = 15
debug +++ [Boolean] running = true
debug +++ [int] delay = 120000
debug time 20:45:06.644 :: After HeartBeat Count=16 Result=5
debug time 20:47:05.652 :: Before HeartBeat Count=17 Time=Mon Feb 13 2012 20:47:05 GMT+0100 AccountId=29131007 Session=b485902e-fa87-48c2-84a1-eb9b78bfc799
debug ++ [int] eventPhase = 2
debug ++ [Boolean] bubbles = false
debug ++ [Boolean] cancelable = false
debug ++ [String] type = timer
debug +++ [int] repeatCount = 0
debug +++ [int] currentCount = 16
debug +++ [Boolean] running = true
debug +++ [int] delay = 120000
debug +++ [int] repeatCount = 0
debug +++ [int] currentCount = 16
debug +++ [Boolean] running = true
debug +++ [int] delay = 120000
debug time 20:47:06.643 :: After HeartBeat Count=17 Result=5
debug time 20:47:17.898 :: Performing heartbeat at Mon Feb 13 2012 20:47:17 GMT+0100
