debug time 17:29:16.331 :: Before HeartBeat Count=1 Time=Thu Mar 29 2012 17:29:16 GMT+0200 AccountId=29131007 Session=8f27a563-0dd6-4803-9faa-335e4e176aeb
STOP LOGGING: More than 0 nested objects or properties. 
debug time 17:29:16.681 :: After HeartBeat Count=1 Result=5
debug time 17:31:17.21 :: Before HeartBeat Count=2 Time=Thu Mar 29 2012 17:31:17 GMT+0200 AccountId=29131007 Session=8f27a563-0dd6-4803-9faa-335e4e176aeb
debug ++ [int] eventPhase = 2
debug ++ [Boolean] bubbles = false
debug ++ [Boolean] cancelable = false
debug ++ [String] type = timer
debug +++ [int] repeatCount = 0
debug +++ [int] currentCount = 1
debug +++ [Boolean] running = true
debug +++ [int] delay = 120000
debug +++ [int] repeatCount = 0
debug +++ [int] currentCount = 1
debug +++ [Boolean] running = true
debug +++ [int] delay = 120000
debug time 17:31:17.192 :: After HeartBeat Count=2 Result=5
debug time 17:33:18.18 :: Before HeartBeat Count=3 Time=Thu Mar 29 2012 17:33:18 GMT+0200 AccountId=29131007 Session=8f27a563-0dd6-4803-9faa-335e4e176aeb
debug ++ [int] eventPhase = 2
debug ++ [Boolean] bubbles = false
debug ++ [Boolean] cancelable = false
debug ++ [String] type = timer
debug +++ [int] repeatCount = 0
debug +++ [int] currentCount = 2
debug +++ [Boolean] running = true
debug +++ [int] delay = 120000
debug +++ [int] repeatCount = 0
debug +++ [int] currentCount = 2
debug +++ [Boolean] running = true
debug +++ [int] delay = 120000
debug time 17:33:18.187 :: After HeartBeat Count=3 Result=5
debug time 17:35:18.18 :: Before HeartBeat Count=4 Time=Thu Mar 29 2012 17:35:18 GMT+0200 AccountId=29131007 Session=8f27a563-0dd6-4803-9faa-335e4e176aeb
debug ++ [int] eventPhase = 2
debug ++ [Boolean] bubbles = false
debug ++ [Boolean] cancelable = false
debug ++ [String] type = timer
debug +++ [int] repeatCount = 0
debug +++ [int] currentCount = 3
debug +++ [Boolean] running = true
debug +++ [int] delay = 120000
debug +++ [int] repeatCount = 0
debug +++ [int] currentCount = 3
debug +++ [Boolean] running = true
debug +++ [int] delay = 120000
debug time 17:35:18.186 :: After HeartBeat Count=4 Result=5
debug time 17:37:18.23 :: Before HeartBeat Count=5 Time=Thu Mar 29 2012 17:37:18 GMT+0200 AccountId=29131007 Session=8f27a563-0dd6-4803-9faa-335e4e176aeb
debug ++ [int] eventPhase = 2
debug ++ [Boolean] bubbles = false
debug ++ [Boolean] cancelable = false
debug ++ [String] type = timer
debug +++ [int] repeatCount = 0
debug +++ [int] currentCount = 4
debug +++ [Boolean] running = true
debug +++ [int] delay = 120000
debug +++ [int] repeatCount = 0
debug +++ [int] currentCount = 4
debug +++ [Boolean] running = true
debug +++ [int] delay = 120000
debug time 17:37:18.206 :: After HeartBeat Count=5 Result=5
debug time 17:39:18.24 :: Before HeartBeat Count=6 Time=Thu Mar 29 2012 17:39:18 GMT+0200 AccountId=29131007 Session=8f27a563-0dd6-4803-9faa-335e4e176aeb
debug ++ [int] eventPhase = 2
debug ++ [Boolean] bubbles = false
debug ++ [Boolean] cancelable = false
debug ++ [String] type = timer
debug +++ [int] repeatCount = 0
debug +++ [int] currentCount = 5
debug +++ [Boolean] running = true
debug +++ [int] delay = 120000
debug +++ [int] repeatCount = 0
debug +++ [int] currentCount = 5
debug +++ [Boolean] running = true
debug +++ [int] delay = 120000
debug time 17:39:18.202 :: After HeartBeat Count=6 Result=5
debug time 17:41:19.19 :: Before HeartBeat Count=7 Time=Thu Mar 29 2012 17:41:19 GMT+0200 AccountId=29131007 Session=8f27a563-0dd6-4803-9faa-335e4e176aeb
debug ++ [int] eventPhase = 2
debug ++ [Boolean] bubbles = false
debug ++ [Boolean] cancelable = false
debug ++ [String] type = timer
debug +++ [int] repeatCount = 0
debug +++ [int] currentCount = 6
debug +++ [Boolean] running = true
debug +++ [int] delay = 120000
debug +++ [int] repeatCount = 0
debug +++ [int] currentCount = 6
debug +++ [Boolean] running = true
debug +++ [int] delay = 120000
debug time 17:41:19.188 :: After HeartBeat Count=7 Result=5
debug time 17:43:19.19 :: Before HeartBeat Count=8 Time=Thu Mar 29 2012 17:43:19 GMT+0200 AccountId=29131007 Session=8f27a563-0dd6-4803-9faa-335e4e176aeb
debug ++ [int] eventPhase = 2
debug ++ [Boolean] bubbles = false
debug ++ [Boolean] cancelable = false
debug ++ [String] type = timer
debug +++ [int] repeatCount = 0
debug +++ [int] currentCount = 7
debug +++ [Boolean] running = true
debug +++ [int] delay = 120000
debug +++ [int] repeatCount = 0
debug +++ [int] currentCount = 7
debug +++ [Boolean] running = true
debug +++ [int] delay = 120000
debug time 17:43:19.186 :: After HeartBeat Count=8 Result=5
debug time 17:45:20.18 :: Before HeartBeat Count=9 Time=Thu Mar 29 2012 17:45:20 GMT+0200 AccountId=29131007 Session=8f27a563-0dd6-4803-9faa-335e4e176aeb
debug ++ [int] eventPhase = 2
debug ++ [Boolean] bubbles = false
debug ++ [Boolean] cancelable = false
debug ++ [String] type = timer
debug +++ [int] repeatCount = 0
debug +++ [int] currentCount = 8
debug +++ [Boolean] running = true
debug +++ [int] delay = 120000
debug +++ [int] repeatCount = 0
debug +++ [int] currentCount = 8
debug +++ [Boolean] running = true
debug +++ [int] delay = 120000
debug time 17:45:20.187 :: After HeartBeat Count=9 Result=5
debug time 17:47:20.24 :: Before HeartBeat Count=10 Time=Thu Mar 29 2012 17:47:20 GMT+0200 AccountId=29131007 Session=8f27a563-0dd6-4803-9faa-335e4e176aeb
debug ++ [int] eventPhase = 2
debug ++ [Boolean] bubbles = false
debug ++ [Boolean] cancelable = false
debug ++ [String] type = timer
debug +++ [int] repeatCount = 0
debug +++ [int] currentCount = 9
debug +++ [Boolean] running = true
debug +++ [int] delay = 120000
debug +++ [int] repeatCount = 0
debug +++ [int] currentCount = 9
debug +++ [Boolean] running = true
debug +++ [int] delay = 120000
debug time 17:47:20.208 :: After HeartBeat Count=10 Result=5
debug time 17:49:21.18 :: Before HeartBeat Count=11 Time=Thu Mar 29 2012 17:49:21 GMT+0200 AccountId=29131007 Session=8f27a563-0dd6-4803-9faa-335e4e176aeb
debug ++ [int] eventPhase = 2
debug ++ [Boolean] bubbles = false
debug ++ [Boolean] cancelable = false
debug ++ [String] type = timer
debug +++ [int] repeatCount = 0
debug +++ [int] currentCount = 10
debug +++ [Boolean] running = true
debug +++ [int] delay = 120000
debug +++ [int] repeatCount = 0
debug +++ [int] currentCount = 10
debug +++ [Boolean] running = true
debug +++ [int] delay = 120000
debug time 17:49:21.189 :: After HeartBeat Count=11 Result=5
debug time 17:51:21.18 :: Before HeartBeat Count=12 Time=Thu Mar 29 2012 17:51:21 GMT+0200 AccountId=29131007 Session=8f27a563-0dd6-4803-9faa-335e4e176aeb
debug ++ [int] eventPhase = 2
debug ++ [Boolean] bubbles = false
debug ++ [Boolean] cancelable = false
debug ++ [String] type = timer
debug +++ [int] repeatCount = 0
debug +++ [int] currentCount = 11
debug +++ [Boolean] running = true
debug +++ [int] delay = 120000
debug +++ [int] repeatCount = 0
debug +++ [int] currentCount = 11
debug +++ [Boolean] running = true
debug +++ [int] delay = 120000
debug time 17:51:21.187 :: After HeartBeat Count=12 Result=5
debug time 17:53:21.19 :: Before HeartBeat Count=13 Time=Thu Mar 29 2012 17:53:21 GMT+0200 AccountId=29131007 Session=8f27a563-0dd6-4803-9faa-335e4e176aeb
debug ++ [int] eventPhase = 2
debug ++ [Boolean] bubbles = false
debug ++ [Boolean] cancelable = false
debug ++ [String] type = timer
debug +++ [int] repeatCount = 0
debug +++ [int] currentCount = 12
debug +++ [Boolean] running = true
debug +++ [int] delay = 120000
debug +++ [int] repeatCount = 0
debug +++ [int] currentCount = 12
debug +++ [Boolean] running = true
debug +++ [int] delay = 120000
debug time 17:53:21.189 :: After HeartBeat Count=13 Result=5
debug time 17:55:22.19 :: Before HeartBeat Count=14 Time=Thu Mar 29 2012 17:55:22 GMT+0200 AccountId=29131007 Session=8f27a563-0dd6-4803-9faa-335e4e176aeb
debug ++ [int] eventPhase = 2
debug ++ [Boolean] bubbles = false
debug ++ [Boolean] cancelable = false
debug ++ [String] type = timer
debug +++ [int] repeatCount = 0
debug +++ [int] currentCount = 13
debug +++ [Boolean] running = true
debug +++ [int] delay = 120000
debug +++ [int] repeatCount = 0
debug +++ [int] currentCount = 13
debug +++ [Boolean] running = true
debug +++ [int] delay = 120000
debug time 17:55:22.189 :: After HeartBeat Count=14 Result=5
debug time 17:57:22.19 :: Before HeartBeat Count=15 Time=Thu Mar 29 2012 17:57:22 GMT+0200 AccountId=29131007 Session=8f27a563-0dd6-4803-9faa-335e4e176aeb
debug ++ [int] eventPhase = 2
debug ++ [Boolean] bubbles = false
debug ++ [Boolean] cancelable = false
debug ++ [String] type = timer
debug +++ [int] repeatCount = 0
debug +++ [int] currentCount = 14
debug +++ [Boolean] running = true
debug +++ [int] delay = 120000
debug +++ [int] repeatCount = 0
debug +++ [int] currentCount = 14
debug +++ [Boolean] running = true
debug +++ [int] delay = 120000
debug time 17:57:22.189 :: After HeartBeat Count=15 Result=5
debug time 17:59:23.18 :: Before HeartBeat Count=16 Time=Thu Mar 29 2012 17:59:23 GMT+0200 AccountId=29131007 Session=8f27a563-0dd6-4803-9faa-335e4e176aeb
debug ++ [int] eventPhase = 2
debug ++ [Boolean] bubbles = false
debug ++ [Boolean] cancelable = false
debug ++ [String] type = timer
debug +++ [int] repeatCount = 0
debug +++ [int] currentCount = 15
debug +++ [Boolean] running = true
debug +++ [int] delay = 120000
debug +++ [int] repeatCount = 0
debug +++ [int] currentCount = 15
debug +++ [Boolean] running = true
debug +++ [int] delay = 120000
debug time 17:59:23.187 :: After HeartBeat Count=16 Result=5
debug time 18:01:23.31 :: Before HeartBeat Count=17 Time=Thu Mar 29 2012 18:01:23 GMT+0200 AccountId=29131007 Session=8f27a563-0dd6-4803-9faa-335e4e176aeb
debug ++ [int] eventPhase = 2
debug ++ [Boolean] bubbles = false
debug ++ [Boolean] cancelable = false
debug ++ [String] type = timer
debug +++ [int] repeatCount = 0
debug +++ [int] currentCount = 16
debug +++ [Boolean] running = true
debug +++ [int] delay = 120000
debug +++ [int] repeatCount = 0
debug +++ [int] currentCount = 16
debug +++ [Boolean] running = true
debug +++ [int] delay = 120000
debug time 18:01:23.215 :: After HeartBeat Count=17 Result=5
debug time 18:03:24.18 :: Before HeartBeat Count=18 Time=Thu Mar 29 2012 18:03:24 GMT+0200 AccountId=29131007 Session=8f27a563-0dd6-4803-9faa-335e4e176aeb
debug ++ [int] eventPhase = 2
debug ++ [Boolean] bubbles = false
debug ++ [Boolean] cancelable = false
debug ++ [String] type = timer
debug +++ [int] repeatCount = 0
debug +++ [int] currentCount = 17
debug +++ [Boolean] running = true
debug +++ [int] delay = 120000
debug +++ [int] repeatCount = 0
debug +++ [int] currentCount = 17
debug +++ [Boolean] running = true
debug +++ [int] delay = 120000
debug time 18:03:24.187 :: After HeartBeat Count=18 Result=5
debug time 18:05:24.19 :: Before HeartBeat Count=19 Time=Thu Mar 29 2012 18:05:24 GMT+0200 AccountId=29131007 Session=8f27a563-0dd6-4803-9faa-335e4e176aeb
debug ++ [int] eventPhase = 2
debug ++ [Boolean] bubbles = false
debug ++ [Boolean] cancelable = false
debug ++ [String] type = timer
debug +++ [int] repeatCount = 0
debug +++ [int] currentCount = 18
debug +++ [Boolean] running = true
debug +++ [int] delay = 120000
debug +++ [int] repeatCount = 0
debug +++ [int] currentCount = 18
debug +++ [Boolean] running = true
debug +++ [int] delay = 120000
debug time 18:05:24.189 :: After HeartBeat Count=19 Result=5
debug time 18:07:24.21 :: Before HeartBeat Count=20 Time=Thu Mar 29 2012 18:07:24 GMT+0200 AccountId=29131007 Session=8f27a563-0dd6-4803-9faa-335e4e176aeb
debug ++ [int] eventPhase = 2
debug ++ [Boolean] bubbles = false
debug ++ [Boolean] cancelable = false
debug ++ [String] type = timer
debug +++ [int] repeatCount = 0
debug +++ [int] currentCount = 19
debug +++ [Boolean] running = true
debug +++ [int] delay = 120000
debug +++ [int] repeatCount = 0
debug +++ [int] currentCount = 19
debug +++ [Boolean] running = true
debug +++ [int] delay = 120000
debug time 18:07:24.192 :: After HeartBeat Count=20 Result=5
debug time 18:09:25.18 :: Before HeartBeat Count=21 Time=Thu Mar 29 2012 18:09:25 GMT+0200 AccountId=29131007 Session=8f27a563-0dd6-4803-9faa-335e4e176aeb
debug ++ [int] eventPhase = 2
debug ++ [Boolean] bubbles = false
debug ++ [Boolean] cancelable = false
debug ++ [String] type = timer
debug +++ [int] repeatCount = 0
debug +++ [int] currentCount = 20
debug +++ [Boolean] running = true
debug +++ [int] delay = 120000
debug +++ [int] repeatCount = 0
debug +++ [int] currentCount = 20
debug +++ [Boolean] running = true
debug +++ [int] delay = 120000
debug time 18:09:25.189 :: After HeartBeat Count=21 Result=5
debug time 18:11:25.18 :: Before HeartBeat Count=22 Time=Thu Mar 29 2012 18:11:25 GMT+0200 AccountId=29131007 Session=8f27a563-0dd6-4803-9faa-335e4e176aeb
debug ++ [int] eventPhase = 2
debug ++ [Boolean] bubbles = false
debug ++ [Boolean] cancelable = false
debug ++ [String] type = timer
debug +++ [int] repeatCount = 0
debug +++ [int] currentCount = 21
debug +++ [Boolean] running = true
debug +++ [int] delay = 120000
debug +++ [int] repeatCount = 0
debug +++ [int] currentCount = 21
debug +++ [Boolean] running = true
debug +++ [int] delay = 120000
debug time 18:11:25.187 :: After HeartBeat Count=22 Result=5
debug time 18:13:25.18 :: Before HeartBeat Count=23 Time=Thu Mar 29 2012 18:13:25 GMT+0200 AccountId=29131007 Session=8f27a563-0dd6-4803-9faa-335e4e176aeb
debug ++ [int] eventPhase = 2
debug ++ [Boolean] bubbles = false
debug ++ [Boolean] cancelable = false
debug ++ [String] type = timer
debug +++ [int] repeatCount = 0
debug +++ [int] currentCount = 22
debug +++ [Boolean] running = true
debug +++ [int] delay = 120000
debug +++ [int] repeatCount = 0
debug +++ [int] currentCount = 22
debug +++ [Boolean] running = true
debug +++ [int] delay = 120000
debug time 18:13:25.186 :: After HeartBeat Count=23 Result=5
debug time 18:15:26.19 :: Before HeartBeat Count=24 Time=Thu Mar 29 2012 18:15:26 GMT+0200 AccountId=29131007 Session=8f27a563-0dd6-4803-9faa-335e4e176aeb
debug ++ [int] eventPhase = 2
debug ++ [Boolean] bubbles = false
debug ++ [Boolean] cancelable = false
debug ++ [String] type = timer
debug +++ [int] repeatCount = 0
debug +++ [int] currentCount = 23
debug +++ [Boolean] running = true
debug +++ [int] delay = 120000
debug +++ [int] repeatCount = 0
debug +++ [int] currentCount = 23
debug +++ [Boolean] running = true
debug +++ [int] delay = 120000
debug time 18:15:26.188 :: After HeartBeat Count=24 Result=5
debug time 18:17:27.18 :: Before HeartBeat Count=25 Time=Thu Mar 29 2012 18:17:27 GMT+0200 AccountId=29131007 Session=8f27a563-0dd6-4803-9faa-335e4e176aeb
debug ++ [int] eventPhase = 2
debug ++ [Boolean] bubbles = false
debug ++ [Boolean] cancelable = false
debug ++ [String] type = timer
debug +++ [int] repeatCount = 0
debug +++ [int] currentCount = 24
debug +++ [Boolean] running = true
debug +++ [int] delay = 120000
debug +++ [int] repeatCount = 0
debug +++ [int] currentCount = 24
debug +++ [Boolean] running = true
debug +++ [int] delay = 120000
debug time 18:17:27.187 :: After HeartBeat Count=25 Result=5
debug time 18:17:42.678 :: Performing heartbeat at Thu Mar 29 2012 18:17:42 GMT+0200
debug time 18:19:27.22 :: Before HeartBeat Count=26 Time=Thu Mar 29 2012 18:19:27 GMT+0200 AccountId=29131007 Session=8f27a563-0dd6-4803-9faa-335e4e176aeb
debug ++ [int] eventPhase = 2
debug ++ [Boolean] bubbles = false
debug ++ [Boolean] cancelable = false
debug ++ [String] type = timer
debug +++ [int] repeatCount = 0
debug +++ [int] currentCount = 25
debug +++ [Boolean] running = true
debug +++ [int] delay = 120000
debug +++ [int] repeatCount = 0
debug +++ [int] currentCount = 25
debug +++ [Boolean] running = true
debug +++ [int] delay = 120000
debug time 18:19:27.208 :: After HeartBeat Count=26 Result=5
debug time 18:21:27.55 :: Before HeartBeat Count=27 Time=Thu Mar 29 2012 18:21:27 GMT+0200 AccountId=29131007 Session=8f27a563-0dd6-4803-9faa-335e4e176aeb
debug ++ [int] eventPhase = 2
debug ++ [Boolean] bubbles = false
debug ++ [Boolean] cancelable = false
debug ++ [String] type = timer
debug +++ [int] repeatCount = 0
debug +++ [int] currentCount = 26
debug +++ [Boolean] running = true
debug +++ [int] delay = 120000
debug +++ [int] repeatCount = 0
debug +++ [int] currentCount = 26
debug +++ [Boolean] running = true
debug +++ [int] delay = 120000
debug time 18:21:27.228 :: After HeartBeat Count=27 Result=5
debug time 18:23:28.17 :: Before HeartBeat Count=28 Time=Thu Mar 29 2012 18:23:28 GMT+0200 AccountId=29131007 Session=8f27a563-0dd6-4803-9faa-335e4e176aeb
debug ++ [int] eventPhase = 2
debug ++ [Boolean] bubbles = false
debug ++ [Boolean] cancelable = false
debug ++ [String] type = timer
debug +++ [int] repeatCount = 0
debug +++ [int] currentCount = 27
debug +++ [Boolean] running = true
debug +++ [int] delay = 120000
debug +++ [int] repeatCount = 0
debug +++ [int] currentCount = 27
debug +++ [Boolean] running = true
debug +++ [int] delay = 120000
debug time 18:23:28.202 :: After HeartBeat Count=28 Result=5
debug time 18:25:29.00 :: Before HeartBeat Count=29 Time=Thu Mar 29 2012 18:25:29 GMT+0200 AccountId=29131007 Session=8f27a563-0dd6-4803-9faa-335e4e176aeb
debug ++ [int] eventPhase = 2
debug ++ [Boolean] bubbles = false
debug ++ [Boolean] cancelable = false
debug ++ [String] type = timer
debug +++ [int] repeatCount = 0
debug +++ [int] currentCount = 28
debug +++ [Boolean] running = true
debug +++ [int] delay = 120000
debug +++ [int] repeatCount = 0
debug +++ [int] currentCount = 28
debug +++ [Boolean] running = true
debug +++ [int] delay = 120000
debug time 18:25:29.171 :: After HeartBeat Count=29 Result=5
debug time 18:27:29.998 :: Before HeartBeat Count=30 Time=Thu Mar 29 2012 18:27:29 GMT+0200 AccountId=29131007 Session=8f27a563-0dd6-4803-9faa-335e4e176aeb
debug ++ [int] eventPhase = 2
debug ++ [Boolean] bubbles = false
debug ++ [Boolean] cancelable = false
debug ++ [String] type = timer
debug +++ [int] repeatCount = 0
debug +++ [int] currentCount = 29
debug +++ [Boolean] running = true
debug +++ [int] delay = 120000
debug +++ [int] repeatCount = 0
debug +++ [int] currentCount = 29
debug +++ [Boolean] running = true
debug +++ [int] delay = 120000
debug time 18:27:30.166 :: After HeartBeat Count=30 Result=5
debug time 18:29:29.998 :: Before HeartBeat Count=31 Time=Thu Mar 29 2012 18:29:29 GMT+0200 AccountId=29131007 Session=8f27a563-0dd6-4803-9faa-335e4e176aeb
debug ++ [int] eventPhase = 2
debug ++ [Boolean] bubbles = false
debug ++ [Boolean] cancelable = false
debug ++ [String] type = timer
debug +++ [int] repeatCount = 0
debug +++ [int] currentCount = 30
debug +++ [Boolean] running = true
debug +++ [int] delay = 120000
debug +++ [int] repeatCount = 0
debug +++ [int] currentCount = 30
debug +++ [Boolean] running = true
debug +++ [int] delay = 120000
debug time 18:29:30.167 :: After HeartBeat Count=31 Result=5
debug time 18:31:30.13 :: Before HeartBeat Count=32 Time=Thu Mar 29 2012 18:31:30 GMT+0200 AccountId=29131007 Session=8f27a563-0dd6-4803-9faa-335e4e176aeb
debug ++ [int] eventPhase = 2
debug ++ [Boolean] bubbles = false
debug ++ [Boolean] cancelable = false
debug ++ [String] type = timer
debug +++ [int] repeatCount = 0
debug +++ [int] currentCount = 31
debug +++ [Boolean] running = true
debug +++ [int] delay = 120000
debug +++ [int] repeatCount = 0
debug +++ [int] currentCount = 31
debug +++ [Boolean] running = true
debug +++ [int] delay = 120000
debug time 18:31:30.196 :: After HeartBeat Count=32 Result=5
debug time 18:33:30.998 :: Before HeartBeat Count=33 Time=Thu Mar 29 2012 18:33:30 GMT+0200 AccountId=29131007 Session=8f27a563-0dd6-4803-9faa-335e4e176aeb
debug ++ [int] eventPhase = 2
debug ++ [Boolean] bubbles = false
debug ++ [Boolean] cancelable = false
debug ++ [String] type = timer
debug +++ [int] repeatCount = 0
debug +++ [int] currentCount = 32
debug +++ [Boolean] running = true
debug +++ [int] delay = 120000
debug +++ [int] repeatCount = 0
debug +++ [int] currentCount = 32
debug +++ [Boolean] running = true
debug +++ [int] delay = 120000
debug time 18:33:31.168 :: After HeartBeat Count=33 Result=5
debug time 18:35:30.998 :: Before HeartBeat Count=34 Time=Thu Mar 29 2012 18:35:30 GMT+0200 AccountId=29131007 Session=8f27a563-0dd6-4803-9faa-335e4e176aeb
debug ++ [int] eventPhase = 2
debug ++ [Boolean] bubbles = false
debug ++ [Boolean] cancelable = false
debug ++ [String] type = timer
debug +++ [int] repeatCount = 0
debug +++ [int] currentCount = 33
debug +++ [Boolean] running = true
debug +++ [int] delay = 120000
debug +++ [int] repeatCount = 0
debug +++ [int] currentCount = 33
debug +++ [Boolean] running = true
debug +++ [int] delay = 120000
debug time 18:35:31.167 :: After HeartBeat Count=34 Result=5
debug time 18:37:30.998 :: Before HeartBeat Count=35 Time=Thu Mar 29 2012 18:37:30 GMT+0200 AccountId=29131007 Session=8f27a563-0dd6-4803-9faa-335e4e176aeb
debug ++ [int] eventPhase = 2
debug ++ [Boolean] bubbles = false
debug ++ [Boolean] cancelable = false
debug ++ [String] type = timer
debug +++ [int] repeatCount = 0
debug +++ [int] currentCount = 34
debug +++ [Boolean] running = true
debug +++ [int] delay = 120000
debug +++ [int] repeatCount = 0
debug +++ [int] currentCount = 34
debug +++ [Boolean] running = true
debug +++ [int] delay = 120000
debug time 18:37:31.167 :: After HeartBeat Count=35 Result=5
debug time 18:39:30.998 :: Before HeartBeat Count=36 Time=Thu Mar 29 2012 18:39:30 GMT+0200 AccountId=29131007 Session=8f27a563-0dd6-4803-9faa-335e4e176aeb
debug ++ [int] eventPhase = 2
debug ++ [Boolean] bubbles = false
debug ++ [Boolean] cancelable = false
debug ++ [String] type = timer
debug +++ [int] repeatCount = 0
debug +++ [int] currentCount = 35
debug +++ [Boolean] running = true
debug +++ [int] delay = 120000
debug +++ [int] repeatCount = 0
debug +++ [int] currentCount = 35
debug +++ [Boolean] running = true
debug +++ [int] delay = 120000
debug time 18:39:31.167 :: After HeartBeat Count=36 Result=5
debug time 18:41:30.998 :: Before HeartBeat Count=37 Time=Thu Mar 29 2012 18:41:30 GMT+0200 AccountId=29131007 Session=8f27a563-0dd6-4803-9faa-335e4e176aeb
debug ++ [int] eventPhase = 2
debug ++ [Boolean] bubbles = false
debug ++ [Boolean] cancelable = false
debug ++ [String] type = timer
debug +++ [int] repeatCount = 0
debug +++ [int] currentCount = 36
debug +++ [Boolean] running = true
debug +++ [int] delay = 120000
debug +++ [int] repeatCount = 0
debug +++ [int] currentCount = 36
debug +++ [Boolean] running = true
debug +++ [int] delay = 120000
debug time 18:41:31.166 :: After HeartBeat Count=37 Result=5
debug time 18:43:30.998 :: Before HeartBeat Count=38 Time=Thu Mar 29 2012 18:43:30 GMT+0200 AccountId=29131007 Session=8f27a563-0dd6-4803-9faa-335e4e176aeb
debug ++ [int] eventPhase = 2
debug ++ [Boolean] bubbles = false
debug ++ [Boolean] cancelable = false
debug ++ [String] type = timer
debug +++ [int] repeatCount = 0
debug +++ [int] currentCount = 37
debug +++ [Boolean] running = true
debug +++ [int] delay = 120000
debug +++ [int] repeatCount = 0
debug +++ [int] currentCount = 37
debug +++ [Boolean] running = true
debug +++ [int] delay = 120000
debug time 18:43:31.167 :: After HeartBeat Count=38 Result=5
debug time 18:45:30.999 :: Before HeartBeat Count=39 Time=Thu Mar 29 2012 18:45:30 GMT+0200 AccountId=29131007 Session=8f27a563-0dd6-4803-9faa-335e4e176aeb
debug ++ [int] eventPhase = 2
debug ++ [Boolean] bubbles = false
debug ++ [Boolean] cancelable = false
debug ++ [String] type = timer
debug +++ [int] repeatCount = 0
debug +++ [int] currentCount = 38
debug +++ [Boolean] running = true
debug +++ [int] delay = 120000
debug +++ [int] repeatCount = 0
debug +++ [int] currentCount = 38
debug +++ [Boolean] running = true
debug +++ [int] delay = 120000
debug time 18:45:31.169 :: After HeartBeat Count=39 Result=5
debug time 18:47:30.998 :: Before HeartBeat Count=40 Time=Thu Mar 29 2012 18:47:30 GMT+0200 AccountId=29131007 Session=8f27a563-0dd6-4803-9faa-335e4e176aeb
debug ++ [int] eventPhase = 2
debug ++ [Boolean] bubbles = false
debug ++ [Boolean] cancelable = false
debug ++ [String] type = timer
debug +++ [int] repeatCount = 0
debug +++ [int] currentCount = 39
debug +++ [Boolean] running = true
debug +++ [int] delay = 120000
debug +++ [int] repeatCount = 0
debug +++ [int] currentCount = 39
debug +++ [Boolean] running = true
debug +++ [int] delay = 120000
debug time 18:47:31.166 :: After HeartBeat Count=40 Result=5
debug time 18:49:29.93 :: Performing heartbeat at Thu Mar 29 2012 18:49:29 GMT+0200
debug time 18:49:31.793 :: Before HeartBeat Count=41 Time=Thu Mar 29 2012 18:49:31 GMT+0200 AccountId=29131007 Session=8f27a563-0dd6-4803-9faa-335e4e176aeb
debug ++ [int] eventPhase = 2
debug ++ [Boolean] bubbles = false
debug ++ [Boolean] cancelable = false
debug ++ [String] type = timer
debug +++ [int] repeatCount = 0
debug +++ [int] currentCount = 40
debug +++ [Boolean] running = true
debug +++ [int] delay = 120000
debug +++ [int] repeatCount = 0
debug +++ [int] currentCount = 40
debug +++ [Boolean] running = true
debug +++ [int] delay = 120000
debug time 18:49:31.962 :: After HeartBeat Count=41 Result=5
