debug time 16:11:25.286 :: Before HeartBeat Count=1 Time=Wed Dec 7 2011 16:11:25 GMT+0100 AccountId=28699575 Session=debf00c7-53c4-4aaa-bd0e-91253f9fed90
STOP LOGGING: More than 0 nested objects or properties. 
debug time 16:11:26.146 :: After HeartBeat Count=1 Result=5
debug time 16:14:25.292 :: Before HeartBeat Count=2 Time=Wed Dec 7 2011 16:14:25 GMT+0100 AccountId=28699575 Session=debf00c7-53c4-4aaa-bd0e-91253f9fed90
debug ++ [int] eventPhase = 2
debug ++ [Boolean] bubbles = false
debug ++ [Boolean] cancelable = false
debug ++ [String] type = timer
debug +++ [int] repeatCount = 0
debug +++ [int] currentCount = 1
debug +++ [Boolean] running = true
debug +++ [int] delay = 180000
debug +++ [int] repeatCount = 0
debug +++ [int] currentCount = 1
debug +++ [Boolean] running = true
debug +++ [int] delay = 180000
debug time 16:14:25.468 :: After HeartBeat Count=2 Result=5
debug time 16:17:25.347 :: Before HeartBeat Count=3 Time=Wed Dec 7 2011 16:17:25 GMT+0100 AccountId=28699575 Session=debf00c7-53c4-4aaa-bd0e-91253f9fed90
debug ++ [int] eventPhase = 2
debug ++ [Boolean] bubbles = false
debug ++ [Boolean] cancelable = false
debug ++ [String] type = timer
debug +++ [int] repeatCount = 0
debug +++ [int] currentCount = 2
debug +++ [Boolean] running = true
debug +++ [int] delay = 180000
debug +++ [int] repeatCount = 0
debug +++ [int] currentCount = 2
debug +++ [Boolean] running = true
debug +++ [int] delay = 180000
debug time 16:17:25.526 :: After HeartBeat Count=3 Result=5
debug time 16:20:25.373 :: Before HeartBeat Count=4 Time=Wed Dec 7 2011 16:20:25 GMT+0100 AccountId=28699575 Session=debf00c7-53c4-4aaa-bd0e-91253f9fed90
debug ++ [int] eventPhase = 2
debug ++ [Boolean] bubbles = false
debug ++ [Boolean] cancelable = false
debug ++ [String] type = timer
debug +++ [int] repeatCount = 0
debug +++ [int] currentCount = 3
debug +++ [Boolean] running = true
debug +++ [int] delay = 180000
debug +++ [int] repeatCount = 0
debug +++ [int] currentCount = 3
debug +++ [Boolean] running = true
debug +++ [int] delay = 180000
debug time 16:20:25.580 :: After HeartBeat Count=4 Result=5
debug time 16:23:26.349 :: Before HeartBeat Count=5 Time=Wed Dec 7 2011 16:23:26 GMT+0100 AccountId=28699575 Session=debf00c7-53c4-4aaa-bd0e-91253f9fed90
debug ++ [int] eventPhase = 2
debug ++ [Boolean] bubbles = false
debug ++ [Boolean] cancelable = false
debug ++ [String] type = timer
debug +++ [int] repeatCount = 0
debug +++ [int] currentCount = 4
debug +++ [Boolean] running = true
debug +++ [int] delay = 180000
debug +++ [int] repeatCount = 0
debug +++ [int] currentCount = 4
debug +++ [Boolean] running = true
debug +++ [int] delay = 180000
debug time 16:23:26.519 :: After HeartBeat Count=5 Result=5
debug time 16:26:27.347 :: Before HeartBeat Count=6 Time=Wed Dec 7 2011 16:26:27 GMT+0100 AccountId=28699575 Session=debf00c7-53c4-4aaa-bd0e-91253f9fed90
debug ++ [int] eventPhase = 2
debug ++ [Boolean] bubbles = false
debug ++ [Boolean] cancelable = false
debug ++ [String] type = timer
debug +++ [int] repeatCount = 0
debug +++ [int] currentCount = 5
debug +++ [Boolean] running = true
debug +++ [int] delay = 180000
debug +++ [int] repeatCount = 0
debug +++ [int] currentCount = 5
debug +++ [Boolean] running = true
debug +++ [int] delay = 180000
debug time 16:26:27.516 :: After HeartBeat Count=6 Result=5
debug time 16:29:27.348 :: Before HeartBeat Count=7 Time=Wed Dec 7 2011 16:29:27 GMT+0100 AccountId=28699575 Session=debf00c7-53c4-4aaa-bd0e-91253f9fed90
debug ++ [int] eventPhase = 2
debug ++ [Boolean] bubbles = false
debug ++ [Boolean] cancelable = false
debug ++ [String] type = timer
debug +++ [int] repeatCount = 0
debug +++ [int] currentCount = 6
debug +++ [Boolean] running = true
debug +++ [int] delay = 180000
debug +++ [int] repeatCount = 0
debug +++ [int] currentCount = 6
debug +++ [Boolean] running = true
debug +++ [int] delay = 180000
debug time 16:29:27.517 :: After HeartBeat Count=7 Result=5
debug time 16:32:27.351 :: Before HeartBeat Count=8 Time=Wed Dec 7 2011 16:32:27 GMT+0100 AccountId=28699575 Session=debf00c7-53c4-4aaa-bd0e-91253f9fed90
debug ++ [int] eventPhase = 2
debug ++ [Boolean] bubbles = false
debug ++ [Boolean] cancelable = false
debug ++ [String] type = timer
debug +++ [int] repeatCount = 0
debug +++ [int] currentCount = 7
debug +++ [Boolean] running = true
debug +++ [int] delay = 180000
debug +++ [int] repeatCount = 0
debug +++ [int] currentCount = 7
debug +++ [Boolean] running = true
debug +++ [int] delay = 180000
debug time 16:32:27.526 :: After HeartBeat Count=8 Result=5
debug time 16:35:28.349 :: Before HeartBeat Count=9 Time=Wed Dec 7 2011 16:35:28 GMT+0100 AccountId=28699575 Session=debf00c7-53c4-4aaa-bd0e-91253f9fed90
debug ++ [int] eventPhase = 2
debug ++ [Boolean] bubbles = false
debug ++ [Boolean] cancelable = false
debug ++ [String] type = timer
debug +++ [int] repeatCount = 0
debug +++ [int] currentCount = 8
debug +++ [Boolean] running = true
debug +++ [int] delay = 180000
debug +++ [int] repeatCount = 0
debug +++ [int] currentCount = 8
debug +++ [Boolean] running = true
debug +++ [int] delay = 180000
debug time 16:35:28.518 :: After HeartBeat Count=9 Result=5
debug time 16:38:17.303 :: Performing heartbeat at Wed Dec 7 2011 16:38:17 GMT+0100
debug time 16:38:28.354 :: Before HeartBeat Count=10 Time=Wed Dec 7 2011 16:38:28 GMT+0100 AccountId=28699575 Session=debf00c7-53c4-4aaa-bd0e-91253f9fed90
debug ++ [int] eventPhase = 2
debug ++ [Boolean] bubbles = false
debug ++ [Boolean] cancelable = false
debug ++ [String] type = timer
debug +++ [int] repeatCount = 0
debug +++ [int] currentCount = 9
debug +++ [Boolean] running = true
debug +++ [int] delay = 180000
debug +++ [int] repeatCount = 0
debug +++ [int] currentCount = 9
debug +++ [Boolean] running = true
debug +++ [int] delay = 180000
debug time 16:38:28.531 :: After HeartBeat Count=10 Result=5
debug time 16:41:28.383 :: Before HeartBeat Count=11 Time=Wed Dec 7 2011 16:41:28 GMT+0100 AccountId=28699575 Session=debf00c7-53c4-4aaa-bd0e-91253f9fed90
debug ++ [int] eventPhase = 2
debug ++ [Boolean] bubbles = false
debug ++ [Boolean] cancelable = false
debug ++ [String] type = timer
debug +++ [int] repeatCount = 0
debug +++ [int] currentCount = 10
debug +++ [Boolean] running = true
debug +++ [int] delay = 180000
debug +++ [int] repeatCount = 0
debug +++ [int] currentCount = 10
debug +++ [Boolean] running = true
debug +++ [int] delay = 180000
debug time 16:41:28.585 :: After HeartBeat Count=11 Result=5
debug time 16:44:29.80 :: Before HeartBeat Count=12 Time=Wed Dec 7 2011 16:44:29 GMT+0100 AccountId=28699575 Session=debf00c7-53c4-4aaa-bd0e-91253f9fed90
debug ++ [int] eventPhase = 2
debug ++ [Boolean] bubbles = false
debug ++ [Boolean] cancelable = false
debug ++ [String] type = timer
debug +++ [int] repeatCount = 0
debug +++ [int] currentCount = 11
debug +++ [Boolean] running = true
debug +++ [int] delay = 180000
debug +++ [int] repeatCount = 0
debug +++ [int] currentCount = 11
debug +++ [Boolean] running = true
debug +++ [int] delay = 180000
debug time 16:44:29.259 :: After HeartBeat Count=12 Result=5
debug time 16:47:30.80 :: Before HeartBeat Count=13 Time=Wed Dec 7 2011 16:47:30 GMT+0100 AccountId=28699575 Session=debf00c7-53c4-4aaa-bd0e-91253f9fed90
debug ++ [int] eventPhase = 2
debug ++ [Boolean] bubbles = false
debug ++ [Boolean] cancelable = false
debug ++ [String] type = timer
debug +++ [int] repeatCount = 0
debug +++ [int] currentCount = 12
debug +++ [Boolean] running = true
debug +++ [int] delay = 180000
debug +++ [int] repeatCount = 0
debug +++ [int] currentCount = 12
debug +++ [Boolean] running = true
debug +++ [int] delay = 180000
debug time 16:47:30.271 :: After HeartBeat Count=13 Result=5
debug time 16:50:30.110 :: Before HeartBeat Count=14 Time=Wed Dec 7 2011 16:50:30 GMT+0100 AccountId=28699575 Session=debf00c7-53c4-4aaa-bd0e-91253f9fed90
debug ++ [int] eventPhase = 2
debug ++ [Boolean] bubbles = false
debug ++ [Boolean] cancelable = false
debug ++ [String] type = timer
debug +++ [int] repeatCount = 0
debug +++ [int] currentCount = 13
debug +++ [Boolean] running = true
debug +++ [int] delay = 180000
debug +++ [int] repeatCount = 0
debug +++ [int] currentCount = 13
debug +++ [Boolean] running = true
debug +++ [int] delay = 180000
debug time 16:50:30.289 :: After HeartBeat Count=14 Result=5
debug time 16:53:31.80 :: Before HeartBeat Count=15 Time=Wed Dec 7 2011 16:53:31 GMT+0100 AccountId=28699575 Session=debf00c7-53c4-4aaa-bd0e-91253f9fed90
debug ++ [int] eventPhase = 2
debug ++ [Boolean] bubbles = false
debug ++ [Boolean] cancelable = false
debug ++ [String] type = timer
debug +++ [int] repeatCount = 0
debug +++ [int] currentCount = 14
debug +++ [Boolean] running = true
debug +++ [int] delay = 180000
debug +++ [int] repeatCount = 0
debug +++ [int] currentCount = 14
debug +++ [Boolean] running = true
debug +++ [int] delay = 180000
debug time 16:53:31.250 :: After HeartBeat Count=15 Result=5
debug time 16:56:32.79 :: Before HeartBeat Count=16 Time=Wed Dec 7 2011 16:56:32 GMT+0100 AccountId=28699575 Session=debf00c7-53c4-4aaa-bd0e-91253f9fed90
debug ++ [int] eventPhase = 2
debug ++ [Boolean] bubbles = false
debug ++ [Boolean] cancelable = false
debug ++ [String] type = timer
debug +++ [int] repeatCount = 0
debug +++ [int] currentCount = 15
debug +++ [Boolean] running = true
debug +++ [int] delay = 180000
debug +++ [int] repeatCount = 0
debug +++ [int] currentCount = 15
debug +++ [Boolean] running = true
debug +++ [int] delay = 180000
debug time 16:56:32.258 :: After HeartBeat Count=16 Result=5
debug time 16:59:32.79 :: Before HeartBeat Count=17 Time=Wed Dec 7 2011 16:59:32 GMT+0100 AccountId=28699575 Session=debf00c7-53c4-4aaa-bd0e-91253f9fed90
debug ++ [int] eventPhase = 2
debug ++ [Boolean] bubbles = false
debug ++ [Boolean] cancelable = false
debug ++ [String] type = timer
debug +++ [int] repeatCount = 0
debug +++ [int] currentCount = 16
debug +++ [Boolean] running = true
debug +++ [int] delay = 180000
debug +++ [int] repeatCount = 0
debug +++ [int] currentCount = 16
debug +++ [Boolean] running = true
debug +++ [int] delay = 180000
debug time 16:59:32.248 :: After HeartBeat Count=17 Result=5
debug time 17:02:32.78 :: Before HeartBeat Count=18 Time=Wed Dec 7 2011 17:02:32 GMT+0100 AccountId=28699575 Session=debf00c7-53c4-4aaa-bd0e-91253f9fed90
debug ++ [int] eventPhase = 2
debug ++ [Boolean] bubbles = false
debug ++ [Boolean] cancelable = false
debug ++ [String] type = timer
debug +++ [int] repeatCount = 0
debug +++ [int] currentCount = 17
debug +++ [Boolean] running = true
debug +++ [int] delay = 180000
debug +++ [int] repeatCount = 0
debug +++ [int] currentCount = 17
debug +++ [Boolean] running = true
debug +++ [int] delay = 180000
debug time 17:02:32.257 :: After HeartBeat Count=18 Result=5
debug time 17:05:32.78 :: Before HeartBeat Count=19 Time=Wed Dec 7 2011 17:05:32 GMT+0100 AccountId=28699575 Session=debf00c7-53c4-4aaa-bd0e-91253f9fed90
debug ++ [int] eventPhase = 2
debug ++ [Boolean] bubbles = false
debug ++ [Boolean] cancelable = false
debug ++ [String] type = timer
debug +++ [int] repeatCount = 0
debug +++ [int] currentCount = 18
debug +++ [Boolean] running = true
debug +++ [int] delay = 180000
debug +++ [int] repeatCount = 0
debug +++ [int] currentCount = 18
debug +++ [Boolean] running = true
debug +++ [int] delay = 180000
debug time 17:05:32.248 :: After HeartBeat Count=19 Result=5
debug time 17:08:32.79 :: Before HeartBeat Count=20 Time=Wed Dec 7 2011 17:08:32 GMT+0100 AccountId=28699575 Session=debf00c7-53c4-4aaa-bd0e-91253f9fed90
debug ++ [int] eventPhase = 2
debug ++ [Boolean] bubbles = false
debug ++ [Boolean] cancelable = false
debug ++ [String] type = timer
debug +++ [int] repeatCount = 0
debug +++ [int] currentCount = 19
debug +++ [Boolean] running = true
debug +++ [int] delay = 180000
debug +++ [int] repeatCount = 0
debug +++ [int] currentCount = 19
debug +++ [Boolean] running = true
debug +++ [int] delay = 180000
debug time 17:08:32.271 :: After HeartBeat Count=20 Result=5
debug time 17:11:32.80 :: Before HeartBeat Count=21 Time=Wed Dec 7 2011 17:11:32 GMT+0100 AccountId=28699575 Session=debf00c7-53c4-4aaa-bd0e-91253f9fed90
debug ++ [int] eventPhase = 2
debug ++ [Boolean] bubbles = false
debug ++ [Boolean] cancelable = false
debug ++ [String] type = timer
debug +++ [int] repeatCount = 0
debug +++ [int] currentCount = 20
debug +++ [Boolean] running = true
debug +++ [int] delay = 180000
debug +++ [int] repeatCount = 0
debug +++ [int] currentCount = 20
debug +++ [Boolean] running = true
debug +++ [int] delay = 180000
debug time 17:11:32.249 :: After HeartBeat Count=21 Result=5
debug time 17:14:33.79 :: Before HeartBeat Count=22 Time=Wed Dec 7 2011 17:14:33 GMT+0100 AccountId=28699575 Session=debf00c7-53c4-4aaa-bd0e-91253f9fed90
debug ++ [int] eventPhase = 2
debug ++ [Boolean] bubbles = false
debug ++ [Boolean] cancelable = false
debug ++ [String] type = timer
debug +++ [int] repeatCount = 0
debug +++ [int] currentCount = 21
debug +++ [Boolean] running = true
debug +++ [int] delay = 180000
debug +++ [int] repeatCount = 0
debug +++ [int] currentCount = 21
debug +++ [Boolean] running = true
debug +++ [int] delay = 180000
debug time 17:14:33.438 :: After HeartBeat Count=22 Result=5
debug time 17:17:33.121 :: Before HeartBeat Count=23 Time=Wed Dec 7 2011 17:17:33 GMT+0100 AccountId=28699575 Session=debf00c7-53c4-4aaa-bd0e-91253f9fed90
debug ++ [int] eventPhase = 2
debug ++ [Boolean] bubbles = false
debug ++ [Boolean] cancelable = false
debug ++ [String] type = timer
debug +++ [int] repeatCount = 0
debug +++ [int] currentCount = 22
debug +++ [Boolean] running = true
debug +++ [int] delay = 180000
debug +++ [int] repeatCount = 0
debug +++ [int] currentCount = 22
debug +++ [Boolean] running = true
debug +++ [int] delay = 180000
debug time 17:17:33.450 :: After HeartBeat Count=23 Result=5
debug time 17:20:34.81 :: Before HeartBeat Count=24 Time=Wed Dec 7 2011 17:20:34 GMT+0100 AccountId=28699575 Session=debf00c7-53c4-4aaa-bd0e-91253f9fed90
debug ++ [int] eventPhase = 2
debug ++ [Boolean] bubbles = false
debug ++ [Boolean] cancelable = false
debug ++ [String] type = timer
debug +++ [int] repeatCount = 0
debug +++ [int] currentCount = 23
debug +++ [Boolean] running = true
debug +++ [int] delay = 180000
debug +++ [int] repeatCount = 0
debug +++ [int] currentCount = 23
debug +++ [Boolean] running = true
debug +++ [int] delay = 180000
debug time 17:20:34.260 :: After HeartBeat Count=24 Result=5
debug time 17:23:35.99 :: Before HeartBeat Count=25 Time=Wed Dec 7 2011 17:23:35 GMT+0100 AccountId=28699575 Session=debf00c7-53c4-4aaa-bd0e-91253f9fed90
debug ++ [int] eventPhase = 2
debug ++ [Boolean] bubbles = false
debug ++ [Boolean] cancelable = false
debug ++ [String] type = timer
debug +++ [int] repeatCount = 0
debug +++ [int] currentCount = 24
debug +++ [Boolean] running = true
debug +++ [int] delay = 180000
debug +++ [int] repeatCount = 0
debug +++ [int] currentCount = 24
debug +++ [Boolean] running = true
debug +++ [int] delay = 180000
debug time 17:23:35.277 :: After HeartBeat Count=25 Result=5
debug time 17:26:36.79 :: Before HeartBeat Count=26 Time=Wed Dec 7 2011 17:26:36 GMT+0100 AccountId=28699575 Session=debf00c7-53c4-4aaa-bd0e-91253f9fed90
debug ++ [int] eventPhase = 2
debug ++ [Boolean] bubbles = false
debug ++ [Boolean] cancelable = false
debug ++ [String] type = timer
debug +++ [int] repeatCount = 0
debug +++ [int] currentCount = 25
debug +++ [Boolean] running = true
debug +++ [int] delay = 180000
debug +++ [int] repeatCount = 0
debug +++ [int] currentCount = 25
debug +++ [Boolean] running = true
debug +++ [int] delay = 180000
debug time 17:26:36.249 :: After HeartBeat Count=26 Result=5
debug time 17:29:36.79 :: Before HeartBeat Count=27 Time=Wed Dec 7 2011 17:29:36 GMT+0100 AccountId=28699575 Session=debf00c7-53c4-4aaa-bd0e-91253f9fed90
debug ++ [int] eventPhase = 2
debug ++ [Boolean] bubbles = false
debug ++ [Boolean] cancelable = false
debug ++ [String] type = timer
debug +++ [int] repeatCount = 0
debug +++ [int] currentCount = 26
debug +++ [Boolean] running = true
debug +++ [int] delay = 180000
debug +++ [int] repeatCount = 0
debug +++ [int] currentCount = 26
debug +++ [Boolean] running = true
debug +++ [int] delay = 180000
debug time 17:29:36.249 :: After HeartBeat Count=27 Result=5
debug time 17:32:36.78 :: Before HeartBeat Count=28 Time=Wed Dec 7 2011 17:32:36 GMT+0100 AccountId=28699575 Session=debf00c7-53c4-4aaa-bd0e-91253f9fed90
debug ++ [int] eventPhase = 2
debug ++ [Boolean] bubbles = false
debug ++ [Boolean] cancelable = false
debug ++ [String] type = timer
debug +++ [int] repeatCount = 0
debug +++ [int] currentCount = 27
debug +++ [Boolean] running = true
debug +++ [int] delay = 180000
debug +++ [int] repeatCount = 0
debug +++ [int] currentCount = 27
debug +++ [Boolean] running = true
debug +++ [int] delay = 180000
debug time 17:32:36.248 :: After HeartBeat Count=28 Result=5
debug time 17:35:36.79 :: Before HeartBeat Count=29 Time=Wed Dec 7 2011 17:35:36 GMT+0100 AccountId=28699575 Session=debf00c7-53c4-4aaa-bd0e-91253f9fed90
debug ++ [int] eventPhase = 2
debug ++ [Boolean] bubbles = false
debug ++ [Boolean] cancelable = false
debug ++ [String] type = timer
debug +++ [int] repeatCount = 0
debug +++ [int] currentCount = 28
debug +++ [Boolean] running = true
debug +++ [int] delay = 180000
debug +++ [int] repeatCount = 0
debug +++ [int] currentCount = 28
debug +++ [Boolean] running = true
debug +++ [int] delay = 180000
debug time 17:35:36.258 :: After HeartBeat Count=29 Result=5
debug time 17:38:37.80 :: Before HeartBeat Count=30 Time=Wed Dec 7 2011 17:38:37 GMT+0100 AccountId=28699575 Session=debf00c7-53c4-4aaa-bd0e-91253f9fed90
debug ++ [int] eventPhase = 2
debug ++ [Boolean] bubbles = false
debug ++ [Boolean] cancelable = false
debug ++ [String] type = timer
debug +++ [int] repeatCount = 0
debug +++ [int] currentCount = 29
debug +++ [Boolean] running = true
debug +++ [int] delay = 180000
debug +++ [int] repeatCount = 0
debug +++ [int] currentCount = 29
debug +++ [Boolean] running = true
debug +++ [int] delay = 180000
debug time 17:38:37.264 :: After HeartBeat Count=30 Result=5
debug time 17:40:52.629 :: Performing heartbeat at Wed Dec 7 2011 17:40:52 GMT+0100
debug time 17:41:37.133 :: Before HeartBeat Count=31 Time=Wed Dec 7 2011 17:41:37 GMT+0100 AccountId=28699575 Session=debf00c7-53c4-4aaa-bd0e-91253f9fed90
debug ++ [int] eventPhase = 2
debug ++ [Boolean] bubbles = false
debug ++ [Boolean] cancelable = false
debug ++ [String] type = timer
debug +++ [int] repeatCount = 0
debug +++ [int] currentCount = 30
debug +++ [Boolean] running = true
debug +++ [int] delay = 180000
debug +++ [int] repeatCount = 0
debug +++ [int] currentCount = 30
debug +++ [Boolean] running = true
debug +++ [int] delay = 180000
debug time 17:41:37.475 :: After HeartBeat Count=31 Result=5
debug time 17:44:37.971 :: Before HeartBeat Count=32 Time=Wed Dec 7 2011 17:44:37 GMT+0100 AccountId=28699575 Session=debf00c7-53c4-4aaa-bd0e-91253f9fed90
debug ++ [int] eventPhase = 2
debug ++ [Boolean] bubbles = false
debug ++ [Boolean] cancelable = false
debug ++ [String] type = timer
debug +++ [int] repeatCount = 0
debug +++ [int] currentCount = 31
debug +++ [Boolean] running = true
debug +++ [int] delay = 180000
debug +++ [int] repeatCount = 0
debug +++ [int] currentCount = 31
debug +++ [Boolean] running = true
debug +++ [int] delay = 180000
debug time 17:44:38.206 :: After HeartBeat Count=32 Result=5
debug time 17:47:37.971 :: Before HeartBeat Count=33 Time=Wed Dec 7 2011 17:47:37 GMT+0100 AccountId=28699575 Session=debf00c7-53c4-4aaa-bd0e-91253f9fed90
debug ++ [int] eventPhase = 2
debug ++ [Boolean] bubbles = false
debug ++ [Boolean] cancelable = false
debug ++ [String] type = timer
debug +++ [int] repeatCount = 0
debug +++ [int] currentCount = 32
debug +++ [Boolean] running = true
debug +++ [int] delay = 180000
debug +++ [int] repeatCount = 0
debug +++ [int] currentCount = 32
debug +++ [Boolean] running = true
debug +++ [int] delay = 180000
debug time 17:47:38.150 :: After HeartBeat Count=33 Result=5
debug time 17:50:38.967 :: Before HeartBeat Count=34 Time=Wed Dec 7 2011 17:50:38 GMT+0100 AccountId=28699575 Session=debf00c7-53c4-4aaa-bd0e-91253f9fed90
debug ++ [int] eventPhase = 2
debug ++ [Boolean] bubbles = false
debug ++ [Boolean] cancelable = false
debug ++ [String] type = timer
debug +++ [int] repeatCount = 0
debug +++ [int] currentCount = 33
debug +++ [Boolean] running = true
debug +++ [int] delay = 180000
debug +++ [int] repeatCount = 0
debug +++ [int] currentCount = 33
debug +++ [Boolean] running = true
debug +++ [int] delay = 180000
debug time 17:50:39.136 :: After HeartBeat Count=34 Result=5
debug time 17:53:38.969 :: Before HeartBeat Count=35 Time=Wed Dec 7 2011 17:53:38 GMT+0100 AccountId=28699575 Session=debf00c7-53c4-4aaa-bd0e-91253f9fed90
debug ++ [int] eventPhase = 2
debug ++ [Boolean] bubbles = false
debug ++ [Boolean] cancelable = false
debug ++ [String] type = timer
debug +++ [int] repeatCount = 0
debug +++ [int] currentCount = 34
debug +++ [Boolean] running = true
debug +++ [int] delay = 180000
debug +++ [int] repeatCount = 0
debug +++ [int] currentCount = 34
debug +++ [Boolean] running = true
debug +++ [int] delay = 180000
debug time 17:53:39.148 :: After HeartBeat Count=35 Result=5
debug time 17:56:39.970 :: Before HeartBeat Count=36 Time=Wed Dec 7 2011 17:56:39 GMT+0100 AccountId=28699575 Session=debf00c7-53c4-4aaa-bd0e-91253f9fed90
debug ++ [int] eventPhase = 2
debug ++ [Boolean] bubbles = false
debug ++ [Boolean] cancelable = false
debug ++ [String] type = timer
debug +++ [int] repeatCount = 0
debug +++ [int] currentCount = 35
debug +++ [Boolean] running = true
debug +++ [int] delay = 180000
debug +++ [int] repeatCount = 0
debug +++ [int] currentCount = 35
debug +++ [Boolean] running = true
debug +++ [int] delay = 180000
debug time 17:56:40.149 :: After HeartBeat Count=36 Result=5
debug time 17:59:40.966 :: Before HeartBeat Count=37 Time=Wed Dec 7 2011 17:59:40 GMT+0100 AccountId=28699575 Session=debf00c7-53c4-4aaa-bd0e-91253f9fed90
debug ++ [int] eventPhase = 2
debug ++ [Boolean] bubbles = false
debug ++ [Boolean] cancelable = false
debug ++ [String] type = timer
debug +++ [int] repeatCount = 0
debug +++ [int] currentCount = 36
debug +++ [Boolean] running = true
debug +++ [int] delay = 180000
debug +++ [int] repeatCount = 0
debug +++ [int] currentCount = 36
debug +++ [Boolean] running = true
debug +++ [int] delay = 180000
debug time 17:59:41.135 :: After HeartBeat Count=37 Result=5
debug time 18:02:40.967 :: Before HeartBeat Count=38 Time=Wed Dec 7 2011 18:02:40 GMT+0100 AccountId=28699575 Session=debf00c7-53c4-4aaa-bd0e-91253f9fed90
debug ++ [int] eventPhase = 2
debug ++ [Boolean] bubbles = false
debug ++ [Boolean] cancelable = false
debug ++ [String] type = timer
debug +++ [int] repeatCount = 0
debug +++ [int] currentCount = 37
debug +++ [Boolean] running = true
debug +++ [int] delay = 180000
debug +++ [int] repeatCount = 0
debug +++ [int] currentCount = 37
debug +++ [Boolean] running = true
debug +++ [int] delay = 180000
debug time 18:02:41.137 :: After HeartBeat Count=38 Result=5
debug time 18:05:40.972 :: Before HeartBeat Count=39 Time=Wed Dec 7 2011 18:05:40 GMT+0100 AccountId=28699575 Session=debf00c7-53c4-4aaa-bd0e-91253f9fed90
debug ++ [int] eventPhase = 2
debug ++ [Boolean] bubbles = false
debug ++ [Boolean] cancelable = false
debug ++ [String] type = timer
debug +++ [int] repeatCount = 0
debug +++ [int] currentCount = 38
debug +++ [Boolean] running = true
debug +++ [int] delay = 180000
debug +++ [int] repeatCount = 0
debug +++ [int] currentCount = 38
debug +++ [Boolean] running = true
debug +++ [int] delay = 180000
debug time 18:05:41.142 :: After HeartBeat Count=39 Result=5
debug time 18:08:41.968 :: Before HeartBeat Count=40 Time=Wed Dec 7 2011 18:08:41 GMT+0100 AccountId=28699575 Session=debf00c7-53c4-4aaa-bd0e-91253f9fed90
debug ++ [int] eventPhase = 2
debug ++ [Boolean] bubbles = false
debug ++ [Boolean] cancelable = false
debug ++ [String] type = timer
debug +++ [int] repeatCount = 0
debug +++ [int] currentCount = 39
debug +++ [Boolean] running = true
debug +++ [int] delay = 180000
debug +++ [int] repeatCount = 0
debug +++ [int] currentCount = 39
debug +++ [Boolean] running = true
debug +++ [int] delay = 180000
debug time 18:08:42.147 :: After HeartBeat Count=40 Result=5
debug time 18:11:41.967 :: Before HeartBeat Count=41 Time=Wed Dec 7 2011 18:11:41 GMT+0100 AccountId=28699575 Session=debf00c7-53c4-4aaa-bd0e-91253f9fed90
debug ++ [int] eventPhase = 2
debug ++ [Boolean] bubbles = false
debug ++ [Boolean] cancelable = false
debug ++ [String] type = timer
debug +++ [int] repeatCount = 0
debug +++ [int] currentCount = 40
debug +++ [Boolean] running = true
debug +++ [int] delay = 180000
debug +++ [int] repeatCount = 0
debug +++ [int] currentCount = 40
debug +++ [Boolean] running = true
debug +++ [int] delay = 180000
debug time 18:11:42.146 :: After HeartBeat Count=41 Result=5
debug time 18:14:41.969 :: Before HeartBeat Count=42 Time=Wed Dec 7 2011 18:14:41 GMT+0100 AccountId=28699575 Session=debf00c7-53c4-4aaa-bd0e-91253f9fed90
debug ++ [int] eventPhase = 2
debug ++ [Boolean] bubbles = false
debug ++ [Boolean] cancelable = false
debug ++ [String] type = timer
debug +++ [int] repeatCount = 0
debug +++ [int] currentCount = 41
debug +++ [Boolean] running = true
debug +++ [int] delay = 180000
debug +++ [int] repeatCount = 0
debug +++ [int] currentCount = 41
debug +++ [Boolean] running = true
debug +++ [int] delay = 180000
debug time 18:14:42.147 :: After HeartBeat Count=42 Result=5
debug time 18:17:42.966 :: Before HeartBeat Count=43 Time=Wed Dec 7 2011 18:17:42 GMT+0100 AccountId=28699575 Session=debf00c7-53c4-4aaa-bd0e-91253f9fed90
debug ++ [int] eventPhase = 2
debug ++ [Boolean] bubbles = false
debug ++ [Boolean] cancelable = false
debug ++ [String] type = timer
debug +++ [int] repeatCount = 0
debug +++ [int] currentCount = 42
debug +++ [Boolean] running = true
debug +++ [int] delay = 180000
debug +++ [int] repeatCount = 0
debug +++ [int] currentCount = 42
debug +++ [Boolean] running = true
debug +++ [int] delay = 180000
debug time 18:17:43.146 :: After HeartBeat Count=43 Result=5
debug time 18:20:42.966 :: Before HeartBeat Count=44 Time=Wed Dec 7 2011 18:20:42 GMT+0100 AccountId=28699575 Session=debf00c7-53c4-4aaa-bd0e-91253f9fed90
debug ++ [int] eventPhase = 2
debug ++ [Boolean] bubbles = false
debug ++ [Boolean] cancelable = false
debug ++ [String] type = timer
debug +++ [int] repeatCount = 0
debug +++ [int] currentCount = 43
debug +++ [Boolean] running = true
debug +++ [int] delay = 180000
debug +++ [int] repeatCount = 0
debug +++ [int] currentCount = 43
debug +++ [Boolean] running = true
debug +++ [int] delay = 180000
debug time 18:20:43.156 :: After HeartBeat Count=44 Result=5
debug time 18:23:42.968 :: Before HeartBeat Count=45 Time=Wed Dec 7 2011 18:23:42 GMT+0100 AccountId=28699575 Session=debf00c7-53c4-4aaa-bd0e-91253f9fed90
debug ++ [int] eventPhase = 2
debug ++ [Boolean] bubbles = false
debug ++ [Boolean] cancelable = false
debug ++ [String] type = timer
debug +++ [int] repeatCount = 0
debug +++ [int] currentCount = 44
debug +++ [Boolean] running = true
debug +++ [int] delay = 180000
debug +++ [int] repeatCount = 0
debug +++ [int] currentCount = 44
debug +++ [Boolean] running = true
debug +++ [int] delay = 180000
debug time 18:23:43.148 :: After HeartBeat Count=45 Result=5
debug time 18:24:54.94 :: Performing heartbeat at Wed Dec 7 2011 18:24:54 GMT+0100
