debug time 17:53:44.962 :: Before HeartBeat Count=1 Time=Wed Nov 2 2011 17:53:44 GMT+0100 AccountId=28699575 Session=1707ea21-1819-47a2-99db-bbe71107c9dd
STOP LOGGING: More than 0 nested objects or properties. 
debug time 17:53:47.65 :: After HeartBeat Count=1 Result=5
debug time 17:56:44.995 :: Before HeartBeat Count=2 Time=Wed Nov 2 2011 17:56:44 GMT+0100 AccountId=28699575 Session=1707ea21-1819-47a2-99db-bbe71107c9dd
debug ++ [int] eventPhase = 2
debug ++ [Boolean] bubbles = false
debug ++ [Boolean] cancelable = false
debug ++ [String] type = timer
debug +++ [int] repeatCount = 0
debug +++ [int] currentCount = 1
debug +++ [Boolean] running = true
debug +++ [int] delay = 180000
debug +++ [int] repeatCount = 0
debug +++ [int] currentCount = 1
debug +++ [Boolean] running = true
debug +++ [int] delay = 180000
debug time 17:56:45.200 :: After HeartBeat Count=2 Result=5
debug time 17:59:44.995 :: Before HeartBeat Count=3 Time=Wed Nov 2 2011 17:59:44 GMT+0100 AccountId=28699575 Session=1707ea21-1819-47a2-99db-bbe71107c9dd
debug ++ [int] eventPhase = 2
debug ++ [Boolean] bubbles = false
debug ++ [Boolean] cancelable = false
debug ++ [String] type = timer
debug +++ [int] repeatCount = 0
debug +++ [int] currentCount = 2
debug +++ [Boolean] running = true
debug +++ [int] delay = 180000
debug +++ [int] repeatCount = 0
debug +++ [int] currentCount = 2
debug +++ [Boolean] running = true
debug +++ [int] delay = 180000
debug time 17:59:45.200 :: After HeartBeat Count=3 Result=5
debug time 18:02:44.995 :: Before HeartBeat Count=4 Time=Wed Nov 2 2011 18:02:44 GMT+0100 AccountId=28699575 Session=1707ea21-1819-47a2-99db-bbe71107c9dd
debug ++ [int] eventPhase = 2
debug ++ [Boolean] bubbles = false
debug ++ [Boolean] cancelable = false
debug ++ [String] type = timer
debug +++ [int] repeatCount = 0
debug +++ [int] currentCount = 3
debug +++ [Boolean] running = true
debug +++ [int] delay = 180000
debug +++ [int] repeatCount = 0
debug +++ [int] currentCount = 3
debug +++ [Boolean] running = true
debug +++ [int] delay = 180000
debug time 18:02:45.180 :: After HeartBeat Count=4 Result=5
debug time 18:05:45.208 :: Before HeartBeat Count=5 Time=Wed Nov 2 2011 18:05:45 GMT+0100 AccountId=28699575 Session=1707ea21-1819-47a2-99db-bbe71107c9dd
debug ++ [int] eventPhase = 2
debug ++ [Boolean] bubbles = false
debug ++ [Boolean] cancelable = false
debug ++ [String] type = timer
debug +++ [int] repeatCount = 0
debug +++ [int] currentCount = 4
debug +++ [Boolean] running = true
debug +++ [int] delay = 180000
debug +++ [int] repeatCount = 0
debug +++ [int] currentCount = 4
debug +++ [Boolean] running = true
debug +++ [int] delay = 180000
debug time 18:05:46.205 :: After HeartBeat Count=5 Result=5
debug time 18:08:45.207 :: Before HeartBeat Count=6 Time=Wed Nov 2 2011 18:08:45 GMT+0100 AccountId=28699575 Session=1707ea21-1819-47a2-99db-bbe71107c9dd
debug ++ [int] eventPhase = 2
debug ++ [Boolean] bubbles = false
debug ++ [Boolean] cancelable = false
debug ++ [String] type = timer
debug +++ [int] repeatCount = 0
debug +++ [int] currentCount = 5
debug +++ [Boolean] running = true
debug +++ [int] delay = 180000
debug +++ [int] repeatCount = 0
debug +++ [int] currentCount = 5
debug +++ [Boolean] running = true
debug +++ [int] delay = 180000
debug time 18:08:46.205 :: After HeartBeat Count=6 Result=5
debug time 18:11:45.208 :: Before HeartBeat Count=7 Time=Wed Nov 2 2011 18:11:45 GMT+0100 AccountId=28699575 Session=1707ea21-1819-47a2-99db-bbe71107c9dd
debug ++ [int] eventPhase = 2
debug ++ [Boolean] bubbles = false
debug ++ [Boolean] cancelable = false
debug ++ [String] type = timer
debug +++ [int] repeatCount = 0
debug +++ [int] currentCount = 6
debug +++ [Boolean] running = true
debug +++ [int] delay = 180000
debug +++ [int] repeatCount = 0
debug +++ [int] currentCount = 6
debug +++ [Boolean] running = true
debug +++ [int] delay = 180000
debug time 18:11:46.205 :: After HeartBeat Count=7 Result=5
debug time 18:14:45.208 :: Before HeartBeat Count=8 Time=Wed Nov 2 2011 18:14:45 GMT+0100 AccountId=28699575 Session=1707ea21-1819-47a2-99db-bbe71107c9dd
debug ++ [int] eventPhase = 2
debug ++ [Boolean] bubbles = false
debug ++ [Boolean] cancelable = false
debug ++ [String] type = timer
debug +++ [int] repeatCount = 0
debug +++ [int] currentCount = 7
debug +++ [Boolean] running = true
debug +++ [int] delay = 180000
debug +++ [int] repeatCount = 0
debug +++ [int] currentCount = 7
debug +++ [Boolean] running = true
debug +++ [int] delay = 180000
debug time 18:14:46.205 :: After HeartBeat Count=8 Result=5
debug time 18:17:45.208 :: Before HeartBeat Count=9 Time=Wed Nov 2 2011 18:17:45 GMT+0100 AccountId=28699575 Session=1707ea21-1819-47a2-99db-bbe71107c9dd
debug ++ [int] eventPhase = 2
debug ++ [Boolean] bubbles = false
debug ++ [Boolean] cancelable = false
debug ++ [String] type = timer
debug +++ [int] repeatCount = 0
debug +++ [int] currentCount = 8
debug +++ [Boolean] running = true
debug +++ [int] delay = 180000
debug +++ [int] repeatCount = 0
debug +++ [int] currentCount = 8
debug +++ [Boolean] running = true
debug +++ [int] delay = 180000
debug time 18:17:46.205 :: After HeartBeat Count=9 Result=5
debug time 18:20:46.208 :: Before HeartBeat Count=10 Time=Wed Nov 2 2011 18:20:46 GMT+0100 AccountId=28699575 Session=1707ea21-1819-47a2-99db-bbe71107c9dd
debug ++ [int] eventPhase = 2
debug ++ [Boolean] bubbles = false
debug ++ [Boolean] cancelable = false
debug ++ [String] type = timer
debug +++ [int] repeatCount = 0
debug +++ [int] currentCount = 9
debug +++ [Boolean] running = true
debug +++ [int] delay = 180000
debug +++ [int] repeatCount = 0
debug +++ [int] currentCount = 9
debug +++ [Boolean] running = true
debug +++ [int] delay = 180000
debug time 18:20:47.205 :: After HeartBeat Count=10 Result=5
debug time 18:23:46.208 :: Before HeartBeat Count=11 Time=Wed Nov 2 2011 18:23:46 GMT+0100 AccountId=28699575 Session=1707ea21-1819-47a2-99db-bbe71107c9dd
debug ++ [int] eventPhase = 2
debug ++ [Boolean] bubbles = false
debug ++ [Boolean] cancelable = false
debug ++ [String] type = timer
debug +++ [int] repeatCount = 0
debug +++ [int] currentCount = 10
debug +++ [Boolean] running = true
debug +++ [int] delay = 180000
debug +++ [int] repeatCount = 0
debug +++ [int] currentCount = 10
debug +++ [Boolean] running = true
debug +++ [int] delay = 180000
debug time 18:23:47.205 :: After HeartBeat Count=11 Result=5
debug time 18:26:46.208 :: Before HeartBeat Count=12 Time=Wed Nov 2 2011 18:26:46 GMT+0100 AccountId=28699575 Session=1707ea21-1819-47a2-99db-bbe71107c9dd
debug ++ [int] eventPhase = 2
debug ++ [Boolean] bubbles = false
debug ++ [Boolean] cancelable = false
debug ++ [String] type = timer
debug +++ [int] repeatCount = 0
debug +++ [int] currentCount = 11
debug +++ [Boolean] running = true
debug +++ [int] delay = 180000
debug +++ [int] repeatCount = 0
debug +++ [int] currentCount = 11
debug +++ [Boolean] running = true
debug +++ [int] delay = 180000
debug time 18:26:47.205 :: After HeartBeat Count=12 Result=5
debug time 18:29:46.211 :: Before HeartBeat Count=13 Time=Wed Nov 2 2011 18:29:46 GMT+0100 AccountId=28699575 Session=1707ea21-1819-47a2-99db-bbe71107c9dd
debug ++ [int] eventPhase = 2
debug ++ [Boolean] bubbles = false
debug ++ [Boolean] cancelable = false
debug ++ [String] type = timer
debug +++ [int] repeatCount = 0
debug +++ [int] currentCount = 12
debug +++ [Boolean] running = true
debug +++ [int] delay = 180000
debug +++ [int] repeatCount = 0
debug +++ [int] currentCount = 12
debug +++ [Boolean] running = true
debug +++ [int] delay = 180000
debug time 18:29:47.205 :: After HeartBeat Count=13 Result=5
debug time 18:32:47.208 :: Before HeartBeat Count=14 Time=Wed Nov 2 2011 18:32:47 GMT+0100 AccountId=28699575 Session=1707ea21-1819-47a2-99db-bbe71107c9dd
debug ++ [int] eventPhase = 2
debug ++ [Boolean] bubbles = false
debug ++ [Boolean] cancelable = false
debug ++ [String] type = timer
debug +++ [int] repeatCount = 0
debug +++ [int] currentCount = 13
debug +++ [Boolean] running = true
debug +++ [int] delay = 180000
debug +++ [int] repeatCount = 0
debug +++ [int] currentCount = 13
debug +++ [Boolean] running = true
debug +++ [int] delay = 180000
debug time 18:32:48.205 :: After HeartBeat Count=14 Result=5
debug time 18:35:47.208 :: Before HeartBeat Count=15 Time=Wed Nov 2 2011 18:35:47 GMT+0100 AccountId=28699575 Session=1707ea21-1819-47a2-99db-bbe71107c9dd
debug ++ [int] eventPhase = 2
debug ++ [Boolean] bubbles = false
debug ++ [Boolean] cancelable = false
debug ++ [String] type = timer
debug +++ [int] repeatCount = 0
debug +++ [int] currentCount = 14
debug +++ [Boolean] running = true
debug +++ [int] delay = 180000
debug +++ [int] repeatCount = 0
debug +++ [int] currentCount = 14
debug +++ [Boolean] running = true
debug +++ [int] delay = 180000
debug time 18:35:48.205 :: After HeartBeat Count=15 Result=5
debug time 18:38:47.209 :: Before HeartBeat Count=16 Time=Wed Nov 2 2011 18:38:47 GMT+0100 AccountId=28699575 Session=1707ea21-1819-47a2-99db-bbe71107c9dd
debug ++ [int] eventPhase = 2
debug ++ [Boolean] bubbles = false
debug ++ [Boolean] cancelable = false
debug ++ [String] type = timer
debug +++ [int] repeatCount = 0
debug +++ [int] currentCount = 15
debug +++ [Boolean] running = true
debug +++ [int] delay = 180000
debug +++ [int] repeatCount = 0
debug +++ [int] currentCount = 15
debug +++ [Boolean] running = true
debug +++ [int] delay = 180000
debug time 18:38:48.205 :: After HeartBeat Count=16 Result=5
debug time 18:41:23.251 :: Performing heartbeat at Wed Nov 2 2011 18:41:23 GMT+0100
debug time 18:41:47.226 :: Before HeartBeat Count=17 Time=Wed Nov 2 2011 18:41:47 GMT+0100 AccountId=28699575 Session=1707ea21-1819-47a2-99db-bbe71107c9dd
debug ++ [int] eventPhase = 2
debug ++ [Boolean] bubbles = false
debug ++ [Boolean] cancelable = false
debug ++ [String] type = timer
debug +++ [int] repeatCount = 0
debug +++ [int] currentCount = 16
debug +++ [Boolean] running = true
debug +++ [int] delay = 180000
debug +++ [int] repeatCount = 0
debug +++ [int] currentCount = 16
debug +++ [Boolean] running = true
debug +++ [int] delay = 180000
debug time 18:41:47.429 :: After HeartBeat Count=17 Result=5
debug time 18:44:47.373 :: Before HeartBeat Count=18 Time=Wed Nov 2 2011 18:44:47 GMT+0100 AccountId=28699575 Session=1707ea21-1819-47a2-99db-bbe71107c9dd
debug ++ [int] eventPhase = 2
debug ++ [Boolean] bubbles = false
debug ++ [Boolean] cancelable = false
debug ++ [String] type = timer
debug +++ [int] repeatCount = 0
debug +++ [int] currentCount = 17
debug +++ [Boolean] running = true
debug +++ [int] delay = 180000
debug +++ [int] repeatCount = 0
debug +++ [int] currentCount = 17
debug +++ [Boolean] running = true
debug +++ [int] delay = 180000
debug time 18:44:48.360 :: After HeartBeat Count=18 Result=5
debug time 18:47:48.362 :: Before HeartBeat Count=19 Time=Wed Nov 2 2011 18:47:48 GMT+0100 AccountId=28699575 Session=1707ea21-1819-47a2-99db-bbe71107c9dd
debug ++ [int] eventPhase = 2
debug ++ [Boolean] bubbles = false
debug ++ [Boolean] cancelable = false
debug ++ [String] type = timer
debug +++ [int] repeatCount = 0
debug +++ [int] currentCount = 18
debug +++ [Boolean] running = true
debug +++ [int] delay = 180000
debug +++ [int] repeatCount = 0
debug +++ [int] currentCount = 18
debug +++ [Boolean] running = true
debug +++ [int] delay = 180000
debug time 18:47:49.360 :: After HeartBeat Count=19 Result=5
debug time 18:50:48.363 :: Before HeartBeat Count=20 Time=Wed Nov 2 2011 18:50:48 GMT+0100 AccountId=28699575 Session=1707ea21-1819-47a2-99db-bbe71107c9dd
debug ++ [int] eventPhase = 2
debug ++ [Boolean] bubbles = false
debug ++ [Boolean] cancelable = false
debug ++ [String] type = timer
debug +++ [int] repeatCount = 0
debug +++ [int] currentCount = 19
debug +++ [Boolean] running = true
debug +++ [int] delay = 180000
debug +++ [int] repeatCount = 0
debug +++ [int] currentCount = 19
debug +++ [Boolean] running = true
debug +++ [int] delay = 180000
debug time 18:50:49.360 :: After HeartBeat Count=20 Result=5
debug time 18:53:48.363 :: Before HeartBeat Count=21 Time=Wed Nov 2 2011 18:53:48 GMT+0100 AccountId=28699575 Session=1707ea21-1819-47a2-99db-bbe71107c9dd
debug ++ [int] eventPhase = 2
debug ++ [Boolean] bubbles = false
debug ++ [Boolean] cancelable = false
debug ++ [String] type = timer
debug +++ [int] repeatCount = 0
debug +++ [int] currentCount = 20
debug +++ [Boolean] running = true
debug +++ [int] delay = 180000
debug +++ [int] repeatCount = 0
debug +++ [int] currentCount = 20
debug +++ [Boolean] running = true
debug +++ [int] delay = 180000
debug time 18:53:49.360 :: After HeartBeat Count=21 Result=5
debug time 18:56:48.362 :: Before HeartBeat Count=22 Time=Wed Nov 2 2011 18:56:48 GMT+0100 AccountId=28699575 Session=1707ea21-1819-47a2-99db-bbe71107c9dd
debug ++ [int] eventPhase = 2
debug ++ [Boolean] bubbles = false
debug ++ [Boolean] cancelable = false
debug ++ [String] type = timer
debug +++ [int] repeatCount = 0
debug +++ [int] currentCount = 21
debug +++ [Boolean] running = true
debug +++ [int] delay = 180000
debug +++ [int] repeatCount = 0
debug +++ [int] currentCount = 21
debug +++ [Boolean] running = true
debug +++ [int] delay = 180000
debug time 18:56:49.359 :: After HeartBeat Count=22 Result=5
debug time 18:59:48.388 :: Before HeartBeat Count=23 Time=Wed Nov 2 2011 18:59:48 GMT+0100 AccountId=28699575 Session=1707ea21-1819-47a2-99db-bbe71107c9dd
debug ++ [int] eventPhase = 2
debug ++ [Boolean] bubbles = false
debug ++ [Boolean] cancelable = false
debug ++ [String] type = timer
debug +++ [int] repeatCount = 0
debug +++ [int] currentCount = 22
debug +++ [Boolean] running = true
debug +++ [int] delay = 180000
debug +++ [int] repeatCount = 0
debug +++ [int] currentCount = 22
debug +++ [Boolean] running = true
debug +++ [int] delay = 180000
debug time 18:59:49.365 :: After HeartBeat Count=23 Result=5
debug time 19:02:49.363 :: Before HeartBeat Count=24 Time=Wed Nov 2 2011 19:02:49 GMT+0100 AccountId=28699575 Session=1707ea21-1819-47a2-99db-bbe71107c9dd
debug ++ [int] eventPhase = 2
debug ++ [Boolean] bubbles = false
debug ++ [Boolean] cancelable = false
debug ++ [String] type = timer
debug +++ [int] repeatCount = 0
debug +++ [int] currentCount = 23
debug +++ [Boolean] running = true
debug +++ [int] delay = 180000
debug +++ [int] repeatCount = 0
debug +++ [int] currentCount = 23
debug +++ [Boolean] running = true
debug +++ [int] delay = 180000
debug time 19:02:50.360 :: After HeartBeat Count=24 Result=5
debug time 19:05:49.367 :: Before HeartBeat Count=25 Time=Wed Nov 2 2011 19:05:49 GMT+0100 AccountId=28699575 Session=1707ea21-1819-47a2-99db-bbe71107c9dd
debug ++ [int] eventPhase = 2
debug ++ [Boolean] bubbles = false
debug ++ [Boolean] cancelable = false
debug ++ [String] type = timer
debug +++ [int] repeatCount = 0
debug +++ [int] currentCount = 24
debug +++ [Boolean] running = true
debug +++ [int] delay = 180000
debug +++ [int] repeatCount = 0
debug +++ [int] currentCount = 24
debug +++ [Boolean] running = true
debug +++ [int] delay = 180000
debug time 19:05:50.360 :: After HeartBeat Count=25 Result=5
debug time 19:08:30.506 :: Performing heartbeat at Wed Nov 2 2011 19:08:30 GMT+0100
debug time 19:08:49.378 :: Before HeartBeat Count=26 Time=Wed Nov 2 2011 19:08:49 GMT+0100 AccountId=28699575 Session=1707ea21-1819-47a2-99db-bbe71107c9dd
debug ++ [int] eventPhase = 2
debug ++ [Boolean] bubbles = false
debug ++ [Boolean] cancelable = false
debug ++ [String] type = timer
debug +++ [int] repeatCount = 0
debug +++ [int] currentCount = 25
debug +++ [Boolean] running = true
debug +++ [int] delay = 180000
debug +++ [int] repeatCount = 0
debug +++ [int] currentCount = 25
debug +++ [Boolean] running = true
debug +++ [int] delay = 180000
debug time 19:08:49.848 :: After HeartBeat Count=26 Result=5
debug time 19:11:49.486 :: Before HeartBeat Count=27 Time=Wed Nov 2 2011 19:11:49 GMT+0100 AccountId=28699575 Session=1707ea21-1819-47a2-99db-bbe71107c9dd
debug ++ [int] eventPhase = 2
debug ++ [Boolean] bubbles = false
debug ++ [Boolean] cancelable = false
debug ++ [String] type = timer
debug +++ [int] repeatCount = 0
debug +++ [int] currentCount = 26
debug +++ [Boolean] running = true
debug +++ [int] delay = 180000
debug +++ [int] repeatCount = 0
debug +++ [int] currentCount = 26
debug +++ [Boolean] running = true
debug +++ [int] delay = 180000
debug time 19:11:50.483 :: After HeartBeat Count=27 Result=5
debug time 19:14:49.486 :: Before HeartBeat Count=28 Time=Wed Nov 2 2011 19:14:49 GMT+0100 AccountId=28699575 Session=1707ea21-1819-47a2-99db-bbe71107c9dd
debug ++ [int] eventPhase = 2
debug ++ [Boolean] bubbles = false
debug ++ [Boolean] cancelable = false
debug ++ [String] type = timer
debug +++ [int] repeatCount = 0
debug +++ [int] currentCount = 27
debug +++ [Boolean] running = true
debug +++ [int] delay = 180000
debug +++ [int] repeatCount = 0
debug +++ [int] currentCount = 27
debug +++ [Boolean] running = true
debug +++ [int] delay = 180000
debug time 19:14:50.483 :: After HeartBeat Count=28 Result=5
debug time 19:17:49.485 :: Before HeartBeat Count=29 Time=Wed Nov 2 2011 19:17:49 GMT+0100 AccountId=28699575 Session=1707ea21-1819-47a2-99db-bbe71107c9dd
debug ++ [int] eventPhase = 2
debug ++ [Boolean] bubbles = false
debug ++ [Boolean] cancelable = false
debug ++ [String] type = timer
debug +++ [int] repeatCount = 0
debug +++ [int] currentCount = 28
debug +++ [Boolean] running = true
debug +++ [int] delay = 180000
debug +++ [int] repeatCount = 0
debug +++ [int] currentCount = 28
debug +++ [Boolean] running = true
debug +++ [int] delay = 180000
debug time 19:17:50.483 :: After HeartBeat Count=29 Result=5
debug time 19:20:49.486 :: Before HeartBeat Count=30 Time=Wed Nov 2 2011 19:20:49 GMT+0100 AccountId=28699575 Session=1707ea21-1819-47a2-99db-bbe71107c9dd
debug ++ [int] eventPhase = 2
debug ++ [Boolean] bubbles = false
debug ++ [Boolean] cancelable = false
debug ++ [String] type = timer
debug +++ [int] repeatCount = 0
debug +++ [int] currentCount = 29
debug +++ [Boolean] running = true
debug +++ [int] delay = 180000
debug +++ [int] repeatCount = 0
debug +++ [int] currentCount = 29
debug +++ [Boolean] running = true
debug +++ [int] delay = 180000
debug time 19:20:50.483 :: After HeartBeat Count=30 Result=5
debug time 19:23:49.486 :: Before HeartBeat Count=31 Time=Wed Nov 2 2011 19:23:49 GMT+0100 AccountId=28699575 Session=1707ea21-1819-47a2-99db-bbe71107c9dd
debug ++ [int] eventPhase = 2
debug ++ [Boolean] bubbles = false
debug ++ [Boolean] cancelable = false
debug ++ [String] type = timer
debug +++ [int] repeatCount = 0
debug +++ [int] currentCount = 30
debug +++ [Boolean] running = true
debug +++ [int] delay = 180000
debug +++ [int] repeatCount = 0
debug +++ [int] currentCount = 30
debug +++ [Boolean] running = true
debug +++ [int] delay = 180000
debug time 19:23:50.483 :: After HeartBeat Count=31 Result=5
debug time 19:26:49.486 :: Before HeartBeat Count=32 Time=Wed Nov 2 2011 19:26:49 GMT+0100 AccountId=28699575 Session=1707ea21-1819-47a2-99db-bbe71107c9dd
debug ++ [int] eventPhase = 2
debug ++ [Boolean] bubbles = false
debug ++ [Boolean] cancelable = false
debug ++ [String] type = timer
debug +++ [int] repeatCount = 0
debug +++ [int] currentCount = 31
debug +++ [Boolean] running = true
debug +++ [int] delay = 180000
debug +++ [int] repeatCount = 0
debug +++ [int] currentCount = 31
debug +++ [Boolean] running = true
debug +++ [int] delay = 180000
debug time 19:26:50.482 :: After HeartBeat Count=32 Result=5
debug time 19:29:50.486 :: Before HeartBeat Count=33 Time=Wed Nov 2 2011 19:29:50 GMT+0100 AccountId=28699575 Session=1707ea21-1819-47a2-99db-bbe71107c9dd
debug ++ [int] eventPhase = 2
debug ++ [Boolean] bubbles = false
debug ++ [Boolean] cancelable = false
debug ++ [String] type = timer
debug +++ [int] repeatCount = 0
debug +++ [int] currentCount = 32
debug +++ [Boolean] running = true
debug +++ [int] delay = 180000
debug +++ [int] repeatCount = 0
debug +++ [int] currentCount = 32
debug +++ [Boolean] running = true
debug +++ [int] delay = 180000
debug time 19:29:51.483 :: After HeartBeat Count=33 Result=5
debug time 19:32:50.486 :: Before HeartBeat Count=34 Time=Wed Nov 2 2011 19:32:50 GMT+0100 AccountId=28699575 Session=1707ea21-1819-47a2-99db-bbe71107c9dd
debug ++ [int] eventPhase = 2
debug ++ [Boolean] bubbles = false
debug ++ [Boolean] cancelable = false
debug ++ [String] type = timer
debug +++ [int] repeatCount = 0
debug +++ [int] currentCount = 33
debug +++ [Boolean] running = true
debug +++ [int] delay = 180000
debug +++ [int] repeatCount = 0
debug +++ [int] currentCount = 33
debug +++ [Boolean] running = true
debug +++ [int] delay = 180000
debug time 19:32:51.483 :: After HeartBeat Count=34 Result=5
debug time 19:35:50.508 :: Before HeartBeat Count=35 Time=Wed Nov 2 2011 19:35:50 GMT+0100 AccountId=28699575 Session=1707ea21-1819-47a2-99db-bbe71107c9dd
debug ++ [int] eventPhase = 2
debug ++ [Boolean] bubbles = false
debug ++ [Boolean] cancelable = false
debug ++ [String] type = timer
debug +++ [int] repeatCount = 0
debug +++ [int] currentCount = 34
debug +++ [Boolean] running = true
debug +++ [int] delay = 180000
debug +++ [int] repeatCount = 0
debug +++ [int] currentCount = 34
debug +++ [Boolean] running = true
debug +++ [int] delay = 180000
debug time 19:35:51.483 :: After HeartBeat Count=35 Result=5
debug time 19:38:51.486 :: Before HeartBeat Count=36 Time=Wed Nov 2 2011 19:38:51 GMT+0100 AccountId=28699575 Session=1707ea21-1819-47a2-99db-bbe71107c9dd
debug ++ [int] eventPhase = 2
debug ++ [Boolean] bubbles = false
debug ++ [Boolean] cancelable = false
debug ++ [String] type = timer
debug +++ [int] repeatCount = 0
debug +++ [int] currentCount = 35
debug +++ [Boolean] running = true
debug +++ [int] delay = 180000
debug +++ [int] repeatCount = 0
debug +++ [int] currentCount = 35
debug +++ [Boolean] running = true
debug +++ [int] delay = 180000
debug time 19:38:52.483 :: After HeartBeat Count=36 Result=5
debug time 19:41:51.486 :: Before HeartBeat Count=37 Time=Wed Nov 2 2011 19:41:51 GMT+0100 AccountId=28699575 Session=1707ea21-1819-47a2-99db-bbe71107c9dd
debug ++ [int] eventPhase = 2
debug ++ [Boolean] bubbles = false
debug ++ [Boolean] cancelable = false
debug ++ [String] type = timer
debug +++ [int] repeatCount = 0
debug +++ [int] currentCount = 36
debug +++ [Boolean] running = true
debug +++ [int] delay = 180000
debug +++ [int] repeatCount = 0
debug +++ [int] currentCount = 36
debug +++ [Boolean] running = true
debug +++ [int] delay = 180000
debug time 19:41:52.483 :: After HeartBeat Count=37 Result=5
debug time 19:44:51.486 :: Before HeartBeat Count=38 Time=Wed Nov 2 2011 19:44:51 GMT+0100 AccountId=28699575 Session=1707ea21-1819-47a2-99db-bbe71107c9dd
debug ++ [int] eventPhase = 2
debug ++ [Boolean] bubbles = false
debug ++ [Boolean] cancelable = false
debug ++ [String] type = timer
debug +++ [int] repeatCount = 0
debug +++ [int] currentCount = 37
debug +++ [Boolean] running = true
debug +++ [int] delay = 180000
debug +++ [int] repeatCount = 0
debug +++ [int] currentCount = 37
debug +++ [Boolean] running = true
debug +++ [int] delay = 180000
debug time 19:44:52.483 :: After HeartBeat Count=38 Result=5
debug time 19:47:51.486 :: Before HeartBeat Count=39 Time=Wed Nov 2 2011 19:47:51 GMT+0100 AccountId=28699575 Session=1707ea21-1819-47a2-99db-bbe71107c9dd
debug ++ [int] eventPhase = 2
debug ++ [Boolean] bubbles = false
debug ++ [Boolean] cancelable = false
debug ++ [String] type = timer
debug +++ [int] repeatCount = 0
debug +++ [int] currentCount = 38
debug +++ [Boolean] running = true
debug +++ [int] delay = 180000
debug +++ [int] repeatCount = 0
debug +++ [int] currentCount = 38
debug +++ [Boolean] running = true
debug +++ [int] delay = 180000
debug time 19:47:52.483 :: After HeartBeat Count=39 Result=5
debug time 19:50:51.486 :: Before HeartBeat Count=40 Time=Wed Nov 2 2011 19:50:51 GMT+0100 AccountId=28699575 Session=1707ea21-1819-47a2-99db-bbe71107c9dd
debug ++ [int] eventPhase = 2
debug ++ [Boolean] bubbles = false
debug ++ [Boolean] cancelable = false
debug ++ [String] type = timer
debug +++ [int] repeatCount = 0
debug +++ [int] currentCount = 39
debug +++ [Boolean] running = true
debug +++ [int] delay = 180000
debug +++ [int] repeatCount = 0
debug +++ [int] currentCount = 39
debug +++ [Boolean] running = true
debug +++ [int] delay = 180000
debug time 19:50:52.483 :: After HeartBeat Count=40 Result=5
debug time 19:51:30.508 :: Performing heartbeat at Wed Nov 2 2011 19:51:30 GMT+0100
