debug time 22:30:09.321 :: Before HeartBeat Count=1 Time=Wed Nov 2 2011 22:30:09 GMT+0100 AccountId=28699575 Session=d2c270c0-3b1c-4d53-87d3-b0b8a813afa7
STOP LOGGING: More than 0 nested objects or properties. 
debug time 22:30:10.456 :: After HeartBeat Count=1 Result=5
debug time 22:33:09.337 :: Before HeartBeat Count=2 Time=Wed Nov 2 2011 22:33:09 GMT+0100 AccountId=28699575 Session=d2c270c0-3b1c-4d53-87d3-b0b8a813afa7
debug ++ [int] eventPhase = 2
debug ++ [Boolean] bubbles = false
debug ++ [Boolean] cancelable = false
debug ++ [String] type = timer
debug +++ [int] repeatCount = 0
debug +++ [int] currentCount = 1
debug +++ [Boolean] running = true
debug +++ [int] delay = 180000
debug +++ [int] repeatCount = 0
debug +++ [int] currentCount = 1
debug +++ [Boolean] running = true
debug +++ [int] delay = 180000
debug time 22:33:09.516 :: After HeartBeat Count=2 Result=5
debug time 22:36:09.341 :: Before HeartBeat Count=3 Time=Wed Nov 2 2011 22:36:09 GMT+0100 AccountId=28699575 Session=d2c270c0-3b1c-4d53-87d3-b0b8a813afa7
debug ++ [int] eventPhase = 2
debug ++ [Boolean] bubbles = false
debug ++ [Boolean] cancelable = false
debug ++ [String] type = timer
debug +++ [int] repeatCount = 0
debug +++ [int] currentCount = 2
debug +++ [Boolean] running = true
debug +++ [int] delay = 180000
debug +++ [int] repeatCount = 0
debug +++ [int] currentCount = 2
debug +++ [Boolean] running = true
debug +++ [int] delay = 180000
debug time 22:36:10.338 :: After HeartBeat Count=3 Result=5
debug time 22:39:09.344 :: Before HeartBeat Count=4 Time=Wed Nov 2 2011 22:39:09 GMT+0100 AccountId=28699575 Session=d2c270c0-3b1c-4d53-87d3-b0b8a813afa7
debug ++ [int] eventPhase = 2
debug ++ [Boolean] bubbles = false
debug ++ [Boolean] cancelable = false
debug ++ [String] type = timer
debug +++ [int] repeatCount = 0
debug +++ [int] currentCount = 3
debug +++ [Boolean] running = true
debug +++ [int] delay = 180000
debug +++ [int] repeatCount = 0
debug +++ [int] currentCount = 3
debug +++ [Boolean] running = true
debug +++ [int] delay = 180000
debug time 22:39:10.341 :: After HeartBeat Count=4 Result=5
debug time 22:42:10.346 :: Before HeartBeat Count=5 Time=Wed Nov 2 2011 22:42:10 GMT+0100 AccountId=28699575 Session=d2c270c0-3b1c-4d53-87d3-b0b8a813afa7
debug ++ [int] eventPhase = 2
debug ++ [Boolean] bubbles = false
debug ++ [Boolean] cancelable = false
debug ++ [String] type = timer
debug +++ [int] repeatCount = 0
debug +++ [int] currentCount = 4
debug +++ [Boolean] running = true
debug +++ [int] delay = 180000
debug +++ [int] repeatCount = 0
debug +++ [int] currentCount = 4
debug +++ [Boolean] running = true
debug +++ [int] delay = 180000
debug time 22:42:11.342 :: After HeartBeat Count=5 Result=5
debug time 22:45:10.351 :: Before HeartBeat Count=6 Time=Wed Nov 2 2011 22:45:10 GMT+0100 AccountId=28699575 Session=d2c270c0-3b1c-4d53-87d3-b0b8a813afa7
debug ++ [int] eventPhase = 2
debug ++ [Boolean] bubbles = false
debug ++ [Boolean] cancelable = false
debug ++ [String] type = timer
debug +++ [int] repeatCount = 0
debug +++ [int] currentCount = 5
debug +++ [Boolean] running = true
debug +++ [int] delay = 180000
debug +++ [int] repeatCount = 0
debug +++ [int] currentCount = 5
debug +++ [Boolean] running = true
debug +++ [int] delay = 180000
debug time 22:45:11.345 :: After HeartBeat Count=6 Result=5
debug time 22:48:11.354 :: Before HeartBeat Count=7 Time=Wed Nov 2 2011 22:48:11 GMT+0100 AccountId=28699575 Session=d2c270c0-3b1c-4d53-87d3-b0b8a813afa7
debug ++ [int] eventPhase = 2
debug ++ [Boolean] bubbles = false
debug ++ [Boolean] cancelable = false
debug ++ [String] type = timer
debug +++ [int] repeatCount = 0
debug +++ [int] currentCount = 6
debug +++ [Boolean] running = true
debug +++ [int] delay = 180000
debug +++ [int] repeatCount = 0
debug +++ [int] currentCount = 6
debug +++ [Boolean] running = true
debug +++ [int] delay = 180000
debug time 22:48:12.348 :: After HeartBeat Count=7 Result=5
debug time 22:51:12.353 :: Before HeartBeat Count=8 Time=Wed Nov 2 2011 22:51:12 GMT+0100 AccountId=28699575 Session=d2c270c0-3b1c-4d53-87d3-b0b8a813afa7
debug ++ [int] eventPhase = 2
debug ++ [Boolean] bubbles = false
debug ++ [Boolean] cancelable = false
debug ++ [String] type = timer
debug +++ [int] repeatCount = 0
debug +++ [int] currentCount = 7
debug +++ [Boolean] running = true
debug +++ [int] delay = 180000
debug +++ [int] repeatCount = 0
debug +++ [int] currentCount = 7
debug +++ [Boolean] running = true
debug +++ [int] delay = 180000
debug time 22:51:13.350 :: After HeartBeat Count=8 Result=5
debug time 22:54:12.378 :: Before HeartBeat Count=9 Time=Wed Nov 2 2011 22:54:12 GMT+0100 AccountId=28699575 Session=d2c270c0-3b1c-4d53-87d3-b0b8a813afa7
debug ++ [int] eventPhase = 2
debug ++ [Boolean] bubbles = false
debug ++ [Boolean] cancelable = false
debug ++ [String] type = timer
debug +++ [int] repeatCount = 0
debug +++ [int] currentCount = 8
debug +++ [Boolean] running = true
debug +++ [int] delay = 180000
debug +++ [int] repeatCount = 0
debug +++ [int] currentCount = 8
debug +++ [Boolean] running = true
debug +++ [int] delay = 180000
debug time 22:54:13.352 :: After HeartBeat Count=9 Result=5
debug time 22:57:13.362 :: Before HeartBeat Count=10 Time=Wed Nov 2 2011 22:57:13 GMT+0100 AccountId=28699575 Session=d2c270c0-3b1c-4d53-87d3-b0b8a813afa7
debug ++ [int] eventPhase = 2
debug ++ [Boolean] bubbles = false
debug ++ [Boolean] cancelable = false
debug ++ [String] type = timer
debug +++ [int] repeatCount = 0
debug +++ [int] currentCount = 9
debug +++ [Boolean] running = true
debug +++ [int] delay = 180000
debug +++ [int] repeatCount = 0
debug +++ [int] currentCount = 9
debug +++ [Boolean] running = true
debug +++ [int] delay = 180000
debug time 22:57:14.354 :: After HeartBeat Count=10 Result=5
debug time 23:00:14.360 :: Before HeartBeat Count=11 Time=Wed Nov 2 2011 23:00:14 GMT+0100 AccountId=28699575 Session=d2c270c0-3b1c-4d53-87d3-b0b8a813afa7
debug ++ [int] eventPhase = 2
debug ++ [Boolean] bubbles = false
debug ++ [Boolean] cancelable = false
debug ++ [String] type = timer
debug +++ [int] repeatCount = 0
debug +++ [int] currentCount = 10
debug +++ [Boolean] running = true
debug +++ [int] delay = 180000
debug +++ [int] repeatCount = 0
debug +++ [int] currentCount = 10
debug +++ [Boolean] running = true
debug +++ [int] delay = 180000
debug time 23:00:15.357 :: After HeartBeat Count=11 Result=5
debug time 23:03:14.364 :: Before HeartBeat Count=12 Time=Wed Nov 2 2011 23:03:14 GMT+0100 AccountId=28699575 Session=d2c270c0-3b1c-4d53-87d3-b0b8a813afa7
debug ++ [int] eventPhase = 2
debug ++ [Boolean] bubbles = false
debug ++ [Boolean] cancelable = false
debug ++ [String] type = timer
debug +++ [int] repeatCount = 0
debug +++ [int] currentCount = 11
debug +++ [Boolean] running = true
debug +++ [int] delay = 180000
debug +++ [int] repeatCount = 0
debug +++ [int] currentCount = 11
debug +++ [Boolean] running = true
debug +++ [int] delay = 180000
debug time 23:03:15.360 :: After HeartBeat Count=12 Result=5
debug time 23:06:15.365 :: Before HeartBeat Count=13 Time=Wed Nov 2 2011 23:06:15 GMT+0100 AccountId=28699575 Session=d2c270c0-3b1c-4d53-87d3-b0b8a813afa7
debug ++ [int] eventPhase = 2
debug ++ [Boolean] bubbles = false
debug ++ [Boolean] cancelable = false
debug ++ [String] type = timer
debug +++ [int] repeatCount = 0
debug +++ [int] currentCount = 12
debug +++ [Boolean] running = true
debug +++ [int] delay = 180000
debug +++ [int] repeatCount = 0
debug +++ [int] currentCount = 12
debug +++ [Boolean] running = true
debug +++ [int] delay = 180000
debug time 23:06:16.362 :: After HeartBeat Count=13 Result=5
debug time 23:09:15.367 :: Before HeartBeat Count=14 Time=Wed Nov 2 2011 23:09:15 GMT+0100 AccountId=28699575 Session=d2c270c0-3b1c-4d53-87d3-b0b8a813afa7
debug ++ [int] eventPhase = 2
debug ++ [Boolean] bubbles = false
debug ++ [Boolean] cancelable = false
debug ++ [String] type = timer
debug +++ [int] repeatCount = 0
debug +++ [int] currentCount = 13
debug +++ [Boolean] running = true
debug +++ [int] delay = 180000
debug +++ [int] repeatCount = 0
debug +++ [int] currentCount = 13
debug +++ [Boolean] running = true
debug +++ [int] delay = 180000
debug time 23:09:16.364 :: After HeartBeat Count=14 Result=5
debug time 23:12:15.370 :: Before HeartBeat Count=15 Time=Wed Nov 2 2011 23:12:15 GMT+0100 AccountId=28699575 Session=d2c270c0-3b1c-4d53-87d3-b0b8a813afa7
debug ++ [int] eventPhase = 2
debug ++ [Boolean] bubbles = false
debug ++ [Boolean] cancelable = false
debug ++ [String] type = timer
debug +++ [int] repeatCount = 0
debug +++ [int] currentCount = 14
debug +++ [Boolean] running = true
debug +++ [int] delay = 180000
debug +++ [int] repeatCount = 0
debug +++ [int] currentCount = 14
debug +++ [Boolean] running = true
debug +++ [int] delay = 180000
debug time 23:12:16.367 :: After HeartBeat Count=15 Result=5
debug time 23:15:15.372 :: Before HeartBeat Count=16 Time=Wed Nov 2 2011 23:15:15 GMT+0100 AccountId=28699575 Session=d2c270c0-3b1c-4d53-87d3-b0b8a813afa7
debug ++ [int] eventPhase = 2
debug ++ [Boolean] bubbles = false
debug ++ [Boolean] cancelable = false
debug ++ [String] type = timer
debug +++ [int] repeatCount = 0
debug +++ [int] currentCount = 15
debug +++ [Boolean] running = true
debug +++ [int] delay = 180000
debug +++ [int] repeatCount = 0
debug +++ [int] currentCount = 15
debug +++ [Boolean] running = true
debug +++ [int] delay = 180000
debug time 23:15:16.370 :: After HeartBeat Count=16 Result=5
debug time 23:18:15.374 :: Before HeartBeat Count=17 Time=Wed Nov 2 2011 23:18:15 GMT+0100 AccountId=28699575 Session=d2c270c0-3b1c-4d53-87d3-b0b8a813afa7
debug ++ [int] eventPhase = 2
debug ++ [Boolean] bubbles = false
debug ++ [Boolean] cancelable = false
debug ++ [String] type = timer
debug +++ [int] repeatCount = 0
debug +++ [int] currentCount = 16
debug +++ [Boolean] running = true
debug +++ [int] delay = 180000
debug +++ [int] repeatCount = 0
debug +++ [int] currentCount = 16
debug +++ [Boolean] running = true
debug +++ [int] delay = 180000
debug time 23:18:16.371 :: After HeartBeat Count=17 Result=5
debug time 23:20:33.426 :: Performing heartbeat at Wed Nov 2 2011 23:20:33 GMT+0100
debug time 23:21:15.644 :: Before HeartBeat Count=18 Time=Wed Nov 2 2011 23:21:15 GMT+0100 AccountId=28699575 Session=d2c270c0-3b1c-4d53-87d3-b0b8a813afa7
debug ++ [int] eventPhase = 2
debug ++ [Boolean] bubbles = false
debug ++ [Boolean] cancelable = false
debug ++ [String] type = timer
debug +++ [int] repeatCount = 0
debug +++ [int] currentCount = 17
debug +++ [Boolean] running = true
debug +++ [int] delay = 180000
debug +++ [int] repeatCount = 0
debug +++ [int] currentCount = 17
debug +++ [Boolean] running = true
debug +++ [int] delay = 180000
debug time 23:21:16.119 :: After HeartBeat Count=18 Result=5
debug time 23:24:16.500 :: Before HeartBeat Count=19 Time=Wed Nov 2 2011 23:24:16 GMT+0100 AccountId=28699575 Session=d2c270c0-3b1c-4d53-87d3-b0b8a813afa7
debug ++ [int] eventPhase = 2
debug ++ [Boolean] bubbles = false
debug ++ [Boolean] cancelable = false
debug ++ [String] type = timer
debug +++ [int] repeatCount = 0
debug +++ [int] currentCount = 18
debug +++ [Boolean] running = true
debug +++ [int] delay = 180000
debug +++ [int] repeatCount = 0
debug +++ [int] currentCount = 18
debug +++ [Boolean] running = true
debug +++ [int] delay = 180000
debug time 23:24:17.481 :: After HeartBeat Count=19 Result=5
debug time 23:27:17.489 :: Before HeartBeat Count=20 Time=Wed Nov 2 2011 23:27:17 GMT+0100 AccountId=28699575 Session=d2c270c0-3b1c-4d53-87d3-b0b8a813afa7
debug ++ [int] eventPhase = 2
debug ++ [Boolean] bubbles = false
debug ++ [Boolean] cancelable = false
debug ++ [String] type = timer
debug +++ [int] repeatCount = 0
debug +++ [int] currentCount = 19
debug +++ [Boolean] running = true
debug +++ [int] delay = 180000
debug +++ [int] repeatCount = 0
debug +++ [int] currentCount = 19
debug +++ [Boolean] running = true
debug +++ [int] delay = 180000
debug time 23:27:18.484 :: After HeartBeat Count=20 Result=5
debug time 23:30:18.489 :: Before HeartBeat Count=21 Time=Wed Nov 2 2011 23:30:18 GMT+0100 AccountId=28699575 Session=d2c270c0-3b1c-4d53-87d3-b0b8a813afa7
debug ++ [int] eventPhase = 2
debug ++ [Boolean] bubbles = false
debug ++ [Boolean] cancelable = false
debug ++ [String] type = timer
debug +++ [int] repeatCount = 0
debug +++ [int] currentCount = 20
debug +++ [Boolean] running = true
debug +++ [int] delay = 180000
debug +++ [int] repeatCount = 0
debug +++ [int] currentCount = 20
debug +++ [Boolean] running = true
debug +++ [int] delay = 180000
debug time 23:30:19.486 :: After HeartBeat Count=21 Result=5
debug time 23:33:18.492 :: Before HeartBeat Count=22 Time=Wed Nov 2 2011 23:33:18 GMT+0100 AccountId=28699575 Session=d2c270c0-3b1c-4d53-87d3-b0b8a813afa7
debug ++ [int] eventPhase = 2
debug ++ [Boolean] bubbles = false
debug ++ [Boolean] cancelable = false
debug ++ [String] type = timer
debug +++ [int] repeatCount = 0
debug +++ [int] currentCount = 21
debug +++ [Boolean] running = true
debug +++ [int] delay = 180000
debug +++ [int] repeatCount = 0
debug +++ [int] currentCount = 21
debug +++ [Boolean] running = true
debug +++ [int] delay = 180000
debug time 23:33:19.488 :: After HeartBeat Count=22 Result=5
debug time 23:36:19.494 :: Before HeartBeat Count=23 Time=Wed Nov 2 2011 23:36:19 GMT+0100 AccountId=28699575 Session=d2c270c0-3b1c-4d53-87d3-b0b8a813afa7
debug ++ [int] eventPhase = 2
debug ++ [Boolean] bubbles = false
debug ++ [Boolean] cancelable = false
debug ++ [String] type = timer
debug +++ [int] repeatCount = 0
debug +++ [int] currentCount = 22
debug +++ [Boolean] running = true
debug +++ [int] delay = 180000
debug +++ [int] repeatCount = 0
debug +++ [int] currentCount = 22
debug +++ [Boolean] running = true
debug +++ [int] delay = 180000
debug time 23:36:20.491 :: After HeartBeat Count=23 Result=5
debug time 23:39:19.496 :: Before HeartBeat Count=24 Time=Wed Nov 2 2011 23:39:19 GMT+0100 AccountId=28699575 Session=d2c270c0-3b1c-4d53-87d3-b0b8a813afa7
debug ++ [int] eventPhase = 2
debug ++ [Boolean] bubbles = false
debug ++ [Boolean] cancelable = false
debug ++ [String] type = timer
debug +++ [int] repeatCount = 0
debug +++ [int] currentCount = 23
debug +++ [Boolean] running = true
debug +++ [int] delay = 180000
debug +++ [int] repeatCount = 0
debug +++ [int] currentCount = 23
debug +++ [Boolean] running = true
debug +++ [int] delay = 180000
debug time 23:39:20.493 :: After HeartBeat Count=24 Result=5
debug time 23:42:19.522 :: Before HeartBeat Count=25 Time=Wed Nov 2 2011 23:42:19 GMT+0100 AccountId=28699575 Session=d2c270c0-3b1c-4d53-87d3-b0b8a813afa7
debug ++ [int] eventPhase = 2
debug ++ [Boolean] bubbles = false
debug ++ [Boolean] cancelable = false
debug ++ [String] type = timer
debug +++ [int] repeatCount = 0
debug +++ [int] currentCount = 24
debug +++ [Boolean] running = true
debug +++ [int] delay = 180000
debug +++ [int] repeatCount = 0
debug +++ [int] currentCount = 24
debug +++ [Boolean] running = true
debug +++ [int] delay = 180000
debug time 23:42:20.495 :: After HeartBeat Count=25 Result=5
debug time 23:45:20.501 :: Before HeartBeat Count=26 Time=Wed Nov 2 2011 23:45:20 GMT+0100 AccountId=28699575 Session=d2c270c0-3b1c-4d53-87d3-b0b8a813afa7
debug ++ [int] eventPhase = 2
debug ++ [Boolean] bubbles = false
debug ++ [Boolean] cancelable = false
debug ++ [String] type = timer
debug +++ [int] repeatCount = 0
debug +++ [int] currentCount = 25
debug +++ [Boolean] running = true
debug +++ [int] delay = 180000
debug +++ [int] repeatCount = 0
debug +++ [int] currentCount = 25
debug +++ [Boolean] running = true
debug +++ [int] delay = 180000
debug time 23:45:21.498 :: After HeartBeat Count=26 Result=5
debug time 23:48:20.503 :: Before HeartBeat Count=27 Time=Wed Nov 2 2011 23:48:20 GMT+0100 AccountId=28699575 Session=d2c270c0-3b1c-4d53-87d3-b0b8a813afa7
debug ++ [int] eventPhase = 2
debug ++ [Boolean] bubbles = false
debug ++ [Boolean] cancelable = false
debug ++ [String] type = timer
debug +++ [int] repeatCount = 0
debug +++ [int] currentCount = 26
debug +++ [Boolean] running = true
debug +++ [int] delay = 180000
debug +++ [int] repeatCount = 0
debug +++ [int] currentCount = 26
debug +++ [Boolean] running = true
debug +++ [int] delay = 180000
debug time 23:48:21.500 :: After HeartBeat Count=27 Result=5
debug time 23:51:20.505 :: Before HeartBeat Count=28 Time=Wed Nov 2 2011 23:51:20 GMT+0100 AccountId=28699575 Session=d2c270c0-3b1c-4d53-87d3-b0b8a813afa7
debug ++ [int] eventPhase = 2
debug ++ [Boolean] bubbles = false
debug ++ [Boolean] cancelable = false
debug ++ [String] type = timer
debug +++ [int] repeatCount = 0
debug +++ [int] currentCount = 27
debug +++ [Boolean] running = true
debug +++ [int] delay = 180000
debug +++ [int] repeatCount = 0
debug +++ [int] currentCount = 27
debug +++ [Boolean] running = true
debug +++ [int] delay = 180000
debug time 23:51:21.503 :: After HeartBeat Count=28 Result=5
debug time 23:54:20.509 :: Before HeartBeat Count=29 Time=Wed Nov 2 2011 23:54:20 GMT+0100 AccountId=28699575 Session=d2c270c0-3b1c-4d53-87d3-b0b8a813afa7
debug ++ [int] eventPhase = 2
debug ++ [Boolean] bubbles = false
debug ++ [Boolean] cancelable = false
debug ++ [String] type = timer
debug +++ [int] repeatCount = 0
debug +++ [int] currentCount = 28
debug +++ [Boolean] running = true
debug +++ [int] delay = 180000
debug +++ [int] repeatCount = 0
debug +++ [int] currentCount = 28
debug +++ [Boolean] running = true
debug +++ [int] delay = 180000
debug time 23:54:21.505 :: After HeartBeat Count=29 Result=5
debug time 23:57:20.532 :: Before HeartBeat Count=30 Time=Wed Nov 2 2011 23:57:20 GMT+0100 AccountId=28699575 Session=d2c270c0-3b1c-4d53-87d3-b0b8a813afa7
debug ++ [int] eventPhase = 2
debug ++ [Boolean] bubbles = false
debug ++ [Boolean] cancelable = false
debug ++ [String] type = timer
debug +++ [int] repeatCount = 0
debug +++ [int] currentCount = 29
debug +++ [Boolean] running = true
debug +++ [int] delay = 180000
debug +++ [int] repeatCount = 0
debug +++ [int] currentCount = 29
debug +++ [Boolean] running = true
debug +++ [int] delay = 180000
debug time 23:57:21.508 :: After HeartBeat Count=30 Result=5
debug time 00:00:21.512 :: Before HeartBeat Count=31 Time=Thu Nov 3 2011 00:00:21 GMT+0100 AccountId=28699575 Session=d2c270c0-3b1c-4d53-87d3-b0b8a813afa7
debug ++ [int] eventPhase = 2
debug ++ [Boolean] bubbles = false
debug ++ [Boolean] cancelable = false
debug ++ [String] type = timer
debug +++ [int] repeatCount = 0
debug +++ [int] currentCount = 30
debug +++ [Boolean] running = true
debug +++ [int] delay = 180000
debug +++ [int] repeatCount = 0
debug +++ [int] currentCount = 30
debug +++ [Boolean] running = true
debug +++ [int] delay = 180000
debug time 00:00:22.510 :: After HeartBeat Count=31 Result=5
debug time 00:03:21.514 :: Before HeartBeat Count=32 Time=Thu Nov 3 2011 00:03:21 GMT+0100 AccountId=28699575 Session=d2c270c0-3b1c-4d53-87d3-b0b8a813afa7
debug ++ [int] eventPhase = 2
debug ++ [Boolean] bubbles = false
debug ++ [Boolean] cancelable = false
debug ++ [String] type = timer
debug +++ [int] repeatCount = 0
debug +++ [int] currentCount = 31
debug +++ [Boolean] running = true
debug +++ [int] delay = 180000
debug +++ [int] repeatCount = 0
debug +++ [int] currentCount = 31
debug +++ [Boolean] running = true
debug +++ [int] delay = 180000
debug time 00:03:22.513 :: After HeartBeat Count=32 Result=5
debug time 00:06:21.517 :: Before HeartBeat Count=33 Time=Thu Nov 3 2011 00:06:21 GMT+0100 AccountId=28699575 Session=d2c270c0-3b1c-4d53-87d3-b0b8a813afa7
debug ++ [int] eventPhase = 2
debug ++ [Boolean] bubbles = false
debug ++ [Boolean] cancelable = false
debug ++ [String] type = timer
debug +++ [int] repeatCount = 0
debug +++ [int] currentCount = 32
debug +++ [Boolean] running = true
debug +++ [int] delay = 180000
debug +++ [int] repeatCount = 0
debug +++ [int] currentCount = 32
debug +++ [Boolean] running = true
debug +++ [int] delay = 180000
debug time 00:06:22.515 :: After HeartBeat Count=33 Result=5
debug time 00:09:21.520 :: Before HeartBeat Count=34 Time=Thu Nov 3 2011 00:09:21 GMT+0100 AccountId=28699575 Session=d2c270c0-3b1c-4d53-87d3-b0b8a813afa7
debug ++ [int] eventPhase = 2
debug ++ [Boolean] bubbles = false
debug ++ [Boolean] cancelable = false
debug ++ [String] type = timer
debug +++ [int] repeatCount = 0
debug +++ [int] currentCount = 33
debug +++ [Boolean] running = true
debug +++ [int] delay = 180000
debug +++ [int] repeatCount = 0
debug +++ [int] currentCount = 33
debug +++ [Boolean] running = true
debug +++ [int] delay = 180000
debug time 00:09:22.517 :: After HeartBeat Count=34 Result=5
debug time 00:12:21.522 :: Before HeartBeat Count=35 Time=Thu Nov 3 2011 00:12:21 GMT+0100 AccountId=28699575 Session=d2c270c0-3b1c-4d53-87d3-b0b8a813afa7
debug ++ [int] eventPhase = 2
debug ++ [Boolean] bubbles = false
debug ++ [Boolean] cancelable = false
debug ++ [String] type = timer
debug +++ [int] repeatCount = 0
debug +++ [int] currentCount = 34
debug +++ [Boolean] running = true
debug +++ [int] delay = 180000
debug +++ [int] repeatCount = 0
debug +++ [int] currentCount = 34
debug +++ [Boolean] running = true
debug +++ [int] delay = 180000
debug time 00:12:22.519 :: After HeartBeat Count=35 Result=5
debug time 00:15:21.525 :: Before HeartBeat Count=36 Time=Thu Nov 3 2011 00:15:21 GMT+0100 AccountId=28699575 Session=d2c270c0-3b1c-4d53-87d3-b0b8a813afa7
debug ++ [int] eventPhase = 2
debug ++ [Boolean] bubbles = false
debug ++ [Boolean] cancelable = false
debug ++ [String] type = timer
debug +++ [int] repeatCount = 0
debug +++ [int] currentCount = 35
debug +++ [Boolean] running = true
debug +++ [int] delay = 180000
debug +++ [int] repeatCount = 0
debug +++ [int] currentCount = 35
debug +++ [Boolean] running = true
debug +++ [int] delay = 180000
debug time 00:15:22.522 :: After HeartBeat Count=36 Result=5
debug time 00:18:21.527 :: Before HeartBeat Count=37 Time=Thu Nov 3 2011 00:18:21 GMT+0100 AccountId=28699575 Session=d2c270c0-3b1c-4d53-87d3-b0b8a813afa7
debug ++ [int] eventPhase = 2
debug ++ [Boolean] bubbles = false
debug ++ [Boolean] cancelable = false
debug ++ [String] type = timer
debug +++ [int] repeatCount = 0
debug +++ [int] currentCount = 36
debug +++ [Boolean] running = true
debug +++ [int] delay = 180000
debug +++ [int] repeatCount = 0
debug +++ [int] currentCount = 36
debug +++ [Boolean] running = true
debug +++ [int] delay = 180000
debug time 00:18:22.524 :: After HeartBeat Count=37 Result=5
debug time 00:21:22.563 :: Before HeartBeat Count=38 Time=Thu Nov 3 2011 00:21:22 GMT+0100 AccountId=28699575 Session=d2c270c0-3b1c-4d53-87d3-b0b8a813afa7
debug ++ [int] eventPhase = 2
debug ++ [Boolean] bubbles = false
debug ++ [Boolean] cancelable = false
debug ++ [String] type = timer
debug +++ [int] repeatCount = 0
debug +++ [int] currentCount = 37
debug +++ [Boolean] running = true
debug +++ [int] delay = 180000
debug +++ [int] repeatCount = 0
debug +++ [int] currentCount = 37
debug +++ [Boolean] running = true
debug +++ [int] delay = 180000
debug time 00:21:23.526 :: After HeartBeat Count=38 Result=5
debug time 00:23:43.588 :: Performing heartbeat at Thu Nov 3 2011 00:23:43 GMT+0100
