debug time 11:32:43.761 :: Before HeartBeat Count=1 Time=Wed Dec 21 2011 11:32:43 GMT+0100 AccountId=28699575 Session=b6c9c712-685a-4a62-be9c-f9783a89aa57
STOP LOGGING: More than 0 nested objects or properties. 
debug time 11:32:44.680 :: After HeartBeat Count=1 Result=5
debug time 11:34:43.774 :: Before HeartBeat Count=2 Time=Wed Dec 21 2011 11:34:43 GMT+0100 AccountId=28699575 Session=b6c9c712-685a-4a62-be9c-f9783a89aa57
debug ++ [int] eventPhase = 2
debug ++ [Boolean] bubbles = false
debug ++ [Boolean] cancelable = false
debug ++ [String] type = timer
debug +++ [int] repeatCount = 0
debug +++ [int] currentCount = 1
debug +++ [Boolean] running = true
debug +++ [int] delay = 120000
debug +++ [int] repeatCount = 0
debug +++ [int] currentCount = 1
debug +++ [Boolean] running = true
debug +++ [int] delay = 120000
debug time 11:34:43.970 :: After HeartBeat Count=2 Result=5
debug time 11:36:43.896 :: Before HeartBeat Count=3 Time=Wed Dec 21 2011 11:36:43 GMT+0100 AccountId=28699575 Session=b6c9c712-685a-4a62-be9c-f9783a89aa57
debug ++ [int] eventPhase = 2
debug ++ [Boolean] bubbles = false
debug ++ [Boolean] cancelable = false
debug ++ [String] type = timer
debug +++ [int] repeatCount = 0
debug +++ [int] currentCount = 2
debug +++ [Boolean] running = true
debug +++ [int] delay = 120000
debug +++ [int] repeatCount = 0
debug +++ [int] currentCount = 2
debug +++ [Boolean] running = true
debug +++ [int] delay = 120000
debug time 11:36:44.891 :: After HeartBeat Count=3 Result=5
debug time 11:38:44.893 :: Before HeartBeat Count=4 Time=Wed Dec 21 2011 11:38:44 GMT+0100 AccountId=28699575 Session=b6c9c712-685a-4a62-be9c-f9783a89aa57
debug ++ [int] eventPhase = 2
debug ++ [Boolean] bubbles = false
debug ++ [Boolean] cancelable = false
debug ++ [String] type = timer
debug +++ [int] repeatCount = 0
debug +++ [int] currentCount = 3
debug +++ [Boolean] running = true
debug +++ [int] delay = 120000
debug +++ [int] repeatCount = 0
debug +++ [int] currentCount = 3
debug +++ [Boolean] running = true
debug +++ [int] delay = 120000
debug time 11:38:45.889 :: After HeartBeat Count=4 Result=5
debug time 11:40:44.895 :: Before HeartBeat Count=5 Time=Wed Dec 21 2011 11:40:44 GMT+0100 AccountId=28699575 Session=b6c9c712-685a-4a62-be9c-f9783a89aa57
debug ++ [int] eventPhase = 2
debug ++ [Boolean] bubbles = false
debug ++ [Boolean] cancelable = false
debug ++ [String] type = timer
debug +++ [int] repeatCount = 0
debug +++ [int] currentCount = 4
debug +++ [Boolean] running = true
debug +++ [int] delay = 120000
debug +++ [int] repeatCount = 0
debug +++ [int] currentCount = 4
debug +++ [Boolean] running = true
debug +++ [int] delay = 120000
debug time 11:40:45.892 :: After HeartBeat Count=5 Result=5
debug time 11:42:44.895 :: Before HeartBeat Count=6 Time=Wed Dec 21 2011 11:42:44 GMT+0100 AccountId=28699575 Session=b6c9c712-685a-4a62-be9c-f9783a89aa57
debug ++ [int] eventPhase = 2
debug ++ [Boolean] bubbles = false
debug ++ [Boolean] cancelable = false
debug ++ [String] type = timer
debug +++ [int] repeatCount = 0
debug +++ [int] currentCount = 5
debug +++ [Boolean] running = true
debug +++ [int] delay = 120000
debug +++ [int] repeatCount = 0
debug +++ [int] currentCount = 5
debug +++ [Boolean] running = true
debug +++ [int] delay = 120000
debug time 11:42:45.892 :: After HeartBeat Count=6 Result=5
debug time 11:44:44.897 :: Before HeartBeat Count=7 Time=Wed Dec 21 2011 11:44:44 GMT+0100 AccountId=28699575 Session=b6c9c712-685a-4a62-be9c-f9783a89aa57
debug ++ [int] eventPhase = 2
debug ++ [Boolean] bubbles = false
debug ++ [Boolean] cancelable = false
debug ++ [String] type = timer
debug +++ [int] repeatCount = 0
debug +++ [int] currentCount = 6
debug +++ [Boolean] running = true
debug +++ [int] delay = 120000
debug +++ [int] repeatCount = 0
debug +++ [int] currentCount = 6
debug +++ [Boolean] running = true
debug +++ [int] delay = 120000
debug time 11:44:45.894 :: After HeartBeat Count=7 Result=5
debug time 11:46:44.896 :: Before HeartBeat Count=8 Time=Wed Dec 21 2011 11:46:44 GMT+0100 AccountId=28699575 Session=b6c9c712-685a-4a62-be9c-f9783a89aa57
debug ++ [int] eventPhase = 2
debug ++ [Boolean] bubbles = false
debug ++ [Boolean] cancelable = false
debug ++ [String] type = timer
debug +++ [int] repeatCount = 0
debug +++ [int] currentCount = 7
debug +++ [Boolean] running = true
debug +++ [int] delay = 120000
debug +++ [int] repeatCount = 0
debug +++ [int] currentCount = 7
debug +++ [Boolean] running = true
debug +++ [int] delay = 120000
debug time 11:46:45.894 :: After HeartBeat Count=8 Result=5
debug time 11:48:44.898 :: Before HeartBeat Count=9 Time=Wed Dec 21 2011 11:48:44 GMT+0100 AccountId=28699575 Session=b6c9c712-685a-4a62-be9c-f9783a89aa57
debug ++ [int] eventPhase = 2
debug ++ [Boolean] bubbles = false
debug ++ [Boolean] cancelable = false
debug ++ [String] type = timer
debug +++ [int] repeatCount = 0
debug +++ [int] currentCount = 8
debug +++ [Boolean] running = true
debug +++ [int] delay = 120000
debug +++ [int] repeatCount = 0
debug +++ [int] currentCount = 8
debug +++ [Boolean] running = true
debug +++ [int] delay = 120000
debug time 11:48:45.895 :: After HeartBeat Count=9 Result=5
debug time 11:50:44.900 :: Before HeartBeat Count=10 Time=Wed Dec 21 2011 11:50:44 GMT+0100 AccountId=28699575 Session=b6c9c712-685a-4a62-be9c-f9783a89aa57
debug ++ [int] eventPhase = 2
debug ++ [Boolean] bubbles = false
debug ++ [Boolean] cancelable = false
debug ++ [String] type = timer
debug +++ [int] repeatCount = 0
debug +++ [int] currentCount = 9
debug +++ [Boolean] running = true
debug +++ [int] delay = 120000
debug +++ [int] repeatCount = 0
debug +++ [int] currentCount = 9
debug +++ [Boolean] running = true
debug +++ [int] delay = 120000
debug time 11:50:45.896 :: After HeartBeat Count=10 Result=5
debug time 11:52:44.902 :: Before HeartBeat Count=11 Time=Wed Dec 21 2011 11:52:44 GMT+0100 AccountId=28699575 Session=b6c9c712-685a-4a62-be9c-f9783a89aa57
debug ++ [int] eventPhase = 2
debug ++ [Boolean] bubbles = false
debug ++ [Boolean] cancelable = false
debug ++ [String] type = timer
debug +++ [int] repeatCount = 0
debug +++ [int] currentCount = 10
debug +++ [Boolean] running = true
debug +++ [int] delay = 120000
debug +++ [int] repeatCount = 0
debug +++ [int] currentCount = 10
debug +++ [Boolean] running = true
debug +++ [int] delay = 120000
debug time 11:52:45.898 :: After HeartBeat Count=11 Result=5
debug time 11:54:44.923 :: Before HeartBeat Count=12 Time=Wed Dec 21 2011 11:54:44 GMT+0100 AccountId=28699575 Session=b6c9c712-685a-4a62-be9c-f9783a89aa57
debug ++ [int] eventPhase = 2
debug ++ [Boolean] bubbles = false
debug ++ [Boolean] cancelable = false
debug ++ [String] type = timer
debug +++ [int] repeatCount = 0
debug +++ [int] currentCount = 11
debug +++ [Boolean] running = true
debug +++ [int] delay = 120000
debug +++ [int] repeatCount = 0
debug +++ [int] currentCount = 11
debug +++ [Boolean] running = true
debug +++ [int] delay = 120000
debug time 11:54:45.899 :: After HeartBeat Count=12 Result=5
debug time 11:56:45.904 :: Before HeartBeat Count=13 Time=Wed Dec 21 2011 11:56:45 GMT+0100 AccountId=28699575 Session=b6c9c712-685a-4a62-be9c-f9783a89aa57
debug ++ [int] eventPhase = 2
debug ++ [Boolean] bubbles = false
debug ++ [Boolean] cancelable = false
debug ++ [String] type = timer
debug +++ [int] repeatCount = 0
debug +++ [int] currentCount = 12
debug +++ [Boolean] running = true
debug +++ [int] delay = 120000
debug +++ [int] repeatCount = 0
debug +++ [int] currentCount = 12
debug +++ [Boolean] running = true
debug +++ [int] delay = 120000
debug time 11:56:46.899 :: After HeartBeat Count=13 Result=5
debug time 11:56:58.140 :: Performing heartbeat at Wed Dec 21 2011 11:56:58 GMT+0100
debug time 11:58:45.904 :: Before HeartBeat Count=14 Time=Wed Dec 21 2011 11:58:45 GMT+0100 AccountId=28699575 Session=b6c9c712-685a-4a62-be9c-f9783a89aa57
debug ++ [int] eventPhase = 2
debug ++ [Boolean] bubbles = false
debug ++ [Boolean] cancelable = false
debug ++ [String] type = timer
debug +++ [int] repeatCount = 0
debug +++ [int] currentCount = 13
debug +++ [Boolean] running = true
debug +++ [int] delay = 120000
debug +++ [int] repeatCount = 0
debug +++ [int] currentCount = 13
debug +++ [Boolean] running = true
debug +++ [int] delay = 120000
debug time 11:58:46.104 :: After HeartBeat Count=14 Result=5
debug time 12:00:46.533 :: Before HeartBeat Count=15 Time=Wed Dec 21 2011 12:00:46 GMT+0100 AccountId=28699575 Session=b6c9c712-685a-4a62-be9c-f9783a89aa57
debug ++ [int] eventPhase = 2
debug ++ [Boolean] bubbles = false
debug ++ [Boolean] cancelable = false
debug ++ [String] type = timer
debug +++ [int] repeatCount = 0
debug +++ [int] currentCount = 14
debug +++ [Boolean] running = true
debug +++ [int] delay = 120000
debug +++ [int] repeatCount = 0
debug +++ [int] currentCount = 14
debug +++ [Boolean] running = true
debug +++ [int] delay = 120000
debug time 12:00:47.529 :: After HeartBeat Count=15 Result=5
debug time 12:02:46.555 :: Before HeartBeat Count=16 Time=Wed Dec 21 2011 12:02:46 GMT+0100 AccountId=28699575 Session=b6c9c712-685a-4a62-be9c-f9783a89aa57
debug ++ [int] eventPhase = 2
debug ++ [Boolean] bubbles = false
debug ++ [Boolean] cancelable = false
debug ++ [String] type = timer
debug +++ [int] repeatCount = 0
debug +++ [int] currentCount = 15
debug +++ [Boolean] running = true
debug +++ [int] delay = 120000
debug +++ [int] repeatCount = 0
debug +++ [int] currentCount = 15
debug +++ [Boolean] running = true
debug +++ [int] delay = 120000
debug time 12:02:47.527 :: After HeartBeat Count=16 Result=5
debug time 12:04:47.533 :: Before HeartBeat Count=17 Time=Wed Dec 21 2011 12:04:47 GMT+0100 AccountId=28699575 Session=b6c9c712-685a-4a62-be9c-f9783a89aa57
debug ++ [int] eventPhase = 2
debug ++ [Boolean] bubbles = false
debug ++ [Boolean] cancelable = false
debug ++ [String] type = timer
debug +++ [int] repeatCount = 0
debug +++ [int] currentCount = 16
debug +++ [Boolean] running = true
debug +++ [int] delay = 120000
debug +++ [int] repeatCount = 0
debug +++ [int] currentCount = 16
debug +++ [Boolean] running = true
debug +++ [int] delay = 120000
debug time 12:04:48.528 :: After HeartBeat Count=17 Result=5
debug time 12:06:48.533 :: Before HeartBeat Count=18 Time=Wed Dec 21 2011 12:06:48 GMT+0100 AccountId=28699575 Session=b6c9c712-685a-4a62-be9c-f9783a89aa57
debug ++ [int] eventPhase = 2
debug ++ [Boolean] bubbles = false
debug ++ [Boolean] cancelable = false
debug ++ [String] type = timer
debug +++ [int] repeatCount = 0
debug +++ [int] currentCount = 17
debug +++ [Boolean] running = true
debug +++ [int] delay = 120000
debug +++ [int] repeatCount = 0
debug +++ [int] currentCount = 17
debug +++ [Boolean] running = true
debug +++ [int] delay = 120000
debug time 12:06:49.528 :: After HeartBeat Count=18 Result=5
debug time 12:08:48.542 :: Before HeartBeat Count=19 Time=Wed Dec 21 2011 12:08:48 GMT+0100 AccountId=28699575 Session=b6c9c712-685a-4a62-be9c-f9783a89aa57
debug ++ [int] eventPhase = 2
debug ++ [Boolean] bubbles = false
debug ++ [Boolean] cancelable = false
debug ++ [String] type = timer
debug +++ [int] repeatCount = 0
debug +++ [int] currentCount = 18
debug +++ [Boolean] running = true
debug +++ [int] delay = 120000
debug +++ [int] repeatCount = 0
debug +++ [int] currentCount = 18
debug +++ [Boolean] running = true
debug +++ [int] delay = 120000
debug time 12:08:49.529 :: After HeartBeat Count=19 Result=5
debug time 12:10:49.533 :: Before HeartBeat Count=20 Time=Wed Dec 21 2011 12:10:49 GMT+0100 AccountId=28699575 Session=b6c9c712-685a-4a62-be9c-f9783a89aa57
debug ++ [int] eventPhase = 2
debug ++ [Boolean] bubbles = false
debug ++ [Boolean] cancelable = false
debug ++ [String] type = timer
debug +++ [int] repeatCount = 0
debug +++ [int] currentCount = 19
debug +++ [Boolean] running = true
debug +++ [int] delay = 120000
debug +++ [int] repeatCount = 0
debug +++ [int] currentCount = 19
debug +++ [Boolean] running = true
debug +++ [int] delay = 120000
debug time 12:10:50.530 :: After HeartBeat Count=20 Result=5
debug time 12:12:49.535 :: Before HeartBeat Count=21 Time=Wed Dec 21 2011 12:12:49 GMT+0100 AccountId=28699575 Session=b6c9c712-685a-4a62-be9c-f9783a89aa57
debug ++ [int] eventPhase = 2
debug ++ [Boolean] bubbles = false
debug ++ [Boolean] cancelable = false
debug ++ [String] type = timer
debug +++ [int] repeatCount = 0
debug +++ [int] currentCount = 20
debug +++ [Boolean] running = true
debug +++ [int] delay = 120000
debug +++ [int] repeatCount = 0
debug +++ [int] currentCount = 20
debug +++ [Boolean] running = true
debug +++ [int] delay = 120000
debug time 12:12:50.531 :: After HeartBeat Count=21 Result=5
debug time 12:14:49.562 :: Before HeartBeat Count=22 Time=Wed Dec 21 2011 12:14:49 GMT+0100 AccountId=28699575 Session=b6c9c712-685a-4a62-be9c-f9783a89aa57
debug ++ [int] eventPhase = 2
debug ++ [Boolean] bubbles = false
debug ++ [Boolean] cancelable = false
debug ++ [String] type = timer
debug +++ [int] repeatCount = 0
debug +++ [int] currentCount = 21
debug +++ [Boolean] running = true
debug +++ [int] delay = 120000
debug +++ [int] repeatCount = 0
debug +++ [int] currentCount = 21
debug +++ [Boolean] running = true
debug +++ [int] delay = 120000
debug time 12:14:50.536 :: After HeartBeat Count=22 Result=5
debug time 12:16:50.535 :: Before HeartBeat Count=23 Time=Wed Dec 21 2011 12:16:50 GMT+0100 AccountId=28699575 Session=b6c9c712-685a-4a62-be9c-f9783a89aa57
debug ++ [int] eventPhase = 2
debug ++ [Boolean] bubbles = false
debug ++ [Boolean] cancelable = false
debug ++ [String] type = timer
debug +++ [int] repeatCount = 0
debug +++ [int] currentCount = 22
debug +++ [Boolean] running = true
debug +++ [int] delay = 120000
debug +++ [int] repeatCount = 0
debug +++ [int] currentCount = 22
debug +++ [Boolean] running = true
debug +++ [int] delay = 120000
debug time 12:16:51.531 :: After HeartBeat Count=23 Result=5
debug time 12:18:50.535 :: Before HeartBeat Count=24 Time=Wed Dec 21 2011 12:18:50 GMT+0100 AccountId=28699575 Session=b6c9c712-685a-4a62-be9c-f9783a89aa57
debug ++ [int] eventPhase = 2
debug ++ [Boolean] bubbles = false
debug ++ [Boolean] cancelable = false
debug ++ [String] type = timer
debug +++ [int] repeatCount = 0
debug +++ [int] currentCount = 23
debug +++ [Boolean] running = true
debug +++ [int] delay = 120000
debug +++ [int] repeatCount = 0
debug +++ [int] currentCount = 23
debug +++ [Boolean] running = true
debug +++ [int] delay = 120000
debug time 12:18:51.531 :: After HeartBeat Count=24 Result=5
debug time 12:20:50.537 :: Before HeartBeat Count=25 Time=Wed Dec 21 2011 12:20:50 GMT+0100 AccountId=28699575 Session=b6c9c712-685a-4a62-be9c-f9783a89aa57
debug ++ [int] eventPhase = 2
debug ++ [Boolean] bubbles = false
debug ++ [Boolean] cancelable = false
debug ++ [String] type = timer
debug +++ [int] repeatCount = 0
debug +++ [int] currentCount = 24
debug +++ [Boolean] running = true
debug +++ [int] delay = 120000
debug +++ [int] repeatCount = 0
debug +++ [int] currentCount = 24
debug +++ [Boolean] running = true
debug +++ [int] delay = 120000
debug time 12:20:51.534 :: After HeartBeat Count=25 Result=5
debug time 12:22:50.583 :: Before HeartBeat Count=26 Time=Wed Dec 21 2011 12:22:50 GMT+0100 AccountId=28699575 Session=b6c9c712-685a-4a62-be9c-f9783a89aa57
debug ++ [int] eventPhase = 2
debug ++ [Boolean] bubbles = false
debug ++ [Boolean] cancelable = false
debug ++ [String] type = timer
debug +++ [int] repeatCount = 0
debug +++ [int] currentCount = 25
debug +++ [Boolean] running = true
debug +++ [int] delay = 120000
debug +++ [int] repeatCount = 0
debug +++ [int] currentCount = 25
debug +++ [Boolean] running = true
debug +++ [int] delay = 120000
debug time 12:22:51.576 :: After HeartBeat Count=26 Result=5
debug time 12:24:51.584 :: Before HeartBeat Count=27 Time=Wed Dec 21 2011 12:24:51 GMT+0100 AccountId=28699575 Session=b6c9c712-685a-4a62-be9c-f9783a89aa57
debug ++ [int] eventPhase = 2
debug ++ [Boolean] bubbles = false
debug ++ [Boolean] cancelable = false
debug ++ [String] type = timer
debug +++ [int] repeatCount = 0
debug +++ [int] currentCount = 26
debug +++ [Boolean] running = true
debug +++ [int] delay = 120000
debug +++ [int] repeatCount = 0
debug +++ [int] currentCount = 26
debug +++ [Boolean] running = true
debug +++ [int] delay = 120000
debug time 12:24:52.576 :: After HeartBeat Count=27 Result=5
debug time 12:26:52.581 :: Before HeartBeat Count=28 Time=Wed Dec 21 2011 12:26:52 GMT+0100 AccountId=28699575 Session=b6c9c712-685a-4a62-be9c-f9783a89aa57
debug ++ [int] eventPhase = 2
debug ++ [Boolean] bubbles = false
debug ++ [Boolean] cancelable = false
debug ++ [String] type = timer
debug +++ [int] repeatCount = 0
debug +++ [int] currentCount = 27
debug +++ [Boolean] running = true
debug +++ [int] delay = 120000
debug +++ [int] repeatCount = 0
debug +++ [int] currentCount = 27
debug +++ [Boolean] running = true
debug +++ [int] delay = 120000
debug time 12:26:53.577 :: After HeartBeat Count=28 Result=5
debug time 12:28:52.581 :: Before HeartBeat Count=29 Time=Wed Dec 21 2011 12:28:52 GMT+0100 AccountId=28699575 Session=b6c9c712-685a-4a62-be9c-f9783a89aa57
debug ++ [int] eventPhase = 2
debug ++ [Boolean] bubbles = false
debug ++ [Boolean] cancelable = false
debug ++ [String] type = timer
debug +++ [int] repeatCount = 0
debug +++ [int] currentCount = 28
debug +++ [Boolean] running = true
debug +++ [int] delay = 120000
debug +++ [int] repeatCount = 0
debug +++ [int] currentCount = 28
debug +++ [Boolean] running = true
debug +++ [int] delay = 120000
debug time 12:28:53.578 :: After HeartBeat Count=29 Result=5
debug time 12:30:53.583 :: Before HeartBeat Count=30 Time=Wed Dec 21 2011 12:30:53 GMT+0100 AccountId=28699575 Session=b6c9c712-685a-4a62-be9c-f9783a89aa57
debug ++ [int] eventPhase = 2
debug ++ [Boolean] bubbles = false
debug ++ [Boolean] cancelable = false
debug ++ [String] type = timer
debug +++ [int] repeatCount = 0
debug +++ [int] currentCount = 29
debug +++ [Boolean] running = true
debug +++ [int] delay = 120000
debug +++ [int] repeatCount = 0
debug +++ [int] currentCount = 29
debug +++ [Boolean] running = true
debug +++ [int] delay = 120000
debug time 12:30:54.578 :: After HeartBeat Count=30 Result=5
debug time 12:32:53.585 :: Before HeartBeat Count=31 Time=Wed Dec 21 2011 12:32:53 GMT+0100 AccountId=28699575 Session=b6c9c712-685a-4a62-be9c-f9783a89aa57
debug ++ [int] eventPhase = 2
debug ++ [Boolean] bubbles = false
debug ++ [Boolean] cancelable = false
debug ++ [String] type = timer
debug +++ [int] repeatCount = 0
debug +++ [int] currentCount = 30
debug +++ [Boolean] running = true
debug +++ [int] delay = 120000
debug +++ [int] repeatCount = 0
debug +++ [int] currentCount = 30
debug +++ [Boolean] running = true
debug +++ [int] delay = 120000
debug time 12:32:54.580 :: After HeartBeat Count=31 Result=5
debug time 12:34:53.587 :: Before HeartBeat Count=32 Time=Wed Dec 21 2011 12:34:53 GMT+0100 AccountId=28699575 Session=b6c9c712-685a-4a62-be9c-f9783a89aa57
debug ++ [int] eventPhase = 2
debug ++ [Boolean] bubbles = false
debug ++ [Boolean] cancelable = false
debug ++ [String] type = timer
debug +++ [int] repeatCount = 0
debug +++ [int] currentCount = 31
debug +++ [Boolean] running = true
debug +++ [int] delay = 120000
debug +++ [int] repeatCount = 0
debug +++ [int] currentCount = 31
debug +++ [Boolean] running = true
debug +++ [int] delay = 120000
debug time 12:34:54.581 :: After HeartBeat Count=32 Result=5
debug time 12:35:53.635 :: Performing heartbeat at Wed Dec 21 2011 12:35:53 GMT+0100
