debug time 23:53:07.87 :: Before HeartBeat Count=1 Time=Fri Feb 24 2012 23:53:07 GMT+0100 AccountId=29131007 Session=5248c1b6-fea1-4ca8-925d-540e0bf2ee51
STOP LOGGING: More than 0 nested objects or properties. 
debug time 23:53:07.403 :: After HeartBeat Count=1 Result=5
debug time 23:55:07.107 :: Before HeartBeat Count=2 Time=Fri Feb 24 2012 23:55:07 GMT+0100 AccountId=29131007 Session=5248c1b6-fea1-4ca8-925d-540e0bf2ee51
debug ++ [int] eventPhase = 2
debug ++ [Boolean] bubbles = false
debug ++ [Boolean] cancelable = false
debug ++ [String] type = timer
debug +++ [int] repeatCount = 0
debug +++ [int] currentCount = 1
debug +++ [Boolean] running = true
debug +++ [int] delay = 120000
debug +++ [int] repeatCount = 0
debug +++ [int] currentCount = 1
debug +++ [Boolean] running = true
debug +++ [int] delay = 120000
debug time 23:55:07.350 :: After HeartBeat Count=2 Result=5
debug time 23:57:07.968 :: Before HeartBeat Count=3 Time=Fri Feb 24 2012 23:57:07 GMT+0100 AccountId=29131007 Session=5248c1b6-fea1-4ca8-925d-540e0bf2ee51
debug ++ [int] eventPhase = 2
debug ++ [Boolean] bubbles = false
debug ++ [Boolean] cancelable = false
debug ++ [String] type = timer
debug +++ [int] repeatCount = 0
debug +++ [int] currentCount = 2
debug +++ [Boolean] running = true
debug +++ [int] delay = 120000
debug +++ [int] repeatCount = 0
debug +++ [int] currentCount = 2
debug +++ [Boolean] running = true
debug +++ [int] delay = 120000
debug time 23:57:08.965 :: After HeartBeat Count=3 Result=5
debug time 23:59:07.986 :: Before HeartBeat Count=4 Time=Fri Feb 24 2012 23:59:07 GMT+0100 AccountId=29131007 Session=5248c1b6-fea1-4ca8-925d-540e0bf2ee51
debug ++ [int] eventPhase = 2
debug ++ [Boolean] bubbles = false
debug ++ [Boolean] cancelable = false
debug ++ [String] type = timer
debug +++ [int] repeatCount = 0
debug +++ [int] currentCount = 3
debug +++ [Boolean] running = true
debug +++ [int] delay = 120000
debug +++ [int] repeatCount = 0
debug +++ [int] currentCount = 3
debug +++ [Boolean] running = true
debug +++ [int] delay = 120000
debug time 23:59:08.967 :: After HeartBeat Count=4 Result=5
debug time 00:01:08.970 :: Before HeartBeat Count=5 Time=Sat Feb 25 2012 00:01:08 GMT+0100 AccountId=29131007 Session=5248c1b6-fea1-4ca8-925d-540e0bf2ee51
debug ++ [int] eventPhase = 2
debug ++ [Boolean] bubbles = false
debug ++ [Boolean] cancelable = false
debug ++ [String] type = timer
debug +++ [int] repeatCount = 0
debug +++ [int] currentCount = 4
debug +++ [Boolean] running = true
debug +++ [int] delay = 120000
debug +++ [int] repeatCount = 0
debug +++ [int] currentCount = 4
debug +++ [Boolean] running = true
debug +++ [int] delay = 120000
debug time 00:01:09.966 :: After HeartBeat Count=5 Result=5
debug time 00:03:08.969 :: Before HeartBeat Count=6 Time=Sat Feb 25 2012 00:03:08 GMT+0100 AccountId=29131007 Session=5248c1b6-fea1-4ca8-925d-540e0bf2ee51
debug ++ [int] eventPhase = 2
debug ++ [Boolean] bubbles = false
debug ++ [Boolean] cancelable = false
debug ++ [String] type = timer
debug +++ [int] repeatCount = 0
debug +++ [int] currentCount = 5
debug +++ [Boolean] running = true
debug +++ [int] delay = 120000
debug +++ [int] repeatCount = 0
debug +++ [int] currentCount = 5
debug +++ [Boolean] running = true
debug +++ [int] delay = 120000
debug time 00:03:09.965 :: After HeartBeat Count=6 Result=5
debug time 00:05:09.967 :: Before HeartBeat Count=7 Time=Sat Feb 25 2012 00:05:09 GMT+0100 AccountId=29131007 Session=5248c1b6-fea1-4ca8-925d-540e0bf2ee51
debug ++ [int] eventPhase = 2
debug ++ [Boolean] bubbles = false
debug ++ [Boolean] cancelable = false
debug ++ [String] type = timer
debug +++ [int] repeatCount = 0
debug +++ [int] currentCount = 6
debug +++ [Boolean] running = true
debug +++ [int] delay = 120000
debug +++ [int] repeatCount = 0
debug +++ [int] currentCount = 6
debug +++ [Boolean] running = true
debug +++ [int] delay = 120000
debug time 00:05:10.964 :: After HeartBeat Count=7 Result=5
debug time 00:07:09.970 :: Before HeartBeat Count=8 Time=Sat Feb 25 2012 00:07:09 GMT+0100 AccountId=29131007 Session=5248c1b6-fea1-4ca8-925d-540e0bf2ee51
debug ++ [int] eventPhase = 2
debug ++ [Boolean] bubbles = false
debug ++ [Boolean] cancelable = false
debug ++ [String] type = timer
debug +++ [int] repeatCount = 0
debug +++ [int] currentCount = 7
debug +++ [Boolean] running = true
debug +++ [int] delay = 120000
debug +++ [int] repeatCount = 0
debug +++ [int] currentCount = 7
debug +++ [Boolean] running = true
debug +++ [int] delay = 120000
debug time 00:07:10.964 :: After HeartBeat Count=8 Result=5
debug time 00:09:09.972 :: Before HeartBeat Count=9 Time=Sat Feb 25 2012 00:09:09 GMT+0100 AccountId=29131007 Session=5248c1b6-fea1-4ca8-925d-540e0bf2ee51
debug ++ [int] eventPhase = 2
debug ++ [Boolean] bubbles = false
debug ++ [Boolean] cancelable = false
debug ++ [String] type = timer
debug +++ [int] repeatCount = 0
debug +++ [int] currentCount = 8
debug +++ [Boolean] running = true
debug +++ [int] delay = 120000
debug +++ [int] repeatCount = 0
debug +++ [int] currentCount = 8
debug +++ [Boolean] running = true
debug +++ [int] delay = 120000
debug time 00:09:10.966 :: After HeartBeat Count=9 Result=5
debug time 00:11:10.973 :: Before HeartBeat Count=10 Time=Sat Feb 25 2012 00:11:10 GMT+0100 AccountId=29131007 Session=5248c1b6-fea1-4ca8-925d-540e0bf2ee51
debug ++ [int] eventPhase = 2
debug ++ [Boolean] bubbles = false
debug ++ [Boolean] cancelable = false
debug ++ [String] type = timer
debug +++ [int] repeatCount = 0
debug +++ [int] currentCount = 9
debug +++ [Boolean] running = true
debug +++ [int] delay = 120000
debug +++ [int] repeatCount = 0
debug +++ [int] currentCount = 9
debug +++ [Boolean] running = true
debug +++ [int] delay = 120000
debug time 00:11:11.968 :: After HeartBeat Count=10 Result=5
debug time 00:13:10.974 :: Before HeartBeat Count=11 Time=Sat Feb 25 2012 00:13:10 GMT+0100 AccountId=29131007 Session=5248c1b6-fea1-4ca8-925d-540e0bf2ee51
debug ++ [int] eventPhase = 2
debug ++ [Boolean] bubbles = false
debug ++ [Boolean] cancelable = false
debug ++ [String] type = timer
debug +++ [int] repeatCount = 0
debug +++ [int] currentCount = 10
debug +++ [Boolean] running = true
debug +++ [int] delay = 120000
debug +++ [int] repeatCount = 0
debug +++ [int] currentCount = 10
debug +++ [Boolean] running = true
debug +++ [int] delay = 120000
debug time 00:13:11.970 :: After HeartBeat Count=11 Result=5
debug time 00:15:10.976 :: Before HeartBeat Count=12 Time=Sat Feb 25 2012 00:15:10 GMT+0100 AccountId=29131007 Session=5248c1b6-fea1-4ca8-925d-540e0bf2ee51
debug ++ [int] eventPhase = 2
debug ++ [Boolean] bubbles = false
debug ++ [Boolean] cancelable = false
debug ++ [String] type = timer
debug +++ [int] repeatCount = 0
debug +++ [int] currentCount = 11
debug +++ [Boolean] running = true
debug +++ [int] delay = 120000
debug +++ [int] repeatCount = 0
debug +++ [int] currentCount = 11
debug +++ [Boolean] running = true
debug +++ [int] delay = 120000
debug time 00:15:11.971 :: After HeartBeat Count=12 Result=5
debug time 00:17:11.01 :: Before HeartBeat Count=13 Time=Sat Feb 25 2012 00:17:11 GMT+0100 AccountId=29131007 Session=5248c1b6-fea1-4ca8-925d-540e0bf2ee51
debug ++ [int] eventPhase = 2
debug ++ [Boolean] bubbles = false
debug ++ [Boolean] cancelable = false
debug ++ [String] type = timer
debug +++ [int] repeatCount = 0
debug +++ [int] currentCount = 12
debug +++ [Boolean] running = true
debug +++ [int] delay = 120000
debug +++ [int] repeatCount = 0
debug +++ [int] currentCount = 12
debug +++ [Boolean] running = true
debug +++ [int] delay = 120000
debug time 00:17:11.975 :: After HeartBeat Count=13 Result=5
debug time 00:19:11.977 :: Before HeartBeat Count=14 Time=Sat Feb 25 2012 00:19:11 GMT+0100 AccountId=29131007 Session=5248c1b6-fea1-4ca8-925d-540e0bf2ee51
debug ++ [int] eventPhase = 2
debug ++ [Boolean] bubbles = false
debug ++ [Boolean] cancelable = false
debug ++ [String] type = timer
debug +++ [int] repeatCount = 0
debug +++ [int] currentCount = 13
debug +++ [Boolean] running = true
debug +++ [int] delay = 120000
debug +++ [int] repeatCount = 0
debug +++ [int] currentCount = 13
debug +++ [Boolean] running = true
debug +++ [int] delay = 120000
debug time 00:19:12.972 :: After HeartBeat Count=14 Result=5
debug time 00:21:12.976 :: Before HeartBeat Count=15 Time=Sat Feb 25 2012 00:21:12 GMT+0100 AccountId=29131007 Session=5248c1b6-fea1-4ca8-925d-540e0bf2ee51
debug ++ [int] eventPhase = 2
debug ++ [Boolean] bubbles = false
debug ++ [Boolean] cancelable = false
debug ++ [String] type = timer
debug +++ [int] repeatCount = 0
debug +++ [int] currentCount = 14
debug +++ [Boolean] running = true
debug +++ [int] delay = 120000
debug +++ [int] repeatCount = 0
debug +++ [int] currentCount = 14
debug +++ [Boolean] running = true
debug +++ [int] delay = 120000
debug time 00:21:13.973 :: After HeartBeat Count=15 Result=5
debug time 00:23:13.978 :: Before HeartBeat Count=16 Time=Sat Feb 25 2012 00:23:13 GMT+0100 AccountId=29131007 Session=5248c1b6-fea1-4ca8-925d-540e0bf2ee51
debug ++ [int] eventPhase = 2
debug ++ [Boolean] bubbles = false
debug ++ [Boolean] cancelable = false
debug ++ [String] type = timer
debug +++ [int] repeatCount = 0
debug +++ [int] currentCount = 15
debug +++ [Boolean] running = true
debug +++ [int] delay = 120000
debug +++ [int] repeatCount = 0
debug +++ [int] currentCount = 15
debug +++ [Boolean] running = true
debug +++ [int] delay = 120000
debug time 00:23:14.975 :: After HeartBeat Count=16 Result=5
debug time 00:25:13.978 :: Before HeartBeat Count=17 Time=Sat Feb 25 2012 00:25:13 GMT+0100 AccountId=29131007 Session=5248c1b6-fea1-4ca8-925d-540e0bf2ee51
debug ++ [int] eventPhase = 2
debug ++ [Boolean] bubbles = false
debug ++ [Boolean] cancelable = false
debug ++ [String] type = timer
debug +++ [int] repeatCount = 0
debug +++ [int] currentCount = 16
debug +++ [Boolean] running = true
debug +++ [int] delay = 120000
debug +++ [int] repeatCount = 0
debug +++ [int] currentCount = 16
debug +++ [Boolean] running = true
debug +++ [int] delay = 120000
debug time 00:25:14.975 :: After HeartBeat Count=17 Result=5
debug time 00:27:13.980 :: Before HeartBeat Count=18 Time=Sat Feb 25 2012 00:27:13 GMT+0100 AccountId=29131007 Session=5248c1b6-fea1-4ca8-925d-540e0bf2ee51
debug ++ [int] eventPhase = 2
debug ++ [Boolean] bubbles = false
debug ++ [Boolean] cancelable = false
debug ++ [String] type = timer
debug +++ [int] repeatCount = 0
debug +++ [int] currentCount = 17
debug +++ [Boolean] running = true
debug +++ [int] delay = 120000
debug +++ [int] repeatCount = 0
debug +++ [int] currentCount = 17
debug +++ [Boolean] running = true
debug +++ [int] delay = 120000
debug time 00:27:14.976 :: After HeartBeat Count=18 Result=5
debug time 00:29:14.982 :: Before HeartBeat Count=19 Time=Sat Feb 25 2012 00:29:14 GMT+0100 AccountId=29131007 Session=5248c1b6-fea1-4ca8-925d-540e0bf2ee51
debug ++ [int] eventPhase = 2
debug ++ [Boolean] bubbles = false
debug ++ [Boolean] cancelable = false
debug ++ [String] type = timer
debug +++ [int] repeatCount = 0
debug +++ [int] currentCount = 18
debug +++ [Boolean] running = true
debug +++ [int] delay = 120000
debug +++ [int] repeatCount = 0
debug +++ [int] currentCount = 18
debug +++ [Boolean] running = true
debug +++ [int] delay = 120000
debug time 00:29:15.978 :: After HeartBeat Count=19 Result=5
debug time 00:31:14.983 :: Before HeartBeat Count=20 Time=Sat Feb 25 2012 00:31:14 GMT+0100 AccountId=29131007 Session=5248c1b6-fea1-4ca8-925d-540e0bf2ee51
debug ++ [int] eventPhase = 2
debug ++ [Boolean] bubbles = false
debug ++ [Boolean] cancelable = false
debug ++ [String] type = timer
debug +++ [int] repeatCount = 0
debug +++ [int] currentCount = 19
debug +++ [Boolean] running = true
debug +++ [int] delay = 120000
debug +++ [int] repeatCount = 0
debug +++ [int] currentCount = 19
debug +++ [Boolean] running = true
debug +++ [int] delay = 120000
debug time 00:31:15.980 :: After HeartBeat Count=20 Result=5
debug time 00:33:14.986 :: Before HeartBeat Count=21 Time=Sat Feb 25 2012 00:33:14 GMT+0100 AccountId=29131007 Session=5248c1b6-fea1-4ca8-925d-540e0bf2ee51
debug ++ [int] eventPhase = 2
debug ++ [Boolean] bubbles = false
debug ++ [Boolean] cancelable = false
debug ++ [String] type = timer
debug +++ [int] repeatCount = 0
debug +++ [int] currentCount = 20
debug +++ [Boolean] running = true
debug +++ [int] delay = 120000
debug +++ [int] repeatCount = 0
debug +++ [int] currentCount = 20
debug +++ [Boolean] running = true
debug +++ [int] delay = 120000
debug time 00:33:15.982 :: After HeartBeat Count=21 Result=5
debug time 00:35:14.987 :: Before HeartBeat Count=22 Time=Sat Feb 25 2012 00:35:14 GMT+0100 AccountId=29131007 Session=5248c1b6-fea1-4ca8-925d-540e0bf2ee51
debug ++ [int] eventPhase = 2
debug ++ [Boolean] bubbles = false
debug ++ [Boolean] cancelable = false
debug ++ [String] type = timer
debug +++ [int] repeatCount = 0
debug +++ [int] currentCount = 21
debug +++ [Boolean] running = true
debug +++ [int] delay = 120000
debug +++ [int] repeatCount = 0
debug +++ [int] currentCount = 21
debug +++ [Boolean] running = true
debug +++ [int] delay = 120000
debug time 00:35:15.983 :: After HeartBeat Count=22 Result=5
debug time 00:37:15.988 :: Before HeartBeat Count=23 Time=Sat Feb 25 2012 00:37:15 GMT+0100 AccountId=29131007 Session=5248c1b6-fea1-4ca8-925d-540e0bf2ee51
debug ++ [int] eventPhase = 2
debug ++ [Boolean] bubbles = false
debug ++ [Boolean] cancelable = false
debug ++ [String] type = timer
debug +++ [int] repeatCount = 0
debug +++ [int] currentCount = 22
debug +++ [Boolean] running = true
debug +++ [int] delay = 120000
debug +++ [int] repeatCount = 0
debug +++ [int] currentCount = 22
debug +++ [Boolean] running = true
debug +++ [int] delay = 120000
debug time 00:37:16.984 :: After HeartBeat Count=23 Result=5
debug time 00:39:15.992 :: Before HeartBeat Count=24 Time=Sat Feb 25 2012 00:39:15 GMT+0100 AccountId=29131007 Session=5248c1b6-fea1-4ca8-925d-540e0bf2ee51
debug ++ [int] eventPhase = 2
debug ++ [Boolean] bubbles = false
debug ++ [Boolean] cancelable = false
debug ++ [String] type = timer
debug +++ [int] repeatCount = 0
debug +++ [int] currentCount = 23
debug +++ [Boolean] running = true
debug +++ [int] delay = 120000
debug +++ [int] repeatCount = 0
debug +++ [int] currentCount = 23
debug +++ [Boolean] running = true
debug +++ [int] delay = 120000
debug time 00:39:16.986 :: After HeartBeat Count=24 Result=5
debug time 00:39:23.452 :: Performing heartbeat at Sat Feb 25 2012 00:39:23 GMT+0100
debug time 00:41:16.01 :: Before HeartBeat Count=25 Time=Sat Feb 25 2012 00:41:16 GMT+0100 AccountId=29131007 Session=5248c1b6-fea1-4ca8-925d-540e0bf2ee51
debug ++ [int] eventPhase = 2
debug ++ [Boolean] bubbles = false
debug ++ [Boolean] cancelable = false
debug ++ [String] type = timer
debug +++ [int] repeatCount = 0
debug +++ [int] currentCount = 24
debug +++ [Boolean] running = true
debug +++ [int] delay = 120000
debug +++ [int] repeatCount = 0
debug +++ [int] currentCount = 24
debug +++ [Boolean] running = true
debug +++ [int] delay = 120000
debug time 00:41:16.197 :: After HeartBeat Count=25 Result=5
debug time 00:43:16.41 :: Before HeartBeat Count=26 Time=Sat Feb 25 2012 00:43:16 GMT+0100 AccountId=29131007 Session=5248c1b6-fea1-4ca8-925d-540e0bf2ee51
debug ++ [int] eventPhase = 2
debug ++ [Boolean] bubbles = false
debug ++ [Boolean] cancelable = false
debug ++ [String] type = timer
debug +++ [int] repeatCount = 0
debug +++ [int] currentCount = 25
debug +++ [Boolean] running = true
debug +++ [int] delay = 120000
debug +++ [int] repeatCount = 0
debug +++ [int] currentCount = 25
debug +++ [Boolean] running = true
debug +++ [int] delay = 120000
debug time 00:43:17.37 :: After HeartBeat Count=26 Result=5
debug time 00:45:17.41 :: Before HeartBeat Count=27 Time=Sat Feb 25 2012 00:45:17 GMT+0100 AccountId=29131007 Session=5248c1b6-fea1-4ca8-925d-540e0bf2ee51
debug ++ [int] eventPhase = 2
debug ++ [Boolean] bubbles = false
debug ++ [Boolean] cancelable = false
debug ++ [String] type = timer
debug +++ [int] repeatCount = 0
debug +++ [int] currentCount = 26
debug +++ [Boolean] running = true
debug +++ [int] delay = 120000
debug +++ [int] repeatCount = 0
debug +++ [int] currentCount = 26
debug +++ [Boolean] running = true
debug +++ [int] delay = 120000
debug time 00:45:18.39 :: After HeartBeat Count=27 Result=5
debug time 00:47:17.63 :: Before HeartBeat Count=28 Time=Sat Feb 25 2012 00:47:17 GMT+0100 AccountId=29131007 Session=5248c1b6-fea1-4ca8-925d-540e0bf2ee51
debug ++ [int] eventPhase = 2
debug ++ [Boolean] bubbles = false
debug ++ [Boolean] cancelable = false
debug ++ [String] type = timer
debug +++ [int] repeatCount = 0
debug +++ [int] currentCount = 27
debug +++ [Boolean] running = true
debug +++ [int] delay = 120000
debug +++ [int] repeatCount = 0
debug +++ [int] currentCount = 27
debug +++ [Boolean] running = true
debug +++ [int] delay = 120000
debug time 00:47:18.41 :: After HeartBeat Count=28 Result=5
debug time 00:49:18.47 :: Before HeartBeat Count=29 Time=Sat Feb 25 2012 00:49:18 GMT+0100 AccountId=29131007 Session=5248c1b6-fea1-4ca8-925d-540e0bf2ee51
debug ++ [int] eventPhase = 2
debug ++ [Boolean] bubbles = false
debug ++ [Boolean] cancelable = false
debug ++ [String] type = timer
debug +++ [int] repeatCount = 0
debug +++ [int] currentCount = 28
debug +++ [Boolean] running = true
debug +++ [int] delay = 120000
debug +++ [int] repeatCount = 0
debug +++ [int] currentCount = 28
debug +++ [Boolean] running = true
debug +++ [int] delay = 120000
debug time 00:49:19.43 :: After HeartBeat Count=29 Result=5
debug time 00:51:19.47 :: Before HeartBeat Count=30 Time=Sat Feb 25 2012 00:51:19 GMT+0100 AccountId=29131007 Session=5248c1b6-fea1-4ca8-925d-540e0bf2ee51
debug ++ [int] eventPhase = 2
debug ++ [Boolean] bubbles = false
debug ++ [Boolean] cancelable = false
debug ++ [String] type = timer
debug +++ [int] repeatCount = 0
debug +++ [int] currentCount = 29
debug +++ [Boolean] running = true
debug +++ [int] delay = 120000
debug +++ [int] repeatCount = 0
debug +++ [int] currentCount = 29
debug +++ [Boolean] running = true
debug +++ [int] delay = 120000
debug time 00:51:20.43 :: After HeartBeat Count=30 Result=5
debug time 00:53:20.47 :: Before HeartBeat Count=31 Time=Sat Feb 25 2012 00:53:20 GMT+0100 AccountId=29131007 Session=5248c1b6-fea1-4ca8-925d-540e0bf2ee51
debug ++ [int] eventPhase = 2
debug ++ [Boolean] bubbles = false
debug ++ [Boolean] cancelable = false
debug ++ [String] type = timer
debug +++ [int] repeatCount = 0
debug +++ [int] currentCount = 30
debug +++ [Boolean] running = true
debug +++ [int] delay = 120000
debug +++ [int] repeatCount = 0
debug +++ [int] currentCount = 30
debug +++ [Boolean] running = true
debug +++ [int] delay = 120000
debug time 00:53:21.43 :: After HeartBeat Count=31 Result=5
debug time 00:55:20.47 :: Before HeartBeat Count=32 Time=Sat Feb 25 2012 00:55:20 GMT+0100 AccountId=29131007 Session=5248c1b6-fea1-4ca8-925d-540e0bf2ee51
debug ++ [int] eventPhase = 2
debug ++ [Boolean] bubbles = false
debug ++ [Boolean] cancelable = false
debug ++ [String] type = timer
debug +++ [int] repeatCount = 0
debug +++ [int] currentCount = 31
debug +++ [Boolean] running = true
debug +++ [int] delay = 120000
debug +++ [int] repeatCount = 0
debug +++ [int] currentCount = 31
debug +++ [Boolean] running = true
debug +++ [int] delay = 120000
debug time 00:55:21.43 :: After HeartBeat Count=32 Result=5
debug time 00:57:21.46 :: Before HeartBeat Count=33 Time=Sat Feb 25 2012 00:57:21 GMT+0100 AccountId=29131007 Session=5248c1b6-fea1-4ca8-925d-540e0bf2ee51
debug ++ [int] eventPhase = 2
debug ++ [Boolean] bubbles = false
debug ++ [Boolean] cancelable = false
debug ++ [String] type = timer
debug +++ [int] repeatCount = 0
debug +++ [int] currentCount = 32
debug +++ [Boolean] running = true
debug +++ [int] delay = 120000
debug +++ [int] repeatCount = 0
debug +++ [int] currentCount = 32
debug +++ [Boolean] running = true
debug +++ [int] delay = 120000
debug time 00:57:22.43 :: After HeartBeat Count=33 Result=5
debug time 00:59:22.50 :: Before HeartBeat Count=34 Time=Sat Feb 25 2012 00:59:22 GMT+0100 AccountId=29131007 Session=5248c1b6-fea1-4ca8-925d-540e0bf2ee51
debug ++ [int] eventPhase = 2
debug ++ [Boolean] bubbles = false
debug ++ [Boolean] cancelable = false
debug ++ [String] type = timer
debug +++ [int] repeatCount = 0
debug +++ [int] currentCount = 33
debug +++ [Boolean] running = true
debug +++ [int] delay = 120000
debug +++ [int] repeatCount = 0
debug +++ [int] currentCount = 33
debug +++ [Boolean] running = true
debug +++ [int] delay = 120000
debug time 00:59:23.45 :: After HeartBeat Count=34 Result=5
debug time 01:01:22.52 :: Before HeartBeat Count=35 Time=Sat Feb 25 2012 01:01:22 GMT+0100 AccountId=29131007 Session=5248c1b6-fea1-4ca8-925d-540e0bf2ee51
debug ++ [int] eventPhase = 2
debug ++ [Boolean] bubbles = false
debug ++ [Boolean] cancelable = false
debug ++ [String] type = timer
debug +++ [int] repeatCount = 0
debug +++ [int] currentCount = 34
debug +++ [Boolean] running = true
debug +++ [int] delay = 120000
debug +++ [int] repeatCount = 0
debug +++ [int] currentCount = 34
debug +++ [Boolean] running = true
debug +++ [int] delay = 120000
debug time 01:01:23.47 :: After HeartBeat Count=35 Result=5
debug time 01:03:23.51 :: Before HeartBeat Count=36 Time=Sat Feb 25 2012 01:03:23 GMT+0100 AccountId=29131007 Session=5248c1b6-fea1-4ca8-925d-540e0bf2ee51
debug ++ [int] eventPhase = 2
debug ++ [Boolean] bubbles = false
debug ++ [Boolean] cancelable = false
debug ++ [String] type = timer
debug +++ [int] repeatCount = 0
debug +++ [int] currentCount = 35
debug +++ [Boolean] running = true
debug +++ [int] delay = 120000
debug +++ [int] repeatCount = 0
debug +++ [int] currentCount = 35
debug +++ [Boolean] running = true
debug +++ [int] delay = 120000
debug time 01:03:24.49 :: After HeartBeat Count=36 Result=5
debug time 01:05:23.51 :: Before HeartBeat Count=37 Time=Sat Feb 25 2012 01:05:23 GMT+0100 AccountId=29131007 Session=5248c1b6-fea1-4ca8-925d-540e0bf2ee51
debug ++ [int] eventPhase = 2
debug ++ [Boolean] bubbles = false
debug ++ [Boolean] cancelable = false
debug ++ [String] type = timer
debug +++ [int] repeatCount = 0
debug +++ [int] currentCount = 36
debug +++ [Boolean] running = true
debug +++ [int] delay = 120000
debug +++ [int] repeatCount = 0
debug +++ [int] currentCount = 36
debug +++ [Boolean] running = true
debug +++ [int] delay = 120000
debug time 01:05:24.48 :: After HeartBeat Count=37 Result=5
debug time 01:07:23.53 :: Before HeartBeat Count=38 Time=Sat Feb 25 2012 01:07:23 GMT+0100 AccountId=29131007 Session=5248c1b6-fea1-4ca8-925d-540e0bf2ee51
debug ++ [int] eventPhase = 2
debug ++ [Boolean] bubbles = false
debug ++ [Boolean] cancelable = false
debug ++ [String] type = timer
debug +++ [int] repeatCount = 0
debug +++ [int] currentCount = 37
debug +++ [Boolean] running = true
debug +++ [int] delay = 120000
debug +++ [int] repeatCount = 0
debug +++ [int] currentCount = 37
debug +++ [Boolean] running = true
debug +++ [int] delay = 120000
debug time 01:07:24.50 :: After HeartBeat Count=38 Result=5
debug time 01:09:23.54 :: Before HeartBeat Count=39 Time=Sat Feb 25 2012 01:09:23 GMT+0100 AccountId=29131007 Session=5248c1b6-fea1-4ca8-925d-540e0bf2ee51
debug ++ [int] eventPhase = 2
debug ++ [Boolean] bubbles = false
debug ++ [Boolean] cancelable = false
debug ++ [String] type = timer
debug +++ [int] repeatCount = 0
debug +++ [int] currentCount = 38
debug +++ [Boolean] running = true
debug +++ [int] delay = 120000
debug +++ [int] repeatCount = 0
debug +++ [int] currentCount = 38
debug +++ [Boolean] running = true
debug +++ [int] delay = 120000
debug time 01:09:24.51 :: After HeartBeat Count=39 Result=5
debug time 01:11:24.57 :: Before HeartBeat Count=40 Time=Sat Feb 25 2012 01:11:24 GMT+0100 AccountId=29131007 Session=5248c1b6-fea1-4ca8-925d-540e0bf2ee51
debug ++ [int] eventPhase = 2
debug ++ [Boolean] bubbles = false
debug ++ [Boolean] cancelable = false
debug ++ [String] type = timer
debug +++ [int] repeatCount = 0
debug +++ [int] currentCount = 39
debug +++ [Boolean] running = true
debug +++ [int] delay = 120000
debug +++ [int] repeatCount = 0
debug +++ [int] currentCount = 39
debug +++ [Boolean] running = true
debug +++ [int] delay = 120000
debug time 01:11:25.52 :: After HeartBeat Count=40 Result=5
debug time 01:13:25.57 :: Before HeartBeat Count=41 Time=Sat Feb 25 2012 01:13:25 GMT+0100 AccountId=29131007 Session=5248c1b6-fea1-4ca8-925d-540e0bf2ee51
debug ++ [int] eventPhase = 2
debug ++ [Boolean] bubbles = false
debug ++ [Boolean] cancelable = false
debug ++ [String] type = timer
debug +++ [int] repeatCount = 0
debug +++ [int] currentCount = 40
debug +++ [Boolean] running = true
debug +++ [int] delay = 120000
debug +++ [int] repeatCount = 0
debug +++ [int] currentCount = 40
debug +++ [Boolean] running = true
debug +++ [int] delay = 120000
debug time 01:13:26.54 :: After HeartBeat Count=41 Result=5
debug time 01:15:25.78 :: Before HeartBeat Count=42 Time=Sat Feb 25 2012 01:15:25 GMT+0100 AccountId=29131007 Session=5248c1b6-fea1-4ca8-925d-540e0bf2ee51
debug ++ [int] eventPhase = 2
debug ++ [Boolean] bubbles = false
debug ++ [Boolean] cancelable = false
debug ++ [String] type = timer
debug +++ [int] repeatCount = 0
debug +++ [int] currentCount = 41
debug +++ [Boolean] running = true
debug +++ [int] delay = 120000
debug +++ [int] repeatCount = 0
debug +++ [int] currentCount = 41
debug +++ [Boolean] running = true
debug +++ [int] delay = 120000
debug time 01:15:26.56 :: After HeartBeat Count=42 Result=5
debug time 01:17:26.60 :: Before HeartBeat Count=43 Time=Sat Feb 25 2012 01:17:26 GMT+0100 AccountId=29131007 Session=5248c1b6-fea1-4ca8-925d-540e0bf2ee51
debug ++ [int] eventPhase = 2
debug ++ [Boolean] bubbles = false
debug ++ [Boolean] cancelable = false
debug ++ [String] type = timer
debug +++ [int] repeatCount = 0
debug +++ [int] currentCount = 42
debug +++ [Boolean] running = true
debug +++ [int] delay = 120000
debug +++ [int] repeatCount = 0
debug +++ [int] currentCount = 42
debug +++ [Boolean] running = true
debug +++ [int] delay = 120000
debug time 01:17:27.55 :: After HeartBeat Count=43 Result=5
debug time 01:19:26.63 :: Before HeartBeat Count=44 Time=Sat Feb 25 2012 01:19:26 GMT+0100 AccountId=29131007 Session=5248c1b6-fea1-4ca8-925d-540e0bf2ee51
debug ++ [int] eventPhase = 2
debug ++ [Boolean] bubbles = false
debug ++ [Boolean] cancelable = false
debug ++ [String] type = timer
debug +++ [int] repeatCount = 0
debug +++ [int] currentCount = 43
debug +++ [Boolean] running = true
debug +++ [int] delay = 120000
debug +++ [int] repeatCount = 0
debug +++ [int] currentCount = 43
debug +++ [Boolean] running = true
debug +++ [int] delay = 120000
debug time 01:19:27.58 :: After HeartBeat Count=44 Result=5
debug time 01:21:27.61 :: Before HeartBeat Count=45 Time=Sat Feb 25 2012 01:21:27 GMT+0100 AccountId=29131007 Session=5248c1b6-fea1-4ca8-925d-540e0bf2ee51
debug ++ [int] eventPhase = 2
debug ++ [Boolean] bubbles = false
debug ++ [Boolean] cancelable = false
debug ++ [String] type = timer
debug +++ [int] repeatCount = 0
debug +++ [int] currentCount = 44
debug +++ [Boolean] running = true
debug +++ [int] delay = 120000
debug +++ [int] repeatCount = 0
debug +++ [int] currentCount = 44
debug +++ [Boolean] running = true
debug +++ [int] delay = 120000
debug time 01:21:28.58 :: After HeartBeat Count=45 Result=5
debug time 01:23:27.63 :: Before HeartBeat Count=46 Time=Sat Feb 25 2012 01:23:27 GMT+0100 AccountId=29131007 Session=5248c1b6-fea1-4ca8-925d-540e0bf2ee51
debug ++ [int] eventPhase = 2
debug ++ [Boolean] bubbles = false
debug ++ [Boolean] cancelable = false
debug ++ [String] type = timer
debug +++ [int] repeatCount = 0
debug +++ [int] currentCount = 45
debug +++ [Boolean] running = true
debug +++ [int] delay = 120000
debug +++ [int] repeatCount = 0
debug +++ [int] currentCount = 45
debug +++ [Boolean] running = true
debug +++ [int] delay = 120000
debug time 01:23:28.60 :: After HeartBeat Count=46 Result=5
debug time 01:25:27.81 :: Before HeartBeat Count=47 Time=Sat Feb 25 2012 01:25:27 GMT+0100 AccountId=29131007 Session=5248c1b6-fea1-4ca8-925d-540e0bf2ee51
debug ++ [int] eventPhase = 2
debug ++ [Boolean] bubbles = false
debug ++ [Boolean] cancelable = false
debug ++ [String] type = timer
debug +++ [int] repeatCount = 0
debug +++ [int] currentCount = 46
debug +++ [Boolean] running = true
debug +++ [int] delay = 120000
debug +++ [int] repeatCount = 0
debug +++ [int] currentCount = 46
debug +++ [Boolean] running = true
debug +++ [int] delay = 120000
debug time 01:25:28.62 :: After HeartBeat Count=47 Result=5
debug time 01:27:27.87 :: Before HeartBeat Count=48 Time=Sat Feb 25 2012 01:27:27 GMT+0100 AccountId=29131007 Session=5248c1b6-fea1-4ca8-925d-540e0bf2ee51
debug ++ [int] eventPhase = 2
debug ++ [Boolean] bubbles = false
debug ++ [Boolean] cancelable = false
debug ++ [String] type = timer
debug +++ [int] repeatCount = 0
debug +++ [int] currentCount = 47
debug +++ [Boolean] running = true
debug +++ [int] delay = 120000
debug +++ [int] repeatCount = 0
debug +++ [int] currentCount = 47
debug +++ [Boolean] running = true
debug +++ [int] delay = 120000
debug time 01:27:28.64 :: After HeartBeat Count=48 Result=5
debug time 01:29:28.95 :: Before HeartBeat Count=49 Time=Sat Feb 25 2012 01:29:28 GMT+0100 AccountId=29131007 Session=5248c1b6-fea1-4ca8-925d-540e0bf2ee51
debug ++ [int] eventPhase = 2
debug ++ [Boolean] bubbles = false
debug ++ [Boolean] cancelable = false
debug ++ [String] type = timer
debug +++ [int] repeatCount = 0
debug +++ [int] currentCount = 48
debug +++ [Boolean] running = true
debug +++ [int] delay = 120000
debug +++ [int] repeatCount = 0
debug +++ [int] currentCount = 48
debug +++ [Boolean] running = true
debug +++ [int] delay = 120000
debug time 01:29:29.65 :: After HeartBeat Count=49 Result=5
debug time 01:31:29.87 :: Before HeartBeat Count=50 Time=Sat Feb 25 2012 01:31:29 GMT+0100 AccountId=29131007 Session=5248c1b6-fea1-4ca8-925d-540e0bf2ee51
debug ++ [int] eventPhase = 2
debug ++ [Boolean] bubbles = false
debug ++ [Boolean] cancelable = false
debug ++ [String] type = timer
debug +++ [int] repeatCount = 0
debug +++ [int] currentCount = 49
debug +++ [Boolean] running = true
debug +++ [int] delay = 120000
debug +++ [int] repeatCount = 0
debug +++ [int] currentCount = 49
debug +++ [Boolean] running = true
debug +++ [int] delay = 120000
debug time 01:31:30.66 :: After HeartBeat Count=50 Result=5
debug time 01:33:13.141 :: Performing heartbeat at Sat Feb 25 2012 01:33:13 GMT+0100
debug time 01:33:29.90 :: Before HeartBeat Count=51 Time=Sat Feb 25 2012 01:33:29 GMT+0100 AccountId=29131007 Session=5248c1b6-fea1-4ca8-925d-540e0bf2ee51
debug ++ [int] eventPhase = 2
debug ++ [Boolean] bubbles = false
debug ++ [Boolean] cancelable = false
debug ++ [String] type = timer
debug +++ [int] repeatCount = 0
debug +++ [int] currentCount = 50
debug +++ [Boolean] running = true
debug +++ [int] delay = 120000
debug +++ [int] repeatCount = 0
debug +++ [int] currentCount = 50
debug +++ [Boolean] running = true
debug +++ [int] delay = 120000
debug time 01:33:29.282 :: After HeartBeat Count=51 Result=5
