debug time 12:56:42.532 :: Before HeartBeat Count=1 Time=Sun Jan 15 2012 12:56:42 GMT+0100 AccountId=29131007 Session=8ee732d7-ae01-44c6-af7b-0ceedd40b6a8
STOP LOGGING: More than 0 nested objects or properties. 
debug time 12:56:43.609 :: After HeartBeat Count=1 Result=5
debug time 12:58:42.572 :: Before HeartBeat Count=2 Time=Sun Jan 15 2012 12:58:42 GMT+0100 AccountId=29131007 Session=8ee732d7-ae01-44c6-af7b-0ceedd40b6a8
debug ++ [int] eventPhase = 2
debug ++ [Boolean] bubbles = false
debug ++ [Boolean] cancelable = false
debug ++ [String] type = timer
debug +++ [int] repeatCount = 0
debug +++ [int] currentCount = 1
debug +++ [Boolean] running = true
debug +++ [int] delay = 120000
debug +++ [int] repeatCount = 0
debug +++ [int] currentCount = 1
debug +++ [Boolean] running = true
debug +++ [int] delay = 120000
debug time 12:58:42.754 :: After HeartBeat Count=2 Result=5
debug time 13:00:42.580 :: Before HeartBeat Count=3 Time=Sun Jan 15 2012 13:00:42 GMT+0100 AccountId=29131007 Session=8ee732d7-ae01-44c6-af7b-0ceedd40b6a8
debug ++ [int] eventPhase = 2
debug ++ [Boolean] bubbles = false
debug ++ [Boolean] cancelable = false
debug ++ [String] type = timer
debug +++ [int] repeatCount = 0
debug +++ [int] currentCount = 2
debug +++ [Boolean] running = true
debug +++ [int] delay = 120000
debug +++ [int] repeatCount = 0
debug +++ [int] currentCount = 2
debug +++ [Boolean] running = true
debug +++ [int] delay = 120000
debug time 13:00:42.763 :: After HeartBeat Count=3 Result=5
debug time 13:02:42.799 :: Before HeartBeat Count=4 Time=Sun Jan 15 2012 13:02:42 GMT+0100 AccountId=29131007 Session=8ee732d7-ae01-44c6-af7b-0ceedd40b6a8
debug ++ [int] eventPhase = 2
debug ++ [Boolean] bubbles = false
debug ++ [Boolean] cancelable = false
debug ++ [String] type = timer
debug +++ [int] repeatCount = 0
debug +++ [int] currentCount = 3
debug +++ [Boolean] running = true
debug +++ [int] delay = 120000
debug +++ [int] repeatCount = 0
debug +++ [int] currentCount = 3
debug +++ [Boolean] running = true
debug +++ [int] delay = 120000
debug time 13:02:42.968 :: After HeartBeat Count=4 Result=5
debug time 13:04:42.803 :: Before HeartBeat Count=5 Time=Sun Jan 15 2012 13:04:42 GMT+0100 AccountId=29131007 Session=8ee732d7-ae01-44c6-af7b-0ceedd40b6a8
debug ++ [int] eventPhase = 2
debug ++ [Boolean] bubbles = false
debug ++ [Boolean] cancelable = false
debug ++ [String] type = timer
debug +++ [int] repeatCount = 0
debug +++ [int] currentCount = 4
debug +++ [Boolean] running = true
debug +++ [int] delay = 120000
debug +++ [int] repeatCount = 0
debug +++ [int] currentCount = 4
debug +++ [Boolean] running = true
debug +++ [int] delay = 120000
debug time 13:04:42.972 :: After HeartBeat Count=5 Result=5
debug time 13:06:43.801 :: Before HeartBeat Count=6 Time=Sun Jan 15 2012 13:06:43 GMT+0100 AccountId=29131007 Session=8ee732d7-ae01-44c6-af7b-0ceedd40b6a8
debug ++ [int] eventPhase = 2
debug ++ [Boolean] bubbles = false
debug ++ [Boolean] cancelable = false
debug ++ [String] type = timer
debug +++ [int] repeatCount = 0
debug +++ [int] currentCount = 5
debug +++ [Boolean] running = true
debug +++ [int] delay = 120000
debug +++ [int] repeatCount = 0
debug +++ [int] currentCount = 5
debug +++ [Boolean] running = true
debug +++ [int] delay = 120000
debug time 13:06:43.970 :: After HeartBeat Count=6 Result=5
debug time 13:08:43.800 :: Before HeartBeat Count=7 Time=Sun Jan 15 2012 13:08:43 GMT+0100 AccountId=29131007 Session=8ee732d7-ae01-44c6-af7b-0ceedd40b6a8
debug ++ [int] eventPhase = 2
debug ++ [Boolean] bubbles = false
debug ++ [Boolean] cancelable = false
debug ++ [String] type = timer
debug +++ [int] repeatCount = 0
debug +++ [int] currentCount = 6
debug +++ [Boolean] running = true
debug +++ [int] delay = 120000
debug +++ [int] repeatCount = 0
debug +++ [int] currentCount = 6
debug +++ [Boolean] running = true
debug +++ [int] delay = 120000
debug time 13:08:43.970 :: After HeartBeat Count=7 Result=5
debug time 13:10:43.803 :: Before HeartBeat Count=8 Time=Sun Jan 15 2012 13:10:43 GMT+0100 AccountId=29131007 Session=8ee732d7-ae01-44c6-af7b-0ceedd40b6a8
debug ++ [int] eventPhase = 2
debug ++ [Boolean] bubbles = false
debug ++ [Boolean] cancelable = false
debug ++ [String] type = timer
debug +++ [int] repeatCount = 0
debug +++ [int] currentCount = 7
debug +++ [Boolean] running = true
debug +++ [int] delay = 120000
debug +++ [int] repeatCount = 0
debug +++ [int] currentCount = 7
debug +++ [Boolean] running = true
debug +++ [int] delay = 120000
debug time 13:10:43.971 :: After HeartBeat Count=8 Result=5
debug time 13:12:44.825 :: Before HeartBeat Count=9 Time=Sun Jan 15 2012 13:12:44 GMT+0100 AccountId=29131007 Session=8ee732d7-ae01-44c6-af7b-0ceedd40b6a8
debug ++ [int] eventPhase = 2
debug ++ [Boolean] bubbles = false
debug ++ [Boolean] cancelable = false
debug ++ [String] type = timer
debug +++ [int] repeatCount = 0
debug +++ [int] currentCount = 8
debug +++ [Boolean] running = true
debug +++ [int] delay = 120000
debug +++ [int] repeatCount = 0
debug +++ [int] currentCount = 8
debug +++ [Boolean] running = true
debug +++ [int] delay = 120000
debug time 13:12:45.29 :: After HeartBeat Count=9 Result=5
debug time 13:14:45.807 :: Before HeartBeat Count=10 Time=Sun Jan 15 2012 13:14:45 GMT+0100 AccountId=29131007 Session=8ee732d7-ae01-44c6-af7b-0ceedd40b6a8
debug ++ [int] eventPhase = 2
debug ++ [Boolean] bubbles = false
debug ++ [Boolean] cancelable = false
debug ++ [String] type = timer
debug +++ [int] repeatCount = 0
debug +++ [int] currentCount = 9
debug +++ [Boolean] running = true
debug +++ [int] delay = 120000
debug +++ [int] repeatCount = 0
debug +++ [int] currentCount = 9
debug +++ [Boolean] running = true
debug +++ [int] delay = 120000
debug time 13:14:45.986 :: After HeartBeat Count=10 Result=5
debug time 13:16:46.802 :: Before HeartBeat Count=11 Time=Sun Jan 15 2012 13:16:46 GMT+0100 AccountId=29131007 Session=8ee732d7-ae01-44c6-af7b-0ceedd40b6a8
debug ++ [int] eventPhase = 2
debug ++ [Boolean] bubbles = false
debug ++ [Boolean] cancelable = false
debug ++ [String] type = timer
debug +++ [int] repeatCount = 0
debug +++ [int] currentCount = 10
debug +++ [Boolean] running = true
debug +++ [int] delay = 120000
debug +++ [int] repeatCount = 0
debug +++ [int] currentCount = 10
debug +++ [Boolean] running = true
debug +++ [int] delay = 120000
debug time 13:16:46.972 :: After HeartBeat Count=11 Result=5
debug time 13:18:46.801 :: Before HeartBeat Count=12 Time=Sun Jan 15 2012 13:18:46 GMT+0100 AccountId=29131007 Session=8ee732d7-ae01-44c6-af7b-0ceedd40b6a8
debug ++ [int] eventPhase = 2
debug ++ [Boolean] bubbles = false
debug ++ [Boolean] cancelable = false
debug ++ [String] type = timer
debug +++ [int] repeatCount = 0
debug +++ [int] currentCount = 11
debug +++ [Boolean] running = true
debug +++ [int] delay = 120000
debug +++ [int] repeatCount = 0
debug +++ [int] currentCount = 11
debug +++ [Boolean] running = true
debug +++ [int] delay = 120000
debug time 13:18:46.971 :: After HeartBeat Count=12 Result=5
debug time 13:20:46.802 :: Before HeartBeat Count=13 Time=Sun Jan 15 2012 13:20:46 GMT+0100 AccountId=29131007 Session=8ee732d7-ae01-44c6-af7b-0ceedd40b6a8
debug ++ [int] eventPhase = 2
debug ++ [Boolean] bubbles = false
debug ++ [Boolean] cancelable = false
debug ++ [String] type = timer
debug +++ [int] repeatCount = 0
debug +++ [int] currentCount = 12
debug +++ [Boolean] running = true
debug +++ [int] delay = 120000
debug +++ [int] repeatCount = 0
debug +++ [int] currentCount = 12
debug +++ [Boolean] running = true
debug +++ [int] delay = 120000
debug time 13:20:46.971 :: After HeartBeat Count=13 Result=5
debug time 13:22:46.802 :: Before HeartBeat Count=14 Time=Sun Jan 15 2012 13:22:46 GMT+0100 AccountId=29131007 Session=8ee732d7-ae01-44c6-af7b-0ceedd40b6a8
debug ++ [int] eventPhase = 2
debug ++ [Boolean] bubbles = false
debug ++ [Boolean] cancelable = false
debug ++ [String] type = timer
debug +++ [int] repeatCount = 0
debug +++ [int] currentCount = 13
debug +++ [Boolean] running = true
debug +++ [int] delay = 120000
debug +++ [int] repeatCount = 0
debug +++ [int] currentCount = 13
debug +++ [Boolean] running = true
debug +++ [int] delay = 120000
debug time 13:22:46.972 :: After HeartBeat Count=14 Result=5
debug time 13:24:46.803 :: Before HeartBeat Count=15 Time=Sun Jan 15 2012 13:24:46 GMT+0100 AccountId=29131007 Session=8ee732d7-ae01-44c6-af7b-0ceedd40b6a8
debug ++ [int] eventPhase = 2
debug ++ [Boolean] bubbles = false
debug ++ [Boolean] cancelable = false
debug ++ [String] type = timer
debug +++ [int] repeatCount = 0
debug +++ [int] currentCount = 14
debug +++ [Boolean] running = true
debug +++ [int] delay = 120000
debug +++ [int] repeatCount = 0
debug +++ [int] currentCount = 14
debug +++ [Boolean] running = true
debug +++ [int] delay = 120000
debug time 13:24:46.973 :: After HeartBeat Count=15 Result=5
debug time 13:26:46.801 :: Before HeartBeat Count=16 Time=Sun Jan 15 2012 13:26:46 GMT+0100 AccountId=29131007 Session=8ee732d7-ae01-44c6-af7b-0ceedd40b6a8
debug ++ [int] eventPhase = 2
debug ++ [Boolean] bubbles = false
debug ++ [Boolean] cancelable = false
debug ++ [String] type = timer
debug +++ [int] repeatCount = 0
debug +++ [int] currentCount = 15
debug +++ [Boolean] running = true
debug +++ [int] delay = 120000
debug +++ [int] repeatCount = 0
debug +++ [int] currentCount = 15
debug +++ [Boolean] running = true
debug +++ [int] delay = 120000
debug time 13:26:46.970 :: After HeartBeat Count=16 Result=5
debug time 13:28:46.804 :: Before HeartBeat Count=17 Time=Sun Jan 15 2012 13:28:46 GMT+0100 AccountId=29131007 Session=8ee732d7-ae01-44c6-af7b-0ceedd40b6a8
debug ++ [int] eventPhase = 2
debug ++ [Boolean] bubbles = false
debug ++ [Boolean] cancelable = false
debug ++ [String] type = timer
debug +++ [int] repeatCount = 0
debug +++ [int] currentCount = 16
debug +++ [Boolean] running = true
debug +++ [int] delay = 120000
debug +++ [int] repeatCount = 0
debug +++ [int] currentCount = 16
debug +++ [Boolean] running = true
debug +++ [int] delay = 120000
debug time 13:28:46.983 :: After HeartBeat Count=17 Result=5
debug time 13:30:47.804 :: Before HeartBeat Count=18 Time=Sun Jan 15 2012 13:30:47 GMT+0100 AccountId=29131007 Session=8ee732d7-ae01-44c6-af7b-0ceedd40b6a8
debug ++ [int] eventPhase = 2
debug ++ [Boolean] bubbles = false
debug ++ [Boolean] cancelable = false
debug ++ [String] type = timer
debug +++ [int] repeatCount = 0
debug +++ [int] currentCount = 17
debug +++ [Boolean] running = true
debug +++ [int] delay = 120000
debug +++ [int] repeatCount = 0
debug +++ [int] currentCount = 17
debug +++ [Boolean] running = true
debug +++ [int] delay = 120000
debug time 13:30:47.973 :: After HeartBeat Count=18 Result=5
debug time 13:32:47.805 :: Before HeartBeat Count=19 Time=Sun Jan 15 2012 13:32:47 GMT+0100 AccountId=29131007 Session=8ee732d7-ae01-44c6-af7b-0ceedd40b6a8
debug ++ [int] eventPhase = 2
debug ++ [Boolean] bubbles = false
debug ++ [Boolean] cancelable = false
debug ++ [String] type = timer
debug +++ [int] repeatCount = 0
debug +++ [int] currentCount = 18
debug +++ [Boolean] running = true
debug +++ [int] delay = 120000
debug +++ [int] repeatCount = 0
debug +++ [int] currentCount = 18
debug +++ [Boolean] running = true
debug +++ [int] delay = 120000
debug time 13:32:47.974 :: After HeartBeat Count=19 Result=5
debug time 13:34:08.148 :: Performing heartbeat at Sun Jan 15 2012 13:34:08 GMT+0100
debug time 13:34:47.836 :: Before HeartBeat Count=20 Time=Sun Jan 15 2012 13:34:47 GMT+0100 AccountId=29131007 Session=8ee732d7-ae01-44c6-af7b-0ceedd40b6a8
debug ++ [int] eventPhase = 2
debug ++ [Boolean] bubbles = false
debug ++ [Boolean] cancelable = false
debug ++ [String] type = timer
debug +++ [int] repeatCount = 0
debug +++ [int] currentCount = 19
debug +++ [Boolean] running = true
debug +++ [int] delay = 120000
debug +++ [int] repeatCount = 0
debug +++ [int] currentCount = 19
debug +++ [Boolean] running = true
debug +++ [int] delay = 120000
debug time 13:34:48.12 :: After HeartBeat Count=20 Result=5
debug time 13:36:47.873 :: Before HeartBeat Count=21 Time=Sun Jan 15 2012 13:36:47 GMT+0100 AccountId=29131007 Session=8ee732d7-ae01-44c6-af7b-0ceedd40b6a8
debug ++ [int] eventPhase = 2
debug ++ [Boolean] bubbles = false
debug ++ [Boolean] cancelable = false
debug ++ [String] type = timer
debug +++ [int] repeatCount = 0
debug +++ [int] currentCount = 20
debug +++ [Boolean] running = true
debug +++ [int] delay = 120000
debug +++ [int] repeatCount = 0
debug +++ [int] currentCount = 20
debug +++ [Boolean] running = true
debug +++ [int] delay = 120000
debug time 13:36:48.76 :: After HeartBeat Count=21 Result=5
debug time 13:38:47.898 :: Before HeartBeat Count=22 Time=Sun Jan 15 2012 13:38:47 GMT+0100 AccountId=29131007 Session=8ee732d7-ae01-44c6-af7b-0ceedd40b6a8
debug ++ [int] eventPhase = 2
debug ++ [Boolean] bubbles = false
debug ++ [Boolean] cancelable = false
debug ++ [String] type = timer
debug +++ [int] repeatCount = 0
debug +++ [int] currentCount = 21
debug +++ [Boolean] running = true
debug +++ [int] delay = 120000
debug +++ [int] repeatCount = 0
debug +++ [int] currentCount = 21
debug +++ [Boolean] running = true
debug +++ [int] delay = 120000
debug time 13:38:48.80 :: After HeartBeat Count=22 Result=5
debug time 13:40:48.448 :: Before HeartBeat Count=23 Time=Sun Jan 15 2012 13:40:48 GMT+0100 AccountId=29131007 Session=8ee732d7-ae01-44c6-af7b-0ceedd40b6a8
debug ++ [int] eventPhase = 2
debug ++ [Boolean] bubbles = false
debug ++ [Boolean] cancelable = false
debug ++ [String] type = timer
debug +++ [int] repeatCount = 0
debug +++ [int] currentCount = 22
debug +++ [Boolean] running = true
debug +++ [int] delay = 120000
debug +++ [int] repeatCount = 0
debug +++ [int] currentCount = 22
debug +++ [Boolean] running = true
debug +++ [int] delay = 120000
debug time 13:40:48.618 :: After HeartBeat Count=23 Result=5
debug time 13:42:48.451 :: Before HeartBeat Count=24 Time=Sun Jan 15 2012 13:42:48 GMT+0100 AccountId=29131007 Session=8ee732d7-ae01-44c6-af7b-0ceedd40b6a8
debug ++ [int] eventPhase = 2
debug ++ [Boolean] bubbles = false
debug ++ [Boolean] cancelable = false
debug ++ [String] type = timer
debug +++ [int] repeatCount = 0
debug +++ [int] currentCount = 23
debug +++ [Boolean] running = true
debug +++ [int] delay = 120000
debug +++ [int] repeatCount = 0
debug +++ [int] currentCount = 23
debug +++ [Boolean] running = true
debug +++ [int] delay = 120000
debug time 13:42:48.620 :: After HeartBeat Count=24 Result=5
debug time 13:44:48.476 :: Before HeartBeat Count=25 Time=Sun Jan 15 2012 13:44:48 GMT+0100 AccountId=29131007 Session=8ee732d7-ae01-44c6-af7b-0ceedd40b6a8
debug ++ [int] eventPhase = 2
debug ++ [Boolean] bubbles = false
debug ++ [Boolean] cancelable = false
debug ++ [String] type = timer
debug +++ [int] repeatCount = 0
debug +++ [int] currentCount = 24
debug +++ [Boolean] running = true
debug +++ [int] delay = 120000
debug +++ [int] repeatCount = 0
debug +++ [int] currentCount = 24
debug +++ [Boolean] running = true
debug +++ [int] delay = 120000
debug time 13:44:48.684 :: After HeartBeat Count=25 Result=5
debug time 13:46:49.452 :: Before HeartBeat Count=26 Time=Sun Jan 15 2012 13:46:49 GMT+0100 AccountId=29131007 Session=8ee732d7-ae01-44c6-af7b-0ceedd40b6a8
debug ++ [int] eventPhase = 2
debug ++ [Boolean] bubbles = false
debug ++ [Boolean] cancelable = false
debug ++ [String] type = timer
debug +++ [int] repeatCount = 0
debug +++ [int] currentCount = 25
debug +++ [Boolean] running = true
debug +++ [int] delay = 120000
debug +++ [int] repeatCount = 0
debug +++ [int] currentCount = 25
debug +++ [Boolean] running = true
debug +++ [int] delay = 120000
debug time 13:46:49.622 :: After HeartBeat Count=26 Result=5
debug time 13:48:49.453 :: Before HeartBeat Count=27 Time=Sun Jan 15 2012 13:48:49 GMT+0100 AccountId=29131007 Session=8ee732d7-ae01-44c6-af7b-0ceedd40b6a8
debug ++ [int] eventPhase = 2
debug ++ [Boolean] bubbles = false
debug ++ [Boolean] cancelable = false
debug ++ [String] type = timer
debug +++ [int] repeatCount = 0
debug +++ [int] currentCount = 26
debug +++ [Boolean] running = true
debug +++ [int] delay = 120000
debug +++ [int] repeatCount = 0
debug +++ [int] currentCount = 26
debug +++ [Boolean] running = true
debug +++ [int] delay = 120000
debug time 13:48:49.623 :: After HeartBeat Count=27 Result=5
debug time 13:50:49.453 :: Before HeartBeat Count=28 Time=Sun Jan 15 2012 13:50:49 GMT+0100 AccountId=29131007 Session=8ee732d7-ae01-44c6-af7b-0ceedd40b6a8
debug ++ [int] eventPhase = 2
debug ++ [Boolean] bubbles = false
debug ++ [Boolean] cancelable = false
debug ++ [String] type = timer
debug +++ [int] repeatCount = 0
debug +++ [int] currentCount = 27
debug +++ [Boolean] running = true
debug +++ [int] delay = 120000
debug +++ [int] repeatCount = 0
debug +++ [int] currentCount = 27
debug +++ [Boolean] running = true
debug +++ [int] delay = 120000
debug time 13:50:49.622 :: After HeartBeat Count=28 Result=5
debug time 13:52:49.455 :: Before HeartBeat Count=29 Time=Sun Jan 15 2012 13:52:49 GMT+0100 AccountId=29131007 Session=8ee732d7-ae01-44c6-af7b-0ceedd40b6a8
debug ++ [int] eventPhase = 2
debug ++ [Boolean] bubbles = false
debug ++ [Boolean] cancelable = false
debug ++ [String] type = timer
debug +++ [int] repeatCount = 0
debug +++ [int] currentCount = 28
debug +++ [Boolean] running = true
debug +++ [int] delay = 120000
debug +++ [int] repeatCount = 0
debug +++ [int] currentCount = 28
debug +++ [Boolean] running = true
debug +++ [int] delay = 120000
debug time 13:52:49.624 :: After HeartBeat Count=29 Result=5
debug time 13:54:49.486 :: Before HeartBeat Count=30 Time=Sun Jan 15 2012 13:54:49 GMT+0100 AccountId=29131007 Session=8ee732d7-ae01-44c6-af7b-0ceedd40b6a8
debug ++ [int] eventPhase = 2
debug ++ [Boolean] bubbles = false
debug ++ [Boolean] cancelable = false
debug ++ [String] type = timer
debug +++ [int] repeatCount = 0
debug +++ [int] currentCount = 29
debug +++ [Boolean] running = true
debug +++ [int] delay = 120000
debug +++ [int] repeatCount = 0
debug +++ [int] currentCount = 29
debug +++ [Boolean] running = true
debug +++ [int] delay = 120000
debug time 13:54:49.688 :: After HeartBeat Count=30 Result=5
debug time 13:56:50.453 :: Before HeartBeat Count=31 Time=Sun Jan 15 2012 13:56:50 GMT+0100 AccountId=29131007 Session=8ee732d7-ae01-44c6-af7b-0ceedd40b6a8
debug ++ [int] eventPhase = 2
debug ++ [Boolean] bubbles = false
debug ++ [Boolean] cancelable = false
debug ++ [String] type = timer
debug +++ [int] repeatCount = 0
debug +++ [int] currentCount = 30
debug +++ [Boolean] running = true
debug +++ [int] delay = 120000
debug +++ [int] repeatCount = 0
debug +++ [int] currentCount = 30
debug +++ [Boolean] running = true
debug +++ [int] delay = 120000
debug time 13:56:50.637 :: After HeartBeat Count=31 Result=5
debug time 13:58:50.454 :: Before HeartBeat Count=32 Time=Sun Jan 15 2012 13:58:50 GMT+0100 AccountId=29131007 Session=8ee732d7-ae01-44c6-af7b-0ceedd40b6a8
debug ++ [int] eventPhase = 2
debug ++ [Boolean] bubbles = false
debug ++ [Boolean] cancelable = false
debug ++ [String] type = timer
debug +++ [int] repeatCount = 0
debug +++ [int] currentCount = 31
debug +++ [Boolean] running = true
debug +++ [int] delay = 120000
debug +++ [int] repeatCount = 0
debug +++ [int] currentCount = 31
debug +++ [Boolean] running = true
debug +++ [int] delay = 120000
debug time 13:58:50.623 :: After HeartBeat Count=32 Result=5
debug time 14:00:50.454 :: Before HeartBeat Count=33 Time=Sun Jan 15 2012 14:00:50 GMT+0100 AccountId=29131007 Session=8ee732d7-ae01-44c6-af7b-0ceedd40b6a8
debug ++ [int] eventPhase = 2
debug ++ [Boolean] bubbles = false
debug ++ [Boolean] cancelable = false
debug ++ [String] type = timer
debug +++ [int] repeatCount = 0
debug +++ [int] currentCount = 32
debug +++ [Boolean] running = true
debug +++ [int] delay = 120000
debug +++ [int] repeatCount = 0
debug +++ [int] currentCount = 32
debug +++ [Boolean] running = true
debug +++ [int] delay = 120000
debug time 14:00:50.633 :: After HeartBeat Count=33 Result=5
debug time 14:02:51.454 :: Before HeartBeat Count=34 Time=Sun Jan 15 2012 14:02:51 GMT+0100 AccountId=29131007 Session=8ee732d7-ae01-44c6-af7b-0ceedd40b6a8
debug ++ [int] eventPhase = 2
debug ++ [Boolean] bubbles = false
debug ++ [Boolean] cancelable = false
debug ++ [String] type = timer
debug +++ [int] repeatCount = 0
debug +++ [int] currentCount = 33
debug +++ [Boolean] running = true
debug +++ [int] delay = 120000
debug +++ [int] repeatCount = 0
debug +++ [int] currentCount = 33
debug +++ [Boolean] running = true
debug +++ [int] delay = 120000
debug time 14:02:51.644 :: After HeartBeat Count=34 Result=5
debug time 14:04:51.456 :: Before HeartBeat Count=35 Time=Sun Jan 15 2012 14:04:51 GMT+0100 AccountId=29131007 Session=8ee732d7-ae01-44c6-af7b-0ceedd40b6a8
debug ++ [int] eventPhase = 2
debug ++ [Boolean] bubbles = false
debug ++ [Boolean] cancelable = false
debug ++ [String] type = timer
debug +++ [int] repeatCount = 0
debug +++ [int] currentCount = 34
debug +++ [Boolean] running = true
debug +++ [int] delay = 120000
debug +++ [int] repeatCount = 0
debug +++ [int] currentCount = 34
debug +++ [Boolean] running = true
debug +++ [int] delay = 120000
debug time 14:04:51.626 :: After HeartBeat Count=35 Result=5
debug time 14:06:51.476 :: Before HeartBeat Count=36 Time=Sun Jan 15 2012 14:06:51 GMT+0100 AccountId=29131007 Session=8ee732d7-ae01-44c6-af7b-0ceedd40b6a8
debug ++ [int] eventPhase = 2
debug ++ [Boolean] bubbles = false
debug ++ [Boolean] cancelable = false
debug ++ [String] type = timer
debug +++ [int] repeatCount = 0
debug +++ [int] currentCount = 35
debug +++ [Boolean] running = true
debug +++ [int] delay = 120000
debug +++ [int] repeatCount = 0
debug +++ [int] currentCount = 35
debug +++ [Boolean] running = true
debug +++ [int] delay = 120000
debug time 14:06:51.684 :: After HeartBeat Count=36 Result=5
debug time 14:07:50.874 :: Performing heartbeat at Sun Jan 15 2012 14:07:50 GMT+0100
debug time 14:08:51.493 :: Before HeartBeat Count=37 Time=Sun Jan 15 2012 14:08:51 GMT+0100 AccountId=29131007 Session=8ee732d7-ae01-44c6-af7b-0ceedd40b6a8
debug ++ [int] eventPhase = 2
debug ++ [Boolean] bubbles = false
debug ++ [Boolean] cancelable = false
debug ++ [String] type = timer
debug +++ [int] repeatCount = 0
debug +++ [int] currentCount = 36
debug +++ [Boolean] running = true
debug +++ [int] delay = 120000
debug +++ [int] repeatCount = 0
debug +++ [int] currentCount = 36
debug +++ [Boolean] running = true
debug +++ [int] delay = 120000
debug time 14:08:51.671 :: After HeartBeat Count=37 Result=5
debug time 14:10:51.505 :: Before HeartBeat Count=38 Time=Sun Jan 15 2012 14:10:51 GMT+0100 AccountId=29131007 Session=8ee732d7-ae01-44c6-af7b-0ceedd40b6a8
debug ++ [int] eventPhase = 2
debug ++ [Boolean] bubbles = false
debug ++ [Boolean] cancelable = false
debug ++ [String] type = timer
debug +++ [int] repeatCount = 0
debug +++ [int] currentCount = 37
debug +++ [Boolean] running = true
debug +++ [int] delay = 120000
debug +++ [int] repeatCount = 0
debug +++ [int] currentCount = 37
debug +++ [Boolean] running = true
debug +++ [int] delay = 120000
debug time 14:10:51.709 :: After HeartBeat Count=38 Result=5
debug time 14:12:51.543 :: Before HeartBeat Count=39 Time=Sun Jan 15 2012 14:12:51 GMT+0100 AccountId=29131007 Session=8ee732d7-ae01-44c6-af7b-0ceedd40b6a8
debug ++ [int] eventPhase = 2
debug ++ [Boolean] bubbles = false
debug ++ [Boolean] cancelable = false
debug ++ [String] type = timer
debug +++ [int] repeatCount = 0
debug +++ [int] currentCount = 38
debug +++ [Boolean] running = true
debug +++ [int] delay = 120000
debug +++ [int] repeatCount = 0
debug +++ [int] currentCount = 38
debug +++ [Boolean] running = true
debug +++ [int] delay = 120000
debug time 14:12:51.721 :: After HeartBeat Count=39 Result=5
debug time 14:14:51.551 :: Before HeartBeat Count=40 Time=Sun Jan 15 2012 14:14:51 GMT+0100 AccountId=29131007 Session=8ee732d7-ae01-44c6-af7b-0ceedd40b6a8
debug ++ [int] eventPhase = 2
debug ++ [Boolean] bubbles = false
debug ++ [Boolean] cancelable = false
debug ++ [String] type = timer
debug +++ [int] repeatCount = 0
debug +++ [int] currentCount = 39
debug +++ [Boolean] running = true
debug +++ [int] delay = 120000
debug +++ [int] repeatCount = 0
debug +++ [int] currentCount = 39
debug +++ [Boolean] running = true
debug +++ [int] delay = 120000
debug time 14:14:51.725 :: After HeartBeat Count=40 Result=5
debug time 14:16:51.548 :: Before HeartBeat Count=41 Time=Sun Jan 15 2012 14:16:51 GMT+0100 AccountId=29131007 Session=8ee732d7-ae01-44c6-af7b-0ceedd40b6a8
debug ++ [int] eventPhase = 2
debug ++ [Boolean] bubbles = false
debug ++ [Boolean] cancelable = false
debug ++ [String] type = timer
debug +++ [int] repeatCount = 0
debug +++ [int] currentCount = 40
debug +++ [Boolean] running = true
debug +++ [int] delay = 120000
debug +++ [int] repeatCount = 0
debug +++ [int] currentCount = 40
debug +++ [Boolean] running = true
debug +++ [int] delay = 120000
debug time 14:16:51.722 :: After HeartBeat Count=41 Result=5
debug time 14:18:51.548 :: Before HeartBeat Count=42 Time=Sun Jan 15 2012 14:18:51 GMT+0100 AccountId=29131007 Session=8ee732d7-ae01-44c6-af7b-0ceedd40b6a8
debug ++ [int] eventPhase = 2
debug ++ [Boolean] bubbles = false
debug ++ [Boolean] cancelable = false
debug ++ [String] type = timer
debug +++ [int] repeatCount = 0
debug +++ [int] currentCount = 41
debug +++ [Boolean] running = true
debug +++ [int] delay = 120000
debug +++ [int] repeatCount = 0
debug +++ [int] currentCount = 41
debug +++ [Boolean] running = true
debug +++ [int] delay = 120000
debug time 14:18:51.745 :: After HeartBeat Count=42 Result=5
debug time 14:20:51.549 :: Before HeartBeat Count=43 Time=Sun Jan 15 2012 14:20:51 GMT+0100 AccountId=29131007 Session=8ee732d7-ae01-44c6-af7b-0ceedd40b6a8
debug ++ [int] eventPhase = 2
debug ++ [Boolean] bubbles = false
debug ++ [Boolean] cancelable = false
debug ++ [String] type = timer
debug +++ [int] repeatCount = 0
debug +++ [int] currentCount = 42
debug +++ [Boolean] running = true
debug +++ [int] delay = 120000
debug +++ [int] repeatCount = 0
debug +++ [int] currentCount = 42
debug +++ [Boolean] running = true
debug +++ [int] delay = 120000
debug time 14:20:51.746 :: After HeartBeat Count=43 Result=5
debug time 14:22:51.583 :: Before HeartBeat Count=44 Time=Sun Jan 15 2012 14:22:51 GMT+0100 AccountId=29131007 Session=8ee732d7-ae01-44c6-af7b-0ceedd40b6a8
debug ++ [int] eventPhase = 2
debug ++ [Boolean] bubbles = false
debug ++ [Boolean] cancelable = false
debug ++ [String] type = timer
debug +++ [int] repeatCount = 0
debug +++ [int] currentCount = 43
debug +++ [Boolean] running = true
debug +++ [int] delay = 120000
debug +++ [int] repeatCount = 0
debug +++ [int] currentCount = 43
debug +++ [Boolean] running = true
debug +++ [int] delay = 120000
debug time 14:22:51.760 :: After HeartBeat Count=44 Result=5
debug time 14:24:51.589 :: Before HeartBeat Count=45 Time=Sun Jan 15 2012 14:24:51 GMT+0100 AccountId=29131007 Session=8ee732d7-ae01-44c6-af7b-0ceedd40b6a8
debug ++ [int] eventPhase = 2
debug ++ [Boolean] bubbles = false
debug ++ [Boolean] cancelable = false
debug ++ [String] type = timer
debug +++ [int] repeatCount = 0
debug +++ [int] currentCount = 44
debug +++ [Boolean] running = true
debug +++ [int] delay = 120000
debug +++ [int] repeatCount = 0
debug +++ [int] currentCount = 44
debug +++ [Boolean] running = true
debug +++ [int] delay = 120000
debug time 14:24:51.763 :: After HeartBeat Count=45 Result=5
debug time 14:26:51.631 :: Before HeartBeat Count=46 Time=Sun Jan 15 2012 14:26:51 GMT+0100 AccountId=29131007 Session=8ee732d7-ae01-44c6-af7b-0ceedd40b6a8
debug ++ [int] eventPhase = 2
debug ++ [Boolean] bubbles = false
debug ++ [Boolean] cancelable = false
debug ++ [String] type = timer
debug +++ [int] repeatCount = 0
debug +++ [int] currentCount = 45
debug +++ [Boolean] running = true
debug +++ [int] delay = 120000
debug +++ [int] repeatCount = 0
debug +++ [int] currentCount = 45
debug +++ [Boolean] running = true
debug +++ [int] delay = 120000
debug time 14:26:51.804 :: After HeartBeat Count=46 Result=5
debug time 14:28:51.630 :: Before HeartBeat Count=47 Time=Sun Jan 15 2012 14:28:51 GMT+0100 AccountId=29131007 Session=8ee732d7-ae01-44c6-af7b-0ceedd40b6a8
debug ++ [int] eventPhase = 2
debug ++ [Boolean] bubbles = false
debug ++ [Boolean] cancelable = false
debug ++ [String] type = timer
debug +++ [int] repeatCount = 0
debug +++ [int] currentCount = 46
debug +++ [Boolean] running = true
debug +++ [int] delay = 120000
debug +++ [int] repeatCount = 0
debug +++ [int] currentCount = 46
debug +++ [Boolean] running = true
debug +++ [int] delay = 120000
debug time 14:28:51.804 :: After HeartBeat Count=47 Result=5
debug time 14:30:51.631 :: Before HeartBeat Count=48 Time=Sun Jan 15 2012 14:30:51 GMT+0100 AccountId=29131007 Session=8ee732d7-ae01-44c6-af7b-0ceedd40b6a8
debug ++ [int] eventPhase = 2
debug ++ [Boolean] bubbles = false
debug ++ [Boolean] cancelable = false
debug ++ [String] type = timer
debug +++ [int] repeatCount = 0
debug +++ [int] currentCount = 47
debug +++ [Boolean] running = true
debug +++ [int] delay = 120000
debug +++ [int] repeatCount = 0
debug +++ [int] currentCount = 47
debug +++ [Boolean] running = true
debug +++ [int] delay = 120000
debug time 14:30:51.827 :: After HeartBeat Count=48 Result=5
debug time 14:32:51.671 :: Before HeartBeat Count=49 Time=Sun Jan 15 2012 14:32:51 GMT+0100 AccountId=29131007 Session=8ee732d7-ae01-44c6-af7b-0ceedd40b6a8
debug ++ [int] eventPhase = 2
debug ++ [Boolean] bubbles = false
debug ++ [Boolean] cancelable = false
debug ++ [String] type = timer
debug +++ [int] repeatCount = 0
debug +++ [int] currentCount = 48
debug +++ [Boolean] running = true
debug +++ [int] delay = 120000
debug +++ [int] repeatCount = 0
debug +++ [int] currentCount = 48
debug +++ [Boolean] running = true
debug +++ [int] delay = 120000
debug time 14:32:51.850 :: After HeartBeat Count=49 Result=5
debug time 14:34:51.671 :: Before HeartBeat Count=50 Time=Sun Jan 15 2012 14:34:51 GMT+0100 AccountId=29131007 Session=8ee732d7-ae01-44c6-af7b-0ceedd40b6a8
debug ++ [int] eventPhase = 2
debug ++ [Boolean] bubbles = false
debug ++ [Boolean] cancelable = false
debug ++ [String] type = timer
debug +++ [int] repeatCount = 0
debug +++ [int] currentCount = 49
debug +++ [Boolean] running = true
debug +++ [int] delay = 120000
debug +++ [int] repeatCount = 0
debug +++ [int] currentCount = 49
debug +++ [Boolean] running = true
debug +++ [int] delay = 120000
debug time 14:34:51.846 :: After HeartBeat Count=50 Result=5
debug time 14:36:51.681 :: Before HeartBeat Count=51 Time=Sun Jan 15 2012 14:36:51 GMT+0100 AccountId=29131007 Session=8ee732d7-ae01-44c6-af7b-0ceedd40b6a8
debug ++ [int] eventPhase = 2
debug ++ [Boolean] bubbles = false
debug ++ [Boolean] cancelable = false
debug ++ [String] type = timer
debug +++ [int] repeatCount = 0
debug +++ [int] currentCount = 50
debug +++ [Boolean] running = true
debug +++ [int] delay = 120000
debug +++ [int] repeatCount = 0
debug +++ [int] currentCount = 50
debug +++ [Boolean] running = true
debug +++ [int] delay = 120000
debug time 14:36:51.854 :: After HeartBeat Count=51 Result=5
debug time 14:38:51.682 :: Before HeartBeat Count=52 Time=Sun Jan 15 2012 14:38:51 GMT+0100 AccountId=29131007 Session=8ee732d7-ae01-44c6-af7b-0ceedd40b6a8
debug ++ [int] eventPhase = 2
debug ++ [Boolean] bubbles = false
debug ++ [Boolean] cancelable = false
debug ++ [String] type = timer
debug +++ [int] repeatCount = 0
debug +++ [int] currentCount = 51
debug +++ [Boolean] running = true
debug +++ [int] delay = 120000
debug +++ [int] repeatCount = 0
debug +++ [int] currentCount = 51
debug +++ [Boolean] running = true
debug +++ [int] delay = 120000
debug time 14:38:51.857 :: After HeartBeat Count=52 Result=5
debug time 14:40:51.726 :: Before HeartBeat Count=53 Time=Sun Jan 15 2012 14:40:51 GMT+0100 AccountId=29131007 Session=8ee732d7-ae01-44c6-af7b-0ceedd40b6a8
debug ++ [int] eventPhase = 2
debug ++ [Boolean] bubbles = false
debug ++ [Boolean] cancelable = false
debug ++ [String] type = timer
debug +++ [int] repeatCount = 0
debug +++ [int] currentCount = 52
debug +++ [Boolean] running = true
debug +++ [int] delay = 120000
debug +++ [int] repeatCount = 0
debug +++ [int] currentCount = 52
debug +++ [Boolean] running = true
debug +++ [int] delay = 120000
debug time 14:40:51.929 :: After HeartBeat Count=53 Result=5
debug time 14:42:51.769 :: Before HeartBeat Count=54 Time=Sun Jan 15 2012 14:42:51 GMT+0100 AccountId=29131007 Session=8ee732d7-ae01-44c6-af7b-0ceedd40b6a8
debug ++ [int] eventPhase = 2
debug ++ [Boolean] bubbles = false
debug ++ [Boolean] cancelable = false
debug ++ [String] type = timer
debug +++ [int] repeatCount = 0
debug +++ [int] currentCount = 53
debug +++ [Boolean] running = true
debug +++ [int] delay = 120000
debug +++ [int] repeatCount = 0
debug +++ [int] currentCount = 53
debug +++ [Boolean] running = true
debug +++ [int] delay = 120000
debug time 14:42:51.943 :: After HeartBeat Count=54 Result=5
debug time 14:44:51.811 :: Before HeartBeat Count=55 Time=Sun Jan 15 2012 14:44:51 GMT+0100 AccountId=29131007 Session=8ee732d7-ae01-44c6-af7b-0ceedd40b6a8
debug ++ [int] eventPhase = 2
debug ++ [Boolean] bubbles = false
debug ++ [Boolean] cancelable = false
debug ++ [String] type = timer
debug +++ [int] repeatCount = 0
debug +++ [int] currentCount = 54
debug +++ [Boolean] running = true
debug +++ [int] delay = 120000
debug +++ [int] repeatCount = 0
debug +++ [int] currentCount = 54
debug +++ [Boolean] running = true
debug +++ [int] delay = 120000
debug time 14:44:51.987 :: After HeartBeat Count=55 Result=5
debug time 14:46:51.813 :: Before HeartBeat Count=56 Time=Sun Jan 15 2012 14:46:51 GMT+0100 AccountId=29131007 Session=8ee732d7-ae01-44c6-af7b-0ceedd40b6a8
debug ++ [int] eventPhase = 2
debug ++ [Boolean] bubbles = false
debug ++ [Boolean] cancelable = false
debug ++ [String] type = timer
debug +++ [int] repeatCount = 0
debug +++ [int] currentCount = 55
debug +++ [Boolean] running = true
debug +++ [int] delay = 120000
debug +++ [int] repeatCount = 0
debug +++ [int] currentCount = 55
debug +++ [Boolean] running = true
debug +++ [int] delay = 120000
debug time 14:46:51.987 :: After HeartBeat Count=56 Result=5
debug time 14:48:51.815 :: Before HeartBeat Count=57 Time=Sun Jan 15 2012 14:48:51 GMT+0100 AccountId=29131007 Session=8ee732d7-ae01-44c6-af7b-0ceedd40b6a8
debug ++ [int] eventPhase = 2
debug ++ [Boolean] bubbles = false
debug ++ [Boolean] cancelable = false
debug ++ [String] type = timer
debug +++ [int] repeatCount = 0
debug +++ [int] currentCount = 56
debug +++ [Boolean] running = true
debug +++ [int] delay = 120000
debug +++ [int] repeatCount = 0
debug +++ [int] currentCount = 56
debug +++ [Boolean] running = true
debug +++ [int] delay = 120000
debug time 14:48:51.988 :: After HeartBeat Count=57 Result=5
debug time 14:50:51.867 :: Before HeartBeat Count=58 Time=Sun Jan 15 2012 14:50:51 GMT+0100 AccountId=29131007 Session=8ee732d7-ae01-44c6-af7b-0ceedd40b6a8
debug ++ [int] eventPhase = 2
debug ++ [Boolean] bubbles = false
debug ++ [Boolean] cancelable = false
debug ++ [String] type = timer
debug +++ [int] repeatCount = 0
debug +++ [int] currentCount = 57
debug +++ [Boolean] running = true
debug +++ [int] delay = 120000
debug +++ [int] repeatCount = 0
debug +++ [int] currentCount = 57
debug +++ [Boolean] running = true
debug +++ [int] delay = 120000
debug time 14:50:52.51 :: After HeartBeat Count=58 Result=5
debug time 14:52:51.889 :: Before HeartBeat Count=59 Time=Sun Jan 15 2012 14:52:51 GMT+0100 AccountId=29131007 Session=8ee732d7-ae01-44c6-af7b-0ceedd40b6a8
debug ++ [int] eventPhase = 2
debug ++ [Boolean] bubbles = false
debug ++ [Boolean] cancelable = false
debug ++ [String] type = timer
debug +++ [int] repeatCount = 0
debug +++ [int] currentCount = 58
debug +++ [Boolean] running = true
debug +++ [int] delay = 120000
debug +++ [int] repeatCount = 0
debug +++ [int] currentCount = 58
debug +++ [Boolean] running = true
debug +++ [int] delay = 120000
debug time 14:52:52.99 :: After HeartBeat Count=59 Result=5
debug time 14:54:51.896 :: Before HeartBeat Count=60 Time=Sun Jan 15 2012 14:54:51 GMT+0100 AccountId=29131007 Session=8ee732d7-ae01-44c6-af7b-0ceedd40b6a8
debug ++ [int] eventPhase = 2
debug ++ [Boolean] bubbles = false
debug ++ [Boolean] cancelable = false
debug ++ [String] type = timer
debug +++ [int] repeatCount = 0
debug +++ [int] currentCount = 59
debug +++ [Boolean] running = true
debug +++ [int] delay = 120000
debug +++ [int] repeatCount = 0
debug +++ [int] currentCount = 59
debug +++ [Boolean] running = true
debug +++ [int] delay = 120000
debug time 14:54:52.99 :: After HeartBeat Count=60 Result=5
debug time 14:56:51.931 :: Before HeartBeat Count=61 Time=Sun Jan 15 2012 14:56:51 GMT+0100 AccountId=29131007 Session=8ee732d7-ae01-44c6-af7b-0ceedd40b6a8
debug ++ [int] eventPhase = 2
debug ++ [Boolean] bubbles = false
debug ++ [Boolean] cancelable = false
debug ++ [String] type = timer
debug +++ [int] repeatCount = 0
debug +++ [int] currentCount = 60
debug +++ [Boolean] running = true
debug +++ [int] delay = 120000
debug +++ [int] repeatCount = 0
debug +++ [int] currentCount = 60
debug +++ [Boolean] running = true
debug +++ [int] delay = 120000
debug time 14:56:52.107 :: After HeartBeat Count=61 Result=5
debug time 14:58:51.949 :: Before HeartBeat Count=62 Time=Sun Jan 15 2012 14:58:51 GMT+0100 AccountId=29131007 Session=8ee732d7-ae01-44c6-af7b-0ceedd40b6a8
debug ++ [int] eventPhase = 2
debug ++ [Boolean] bubbles = false
debug ++ [Boolean] cancelable = false
debug ++ [String] type = timer
debug +++ [int] repeatCount = 0
debug +++ [int] currentCount = 61
debug +++ [Boolean] running = true
debug +++ [int] delay = 120000
debug +++ [int] repeatCount = 0
debug +++ [int] currentCount = 61
debug +++ [Boolean] running = true
debug +++ [int] delay = 120000
debug time 14:58:52.123 :: After HeartBeat Count=62 Result=5
debug time 15:00:51.971 :: Before HeartBeat Count=63 Time=Sun Jan 15 2012 15:00:51 GMT+0100 AccountId=29131007 Session=8ee732d7-ae01-44c6-af7b-0ceedd40b6a8
debug ++ [int] eventPhase = 2
debug ++ [Boolean] bubbles = false
debug ++ [Boolean] cancelable = false
debug ++ [String] type = timer
debug +++ [int] repeatCount = 0
debug +++ [int] currentCount = 62
debug +++ [Boolean] running = true
debug +++ [int] delay = 120000
debug +++ [int] repeatCount = 0
debug +++ [int] currentCount = 62
debug +++ [Boolean] running = true
debug +++ [int] delay = 120000
debug time 15:00:52.170 :: After HeartBeat Count=63 Result=5
debug time 15:02:52.776 :: Before HeartBeat Count=64 Time=Sun Jan 15 2012 15:02:52 GMT+0100 AccountId=29131007 Session=8ee732d7-ae01-44c6-af7b-0ceedd40b6a8
debug ++ [int] eventPhase = 2
debug ++ [Boolean] bubbles = false
debug ++ [Boolean] cancelable = false
debug ++ [String] type = timer
debug +++ [int] repeatCount = 0
debug +++ [int] currentCount = 63
debug +++ [Boolean] running = true
debug +++ [int] delay = 120000
debug +++ [int] repeatCount = 0
debug +++ [int] currentCount = 63
debug +++ [Boolean] running = true
debug +++ [int] delay = 120000
debug time 15:02:52.981 :: After HeartBeat Count=64 Result=5
debug time 15:04:53.756 :: Before HeartBeat Count=65 Time=Sun Jan 15 2012 15:04:53 GMT+0100 AccountId=29131007 Session=8ee732d7-ae01-44c6-af7b-0ceedd40b6a8
debug ++ [int] eventPhase = 2
debug ++ [Boolean] bubbles = false
debug ++ [Boolean] cancelable = false
debug ++ [String] type = timer
debug +++ [int] repeatCount = 0
debug +++ [int] currentCount = 64
debug +++ [Boolean] running = true
debug +++ [int] delay = 120000
debug +++ [int] repeatCount = 0
debug +++ [int] currentCount = 64
debug +++ [Boolean] running = true
debug +++ [int] delay = 120000
debug time 15:04:53.937 :: After HeartBeat Count=65 Result=5
debug time 15:06:54.756 :: Before HeartBeat Count=66 Time=Sun Jan 15 2012 15:06:54 GMT+0100 AccountId=29131007 Session=8ee732d7-ae01-44c6-af7b-0ceedd40b6a8
debug ++ [int] eventPhase = 2
debug ++ [Boolean] bubbles = false
debug ++ [Boolean] cancelable = false
debug ++ [String] type = timer
debug +++ [int] repeatCount = 0
debug +++ [int] currentCount = 65
debug +++ [Boolean] running = true
debug +++ [int] delay = 120000
debug +++ [int] repeatCount = 0
debug +++ [int] currentCount = 65
debug +++ [Boolean] running = true
debug +++ [int] delay = 120000
debug time 15:06:54.934 :: After HeartBeat Count=66 Result=5
debug time 15:08:54.781 :: Before HeartBeat Count=67 Time=Sun Jan 15 2012 15:08:54 GMT+0100 AccountId=29131007 Session=8ee732d7-ae01-44c6-af7b-0ceedd40b6a8
debug ++ [int] eventPhase = 2
debug ++ [Boolean] bubbles = false
debug ++ [Boolean] cancelable = false
debug ++ [String] type = timer
debug +++ [int] repeatCount = 0
debug +++ [int] currentCount = 66
debug +++ [Boolean] running = true
debug +++ [int] delay = 120000
debug +++ [int] repeatCount = 0
debug +++ [int] currentCount = 66
debug +++ [Boolean] running = true
debug +++ [int] delay = 120000
debug time 15:08:54.994 :: After HeartBeat Count=67 Result=5
debug time 15:10:55.756 :: Before HeartBeat Count=68 Time=Sun Jan 15 2012 15:10:55 GMT+0100 AccountId=29131007 Session=8ee732d7-ae01-44c6-af7b-0ceedd40b6a8
debug ++ [int] eventPhase = 2
debug ++ [Boolean] bubbles = false
debug ++ [Boolean] cancelable = false
debug ++ [String] type = timer
debug +++ [int] repeatCount = 0
debug +++ [int] currentCount = 67
debug +++ [Boolean] running = true
debug +++ [int] delay = 120000
debug +++ [int] repeatCount = 0
debug +++ [int] currentCount = 67
debug +++ [Boolean] running = true
debug +++ [int] delay = 120000
debug time 15:10:55.934 :: After HeartBeat Count=68 Result=5
debug time 15:12:55.758 :: Before HeartBeat Count=69 Time=Sun Jan 15 2012 15:12:55 GMT+0100 AccountId=29131007 Session=8ee732d7-ae01-44c6-af7b-0ceedd40b6a8
debug ++ [int] eventPhase = 2
debug ++ [Boolean] bubbles = false
debug ++ [Boolean] cancelable = false
debug ++ [String] type = timer
debug +++ [int] repeatCount = 0
debug +++ [int] currentCount = 68
debug +++ [Boolean] running = true
debug +++ [int] delay = 120000
debug +++ [int] repeatCount = 0
debug +++ [int] currentCount = 68
debug +++ [Boolean] running = true
debug +++ [int] delay = 120000
debug time 15:12:55.939 :: After HeartBeat Count=69 Result=5
debug time 15:14:55.757 :: Before HeartBeat Count=70 Time=Sun Jan 15 2012 15:14:55 GMT+0100 AccountId=29131007 Session=8ee732d7-ae01-44c6-af7b-0ceedd40b6a8
debug ++ [int] eventPhase = 2
debug ++ [Boolean] bubbles = false
debug ++ [Boolean] cancelable = false
debug ++ [String] type = timer
debug +++ [int] repeatCount = 0
debug +++ [int] currentCount = 69
debug +++ [Boolean] running = true
debug +++ [int] delay = 120000
debug +++ [int] repeatCount = 0
debug +++ [int] currentCount = 69
debug +++ [Boolean] running = true
debug +++ [int] delay = 120000
debug time 15:14:55.934 :: After HeartBeat Count=70 Result=5
debug time 15:16:55.755 :: Before HeartBeat Count=71 Time=Sun Jan 15 2012 15:16:55 GMT+0100 AccountId=29131007 Session=8ee732d7-ae01-44c6-af7b-0ceedd40b6a8
debug ++ [int] eventPhase = 2
debug ++ [Boolean] bubbles = false
debug ++ [Boolean] cancelable = false
debug ++ [String] type = timer
debug +++ [int] repeatCount = 0
debug +++ [int] currentCount = 70
debug +++ [Boolean] running = true
debug +++ [int] delay = 120000
debug +++ [int] repeatCount = 0
debug +++ [int] currentCount = 70
debug +++ [Boolean] running = true
debug +++ [int] delay = 120000
debug time 15:16:55.929 :: After HeartBeat Count=71 Result=5
debug time 15:18:56.755 :: Before HeartBeat Count=72 Time=Sun Jan 15 2012 15:18:56 GMT+0100 AccountId=29131007 Session=8ee732d7-ae01-44c6-af7b-0ceedd40b6a8
debug ++ [int] eventPhase = 2
debug ++ [Boolean] bubbles = false
debug ++ [Boolean] cancelable = false
debug ++ [String] type = timer
debug +++ [int] repeatCount = 0
debug +++ [int] currentCount = 71
debug +++ [Boolean] running = true
debug +++ [int] delay = 120000
debug +++ [int] repeatCount = 0
debug +++ [int] currentCount = 71
debug +++ [Boolean] running = true
debug +++ [int] delay = 120000
debug time 15:18:56.933 :: After HeartBeat Count=72 Result=5
debug time 15:20:56.782 :: Before HeartBeat Count=73 Time=Sun Jan 15 2012 15:20:56 GMT+0100 AccountId=29131007 Session=8ee732d7-ae01-44c6-af7b-0ceedd40b6a8
debug ++ [int] eventPhase = 2
debug ++ [Boolean] bubbles = false
debug ++ [Boolean] cancelable = false
debug ++ [String] type = timer
debug +++ [int] repeatCount = 0
debug +++ [int] currentCount = 72
debug +++ [Boolean] running = true
debug +++ [int] delay = 120000
debug +++ [int] repeatCount = 0
debug +++ [int] currentCount = 72
debug +++ [Boolean] running = true
debug +++ [int] delay = 120000
debug time 15:20:56.985 :: After HeartBeat Count=73 Result=5
debug time 15:22:57.753 :: Before HeartBeat Count=74 Time=Sun Jan 15 2012 15:22:57 GMT+0100 AccountId=29131007 Session=8ee732d7-ae01-44c6-af7b-0ceedd40b6a8
debug ++ [int] eventPhase = 2
debug ++ [Boolean] bubbles = false
debug ++ [Boolean] cancelable = false
debug ++ [String] type = timer
debug +++ [int] repeatCount = 0
debug +++ [int] currentCount = 73
debug +++ [Boolean] running = true
debug +++ [int] delay = 120000
debug +++ [int] repeatCount = 0
debug +++ [int] currentCount = 73
debug +++ [Boolean] running = true
debug +++ [int] delay = 120000
debug time 15:22:57.941 :: After HeartBeat Count=74 Result=5
debug time 15:24:58.763 :: Before HeartBeat Count=75 Time=Sun Jan 15 2012 15:24:58 GMT+0100 AccountId=29131007 Session=8ee732d7-ae01-44c6-af7b-0ceedd40b6a8
debug ++ [int] eventPhase = 2
debug ++ [Boolean] bubbles = false
debug ++ [Boolean] cancelable = false
debug ++ [String] type = timer
debug +++ [int] repeatCount = 0
debug +++ [int] currentCount = 74
debug +++ [Boolean] running = true
debug +++ [int] delay = 120000
debug +++ [int] repeatCount = 0
debug +++ [int] currentCount = 74
debug +++ [Boolean] running = true
debug +++ [int] delay = 120000
debug time 15:24:58.950 :: After HeartBeat Count=75 Result=5
debug time 15:26:58.789 :: Before HeartBeat Count=76 Time=Sun Jan 15 2012 15:26:58 GMT+0100 AccountId=29131007 Session=8ee732d7-ae01-44c6-af7b-0ceedd40b6a8
debug ++ [int] eventPhase = 2
debug ++ [Boolean] bubbles = false
debug ++ [Boolean] cancelable = false
debug ++ [String] type = timer
debug +++ [int] repeatCount = 0
debug +++ [int] currentCount = 75
debug +++ [Boolean] running = true
debug +++ [int] delay = 120000
debug +++ [int] repeatCount = 0
debug +++ [int] currentCount = 75
debug +++ [Boolean] running = true
debug +++ [int] delay = 120000
debug time 15:26:58.992 :: After HeartBeat Count=76 Result=5
debug time 15:28:59.458 :: Before HeartBeat Count=77 Time=Sun Jan 15 2012 15:28:59 GMT+0100 AccountId=29131007 Session=8ee732d7-ae01-44c6-af7b-0ceedd40b6a8
debug ++ [int] eventPhase = 2
debug ++ [Boolean] bubbles = false
debug ++ [Boolean] cancelable = false
debug ++ [String] type = timer
debug +++ [int] repeatCount = 0
debug +++ [int] currentCount = 76
debug +++ [Boolean] running = true
debug +++ [int] delay = 120000
debug +++ [int] repeatCount = 0
debug +++ [int] currentCount = 76
debug +++ [Boolean] running = true
debug +++ [int] delay = 120000
debug time 15:28:59.659 :: After HeartBeat Count=77 Result=5
debug time 15:31:00.424 :: Before HeartBeat Count=78 Time=Sun Jan 15 2012 15:31:00 GMT+0100 AccountId=29131007 Session=8ee732d7-ae01-44c6-af7b-0ceedd40b6a8
debug ++ [int] eventPhase = 2
debug ++ [Boolean] bubbles = false
debug ++ [Boolean] cancelable = false
debug ++ [String] type = timer
debug +++ [int] repeatCount = 0
debug +++ [int] currentCount = 77
debug +++ [Boolean] running = true
debug +++ [int] delay = 120000
debug +++ [int] repeatCount = 0
debug +++ [int] currentCount = 77
debug +++ [Boolean] running = true
debug +++ [int] delay = 120000
debug time 15:31:00.601 :: After HeartBeat Count=78 Result=5
debug time 15:33:00.461 :: Before HeartBeat Count=79 Time=Sun Jan 15 2012 15:33:00 GMT+0100 AccountId=29131007 Session=8ee732d7-ae01-44c6-af7b-0ceedd40b6a8
debug ++ [int] eventPhase = 2
debug ++ [Boolean] bubbles = false
debug ++ [Boolean] cancelable = false
debug ++ [String] type = timer
debug +++ [int] repeatCount = 0
debug +++ [int] currentCount = 78
debug +++ [Boolean] running = true
debug +++ [int] delay = 120000
debug +++ [int] repeatCount = 0
debug +++ [int] currentCount = 78
debug +++ [Boolean] running = true
debug +++ [int] delay = 120000
debug time 15:33:00.679 :: After HeartBeat Count=79 Result=5
debug time 15:35:01.423 :: Before HeartBeat Count=80 Time=Sun Jan 15 2012 15:35:01 GMT+0100 AccountId=29131007 Session=8ee732d7-ae01-44c6-af7b-0ceedd40b6a8
debug ++ [int] eventPhase = 2
debug ++ [Boolean] bubbles = false
debug ++ [Boolean] cancelable = false
debug ++ [String] type = timer
debug +++ [int] repeatCount = 0
debug +++ [int] currentCount = 79
debug +++ [Boolean] running = true
debug +++ [int] delay = 120000
debug +++ [int] repeatCount = 0
debug +++ [int] currentCount = 79
debug +++ [Boolean] running = true
debug +++ [int] delay = 120000
debug time 15:35:01.611 :: After HeartBeat Count=80 Result=5
debug time 15:37:02.421 :: Before HeartBeat Count=81 Time=Sun Jan 15 2012 15:37:02 GMT+0100 AccountId=29131007 Session=8ee732d7-ae01-44c6-af7b-0ceedd40b6a8
debug ++ [int] eventPhase = 2
debug ++ [Boolean] bubbles = false
debug ++ [Boolean] cancelable = false
debug ++ [String] type = timer
debug +++ [int] repeatCount = 0
debug +++ [int] currentCount = 80
debug +++ [Boolean] running = true
debug +++ [int] delay = 120000
debug +++ [int] repeatCount = 0
debug +++ [int] currentCount = 80
debug +++ [Boolean] running = true
debug +++ [int] delay = 120000
debug time 15:37:02.608 :: After HeartBeat Count=81 Result=5
debug time 15:39:02.463 :: Before HeartBeat Count=82 Time=Sun Jan 15 2012 15:39:02 GMT+0100 AccountId=29131007 Session=8ee732d7-ae01-44c6-af7b-0ceedd40b6a8
debug ++ [int] eventPhase = 2
debug ++ [Boolean] bubbles = false
debug ++ [Boolean] cancelable = false
debug ++ [String] type = timer
debug +++ [int] repeatCount = 0
debug +++ [int] currentCount = 81
debug +++ [Boolean] running = true
debug +++ [int] delay = 120000
debug +++ [int] repeatCount = 0
debug +++ [int] currentCount = 81
debug +++ [Boolean] running = true
debug +++ [int] delay = 120000
debug time 15:39:02.650 :: After HeartBeat Count=82 Result=5
debug time 15:41:03.425 :: Before HeartBeat Count=83 Time=Sun Jan 15 2012 15:41:03 GMT+0100 AccountId=29131007 Session=8ee732d7-ae01-44c6-af7b-0ceedd40b6a8
debug ++ [int] eventPhase = 2
debug ++ [Boolean] bubbles = false
debug ++ [Boolean] cancelable = false
debug ++ [String] type = timer
debug +++ [int] repeatCount = 0
debug +++ [int] currentCount = 82
debug +++ [Boolean] running = true
debug +++ [int] delay = 120000
debug +++ [int] repeatCount = 0
debug +++ [int] currentCount = 82
debug +++ [Boolean] running = true
debug +++ [int] delay = 120000
debug time 15:41:03.644 :: After HeartBeat Count=83 Result=5
debug time 15:43:03.436 :: Before HeartBeat Count=84 Time=Sun Jan 15 2012 15:43:03 GMT+0100 AccountId=29131007 Session=8ee732d7-ae01-44c6-af7b-0ceedd40b6a8
debug ++ [int] eventPhase = 2
debug ++ [Boolean] bubbles = false
debug ++ [Boolean] cancelable = false
debug ++ [String] type = timer
debug +++ [int] repeatCount = 0
debug +++ [int] currentCount = 83
debug +++ [Boolean] running = true
debug +++ [int] delay = 120000
debug +++ [int] repeatCount = 0
debug +++ [int] currentCount = 83
debug +++ [Boolean] running = true
debug +++ [int] delay = 120000
debug time 15:43:03.624 :: After HeartBeat Count=84 Result=5
debug time 15:45:04.430 :: Before HeartBeat Count=85 Time=Sun Jan 15 2012 15:45:04 GMT+0100 AccountId=29131007 Session=8ee732d7-ae01-44c6-af7b-0ceedd40b6a8
debug ++ [int] eventPhase = 2
debug ++ [Boolean] bubbles = false
debug ++ [Boolean] cancelable = false
debug ++ [String] type = timer
debug +++ [int] repeatCount = 0
debug +++ [int] currentCount = 84
debug +++ [Boolean] running = true
debug +++ [int] delay = 120000
debug +++ [int] repeatCount = 0
debug +++ [int] currentCount = 84
debug +++ [Boolean] running = true
debug +++ [int] delay = 120000
debug time 15:45:04.617 :: After HeartBeat Count=85 Result=5
debug time 15:47:04.441 :: Before HeartBeat Count=86 Time=Sun Jan 15 2012 15:47:04 GMT+0100 AccountId=29131007 Session=8ee732d7-ae01-44c6-af7b-0ceedd40b6a8
debug ++ [int] eventPhase = 2
debug ++ [Boolean] bubbles = false
debug ++ [Boolean] cancelable = false
debug ++ [String] type = timer
debug +++ [int] repeatCount = 0
debug +++ [int] currentCount = 85
debug +++ [Boolean] running = true
debug +++ [int] delay = 120000
debug +++ [int] repeatCount = 0
debug +++ [int] currentCount = 85
debug +++ [Boolean] running = true
debug +++ [int] delay = 120000
debug time 15:47:04.628 :: After HeartBeat Count=86 Result=5
debug time 15:49:04.452 :: Before HeartBeat Count=87 Time=Sun Jan 15 2012 15:49:04 GMT+0100 AccountId=29131007 Session=8ee732d7-ae01-44c6-af7b-0ceedd40b6a8
debug ++ [int] eventPhase = 2
debug ++ [Boolean] bubbles = false
debug ++ [Boolean] cancelable = false
debug ++ [String] type = timer
debug +++ [int] repeatCount = 0
debug +++ [int] currentCount = 86
debug +++ [Boolean] running = true
debug +++ [int] delay = 120000
debug +++ [int] repeatCount = 0
debug +++ [int] currentCount = 86
debug +++ [Boolean] running = true
debug +++ [int] delay = 120000
debug time 15:49:04.639 :: After HeartBeat Count=87 Result=5
debug time 15:51:05.430 :: Before HeartBeat Count=88 Time=Sun Jan 15 2012 15:51:05 GMT+0100 AccountId=29131007 Session=8ee732d7-ae01-44c6-af7b-0ceedd40b6a8
debug ++ [int] eventPhase = 2
debug ++ [Boolean] bubbles = false
debug ++ [Boolean] cancelable = false
debug ++ [String] type = timer
debug +++ [int] repeatCount = 0
debug +++ [int] currentCount = 87
debug +++ [Boolean] running = true
debug +++ [int] delay = 120000
debug +++ [int] repeatCount = 0
debug +++ [int] currentCount = 87
debug +++ [Boolean] running = true
debug +++ [int] delay = 120000
debug time 15:51:05.618 :: After HeartBeat Count=88 Result=5
debug time 15:53:05.441 :: Before HeartBeat Count=89 Time=Sun Jan 15 2012 15:53:05 GMT+0100 AccountId=29131007 Session=8ee732d7-ae01-44c6-af7b-0ceedd40b6a8
debug ++ [int] eventPhase = 2
debug ++ [Boolean] bubbles = false
debug ++ [Boolean] cancelable = false
debug ++ [String] type = timer
debug +++ [int] repeatCount = 0
debug +++ [int] currentCount = 88
debug +++ [Boolean] running = true
debug +++ [int] delay = 120000
debug +++ [int] repeatCount = 0
debug +++ [int] currentCount = 88
debug +++ [Boolean] running = true
debug +++ [int] delay = 120000
debug time 15:53:05.629 :: After HeartBeat Count=89 Result=5
debug time 15:55:06.435 :: Before HeartBeat Count=90 Time=Sun Jan 15 2012 15:55:06 GMT+0100 AccountId=29131007 Session=8ee732d7-ae01-44c6-af7b-0ceedd40b6a8
debug ++ [int] eventPhase = 2
debug ++ [Boolean] bubbles = false
debug ++ [Boolean] cancelable = false
debug ++ [String] type = timer
debug +++ [int] repeatCount = 0
debug +++ [int] currentCount = 89
debug +++ [Boolean] running = true
debug +++ [int] delay = 120000
debug +++ [int] repeatCount = 0
debug +++ [int] currentCount = 89
debug +++ [Boolean] running = true
debug +++ [int] delay = 120000
debug time 15:55:06.622 :: After HeartBeat Count=90 Result=5
debug time 15:57:06.446 :: Before HeartBeat Count=91 Time=Sun Jan 15 2012 15:57:06 GMT+0100 AccountId=29131007 Session=8ee732d7-ae01-44c6-af7b-0ceedd40b6a8
debug ++ [int] eventPhase = 2
debug ++ [Boolean] bubbles = false
debug ++ [Boolean] cancelable = false
debug ++ [String] type = timer
debug +++ [int] repeatCount = 0
debug +++ [int] currentCount = 90
debug +++ [Boolean] running = true
debug +++ [int] delay = 120000
debug +++ [int] repeatCount = 0
debug +++ [int] currentCount = 90
debug +++ [Boolean] running = true
debug +++ [int] delay = 120000
debug time 15:57:06.633 :: After HeartBeat Count=91 Result=5
debug time 15:59:07.456 :: Before HeartBeat Count=92 Time=Sun Jan 15 2012 15:59:07 GMT+0100 AccountId=29131007 Session=8ee732d7-ae01-44c6-af7b-0ceedd40b6a8
debug ++ [int] eventPhase = 2
debug ++ [Boolean] bubbles = false
debug ++ [Boolean] cancelable = false
debug ++ [String] type = timer
debug +++ [int] repeatCount = 0
debug +++ [int] currentCount = 91
debug +++ [Boolean] running = true
debug +++ [int] delay = 120000
debug +++ [int] repeatCount = 0
debug +++ [int] currentCount = 91
debug +++ [Boolean] running = true
debug +++ [int] delay = 120000
debug time 15:59:07.674 :: After HeartBeat Count=92 Result=5
debug time 16:01:07.451 :: Before HeartBeat Count=93 Time=Sun Jan 15 2012 16:01:07 GMT+0100 AccountId=29131007 Session=8ee732d7-ae01-44c6-af7b-0ceedd40b6a8
debug ++ [int] eventPhase = 2
debug ++ [Boolean] bubbles = false
debug ++ [Boolean] cancelable = false
debug ++ [String] type = timer
debug +++ [int] repeatCount = 0
debug +++ [int] currentCount = 92
debug +++ [Boolean] running = true
debug +++ [int] delay = 120000
debug +++ [int] repeatCount = 0
debug +++ [int] currentCount = 92
debug +++ [Boolean] running = true
debug +++ [int] delay = 120000
debug time 16:01:07.654 :: After HeartBeat Count=93 Result=5
debug time 16:03:07.478 :: Before HeartBeat Count=94 Time=Sun Jan 15 2012 16:03:07 GMT+0100 AccountId=29131007 Session=8ee732d7-ae01-44c6-af7b-0ceedd40b6a8
debug ++ [int] eventPhase = 2
debug ++ [Boolean] bubbles = false
debug ++ [Boolean] cancelable = false
debug ++ [String] type = timer
debug +++ [int] repeatCount = 0
debug +++ [int] currentCount = 93
debug +++ [Boolean] running = true
debug +++ [int] delay = 120000
debug +++ [int] repeatCount = 0
debug +++ [int] currentCount = 93
debug +++ [Boolean] running = true
debug +++ [int] delay = 120000
debug time 16:03:07.696 :: After HeartBeat Count=94 Result=5
debug time 16:05:08.440 :: Before HeartBeat Count=95 Time=Sun Jan 15 2012 16:05:08 GMT+0100 AccountId=29131007 Session=8ee732d7-ae01-44c6-af7b-0ceedd40b6a8
debug ++ [int] eventPhase = 2
debug ++ [Boolean] bubbles = false
debug ++ [Boolean] cancelable = false
debug ++ [String] type = timer
debug +++ [int] repeatCount = 0
debug +++ [int] currentCount = 94
debug +++ [Boolean] running = true
debug +++ [int] delay = 120000
debug +++ [int] repeatCount = 0
debug +++ [int] currentCount = 94
debug +++ [Boolean] running = true
debug +++ [int] delay = 120000
debug time 16:05:08.643 :: After HeartBeat Count=95 Result=5
debug time 16:07:08.483 :: Before HeartBeat Count=96 Time=Sun Jan 15 2012 16:07:08 GMT+0100 AccountId=29131007 Session=8ee732d7-ae01-44c6-af7b-0ceedd40b6a8
debug ++ [int] eventPhase = 2
debug ++ [Boolean] bubbles = false
debug ++ [Boolean] cancelable = false
debug ++ [String] type = timer
debug +++ [int] repeatCount = 0
debug +++ [int] currentCount = 95
debug +++ [Boolean] running = true
debug +++ [int] delay = 120000
debug +++ [int] repeatCount = 0
debug +++ [int] currentCount = 95
debug +++ [Boolean] running = true
debug +++ [int] delay = 120000
debug time 16:07:08.717 :: After HeartBeat Count=96 Result=5
debug time 16:09:09.445 :: Before HeartBeat Count=97 Time=Sun Jan 15 2012 16:09:09 GMT+0100 AccountId=29131007 Session=8ee732d7-ae01-44c6-af7b-0ceedd40b6a8
debug ++ [int] eventPhase = 2
debug ++ [Boolean] bubbles = false
debug ++ [Boolean] cancelable = false
debug ++ [String] type = timer
debug +++ [int] repeatCount = 0
debug +++ [int] currentCount = 96
debug +++ [Boolean] running = true
debug +++ [int] delay = 120000
debug +++ [int] repeatCount = 0
debug +++ [int] currentCount = 96
debug +++ [Boolean] running = true
debug +++ [int] delay = 120000
debug time 16:09:09.648 :: After HeartBeat Count=97 Result=5
debug time 16:11:09.487 :: Before HeartBeat Count=98 Time=Sun Jan 15 2012 16:11:09 GMT+0100 AccountId=29131007 Session=8ee732d7-ae01-44c6-af7b-0ceedd40b6a8
debug ++ [int] eventPhase = 2
debug ++ [Boolean] bubbles = false
debug ++ [Boolean] cancelable = false
debug ++ [String] type = timer
debug +++ [int] repeatCount = 0
debug +++ [int] currentCount = 97
debug +++ [Boolean] running = true
debug +++ [int] delay = 120000
debug +++ [int] repeatCount = 0
debug +++ [int] currentCount = 97
debug +++ [Boolean] running = true
debug +++ [int] delay = 120000
debug time 16:11:09.721 :: After HeartBeat Count=98 Result=5
debug time 16:13:10.450 :: Before HeartBeat Count=99 Time=Sun Jan 15 2012 16:13:10 GMT+0100 AccountId=29131007 Session=8ee732d7-ae01-44c6-af7b-0ceedd40b6a8
debug ++ [int] eventPhase = 2
debug ++ [Boolean] bubbles = false
debug ++ [Boolean] cancelable = false
debug ++ [String] type = timer
debug +++ [int] repeatCount = 0
debug +++ [int] currentCount = 98
debug +++ [Boolean] running = true
debug +++ [int] delay = 120000
debug +++ [int] repeatCount = 0
debug +++ [int] currentCount = 98
debug +++ [Boolean] running = true
debug +++ [int] delay = 120000
debug time 16:13:10.653 :: After HeartBeat Count=99 Result=5
debug time 16:15:10.461 :: Before HeartBeat Count=100 Time=Sun Jan 15 2012 16:15:10 GMT+0100 AccountId=29131007 Session=8ee732d7-ae01-44c6-af7b-0ceedd40b6a8
debug ++ [int] eventPhase = 2
debug ++ [Boolean] bubbles = false
debug ++ [Boolean] cancelable = false
debug ++ [String] type = timer
debug +++ [int] repeatCount = 0
debug +++ [int] currentCount = 99
debug +++ [Boolean] running = true
debug +++ [int] delay = 120000
debug +++ [int] repeatCount = 0
debug +++ [int] currentCount = 99
debug +++ [Boolean] running = true
debug +++ [int] delay = 120000
debug time 16:15:10.664 :: After HeartBeat Count=100 Result=5
debug time 16:17:11.455 :: Before HeartBeat Count=101 Time=Sun Jan 15 2012 16:17:11 GMT+0100 AccountId=29131007 Session=8ee732d7-ae01-44c6-af7b-0ceedd40b6a8
debug ++ [int] eventPhase = 2
debug ++ [Boolean] bubbles = false
debug ++ [Boolean] cancelable = false
debug ++ [String] type = timer
debug +++ [int] repeatCount = 0
debug +++ [int] currentCount = 100
debug +++ [Boolean] running = true
debug +++ [int] delay = 120000
debug +++ [int] repeatCount = 0
debug +++ [int] currentCount = 100
debug +++ [Boolean] running = true
debug +++ [int] delay = 120000
debug time 16:17:11.642 :: After HeartBeat Count=101 Result=5
debug time 16:19:11.466 :: Before HeartBeat Count=102 Time=Sun Jan 15 2012 16:19:11 GMT+0100 AccountId=29131007 Session=8ee732d7-ae01-44c6-af7b-0ceedd40b6a8
debug ++ [int] eventPhase = 2
debug ++ [Boolean] bubbles = false
debug ++ [Boolean] cancelable = false
debug ++ [String] type = timer
debug +++ [int] repeatCount = 0
debug +++ [int] currentCount = 101
debug +++ [Boolean] running = true
debug +++ [int] delay = 120000
debug +++ [int] repeatCount = 0
debug +++ [int] currentCount = 101
debug +++ [Boolean] running = true
debug +++ [int] delay = 120000
debug time 16:19:11.669 :: After HeartBeat Count=102 Result=5
debug time 16:21:12.460 :: Before HeartBeat Count=103 Time=Sun Jan 15 2012 16:21:12 GMT+0100 AccountId=29131007 Session=8ee732d7-ae01-44c6-af7b-0ceedd40b6a8
debug ++ [int] eventPhase = 2
debug ++ [Boolean] bubbles = false
debug ++ [Boolean] cancelable = false
debug ++ [String] type = timer
debug +++ [int] repeatCount = 0
debug +++ [int] currentCount = 102
debug +++ [Boolean] running = true
debug +++ [int] delay = 120000
debug +++ [int] repeatCount = 0
debug +++ [int] currentCount = 102
debug +++ [Boolean] running = true
debug +++ [int] delay = 120000
debug time 16:21:12.662 :: After HeartBeat Count=103 Result=5
debug time 16:23:13.469 :: Before HeartBeat Count=104 Time=Sun Jan 15 2012 16:23:13 GMT+0100 AccountId=29131007 Session=8ee732d7-ae01-44c6-af7b-0ceedd40b6a8
debug ++ [int] eventPhase = 2
debug ++ [Boolean] bubbles = false
debug ++ [Boolean] cancelable = false
debug ++ [String] type = timer
debug +++ [int] repeatCount = 0
debug +++ [int] currentCount = 103
debug +++ [Boolean] running = true
debug +++ [int] delay = 120000
debug +++ [int] repeatCount = 0
debug +++ [int] currentCount = 103
debug +++ [Boolean] running = true
debug +++ [int] delay = 120000
debug time 16:23:13.656 :: After HeartBeat Count=104 Result=5
debug time 16:25:13.464 :: Before HeartBeat Count=105 Time=Sun Jan 15 2012 16:25:13 GMT+0100 AccountId=29131007 Session=8ee732d7-ae01-44c6-af7b-0ceedd40b6a8
debug ++ [int] eventPhase = 2
debug ++ [Boolean] bubbles = false
debug ++ [Boolean] cancelable = false
debug ++ [String] type = timer
debug +++ [int] repeatCount = 0
debug +++ [int] currentCount = 104
debug +++ [Boolean] running = true
debug +++ [int] delay = 120000
debug +++ [int] repeatCount = 0
debug +++ [int] currentCount = 104
debug +++ [Boolean] running = true
debug +++ [int] delay = 120000
debug time 16:25:13.667 :: After HeartBeat Count=105 Result=5
debug time 16:27:14.458 :: Before HeartBeat Count=106 Time=Sun Jan 15 2012 16:27:14 GMT+0100 AccountId=29131007 Session=8ee732d7-ae01-44c6-af7b-0ceedd40b6a8
debug ++ [int] eventPhase = 2
debug ++ [Boolean] bubbles = false
debug ++ [Boolean] cancelable = false
debug ++ [String] type = timer
debug +++ [int] repeatCount = 0
debug +++ [int] currentCount = 105
debug +++ [Boolean] running = true
debug +++ [int] delay = 120000
debug +++ [int] repeatCount = 0
debug +++ [int] currentCount = 105
debug +++ [Boolean] running = true
debug +++ [int] delay = 120000
debug time 16:27:14.692 :: After HeartBeat Count=106 Result=5
debug time 16:29:14.469 :: Before HeartBeat Count=107 Time=Sun Jan 15 2012 16:29:14 GMT+0100 AccountId=29131007 Session=8ee732d7-ae01-44c6-af7b-0ceedd40b6a8
debug ++ [int] eventPhase = 2
debug ++ [Boolean] bubbles = false
debug ++ [Boolean] cancelable = false
debug ++ [String] type = timer
debug +++ [int] repeatCount = 0
debug +++ [int] currentCount = 106
debug +++ [Boolean] running = true
debug +++ [int] delay = 120000
debug +++ [int] repeatCount = 0
debug +++ [int] currentCount = 106
debug +++ [Boolean] running = true
debug +++ [int] delay = 120000
debug time 16:29:14.672 :: After HeartBeat Count=107 Result=5
debug time 16:31:14.496 :: Before HeartBeat Count=108 Time=Sun Jan 15 2012 16:31:14 GMT+0100 AccountId=29131007 Session=8ee732d7-ae01-44c6-af7b-0ceedd40b6a8
debug ++ [int] eventPhase = 2
debug ++ [Boolean] bubbles = false
debug ++ [Boolean] cancelable = false
debug ++ [String] type = timer
debug +++ [int] repeatCount = 0
debug +++ [int] currentCount = 107
debug +++ [Boolean] running = true
debug +++ [int] delay = 120000
debug +++ [int] repeatCount = 0
debug +++ [int] currentCount = 107
debug +++ [Boolean] running = true
debug +++ [int] delay = 120000
debug time 16:31:14.699 :: After HeartBeat Count=108 Result=5
debug time 16:33:15.521 :: Before HeartBeat Count=109 Time=Sun Jan 15 2012 16:33:15 GMT+0100 AccountId=29131007 Session=8ee732d7-ae01-44c6-af7b-0ceedd40b6a8
debug ++ [int] eventPhase = 2
debug ++ [Boolean] bubbles = false
debug ++ [Boolean] cancelable = false
debug ++ [String] type = timer
debug +++ [int] repeatCount = 0
debug +++ [int] currentCount = 108
debug +++ [Boolean] running = true
debug +++ [int] delay = 120000
debug +++ [int] repeatCount = 0
debug +++ [int] currentCount = 108
debug +++ [Boolean] running = true
debug +++ [int] delay = 120000
debug time 16:33:15.739 :: After HeartBeat Count=109 Result=5
debug time 16:35:16.468 :: Before HeartBeat Count=110 Time=Sun Jan 15 2012 16:35:16 GMT+0100 AccountId=29131007 Session=8ee732d7-ae01-44c6-af7b-0ceedd40b6a8
debug ++ [int] eventPhase = 2
debug ++ [Boolean] bubbles = false
debug ++ [Boolean] cancelable = false
debug ++ [String] type = timer
debug +++ [int] repeatCount = 0
debug +++ [int] currentCount = 109
debug +++ [Boolean] running = true
debug +++ [int] delay = 120000
debug +++ [int] repeatCount = 0
debug +++ [int] currentCount = 109
debug +++ [Boolean] running = true
debug +++ [int] delay = 120000
debug time 16:35:16.671 :: After HeartBeat Count=110 Result=5
debug time 16:37:16.510 :: Before HeartBeat Count=111 Time=Sun Jan 15 2012 16:37:16 GMT+0100 AccountId=29131007 Session=8ee732d7-ae01-44c6-af7b-0ceedd40b6a8
debug ++ [int] eventPhase = 2
debug ++ [Boolean] bubbles = false
debug ++ [Boolean] cancelable = false
debug ++ [String] type = timer
debug +++ [int] repeatCount = 0
debug +++ [int] currentCount = 110
debug +++ [Boolean] running = true
debug +++ [int] delay = 120000
debug +++ [int] repeatCount = 0
debug +++ [int] currentCount = 110
debug +++ [Boolean] running = true
debug +++ [int] delay = 120000
debug time 16:37:16.729 :: After HeartBeat Count=111 Result=5
debug time 16:39:17.473 :: Before HeartBeat Count=112 Time=Sun Jan 15 2012 16:39:17 GMT+0100 AccountId=29131007 Session=8ee732d7-ae01-44c6-af7b-0ceedd40b6a8
debug ++ [int] eventPhase = 2
debug ++ [Boolean] bubbles = false
debug ++ [Boolean] cancelable = false
debug ++ [String] type = timer
debug +++ [int] repeatCount = 0
debug +++ [int] currentCount = 111
debug +++ [Boolean] running = true
debug +++ [int] delay = 120000
debug +++ [int] repeatCount = 0
debug +++ [int] currentCount = 111
debug +++ [Boolean] running = true
debug +++ [int] delay = 120000
debug time 16:39:17.676 :: After HeartBeat Count=112 Result=5
debug time 16:41:17.499 :: Before HeartBeat Count=113 Time=Sun Jan 15 2012 16:41:17 GMT+0100 AccountId=29131007 Session=8ee732d7-ae01-44c6-af7b-0ceedd40b6a8
debug ++ [int] eventPhase = 2
debug ++ [Boolean] bubbles = false
debug ++ [Boolean] cancelable = false
debug ++ [String] type = timer
debug +++ [int] repeatCount = 0
debug +++ [int] currentCount = 112
debug +++ [Boolean] running = true
debug +++ [int] delay = 120000
debug +++ [int] repeatCount = 0
debug +++ [int] currentCount = 112
debug +++ [Boolean] running = true
debug +++ [int] delay = 120000
debug time 16:41:17.718 :: After HeartBeat Count=113 Result=5
debug time 16:43:18.478 :: Before HeartBeat Count=114 Time=Sun Jan 15 2012 16:43:18 GMT+0100 AccountId=29131007 Session=8ee732d7-ae01-44c6-af7b-0ceedd40b6a8
debug ++ [int] eventPhase = 2
debug ++ [Boolean] bubbles = false
debug ++ [Boolean] cancelable = false
debug ++ [String] type = timer
debug +++ [int] repeatCount = 0
debug +++ [int] currentCount = 113
debug +++ [Boolean] running = true
debug +++ [int] delay = 120000
debug +++ [int] repeatCount = 0
debug +++ [int] currentCount = 113
debug +++ [Boolean] running = true
debug +++ [int] delay = 120000
debug time 16:43:18.680 :: After HeartBeat Count=114 Result=5
debug time 16:45:18.504 :: Before HeartBeat Count=115 Time=Sun Jan 15 2012 16:45:18 GMT+0100 AccountId=29131007 Session=8ee732d7-ae01-44c6-af7b-0ceedd40b6a8
debug ++ [int] eventPhase = 2
debug ++ [Boolean] bubbles = false
debug ++ [Boolean] cancelable = false
debug ++ [String] type = timer
debug +++ [int] repeatCount = 0
debug +++ [int] currentCount = 114
debug +++ [Boolean] running = true
debug +++ [int] delay = 120000
debug +++ [int] repeatCount = 0
debug +++ [int] currentCount = 114
debug +++ [Boolean] running = true
debug +++ [int] delay = 120000
debug time 16:45:18.723 :: After HeartBeat Count=115 Result=5
debug time 16:47:19.482 :: Before HeartBeat Count=116 Time=Sun Jan 15 2012 16:47:19 GMT+0100 AccountId=29131007 Session=8ee732d7-ae01-44c6-af7b-0ceedd40b6a8
debug ++ [int] eventPhase = 2
debug ++ [Boolean] bubbles = false
debug ++ [Boolean] cancelable = false
debug ++ [String] type = timer
debug +++ [int] repeatCount = 0
debug +++ [int] currentCount = 115
debug +++ [Boolean] running = true
debug +++ [int] delay = 120000
debug +++ [int] repeatCount = 0
debug +++ [int] currentCount = 115
debug +++ [Boolean] running = true
debug +++ [int] delay = 120000
debug time 16:47:19.685 :: After HeartBeat Count=116 Result=5
debug time 16:49:20.523 :: Before HeartBeat Count=117 Time=Sun Jan 15 2012 16:49:20 GMT+0100 AccountId=29131007 Session=8ee732d7-ae01-44c6-af7b-0ceedd40b6a8
debug ++ [int] eventPhase = 2
debug ++ [Boolean] bubbles = false
debug ++ [Boolean] cancelable = false
debug ++ [String] type = timer
debug +++ [int] repeatCount = 0
debug +++ [int] currentCount = 116
debug +++ [Boolean] running = true
debug +++ [int] delay = 120000
debug +++ [int] repeatCount = 0
debug +++ [int] currentCount = 116
debug +++ [Boolean] running = true
debug +++ [int] delay = 120000
debug time 16:49:20.741 :: After HeartBeat Count=117 Result=5
debug time 16:51:21.486 :: Before HeartBeat Count=118 Time=Sun Jan 15 2012 16:51:21 GMT+0100 AccountId=29131007 Session=8ee732d7-ae01-44c6-af7b-0ceedd40b6a8
debug ++ [int] eventPhase = 2
debug ++ [Boolean] bubbles = false
debug ++ [Boolean] cancelable = false
debug ++ [String] type = timer
debug +++ [int] repeatCount = 0
debug +++ [int] currentCount = 117
debug +++ [Boolean] running = true
debug +++ [int] delay = 120000
debug +++ [int] repeatCount = 0
debug +++ [int] currentCount = 117
debug +++ [Boolean] running = true
debug +++ [int] delay = 120000
debug time 16:51:21.688 :: After HeartBeat Count=118 Result=5
debug time 16:53:21.512 :: Before HeartBeat Count=119 Time=Sun Jan 15 2012 16:53:21 GMT+0100 AccountId=29131007 Session=8ee732d7-ae01-44c6-af7b-0ceedd40b6a8
debug ++ [int] eventPhase = 2
debug ++ [Boolean] bubbles = false
debug ++ [Boolean] cancelable = false
debug ++ [String] type = timer
debug +++ [int] repeatCount = 0
debug +++ [int] currentCount = 118
debug +++ [Boolean] running = true
debug +++ [int] delay = 120000
debug +++ [int] repeatCount = 0
debug +++ [int] currentCount = 118
debug +++ [Boolean] running = true
debug +++ [int] delay = 120000
debug time 16:53:21.746 :: After HeartBeat Count=119 Result=5
debug time 16:55:22.490 :: Before HeartBeat Count=120 Time=Sun Jan 15 2012 16:55:22 GMT+0100 AccountId=29131007 Session=8ee732d7-ae01-44c6-af7b-0ceedd40b6a8
debug ++ [int] eventPhase = 2
debug ++ [Boolean] bubbles = false
debug ++ [Boolean] cancelable = false
debug ++ [String] type = timer
debug +++ [int] repeatCount = 0
debug +++ [int] currentCount = 119
debug +++ [Boolean] running = true
debug +++ [int] delay = 120000
debug +++ [int] repeatCount = 0
debug +++ [int] currentCount = 119
debug +++ [Boolean] running = true
debug +++ [int] delay = 120000
debug time 16:55:22.693 :: After HeartBeat Count=120 Result=5
debug time 16:57:23.484 :: Before HeartBeat Count=121 Time=Sun Jan 15 2012 16:57:23 GMT+0100 AccountId=29131007 Session=8ee732d7-ae01-44c6-af7b-0ceedd40b6a8
debug ++ [int] eventPhase = 2
debug ++ [Boolean] bubbles = false
debug ++ [Boolean] cancelable = false
debug ++ [String] type = timer
debug +++ [int] repeatCount = 0
debug +++ [int] currentCount = 120
debug +++ [Boolean] running = true
debug +++ [int] delay = 120000
debug +++ [int] repeatCount = 0
debug +++ [int] currentCount = 120
debug +++ [Boolean] running = true
debug +++ [int] delay = 120000
debug time 16:57:23.687 :: After HeartBeat Count=121 Result=5
debug time 16:59:23.495 :: Before HeartBeat Count=122 Time=Sun Jan 15 2012 16:59:23 GMT+0100 AccountId=29131007 Session=8ee732d7-ae01-44c6-af7b-0ceedd40b6a8
debug ++ [int] eventPhase = 2
debug ++ [Boolean] bubbles = false
debug ++ [Boolean] cancelable = false
debug ++ [String] type = timer
debug +++ [int] repeatCount = 0
debug +++ [int] currentCount = 121
debug +++ [Boolean] running = true
debug +++ [int] delay = 120000
debug +++ [int] repeatCount = 0
debug +++ [int] currentCount = 121
debug +++ [Boolean] running = true
debug +++ [int] delay = 120000
debug time 16:59:23.682 :: After HeartBeat Count=122 Result=5
debug time 17:01:23.537 :: Before HeartBeat Count=123 Time=Sun Jan 15 2012 17:01:23 GMT+0100 AccountId=29131007 Session=8ee732d7-ae01-44c6-af7b-0ceedd40b6a8
debug ++ [int] eventPhase = 2
debug ++ [Boolean] bubbles = false
debug ++ [Boolean] cancelable = false
debug ++ [String] type = timer
debug +++ [int] repeatCount = 0
debug +++ [int] currentCount = 122
debug +++ [Boolean] running = true
debug +++ [int] delay = 120000
debug +++ [int] repeatCount = 0
debug +++ [int] currentCount = 122
debug +++ [Boolean] running = true
debug +++ [int] delay = 120000
debug time 17:01:23.756 :: After HeartBeat Count=123 Result=5
debug time 17:03:24.500 :: Before HeartBeat Count=124 Time=Sun Jan 15 2012 17:03:24 GMT+0100 AccountId=29131007 Session=8ee732d7-ae01-44c6-af7b-0ceedd40b6a8
debug ++ [int] eventPhase = 2
debug ++ [Boolean] bubbles = false
debug ++ [Boolean] cancelable = false
debug ++ [String] type = timer
debug +++ [int] repeatCount = 0
debug +++ [int] currentCount = 123
debug +++ [Boolean] running = true
debug +++ [int] delay = 120000
debug +++ [int] repeatCount = 0
debug +++ [int] currentCount = 123
debug +++ [Boolean] running = true
debug +++ [int] delay = 120000
debug time 17:03:24.703 :: After HeartBeat Count=124 Result=5
debug time 17:05:24.527 :: Before HeartBeat Count=125 Time=Sun Jan 15 2012 17:05:24 GMT+0100 AccountId=29131007 Session=8ee732d7-ae01-44c6-af7b-0ceedd40b6a8
debug ++ [int] eventPhase = 2
debug ++ [Boolean] bubbles = false
debug ++ [Boolean] cancelable = false
debug ++ [String] type = timer
debug +++ [int] repeatCount = 0
debug +++ [int] currentCount = 124
debug +++ [Boolean] running = true
debug +++ [int] delay = 120000
debug +++ [int] repeatCount = 0
debug +++ [int] currentCount = 124
debug +++ [Boolean] running = true
debug +++ [int] delay = 120000
debug time 17:05:24.729 :: After HeartBeat Count=125 Result=5
debug time 17:07:25.505 :: Before HeartBeat Count=126 Time=Sun Jan 15 2012 17:07:25 GMT+0100 AccountId=29131007 Session=8ee732d7-ae01-44c6-af7b-0ceedd40b6a8
debug ++ [int] eventPhase = 2
debug ++ [Boolean] bubbles = false
debug ++ [Boolean] cancelable = false
debug ++ [String] type = timer
debug +++ [int] repeatCount = 0
debug +++ [int] currentCount = 125
debug +++ [Boolean] running = true
debug +++ [int] delay = 120000
debug +++ [int] repeatCount = 0
debug +++ [int] currentCount = 125
debug +++ [Boolean] running = true
debug +++ [int] delay = 120000
debug time 17:07:25.708 :: After HeartBeat Count=126 Result=5
debug time 17:09:25.532 :: Before HeartBeat Count=127 Time=Sun Jan 15 2012 17:09:25 GMT+0100 AccountId=29131007 Session=8ee732d7-ae01-44c6-af7b-0ceedd40b6a8
debug ++ [int] eventPhase = 2
debug ++ [Boolean] bubbles = false
debug ++ [Boolean] cancelable = false
debug ++ [String] type = timer
debug +++ [int] repeatCount = 0
debug +++ [int] currentCount = 126
debug +++ [Boolean] running = true
debug +++ [int] delay = 120000
debug +++ [int] repeatCount = 0
debug +++ [int] currentCount = 126
debug +++ [Boolean] running = true
debug +++ [int] delay = 120000
debug time 17:09:25.750 :: After HeartBeat Count=127 Result=5
debug time 17:11:26.494 :: Before HeartBeat Count=128 Time=Sun Jan 15 2012 17:11:26 GMT+0100 AccountId=29131007 Session=8ee732d7-ae01-44c6-af7b-0ceedd40b6a8
debug ++ [int] eventPhase = 2
debug ++ [Boolean] bubbles = false
debug ++ [Boolean] cancelable = false
debug ++ [String] type = timer
debug +++ [int] repeatCount = 0
debug +++ [int] currentCount = 127
debug +++ [Boolean] running = true
debug +++ [int] delay = 120000
debug +++ [int] repeatCount = 0
debug +++ [int] currentCount = 127
debug +++ [Boolean] running = true
debug +++ [int] delay = 120000
debug time 17:11:26.681 :: After HeartBeat Count=128 Result=5
debug time 17:13:26.536 :: Before HeartBeat Count=129 Time=Sun Jan 15 2012 17:13:26 GMT+0100 AccountId=29131007 Session=8ee732d7-ae01-44c6-af7b-0ceedd40b6a8
debug ++ [int] eventPhase = 2
debug ++ [Boolean] bubbles = false
debug ++ [Boolean] cancelable = false
debug ++ [String] type = timer
debug +++ [int] repeatCount = 0
debug +++ [int] currentCount = 128
debug +++ [Boolean] running = true
debug +++ [int] delay = 120000
debug +++ [int] repeatCount = 0
debug +++ [int] currentCount = 128
debug +++ [Boolean] running = true
debug +++ [int] delay = 120000
debug time 17:13:26.755 :: After HeartBeat Count=129 Result=5
debug time 17:15:27.499 :: Before HeartBeat Count=130 Time=Sun Jan 15 2012 17:15:27 GMT+0100 AccountId=29131007 Session=8ee732d7-ae01-44c6-af7b-0ceedd40b6a8
debug ++ [int] eventPhase = 2
debug ++ [Boolean] bubbles = false
debug ++ [Boolean] cancelable = false
debug ++ [String] type = timer
debug +++ [int] repeatCount = 0
debug +++ [int] currentCount = 129
debug +++ [Boolean] running = true
debug +++ [int] delay = 120000
debug +++ [int] repeatCount = 0
debug +++ [int] currentCount = 129
debug +++ [Boolean] running = true
debug +++ [int] delay = 120000
debug time 17:15:27.702 :: After HeartBeat Count=130 Result=5
debug time 17:17:27.541 :: Before HeartBeat Count=131 Time=Sun Jan 15 2012 17:17:27 GMT+0100 AccountId=29131007 Session=8ee732d7-ae01-44c6-af7b-0ceedd40b6a8
debug ++ [int] eventPhase = 2
debug ++ [Boolean] bubbles = false
debug ++ [Boolean] cancelable = false
debug ++ [String] type = timer
debug +++ [int] repeatCount = 0
debug +++ [int] currentCount = 130
debug +++ [Boolean] running = true
debug +++ [int] delay = 120000
debug +++ [int] repeatCount = 0
debug +++ [int] currentCount = 130
debug +++ [Boolean] running = true
debug +++ [int] delay = 120000
debug time 17:17:27.760 :: After HeartBeat Count=131 Result=5
debug time 17:19:28.519 :: Before HeartBeat Count=132 Time=Sun Jan 15 2012 17:19:28 GMT+0100 AccountId=29131007 Session=8ee732d7-ae01-44c6-af7b-0ceedd40b6a8
debug ++ [int] eventPhase = 2
debug ++ [Boolean] bubbles = false
debug ++ [Boolean] cancelable = false
debug ++ [String] type = timer
debug +++ [int] repeatCount = 0
debug +++ [int] currentCount = 131
debug +++ [Boolean] running = true
debug +++ [int] delay = 120000
debug +++ [int] repeatCount = 0
debug +++ [int] currentCount = 131
debug +++ [Boolean] running = true
debug +++ [int] delay = 120000
debug time 17:19:28.707 :: After HeartBeat Count=132 Result=5
debug time 17:21:28.546 :: Before HeartBeat Count=133 Time=Sun Jan 15 2012 17:21:28 GMT+0100 AccountId=29131007 Session=8ee732d7-ae01-44c6-af7b-0ceedd40b6a8
debug ++ [int] eventPhase = 2
debug ++ [Boolean] bubbles = false
debug ++ [Boolean] cancelable = false
debug ++ [String] type = timer
debug +++ [int] repeatCount = 0
debug +++ [int] currentCount = 132
debug +++ [Boolean] running = true
debug +++ [int] delay = 120000
debug +++ [int] repeatCount = 0
debug +++ [int] currentCount = 132
debug +++ [Boolean] running = true
debug +++ [int] delay = 120000
debug time 17:21:28.764 :: After HeartBeat Count=133 Result=5
debug time 17:23:29.524 :: Before HeartBeat Count=134 Time=Sun Jan 15 2012 17:23:29 GMT+0100 AccountId=29131007 Session=8ee732d7-ae01-44c6-af7b-0ceedd40b6a8
debug ++ [int] eventPhase = 2
debug ++ [Boolean] bubbles = false
debug ++ [Boolean] cancelable = false
debug ++ [String] type = timer
debug +++ [int] repeatCount = 0
debug +++ [int] currentCount = 133
debug +++ [Boolean] running = true
debug +++ [int] delay = 120000
debug +++ [int] repeatCount = 0
debug +++ [int] currentCount = 133
debug +++ [Boolean] running = true
debug +++ [int] delay = 120000
debug time 17:23:29.711 :: After HeartBeat Count=134 Result=5
debug time 17:25:30.518 :: Before HeartBeat Count=135 Time=Sun Jan 15 2012 17:25:30 GMT+0100 AccountId=29131007 Session=8ee732d7-ae01-44c6-af7b-0ceedd40b6a8
debug ++ [int] eventPhase = 2
debug ++ [Boolean] bubbles = false
debug ++ [Boolean] cancelable = false
debug ++ [String] type = timer
debug +++ [int] repeatCount = 0
debug +++ [int] currentCount = 134
debug +++ [Boolean] running = true
debug +++ [int] delay = 120000
debug +++ [int] repeatCount = 0
debug +++ [int] currentCount = 134
debug +++ [Boolean] running = true
debug +++ [int] delay = 120000
debug time 17:25:30.721 :: After HeartBeat Count=135 Result=5
debug time 17:27:31.512 :: Before HeartBeat Count=136 Time=Sun Jan 15 2012 17:27:31 GMT+0100 AccountId=29131007 Session=8ee732d7-ae01-44c6-af7b-0ceedd40b6a8
debug ++ [int] eventPhase = 2
debug ++ [Boolean] bubbles = false
debug ++ [Boolean] cancelable = false
debug ++ [String] type = timer
debug +++ [int] repeatCount = 0
debug +++ [int] currentCount = 135
debug +++ [Boolean] running = true
debug +++ [int] delay = 120000
debug +++ [int] repeatCount = 0
debug +++ [int] currentCount = 135
debug +++ [Boolean] running = true
debug +++ [int] delay = 120000
debug time 17:27:31.715 :: After HeartBeat Count=136 Result=5
debug time 17:29:32.521 :: Before HeartBeat Count=137 Time=Sun Jan 15 2012 17:29:32 GMT+0100 AccountId=29131007 Session=8ee732d7-ae01-44c6-af7b-0ceedd40b6a8
debug ++ [int] eventPhase = 2
debug ++ [Boolean] bubbles = false
debug ++ [Boolean] cancelable = false
debug ++ [String] type = timer
debug +++ [int] repeatCount = 0
debug +++ [int] currentCount = 136
debug +++ [Boolean] running = true
debug +++ [int] delay = 120000
debug +++ [int] repeatCount = 0
debug +++ [int] currentCount = 136
debug +++ [Boolean] running = true
debug +++ [int] delay = 120000
debug time 17:29:32.724 :: After HeartBeat Count=137 Result=5
debug time 17:31:33.515 :: Before HeartBeat Count=138 Time=Sun Jan 15 2012 17:31:33 GMT+0100 AccountId=29131007 Session=8ee732d7-ae01-44c6-af7b-0ceedd40b6a8
debug ++ [int] eventPhase = 2
debug ++ [Boolean] bubbles = false
debug ++ [Boolean] cancelable = false
debug ++ [String] type = timer
debug +++ [int] repeatCount = 0
debug +++ [int] currentCount = 137
debug +++ [Boolean] running = true
debug +++ [int] delay = 120000
debug +++ [int] repeatCount = 0
debug +++ [int] currentCount = 137
debug +++ [Boolean] running = true
debug +++ [int] delay = 120000
debug time 17:31:33.718 :: After HeartBeat Count=138 Result=5
debug time 17:33:34.524 :: Before HeartBeat Count=139 Time=Sun Jan 15 2012 17:33:34 GMT+0100 AccountId=29131007 Session=8ee732d7-ae01-44c6-af7b-0ceedd40b6a8
debug ++ [int] eventPhase = 2
debug ++ [Boolean] bubbles = false
debug ++ [Boolean] cancelable = false
debug ++ [String] type = timer
debug +++ [int] repeatCount = 0
debug +++ [int] currentCount = 138
debug +++ [Boolean] running = true
debug +++ [int] delay = 120000
debug +++ [int] repeatCount = 0
debug +++ [int] currentCount = 138
debug +++ [Boolean] running = true
debug +++ [int] delay = 120000
debug time 17:33:34.727 :: After HeartBeat Count=139 Result=5
debug time 17:35:34.551 :: Before HeartBeat Count=140 Time=Sun Jan 15 2012 17:35:34 GMT+0100 AccountId=29131007 Session=8ee732d7-ae01-44c6-af7b-0ceedd40b6a8
debug ++ [int] eventPhase = 2
debug ++ [Boolean] bubbles = false
debug ++ [Boolean] cancelable = false
debug ++ [String] type = timer
debug +++ [int] repeatCount = 0
debug +++ [int] currentCount = 139
debug +++ [Boolean] running = true
debug +++ [int] delay = 120000
debug +++ [int] repeatCount = 0
debug +++ [int] currentCount = 139
debug +++ [Boolean] running = true
debug +++ [int] delay = 120000
debug time 17:35:34.785 :: After HeartBeat Count=140 Result=5
debug time 17:52:28.404 :: Before HeartBeat Count=141 Time=Sun Jan 15 2012 17:52:28 GMT+0100 AccountId=29131007 Session=8ee732d7-ae01-44c6-af7b-0ceedd40b6a8
debug ++ [int] eventPhase = 2
debug ++ [Boolean] bubbles = false
debug ++ [Boolean] cancelable = false
debug ++ [String] type = timer
debug +++ [int] repeatCount = 0
debug +++ [int] currentCount = 140
debug +++ [Boolean] running = true
debug +++ [int] delay = 120000
debug +++ [int] repeatCount = 0
debug +++ [int] currentCount = 140
debug +++ [Boolean] running = true
debug +++ [int] delay = 120000
debug time 17:52:51.570 :: Fail on HeartBeat: [FaultEvent fault=[RPC Fault faultString="Send failed" faultCode="Client.Error.MessageSend" faultDetail="Channel.Connect.Failed error undefined url:'rtmps://prod.eu.lol.riotgames.com:2099'"] messageId="F422C920-DDA4-DDAB-BC3B-E24924F2677A" type="fault" bubbles=false cancelable=true eventPhase=2]
debug +++ [int] eventPhase = 2
debug +++ [Boolean] bubbles = false
debug +++ [Boolean] cancelable = false
debug +++ [String] type = channelFault
debug ++++ [String] uri = rtmps://prod.eu.lol.riotgames.com:2099
debug ++++ [String] protocol = rtmps
debug ++++ [Boolean] connected = false
debug ++++ [Boolean] useSmallMessages = true
debug ++++ [int] connectTimeout = -1
debug ++++ [String] id = my-rtmps
debug ++++ [Boolean] mpiEnabled = false
debug ++++ [String] endpoint = rtmps://prod.eu.lol.riotgames.com:2099
debug ++++ [Boolean] recordMessageSizes = false
debug ++++ [Boolean] recordMessageTimes = false
debug ++++ [int] requestTimeout = -1
debug ++++ [Boolean] reconnecting = false
debug ++++ [String] url = rtmps://prod.eu.lol.riotgames.com:2099
debug +++++ [String] proxyType = best
debug time 17:54:28.571 :: Before HeartBeat Count=142 Time=Sun Jan 15 2012 17:54:28 GMT+0100 AccountId=29131007 Session=8ee732d7-ae01-44c6-af7b-0ceedd40b6a8
debug ++ [int] eventPhase = 2
debug ++ [Boolean] bubbles = false
debug ++ [Boolean] cancelable = false
debug ++ [String] type = timer
debug +++ [int] repeatCount = 0
debug +++ [int] currentCount = 141
debug +++ [Boolean] running = true
debug +++ [int] delay = 120000
debug +++ [int] repeatCount = 0
debug +++ [int] currentCount = 141
debug +++ [Boolean] running = true
debug +++ [int] delay = 120000
