debug time 17:46:48.520 :: Before HeartBeat Count=1 Time=Thu Dec 15 2011 17:46:48 GMT+0100 AccountId=28699575 Session=053f5e32-8e51-4f8a-b32a-bdefcc896ed7
STOP LOGGING: More than 0 nested objects or properties. 
debug time 17:46:49.429 :: After HeartBeat Count=1 Result=5
debug time 17:49:48.527 :: Before HeartBeat Count=2 Time=Thu Dec 15 2011 17:49:48 GMT+0100 AccountId=28699575 Session=053f5e32-8e51-4f8a-b32a-bdefcc896ed7
debug ++ [int] eventPhase = 2
debug ++ [Boolean] bubbles = false
debug ++ [Boolean] cancelable = false
debug ++ [String] type = timer
debug +++ [int] repeatCount = 0
debug +++ [int] currentCount = 1
debug +++ [Boolean] running = true
debug +++ [int] delay = 180000
debug +++ [int] repeatCount = 0
debug +++ [int] currentCount = 1
debug +++ [Boolean] running = true
debug +++ [int] delay = 180000
debug time 17:49:48.730 :: After HeartBeat Count=2 Result=5
debug time 17:52:48.545 :: Before HeartBeat Count=3 Time=Thu Dec 15 2011 17:52:48 GMT+0100 AccountId=28699575 Session=053f5e32-8e51-4f8a-b32a-bdefcc896ed7
debug ++ [int] eventPhase = 2
debug ++ [Boolean] bubbles = false
debug ++ [Boolean] cancelable = false
debug ++ [String] type = timer
debug +++ [int] repeatCount = 0
debug +++ [int] currentCount = 2
debug +++ [Boolean] running = true
debug +++ [int] delay = 180000
debug +++ [int] repeatCount = 0
debug +++ [int] currentCount = 2
debug +++ [Boolean] running = true
debug +++ [int] delay = 180000
debug time 17:52:54.13 :: After HeartBeat Count=3 Result=5
debug time 17:55:48.615 :: Before HeartBeat Count=4 Time=Thu Dec 15 2011 17:55:48 GMT+0100 AccountId=28699575 Session=053f5e32-8e51-4f8a-b32a-bdefcc896ed7
debug ++ [int] eventPhase = 2
debug ++ [Boolean] bubbles = false
debug ++ [Boolean] cancelable = false
debug ++ [String] type = timer
debug +++ [int] repeatCount = 0
debug +++ [int] currentCount = 3
debug +++ [Boolean] running = true
debug +++ [int] delay = 180000
debug +++ [int] repeatCount = 0
debug +++ [int] currentCount = 3
debug +++ [Boolean] running = true
debug +++ [int] delay = 180000
debug time 17:55:49.607 :: After HeartBeat Count=4 Result=5
debug time 17:58:49.613 :: Before HeartBeat Count=5 Time=Thu Dec 15 2011 17:58:49 GMT+0100 AccountId=28699575 Session=053f5e32-8e51-4f8a-b32a-bdefcc896ed7
debug ++ [int] eventPhase = 2
debug ++ [Boolean] bubbles = false
debug ++ [Boolean] cancelable = false
debug ++ [String] type = timer
debug +++ [int] repeatCount = 0
debug +++ [int] currentCount = 4
debug +++ [Boolean] running = true
debug +++ [int] delay = 180000
debug +++ [int] repeatCount = 0
debug +++ [int] currentCount = 4
debug +++ [Boolean] running = true
debug +++ [int] delay = 180000
debug time 17:58:50.606 :: After HeartBeat Count=5 Result=5
debug time 18:01:49.611 :: Before HeartBeat Count=6 Time=Thu Dec 15 2011 18:01:49 GMT+0100 AccountId=28699575 Session=053f5e32-8e51-4f8a-b32a-bdefcc896ed7
debug ++ [int] eventPhase = 2
debug ++ [Boolean] bubbles = false
debug ++ [Boolean] cancelable = false
debug ++ [String] type = timer
debug +++ [int] repeatCount = 0
debug +++ [int] currentCount = 5
debug +++ [Boolean] running = true
debug +++ [int] delay = 180000
debug +++ [int] repeatCount = 0
debug +++ [int] currentCount = 5
debug +++ [Boolean] running = true
debug +++ [int] delay = 180000
debug time 18:01:50.603 :: After HeartBeat Count=6 Result=5
debug time 18:04:50.608 :: Before HeartBeat Count=7 Time=Thu Dec 15 2011 18:04:50 GMT+0100 AccountId=28699575 Session=053f5e32-8e51-4f8a-b32a-bdefcc896ed7
debug ++ [int] eventPhase = 2
debug ++ [Boolean] bubbles = false
debug ++ [Boolean] cancelable = false
debug ++ [String] type = timer
debug +++ [int] repeatCount = 0
debug +++ [int] currentCount = 6
debug +++ [Boolean] running = true
debug +++ [int] delay = 180000
debug +++ [int] repeatCount = 0
debug +++ [int] currentCount = 6
debug +++ [Boolean] running = true
debug +++ [int] delay = 180000
debug time 18:04:51.604 :: After HeartBeat Count=7 Result=5
debug time 18:07:50.589 :: Before HeartBeat Count=8 Time=Thu Dec 15 2011 18:07:50 GMT+0100 AccountId=28699575 Session=053f5e32-8e51-4f8a-b32a-bdefcc896ed7
debug ++ [int] eventPhase = 2
debug ++ [Boolean] bubbles = false
debug ++ [Boolean] cancelable = false
debug ++ [String] type = timer
debug +++ [int] repeatCount = 0
debug +++ [int] currentCount = 7
debug +++ [Boolean] running = true
debug +++ [int] delay = 180000
debug +++ [int] repeatCount = 0
debug +++ [int] currentCount = 7
debug +++ [Boolean] running = true
debug +++ [int] delay = 180000
debug time 18:07:51.586 :: After HeartBeat Count=8 Result=5
debug time 18:10:50.592 :: Before HeartBeat Count=9 Time=Thu Dec 15 2011 18:10:50 GMT+0100 AccountId=28699575 Session=053f5e32-8e51-4f8a-b32a-bdefcc896ed7
debug ++ [int] eventPhase = 2
debug ++ [Boolean] bubbles = false
debug ++ [Boolean] cancelable = false
debug ++ [String] type = timer
debug +++ [int] repeatCount = 0
debug +++ [int] currentCount = 8
debug +++ [Boolean] running = true
debug +++ [int] delay = 180000
debug +++ [int] repeatCount = 0
debug +++ [int] currentCount = 8
debug +++ [Boolean] running = true
debug +++ [int] delay = 180000
debug time 18:10:51.585 :: After HeartBeat Count=9 Result=5
debug time 18:13:51.589 :: Before HeartBeat Count=10 Time=Thu Dec 15 2011 18:13:51 GMT+0100 AccountId=28699575 Session=053f5e32-8e51-4f8a-b32a-bdefcc896ed7
debug ++ [int] eventPhase = 2
debug ++ [Boolean] bubbles = false
debug ++ [Boolean] cancelable = false
debug ++ [String] type = timer
debug +++ [int] repeatCount = 0
debug +++ [int] currentCount = 9
debug +++ [Boolean] running = true
debug +++ [int] delay = 180000
debug +++ [int] repeatCount = 0
debug +++ [int] currentCount = 9
debug +++ [Boolean] running = true
debug +++ [int] delay = 180000
debug time 18:13:52.585 :: After HeartBeat Count=10 Result=5
debug time 18:16:51.606 :: Before HeartBeat Count=11 Time=Thu Dec 15 2011 18:16:51 GMT+0100 AccountId=28699575 Session=053f5e32-8e51-4f8a-b32a-bdefcc896ed7
debug ++ [int] eventPhase = 2
debug ++ [Boolean] bubbles = false
debug ++ [Boolean] cancelable = false
debug ++ [String] type = timer
debug +++ [int] repeatCount = 0
debug +++ [int] currentCount = 10
debug +++ [Boolean] running = true
debug +++ [int] delay = 180000
debug +++ [int] repeatCount = 0
debug +++ [int] currentCount = 10
debug +++ [Boolean] running = true
debug +++ [int] delay = 180000
debug time 18:16:52.583 :: After HeartBeat Count=11 Result=5
debug time 18:18:58.749 :: Performing heartbeat at Thu Dec 15 2011 18:18:58 GMT+0100
