debug time 17:23:40.98 :: Before HeartBeat Count=1 Time=Mon Apr 16 2012 17:23:40 GMT+0200 AccountId=29131007 Session=1eb6e3dc-9c6f-445f-be66-4dc5575f2e44
STOP LOGGING: More than 0 nested objects or properties. 
debug time 17:23:40.434 :: After HeartBeat Count=1 Result=5
debug time 17:25:40.137 :: Before HeartBeat Count=2 Time=Mon Apr 16 2012 17:25:40 GMT+0200 AccountId=29131007 Session=1eb6e3dc-9c6f-445f-be66-4dc5575f2e44
debug ++ [int] eventPhase = 2
debug ++ [Boolean] bubbles = false
debug ++ [Boolean] cancelable = false
debug ++ [String] type = timer
debug +++ [int] repeatCount = 0
debug +++ [int] currentCount = 1
debug +++ [Boolean] running = true
debug +++ [int] delay = 120000
debug +++ [int] repeatCount = 0
debug +++ [int] currentCount = 1
debug +++ [Boolean] running = true
debug +++ [int] delay = 120000
debug time 17:25:40.314 :: After HeartBeat Count=2 Result=5
debug time 17:27:40.175 :: Before HeartBeat Count=3 Time=Mon Apr 16 2012 17:27:40 GMT+0200 AccountId=29131007 Session=1eb6e3dc-9c6f-445f-be66-4dc5575f2e44
debug ++ [int] eventPhase = 2
debug ++ [Boolean] bubbles = false
debug ++ [Boolean] cancelable = false
debug ++ [String] type = timer
debug +++ [int] repeatCount = 0
debug +++ [int] currentCount = 2
debug +++ [Boolean] running = true
debug +++ [int] delay = 120000
debug +++ [int] repeatCount = 0
debug +++ [int] currentCount = 2
debug +++ [Boolean] running = true
debug +++ [int] delay = 120000
debug time 17:27:40.364 :: After HeartBeat Count=3 Result=5
debug time 17:29:40.391 :: Before HeartBeat Count=4 Time=Mon Apr 16 2012 17:29:40 GMT+0200 AccountId=29131007 Session=1eb6e3dc-9c6f-445f-be66-4dc5575f2e44
debug ++ [int] eventPhase = 2
debug ++ [Boolean] bubbles = false
debug ++ [Boolean] cancelable = false
debug ++ [String] type = timer
debug +++ [int] repeatCount = 0
debug +++ [int] currentCount = 3
debug +++ [Boolean] running = true
debug +++ [int] delay = 120000
debug +++ [int] repeatCount = 0
debug +++ [int] currentCount = 3
debug +++ [Boolean] running = true
debug +++ [int] delay = 120000
debug time 17:29:40.560 :: After HeartBeat Count=4 Result=5
debug time 17:31:40.408 :: Before HeartBeat Count=5 Time=Mon Apr 16 2012 17:31:40 GMT+0200 AccountId=29131007 Session=1eb6e3dc-9c6f-445f-be66-4dc5575f2e44
debug ++ [int] eventPhase = 2
debug ++ [Boolean] bubbles = false
debug ++ [Boolean] cancelable = false
debug ++ [String] type = timer
debug +++ [int] repeatCount = 0
debug +++ [int] currentCount = 4
debug +++ [Boolean] running = true
debug +++ [int] delay = 120000
debug +++ [int] repeatCount = 0
debug +++ [int] currentCount = 4
debug +++ [Boolean] running = true
debug +++ [int] delay = 120000
debug time 17:31:40.592 :: After HeartBeat Count=5 Result=5
debug time 17:33:41.391 :: Before HeartBeat Count=6 Time=Mon Apr 16 2012 17:33:41 GMT+0200 AccountId=29131007 Session=1eb6e3dc-9c6f-445f-be66-4dc5575f2e44
debug ++ [int] eventPhase = 2
debug ++ [Boolean] bubbles = false
debug ++ [Boolean] cancelable = false
debug ++ [String] type = timer
debug +++ [int] repeatCount = 0
debug +++ [int] currentCount = 5
debug +++ [Boolean] running = true
debug +++ [int] delay = 120000
debug +++ [int] repeatCount = 0
debug +++ [int] currentCount = 5
debug +++ [Boolean] running = true
debug +++ [int] delay = 120000
debug time 17:33:41.561 :: After HeartBeat Count=6 Result=5
debug time 17:35:41.390 :: Before HeartBeat Count=7 Time=Mon Apr 16 2012 17:35:41 GMT+0200 AccountId=29131007 Session=1eb6e3dc-9c6f-445f-be66-4dc5575f2e44
debug ++ [int] eventPhase = 2
debug ++ [Boolean] bubbles = false
debug ++ [Boolean] cancelable = false
debug ++ [String] type = timer
debug +++ [int] repeatCount = 0
debug +++ [int] currentCount = 6
debug +++ [Boolean] running = true
debug +++ [int] delay = 120000
debug +++ [int] repeatCount = 0
debug +++ [int] currentCount = 6
debug +++ [Boolean] running = true
debug +++ [int] delay = 120000
debug time 17:35:41.559 :: After HeartBeat Count=7 Result=5
debug time 17:37:41.390 :: Before HeartBeat Count=8 Time=Mon Apr 16 2012 17:37:41 GMT+0200 AccountId=29131007 Session=1eb6e3dc-9c6f-445f-be66-4dc5575f2e44
debug ++ [int] eventPhase = 2
debug ++ [Boolean] bubbles = false
debug ++ [Boolean] cancelable = false
debug ++ [String] type = timer
debug +++ [int] repeatCount = 0
debug +++ [int] currentCount = 7
debug +++ [Boolean] running = true
debug +++ [int] delay = 120000
debug +++ [int] repeatCount = 0
debug +++ [int] currentCount = 7
debug +++ [Boolean] running = true
debug +++ [int] delay = 120000
debug time 17:37:41.559 :: After HeartBeat Count=8 Result=5
debug time 17:39:41.405 :: Before HeartBeat Count=9 Time=Mon Apr 16 2012 17:39:41 GMT+0200 AccountId=29131007 Session=1eb6e3dc-9c6f-445f-be66-4dc5575f2e44
debug ++ [int] eventPhase = 2
debug ++ [Boolean] bubbles = false
debug ++ [Boolean] cancelable = false
debug ++ [String] type = timer
debug +++ [int] repeatCount = 0
debug +++ [int] currentCount = 8
debug +++ [Boolean] running = true
debug +++ [int] delay = 120000
debug +++ [int] repeatCount = 0
debug +++ [int] currentCount = 8
debug +++ [Boolean] running = true
debug +++ [int] delay = 120000
debug time 17:39:41.612 :: After HeartBeat Count=9 Result=5
debug time 17:41:42.391 :: Before HeartBeat Count=10 Time=Mon Apr 16 2012 17:41:42 GMT+0200 AccountId=29131007 Session=1eb6e3dc-9c6f-445f-be66-4dc5575f2e44
debug ++ [int] eventPhase = 2
debug ++ [Boolean] bubbles = false
debug ++ [Boolean] cancelable = false
debug ++ [String] type = timer
debug +++ [int] repeatCount = 0
debug +++ [int] currentCount = 9
debug +++ [Boolean] running = true
debug +++ [int] delay = 120000
debug +++ [int] repeatCount = 0
debug +++ [int] currentCount = 9
debug +++ [Boolean] running = true
debug +++ [int] delay = 120000
debug time 17:41:42.560 :: After HeartBeat Count=10 Result=5
debug time 17:43:42.415 :: Before HeartBeat Count=11 Time=Mon Apr 16 2012 17:43:42 GMT+0200 AccountId=29131007 Session=1eb6e3dc-9c6f-445f-be66-4dc5575f2e44
debug ++ [int] eventPhase = 2
debug ++ [Boolean] bubbles = false
debug ++ [Boolean] cancelable = false
debug ++ [String] type = timer
debug +++ [int] repeatCount = 0
debug +++ [int] currentCount = 10
debug +++ [Boolean] running = true
debug +++ [int] delay = 120000
debug +++ [int] repeatCount = 0
debug +++ [int] currentCount = 10
debug +++ [Boolean] running = true
debug +++ [int] delay = 120000
debug time 17:43:42.609 :: After HeartBeat Count=11 Result=5
debug time 17:45:43.390 :: Before HeartBeat Count=12 Time=Mon Apr 16 2012 17:45:43 GMT+0200 AccountId=29131007 Session=1eb6e3dc-9c6f-445f-be66-4dc5575f2e44
debug ++ [int] eventPhase = 2
debug ++ [Boolean] bubbles = false
debug ++ [Boolean] cancelable = false
debug ++ [String] type = timer
debug +++ [int] repeatCount = 0
debug +++ [int] currentCount = 11
debug +++ [Boolean] running = true
debug +++ [int] delay = 120000
debug +++ [int] repeatCount = 0
debug +++ [int] currentCount = 11
debug +++ [Boolean] running = true
debug +++ [int] delay = 120000
debug time 17:45:43.560 :: After HeartBeat Count=12 Result=5
debug time 17:47:43.391 :: Before HeartBeat Count=13 Time=Mon Apr 16 2012 17:47:43 GMT+0200 AccountId=29131007 Session=1eb6e3dc-9c6f-445f-be66-4dc5575f2e44
debug ++ [int] eventPhase = 2
debug ++ [Boolean] bubbles = false
debug ++ [Boolean] cancelable = false
debug ++ [String] type = timer
debug +++ [int] repeatCount = 0
debug +++ [int] currentCount = 12
debug +++ [Boolean] running = true
debug +++ [int] delay = 120000
debug +++ [int] repeatCount = 0
debug +++ [int] currentCount = 12
debug +++ [Boolean] running = true
debug +++ [int] delay = 120000
debug time 17:47:43.560 :: After HeartBeat Count=13 Result=5
debug time 17:49:43.391 :: Before HeartBeat Count=14 Time=Mon Apr 16 2012 17:49:43 GMT+0200 AccountId=29131007 Session=1eb6e3dc-9c6f-445f-be66-4dc5575f2e44
debug ++ [int] eventPhase = 2
debug ++ [Boolean] bubbles = false
debug ++ [Boolean] cancelable = false
debug ++ [String] type = timer
debug +++ [int] repeatCount = 0
debug +++ [int] currentCount = 13
debug +++ [Boolean] running = true
debug +++ [int] delay = 120000
debug +++ [int] repeatCount = 0
debug +++ [int] currentCount = 13
debug +++ [Boolean] running = true
debug +++ [int] delay = 120000
debug time 17:49:43.560 :: After HeartBeat Count=14 Result=5
debug time 17:51:43.390 :: Before HeartBeat Count=15 Time=Mon Apr 16 2012 17:51:43 GMT+0200 AccountId=29131007 Session=1eb6e3dc-9c6f-445f-be66-4dc5575f2e44
debug ++ [int] eventPhase = 2
debug ++ [Boolean] bubbles = false
debug ++ [Boolean] cancelable = false
debug ++ [String] type = timer
debug +++ [int] repeatCount = 0
debug +++ [int] currentCount = 14
debug +++ [Boolean] running = true
debug +++ [int] delay = 120000
debug +++ [int] repeatCount = 0
debug +++ [int] currentCount = 14
debug +++ [Boolean] running = true
debug +++ [int] delay = 120000
debug time 17:51:43.559 :: After HeartBeat Count=15 Result=5
debug time 17:53:43.391 :: Before HeartBeat Count=16 Time=Mon Apr 16 2012 17:53:43 GMT+0200 AccountId=29131007 Session=1eb6e3dc-9c6f-445f-be66-4dc5575f2e44
debug ++ [int] eventPhase = 2
debug ++ [Boolean] bubbles = false
debug ++ [Boolean] cancelable = false
debug ++ [String] type = timer
debug +++ [int] repeatCount = 0
debug +++ [int] currentCount = 15
debug +++ [Boolean] running = true
debug +++ [int] delay = 120000
debug +++ [int] repeatCount = 0
debug +++ [int] currentCount = 15
debug +++ [Boolean] running = true
debug +++ [int] delay = 120000
debug time 17:53:43.560 :: After HeartBeat Count=16 Result=5
debug time 17:55:43.415 :: Before HeartBeat Count=17 Time=Mon Apr 16 2012 17:55:43 GMT+0200 AccountId=29131007 Session=1eb6e3dc-9c6f-445f-be66-4dc5575f2e44
debug ++ [int] eventPhase = 2
debug ++ [Boolean] bubbles = false
debug ++ [Boolean] cancelable = false
debug ++ [String] type = timer
debug +++ [int] repeatCount = 0
debug +++ [int] currentCount = 16
debug +++ [Boolean] running = true
debug +++ [int] delay = 120000
debug +++ [int] repeatCount = 0
debug +++ [int] currentCount = 16
debug +++ [Boolean] running = true
debug +++ [int] delay = 120000
debug time 17:55:43.614 :: After HeartBeat Count=17 Result=5
debug time 17:57:15.823 :: Performing heartbeat at Mon Apr 16 2012 17:57:15 GMT+0200
debug time 17:57:43.433 :: Before HeartBeat Count=18 Time=Mon Apr 16 2012 17:57:43 GMT+0200 AccountId=29131007 Session=1eb6e3dc-9c6f-445f-be66-4dc5575f2e44
debug ++ [int] eventPhase = 2
debug ++ [Boolean] bubbles = false
debug ++ [Boolean] cancelable = false
debug ++ [String] type = timer
debug +++ [int] repeatCount = 0
debug +++ [int] currentCount = 17
debug +++ [Boolean] running = true
debug +++ [int] delay = 120000
debug +++ [int] repeatCount = 0
debug +++ [int] currentCount = 17
debug +++ [Boolean] running = true
debug +++ [int] delay = 120000
debug time 17:57:43.662 :: After HeartBeat Count=18 Result=5
debug time 17:59:43.571 :: Before HeartBeat Count=19 Time=Mon Apr 16 2012 17:59:43 GMT+0200 AccountId=29131007 Session=1eb6e3dc-9c6f-445f-be66-4dc5575f2e44
debug ++ [int] eventPhase = 2
debug ++ [Boolean] bubbles = false
debug ++ [Boolean] cancelable = false
debug ++ [String] type = timer
debug +++ [int] repeatCount = 0
debug +++ [int] currentCount = 18
debug +++ [Boolean] running = true
debug +++ [int] delay = 120000
debug +++ [int] repeatCount = 0
debug +++ [int] currentCount = 18
debug +++ [Boolean] running = true
debug +++ [int] delay = 120000
debug time 17:59:43.740 :: After HeartBeat Count=19 Result=5
debug time 18:01:43.622 :: Before HeartBeat Count=20 Time=Mon Apr 16 2012 18:01:43 GMT+0200 AccountId=29131007 Session=1eb6e3dc-9c6f-445f-be66-4dc5575f2e44
debug ++ [int] eventPhase = 2
debug ++ [Boolean] bubbles = false
debug ++ [Boolean] cancelable = false
debug ++ [String] type = timer
debug +++ [int] repeatCount = 0
debug +++ [int] currentCount = 19
debug +++ [Boolean] running = true
debug +++ [int] delay = 120000
debug +++ [int] repeatCount = 0
debug +++ [int] currentCount = 19
debug +++ [Boolean] running = true
debug +++ [int] delay = 120000
debug time 18:01:43.821 :: After HeartBeat Count=20 Result=5
debug time 18:03:44.595 :: Before HeartBeat Count=21 Time=Mon Apr 16 2012 18:03:44 GMT+0200 AccountId=29131007 Session=1eb6e3dc-9c6f-445f-be66-4dc5575f2e44
debug ++ [int] eventPhase = 2
debug ++ [Boolean] bubbles = false
debug ++ [Boolean] cancelable = false
debug ++ [String] type = timer
debug +++ [int] repeatCount = 0
debug +++ [int] currentCount = 20
debug +++ [Boolean] running = true
debug +++ [int] delay = 120000
debug +++ [int] repeatCount = 0
debug +++ [int] currentCount = 20
debug +++ [Boolean] running = true
debug +++ [int] delay = 120000
debug time 18:03:44.764 :: After HeartBeat Count=21 Result=5
debug time 18:05:44.601 :: Before HeartBeat Count=22 Time=Mon Apr 16 2012 18:05:44 GMT+0200 AccountId=29131007 Session=1eb6e3dc-9c6f-445f-be66-4dc5575f2e44
debug ++ [int] eventPhase = 2
debug ++ [Boolean] bubbles = false
debug ++ [Boolean] cancelable = false
debug ++ [String] type = timer
debug +++ [int] repeatCount = 0
debug +++ [int] currentCount = 21
debug +++ [Boolean] running = true
debug +++ [int] delay = 120000
debug +++ [int] repeatCount = 0
debug +++ [int] currentCount = 21
debug +++ [Boolean] running = true
debug +++ [int] delay = 120000
debug time 18:05:44.770 :: After HeartBeat Count=22 Result=5
debug time 18:07:44.625 :: Before HeartBeat Count=23 Time=Mon Apr 16 2012 18:07:44 GMT+0200 AccountId=29131007 Session=1eb6e3dc-9c6f-445f-be66-4dc5575f2e44
debug ++ [int] eventPhase = 2
debug ++ [Boolean] bubbles = false
debug ++ [Boolean] cancelable = false
debug ++ [String] type = timer
debug +++ [int] repeatCount = 0
debug +++ [int] currentCount = 22
debug +++ [Boolean] running = true
debug +++ [int] delay = 120000
debug +++ [int] repeatCount = 0
debug +++ [int] currentCount = 22
debug +++ [Boolean] running = true
debug +++ [int] delay = 120000
debug time 18:07:44.817 :: After HeartBeat Count=23 Result=5
debug time 18:09:45.594 :: Before HeartBeat Count=24 Time=Mon Apr 16 2012 18:09:45 GMT+0200 AccountId=29131007 Session=1eb6e3dc-9c6f-445f-be66-4dc5575f2e44
debug ++ [int] eventPhase = 2
debug ++ [Boolean] bubbles = false
debug ++ [Boolean] cancelable = false
debug ++ [String] type = timer
debug +++ [int] repeatCount = 0
debug +++ [int] currentCount = 23
debug +++ [Boolean] running = true
debug +++ [int] delay = 120000
debug +++ [int] repeatCount = 0
debug +++ [int] currentCount = 23
debug +++ [Boolean] running = true
debug +++ [int] delay = 120000
debug time 18:09:45.764 :: After HeartBeat Count=24 Result=5
debug time 18:11:45.594 :: Before HeartBeat Count=25 Time=Mon Apr 16 2012 18:11:45 GMT+0200 AccountId=29131007 Session=1eb6e3dc-9c6f-445f-be66-4dc5575f2e44
debug ++ [int] eventPhase = 2
debug ++ [Boolean] bubbles = false
debug ++ [Boolean] cancelable = false
debug ++ [String] type = timer
debug +++ [int] repeatCount = 0
debug +++ [int] currentCount = 24
debug +++ [Boolean] running = true
debug +++ [int] delay = 120000
debug +++ [int] repeatCount = 0
debug +++ [int] currentCount = 24
debug +++ [Boolean] running = true
debug +++ [int] delay = 120000
debug time 18:11:45.764 :: After HeartBeat Count=25 Result=5
debug time 18:13:45.594 :: Before HeartBeat Count=26 Time=Mon Apr 16 2012 18:13:45 GMT+0200 AccountId=29131007 Session=1eb6e3dc-9c6f-445f-be66-4dc5575f2e44
debug ++ [int] eventPhase = 2
debug ++ [Boolean] bubbles = false
debug ++ [Boolean] cancelable = false
debug ++ [String] type = timer
debug +++ [int] repeatCount = 0
debug +++ [int] currentCount = 25
debug +++ [Boolean] running = true
debug +++ [int] delay = 120000
debug +++ [int] repeatCount = 0
debug +++ [int] currentCount = 25
debug +++ [Boolean] running = true
debug +++ [int] delay = 120000
debug time 18:13:45.764 :: After HeartBeat Count=26 Result=5
debug time 18:15:45.595 :: Before HeartBeat Count=27 Time=Mon Apr 16 2012 18:15:45 GMT+0200 AccountId=29131007 Session=1eb6e3dc-9c6f-445f-be66-4dc5575f2e44
debug ++ [int] eventPhase = 2
debug ++ [Boolean] bubbles = false
debug ++ [Boolean] cancelable = false
debug ++ [String] type = timer
debug +++ [int] repeatCount = 0
debug +++ [int] currentCount = 26
debug +++ [Boolean] running = true
debug +++ [int] delay = 120000
debug +++ [int] repeatCount = 0
debug +++ [int] currentCount = 26
debug +++ [Boolean] running = true
debug +++ [int] delay = 120000
debug time 18:15:45.763 :: After HeartBeat Count=27 Result=5
debug time 18:17:45.625 :: Before HeartBeat Count=28 Time=Mon Apr 16 2012 18:17:45 GMT+0200 AccountId=29131007 Session=1eb6e3dc-9c6f-445f-be66-4dc5575f2e44
debug ++ [int] eventPhase = 2
debug ++ [Boolean] bubbles = false
debug ++ [Boolean] cancelable = false
debug ++ [String] type = timer
debug +++ [int] repeatCount = 0
debug +++ [int] currentCount = 27
debug +++ [Boolean] running = true
debug +++ [int] delay = 120000
debug +++ [int] repeatCount = 0
debug +++ [int] currentCount = 27
debug +++ [Boolean] running = true
debug +++ [int] delay = 120000
debug time 18:17:45.806 :: After HeartBeat Count=28 Result=5
debug time 18:19:46.626 :: Before HeartBeat Count=29 Time=Mon Apr 16 2012 18:19:46 GMT+0200 AccountId=29131007 Session=1eb6e3dc-9c6f-445f-be66-4dc5575f2e44
debug ++ [int] eventPhase = 2
debug ++ [Boolean] bubbles = false
debug ++ [Boolean] cancelable = false
debug ++ [String] type = timer
debug +++ [int] repeatCount = 0
debug +++ [int] currentCount = 28
debug +++ [Boolean] running = true
debug +++ [int] delay = 120000
debug +++ [int] repeatCount = 0
debug +++ [int] currentCount = 28
debug +++ [Boolean] running = true
debug +++ [int] delay = 120000
debug time 18:19:46.831 :: After HeartBeat Count=29 Result=5
debug time 18:21:47.599 :: Before HeartBeat Count=30 Time=Mon Apr 16 2012 18:21:47 GMT+0200 AccountId=29131007 Session=1eb6e3dc-9c6f-445f-be66-4dc5575f2e44
debug ++ [int] eventPhase = 2
debug ++ [Boolean] bubbles = false
debug ++ [Boolean] cancelable = false
debug ++ [String] type = timer
debug +++ [int] repeatCount = 0
debug +++ [int] currentCount = 29
debug +++ [Boolean] running = true
debug +++ [int] delay = 120000
debug +++ [int] repeatCount = 0
debug +++ [int] currentCount = 29
debug +++ [Boolean] running = true
debug +++ [int] delay = 120000
debug time 18:21:47.793 :: After HeartBeat Count=30 Result=5
debug time 18:23:48.595 :: Before HeartBeat Count=31 Time=Mon Apr 16 2012 18:23:48 GMT+0200 AccountId=29131007 Session=1eb6e3dc-9c6f-445f-be66-4dc5575f2e44
debug ++ [int] eventPhase = 2
debug ++ [Boolean] bubbles = false
debug ++ [Boolean] cancelable = false
debug ++ [String] type = timer
debug +++ [int] repeatCount = 0
debug +++ [int] currentCount = 30
debug +++ [Boolean] running = true
debug +++ [int] delay = 120000
debug +++ [int] repeatCount = 0
debug +++ [int] currentCount = 30
debug +++ [Boolean] running = true
debug +++ [int] delay = 120000
debug time 18:23:48.766 :: After HeartBeat Count=31 Result=5
debug time 18:25:48.594 :: Before HeartBeat Count=32 Time=Mon Apr 16 2012 18:25:48 GMT+0200 AccountId=29131007 Session=1eb6e3dc-9c6f-445f-be66-4dc5575f2e44
debug ++ [int] eventPhase = 2
debug ++ [Boolean] bubbles = false
debug ++ [Boolean] cancelable = false
debug ++ [String] type = timer
debug +++ [int] repeatCount = 0
debug +++ [int] currentCount = 31
debug +++ [Boolean] running = true
debug +++ [int] delay = 120000
debug +++ [int] repeatCount = 0
debug +++ [int] currentCount = 31
debug +++ [Boolean] running = true
debug +++ [int] delay = 120000
debug time 18:25:48.763 :: After HeartBeat Count=32 Result=5
debug time 18:26:44.834 :: Performing heartbeat at Mon Apr 16 2012 18:26:44 GMT+0200
