debug time 18:20:53.253 :: Before HeartBeat Count=1 Time=Wed Mar 21 2012 18:20:52 GMT+0100 AccountId=29131007 Session=297cc4e8-d462-48db-9039-42d1c2cf8c71
STOP LOGGING: More than 0 nested objects or properties. 
debug time 18:20:53.488 :: After HeartBeat Count=1 Result=5
debug time 18:22:54.225 :: Before HeartBeat Count=2 Time=Wed Mar 21 2012 18:22:54 GMT+0100 AccountId=29131007 Session=297cc4e8-d462-48db-9039-42d1c2cf8c71
debug ++ [int] eventPhase = 2
debug ++ [Boolean] bubbles = false
debug ++ [Boolean] cancelable = false
debug ++ [String] type = timer
debug +++ [int] repeatCount = 0
debug +++ [int] currentCount = 1
debug +++ [Boolean] running = true
debug +++ [int] delay = 120000
debug +++ [int] repeatCount = 0
debug +++ [int] currentCount = 1
debug +++ [Boolean] running = true
debug +++ [int] delay = 120000
debug time 18:22:54.394 :: After HeartBeat Count=2 Result=5
debug time 18:24:54.278 :: Before HeartBeat Count=3 Time=Wed Mar 21 2012 18:24:54 GMT+0100 AccountId=29131007 Session=297cc4e8-d462-48db-9039-42d1c2cf8c71
debug ++ [int] eventPhase = 2
debug ++ [Boolean] bubbles = false
debug ++ [Boolean] cancelable = false
debug ++ [String] type = timer
debug +++ [int] repeatCount = 0
debug +++ [int] currentCount = 2
debug +++ [Boolean] running = true
debug +++ [int] delay = 120000
debug +++ [int] repeatCount = 0
debug +++ [int] currentCount = 2
debug +++ [Boolean] running = true
debug +++ [int] delay = 120000
debug time 18:24:54.447 :: After HeartBeat Count=3 Result=5
debug time 18:26:55.287 :: Before HeartBeat Count=4 Time=Wed Mar 21 2012 18:26:55 GMT+0100 AccountId=29131007 Session=297cc4e8-d462-48db-9039-42d1c2cf8c71
debug ++ [int] eventPhase = 2
debug ++ [Boolean] bubbles = false
debug ++ [Boolean] cancelable = false
debug ++ [String] type = timer
debug +++ [int] repeatCount = 0
debug +++ [int] currentCount = 3
debug +++ [Boolean] running = true
debug +++ [int] delay = 120000
debug +++ [int] repeatCount = 0
debug +++ [int] currentCount = 3
debug +++ [Boolean] running = true
debug +++ [int] delay = 120000
debug time 18:26:55.471 :: After HeartBeat Count=4 Result=5
debug time 18:28:56.277 :: Before HeartBeat Count=5 Time=Wed Mar 21 2012 18:28:56 GMT+0100 AccountId=29131007 Session=297cc4e8-d462-48db-9039-42d1c2cf8c71
debug ++ [int] eventPhase = 2
debug ++ [Boolean] bubbles = false
debug ++ [Boolean] cancelable = false
debug ++ [String] type = timer
debug +++ [int] repeatCount = 0
debug +++ [int] currentCount = 4
debug +++ [Boolean] running = true
debug +++ [int] delay = 120000
debug +++ [int] repeatCount = 0
debug +++ [int] currentCount = 4
debug +++ [Boolean] running = true
debug +++ [int] delay = 120000
debug time 18:28:56.446 :: After HeartBeat Count=5 Result=5
debug time 18:30:56.287 :: Before HeartBeat Count=6 Time=Wed Mar 21 2012 18:30:56 GMT+0100 AccountId=29131007 Session=297cc4e8-d462-48db-9039-42d1c2cf8c71
debug ++ [int] eventPhase = 2
debug ++ [Boolean] bubbles = false
debug ++ [Boolean] cancelable = false
debug ++ [String] type = timer
debug +++ [int] repeatCount = 0
debug +++ [int] currentCount = 5
debug +++ [Boolean] running = true
debug +++ [int] delay = 120000
debug +++ [int] repeatCount = 0
debug +++ [int] currentCount = 5
debug +++ [Boolean] running = true
debug +++ [int] delay = 120000
debug time 18:30:56.456 :: After HeartBeat Count=6 Result=5
debug time 18:32:57.277 :: Before HeartBeat Count=7 Time=Wed Mar 21 2012 18:32:57 GMT+0100 AccountId=29131007 Session=297cc4e8-d462-48db-9039-42d1c2cf8c71
debug ++ [int] eventPhase = 2
debug ++ [Boolean] bubbles = false
debug ++ [Boolean] cancelable = false
debug ++ [String] type = timer
debug +++ [int] repeatCount = 0
debug +++ [int] currentCount = 6
debug +++ [Boolean] running = true
debug +++ [int] delay = 120000
debug +++ [int] repeatCount = 0
debug +++ [int] currentCount = 6
debug +++ [Boolean] running = true
debug +++ [int] delay = 120000
debug time 18:32:57.445 :: After HeartBeat Count=7 Result=5
debug time 18:34:57.288 :: Before HeartBeat Count=8 Time=Wed Mar 21 2012 18:34:57 GMT+0100 AccountId=29131007 Session=297cc4e8-d462-48db-9039-42d1c2cf8c71
debug ++ [int] eventPhase = 2
debug ++ [Boolean] bubbles = false
debug ++ [Boolean] cancelable = false
debug ++ [String] type = timer
debug +++ [int] repeatCount = 0
debug +++ [int] currentCount = 7
debug +++ [Boolean] running = true
debug +++ [int] delay = 120000
debug +++ [int] repeatCount = 0
debug +++ [int] currentCount = 7
debug +++ [Boolean] running = true
debug +++ [int] delay = 120000
debug time 18:34:57.471 :: After HeartBeat Count=8 Result=5
debug time 18:36:58.279 :: Before HeartBeat Count=9 Time=Wed Mar 21 2012 18:36:58 GMT+0100 AccountId=29131007 Session=297cc4e8-d462-48db-9039-42d1c2cf8c71
debug ++ [int] eventPhase = 2
debug ++ [Boolean] bubbles = false
debug ++ [Boolean] cancelable = false
debug ++ [String] type = timer
debug +++ [int] repeatCount = 0
debug +++ [int] currentCount = 8
debug +++ [Boolean] running = true
debug +++ [int] delay = 120000
debug +++ [int] repeatCount = 0
debug +++ [int] currentCount = 8
debug +++ [Boolean] running = true
debug +++ [int] delay = 120000
debug time 18:36:58.448 :: After HeartBeat Count=9 Result=5
debug time 18:38:59.278 :: Before HeartBeat Count=10 Time=Wed Mar 21 2012 18:38:59 GMT+0100 AccountId=29131007 Session=297cc4e8-d462-48db-9039-42d1c2cf8c71
debug ++ [int] eventPhase = 2
debug ++ [Boolean] bubbles = false
debug ++ [Boolean] cancelable = false
debug ++ [String] type = timer
debug +++ [int] repeatCount = 0
debug +++ [int] currentCount = 9
debug +++ [Boolean] running = true
debug +++ [int] delay = 120000
debug +++ [int] repeatCount = 0
debug +++ [int] currentCount = 9
debug +++ [Boolean] running = true
debug +++ [int] delay = 120000
debug time 18:38:59.446 :: After HeartBeat Count=10 Result=5
debug time 18:40:59.277 :: Before HeartBeat Count=11 Time=Wed Mar 21 2012 18:40:59 GMT+0100 AccountId=29131007 Session=297cc4e8-d462-48db-9039-42d1c2cf8c71
debug ++ [int] eventPhase = 2
debug ++ [Boolean] bubbles = false
debug ++ [Boolean] cancelable = false
debug ++ [String] type = timer
debug +++ [int] repeatCount = 0
debug +++ [int] currentCount = 10
debug +++ [Boolean] running = true
debug +++ [int] delay = 120000
debug +++ [int] repeatCount = 0
debug +++ [int] currentCount = 10
debug +++ [Boolean] running = true
debug +++ [int] delay = 120000
debug time 18:40:59.445 :: After HeartBeat Count=11 Result=5
debug time 18:42:59.277 :: Before HeartBeat Count=12 Time=Wed Mar 21 2012 18:42:59 GMT+0100 AccountId=29131007 Session=297cc4e8-d462-48db-9039-42d1c2cf8c71
debug ++ [int] eventPhase = 2
debug ++ [Boolean] bubbles = false
debug ++ [Boolean] cancelable = false
debug ++ [String] type = timer
debug +++ [int] repeatCount = 0
debug +++ [int] currentCount = 11
debug +++ [Boolean] running = true
debug +++ [int] delay = 120000
debug +++ [int] repeatCount = 0
debug +++ [int] currentCount = 11
debug +++ [Boolean] running = true
debug +++ [int] delay = 120000
debug time 18:42:59.445 :: After HeartBeat Count=12 Result=5
debug time 18:44:10.435 :: Performing heartbeat at Wed Mar 21 2012 18:44:10 GMT+0100
debug time 18:44:59.294 :: Before HeartBeat Count=13 Time=Wed Mar 21 2012 18:44:59 GMT+0100 AccountId=29131007 Session=297cc4e8-d462-48db-9039-42d1c2cf8c71
debug ++ [int] eventPhase = 2
debug ++ [Boolean] bubbles = false
debug ++ [Boolean] cancelable = false
debug ++ [String] type = timer
debug +++ [int] repeatCount = 0
debug +++ [int] currentCount = 12
debug +++ [Boolean] running = true
debug +++ [int] delay = 120000
debug +++ [int] repeatCount = 0
debug +++ [int] currentCount = 12
debug +++ [Boolean] running = true
debug +++ [int] delay = 120000
debug time 18:44:59.488 :: After HeartBeat Count=13 Result=5
debug time 18:47:00.197 :: Before HeartBeat Count=14 Time=Wed Mar 21 2012 18:47:00 GMT+0100 AccountId=29131007 Session=297cc4e8-d462-48db-9039-42d1c2cf8c71
debug ++ [int] eventPhase = 2
debug ++ [Boolean] bubbles = false
debug ++ [Boolean] cancelable = false
debug ++ [String] type = timer
debug +++ [int] repeatCount = 0
debug +++ [int] currentCount = 13
debug +++ [Boolean] running = true
debug +++ [int] delay = 120000
debug +++ [int] repeatCount = 0
debug +++ [int] currentCount = 13
debug +++ [Boolean] running = true
debug +++ [int] delay = 120000
debug time 18:47:00.377 :: After HeartBeat Count=14 Result=5
debug time 18:49:00.197 :: Before HeartBeat Count=15 Time=Wed Mar 21 2012 18:49:00 GMT+0100 AccountId=29131007 Session=297cc4e8-d462-48db-9039-42d1c2cf8c71
debug ++ [int] eventPhase = 2
debug ++ [Boolean] bubbles = false
debug ++ [Boolean] cancelable = false
debug ++ [String] type = timer
debug +++ [int] repeatCount = 0
debug +++ [int] currentCount = 14
debug +++ [Boolean] running = true
debug +++ [int] delay = 120000
debug +++ [int] repeatCount = 0
debug +++ [int] currentCount = 14
debug +++ [Boolean] running = true
debug +++ [int] delay = 120000
debug time 18:49:00.365 :: After HeartBeat Count=15 Result=5
debug time 18:51:00.197 :: Before HeartBeat Count=16 Time=Wed Mar 21 2012 18:51:00 GMT+0100 AccountId=29131007 Session=297cc4e8-d462-48db-9039-42d1c2cf8c71
debug ++ [int] eventPhase = 2
debug ++ [Boolean] bubbles = false
debug ++ [Boolean] cancelable = false
debug ++ [String] type = timer
debug +++ [int] repeatCount = 0
debug +++ [int] currentCount = 15
debug +++ [Boolean] running = true
debug +++ [int] delay = 120000
debug +++ [int] repeatCount = 0
debug +++ [int] currentCount = 15
debug +++ [Boolean] running = true
debug +++ [int] delay = 120000
debug time 18:51:00.365 :: After HeartBeat Count=16 Result=5
debug time 18:53:00.199 :: Before HeartBeat Count=17 Time=Wed Mar 21 2012 18:53:00 GMT+0100 AccountId=29131007 Session=297cc4e8-d462-48db-9039-42d1c2cf8c71
debug ++ [int] eventPhase = 2
debug ++ [Boolean] bubbles = false
debug ++ [Boolean] cancelable = false
debug ++ [String] type = timer
debug +++ [int] repeatCount = 0
debug +++ [int] currentCount = 16
debug +++ [Boolean] running = true
debug +++ [int] delay = 120000
debug +++ [int] repeatCount = 0
debug +++ [int] currentCount = 16
debug +++ [Boolean] running = true
debug +++ [int] delay = 120000
debug time 18:53:00.367 :: After HeartBeat Count=17 Result=5
debug time 18:55:01.198 :: Before HeartBeat Count=18 Time=Wed Mar 21 2012 18:55:01 GMT+0100 AccountId=29131007 Session=297cc4e8-d462-48db-9039-42d1c2cf8c71
debug ++ [int] eventPhase = 2
debug ++ [Boolean] bubbles = false
debug ++ [Boolean] cancelable = false
debug ++ [String] type = timer
debug +++ [int] repeatCount = 0
debug +++ [int] currentCount = 17
debug +++ [Boolean] running = true
debug +++ [int] delay = 120000
debug +++ [int] repeatCount = 0
debug +++ [int] currentCount = 17
debug +++ [Boolean] running = true
debug +++ [int] delay = 120000
debug time 18:55:01.366 :: After HeartBeat Count=18 Result=5
debug time 18:57:01.198 :: Before HeartBeat Count=19 Time=Wed Mar 21 2012 18:57:01 GMT+0100 AccountId=29131007 Session=297cc4e8-d462-48db-9039-42d1c2cf8c71
debug ++ [int] eventPhase = 2
debug ++ [Boolean] bubbles = false
debug ++ [Boolean] cancelable = false
debug ++ [String] type = timer
debug +++ [int] repeatCount = 0
debug +++ [int] currentCount = 18
debug +++ [Boolean] running = true
debug +++ [int] delay = 120000
debug +++ [int] repeatCount = 0
debug +++ [int] currentCount = 18
debug +++ [Boolean] running = true
debug +++ [int] delay = 120000
debug time 18:57:01.366 :: After HeartBeat Count=19 Result=5
debug time 18:59:02.197 :: Before HeartBeat Count=20 Time=Wed Mar 21 2012 18:59:02 GMT+0100 AccountId=29131007 Session=297cc4e8-d462-48db-9039-42d1c2cf8c71
debug ++ [int] eventPhase = 2
debug ++ [Boolean] bubbles = false
debug ++ [Boolean] cancelable = false
debug ++ [String] type = timer
debug +++ [int] repeatCount = 0
debug +++ [int] currentCount = 19
debug +++ [Boolean] running = true
debug +++ [int] delay = 120000
debug +++ [int] repeatCount = 0
debug +++ [int] currentCount = 19
debug +++ [Boolean] running = true
debug +++ [int] delay = 120000
debug time 18:59:02.366 :: After HeartBeat Count=20 Result=5
debug time 19:01:02.197 :: Before HeartBeat Count=21 Time=Wed Mar 21 2012 19:01:02 GMT+0100 AccountId=29131007 Session=297cc4e8-d462-48db-9039-42d1c2cf8c71
debug ++ [int] eventPhase = 2
debug ++ [Boolean] bubbles = false
debug ++ [Boolean] cancelable = false
debug ++ [String] type = timer
debug +++ [int] repeatCount = 0
debug +++ [int] currentCount = 20
debug +++ [Boolean] running = true
debug +++ [int] delay = 120000
debug +++ [int] repeatCount = 0
debug +++ [int] currentCount = 20
debug +++ [Boolean] running = true
debug +++ [int] delay = 120000
debug time 19:01:02.365 :: After HeartBeat Count=21 Result=5
debug time 19:03:02.197 :: Before HeartBeat Count=22 Time=Wed Mar 21 2012 19:03:02 GMT+0100 AccountId=29131007 Session=297cc4e8-d462-48db-9039-42d1c2cf8c71
debug ++ [int] eventPhase = 2
debug ++ [Boolean] bubbles = false
debug ++ [Boolean] cancelable = false
debug ++ [String] type = timer
debug +++ [int] repeatCount = 0
debug +++ [int] currentCount = 21
debug +++ [Boolean] running = true
debug +++ [int] delay = 120000
debug +++ [int] repeatCount = 0
debug +++ [int] currentCount = 21
debug +++ [Boolean] running = true
debug +++ [int] delay = 120000
debug time 19:03:02.365 :: After HeartBeat Count=22 Result=5
debug time 19:05:02.197 :: Before HeartBeat Count=23 Time=Wed Mar 21 2012 19:05:02 GMT+0100 AccountId=29131007 Session=297cc4e8-d462-48db-9039-42d1c2cf8c71
debug ++ [int] eventPhase = 2
debug ++ [Boolean] bubbles = false
debug ++ [Boolean] cancelable = false
debug ++ [String] type = timer
debug +++ [int] repeatCount = 0
debug +++ [int] currentCount = 22
debug +++ [Boolean] running = true
debug +++ [int] delay = 120000
debug +++ [int] repeatCount = 0
debug +++ [int] currentCount = 22
debug +++ [Boolean] running = true
debug +++ [int] delay = 120000
debug time 19:05:02.366 :: After HeartBeat Count=23 Result=5
debug time 19:07:02.197 :: Before HeartBeat Count=24 Time=Wed Mar 21 2012 19:07:02 GMT+0100 AccountId=29131007 Session=297cc4e8-d462-48db-9039-42d1c2cf8c71
debug ++ [int] eventPhase = 2
debug ++ [Boolean] bubbles = false
debug ++ [Boolean] cancelable = false
debug ++ [String] type = timer
debug +++ [int] repeatCount = 0
debug +++ [int] currentCount = 23
debug +++ [Boolean] running = true
debug +++ [int] delay = 120000
debug +++ [int] repeatCount = 0
debug +++ [int] currentCount = 23
debug +++ [Boolean] running = true
debug +++ [int] delay = 120000
debug time 19:07:02.366 :: After HeartBeat Count=24 Result=5
debug time 19:09:02.202 :: Before HeartBeat Count=25 Time=Wed Mar 21 2012 19:09:02 GMT+0100 AccountId=29131007 Session=297cc4e8-d462-48db-9039-42d1c2cf8c71
debug ++ [int] eventPhase = 2
debug ++ [Boolean] bubbles = false
debug ++ [Boolean] cancelable = false
debug ++ [String] type = timer
debug +++ [int] repeatCount = 0
debug +++ [int] currentCount = 24
debug +++ [Boolean] running = true
debug +++ [int] delay = 120000
debug +++ [int] repeatCount = 0
debug +++ [int] currentCount = 24
debug +++ [Boolean] running = true
debug +++ [int] delay = 120000
debug time 19:09:02.374 :: After HeartBeat Count=25 Result=5
debug time 19:09:05.50 :: Performing heartbeat at Wed Mar 21 2012 19:09:05 GMT+0100
debug time 19:11:02.235 :: Before HeartBeat Count=26 Time=Wed Mar 21 2012 19:11:02 GMT+0100 AccountId=29131007 Session=297cc4e8-d462-48db-9039-42d1c2cf8c71
debug ++ [int] eventPhase = 2
debug ++ [Boolean] bubbles = false
debug ++ [Boolean] cancelable = false
debug ++ [String] type = timer
debug +++ [int] repeatCount = 0
debug +++ [int] currentCount = 25
debug +++ [Boolean] running = true
debug +++ [int] delay = 120000
debug +++ [int] repeatCount = 0
debug +++ [int] currentCount = 25
debug +++ [Boolean] running = true
debug +++ [int] delay = 120000
debug time 19:11:02.406 :: After HeartBeat Count=26 Result=5
debug time 19:13:02.235 :: Before HeartBeat Count=27 Time=Wed Mar 21 2012 19:13:02 GMT+0100 AccountId=29131007 Session=297cc4e8-d462-48db-9039-42d1c2cf8c71
debug ++ [int] eventPhase = 2
debug ++ [Boolean] bubbles = false
debug ++ [Boolean] cancelable = false
debug ++ [String] type = timer
debug +++ [int] repeatCount = 0
debug +++ [int] currentCount = 26
debug +++ [Boolean] running = true
debug +++ [int] delay = 120000
debug +++ [int] repeatCount = 0
debug +++ [int] currentCount = 26
debug +++ [Boolean] running = true
debug +++ [int] delay = 120000
debug time 19:13:02.405 :: After HeartBeat Count=27 Result=5
debug time 19:15:02.266 :: Before HeartBeat Count=28 Time=Wed Mar 21 2012 19:15:02 GMT+0100 AccountId=29131007 Session=297cc4e8-d462-48db-9039-42d1c2cf8c71
debug ++ [int] eventPhase = 2
debug ++ [Boolean] bubbles = false
debug ++ [Boolean] cancelable = false
debug ++ [String] type = timer
debug +++ [int] repeatCount = 0
debug +++ [int] currentCount = 27
debug +++ [Boolean] running = true
debug +++ [int] delay = 120000
debug +++ [int] repeatCount = 0
debug +++ [int] currentCount = 27
debug +++ [Boolean] running = true
debug +++ [int] delay = 120000
debug time 19:15:02.445 :: After HeartBeat Count=28 Result=5
debug time 19:17:02.310 :: Before HeartBeat Count=29 Time=Wed Mar 21 2012 19:17:02 GMT+0100 AccountId=29131007 Session=297cc4e8-d462-48db-9039-42d1c2cf8c71
debug ++ [int] eventPhase = 2
debug ++ [Boolean] bubbles = false
debug ++ [Boolean] cancelable = false
debug ++ [String] type = timer
debug +++ [int] repeatCount = 0
debug +++ [int] currentCount = 28
debug +++ [Boolean] running = true
debug +++ [int] delay = 120000
debug +++ [int] repeatCount = 0
debug +++ [int] currentCount = 28
debug +++ [Boolean] running = true
debug +++ [int] delay = 120000
debug time 19:17:02.528 :: After HeartBeat Count=29 Result=5
debug time 19:19:02.775 :: Before HeartBeat Count=30 Time=Wed Mar 21 2012 19:19:02 GMT+0100 AccountId=29131007 Session=297cc4e8-d462-48db-9039-42d1c2cf8c71
debug ++ [int] eventPhase = 2
debug ++ [Boolean] bubbles = false
debug ++ [Boolean] cancelable = false
debug ++ [String] type = timer
debug +++ [int] repeatCount = 0
debug +++ [int] currentCount = 29
debug +++ [Boolean] running = true
debug +++ [int] delay = 120000
debug +++ [int] repeatCount = 0
debug +++ [int] currentCount = 29
debug +++ [Boolean] running = true
debug +++ [int] delay = 120000
debug time 19:19:02.944 :: After HeartBeat Count=30 Result=5
debug time 19:21:02.825 :: Before HeartBeat Count=31 Time=Wed Mar 21 2012 19:21:02 GMT+0100 AccountId=29131007 Session=297cc4e8-d462-48db-9039-42d1c2cf8c71
debug ++ [int] eventPhase = 2
debug ++ [Boolean] bubbles = false
debug ++ [Boolean] cancelable = false
debug ++ [String] type = timer
debug +++ [int] repeatCount = 0
debug +++ [int] currentCount = 30
debug +++ [Boolean] running = true
debug +++ [int] delay = 120000
debug +++ [int] repeatCount = 0
debug +++ [int] currentCount = 30
debug +++ [Boolean] running = true
debug +++ [int] delay = 120000
debug time 19:21:02.995 :: After HeartBeat Count=31 Result=5
debug time 19:23:02.825 :: Before HeartBeat Count=32 Time=Wed Mar 21 2012 19:23:02 GMT+0100 AccountId=29131007 Session=297cc4e8-d462-48db-9039-42d1c2cf8c71
debug ++ [int] eventPhase = 2
debug ++ [Boolean] bubbles = false
debug ++ [Boolean] cancelable = false
debug ++ [String] type = timer
debug +++ [int] repeatCount = 0
debug +++ [int] currentCount = 31
debug +++ [Boolean] running = true
debug +++ [int] delay = 120000
debug +++ [int] repeatCount = 0
debug +++ [int] currentCount = 31
debug +++ [Boolean] running = true
debug +++ [int] delay = 120000
debug time 19:23:02.994 :: After HeartBeat Count=32 Result=5
debug time 19:25:03.824 :: Before HeartBeat Count=33 Time=Wed Mar 21 2012 19:25:03 GMT+0100 AccountId=29131007 Session=297cc4e8-d462-48db-9039-42d1c2cf8c71
debug ++ [int] eventPhase = 2
debug ++ [Boolean] bubbles = false
debug ++ [Boolean] cancelable = false
debug ++ [String] type = timer
debug +++ [int] repeatCount = 0
debug +++ [int] currentCount = 32
debug +++ [Boolean] running = true
debug +++ [int] delay = 120000
debug +++ [int] repeatCount = 0
debug +++ [int] currentCount = 32
debug +++ [Boolean] running = true
debug +++ [int] delay = 120000
debug time 19:25:03.992 :: After HeartBeat Count=33 Result=5
debug time 19:27:03.824 :: Before HeartBeat Count=34 Time=Wed Mar 21 2012 19:27:03 GMT+0100 AccountId=29131007 Session=297cc4e8-d462-48db-9039-42d1c2cf8c71
debug ++ [int] eventPhase = 2
debug ++ [Boolean] bubbles = false
debug ++ [Boolean] cancelable = false
debug ++ [String] type = timer
debug +++ [int] repeatCount = 0
debug +++ [int] currentCount = 33
debug +++ [Boolean] running = true
debug +++ [int] delay = 120000
debug +++ [int] repeatCount = 0
debug +++ [int] currentCount = 33
debug +++ [Boolean] running = true
debug +++ [int] delay = 120000
debug time 19:27:03.992 :: After HeartBeat Count=34 Result=5
debug time 19:29:03.824 :: Before HeartBeat Count=35 Time=Wed Mar 21 2012 19:29:03 GMT+0100 AccountId=29131007 Session=297cc4e8-d462-48db-9039-42d1c2cf8c71
debug ++ [int] eventPhase = 2
debug ++ [Boolean] bubbles = false
debug ++ [Boolean] cancelable = false
debug ++ [String] type = timer
debug +++ [int] repeatCount = 0
debug +++ [int] currentCount = 34
debug +++ [Boolean] running = true
debug +++ [int] delay = 120000
debug +++ [int] repeatCount = 0
debug +++ [int] currentCount = 34
debug +++ [Boolean] running = true
debug +++ [int] delay = 120000
debug time 19:29:03.992 :: After HeartBeat Count=35 Result=5
debug time 19:31:03.824 :: Before HeartBeat Count=36 Time=Wed Mar 21 2012 19:31:03 GMT+0100 AccountId=29131007 Session=297cc4e8-d462-48db-9039-42d1c2cf8c71
debug ++ [int] eventPhase = 2
debug ++ [Boolean] bubbles = false
debug ++ [Boolean] cancelable = false
debug ++ [String] type = timer
debug +++ [int] repeatCount = 0
debug +++ [int] currentCount = 35
debug +++ [Boolean] running = true
debug +++ [int] delay = 120000
debug +++ [int] repeatCount = 0
debug +++ [int] currentCount = 35
debug +++ [Boolean] running = true
debug +++ [int] delay = 120000
debug time 19:31:03.995 :: After HeartBeat Count=36 Result=5
debug time 19:33:04.823 :: Before HeartBeat Count=37 Time=Wed Mar 21 2012 19:33:04 GMT+0100 AccountId=29131007 Session=297cc4e8-d462-48db-9039-42d1c2cf8c71
debug ++ [int] eventPhase = 2
debug ++ [Boolean] bubbles = false
debug ++ [Boolean] cancelable = false
debug ++ [String] type = timer
debug +++ [int] repeatCount = 0
debug +++ [int] currentCount = 36
debug +++ [Boolean] running = true
debug +++ [int] delay = 120000
debug +++ [int] repeatCount = 0
debug +++ [int] currentCount = 36
debug +++ [Boolean] running = true
debug +++ [int] delay = 120000
debug time 19:33:04.992 :: After HeartBeat Count=37 Result=5
debug time 19:35:04.823 :: Before HeartBeat Count=38 Time=Wed Mar 21 2012 19:35:04 GMT+0100 AccountId=29131007 Session=297cc4e8-d462-48db-9039-42d1c2cf8c71
debug ++ [int] eventPhase = 2
debug ++ [Boolean] bubbles = false
debug ++ [Boolean] cancelable = false
debug ++ [String] type = timer
debug +++ [int] repeatCount = 0
debug +++ [int] currentCount = 37
debug +++ [Boolean] running = true
debug +++ [int] delay = 120000
debug +++ [int] repeatCount = 0
debug +++ [int] currentCount = 37
debug +++ [Boolean] running = true
debug +++ [int] delay = 120000
debug time 19:35:04.991 :: After HeartBeat Count=38 Result=5
debug time 19:37:04.824 :: Before HeartBeat Count=39 Time=Wed Mar 21 2012 19:37:04 GMT+0100 AccountId=29131007 Session=297cc4e8-d462-48db-9039-42d1c2cf8c71
debug ++ [int] eventPhase = 2
debug ++ [Boolean] bubbles = false
debug ++ [Boolean] cancelable = false
debug ++ [String] type = timer
debug +++ [int] repeatCount = 0
debug +++ [int] currentCount = 38
debug +++ [Boolean] running = true
debug +++ [int] delay = 120000
debug +++ [int] repeatCount = 0
debug +++ [int] currentCount = 38
debug +++ [Boolean] running = true
debug +++ [int] delay = 120000
debug time 19:37:04.993 :: After HeartBeat Count=39 Result=5
debug time 19:39:05.823 :: Before HeartBeat Count=40 Time=Wed Mar 21 2012 19:39:05 GMT+0100 AccountId=29131007 Session=297cc4e8-d462-48db-9039-42d1c2cf8c71
debug ++ [int] eventPhase = 2
debug ++ [Boolean] bubbles = false
debug ++ [Boolean] cancelable = false
debug ++ [String] type = timer
debug +++ [int] repeatCount = 0
debug +++ [int] currentCount = 39
debug +++ [Boolean] running = true
debug +++ [int] delay = 120000
debug +++ [int] repeatCount = 0
debug +++ [int] currentCount = 39
debug +++ [Boolean] running = true
debug +++ [int] delay = 120000
debug time 19:39:05.992 :: After HeartBeat Count=40 Result=5
debug time 19:41:05.824 :: Before HeartBeat Count=41 Time=Wed Mar 21 2012 19:41:05 GMT+0100 AccountId=29131007 Session=297cc4e8-d462-48db-9039-42d1c2cf8c71
debug ++ [int] eventPhase = 2
debug ++ [Boolean] bubbles = false
debug ++ [Boolean] cancelable = false
debug ++ [String] type = timer
debug +++ [int] repeatCount = 0
debug +++ [int] currentCount = 40
debug +++ [Boolean] running = true
debug +++ [int] delay = 120000
debug +++ [int] repeatCount = 0
debug +++ [int] currentCount = 40
debug +++ [Boolean] running = true
debug +++ [int] delay = 120000
debug time 19:41:05.993 :: After HeartBeat Count=41 Result=5
debug time 19:43:05.825 :: Before HeartBeat Count=42 Time=Wed Mar 21 2012 19:43:05 GMT+0100 AccountId=29131007 Session=297cc4e8-d462-48db-9039-42d1c2cf8c71
debug ++ [int] eventPhase = 2
debug ++ [Boolean] bubbles = false
debug ++ [Boolean] cancelable = false
debug ++ [String] type = timer
debug +++ [int] repeatCount = 0
debug +++ [int] currentCount = 41
debug +++ [Boolean] running = true
debug +++ [int] delay = 120000
debug +++ [int] repeatCount = 0
debug +++ [int] currentCount = 41
debug +++ [Boolean] running = true
debug +++ [int] delay = 120000
debug time 19:43:05.995 :: After HeartBeat Count=42 Result=5
debug time 19:45:06.824 :: Before HeartBeat Count=43 Time=Wed Mar 21 2012 19:45:06 GMT+0100 AccountId=29131007 Session=297cc4e8-d462-48db-9039-42d1c2cf8c71
debug ++ [int] eventPhase = 2
debug ++ [Boolean] bubbles = false
debug ++ [Boolean] cancelable = false
debug ++ [String] type = timer
debug +++ [int] repeatCount = 0
debug +++ [int] currentCount = 42
debug +++ [Boolean] running = true
debug +++ [int] delay = 120000
debug +++ [int] repeatCount = 0
debug +++ [int] currentCount = 42
debug +++ [Boolean] running = true
debug +++ [int] delay = 120000
debug time 19:45:06.995 :: After HeartBeat Count=43 Result=5
debug time 19:47:06.823 :: Before HeartBeat Count=44 Time=Wed Mar 21 2012 19:47:06 GMT+0100 AccountId=29131007 Session=297cc4e8-d462-48db-9039-42d1c2cf8c71
debug ++ [int] eventPhase = 2
debug ++ [Boolean] bubbles = false
debug ++ [Boolean] cancelable = false
debug ++ [String] type = timer
debug +++ [int] repeatCount = 0
debug +++ [int] currentCount = 43
debug +++ [Boolean] running = true
debug +++ [int] delay = 120000
debug +++ [int] repeatCount = 0
debug +++ [int] currentCount = 43
debug +++ [Boolean] running = true
debug +++ [int] delay = 120000
debug time 19:47:06.992 :: After HeartBeat Count=44 Result=5
debug time 19:49:06.823 :: Before HeartBeat Count=45 Time=Wed Mar 21 2012 19:49:06 GMT+0100 AccountId=29131007 Session=297cc4e8-d462-48db-9039-42d1c2cf8c71
debug ++ [int] eventPhase = 2
debug ++ [Boolean] bubbles = false
debug ++ [Boolean] cancelable = false
debug ++ [String] type = timer
debug +++ [int] repeatCount = 0
debug +++ [int] currentCount = 44
debug +++ [Boolean] running = true
debug +++ [int] delay = 120000
debug +++ [int] repeatCount = 0
debug +++ [int] currentCount = 44
debug +++ [Boolean] running = true
debug +++ [int] delay = 120000
debug time 19:49:06.992 :: After HeartBeat Count=45 Result=5
debug time 19:51:06.824 :: Before HeartBeat Count=46 Time=Wed Mar 21 2012 19:51:06 GMT+0100 AccountId=29131007 Session=297cc4e8-d462-48db-9039-42d1c2cf8c71
debug ++ [int] eventPhase = 2
debug ++ [Boolean] bubbles = false
debug ++ [Boolean] cancelable = false
debug ++ [String] type = timer
debug +++ [int] repeatCount = 0
debug +++ [int] currentCount = 45
debug +++ [Boolean] running = true
debug +++ [int] delay = 120000
debug +++ [int] repeatCount = 0
debug +++ [int] currentCount = 45
debug +++ [Boolean] running = true
debug +++ [int] delay = 120000
debug time 19:51:06.993 :: After HeartBeat Count=46 Result=5
debug time 19:53:06.824 :: Before HeartBeat Count=47 Time=Wed Mar 21 2012 19:53:06 GMT+0100 AccountId=29131007 Session=297cc4e8-d462-48db-9039-42d1c2cf8c71
debug ++ [int] eventPhase = 2
debug ++ [Boolean] bubbles = false
debug ++ [Boolean] cancelable = false
debug ++ [String] type = timer
debug +++ [int] repeatCount = 0
debug +++ [int] currentCount = 46
debug +++ [Boolean] running = true
debug +++ [int] delay = 120000
debug +++ [int] repeatCount = 0
debug +++ [int] currentCount = 46
debug +++ [Boolean] running = true
debug +++ [int] delay = 120000
debug time 19:53:06.993 :: After HeartBeat Count=47 Result=5
debug time 19:55:06.848 :: Before HeartBeat Count=48 Time=Wed Mar 21 2012 19:55:06 GMT+0100 AccountId=29131007 Session=297cc4e8-d462-48db-9039-42d1c2cf8c71
debug ++ [int] eventPhase = 2
debug ++ [Boolean] bubbles = false
debug ++ [Boolean] cancelable = false
debug ++ [String] type = timer
debug +++ [int] repeatCount = 0
debug +++ [int] currentCount = 47
debug +++ [Boolean] running = true
debug +++ [int] delay = 120000
debug +++ [int] repeatCount = 0
debug +++ [int] currentCount = 47
debug +++ [Boolean] running = true
debug +++ [int] delay = 120000
debug time 19:55:07.48 :: After HeartBeat Count=48 Result=5
debug time 19:57:07.824 :: Before HeartBeat Count=49 Time=Wed Mar 21 2012 19:57:07 GMT+0100 AccountId=29131007 Session=297cc4e8-d462-48db-9039-42d1c2cf8c71
debug ++ [int] eventPhase = 2
debug ++ [Boolean] bubbles = false
debug ++ [Boolean] cancelable = false
debug ++ [String] type = timer
debug +++ [int] repeatCount = 0
debug +++ [int] currentCount = 48
debug +++ [Boolean] running = true
debug +++ [int] delay = 120000
debug +++ [int] repeatCount = 0
debug +++ [int] currentCount = 48
debug +++ [Boolean] running = true
debug +++ [int] delay = 120000
debug time 19:57:07.993 :: After HeartBeat Count=49 Result=5
debug time 19:59:07.825 :: Before HeartBeat Count=50 Time=Wed Mar 21 2012 19:59:07 GMT+0100 AccountId=29131007 Session=297cc4e8-d462-48db-9039-42d1c2cf8c71
debug ++ [int] eventPhase = 2
debug ++ [Boolean] bubbles = false
debug ++ [Boolean] cancelable = false
debug ++ [String] type = timer
debug +++ [int] repeatCount = 0
debug +++ [int] currentCount = 49
debug +++ [Boolean] running = true
debug +++ [int] delay = 120000
debug +++ [int] repeatCount = 0
debug +++ [int] currentCount = 49
debug +++ [Boolean] running = true
debug +++ [int] delay = 120000
debug time 19:59:07.993 :: After HeartBeat Count=50 Result=5
debug time 20:00:26.713 :: Performing heartbeat at Wed Mar 21 2012 20:00:26 GMT+0100
