debug time 12:46:22.890 :: Before HeartBeat Count=1 Time=Sun Jan 8 2012 12:46:22 GMT+0100 AccountId=29131007 Session=5e675537-4b9b-418a-898f-8f355a7f8a4e
STOP LOGGING: More than 0 nested objects or properties. 
debug time 12:46:23.811 :: After HeartBeat Count=1 Result=5
debug time 12:48:22.928 :: Before HeartBeat Count=2 Time=Sun Jan 8 2012 12:48:22 GMT+0100 AccountId=29131007 Session=5e675537-4b9b-418a-898f-8f355a7f8a4e
debug ++ [int] eventPhase = 2
debug ++ [Boolean] bubbles = false
debug ++ [Boolean] cancelable = false
debug ++ [String] type = timer
debug +++ [int] repeatCount = 0
debug +++ [int] currentCount = 1
debug +++ [Boolean] running = true
debug +++ [int] delay = 120000
debug +++ [int] repeatCount = 0
debug +++ [int] currentCount = 1
debug +++ [Boolean] running = true
debug +++ [int] delay = 120000
debug time 12:48:23.128 :: After HeartBeat Count=2 Result=5
debug time 12:50:22.938 :: Before HeartBeat Count=3 Time=Sun Jan 8 2012 12:50:22 GMT+0100 AccountId=29131007 Session=5e675537-4b9b-418a-898f-8f355a7f8a4e
debug ++ [int] eventPhase = 2
debug ++ [Boolean] bubbles = false
debug ++ [Boolean] cancelable = false
debug ++ [String] type = timer
debug +++ [int] repeatCount = 0
debug +++ [int] currentCount = 2
debug +++ [Boolean] running = true
debug +++ [int] delay = 120000
debug +++ [int] repeatCount = 0
debug +++ [int] currentCount = 2
debug +++ [Boolean] running = true
debug +++ [int] delay = 120000
debug time 12:50:23.934 :: After HeartBeat Count=3 Result=5
debug time 12:52:22.962 :: Before HeartBeat Count=4 Time=Sun Jan 8 2012 12:52:22 GMT+0100 AccountId=29131007 Session=5e675537-4b9b-418a-898f-8f355a7f8a4e
debug ++ [int] eventPhase = 2
debug ++ [Boolean] bubbles = false
debug ++ [Boolean] cancelable = false
debug ++ [String] type = timer
debug +++ [int] repeatCount = 0
debug +++ [int] currentCount = 3
debug +++ [Boolean] running = true
debug +++ [int] delay = 120000
debug +++ [int] repeatCount = 0
debug +++ [int] currentCount = 3
debug +++ [Boolean] running = true
debug +++ [int] delay = 120000
debug time 12:52:23.935 :: After HeartBeat Count=4 Result=5
debug time 12:54:23.963 :: Before HeartBeat Count=5 Time=Sun Jan 8 2012 12:54:23 GMT+0100 AccountId=29131007 Session=5e675537-4b9b-418a-898f-8f355a7f8a4e
debug ++ [int] eventPhase = 2
debug ++ [Boolean] bubbles = false
debug ++ [Boolean] cancelable = false
debug ++ [String] type = timer
debug +++ [int] repeatCount = 0
debug +++ [int] currentCount = 4
debug +++ [Boolean] running = true
debug +++ [int] delay = 120000
debug +++ [int] repeatCount = 0
debug +++ [int] currentCount = 4
debug +++ [Boolean] running = true
debug +++ [int] delay = 120000
debug time 12:54:24.943 :: After HeartBeat Count=5 Result=5
debug time 12:56:24.948 :: Before HeartBeat Count=6 Time=Sun Jan 8 2012 12:56:24 GMT+0100 AccountId=29131007 Session=5e675537-4b9b-418a-898f-8f355a7f8a4e
debug ++ [int] eventPhase = 2
debug ++ [Boolean] bubbles = false
debug ++ [Boolean] cancelable = false
debug ++ [String] type = timer
debug +++ [int] repeatCount = 0
debug +++ [int] currentCount = 5
debug +++ [Boolean] running = true
debug +++ [int] delay = 120000
debug +++ [int] repeatCount = 0
debug +++ [int] currentCount = 5
debug +++ [Boolean] running = true
debug +++ [int] delay = 120000
debug time 12:56:25.940 :: After HeartBeat Count=6 Result=5
debug time 12:58:25.946 :: Before HeartBeat Count=7 Time=Sun Jan 8 2012 12:58:25 GMT+0100 AccountId=29131007 Session=5e675537-4b9b-418a-898f-8f355a7f8a4e
debug ++ [int] eventPhase = 2
debug ++ [Boolean] bubbles = false
debug ++ [Boolean] cancelable = false
debug ++ [String] type = timer
debug +++ [int] repeatCount = 0
debug +++ [int] currentCount = 6
debug +++ [Boolean] running = true
debug +++ [int] delay = 120000
debug +++ [int] repeatCount = 0
debug +++ [int] currentCount = 6
debug +++ [Boolean] running = true
debug +++ [int] delay = 120000
debug time 12:58:26.942 :: After HeartBeat Count=7 Result=5
debug time 13:00:25.967 :: Before HeartBeat Count=8 Time=Sun Jan 8 2012 13:00:25 GMT+0100 AccountId=29131007 Session=5e675537-4b9b-418a-898f-8f355a7f8a4e
debug ++ [int] eventPhase = 2
debug ++ [Boolean] bubbles = false
debug ++ [Boolean] cancelable = false
debug ++ [String] type = timer
debug +++ [int] repeatCount = 0
debug +++ [int] currentCount = 7
debug +++ [Boolean] running = true
debug +++ [int] delay = 120000
debug +++ [int] repeatCount = 0
debug +++ [int] currentCount = 7
debug +++ [Boolean] running = true
debug +++ [int] delay = 120000
debug time 13:00:26.950 :: After HeartBeat Count=8 Result=5
debug time 13:02:26.949 :: Before HeartBeat Count=9 Time=Sun Jan 8 2012 13:02:26 GMT+0100 AccountId=29131007 Session=5e675537-4b9b-418a-898f-8f355a7f8a4e
debug ++ [int] eventPhase = 2
debug ++ [Boolean] bubbles = false
debug ++ [Boolean] cancelable = false
debug ++ [String] type = timer
debug +++ [int] repeatCount = 0
debug +++ [int] currentCount = 8
debug +++ [Boolean] running = true
debug +++ [int] delay = 120000
debug +++ [int] repeatCount = 0
debug +++ [int] currentCount = 8
debug +++ [Boolean] running = true
debug +++ [int] delay = 120000
debug time 13:02:27.946 :: After HeartBeat Count=9 Result=5
debug time 13:04:26.951 :: Before HeartBeat Count=10 Time=Sun Jan 8 2012 13:04:26 GMT+0100 AccountId=29131007 Session=5e675537-4b9b-418a-898f-8f355a7f8a4e
debug ++ [int] eventPhase = 2
debug ++ [Boolean] bubbles = false
debug ++ [Boolean] cancelable = false
debug ++ [String] type = timer
debug +++ [int] repeatCount = 0
debug +++ [int] currentCount = 9
debug +++ [Boolean] running = true
debug +++ [int] delay = 120000
debug +++ [int] repeatCount = 0
debug +++ [int] currentCount = 9
debug +++ [Boolean] running = true
debug +++ [int] delay = 120000
debug time 13:04:27.948 :: After HeartBeat Count=10 Result=5
debug time 13:06:26.958 :: Before HeartBeat Count=11 Time=Sun Jan 8 2012 13:06:26 GMT+0100 AccountId=29131007 Session=5e675537-4b9b-418a-898f-8f355a7f8a4e
debug ++ [int] eventPhase = 2
debug ++ [Boolean] bubbles = false
debug ++ [Boolean] cancelable = false
debug ++ [String] type = timer
debug +++ [int] repeatCount = 0
debug +++ [int] currentCount = 10
debug +++ [Boolean] running = true
debug +++ [int] delay = 120000
debug +++ [int] repeatCount = 0
debug +++ [int] currentCount = 10
debug +++ [Boolean] running = true
debug +++ [int] delay = 120000
debug time 13:06:27.950 :: After HeartBeat Count=11 Result=5
debug time 13:08:27.955 :: Before HeartBeat Count=12 Time=Sun Jan 8 2012 13:08:27 GMT+0100 AccountId=29131007 Session=5e675537-4b9b-418a-898f-8f355a7f8a4e
debug ++ [int] eventPhase = 2
debug ++ [Boolean] bubbles = false
debug ++ [Boolean] cancelable = false
debug ++ [String] type = timer
debug +++ [int] repeatCount = 0
debug +++ [int] currentCount = 11
debug +++ [Boolean] running = true
debug +++ [int] delay = 120000
debug +++ [int] repeatCount = 0
debug +++ [int] currentCount = 11
debug +++ [Boolean] running = true
debug +++ [int] delay = 120000
debug time 13:08:28.952 :: After HeartBeat Count=12 Result=5
debug time 13:10:27.957 :: Before HeartBeat Count=13 Time=Sun Jan 8 2012 13:10:27 GMT+0100 AccountId=29131007 Session=5e675537-4b9b-418a-898f-8f355a7f8a4e
debug ++ [int] eventPhase = 2
debug ++ [Boolean] bubbles = false
debug ++ [Boolean] cancelable = false
debug ++ [String] type = timer
debug +++ [int] repeatCount = 0
debug +++ [int] currentCount = 12
debug +++ [Boolean] running = true
debug +++ [int] delay = 120000
debug +++ [int] repeatCount = 0
debug +++ [int] currentCount = 12
debug +++ [Boolean] running = true
debug +++ [int] delay = 120000
debug time 13:10:28.954 :: After HeartBeat Count=13 Result=5
debug time 13:12:27.959 :: Before HeartBeat Count=14 Time=Sun Jan 8 2012 13:12:27 GMT+0100 AccountId=29131007 Session=5e675537-4b9b-418a-898f-8f355a7f8a4e
debug ++ [int] eventPhase = 2
debug ++ [Boolean] bubbles = false
debug ++ [Boolean] cancelable = false
debug ++ [String] type = timer
debug +++ [int] repeatCount = 0
debug +++ [int] currentCount = 13
debug +++ [Boolean] running = true
debug +++ [int] delay = 120000
debug +++ [int] repeatCount = 0
debug +++ [int] currentCount = 13
debug +++ [Boolean] running = true
debug +++ [int] delay = 120000
debug time 13:12:28.956 :: After HeartBeat Count=14 Result=5
debug time 13:14:27.962 :: Before HeartBeat Count=15 Time=Sun Jan 8 2012 13:14:27 GMT+0100 AccountId=29131007 Session=5e675537-4b9b-418a-898f-8f355a7f8a4e
debug ++ [int] eventPhase = 2
debug ++ [Boolean] bubbles = false
debug ++ [Boolean] cancelable = false
debug ++ [String] type = timer
debug +++ [int] repeatCount = 0
debug +++ [int] currentCount = 14
debug +++ [Boolean] running = true
debug +++ [int] delay = 120000
debug +++ [int] repeatCount = 0
debug +++ [int] currentCount = 14
debug +++ [Boolean] running = true
debug +++ [int] delay = 120000
debug time 13:14:28.959 :: After HeartBeat Count=15 Result=5
debug time 13:16:27.966 :: Before HeartBeat Count=16 Time=Sun Jan 8 2012 13:16:27 GMT+0100 AccountId=29131007 Session=5e675537-4b9b-418a-898f-8f355a7f8a4e
debug ++ [int] eventPhase = 2
debug ++ [Boolean] bubbles = false
debug ++ [Boolean] cancelable = false
debug ++ [String] type = timer
debug +++ [int] repeatCount = 0
debug +++ [int] currentCount = 15
debug +++ [Boolean] running = true
debug +++ [int] delay = 120000
debug +++ [int] repeatCount = 0
debug +++ [int] currentCount = 15
debug +++ [Boolean] running = true
debug +++ [int] delay = 120000
debug time 13:16:28.960 :: After HeartBeat Count=16 Result=5
debug time 13:18:27.976 :: Before HeartBeat Count=17 Time=Sun Jan 8 2012 13:18:27 GMT+0100 AccountId=29131007 Session=5e675537-4b9b-418a-898f-8f355a7f8a4e
debug ++ [int] eventPhase = 2
debug ++ [Boolean] bubbles = false
debug ++ [Boolean] cancelable = false
debug ++ [String] type = timer
debug +++ [int] repeatCount = 0
debug +++ [int] currentCount = 16
debug +++ [Boolean] running = true
debug +++ [int] delay = 120000
debug +++ [int] repeatCount = 0
debug +++ [int] currentCount = 16
debug +++ [Boolean] running = true
debug +++ [int] delay = 120000
debug time 13:18:28.963 :: After HeartBeat Count=17 Result=5
debug time 13:20:27.987 :: Before HeartBeat Count=18 Time=Sun Jan 8 2012 13:20:27 GMT+0100 AccountId=29131007 Session=5e675537-4b9b-418a-898f-8f355a7f8a4e
debug ++ [int] eventPhase = 2
debug ++ [Boolean] bubbles = false
debug ++ [Boolean] cancelable = false
debug ++ [String] type = timer
debug +++ [int] repeatCount = 0
debug +++ [int] currentCount = 17
debug +++ [Boolean] running = true
debug +++ [int] delay = 120000
debug +++ [int] repeatCount = 0
debug +++ [int] currentCount = 17
debug +++ [Boolean] running = true
debug +++ [int] delay = 120000
debug time 13:20:28.970 :: After HeartBeat Count=18 Result=5
debug time 13:22:28.980 :: Before HeartBeat Count=19 Time=Sun Jan 8 2012 13:22:28 GMT+0100 AccountId=29131007 Session=5e675537-4b9b-418a-898f-8f355a7f8a4e
debug ++ [int] eventPhase = 2
debug ++ [Boolean] bubbles = false
debug ++ [Boolean] cancelable = false
debug ++ [String] type = timer
debug +++ [int] repeatCount = 0
debug +++ [int] currentCount = 18
debug +++ [Boolean] running = true
debug +++ [int] delay = 120000
debug +++ [int] repeatCount = 0
debug +++ [int] currentCount = 18
debug +++ [Boolean] running = true
debug +++ [int] delay = 120000
debug time 13:22:29.966 :: After HeartBeat Count=19 Result=5
debug time 13:24:28.992 :: Before HeartBeat Count=20 Time=Sun Jan 8 2012 13:24:28 GMT+0100 AccountId=29131007 Session=5e675537-4b9b-418a-898f-8f355a7f8a4e
debug ++ [int] eventPhase = 2
debug ++ [Boolean] bubbles = false
debug ++ [Boolean] cancelable = false
debug ++ [String] type = timer
debug +++ [int] repeatCount = 0
debug +++ [int] currentCount = 19
debug +++ [Boolean] running = true
debug +++ [int] delay = 120000
debug +++ [int] repeatCount = 0
debug +++ [int] currentCount = 19
debug +++ [Boolean] running = true
debug +++ [int] delay = 120000
debug time 13:24:29.967 :: After HeartBeat Count=20 Result=5
debug time 13:26:28.994 :: Before HeartBeat Count=21 Time=Sun Jan 8 2012 13:26:28 GMT+0100 AccountId=29131007 Session=5e675537-4b9b-418a-898f-8f355a7f8a4e
debug ++ [int] eventPhase = 2
debug ++ [Boolean] bubbles = false
debug ++ [Boolean] cancelable = false
debug ++ [String] type = timer
debug +++ [int] repeatCount = 0
debug +++ [int] currentCount = 20
debug +++ [Boolean] running = true
debug +++ [int] delay = 120000
debug +++ [int] repeatCount = 0
debug +++ [int] currentCount = 20
debug +++ [Boolean] running = true
debug +++ [int] delay = 120000
debug time 13:26:29.975 :: After HeartBeat Count=21 Result=5
debug time 13:28:28.997 :: Before HeartBeat Count=22 Time=Sun Jan 8 2012 13:28:28 GMT+0100 AccountId=29131007 Session=5e675537-4b9b-418a-898f-8f355a7f8a4e
debug ++ [int] eventPhase = 2
debug ++ [Boolean] bubbles = false
debug ++ [Boolean] cancelable = false
debug ++ [String] type = timer
debug +++ [int] repeatCount = 0
debug +++ [int] currentCount = 21
debug +++ [Boolean] running = true
debug +++ [int] delay = 120000
debug +++ [int] repeatCount = 0
debug +++ [int] currentCount = 21
debug +++ [Boolean] running = true
debug +++ [int] delay = 120000
debug time 13:28:29.977 :: After HeartBeat Count=22 Result=5
debug time 13:30:29.977 :: Before HeartBeat Count=23 Time=Sun Jan 8 2012 13:30:29 GMT+0100 AccountId=29131007 Session=5e675537-4b9b-418a-898f-8f355a7f8a4e
debug ++ [int] eventPhase = 2
debug ++ [Boolean] bubbles = false
debug ++ [Boolean] cancelable = false
debug ++ [String] type = timer
debug +++ [int] repeatCount = 0
debug +++ [int] currentCount = 22
debug +++ [Boolean] running = true
debug +++ [int] delay = 120000
debug +++ [int] repeatCount = 0
debug +++ [int] currentCount = 22
debug +++ [Boolean] running = true
debug +++ [int] delay = 120000
debug time 13:30:30.974 :: After HeartBeat Count=23 Result=5
debug time 13:30:56.222 :: Performing heartbeat at Sun Jan 8 2012 13:30:56 GMT+0100
