debug time 10:31:35.801 :: Before HeartBeat Count=1 Time=Fri Apr 20 2012 10:31:35 GMT+0200 AccountId=29131007 Session=d4603a3a-d112-4658-b0c0-2209a6a1642a
STOP LOGGING: More than 0 nested objects or properties. 
debug time 10:31:36.07 :: After HeartBeat Count=1 Result=5
debug time 10:33:35.825 :: Before HeartBeat Count=2 Time=Fri Apr 20 2012 10:33:35 GMT+0200 AccountId=29131007 Session=d4603a3a-d112-4658-b0c0-2209a6a1642a
debug ++ [Boolean] bubbles = false
debug ++ [Boolean] cancelable = false
debug ++ [String] type = timer
debug +++ [Boolean] running = true
debug +++ [int] delay = 120000
debug +++ [int] currentCount = 1
debug +++ [int] repeatCount = 0
debug +++ [Boolean] running = true
debug +++ [int] delay = 120000
debug +++ [int] currentCount = 1
debug +++ [int] repeatCount = 0
debug ++ [int] eventPhase = 2
debug time 10:33:36.07 :: After HeartBeat Count=2 Result=5
debug time 10:35:36.800 :: Before HeartBeat Count=3 Time=Fri Apr 20 2012 10:35:36 GMT+0200 AccountId=29131007 Session=d4603a3a-d112-4658-b0c0-2209a6a1642a
debug ++ [Boolean] bubbles = false
debug ++ [Boolean] cancelable = false
debug ++ [String] type = timer
debug +++ [Boolean] running = true
debug +++ [int] delay = 120000
debug +++ [int] currentCount = 2
debug +++ [int] repeatCount = 0
debug +++ [Boolean] running = true
debug +++ [int] delay = 120000
debug +++ [int] currentCount = 2
debug +++ [int] repeatCount = 0
debug ++ [int] eventPhase = 2
debug time 10:35:36.969 :: After HeartBeat Count=3 Result=5
debug time 10:37:36.799 :: Before HeartBeat Count=4 Time=Fri Apr 20 2012 10:37:36 GMT+0200 AccountId=29131007 Session=d4603a3a-d112-4658-b0c0-2209a6a1642a
debug ++ [Boolean] bubbles = false
debug ++ [Boolean] cancelable = false
debug ++ [String] type = timer
debug +++ [Boolean] running = true
debug +++ [int] delay = 120000
debug +++ [int] currentCount = 3
debug +++ [int] repeatCount = 0
debug +++ [Boolean] running = true
debug +++ [int] delay = 120000
debug +++ [int] currentCount = 3
debug +++ [int] repeatCount = 0
debug ++ [int] eventPhase = 2
debug time 10:37:36.968 :: After HeartBeat Count=4 Result=5
debug time 10:39:36.798 :: Before HeartBeat Count=5 Time=Fri Apr 20 2012 10:39:36 GMT+0200 AccountId=29131007 Session=d4603a3a-d112-4658-b0c0-2209a6a1642a
debug ++ [Boolean] bubbles = false
debug ++ [Boolean] cancelable = false
debug ++ [String] type = timer
debug +++ [Boolean] running = true
debug +++ [int] delay = 120000
debug +++ [int] currentCount = 4
debug +++ [int] repeatCount = 0
debug +++ [Boolean] running = true
debug +++ [int] delay = 120000
debug +++ [int] currentCount = 4
debug +++ [int] repeatCount = 0
debug ++ [int] eventPhase = 2
debug time 10:39:36.967 :: After HeartBeat Count=5 Result=5
debug time 10:41:36.798 :: Before HeartBeat Count=6 Time=Fri Apr 20 2012 10:41:36 GMT+0200 AccountId=29131007 Session=d4603a3a-d112-4658-b0c0-2209a6a1642a
debug ++ [Boolean] bubbles = false
debug ++ [Boolean] cancelable = false
debug ++ [String] type = timer
debug +++ [Boolean] running = true
debug +++ [int] delay = 120000
debug +++ [int] currentCount = 5
debug +++ [int] repeatCount = 0
debug +++ [Boolean] running = true
debug +++ [int] delay = 120000
debug +++ [int] currentCount = 5
debug +++ [int] repeatCount = 0
debug ++ [int] eventPhase = 2
debug time 10:41:36.971 :: After HeartBeat Count=6 Result=5
debug time 10:43:36.799 :: Before HeartBeat Count=7 Time=Fri Apr 20 2012 10:43:36 GMT+0200 AccountId=29131007 Session=d4603a3a-d112-4658-b0c0-2209a6a1642a
debug ++ [Boolean] bubbles = false
debug ++ [Boolean] cancelable = false
debug ++ [String] type = timer
debug +++ [Boolean] running = true
debug +++ [int] delay = 120000
debug +++ [int] currentCount = 6
debug +++ [int] repeatCount = 0
debug +++ [Boolean] running = true
debug +++ [int] delay = 120000
debug +++ [int] currentCount = 6
debug +++ [int] repeatCount = 0
debug ++ [int] eventPhase = 2
debug time 10:43:36.968 :: After HeartBeat Count=7 Result=5
debug time 10:45:37.799 :: Before HeartBeat Count=8 Time=Fri Apr 20 2012 10:45:37 GMT+0200 AccountId=29131007 Session=d4603a3a-d112-4658-b0c0-2209a6a1642a
debug ++ [Boolean] bubbles = false
debug ++ [Boolean] cancelable = false
debug ++ [String] type = timer
debug +++ [Boolean] running = true
debug +++ [int] delay = 120000
debug +++ [int] currentCount = 7
debug +++ [int] repeatCount = 0
debug +++ [Boolean] running = true
debug +++ [int] delay = 120000
debug +++ [int] currentCount = 7
debug +++ [int] repeatCount = 0
debug ++ [int] eventPhase = 2
debug time 10:45:37.967 :: After HeartBeat Count=8 Result=5
debug time 10:47:37.799 :: Before HeartBeat Count=9 Time=Fri Apr 20 2012 10:47:37 GMT+0200 AccountId=29131007 Session=d4603a3a-d112-4658-b0c0-2209a6a1642a
debug ++ [Boolean] bubbles = false
debug ++ [Boolean] cancelable = false
debug ++ [String] type = timer
debug +++ [Boolean] running = true
debug +++ [int] delay = 120000
debug +++ [int] currentCount = 8
debug +++ [int] repeatCount = 0
debug +++ [Boolean] running = true
debug +++ [int] delay = 120000
debug +++ [int] currentCount = 8
debug +++ [int] repeatCount = 0
debug ++ [int] eventPhase = 2
debug time 10:47:37.967 :: After HeartBeat Count=9 Result=5
debug time 10:49:37.798 :: Before HeartBeat Count=10 Time=Fri Apr 20 2012 10:49:37 GMT+0200 AccountId=29131007 Session=d4603a3a-d112-4658-b0c0-2209a6a1642a
debug ++ [Boolean] bubbles = false
debug ++ [Boolean] cancelable = false
debug ++ [String] type = timer
debug +++ [Boolean] running = true
debug +++ [int] delay = 120000
debug +++ [int] currentCount = 9
debug +++ [int] repeatCount = 0
debug +++ [Boolean] running = true
debug +++ [int] delay = 120000
debug +++ [int] currentCount = 9
debug +++ [int] repeatCount = 0
debug ++ [int] eventPhase = 2
debug time 10:49:37.967 :: After HeartBeat Count=10 Result=5
debug time 10:51:37.798 :: Before HeartBeat Count=11 Time=Fri Apr 20 2012 10:51:37 GMT+0200 AccountId=29131007 Session=d4603a3a-d112-4658-b0c0-2209a6a1642a
debug ++ [Boolean] bubbles = false
debug ++ [Boolean] cancelable = false
debug ++ [String] type = timer
debug +++ [Boolean] running = true
debug +++ [int] delay = 120000
debug +++ [int] currentCount = 10
debug +++ [int] repeatCount = 0
debug +++ [Boolean] running = true
debug +++ [int] delay = 120000
debug +++ [int] currentCount = 10
debug +++ [int] repeatCount = 0
debug ++ [int] eventPhase = 2
debug time 10:51:37.967 :: After HeartBeat Count=11 Result=5
debug time 10:53:37.800 :: Before HeartBeat Count=12 Time=Fri Apr 20 2012 10:53:37 GMT+0200 AccountId=29131007 Session=d4603a3a-d112-4658-b0c0-2209a6a1642a
debug ++ [Boolean] bubbles = false
debug ++ [Boolean] cancelable = false
debug ++ [String] type = timer
debug +++ [Boolean] running = true
debug +++ [int] delay = 120000
debug +++ [int] currentCount = 11
debug +++ [int] repeatCount = 0
debug +++ [Boolean] running = true
debug +++ [int] delay = 120000
debug +++ [int] currentCount = 11
debug +++ [int] repeatCount = 0
debug ++ [int] eventPhase = 2
debug time 10:53:37.975 :: After HeartBeat Count=12 Result=5
debug time 10:55:37.800 :: Before HeartBeat Count=13 Time=Fri Apr 20 2012 10:55:37 GMT+0200 AccountId=29131007 Session=d4603a3a-d112-4658-b0c0-2209a6a1642a
debug ++ [Boolean] bubbles = false
debug ++ [Boolean] cancelable = false
debug ++ [String] type = timer
debug +++ [Boolean] running = true
debug +++ [int] delay = 120000
debug +++ [int] currentCount = 12
debug +++ [int] repeatCount = 0
debug +++ [Boolean] running = true
debug +++ [int] delay = 120000
debug +++ [int] currentCount = 12
debug +++ [int] repeatCount = 0
debug ++ [int] eventPhase = 2
debug time 10:55:37.968 :: After HeartBeat Count=13 Result=5
debug time 10:57:08.362 :: Performing heartbeat at Fri Apr 20 2012 10:57:08 GMT+0200
debug time 10:57:37.816 :: Before HeartBeat Count=14 Time=Fri Apr 20 2012 10:57:37 GMT+0200 AccountId=29131007 Session=d4603a3a-d112-4658-b0c0-2209a6a1642a
debug ++ [Boolean] bubbles = false
debug ++ [Boolean] cancelable = false
debug ++ [String] type = timer
debug +++ [Boolean] running = true
debug +++ [int] delay = 120000
debug +++ [int] currentCount = 13
debug +++ [int] repeatCount = 0
debug +++ [Boolean] running = true
debug +++ [int] delay = 120000
debug +++ [int] currentCount = 13
debug +++ [int] repeatCount = 0
debug ++ [int] eventPhase = 2
debug time 10:57:37.991 :: After HeartBeat Count=14 Result=5
debug time 10:59:37.854 :: Before HeartBeat Count=15 Time=Fri Apr 20 2012 10:59:37 GMT+0200 AccountId=29131007 Session=d4603a3a-d112-4658-b0c0-2209a6a1642a
debug ++ [Boolean] bubbles = false
debug ++ [Boolean] cancelable = false
debug ++ [String] type = timer
debug +++ [Boolean] running = true
debug +++ [int] delay = 120000
debug +++ [int] currentCount = 14
debug +++ [int] repeatCount = 0
debug +++ [Boolean] running = true
debug +++ [int] delay = 120000
debug +++ [int] currentCount = 14
debug +++ [int] repeatCount = 0
debug ++ [int] eventPhase = 2
debug time 10:59:38.46 :: After HeartBeat Count=15 Result=5
debug time 11:01:37.878 :: Before HeartBeat Count=16 Time=Fri Apr 20 2012 11:01:37 GMT+0200 AccountId=29131007 Session=d4603a3a-d112-4658-b0c0-2209a6a1642a
debug ++ [Boolean] bubbles = false
debug ++ [Boolean] cancelable = false
debug ++ [String] type = timer
debug +++ [Boolean] running = true
debug +++ [int] delay = 120000
debug +++ [int] currentCount = 15
debug +++ [int] repeatCount = 0
debug +++ [Boolean] running = true
debug +++ [int] delay = 120000
debug +++ [int] currentCount = 15
debug +++ [int] repeatCount = 0
debug ++ [int] eventPhase = 2
debug time 11:01:38.75 :: After HeartBeat Count=16 Result=5
debug time 11:03:37.878 :: Before HeartBeat Count=17 Time=Fri Apr 20 2012 11:03:37 GMT+0200 AccountId=29131007 Session=d4603a3a-d112-4658-b0c0-2209a6a1642a
debug ++ [Boolean] bubbles = false
debug ++ [Boolean] cancelable = false
debug ++ [String] type = timer
debug +++ [Boolean] running = true
debug +++ [int] delay = 120000
debug +++ [int] currentCount = 16
debug +++ [int] repeatCount = 0
debug +++ [Boolean] running = true
debug +++ [int] delay = 120000
debug +++ [int] currentCount = 16
debug +++ [int] repeatCount = 0
debug ++ [int] eventPhase = 2
debug time 11:03:38.107 :: After HeartBeat Count=17 Result=5
debug time 11:05:37.884 :: Before HeartBeat Count=18 Time=Fri Apr 20 2012 11:05:37 GMT+0200 AccountId=29131007 Session=d4603a3a-d112-4658-b0c0-2209a6a1642a
debug ++ [Boolean] bubbles = false
debug ++ [Boolean] cancelable = false
debug ++ [String] type = timer
debug +++ [Boolean] running = true
debug +++ [int] delay = 120000
debug +++ [int] currentCount = 17
debug +++ [int] repeatCount = 0
debug +++ [Boolean] running = true
debug +++ [int] delay = 120000
debug +++ [int] currentCount = 17
debug +++ [int] repeatCount = 0
debug ++ [int] eventPhase = 2
debug time 11:05:38.81 :: After HeartBeat Count=18 Result=5
debug time 11:07:37.902 :: Before HeartBeat Count=19 Time=Fri Apr 20 2012 11:07:37 GMT+0200 AccountId=29131007 Session=d4603a3a-d112-4658-b0c0-2209a6a1642a
debug ++ [Boolean] bubbles = false
debug ++ [Boolean] cancelable = false
debug ++ [String] type = timer
debug +++ [Boolean] running = true
debug +++ [int] delay = 120000
debug +++ [int] currentCount = 18
debug +++ [int] repeatCount = 0
debug +++ [Boolean] running = true
debug +++ [int] delay = 120000
debug +++ [int] currentCount = 18
debug +++ [int] repeatCount = 0
debug ++ [int] eventPhase = 2
debug time 11:07:38.80 :: After HeartBeat Count=19 Result=5
debug time 11:09:38.688 :: Before HeartBeat Count=20 Time=Fri Apr 20 2012 11:09:38 GMT+0200 AccountId=29131007 Session=d4603a3a-d112-4658-b0c0-2209a6a1642a
debug ++ [Boolean] bubbles = false
debug ++ [Boolean] cancelable = false
debug ++ [String] type = timer
debug +++ [Boolean] running = true
debug +++ [int] delay = 120000
debug +++ [int] currentCount = 19
debug +++ [int] repeatCount = 0
debug +++ [Boolean] running = true
debug +++ [int] delay = 120000
debug +++ [int] currentCount = 19
debug +++ [int] repeatCount = 0
debug ++ [int] eventPhase = 2
debug time 11:09:38.857 :: After HeartBeat Count=20 Result=5
debug time 11:11:38.688 :: Before HeartBeat Count=21 Time=Fri Apr 20 2012 11:11:38 GMT+0200 AccountId=29131007 Session=d4603a3a-d112-4658-b0c0-2209a6a1642a
debug ++ [Boolean] bubbles = false
debug ++ [Boolean] cancelable = false
debug ++ [String] type = timer
debug +++ [Boolean] running = true
debug +++ [int] delay = 120000
debug +++ [int] currentCount = 20
debug +++ [int] repeatCount = 0
debug +++ [Boolean] running = true
debug +++ [int] delay = 120000
debug +++ [int] currentCount = 20
debug +++ [int] repeatCount = 0
debug ++ [int] eventPhase = 2
debug time 11:11:38.857 :: After HeartBeat Count=21 Result=5
debug time 11:13:38.690 :: Before HeartBeat Count=22 Time=Fri Apr 20 2012 11:13:38 GMT+0200 AccountId=29131007 Session=d4603a3a-d112-4658-b0c0-2209a6a1642a
debug ++ [Boolean] bubbles = false
debug ++ [Boolean] cancelable = false
debug ++ [String] type = timer
debug +++ [Boolean] running = true
debug +++ [int] delay = 120000
debug +++ [int] currentCount = 21
debug +++ [int] repeatCount = 0
debug +++ [Boolean] running = true
debug +++ [int] delay = 120000
debug +++ [int] currentCount = 21
debug +++ [int] repeatCount = 0
debug ++ [int] eventPhase = 2
debug time 11:13:38.858 :: After HeartBeat Count=22 Result=5
debug time 11:15:38.691 :: Before HeartBeat Count=23 Time=Fri Apr 20 2012 11:15:38 GMT+0200 AccountId=29131007 Session=d4603a3a-d112-4658-b0c0-2209a6a1642a
debug ++ [Boolean] bubbles = false
debug ++ [Boolean] cancelable = false
debug ++ [String] type = timer
debug +++ [Boolean] running = true
debug +++ [int] delay = 120000
debug +++ [int] currentCount = 22
debug +++ [int] repeatCount = 0
debug +++ [Boolean] running = true
debug +++ [int] delay = 120000
debug +++ [int] currentCount = 22
debug +++ [int] repeatCount = 0
debug ++ [int] eventPhase = 2
debug time 11:15:38.859 :: After HeartBeat Count=23 Result=5
debug time 11:17:38.692 :: Before HeartBeat Count=24 Time=Fri Apr 20 2012 11:17:38 GMT+0200 AccountId=29131007 Session=d4603a3a-d112-4658-b0c0-2209a6a1642a
debug ++ [Boolean] bubbles = false
debug ++ [Boolean] cancelable = false
debug ++ [String] type = timer
debug +++ [Boolean] running = true
debug +++ [int] delay = 120000
debug +++ [int] currentCount = 23
debug +++ [int] repeatCount = 0
debug +++ [Boolean] running = true
debug +++ [int] delay = 120000
debug +++ [int] currentCount = 23
debug +++ [int] repeatCount = 0
debug ++ [int] eventPhase = 2
debug time 11:17:38.861 :: After HeartBeat Count=24 Result=5
debug time 11:19:39.692 :: Before HeartBeat Count=25 Time=Fri Apr 20 2012 11:19:39 GMT+0200 AccountId=29131007 Session=d4603a3a-d112-4658-b0c0-2209a6a1642a
debug ++ [Boolean] bubbles = false
debug ++ [Boolean] cancelable = false
debug ++ [String] type = timer
debug +++ [Boolean] running = true
debug +++ [int] delay = 120000
debug +++ [int] currentCount = 24
debug +++ [int] repeatCount = 0
debug +++ [Boolean] running = true
debug +++ [int] delay = 120000
debug +++ [int] currentCount = 24
debug +++ [int] repeatCount = 0
debug ++ [int] eventPhase = 2
debug time 11:19:39.862 :: After HeartBeat Count=25 Result=5
debug time 11:21:39.698 :: Before HeartBeat Count=26 Time=Fri Apr 20 2012 11:21:39 GMT+0200 AccountId=29131007 Session=d4603a3a-d112-4658-b0c0-2209a6a1642a
debug ++ [Boolean] bubbles = false
debug ++ [Boolean] cancelable = false
debug ++ [String] type = timer
debug +++ [Boolean] running = true
debug +++ [int] delay = 120000
debug +++ [int] currentCount = 25
debug +++ [int] repeatCount = 0
debug +++ [Boolean] running = true
debug +++ [int] delay = 120000
debug +++ [int] currentCount = 25
debug +++ [int] repeatCount = 0
debug ++ [int] eventPhase = 2
debug time 11:21:39.878 :: After HeartBeat Count=26 Result=5
debug time 11:23:40.692 :: Before HeartBeat Count=27 Time=Fri Apr 20 2012 11:23:40 GMT+0200 AccountId=29131007 Session=d4603a3a-d112-4658-b0c0-2209a6a1642a
debug ++ [Boolean] bubbles = false
debug ++ [Boolean] cancelable = false
debug ++ [String] type = timer
debug +++ [Boolean] running = true
debug +++ [int] delay = 120000
debug +++ [int] currentCount = 26
debug +++ [int] repeatCount = 0
debug +++ [Boolean] running = true
debug +++ [int] delay = 120000
debug +++ [int] currentCount = 26
debug +++ [int] repeatCount = 0
debug ++ [int] eventPhase = 2
debug time 11:23:40.861 :: After HeartBeat Count=27 Result=5
debug time 11:25:41.692 :: Before HeartBeat Count=28 Time=Fri Apr 20 2012 11:25:41 GMT+0200 AccountId=29131007 Session=d4603a3a-d112-4658-b0c0-2209a6a1642a
debug ++ [Boolean] bubbles = false
debug ++ [Boolean] cancelable = false
debug ++ [String] type = timer
debug +++ [Boolean] running = true
debug +++ [int] delay = 120000
debug +++ [int] currentCount = 27
debug +++ [int] repeatCount = 0
debug +++ [Boolean] running = true
debug +++ [int] delay = 120000
debug +++ [int] currentCount = 27
debug +++ [int] repeatCount = 0
debug ++ [int] eventPhase = 2
debug time 11:25:41.861 :: After HeartBeat Count=28 Result=5
debug time 11:27:41.694 :: Before HeartBeat Count=29 Time=Fri Apr 20 2012 11:27:41 GMT+0200 AccountId=29131007 Session=d4603a3a-d112-4658-b0c0-2209a6a1642a
debug ++ [Boolean] bubbles = false
debug ++ [Boolean] cancelable = false
debug ++ [String] type = timer
debug +++ [Boolean] running = true
debug +++ [int] delay = 120000
debug +++ [int] currentCount = 28
debug +++ [int] repeatCount = 0
debug +++ [Boolean] running = true
debug +++ [int] delay = 120000
debug +++ [int] currentCount = 28
debug +++ [int] repeatCount = 0
debug ++ [int] eventPhase = 2
debug time 11:27:41.863 :: After HeartBeat Count=29 Result=5
debug time 11:29:41.695 :: Before HeartBeat Count=30 Time=Fri Apr 20 2012 11:29:41 GMT+0200 AccountId=29131007 Session=d4603a3a-d112-4658-b0c0-2209a6a1642a
debug ++ [Boolean] bubbles = false
debug ++ [Boolean] cancelable = false
debug ++ [String] type = timer
debug +++ [Boolean] running = true
debug +++ [int] delay = 120000
debug +++ [int] currentCount = 29
debug +++ [int] repeatCount = 0
debug +++ [Boolean] running = true
debug +++ [int] delay = 120000
debug +++ [int] currentCount = 29
debug +++ [int] repeatCount = 0
debug ++ [int] eventPhase = 2
debug time 11:29:41.864 :: After HeartBeat Count=30 Result=5
debug time 11:31:41.696 :: Before HeartBeat Count=31 Time=Fri Apr 20 2012 11:31:41 GMT+0200 AccountId=29131007 Session=d4603a3a-d112-4658-b0c0-2209a6a1642a
debug ++ [Boolean] bubbles = false
debug ++ [Boolean] cancelable = false
debug ++ [String] type = timer
debug +++ [Boolean] running = true
debug +++ [int] delay = 120000
debug +++ [int] currentCount = 30
debug +++ [int] repeatCount = 0
debug +++ [Boolean] running = true
debug +++ [int] delay = 120000
debug +++ [int] currentCount = 30
debug +++ [int] repeatCount = 0
debug ++ [int] eventPhase = 2
debug time 11:31:41.865 :: After HeartBeat Count=31 Result=5
debug time 11:33:41.695 :: Before HeartBeat Count=32 Time=Fri Apr 20 2012 11:33:41 GMT+0200 AccountId=29131007 Session=d4603a3a-d112-4658-b0c0-2209a6a1642a
debug ++ [Boolean] bubbles = false
debug ++ [Boolean] cancelable = false
debug ++ [String] type = timer
debug +++ [Boolean] running = true
debug +++ [int] delay = 120000
debug +++ [int] currentCount = 31
debug +++ [int] repeatCount = 0
debug +++ [Boolean] running = true
debug +++ [int] delay = 120000
debug +++ [int] currentCount = 31
debug +++ [int] repeatCount = 0
debug ++ [int] eventPhase = 2
debug time 11:33:41.864 :: After HeartBeat Count=32 Result=5
debug time 11:35:41.697 :: Before HeartBeat Count=33 Time=Fri Apr 20 2012 11:35:41 GMT+0200 AccountId=29131007 Session=d4603a3a-d112-4658-b0c0-2209a6a1642a
debug ++ [Boolean] bubbles = false
debug ++ [Boolean] cancelable = false
debug ++ [String] type = timer
debug +++ [Boolean] running = true
debug +++ [int] delay = 120000
debug +++ [int] currentCount = 32
debug +++ [int] repeatCount = 0
debug +++ [Boolean] running = true
debug +++ [int] delay = 120000
debug +++ [int] currentCount = 32
debug +++ [int] repeatCount = 0
debug ++ [int] eventPhase = 2
debug time 11:35:41.867 :: After HeartBeat Count=33 Result=5
debug time 11:35:47.870 :: Performing heartbeat at Fri Apr 20 2012 11:35:47 GMT+0200
debug time 11:37:41.703 :: Before HeartBeat Count=34 Time=Fri Apr 20 2012 11:37:41 GMT+0200 AccountId=29131007 Session=d4603a3a-d112-4658-b0c0-2209a6a1642a
debug ++ [Boolean] bubbles = false
debug ++ [Boolean] cancelable = false
debug ++ [String] type = timer
debug +++ [Boolean] running = true
debug +++ [int] delay = 120000
debug +++ [int] currentCount = 33
debug +++ [int] repeatCount = 0
debug +++ [Boolean] running = true
debug +++ [int] delay = 120000
debug +++ [int] currentCount = 33
debug +++ [int] repeatCount = 0
debug ++ [int] eventPhase = 2
debug time 11:37:41.873 :: After HeartBeat Count=34 Result=5
debug time 11:39:41.718 :: Before HeartBeat Count=35 Time=Fri Apr 20 2012 11:39:41 GMT+0200 AccountId=29131007 Session=d4603a3a-d112-4658-b0c0-2209a6a1642a
debug ++ [Boolean] bubbles = false
debug ++ [Boolean] cancelable = false
debug ++ [String] type = timer
debug +++ [Boolean] running = true
debug +++ [int] delay = 120000
debug +++ [int] currentCount = 34
debug +++ [int] repeatCount = 0
debug +++ [Boolean] running = true
debug +++ [int] delay = 120000
debug +++ [int] currentCount = 34
debug +++ [int] repeatCount = 0
debug ++ [int] eventPhase = 2
debug time 11:39:41.891 :: After HeartBeat Count=35 Result=5
debug time 11:41:41.728 :: Before HeartBeat Count=36 Time=Fri Apr 20 2012 11:41:41 GMT+0200 AccountId=29131007 Session=d4603a3a-d112-4658-b0c0-2209a6a1642a
debug ++ [Boolean] bubbles = false
debug ++ [Boolean] cancelable = false
debug ++ [String] type = timer
debug +++ [Boolean] running = true
debug +++ [int] delay = 120000
debug +++ [int] currentCount = 35
debug +++ [int] repeatCount = 0
debug +++ [Boolean] running = true
debug +++ [int] delay = 120000
debug +++ [int] currentCount = 35
debug +++ [int] repeatCount = 0
debug ++ [int] eventPhase = 2
debug time 11:41:41.924 :: After HeartBeat Count=36 Result=5
debug time 11:43:42.21 :: Before HeartBeat Count=37 Time=Fri Apr 20 2012 11:43:42 GMT+0200 AccountId=29131007 Session=d4603a3a-d112-4658-b0c0-2209a6a1642a
debug ++ [Boolean] bubbles = false
debug ++ [Boolean] cancelable = false
debug ++ [String] type = timer
debug +++ [Boolean] running = true
debug +++ [int] delay = 120000
debug +++ [int] currentCount = 36
debug +++ [int] repeatCount = 0
debug +++ [Boolean] running = true
debug +++ [int] delay = 120000
debug +++ [int] currentCount = 36
debug +++ [int] repeatCount = 0
debug ++ [int] eventPhase = 2
debug time 11:43:42.190 :: After HeartBeat Count=37 Result=5
debug time 11:45:42.26 :: Before HeartBeat Count=38 Time=Fri Apr 20 2012 11:45:42 GMT+0200 AccountId=29131007 Session=d4603a3a-d112-4658-b0c0-2209a6a1642a
debug ++ [Boolean] bubbles = false
debug ++ [Boolean] cancelable = false
debug ++ [String] type = timer
debug +++ [Boolean] running = true
debug +++ [int] delay = 120000
debug +++ [int] currentCount = 37
debug +++ [int] repeatCount = 0
debug +++ [Boolean] running = true
debug +++ [int] delay = 120000
debug +++ [int] currentCount = 37
debug +++ [int] repeatCount = 0
debug ++ [int] eventPhase = 2
debug time 11:45:42.201 :: After HeartBeat Count=38 Result=5
debug time 11:47:43.21 :: Before HeartBeat Count=39 Time=Fri Apr 20 2012 11:47:43 GMT+0200 AccountId=29131007 Session=d4603a3a-d112-4658-b0c0-2209a6a1642a
debug ++ [Boolean] bubbles = false
debug ++ [Boolean] cancelable = false
debug ++ [String] type = timer
debug +++ [Boolean] running = true
debug +++ [int] delay = 120000
debug +++ [int] currentCount = 38
debug +++ [int] repeatCount = 0
debug +++ [Boolean] running = true
debug +++ [int] delay = 120000
debug +++ [int] currentCount = 38
debug +++ [int] repeatCount = 0
debug ++ [int] eventPhase = 2
debug time 11:47:43.189 :: After HeartBeat Count=39 Result=5
debug time 11:49:43.22 :: Before HeartBeat Count=40 Time=Fri Apr 20 2012 11:49:43 GMT+0200 AccountId=29131007 Session=d4603a3a-d112-4658-b0c0-2209a6a1642a
debug ++ [Boolean] bubbles = false
debug ++ [Boolean] cancelable = false
debug ++ [String] type = timer
debug +++ [Boolean] running = true
debug +++ [int] delay = 120000
debug +++ [int] currentCount = 39
debug +++ [int] repeatCount = 0
debug +++ [Boolean] running = true
debug +++ [int] delay = 120000
debug +++ [int] currentCount = 39
debug +++ [int] repeatCount = 0
debug ++ [int] eventPhase = 2
debug time 11:49:43.191 :: After HeartBeat Count=40 Result=5
debug time 11:51:43.24 :: Before HeartBeat Count=41 Time=Fri Apr 20 2012 11:51:43 GMT+0200 AccountId=29131007 Session=d4603a3a-d112-4658-b0c0-2209a6a1642a
debug ++ [Boolean] bubbles = false
debug ++ [Boolean] cancelable = false
debug ++ [String] type = timer
debug +++ [Boolean] running = true
debug +++ [int] delay = 120000
debug +++ [int] currentCount = 40
debug +++ [int] repeatCount = 0
debug +++ [Boolean] running = true
debug +++ [int] delay = 120000
debug +++ [int] currentCount = 40
debug +++ [int] repeatCount = 0
debug ++ [int] eventPhase = 2
debug time 11:51:43.193 :: After HeartBeat Count=41 Result=5
debug time 11:53:44.24 :: Before HeartBeat Count=42 Time=Fri Apr 20 2012 11:53:44 GMT+0200 AccountId=29131007 Session=d4603a3a-d112-4658-b0c0-2209a6a1642a
debug ++ [Boolean] bubbles = false
debug ++ [Boolean] cancelable = false
debug ++ [String] type = timer
debug +++ [Boolean] running = true
debug +++ [int] delay = 120000
debug +++ [int] currentCount = 41
debug +++ [int] repeatCount = 0
debug +++ [Boolean] running = true
debug +++ [int] delay = 120000
debug +++ [int] currentCount = 41
debug +++ [int] repeatCount = 0
debug ++ [int] eventPhase = 2
debug time 11:53:44.193 :: After HeartBeat Count=42 Result=5
debug time 11:55:45.26 :: Before HeartBeat Count=43 Time=Fri Apr 20 2012 11:55:45 GMT+0200 AccountId=29131007 Session=d4603a3a-d112-4658-b0c0-2209a6a1642a
debug ++ [Boolean] bubbles = false
debug ++ [Boolean] cancelable = false
debug ++ [String] type = timer
debug +++ [Boolean] running = true
debug +++ [int] delay = 120000
debug +++ [int] currentCount = 42
debug +++ [int] repeatCount = 0
debug +++ [Boolean] running = true
debug +++ [int] delay = 120000
debug +++ [int] currentCount = 42
debug +++ [int] repeatCount = 0
debug ++ [int] eventPhase = 2
debug time 11:55:45.194 :: After HeartBeat Count=43 Result=5
debug time 11:57:45.26 :: Before HeartBeat Count=44 Time=Fri Apr 20 2012 11:57:45 GMT+0200 AccountId=29131007 Session=d4603a3a-d112-4658-b0c0-2209a6a1642a
debug ++ [Boolean] bubbles = false
debug ++ [Boolean] cancelable = false
debug ++ [String] type = timer
debug +++ [Boolean] running = true
debug +++ [int] delay = 120000
debug +++ [int] currentCount = 43
debug +++ [int] repeatCount = 0
debug +++ [Boolean] running = true
debug +++ [int] delay = 120000
debug +++ [int] currentCount = 43
debug +++ [int] repeatCount = 0
debug ++ [int] eventPhase = 2
debug time 11:57:45.215 :: After HeartBeat Count=44 Result=5
debug time 11:59:46.26 :: Before HeartBeat Count=45 Time=Fri Apr 20 2012 11:59:46 GMT+0200 AccountId=29131007 Session=d4603a3a-d112-4658-b0c0-2209a6a1642a
debug ++ [Boolean] bubbles = false
debug ++ [Boolean] cancelable = false
debug ++ [String] type = timer
debug +++ [Boolean] running = true
debug +++ [int] delay = 120000
debug +++ [int] currentCount = 44
debug +++ [int] repeatCount = 0
debug +++ [Boolean] running = true
debug +++ [int] delay = 120000
debug +++ [int] currentCount = 44
debug +++ [int] repeatCount = 0
debug ++ [int] eventPhase = 2
debug time 11:59:46.194 :: After HeartBeat Count=45 Result=5
debug time 12:01:46.03 :: Before HeartBeat Count=46 Time=Fri Apr 20 2012 12:01:46 GMT+0200 AccountId=29131007 Session=d4603a3a-d112-4658-b0c0-2209a6a1642a
debug ++ [Boolean] bubbles = false
debug ++ [Boolean] cancelable = false
debug ++ [String] type = timer
debug +++ [Boolean] running = true
debug +++ [int] delay = 120000
debug +++ [int] currentCount = 45
debug +++ [int] repeatCount = 0
debug +++ [Boolean] running = true
debug +++ [int] delay = 120000
debug +++ [int] currentCount = 45
debug +++ [int] repeatCount = 0
debug ++ [int] eventPhase = 2
debug time 12:01:46.172 :: After HeartBeat Count=46 Result=5
debug time 12:03:47.04 :: Before HeartBeat Count=47 Time=Fri Apr 20 2012 12:03:47 GMT+0200 AccountId=29131007 Session=d4603a3a-d112-4658-b0c0-2209a6a1642a
debug ++ [Boolean] bubbles = false
debug ++ [Boolean] cancelable = false
debug ++ [String] type = timer
debug +++ [Boolean] running = true
debug +++ [int] delay = 120000
debug +++ [int] currentCount = 46
debug +++ [int] repeatCount = 0
debug +++ [Boolean] running = true
debug +++ [int] delay = 120000
debug +++ [int] currentCount = 46
debug +++ [int] repeatCount = 0
debug ++ [int] eventPhase = 2
debug time 12:03:47.173 :: After HeartBeat Count=47 Result=5
debug time 12:05:47.04 :: Before HeartBeat Count=48 Time=Fri Apr 20 2012 12:05:47 GMT+0200 AccountId=29131007 Session=d4603a3a-d112-4658-b0c0-2209a6a1642a
debug ++ [Boolean] bubbles = false
debug ++ [Boolean] cancelable = false
debug ++ [String] type = timer
debug +++ [Boolean] running = true
debug +++ [int] delay = 120000
debug +++ [int] currentCount = 47
debug +++ [int] repeatCount = 0
debug +++ [Boolean] running = true
debug +++ [int] delay = 120000
debug +++ [int] currentCount = 47
debug +++ [int] repeatCount = 0
debug ++ [int] eventPhase = 2
debug time 12:05:47.173 :: After HeartBeat Count=48 Result=5
debug time 12:07:47.05 :: Before HeartBeat Count=49 Time=Fri Apr 20 2012 12:07:47 GMT+0200 AccountId=29131007 Session=d4603a3a-d112-4658-b0c0-2209a6a1642a
debug ++ [Boolean] bubbles = false
debug ++ [Boolean] cancelable = false
debug ++ [String] type = timer
debug +++ [Boolean] running = true
debug +++ [int] delay = 120000
debug +++ [int] currentCount = 48
debug +++ [int] repeatCount = 0
debug +++ [Boolean] running = true
debug +++ [int] delay = 120000
debug +++ [int] currentCount = 48
debug +++ [int] repeatCount = 0
debug ++ [int] eventPhase = 2
debug time 12:07:47.174 :: After HeartBeat Count=49 Result=5
debug time 12:09:47.07 :: Before HeartBeat Count=50 Time=Fri Apr 20 2012 12:09:47 GMT+0200 AccountId=29131007 Session=d4603a3a-d112-4658-b0c0-2209a6a1642a
debug ++ [Boolean] bubbles = false
debug ++ [Boolean] cancelable = false
debug ++ [String] type = timer
debug +++ [Boolean] running = true
debug +++ [int] delay = 120000
debug +++ [int] currentCount = 49
debug +++ [int] repeatCount = 0
debug +++ [Boolean] running = true
debug +++ [int] delay = 120000
debug +++ [int] currentCount = 49
debug +++ [int] repeatCount = 0
debug ++ [int] eventPhase = 2
debug time 12:09:47.175 :: After HeartBeat Count=50 Result=5
debug time 12:11:47.09 :: Before HeartBeat Count=51 Time=Fri Apr 20 2012 12:11:47 GMT+0200 AccountId=29131007 Session=d4603a3a-d112-4658-b0c0-2209a6a1642a
debug ++ [Boolean] bubbles = false
debug ++ [Boolean] cancelable = false
debug ++ [String] type = timer
debug +++ [Boolean] running = true
debug +++ [int] delay = 120000
debug +++ [int] currentCount = 50
debug +++ [int] repeatCount = 0
debug +++ [Boolean] running = true
debug +++ [int] delay = 120000
debug +++ [int] currentCount = 50
debug +++ [int] repeatCount = 0
debug ++ [int] eventPhase = 2
debug time 12:11:47.177 :: After HeartBeat Count=51 Result=5
debug time 12:13:47.14 :: Before HeartBeat Count=52 Time=Fri Apr 20 2012 12:13:47 GMT+0200 AccountId=29131007 Session=d4603a3a-d112-4658-b0c0-2209a6a1642a
debug ++ [Boolean] bubbles = false
debug ++ [Boolean] cancelable = false
debug ++ [String] type = timer
debug +++ [Boolean] running = true
debug +++ [int] delay = 120000
debug +++ [int] currentCount = 51
debug +++ [int] repeatCount = 0
debug +++ [Boolean] running = true
debug +++ [int] delay = 120000
debug +++ [int] currentCount = 51
debug +++ [int] repeatCount = 0
debug ++ [int] eventPhase = 2
debug time 12:13:47.188 :: After HeartBeat Count=52 Result=5
debug time 12:15:47.16 :: Before HeartBeat Count=53 Time=Fri Apr 20 2012 12:15:47 GMT+0200 AccountId=29131007 Session=d4603a3a-d112-4658-b0c0-2209a6a1642a
debug ++ [Boolean] bubbles = false
debug ++ [Boolean] cancelable = false
debug ++ [String] type = timer
debug +++ [Boolean] running = true
debug +++ [int] delay = 120000
debug +++ [int] currentCount = 52
debug +++ [int] repeatCount = 0
debug +++ [Boolean] running = true
debug +++ [int] delay = 120000
debug +++ [int] currentCount = 52
debug +++ [int] repeatCount = 0
debug ++ [int] eventPhase = 2
debug time 12:15:47.190 :: After HeartBeat Count=53 Result=5
debug time 12:17:48.11 :: Before HeartBeat Count=54 Time=Fri Apr 20 2012 12:17:48 GMT+0200 AccountId=29131007 Session=d4603a3a-d112-4658-b0c0-2209a6a1642a
debug ++ [Boolean] bubbles = false
debug ++ [Boolean] cancelable = false
debug ++ [String] type = timer
debug +++ [Boolean] running = true
debug +++ [int] delay = 120000
debug +++ [int] currentCount = 53
debug +++ [int] repeatCount = 0
debug +++ [Boolean] running = true
debug +++ [int] delay = 120000
debug +++ [int] currentCount = 53
debug +++ [int] repeatCount = 0
debug ++ [int] eventPhase = 2
debug time 12:17:48.179 :: After HeartBeat Count=54 Result=5
debug time 12:19:31.712 :: Performing heartbeat at Fri Apr 20 2012 12:19:31 GMT+0200
debug time 12:19:48.29 :: Before HeartBeat Count=55 Time=Fri Apr 20 2012 12:19:48 GMT+0200 AccountId=29131007 Session=d4603a3a-d112-4658-b0c0-2209a6a1642a
debug ++ [Boolean] bubbles = false
debug ++ [Boolean] cancelable = false
debug ++ [String] type = timer
debug +++ [Boolean] running = true
debug +++ [int] delay = 120000
debug +++ [int] currentCount = 54
debug +++ [int] repeatCount = 0
debug +++ [Boolean] running = true
debug +++ [int] delay = 120000
debug +++ [int] currentCount = 54
debug +++ [int] repeatCount = 0
debug ++ [int] eventPhase = 2
debug time 12:19:48.211 :: After HeartBeat Count=55 Result=5
debug time 12:21:48.40 :: Before HeartBeat Count=56 Time=Fri Apr 20 2012 12:21:48 GMT+0200 AccountId=29131007 Session=d4603a3a-d112-4658-b0c0-2209a6a1642a
debug ++ [Boolean] bubbles = false
debug ++ [Boolean] cancelable = false
debug ++ [String] type = timer
debug +++ [Boolean] running = true
debug +++ [int] delay = 120000
debug +++ [int] currentCount = 55
debug +++ [int] repeatCount = 0
debug +++ [Boolean] running = true
debug +++ [int] delay = 120000
debug +++ [int] currentCount = 55
debug +++ [int] repeatCount = 0
debug ++ [int] eventPhase = 2
debug time 12:21:48.336 :: After HeartBeat Count=56 Result=5
debug time 12:23:48.693 :: Before HeartBeat Count=57 Time=Fri Apr 20 2012 12:23:48 GMT+0200 AccountId=29131007 Session=d4603a3a-d112-4658-b0c0-2209a6a1642a
debug ++ [Boolean] bubbles = false
debug ++ [Boolean] cancelable = false
debug ++ [String] type = timer
debug +++ [Boolean] running = true
debug +++ [int] delay = 120000
debug +++ [int] currentCount = 56
debug +++ [int] repeatCount = 0
debug +++ [Boolean] running = true
debug +++ [int] delay = 120000
debug +++ [int] currentCount = 56
debug +++ [int] repeatCount = 0
debug ++ [int] eventPhase = 2
debug time 12:23:48.867 :: After HeartBeat Count=57 Result=5
debug time 12:25:49.693 :: Before HeartBeat Count=58 Time=Fri Apr 20 2012 12:25:49 GMT+0200 AccountId=29131007 Session=d4603a3a-d112-4658-b0c0-2209a6a1642a
debug ++ [Boolean] bubbles = false
debug ++ [Boolean] cancelable = false
debug ++ [String] type = timer
debug +++ [Boolean] running = true
debug +++ [int] delay = 120000
debug +++ [int] currentCount = 57
debug +++ [int] repeatCount = 0
debug +++ [Boolean] running = true
debug +++ [int] delay = 120000
debug +++ [int] currentCount = 57
debug +++ [int] repeatCount = 0
debug ++ [int] eventPhase = 2
debug time 12:25:49.873 :: After HeartBeat Count=58 Result=5
debug time 12:27:49.694 :: Before HeartBeat Count=59 Time=Fri Apr 20 2012 12:27:49 GMT+0200 AccountId=29131007 Session=d4603a3a-d112-4658-b0c0-2209a6a1642a
debug ++ [Boolean] bubbles = false
debug ++ [Boolean] cancelable = false
debug ++ [String] type = timer
debug +++ [Boolean] running = true
debug +++ [int] delay = 120000
debug +++ [int] currentCount = 58
debug +++ [int] repeatCount = 0
debug +++ [Boolean] running = true
debug +++ [int] delay = 120000
debug +++ [int] currentCount = 58
debug +++ [int] repeatCount = 0
debug ++ [int] eventPhase = 2
debug time 12:27:49.868 :: After HeartBeat Count=59 Result=5
debug time 12:29:49.699 :: Before HeartBeat Count=60 Time=Fri Apr 20 2012 12:29:49 GMT+0200 AccountId=29131007 Session=d4603a3a-d112-4658-b0c0-2209a6a1642a
debug ++ [Boolean] bubbles = false
debug ++ [Boolean] cancelable = false
debug ++ [String] type = timer
debug +++ [Boolean] running = true
debug +++ [int] delay = 120000
debug +++ [int] currentCount = 59
debug +++ [int] repeatCount = 0
debug +++ [Boolean] running = true
debug +++ [int] delay = 120000
debug +++ [int] currentCount = 59
debug +++ [int] repeatCount = 0
debug ++ [int] eventPhase = 2
debug time 12:29:49.875 :: After HeartBeat Count=60 Result=5
debug time 12:31:50.697 :: Before HeartBeat Count=61 Time=Fri Apr 20 2012 12:31:50 GMT+0200 AccountId=29131007 Session=d4603a3a-d112-4658-b0c0-2209a6a1642a
debug ++ [Boolean] bubbles = false
debug ++ [Boolean] cancelable = false
debug ++ [String] type = timer
debug +++ [Boolean] running = true
debug +++ [int] delay = 120000
debug +++ [int] currentCount = 60
debug +++ [int] repeatCount = 0
debug +++ [Boolean] running = true
debug +++ [int] delay = 120000
debug +++ [int] currentCount = 60
debug +++ [int] repeatCount = 0
debug ++ [int] eventPhase = 2
debug time 12:31:50.873 :: After HeartBeat Count=61 Result=5
debug time 12:33:51.698 :: Before HeartBeat Count=62 Time=Fri Apr 20 2012 12:33:51 GMT+0200 AccountId=29131007 Session=d4603a3a-d112-4658-b0c0-2209a6a1642a
debug ++ [Boolean] bubbles = false
debug ++ [Boolean] cancelable = false
debug ++ [String] type = timer
debug +++ [Boolean] running = true
debug +++ [int] delay = 120000
debug +++ [int] currentCount = 61
debug +++ [int] repeatCount = 0
debug +++ [Boolean] running = true
debug +++ [int] delay = 120000
debug +++ [int] currentCount = 61
debug +++ [int] repeatCount = 0
debug ++ [int] eventPhase = 2
debug time 12:33:51.872 :: After HeartBeat Count=62 Result=5
debug time 12:35:52.702 :: Before HeartBeat Count=63 Time=Fri Apr 20 2012 12:35:52 GMT+0200 AccountId=29131007 Session=d4603a3a-d112-4658-b0c0-2209a6a1642a
debug ++ [Boolean] bubbles = false
debug ++ [Boolean] cancelable = false
debug ++ [String] type = timer
debug +++ [Boolean] running = true
debug +++ [int] delay = 120000
debug +++ [int] currentCount = 62
debug +++ [int] repeatCount = 0
debug +++ [Boolean] running = true
debug +++ [int] delay = 120000
debug +++ [int] currentCount = 62
debug +++ [int] repeatCount = 0
debug ++ [int] eventPhase = 2
debug time 12:35:52.877 :: After HeartBeat Count=63 Result=5
debug time 12:37:53.693 :: Before HeartBeat Count=64 Time=Fri Apr 20 2012 12:37:53 GMT+0200 AccountId=29131007 Session=d4603a3a-d112-4658-b0c0-2209a6a1642a
debug ++ [Boolean] bubbles = false
debug ++ [Boolean] cancelable = false
debug ++ [String] type = timer
debug +++ [Boolean] running = true
debug +++ [int] delay = 120000
debug +++ [int] currentCount = 63
debug +++ [int] repeatCount = 0
debug +++ [Boolean] running = true
debug +++ [int] delay = 120000
debug +++ [int] currentCount = 63
debug +++ [int] repeatCount = 0
debug ++ [int] eventPhase = 2
debug time 12:37:53.862 :: After HeartBeat Count=64 Result=5
debug time 12:39:53.695 :: Before HeartBeat Count=65 Time=Fri Apr 20 2012 12:39:53 GMT+0200 AccountId=29131007 Session=d4603a3a-d112-4658-b0c0-2209a6a1642a
debug ++ [Boolean] bubbles = false
debug ++ [Boolean] cancelable = false
debug ++ [String] type = timer
debug +++ [Boolean] running = true
debug +++ [int] delay = 120000
debug +++ [int] currentCount = 64
debug +++ [int] repeatCount = 0
debug +++ [Boolean] running = true
debug +++ [int] delay = 120000
debug +++ [int] currentCount = 64
debug +++ [int] repeatCount = 0
debug ++ [int] eventPhase = 2
debug time 12:39:53.864 :: After HeartBeat Count=65 Result=5
debug time 12:41:53.697 :: Before HeartBeat Count=66 Time=Fri Apr 20 2012 12:41:53 GMT+0200 AccountId=29131007 Session=d4603a3a-d112-4658-b0c0-2209a6a1642a
debug ++ [Boolean] bubbles = false
debug ++ [Boolean] cancelable = false
debug ++ [String] type = timer
debug +++ [Boolean] running = true
debug +++ [int] delay = 120000
debug +++ [int] currentCount = 65
debug +++ [int] repeatCount = 0
debug +++ [Boolean] running = true
debug +++ [int] delay = 120000
debug +++ [int] currentCount = 65
debug +++ [int] repeatCount = 0
debug ++ [int] eventPhase = 2
debug time 12:41:53.866 :: After HeartBeat Count=66 Result=5
debug time 12:43:54.698 :: Before HeartBeat Count=67 Time=Fri Apr 20 2012 12:43:54 GMT+0200 AccountId=29131007 Session=d4603a3a-d112-4658-b0c0-2209a6a1642a
debug ++ [Boolean] bubbles = false
debug ++ [Boolean] cancelable = false
debug ++ [String] type = timer
debug +++ [Boolean] running = true
debug +++ [int] delay = 120000
debug +++ [int] currentCount = 66
debug +++ [int] repeatCount = 0
debug +++ [Boolean] running = true
debug +++ [int] delay = 120000
debug +++ [int] currentCount = 66
debug +++ [int] repeatCount = 0
debug ++ [int] eventPhase = 2
debug time 12:43:54.866 :: After HeartBeat Count=67 Result=5
debug time 12:45:55.698 :: Before HeartBeat Count=68 Time=Fri Apr 20 2012 12:45:55 GMT+0200 AccountId=29131007 Session=d4603a3a-d112-4658-b0c0-2209a6a1642a
debug ++ [Boolean] bubbles = false
debug ++ [Boolean] cancelable = false
debug ++ [String] type = timer
debug +++ [Boolean] running = true
debug +++ [int] delay = 120000
debug +++ [int] currentCount = 67
debug +++ [int] repeatCount = 0
debug +++ [Boolean] running = true
debug +++ [int] delay = 120000
debug +++ [int] currentCount = 67
debug +++ [int] repeatCount = 0
debug ++ [int] eventPhase = 2
debug time 12:45:55.866 :: After HeartBeat Count=68 Result=5
debug time 12:47:55.699 :: Before HeartBeat Count=69 Time=Fri Apr 20 2012 12:47:55 GMT+0200 AccountId=29131007 Session=d4603a3a-d112-4658-b0c0-2209a6a1642a
debug ++ [Boolean] bubbles = false
debug ++ [Boolean] cancelable = false
debug ++ [String] type = timer
debug +++ [Boolean] running = true
debug +++ [int] delay = 120000
debug +++ [int] currentCount = 68
debug +++ [int] repeatCount = 0
debug +++ [Boolean] running = true
debug +++ [int] delay = 120000
debug +++ [int] currentCount = 68
debug +++ [int] repeatCount = 0
debug ++ [int] eventPhase = 2
debug time 12:47:55.868 :: After HeartBeat Count=69 Result=5
debug time 12:49:55.700 :: Before HeartBeat Count=70 Time=Fri Apr 20 2012 12:49:55 GMT+0200 AccountId=29131007 Session=d4603a3a-d112-4658-b0c0-2209a6a1642a
debug ++ [Boolean] bubbles = false
debug ++ [Boolean] cancelable = false
debug ++ [String] type = timer
debug +++ [Boolean] running = true
debug +++ [int] delay = 120000
debug +++ [int] currentCount = 69
debug +++ [int] repeatCount = 0
debug +++ [Boolean] running = true
debug +++ [int] delay = 120000
debug +++ [int] currentCount = 69
debug +++ [int] repeatCount = 0
debug ++ [int] eventPhase = 2
debug time 12:49:55.870 :: After HeartBeat Count=70 Result=5
debug time 12:51:56.701 :: Before HeartBeat Count=71 Time=Fri Apr 20 2012 12:51:56 GMT+0200 AccountId=29131007 Session=d4603a3a-d112-4658-b0c0-2209a6a1642a
debug ++ [Boolean] bubbles = false
debug ++ [Boolean] cancelable = false
debug ++ [String] type = timer
debug +++ [Boolean] running = true
debug +++ [int] delay = 120000
debug +++ [int] currentCount = 70
debug +++ [int] repeatCount = 0
debug +++ [Boolean] running = true
debug +++ [int] delay = 120000
debug +++ [int] currentCount = 70
debug +++ [int] repeatCount = 0
debug ++ [int] eventPhase = 2
debug time 12:51:56.869 :: After HeartBeat Count=71 Result=5
debug time 12:53:56.702 :: Before HeartBeat Count=72 Time=Fri Apr 20 2012 12:53:56 GMT+0200 AccountId=29131007 Session=d4603a3a-d112-4658-b0c0-2209a6a1642a
debug ++ [Boolean] bubbles = false
debug ++ [Boolean] cancelable = false
debug ++ [String] type = timer
debug +++ [Boolean] running = true
debug +++ [int] delay = 120000
debug +++ [int] currentCount = 71
debug +++ [int] repeatCount = 0
debug +++ [Boolean] running = true
debug +++ [int] delay = 120000
debug +++ [int] currentCount = 71
debug +++ [int] repeatCount = 0
debug ++ [int] eventPhase = 2
debug time 12:53:56.871 :: After HeartBeat Count=72 Result=5
debug time 12:55:56.701 :: Before HeartBeat Count=73 Time=Fri Apr 20 2012 12:55:56 GMT+0200 AccountId=29131007 Session=d4603a3a-d112-4658-b0c0-2209a6a1642a
debug ++ [Boolean] bubbles = false
debug ++ [Boolean] cancelable = false
debug ++ [String] type = timer
debug +++ [Boolean] running = true
debug +++ [int] delay = 120000
debug +++ [int] currentCount = 72
debug +++ [int] repeatCount = 0
debug +++ [Boolean] running = true
debug +++ [int] delay = 120000
debug +++ [int] currentCount = 72
debug +++ [int] repeatCount = 0
debug ++ [int] eventPhase = 2
debug time 12:55:56.870 :: After HeartBeat Count=73 Result=5
debug time 12:57:56.703 :: Before HeartBeat Count=74 Time=Fri Apr 20 2012 12:57:56 GMT+0200 AccountId=29131007 Session=d4603a3a-d112-4658-b0c0-2209a6a1642a
debug ++ [Boolean] bubbles = false
debug ++ [Boolean] cancelable = false
debug ++ [String] type = timer
debug +++ [Boolean] running = true
debug +++ [int] delay = 120000
debug +++ [int] currentCount = 73
debug +++ [int] repeatCount = 0
debug +++ [Boolean] running = true
debug +++ [int] delay = 120000
debug +++ [int] currentCount = 73
debug +++ [int] repeatCount = 0
debug ++ [int] eventPhase = 2
debug time 12:57:56.872 :: After HeartBeat Count=74 Result=5
debug time 12:58:58.141 :: Performing heartbeat at Fri Apr 20 2012 12:58:58 GMT+0200
