debug time 16:44:27.546 :: Before HeartBeat Count=1 Time=Thu Apr 5 2012 16:44:27 GMT+0200 AccountId=29131007 Session=ceaacd5b-b4cc-49db-886a-db9b5a50691d
STOP LOGGING: More than 0 nested objects or properties. 
debug time 16:44:28.66 :: After HeartBeat Count=1 Result=5
debug time 16:46:27.617 :: Before HeartBeat Count=2 Time=Thu Apr 5 2012 16:46:27 GMT+0200 AccountId=29131007 Session=ceaacd5b-b4cc-49db-886a-db9b5a50691d
debug ++ [int] eventPhase = 2
debug ++ [Boolean] bubbles = false
debug ++ [Boolean] cancelable = false
debug ++ [String] type = timer
debug +++ [int] repeatCount = 0
debug +++ [int] currentCount = 1
debug +++ [Boolean] running = true
debug +++ [int] delay = 120000
debug +++ [int] repeatCount = 0
debug +++ [int] currentCount = 1
debug +++ [Boolean] running = true
debug +++ [int] delay = 120000
debug time 16:46:27.826 :: After HeartBeat Count=2 Result=5
debug time 16:48:27.889 :: Before HeartBeat Count=3 Time=Thu Apr 5 2012 16:48:27 GMT+0200 AccountId=29131007 Session=ceaacd5b-b4cc-49db-886a-db9b5a50691d
debug ++ [int] eventPhase = 2
debug ++ [Boolean] bubbles = false
debug ++ [Boolean] cancelable = false
debug ++ [String] type = timer
debug +++ [int] repeatCount = 0
debug +++ [int] currentCount = 2
debug +++ [Boolean] running = true
debug +++ [int] delay = 120000
debug +++ [int] repeatCount = 0
debug +++ [int] currentCount = 2
debug +++ [Boolean] running = true
debug +++ [int] delay = 120000
debug time 16:48:28.76 :: After HeartBeat Count=3 Result=5
debug time 16:50:27.891 :: Before HeartBeat Count=4 Time=Thu Apr 5 2012 16:50:27 GMT+0200 AccountId=29131007 Session=ceaacd5b-b4cc-49db-886a-db9b5a50691d
debug ++ [int] eventPhase = 2
debug ++ [Boolean] bubbles = false
debug ++ [Boolean] cancelable = false
debug ++ [String] type = timer
debug +++ [int] repeatCount = 0
debug +++ [int] currentCount = 3
debug +++ [Boolean] running = true
debug +++ [int] delay = 120000
debug +++ [int] repeatCount = 0
debug +++ [int] currentCount = 3
debug +++ [Boolean] running = true
debug +++ [int] delay = 120000
debug time 16:50:28.80 :: After HeartBeat Count=4 Result=5
debug time 16:52:28.890 :: Before HeartBeat Count=5 Time=Thu Apr 5 2012 16:52:28 GMT+0200 AccountId=29131007 Session=ceaacd5b-b4cc-49db-886a-db9b5a50691d
debug ++ [int] eventPhase = 2
debug ++ [Boolean] bubbles = false
debug ++ [Boolean] cancelable = false
debug ++ [String] type = timer
debug +++ [int] repeatCount = 0
debug +++ [int] currentCount = 4
debug +++ [Boolean] running = true
debug +++ [int] delay = 120000
debug +++ [int] repeatCount = 0
debug +++ [int] currentCount = 4
debug +++ [Boolean] running = true
debug +++ [int] delay = 120000
debug time 16:52:29.78 :: After HeartBeat Count=5 Result=5
debug time 16:54:28.890 :: Before HeartBeat Count=6 Time=Thu Apr 5 2012 16:54:28 GMT+0200 AccountId=29131007 Session=ceaacd5b-b4cc-49db-886a-db9b5a50691d
debug ++ [int] eventPhase = 2
debug ++ [Boolean] bubbles = false
debug ++ [Boolean] cancelable = false
debug ++ [String] type = timer
debug +++ [int] repeatCount = 0
debug +++ [int] currentCount = 5
debug +++ [Boolean] running = true
debug +++ [int] delay = 120000
debug +++ [int] repeatCount = 0
debug +++ [int] currentCount = 5
debug +++ [Boolean] running = true
debug +++ [int] delay = 120000
debug time 16:54:29.77 :: After HeartBeat Count=6 Result=5
debug time 16:56:29.890 :: Before HeartBeat Count=7 Time=Thu Apr 5 2012 16:56:29 GMT+0200 AccountId=29131007 Session=ceaacd5b-b4cc-49db-886a-db9b5a50691d
debug ++ [int] eventPhase = 2
debug ++ [Boolean] bubbles = false
debug ++ [Boolean] cancelable = false
debug ++ [String] type = timer
debug +++ [int] repeatCount = 0
debug +++ [int] currentCount = 6
debug +++ [Boolean] running = true
debug +++ [int] delay = 120000
debug +++ [int] repeatCount = 0
debug +++ [int] currentCount = 6
debug +++ [Boolean] running = true
debug +++ [int] delay = 120000
debug time 16:56:30.78 :: After HeartBeat Count=7 Result=5
debug time 16:58:29.890 :: Before HeartBeat Count=8 Time=Thu Apr 5 2012 16:58:29 GMT+0200 AccountId=29131007 Session=ceaacd5b-b4cc-49db-886a-db9b5a50691d
debug ++ [int] eventPhase = 2
debug ++ [Boolean] bubbles = false
debug ++ [Boolean] cancelable = false
debug ++ [String] type = timer
debug +++ [int] repeatCount = 0
debug +++ [int] currentCount = 7
debug +++ [Boolean] running = true
debug +++ [int] delay = 120000
debug +++ [int] repeatCount = 0
debug +++ [int] currentCount = 7
debug +++ [Boolean] running = true
debug +++ [int] delay = 120000
debug time 16:58:30.79 :: After HeartBeat Count=8 Result=5
debug time 17:00:29.893 :: Before HeartBeat Count=9 Time=Thu Apr 5 2012 17:00:29 GMT+0200 AccountId=29131007 Session=ceaacd5b-b4cc-49db-886a-db9b5a50691d
debug ++ [int] eventPhase = 2
debug ++ [Boolean] bubbles = false
debug ++ [Boolean] cancelable = false
debug ++ [String] type = timer
debug +++ [int] repeatCount = 0
debug +++ [int] currentCount = 8
debug +++ [Boolean] running = true
debug +++ [int] delay = 120000
debug +++ [int] repeatCount = 0
debug +++ [int] currentCount = 8
debug +++ [Boolean] running = true
debug +++ [int] delay = 120000
debug time 17:00:30.82 :: After HeartBeat Count=9 Result=5
debug time 17:02:29.909 :: Before HeartBeat Count=10 Time=Thu Apr 5 2012 17:02:29 GMT+0200 AccountId=29131007 Session=ceaacd5b-b4cc-49db-886a-db9b5a50691d
debug ++ [int] eventPhase = 2
debug ++ [Boolean] bubbles = false
debug ++ [Boolean] cancelable = false
debug ++ [String] type = timer
debug +++ [int] repeatCount = 0
debug +++ [int] currentCount = 9
debug +++ [Boolean] running = true
debug +++ [int] delay = 120000
debug +++ [int] repeatCount = 0
debug +++ [int] currentCount = 9
debug +++ [Boolean] running = true
debug +++ [int] delay = 120000
debug time 17:02:30.96 :: After HeartBeat Count=10 Result=5
debug time 17:04:30.914 :: Before HeartBeat Count=11 Time=Thu Apr 5 2012 17:04:30 GMT+0200 AccountId=29131007 Session=ceaacd5b-b4cc-49db-886a-db9b5a50691d
debug ++ [int] eventPhase = 2
debug ++ [Boolean] bubbles = false
debug ++ [Boolean] cancelable = false
debug ++ [String] type = timer
debug +++ [int] repeatCount = 0
debug +++ [int] currentCount = 10
debug +++ [Boolean] running = true
debug +++ [int] delay = 120000
debug +++ [int] repeatCount = 0
debug +++ [int] currentCount = 10
debug +++ [Boolean] running = true
debug +++ [int] delay = 120000
debug time 17:04:31.102 :: After HeartBeat Count=11 Result=5
debug time 17:06:31.889 :: Before HeartBeat Count=12 Time=Thu Apr 5 2012 17:06:31 GMT+0200 AccountId=29131007 Session=ceaacd5b-b4cc-49db-886a-db9b5a50691d
debug ++ [int] eventPhase = 2
debug ++ [Boolean] bubbles = false
debug ++ [Boolean] cancelable = false
debug ++ [String] type = timer
debug +++ [int] repeatCount = 0
debug +++ [int] currentCount = 11
debug +++ [Boolean] running = true
debug +++ [int] delay = 120000
debug +++ [int] repeatCount = 0
debug +++ [int] currentCount = 11
debug +++ [Boolean] running = true
debug +++ [int] delay = 120000
debug time 17:06:32.78 :: After HeartBeat Count=12 Result=5
debug time 17:08:31.889 :: Before HeartBeat Count=13 Time=Thu Apr 5 2012 17:08:31 GMT+0200 AccountId=29131007 Session=ceaacd5b-b4cc-49db-886a-db9b5a50691d
debug ++ [int] eventPhase = 2
debug ++ [Boolean] bubbles = false
debug ++ [Boolean] cancelable = false
debug ++ [String] type = timer
debug +++ [int] repeatCount = 0
debug +++ [int] currentCount = 12
debug +++ [Boolean] running = true
debug +++ [int] delay = 120000
debug +++ [int] repeatCount = 0
debug +++ [int] currentCount = 12
debug +++ [Boolean] running = true
debug +++ [int] delay = 120000
debug time 17:08:32.77 :: After HeartBeat Count=13 Result=5
debug time 17:10:31.890 :: Before HeartBeat Count=14 Time=Thu Apr 5 2012 17:10:31 GMT+0200 AccountId=29131007 Session=ceaacd5b-b4cc-49db-886a-db9b5a50691d
debug ++ [int] eventPhase = 2
debug ++ [Boolean] bubbles = false
debug ++ [Boolean] cancelable = false
debug ++ [String] type = timer
debug +++ [int] repeatCount = 0
debug +++ [int] currentCount = 13
debug +++ [Boolean] running = true
debug +++ [int] delay = 120000
debug +++ [int] repeatCount = 0
debug +++ [int] currentCount = 13
debug +++ [Boolean] running = true
debug +++ [int] delay = 120000
debug time 17:10:32.78 :: After HeartBeat Count=14 Result=5
debug time 17:12:32.915 :: Before HeartBeat Count=15 Time=Thu Apr 5 2012 17:12:32 GMT+0200 AccountId=29131007 Session=ceaacd5b-b4cc-49db-886a-db9b5a50691d
debug ++ [int] eventPhase = 2
debug ++ [Boolean] bubbles = false
debug ++ [Boolean] cancelable = false
debug ++ [String] type = timer
debug +++ [int] repeatCount = 0
debug +++ [int] currentCount = 14
debug +++ [Boolean] running = true
debug +++ [int] delay = 120000
debug +++ [int] repeatCount = 0
debug +++ [int] currentCount = 14
debug +++ [Boolean] running = true
debug +++ [int] delay = 120000
debug time 17:12:33.132 :: After HeartBeat Count=15 Result=5
debug time 17:14:32.915 :: Before HeartBeat Count=16 Time=Thu Apr 5 2012 17:14:32 GMT+0200 AccountId=29131007 Session=ceaacd5b-b4cc-49db-886a-db9b5a50691d
debug ++ [int] eventPhase = 2
debug ++ [Boolean] bubbles = false
debug ++ [Boolean] cancelable = false
debug ++ [String] type = timer
debug +++ [int] repeatCount = 0
debug +++ [int] currentCount = 15
debug +++ [Boolean] running = true
debug +++ [int] delay = 120000
debug +++ [int] repeatCount = 0
debug +++ [int] currentCount = 15
debug +++ [Boolean] running = true
debug +++ [int] delay = 120000
debug time 17:14:33.128 :: After HeartBeat Count=16 Result=5
debug time 17:16:33.910 :: Before HeartBeat Count=17 Time=Thu Apr 5 2012 17:16:33 GMT+0200 AccountId=29131007 Session=ceaacd5b-b4cc-49db-886a-db9b5a50691d
debug ++ [int] eventPhase = 2
debug ++ [Boolean] bubbles = false
debug ++ [Boolean] cancelable = false
debug ++ [String] type = timer
debug +++ [int] repeatCount = 0
debug +++ [int] currentCount = 16
debug +++ [Boolean] running = true
debug +++ [int] delay = 120000
debug +++ [int] repeatCount = 0
debug +++ [int] currentCount = 16
debug +++ [Boolean] running = true
debug +++ [int] delay = 120000
debug time 17:16:34.122 :: After HeartBeat Count=17 Result=5
debug time 17:18:33.915 :: Before HeartBeat Count=18 Time=Thu Apr 5 2012 17:18:33 GMT+0200 AccountId=29131007 Session=ceaacd5b-b4cc-49db-886a-db9b5a50691d
debug ++ [int] eventPhase = 2
debug ++ [Boolean] bubbles = false
debug ++ [Boolean] cancelable = false
debug ++ [String] type = timer
debug +++ [int] repeatCount = 0
debug +++ [int] currentCount = 17
debug +++ [Boolean] running = true
debug +++ [int] delay = 120000
debug +++ [int] repeatCount = 0
debug +++ [int] currentCount = 17
debug +++ [Boolean] running = true
debug +++ [int] delay = 120000
debug time 17:18:34.127 :: After HeartBeat Count=18 Result=5
debug time 17:20:34.909 :: Before HeartBeat Count=19 Time=Thu Apr 5 2012 17:20:34 GMT+0200 AccountId=29131007 Session=ceaacd5b-b4cc-49db-886a-db9b5a50691d
debug ++ [int] eventPhase = 2
debug ++ [Boolean] bubbles = false
debug ++ [Boolean] cancelable = false
debug ++ [String] type = timer
debug +++ [int] repeatCount = 0
debug +++ [int] currentCount = 18
debug +++ [Boolean] running = true
debug +++ [int] delay = 120000
debug +++ [int] repeatCount = 0
debug +++ [int] currentCount = 18
debug +++ [Boolean] running = true
debug +++ [int] delay = 120000
debug time 17:20:35.104 :: After HeartBeat Count=19 Result=5
debug time 17:22:35.889 :: Before HeartBeat Count=20 Time=Thu Apr 5 2012 17:22:35 GMT+0200 AccountId=29131007 Session=ceaacd5b-b4cc-49db-886a-db9b5a50691d
debug ++ [int] eventPhase = 2
debug ++ [Boolean] bubbles = false
debug ++ [Boolean] cancelable = false
debug ++ [String] type = timer
debug +++ [int] repeatCount = 0
debug +++ [int] currentCount = 19
debug +++ [Boolean] running = true
debug +++ [int] delay = 120000
debug +++ [int] repeatCount = 0
debug +++ [int] currentCount = 19
debug +++ [Boolean] running = true
debug +++ [int] delay = 120000
debug time 17:22:36.76 :: After HeartBeat Count=20 Result=5
debug time 17:24:35.889 :: Before HeartBeat Count=21 Time=Thu Apr 5 2012 17:24:35 GMT+0200 AccountId=29131007 Session=ceaacd5b-b4cc-49db-886a-db9b5a50691d
debug ++ [int] eventPhase = 2
debug ++ [Boolean] bubbles = false
debug ++ [Boolean] cancelable = false
debug ++ [String] type = timer
debug +++ [int] repeatCount = 0
debug +++ [int] currentCount = 20
debug +++ [Boolean] running = true
debug +++ [int] delay = 120000
debug +++ [int] repeatCount = 0
debug +++ [int] currentCount = 20
debug +++ [Boolean] running = true
debug +++ [int] delay = 120000
debug time 17:24:36.76 :: After HeartBeat Count=21 Result=5
debug time 17:26:35.889 :: Before HeartBeat Count=22 Time=Thu Apr 5 2012 17:26:35 GMT+0200 AccountId=29131007 Session=ceaacd5b-b4cc-49db-886a-db9b5a50691d
debug ++ [int] eventPhase = 2
debug ++ [Boolean] bubbles = false
debug ++ [Boolean] cancelable = false
debug ++ [String] type = timer
debug +++ [int] repeatCount = 0
debug +++ [int] currentCount = 21
debug +++ [Boolean] running = true
debug +++ [int] delay = 120000
debug +++ [int] repeatCount = 0
debug +++ [int] currentCount = 21
debug +++ [Boolean] running = true
debug +++ [int] delay = 120000
debug time 17:26:36.77 :: After HeartBeat Count=22 Result=5
debug time 17:28:15.744 :: Performing heartbeat at Thu Apr 5 2012 17:28:15 GMT+0200
debug time 17:28:35.919 :: Before HeartBeat Count=23 Time=Thu Apr 5 2012 17:28:35 GMT+0200 AccountId=29131007 Session=ceaacd5b-b4cc-49db-886a-db9b5a50691d
debug ++ [int] eventPhase = 2
debug ++ [Boolean] bubbles = false
debug ++ [Boolean] cancelable = false
debug ++ [String] type = timer
debug +++ [int] repeatCount = 0
debug +++ [int] currentCount = 22
debug +++ [Boolean] running = true
debug +++ [int] delay = 120000
debug +++ [int] repeatCount = 0
debug +++ [int] currentCount = 22
debug +++ [Boolean] running = true
debug +++ [int] delay = 120000
debug time 17:28:36.132 :: After HeartBeat Count=23 Result=5
debug time 17:30:36.26 :: Before HeartBeat Count=24 Time=Thu Apr 5 2012 17:30:36 GMT+0200 AccountId=29131007 Session=ceaacd5b-b4cc-49db-886a-db9b5a50691d
debug ++ [int] eventPhase = 2
debug ++ [Boolean] bubbles = false
debug ++ [Boolean] cancelable = false
debug ++ [String] type = timer
debug +++ [int] repeatCount = 0
debug +++ [int] currentCount = 23
debug +++ [Boolean] running = true
debug +++ [int] delay = 120000
debug +++ [int] repeatCount = 0
debug +++ [int] currentCount = 23
debug +++ [Boolean] running = true
debug +++ [int] delay = 120000
debug time 17:30:36.214 :: After HeartBeat Count=24 Result=5
debug time 17:32:36.224 :: Before HeartBeat Count=25 Time=Thu Apr 5 2012 17:32:36 GMT+0200 AccountId=29131007 Session=ceaacd5b-b4cc-49db-886a-db9b5a50691d
debug ++ [int] eventPhase = 2
debug ++ [Boolean] bubbles = false
debug ++ [Boolean] cancelable = false
debug ++ [String] type = timer
debug +++ [int] repeatCount = 0
debug +++ [int] currentCount = 24
debug +++ [Boolean] running = true
debug +++ [int] delay = 120000
debug +++ [int] repeatCount = 0
debug +++ [int] currentCount = 24
debug +++ [Boolean] running = true
debug +++ [int] delay = 120000
debug time 17:32:36.412 :: After HeartBeat Count=25 Result=5
debug time 17:34:36.225 :: Before HeartBeat Count=26 Time=Thu Apr 5 2012 17:34:36 GMT+0200 AccountId=29131007 Session=ceaacd5b-b4cc-49db-886a-db9b5a50691d
debug ++ [int] eventPhase = 2
debug ++ [Boolean] bubbles = false
debug ++ [Boolean] cancelable = false
debug ++ [String] type = timer
debug +++ [int] repeatCount = 0
debug +++ [int] currentCount = 25
debug +++ [Boolean] running = true
debug +++ [int] delay = 120000
debug +++ [int] repeatCount = 0
debug +++ [int] currentCount = 25
debug +++ [Boolean] running = true
debug +++ [int] delay = 120000
debug time 17:34:36.409 :: After HeartBeat Count=26 Result=5
debug time 17:36:36.225 :: Before HeartBeat Count=27 Time=Thu Apr 5 2012 17:36:36 GMT+0200 AccountId=29131007 Session=ceaacd5b-b4cc-49db-886a-db9b5a50691d
debug ++ [int] eventPhase = 2
debug ++ [Boolean] bubbles = false
debug ++ [Boolean] cancelable = false
debug ++ [String] type = timer
debug +++ [int] repeatCount = 0
debug +++ [int] currentCount = 26
debug +++ [Boolean] running = true
debug +++ [int] delay = 120000
debug +++ [int] repeatCount = 0
debug +++ [int] currentCount = 26
debug +++ [Boolean] running = true
debug +++ [int] delay = 120000
debug time 17:36:36.412 :: After HeartBeat Count=27 Result=5
debug time 17:38:37.224 :: Before HeartBeat Count=28 Time=Thu Apr 5 2012 17:38:37 GMT+0200 AccountId=29131007 Session=ceaacd5b-b4cc-49db-886a-db9b5a50691d
debug ++ [int] eventPhase = 2
debug ++ [Boolean] bubbles = false
debug ++ [Boolean] cancelable = false
debug ++ [String] type = timer
debug +++ [int] repeatCount = 0
debug +++ [int] currentCount = 27
debug +++ [Boolean] running = true
debug +++ [int] delay = 120000
debug +++ [int] repeatCount = 0
debug +++ [int] currentCount = 27
debug +++ [Boolean] running = true
debug +++ [int] delay = 120000
debug time 17:38:37.410 :: After HeartBeat Count=28 Result=5
debug time 17:40:37.225 :: Before HeartBeat Count=29 Time=Thu Apr 5 2012 17:40:37 GMT+0200 AccountId=29131007 Session=ceaacd5b-b4cc-49db-886a-db9b5a50691d
debug ++ [int] eventPhase = 2
debug ++ [Boolean] bubbles = false
debug ++ [Boolean] cancelable = false
debug ++ [String] type = timer
debug +++ [int] repeatCount = 0
debug +++ [int] currentCount = 28
debug +++ [Boolean] running = true
debug +++ [int] delay = 120000
debug +++ [int] repeatCount = 0
debug +++ [int] currentCount = 28
debug +++ [Boolean] running = true
debug +++ [int] delay = 120000
debug time 17:40:37.419 :: After HeartBeat Count=29 Result=5
debug time 17:42:37.225 :: Before HeartBeat Count=30 Time=Thu Apr 5 2012 17:42:37 GMT+0200 AccountId=29131007 Session=ceaacd5b-b4cc-49db-886a-db9b5a50691d
debug ++ [int] eventPhase = 2
debug ++ [Boolean] bubbles = false
debug ++ [Boolean] cancelable = false
debug ++ [String] type = timer
debug +++ [int] repeatCount = 0
debug +++ [int] currentCount = 29
debug +++ [Boolean] running = true
debug +++ [int] delay = 120000
debug +++ [int] repeatCount = 0
debug +++ [int] currentCount = 29
debug +++ [Boolean] running = true
debug +++ [int] delay = 120000
debug time 17:42:37.411 :: After HeartBeat Count=30 Result=5
debug time 17:44:38.256 :: Before HeartBeat Count=31 Time=Thu Apr 5 2012 17:44:38 GMT+0200 AccountId=29131007 Session=ceaacd5b-b4cc-49db-886a-db9b5a50691d
debug ++ [int] eventPhase = 2
debug ++ [Boolean] bubbles = false
debug ++ [Boolean] cancelable = false
debug ++ [String] type = timer
debug +++ [int] repeatCount = 0
debug +++ [int] currentCount = 30
debug +++ [Boolean] running = true
debug +++ [int] delay = 120000
debug +++ [int] repeatCount = 0
debug +++ [int] currentCount = 30
debug +++ [Boolean] running = true
debug +++ [int] delay = 120000
debug time 17:44:38.468 :: After HeartBeat Count=31 Result=5
debug time 17:46:39.255 :: Before HeartBeat Count=32 Time=Thu Apr 5 2012 17:46:39 GMT+0200 AccountId=29131007 Session=ceaacd5b-b4cc-49db-886a-db9b5a50691d
debug ++ [int] eventPhase = 2
debug ++ [Boolean] bubbles = false
debug ++ [Boolean] cancelable = false
debug ++ [String] type = timer
debug +++ [int] repeatCount = 0
debug +++ [int] currentCount = 31
debug +++ [Boolean] running = true
debug +++ [int] delay = 120000
debug +++ [int] repeatCount = 0
debug +++ [int] currentCount = 31
debug +++ [Boolean] running = true
debug +++ [int] delay = 120000
debug time 17:46:39.468 :: After HeartBeat Count=32 Result=5
debug time 17:48:39.255 :: Before HeartBeat Count=33 Time=Thu Apr 5 2012 17:48:39 GMT+0200 AccountId=29131007 Session=ceaacd5b-b4cc-49db-886a-db9b5a50691d
debug ++ [int] eventPhase = 2
debug ++ [Boolean] bubbles = false
debug ++ [Boolean] cancelable = false
debug ++ [String] type = timer
debug +++ [int] repeatCount = 0
debug +++ [int] currentCount = 32
debug +++ [Boolean] running = true
debug +++ [int] delay = 120000
debug +++ [int] repeatCount = 0
debug +++ [int] currentCount = 32
debug +++ [Boolean] running = true
debug +++ [int] delay = 120000
debug time 17:48:39.473 :: After HeartBeat Count=33 Result=5
debug time 17:50:40.224 :: Before HeartBeat Count=34 Time=Thu Apr 5 2012 17:50:40 GMT+0200 AccountId=29131007 Session=ceaacd5b-b4cc-49db-886a-db9b5a50691d
debug ++ [int] eventPhase = 2
debug ++ [Boolean] bubbles = false
debug ++ [Boolean] cancelable = false
debug ++ [String] type = timer
debug +++ [int] repeatCount = 0
debug +++ [int] currentCount = 33
debug +++ [Boolean] running = true
debug +++ [int] delay = 120000
debug +++ [int] repeatCount = 0
debug +++ [int] currentCount = 33
debug +++ [Boolean] running = true
debug +++ [int] delay = 120000
debug time 17:50:40.411 :: After HeartBeat Count=34 Result=5
debug time 17:52:40.224 :: Before HeartBeat Count=35 Time=Thu Apr 5 2012 17:52:40 GMT+0200 AccountId=29131007 Session=ceaacd5b-b4cc-49db-886a-db9b5a50691d
debug ++ [int] eventPhase = 2
debug ++ [Boolean] bubbles = false
debug ++ [Boolean] cancelable = false
debug ++ [String] type = timer
debug +++ [int] repeatCount = 0
debug +++ [int] currentCount = 34
debug +++ [Boolean] running = true
debug +++ [int] delay = 120000
debug +++ [int] repeatCount = 0
debug +++ [int] currentCount = 34
debug +++ [Boolean] running = true
debug +++ [int] delay = 120000
debug time 17:52:40.411 :: After HeartBeat Count=35 Result=5
debug time 17:54:40.225 :: Before HeartBeat Count=36 Time=Thu Apr 5 2012 17:54:40 GMT+0200 AccountId=29131007 Session=ceaacd5b-b4cc-49db-886a-db9b5a50691d
debug ++ [int] eventPhase = 2
debug ++ [Boolean] bubbles = false
debug ++ [Boolean] cancelable = false
debug ++ [String] type = timer
debug +++ [int] repeatCount = 0
debug +++ [int] currentCount = 35
debug +++ [Boolean] running = true
debug +++ [int] delay = 120000
debug +++ [int] repeatCount = 0
debug +++ [int] currentCount = 35
debug +++ [Boolean] running = true
debug +++ [int] delay = 120000
debug time 17:54:40.418 :: After HeartBeat Count=36 Result=5
debug time 17:56:40.224 :: Before HeartBeat Count=37 Time=Thu Apr 5 2012 17:56:40 GMT+0200 AccountId=29131007 Session=ceaacd5b-b4cc-49db-886a-db9b5a50691d
debug ++ [int] eventPhase = 2
debug ++ [Boolean] bubbles = false
debug ++ [Boolean] cancelable = false
debug ++ [String] type = timer
debug +++ [int] repeatCount = 0
debug +++ [int] currentCount = 36
debug +++ [Boolean] running = true
debug +++ [int] delay = 120000
debug +++ [int] repeatCount = 0
debug +++ [int] currentCount = 36
debug +++ [Boolean] running = true
debug +++ [int] delay = 120000
debug time 17:56:40.411 :: After HeartBeat Count=37 Result=5
debug time 17:58:40.255 :: Before HeartBeat Count=38 Time=Thu Apr 5 2012 17:58:40 GMT+0200 AccountId=29131007 Session=ceaacd5b-b4cc-49db-886a-db9b5a50691d
debug ++ [int] eventPhase = 2
debug ++ [Boolean] bubbles = false
debug ++ [Boolean] cancelable = false
debug ++ [String] type = timer
debug +++ [int] repeatCount = 0
debug +++ [int] currentCount = 37
debug +++ [Boolean] running = true
debug +++ [int] delay = 120000
debug +++ [int] repeatCount = 0
debug +++ [int] currentCount = 37
debug +++ [Boolean] running = true
debug +++ [int] delay = 120000
debug time 17:58:40.468 :: After HeartBeat Count=38 Result=5
debug time 18:00:38.758 :: Performing heartbeat at Thu Apr 5 2012 18:00:38 GMT+0200
debug time 18:00:40.464 :: Before HeartBeat Count=39 Time=Thu Apr 5 2012 18:00:40 GMT+0200 AccountId=29131007 Session=ceaacd5b-b4cc-49db-886a-db9b5a50691d
debug ++ [int] eventPhase = 2
debug ++ [Boolean] bubbles = false
debug ++ [Boolean] cancelable = false
debug ++ [String] type = timer
debug +++ [int] repeatCount = 0
debug +++ [int] currentCount = 38
debug +++ [Boolean] running = true
debug +++ [int] delay = 120000
debug +++ [int] repeatCount = 0
debug +++ [int] currentCount = 38
debug +++ [Boolean] running = true
debug +++ [int] delay = 120000
debug time 18:00:40.672 :: After HeartBeat Count=39 Result=5
debug time 18:02:40.468 :: Before HeartBeat Count=40 Time=Thu Apr 5 2012 18:02:40 GMT+0200 AccountId=29131007 Session=ceaacd5b-b4cc-49db-886a-db9b5a50691d
debug ++ [int] eventPhase = 2
debug ++ [Boolean] bubbles = false
debug ++ [Boolean] cancelable = false
debug ++ [String] type = timer
debug +++ [int] repeatCount = 0
debug +++ [int] currentCount = 39
debug +++ [Boolean] running = true
debug +++ [int] delay = 120000
debug +++ [int] repeatCount = 0
debug +++ [int] currentCount = 39
debug +++ [Boolean] running = true
debug +++ [int] delay = 120000
debug time 18:02:40.683 :: After HeartBeat Count=40 Result=5
debug time 18:04:40.474 :: Before HeartBeat Count=41 Time=Thu Apr 5 2012 18:04:40 GMT+0200 AccountId=29131007 Session=ceaacd5b-b4cc-49db-886a-db9b5a50691d
debug ++ [int] eventPhase = 2
debug ++ [Boolean] bubbles = false
debug ++ [Boolean] cancelable = false
debug ++ [String] type = timer
debug +++ [int] repeatCount = 0
debug +++ [int] currentCount = 40
debug +++ [Boolean] running = true
debug +++ [int] delay = 120000
debug +++ [int] repeatCount = 0
debug +++ [int] currentCount = 40
debug +++ [Boolean] running = true
debug +++ [int] delay = 120000
debug time 18:04:40.660 :: After HeartBeat Count=41 Result=5
debug time 18:06:41.255 :: Before HeartBeat Count=42 Time=Thu Apr 5 2012 18:06:41 GMT+0200 AccountId=29131007 Session=ceaacd5b-b4cc-49db-886a-db9b5a50691d
debug ++ [int] eventPhase = 2
debug ++ [Boolean] bubbles = false
debug ++ [Boolean] cancelable = false
debug ++ [String] type = timer
debug +++ [int] repeatCount = 0
debug +++ [int] currentCount = 41
debug +++ [Boolean] running = true
debug +++ [int] delay = 120000
debug +++ [int] repeatCount = 0
debug +++ [int] currentCount = 41
debug +++ [Boolean] running = true
debug +++ [int] delay = 120000
debug time 18:06:41.444 :: After HeartBeat Count=42 Result=5
debug time 18:08:42.249 :: Before HeartBeat Count=43 Time=Thu Apr 5 2012 18:08:42 GMT+0200 AccountId=29131007 Session=ceaacd5b-b4cc-49db-886a-db9b5a50691d
debug ++ [int] eventPhase = 2
debug ++ [Boolean] bubbles = false
debug ++ [Boolean] cancelable = false
debug ++ [String] type = timer
debug +++ [int] repeatCount = 0
debug +++ [int] currentCount = 42
debug +++ [Boolean] running = true
debug +++ [int] delay = 120000
debug +++ [int] repeatCount = 0
debug +++ [int] currentCount = 42
debug +++ [Boolean] running = true
debug +++ [int] delay = 120000
debug time 18:08:42.564 :: After HeartBeat Count=43 Result=5
debug time 18:10:42.250 :: Before HeartBeat Count=44 Time=Thu Apr 5 2012 18:10:42 GMT+0200 AccountId=29131007 Session=ceaacd5b-b4cc-49db-886a-db9b5a50691d
debug ++ [int] eventPhase = 2
debug ++ [Boolean] bubbles = false
debug ++ [Boolean] cancelable = false
debug ++ [String] type = timer
debug +++ [int] repeatCount = 0
debug +++ [int] currentCount = 43
debug +++ [Boolean] running = true
debug +++ [int] delay = 120000
debug +++ [int] repeatCount = 0
debug +++ [int] currentCount = 43
debug +++ [Boolean] running = true
debug +++ [int] delay = 120000
debug time 18:10:42.438 :: After HeartBeat Count=44 Result=5
debug time 18:12:43.250 :: Before HeartBeat Count=45 Time=Thu Apr 5 2012 18:12:43 GMT+0200 AccountId=29131007 Session=ceaacd5b-b4cc-49db-886a-db9b5a50691d
debug ++ [int] eventPhase = 2
debug ++ [Boolean] bubbles = false
debug ++ [Boolean] cancelable = false
debug ++ [String] type = timer
debug +++ [int] repeatCount = 0
debug +++ [int] currentCount = 44
debug +++ [Boolean] running = true
debug +++ [int] delay = 120000
debug +++ [int] repeatCount = 0
debug +++ [int] currentCount = 44
debug +++ [Boolean] running = true
debug +++ [int] delay = 120000
debug time 18:12:43.438 :: After HeartBeat Count=45 Result=5
debug time 18:14:43.281 :: Before HeartBeat Count=46 Time=Thu Apr 5 2012 18:14:43 GMT+0200 AccountId=29131007 Session=ceaacd5b-b4cc-49db-886a-db9b5a50691d
debug ++ [int] eventPhase = 2
debug ++ [Boolean] bubbles = false
debug ++ [Boolean] cancelable = false
debug ++ [String] type = timer
debug +++ [int] repeatCount = 0
debug +++ [int] currentCount = 45
debug +++ [Boolean] running = true
debug +++ [int] delay = 120000
debug +++ [int] repeatCount = 0
debug +++ [int] currentCount = 45
debug +++ [Boolean] running = true
debug +++ [int] delay = 120000
debug time 18:14:43.494 :: After HeartBeat Count=46 Result=5
debug time 18:16:44.249 :: Before HeartBeat Count=47 Time=Thu Apr 5 2012 18:16:44 GMT+0200 AccountId=29131007 Session=ceaacd5b-b4cc-49db-886a-db9b5a50691d
debug ++ [int] eventPhase = 2
debug ++ [Boolean] bubbles = false
debug ++ [Boolean] cancelable = false
debug ++ [String] type = timer
debug +++ [int] repeatCount = 0
debug +++ [int] currentCount = 46
debug +++ [Boolean] running = true
debug +++ [int] delay = 120000
debug +++ [int] repeatCount = 0
debug +++ [int] currentCount = 46
debug +++ [Boolean] running = true
debug +++ [int] delay = 120000
debug time 18:16:44.436 :: After HeartBeat Count=47 Result=5
debug time 18:18:44.249 :: Before HeartBeat Count=48 Time=Thu Apr 5 2012 18:18:44 GMT+0200 AccountId=29131007 Session=ceaacd5b-b4cc-49db-886a-db9b5a50691d
debug ++ [int] eventPhase = 2
debug ++ [Boolean] bubbles = false
debug ++ [Boolean] cancelable = false
debug ++ [String] type = timer
debug +++ [int] repeatCount = 0
debug +++ [int] currentCount = 47
debug +++ [Boolean] running = true
debug +++ [int] delay = 120000
debug +++ [int] repeatCount = 0
debug +++ [int] currentCount = 47
debug +++ [Boolean] running = true
debug +++ [int] delay = 120000
debug time 18:18:44.436 :: After HeartBeat Count=48 Result=5
debug time 18:20:44.250 :: Before HeartBeat Count=49 Time=Thu Apr 5 2012 18:20:44 GMT+0200 AccountId=29131007 Session=ceaacd5b-b4cc-49db-886a-db9b5a50691d
debug ++ [int] eventPhase = 2
debug ++ [Boolean] bubbles = false
debug ++ [Boolean] cancelable = false
debug ++ [String] type = timer
debug +++ [int] repeatCount = 0
debug +++ [int] currentCount = 48
debug +++ [Boolean] running = true
debug +++ [int] delay = 120000
debug +++ [int] repeatCount = 0
debug +++ [int] currentCount = 48
debug +++ [Boolean] running = true
debug +++ [int] delay = 120000
debug time 18:20:44.437 :: After HeartBeat Count=49 Result=5
debug time 18:22:44.257 :: Before HeartBeat Count=50 Time=Thu Apr 5 2012 18:22:44 GMT+0200 AccountId=29131007 Session=ceaacd5b-b4cc-49db-886a-db9b5a50691d
debug ++ [int] eventPhase = 2
debug ++ [Boolean] bubbles = false
debug ++ [Boolean] cancelable = false
debug ++ [String] type = timer
debug +++ [int] repeatCount = 0
debug +++ [int] currentCount = 49
debug +++ [Boolean] running = true
debug +++ [int] delay = 120000
debug +++ [int] repeatCount = 0
debug +++ [int] currentCount = 49
debug +++ [Boolean] running = true
debug +++ [int] delay = 120000
debug time 18:22:44.474 :: After HeartBeat Count=50 Result=5
debug time 18:24:45.250 :: Before HeartBeat Count=51 Time=Thu Apr 5 2012 18:24:45 GMT+0200 AccountId=29131007 Session=ceaacd5b-b4cc-49db-886a-db9b5a50691d
debug ++ [int] eventPhase = 2
debug ++ [Boolean] bubbles = false
debug ++ [Boolean] cancelable = false
debug ++ [String] type = timer
debug +++ [int] repeatCount = 0
debug +++ [int] currentCount = 50
debug +++ [Boolean] running = true
debug +++ [int] delay = 120000
debug +++ [int] repeatCount = 0
debug +++ [int] currentCount = 50
debug +++ [Boolean] running = true
debug +++ [int] delay = 120000
debug time 18:24:45.437 :: After HeartBeat Count=51 Result=5
debug time 18:26:46.250 :: Before HeartBeat Count=52 Time=Thu Apr 5 2012 18:26:46 GMT+0200 AccountId=29131007 Session=ceaacd5b-b4cc-49db-886a-db9b5a50691d
debug ++ [int] eventPhase = 2
debug ++ [Boolean] bubbles = false
debug ++ [Boolean] cancelable = false
debug ++ [String] type = timer
debug +++ [int] repeatCount = 0
debug +++ [int] currentCount = 51
debug +++ [Boolean] running = true
debug +++ [int] delay = 120000
debug +++ [int] repeatCount = 0
debug +++ [int] currentCount = 51
debug +++ [Boolean] running = true
debug +++ [int] delay = 120000
debug time 18:26:46.438 :: After HeartBeat Count=52 Result=5
debug time 18:28:46.279 :: Before HeartBeat Count=53 Time=Thu Apr 5 2012 18:28:46 GMT+0200 AccountId=29131007 Session=ceaacd5b-b4cc-49db-886a-db9b5a50691d
debug ++ [int] eventPhase = 2
debug ++ [Boolean] bubbles = false
debug ++ [Boolean] cancelable = false
debug ++ [String] type = timer
debug +++ [int] repeatCount = 0
debug +++ [int] currentCount = 52
debug +++ [Boolean] running = true
debug +++ [int] delay = 120000
debug +++ [int] repeatCount = 0
debug +++ [int] currentCount = 52
debug +++ [Boolean] running = true
debug +++ [int] delay = 120000
debug time 18:28:46.494 :: After HeartBeat Count=53 Result=5
debug time 18:30:47.250 :: Before HeartBeat Count=54 Time=Thu Apr 5 2012 18:30:47 GMT+0200 AccountId=29131007 Session=ceaacd5b-b4cc-49db-886a-db9b5a50691d
debug ++ [int] eventPhase = 2
debug ++ [Boolean] bubbles = false
debug ++ [Boolean] cancelable = false
debug ++ [String] type = timer
debug +++ [int] repeatCount = 0
debug +++ [int] currentCount = 53
debug +++ [Boolean] running = true
debug +++ [int] delay = 120000
debug +++ [int] repeatCount = 0
debug +++ [int] currentCount = 53
debug +++ [Boolean] running = true
debug +++ [int] delay = 120000
debug time 18:30:47.437 :: After HeartBeat Count=54 Result=5
debug time 18:32:47.250 :: Before HeartBeat Count=55 Time=Thu Apr 5 2012 18:32:47 GMT+0200 AccountId=29131007 Session=ceaacd5b-b4cc-49db-886a-db9b5a50691d
debug ++ [int] eventPhase = 2
debug ++ [Boolean] bubbles = false
debug ++ [Boolean] cancelable = false
debug ++ [String] type = timer
debug +++ [int] repeatCount = 0
debug +++ [int] currentCount = 54
debug +++ [Boolean] running = true
debug +++ [int] delay = 120000
debug +++ [int] repeatCount = 0
debug +++ [int] currentCount = 54
debug +++ [Boolean] running = true
debug +++ [int] delay = 120000
debug time 18:32:47.437 :: After HeartBeat Count=55 Result=5
debug time 18:34:47.250 :: Before HeartBeat Count=56 Time=Thu Apr 5 2012 18:34:47 GMT+0200 AccountId=29131007 Session=ceaacd5b-b4cc-49db-886a-db9b5a50691d
debug ++ [int] eventPhase = 2
debug ++ [Boolean] bubbles = false
debug ++ [Boolean] cancelable = false
debug ++ [String] type = timer
debug +++ [int] repeatCount = 0
debug +++ [int] currentCount = 55
debug +++ [Boolean] running = true
debug +++ [int] delay = 120000
debug +++ [int] repeatCount = 0
debug +++ [int] currentCount = 55
debug +++ [Boolean] running = true
debug +++ [int] delay = 120000
debug time 18:34:47.437 :: After HeartBeat Count=56 Result=5
debug time 18:36:29.535 :: Performing heartbeat at Thu Apr 5 2012 18:36:29 GMT+0200
debug time 18:36:47.260 :: Before HeartBeat Count=57 Time=Thu Apr 5 2012 18:36:47 GMT+0200 AccountId=29131007 Session=ceaacd5b-b4cc-49db-886a-db9b5a50691d
debug ++ [int] eventPhase = 2
debug ++ [Boolean] bubbles = false
debug ++ [Boolean] cancelable = false
debug ++ [String] type = timer
debug +++ [int] repeatCount = 0
debug +++ [int] currentCount = 56
debug +++ [Boolean] running = true
debug +++ [int] delay = 120000
debug +++ [int] repeatCount = 0
debug +++ [int] currentCount = 56
debug +++ [Boolean] running = true
debug +++ [int] delay = 120000
debug time 18:36:47.451 :: After HeartBeat Count=57 Result=5
debug time 18:38:47.264 :: Before HeartBeat Count=58 Time=Thu Apr 5 2012 18:38:47 GMT+0200 AccountId=29131007 Session=ceaacd5b-b4cc-49db-886a-db9b5a50691d
debug ++ [int] eventPhase = 2
debug ++ [Boolean] bubbles = false
debug ++ [Boolean] cancelable = false
debug ++ [String] type = timer
debug +++ [int] repeatCount = 0
debug +++ [int] currentCount = 57
debug +++ [Boolean] running = true
debug +++ [int] delay = 120000
debug +++ [int] repeatCount = 0
debug +++ [int] currentCount = 57
debug +++ [Boolean] running = true
debug +++ [int] delay = 120000
debug time 18:38:47.482 :: After HeartBeat Count=58 Result=5
debug time 18:40:47.290 :: Before HeartBeat Count=59 Time=Thu Apr 5 2012 18:40:47 GMT+0200 AccountId=29131007 Session=ceaacd5b-b4cc-49db-886a-db9b5a50691d
debug ++ [int] eventPhase = 2
debug ++ [Boolean] bubbles = false
debug ++ [Boolean] cancelable = false
debug ++ [String] type = timer
debug +++ [int] repeatCount = 0
debug +++ [int] currentCount = 58
debug +++ [Boolean] running = true
debug +++ [int] delay = 120000
debug +++ [int] repeatCount = 0
debug +++ [int] currentCount = 58
debug +++ [Boolean] running = true
debug +++ [int] delay = 120000
debug time 18:40:47.482 :: After HeartBeat Count=59 Result=5
debug time 18:42:47.306 :: Before HeartBeat Count=60 Time=Thu Apr 5 2012 18:42:47 GMT+0200 AccountId=29131007 Session=ceaacd5b-b4cc-49db-886a-db9b5a50691d
debug ++ [int] eventPhase = 2
debug ++ [Boolean] bubbles = false
debug ++ [Boolean] cancelable = false
debug ++ [String] type = timer
debug +++ [int] repeatCount = 0
debug +++ [int] currentCount = 59
debug +++ [Boolean] running = true
debug +++ [int] delay = 120000
debug +++ [int] repeatCount = 0
debug +++ [int] currentCount = 59
debug +++ [Boolean] running = true
debug +++ [int] delay = 120000
debug time 18:42:47.502 :: After HeartBeat Count=60 Result=5
debug time 18:44:47.321 :: Before HeartBeat Count=61 Time=Thu Apr 5 2012 18:44:47 GMT+0200 AccountId=29131007 Session=ceaacd5b-b4cc-49db-886a-db9b5a50691d
debug ++ [int] eventPhase = 2
debug ++ [Boolean] bubbles = false
debug ++ [Boolean] cancelable = false
debug ++ [String] type = timer
debug +++ [int] repeatCount = 0
debug +++ [int] currentCount = 60
debug +++ [Boolean] running = true
debug +++ [int] delay = 120000
debug +++ [int] repeatCount = 0
debug +++ [int] currentCount = 60
debug +++ [Boolean] running = true
debug +++ [int] delay = 120000
debug time 18:44:47.544 :: After HeartBeat Count=61 Result=5
debug time 18:46:47.332 :: Before HeartBeat Count=62 Time=Thu Apr 5 2012 18:46:47 GMT+0200 AccountId=29131007 Session=ceaacd5b-b4cc-49db-886a-db9b5a50691d
debug ++ [int] eventPhase = 2
debug ++ [Boolean] bubbles = false
debug ++ [Boolean] cancelable = false
debug ++ [String] type = timer
debug +++ [int] repeatCount = 0
debug +++ [int] currentCount = 61
debug +++ [Boolean] running = true
debug +++ [int] delay = 120000
debug +++ [int] repeatCount = 0
debug +++ [int] currentCount = 61
debug +++ [Boolean] running = true
debug +++ [int] delay = 120000
debug time 18:46:47.526 :: After HeartBeat Count=62 Result=5
debug time 18:48:47.346 :: Before HeartBeat Count=63 Time=Thu Apr 5 2012 18:48:47 GMT+0200 AccountId=29131007 Session=ceaacd5b-b4cc-49db-886a-db9b5a50691d
debug ++ [int] eventPhase = 2
debug ++ [Boolean] bubbles = false
debug ++ [Boolean] cancelable = false
debug ++ [String] type = timer
debug +++ [int] repeatCount = 0
debug +++ [int] currentCount = 62
debug +++ [Boolean] running = true
debug +++ [int] delay = 120000
debug +++ [int] repeatCount = 0
debug +++ [int] currentCount = 62
debug +++ [Boolean] running = true
debug +++ [int] delay = 120000
debug time 18:48:47.539 :: After HeartBeat Count=63 Result=5
debug time 18:50:47.354 :: Before HeartBeat Count=64 Time=Thu Apr 5 2012 18:50:47 GMT+0200 AccountId=29131007 Session=ceaacd5b-b4cc-49db-886a-db9b5a50691d
debug ++ [int] eventPhase = 2
debug ++ [Boolean] bubbles = false
debug ++ [Boolean] cancelable = false
debug ++ [String] type = timer
debug +++ [int] repeatCount = 0
debug +++ [int] currentCount = 63
debug +++ [Boolean] running = true
debug +++ [int] delay = 120000
debug +++ [int] repeatCount = 0
debug +++ [int] currentCount = 63
debug +++ [Boolean] running = true
debug +++ [int] delay = 120000
debug time 18:50:47.552 :: After HeartBeat Count=64 Result=5
