debug time 20:09:14.751 :: Before HeartBeat Count=1 Time=Wed Sep 21 2011 20:09:14 GMT+0200 AccountId=28699575 Session=43973762-237e-4ecd-aa42-53f32ddddb04
STOP LOGGING: More than 0 nested objects or properties. 
debug time 20:09:15.508 :: After HeartBeat Count=1 Result=5
debug time 20:12:14.782 :: Before HeartBeat Count=2 Time=Wed Sep 21 2011 20:12:14 GMT+0200 AccountId=28699575 Session=43973762-237e-4ecd-aa42-53f32ddddb04
debug ++ [int] eventPhase = 2
debug ++ [Boolean] bubbles = false
debug ++ [Boolean] cancelable = false
debug ++ [String] type = timer
debug +++ [int] repeatCount = 0
debug +++ [int] currentCount = 1
debug +++ [Boolean] running = true
debug +++ [int] delay = 180000
debug +++ [int] repeatCount = 0
debug +++ [int] currentCount = 1
debug +++ [Boolean] running = true
debug +++ [int] delay = 180000
debug time 20:12:14.955 :: After HeartBeat Count=2 Result=5
debug time 20:15:14.792 :: Before HeartBeat Count=3 Time=Wed Sep 21 2011 20:15:14 GMT+0200 AccountId=28699575 Session=43973762-237e-4ecd-aa42-53f32ddddb04
debug ++ [int] eventPhase = 2
debug ++ [Boolean] bubbles = false
debug ++ [Boolean] cancelable = false
debug ++ [String] type = timer
debug +++ [int] repeatCount = 0
debug +++ [int] currentCount = 2
debug +++ [Boolean] running = true
debug +++ [int] delay = 180000
debug +++ [int] repeatCount = 0
debug +++ [int] currentCount = 2
debug +++ [Boolean] running = true
debug +++ [int] delay = 180000
debug time 20:15:14.997 :: After HeartBeat Count=3 Result=5
debug time 20:18:14.811 :: Before HeartBeat Count=4 Time=Wed Sep 21 2011 20:18:14 GMT+0200 AccountId=28699575 Session=43973762-237e-4ecd-aa42-53f32ddddb04
debug ++ [int] eventPhase = 2
debug ++ [Boolean] bubbles = false
debug ++ [Boolean] cancelable = false
debug ++ [String] type = timer
debug +++ [int] repeatCount = 0
debug +++ [int] currentCount = 3
debug +++ [Boolean] running = true
debug +++ [int] delay = 180000
debug +++ [int] repeatCount = 0
debug +++ [int] currentCount = 3
debug +++ [Boolean] running = true
debug +++ [int] delay = 180000
debug time 20:18:14.988 :: After HeartBeat Count=4 Result=5
debug time 20:21:14.820 :: Before HeartBeat Count=5 Time=Wed Sep 21 2011 20:21:14 GMT+0200 AccountId=28699575 Session=43973762-237e-4ecd-aa42-53f32ddddb04
debug ++ [int] eventPhase = 2
debug ++ [Boolean] bubbles = false
debug ++ [Boolean] cancelable = false
debug ++ [String] type = timer
debug +++ [int] repeatCount = 0
debug +++ [int] currentCount = 4
debug +++ [Boolean] running = true
debug +++ [int] delay = 180000
debug +++ [int] repeatCount = 0
debug +++ [int] currentCount = 4
debug +++ [Boolean] running = true
debug +++ [int] delay = 180000
debug time 20:21:14.996 :: After HeartBeat Count=5 Result=5
debug time 20:24:14.843 :: Before HeartBeat Count=6 Time=Wed Sep 21 2011 20:24:14 GMT+0200 AccountId=28699575 Session=43973762-237e-4ecd-aa42-53f32ddddb04
debug ++ [int] eventPhase = 2
debug ++ [Boolean] bubbles = false
debug ++ [Boolean] cancelable = false
debug ++ [String] type = timer
debug +++ [int] repeatCount = 0
debug +++ [int] currentCount = 5
debug +++ [Boolean] running = true
debug +++ [int] delay = 180000
debug +++ [int] repeatCount = 0
debug +++ [int] currentCount = 5
debug +++ [Boolean] running = true
debug +++ [int] delay = 180000
debug time 20:24:15.17 :: After HeartBeat Count=6 Result=5
debug time 20:27:14.871 :: Before HeartBeat Count=7 Time=Wed Sep 21 2011 20:27:14 GMT+0200 AccountId=28699575 Session=43973762-237e-4ecd-aa42-53f32ddddb04
debug ++ [int] eventPhase = 2
debug ++ [Boolean] bubbles = false
debug ++ [Boolean] cancelable = false
debug ++ [String] type = timer
debug +++ [int] repeatCount = 0
debug +++ [int] currentCount = 6
debug +++ [Boolean] running = true
debug +++ [int] delay = 180000
debug +++ [int] repeatCount = 0
debug +++ [int] currentCount = 6
debug +++ [Boolean] running = true
debug +++ [int] delay = 180000
debug time 20:27:15.42 :: After HeartBeat Count=7 Result=5
debug time 20:30:14.911 :: Before HeartBeat Count=8 Time=Wed Sep 21 2011 20:30:14 GMT+0200 AccountId=28699575 Session=43973762-237e-4ecd-aa42-53f32ddddb04
debug ++ [int] eventPhase = 2
debug ++ [Boolean] bubbles = false
debug ++ [Boolean] cancelable = false
debug ++ [String] type = timer
debug +++ [int] repeatCount = 0
debug +++ [int] currentCount = 7
debug +++ [Boolean] running = true
debug +++ [int] delay = 180000
debug +++ [int] repeatCount = 0
debug +++ [int] currentCount = 7
debug +++ [Boolean] running = true
debug +++ [int] delay = 180000
debug time 20:30:15.86 :: After HeartBeat Count=8 Result=5
debug time 20:33:15.179 :: Before HeartBeat Count=9 Time=Wed Sep 21 2011 20:33:15 GMT+0200 AccountId=28699575 Session=43973762-237e-4ecd-aa42-53f32ddddb04
debug ++ [int] eventPhase = 2
debug ++ [Boolean] bubbles = false
debug ++ [Boolean] cancelable = false
debug ++ [String] type = timer
debug +++ [int] repeatCount = 0
debug +++ [int] currentCount = 8
debug +++ [Boolean] running = true
debug +++ [int] delay = 180000
debug +++ [int] repeatCount = 0
debug +++ [int] currentCount = 8
debug +++ [Boolean] running = true
debug +++ [int] delay = 180000
debug time 20:33:15.358 :: After HeartBeat Count=9 Result=5
debug time 20:36:15.179 :: Before HeartBeat Count=10 Time=Wed Sep 21 2011 20:36:15 GMT+0200 AccountId=28699575 Session=43973762-237e-4ecd-aa42-53f32ddddb04
debug ++ [int] eventPhase = 2
debug ++ [Boolean] bubbles = false
debug ++ [Boolean] cancelable = false
debug ++ [String] type = timer
debug +++ [int] repeatCount = 0
debug +++ [int] currentCount = 9
debug +++ [Boolean] running = true
debug +++ [int] delay = 180000
debug +++ [int] repeatCount = 0
debug +++ [int] currentCount = 9
debug +++ [Boolean] running = true
debug +++ [int] delay = 180000
debug time 20:36:15.348 :: After HeartBeat Count=10 Result=5
debug time 20:39:15.258 :: Before HeartBeat Count=11 Time=Wed Sep 21 2011 20:39:15 GMT+0200 AccountId=28699575 Session=43973762-237e-4ecd-aa42-53f32ddddb04
debug ++ [int] eventPhase = 2
debug ++ [Boolean] bubbles = false
debug ++ [Boolean] cancelable = false
debug ++ [String] type = timer
debug +++ [int] repeatCount = 0
debug +++ [int] currentCount = 10
debug +++ [Boolean] running = true
debug +++ [int] delay = 180000
debug +++ [int] repeatCount = 0
debug +++ [int] currentCount = 10
debug +++ [Boolean] running = true
debug +++ [int] delay = 180000
debug time 20:39:15.437 :: After HeartBeat Count=11 Result=5
debug time 20:42:15.277 :: Before HeartBeat Count=12 Time=Wed Sep 21 2011 20:42:15 GMT+0200 AccountId=28699575 Session=43973762-237e-4ecd-aa42-53f32ddddb04
debug ++ [int] eventPhase = 2
debug ++ [Boolean] bubbles = false
debug ++ [Boolean] cancelable = false
debug ++ [String] type = timer
debug +++ [int] repeatCount = 0
debug +++ [int] currentCount = 11
debug +++ [Boolean] running = true
debug +++ [int] delay = 180000
debug +++ [int] repeatCount = 0
debug +++ [int] currentCount = 11
debug +++ [Boolean] running = true
debug +++ [int] delay = 180000
debug time 20:42:15.486 :: After HeartBeat Count=12 Result=5
debug time 20:45:16.262 :: Before HeartBeat Count=13 Time=Wed Sep 21 2011 20:45:16 GMT+0200 AccountId=28699575 Session=43973762-237e-4ecd-aa42-53f32ddddb04
debug ++ [int] eventPhase = 2
debug ++ [Boolean] bubbles = false
debug ++ [Boolean] cancelable = false
debug ++ [String] type = timer
debug +++ [int] repeatCount = 0
debug +++ [int] currentCount = 12
debug +++ [Boolean] running = true
debug +++ [int] delay = 180000
debug +++ [int] repeatCount = 0
debug +++ [int] currentCount = 12
debug +++ [Boolean] running = true
debug +++ [int] delay = 180000
debug time 20:45:16.441 :: After HeartBeat Count=13 Result=5
debug time 20:48:16.264 :: Before HeartBeat Count=14 Time=Wed Sep 21 2011 20:48:16 GMT+0200 AccountId=28699575 Session=43973762-237e-4ecd-aa42-53f32ddddb04
debug ++ [int] eventPhase = 2
debug ++ [Boolean] bubbles = false
debug ++ [Boolean] cancelable = false
debug ++ [String] type = timer
debug +++ [int] repeatCount = 0
debug +++ [int] currentCount = 13
debug +++ [Boolean] running = true
debug +++ [int] delay = 180000
debug +++ [int] repeatCount = 0
debug +++ [int] currentCount = 13
debug +++ [Boolean] running = true
debug +++ [int] delay = 180000
debug time 20:48:16.472 :: After HeartBeat Count=14 Result=5
debug time 20:51:16.288 :: Before HeartBeat Count=15 Time=Wed Sep 21 2011 20:51:16 GMT+0200 AccountId=28699575 Session=43973762-237e-4ecd-aa42-53f32ddddb04
debug ++ [int] eventPhase = 2
debug ++ [Boolean] bubbles = false
debug ++ [Boolean] cancelable = false
debug ++ [String] type = timer
debug +++ [int] repeatCount = 0
debug +++ [int] currentCount = 14
debug +++ [Boolean] running = true
debug +++ [int] delay = 180000
debug +++ [int] repeatCount = 0
debug +++ [int] currentCount = 14
debug +++ [Boolean] running = true
debug +++ [int] delay = 180000
debug time 20:51:16.488 :: After HeartBeat Count=15 Result=5
debug time 20:54:17.261 :: Before HeartBeat Count=16 Time=Wed Sep 21 2011 20:54:17 GMT+0200 AccountId=28699575 Session=43973762-237e-4ecd-aa42-53f32ddddb04
debug ++ [int] eventPhase = 2
debug ++ [Boolean] bubbles = false
debug ++ [Boolean] cancelable = false
debug ++ [String] type = timer
debug +++ [int] repeatCount = 0
debug +++ [int] currentCount = 15
debug +++ [Boolean] running = true
debug +++ [int] delay = 180000
debug +++ [int] repeatCount = 0
debug +++ [int] currentCount = 15
debug +++ [Boolean] running = true
debug +++ [int] delay = 180000
debug time 20:54:17.439 :: After HeartBeat Count=16 Result=5
debug time 20:55:03.412 :: Before HeartBeat Count=17 Time=Wed Sep 21 2011 20:55:03 GMT+0200 AccountId=28699575 Session=43973762-237e-4ecd-aa42-53f32ddddb04
debug time 20:55:04.446 :: After HeartBeat Count=17 Result=5
debug time 20:58:04.262 :: Before HeartBeat Count=18 Time=Wed Sep 21 2011 20:58:04 GMT+0200 AccountId=28699575 Session=43973762-237e-4ecd-aa42-53f32ddddb04
debug ++ [int] eventPhase = 2
debug ++ [Boolean] bubbles = false
debug ++ [Boolean] cancelable = false
debug ++ [String] type = timer
debug +++ [int] repeatCount = 0
debug +++ [int] currentCount = 1
debug +++ [Boolean] running = true
debug +++ [int] delay = 180000
debug +++ [int] repeatCount = 0
debug +++ [int] currentCount = 1
debug +++ [Boolean] running = true
debug +++ [int] delay = 180000
debug time 20:58:04.440 :: After HeartBeat Count=18 Result=5
debug time 21:01:04.286 :: Before HeartBeat Count=19 Time=Wed Sep 21 2011 21:01:04 GMT+0200 AccountId=28699575 Session=43973762-237e-4ecd-aa42-53f32ddddb04
debug ++ [int] eventPhase = 2
debug ++ [Boolean] bubbles = false
debug ++ [Boolean] cancelable = false
debug ++ [String] type = timer
debug +++ [int] repeatCount = 0
debug +++ [int] currentCount = 2
debug +++ [Boolean] running = true
debug +++ [int] delay = 180000
debug +++ [int] repeatCount = 0
debug +++ [int] currentCount = 2
debug +++ [Boolean] running = true
debug +++ [int] delay = 180000
debug time 21:01:04.505 :: After HeartBeat Count=19 Result=5
debug time 21:04:05.262 :: Before HeartBeat Count=20 Time=Wed Sep 21 2011 21:04:05 GMT+0200 AccountId=28699575 Session=43973762-237e-4ecd-aa42-53f32ddddb04
debug ++ [int] eventPhase = 2
debug ++ [Boolean] bubbles = false
debug ++ [Boolean] cancelable = false
debug ++ [String] type = timer
debug +++ [int] repeatCount = 0
debug +++ [int] currentCount = 3
debug +++ [Boolean] running = true
debug +++ [int] delay = 180000
debug +++ [int] repeatCount = 0
debug +++ [int] currentCount = 3
debug +++ [Boolean] running = true
debug +++ [int] delay = 180000
debug time 21:04:05.440 :: After HeartBeat Count=20 Result=5
debug time 21:07:05.283 :: Before HeartBeat Count=21 Time=Wed Sep 21 2011 21:07:05 GMT+0200 AccountId=28699575 Session=43973762-237e-4ecd-aa42-53f32ddddb04
debug ++ [int] eventPhase = 2
debug ++ [Boolean] bubbles = false
debug ++ [Boolean] cancelable = false
debug ++ [String] type = timer
debug +++ [int] repeatCount = 0
debug +++ [int] currentCount = 4
debug +++ [Boolean] running = true
debug +++ [int] delay = 180000
debug +++ [int] repeatCount = 0
debug +++ [int] currentCount = 4
debug +++ [Boolean] running = true
debug +++ [int] delay = 180000
debug time 21:07:05.461 :: After HeartBeat Count=21 Result=5
debug time 21:10:06.297 :: Before HeartBeat Count=22 Time=Wed Sep 21 2011 21:10:06 GMT+0200 AccountId=28699575 Session=43973762-237e-4ecd-aa42-53f32ddddb04
debug ++ [int] eventPhase = 2
debug ++ [Boolean] bubbles = false
debug ++ [Boolean] cancelable = false
debug ++ [String] type = timer
debug +++ [int] repeatCount = 0
debug +++ [int] currentCount = 5
debug +++ [Boolean] running = true
debug +++ [int] delay = 180000
debug +++ [int] repeatCount = 0
debug +++ [int] currentCount = 5
debug +++ [Boolean] running = true
debug +++ [int] delay = 180000
debug time 21:10:06.571 :: After HeartBeat Count=22 Result=5
debug time 21:13:07.263 :: Before HeartBeat Count=23 Time=Wed Sep 21 2011 21:13:07 GMT+0200 AccountId=28699575 Session=43973762-237e-4ecd-aa42-53f32ddddb04
debug ++ [int] eventPhase = 2
debug ++ [Boolean] bubbles = false
debug ++ [Boolean] cancelable = false
debug ++ [String] type = timer
debug +++ [int] repeatCount = 0
debug +++ [int] currentCount = 6
debug +++ [Boolean] running = true
debug +++ [int] delay = 180000
debug +++ [int] repeatCount = 0
debug +++ [int] currentCount = 6
debug +++ [Boolean] running = true
debug +++ [int] delay = 180000
debug time 21:13:07.512 :: After HeartBeat Count=23 Result=5
debug time 21:16:07.266 :: Before HeartBeat Count=24 Time=Wed Sep 21 2011 21:16:07 GMT+0200 AccountId=28699575 Session=43973762-237e-4ecd-aa42-53f32ddddb04
debug ++ [int] eventPhase = 2
debug ++ [Boolean] bubbles = false
debug ++ [Boolean] cancelable = false
debug ++ [String] type = timer
debug +++ [int] repeatCount = 0
debug +++ [int] currentCount = 7
debug +++ [Boolean] running = true
debug +++ [int] delay = 180000
debug +++ [int] repeatCount = 0
debug +++ [int] currentCount = 7
debug +++ [Boolean] running = true
debug +++ [int] delay = 180000
debug time 21:16:07.435 :: After HeartBeat Count=24 Result=5
debug time 21:19:08.264 :: Before HeartBeat Count=25 Time=Wed Sep 21 2011 21:19:08 GMT+0200 AccountId=28699575 Session=43973762-237e-4ecd-aa42-53f32ddddb04
debug ++ [int] eventPhase = 2
debug ++ [Boolean] bubbles = false
debug ++ [Boolean] cancelable = false
debug ++ [String] type = timer
debug +++ [int] repeatCount = 0
debug +++ [int] currentCount = 8
debug +++ [Boolean] running = true
debug +++ [int] delay = 180000
debug +++ [int] repeatCount = 0
debug +++ [int] currentCount = 8
debug +++ [Boolean] running = true
debug +++ [int] delay = 180000
debug time 21:19:08.442 :: After HeartBeat Count=25 Result=5
debug time 21:22:08.263 :: Before HeartBeat Count=26 Time=Wed Sep 21 2011 21:22:08 GMT+0200 AccountId=28699575 Session=43973762-237e-4ecd-aa42-53f32ddddb04
debug ++ [int] eventPhase = 2
debug ++ [Boolean] bubbles = false
debug ++ [Boolean] cancelable = false
debug ++ [String] type = timer
debug +++ [int] repeatCount = 0
debug +++ [int] currentCount = 9
debug +++ [Boolean] running = true
debug +++ [int] delay = 180000
debug +++ [int] repeatCount = 0
debug +++ [int] currentCount = 9
debug +++ [Boolean] running = true
debug +++ [int] delay = 180000
debug time 21:22:08.441 :: After HeartBeat Count=26 Result=5
debug time 21:25:08.289 :: Before HeartBeat Count=27 Time=Wed Sep 21 2011 21:25:08 GMT+0200 AccountId=28699575 Session=43973762-237e-4ecd-aa42-53f32ddddb04
debug ++ [int] eventPhase = 2
debug ++ [Boolean] bubbles = false
debug ++ [Boolean] cancelable = false
debug ++ [String] type = timer
debug +++ [int] repeatCount = 0
debug +++ [int] currentCount = 10
debug +++ [Boolean] running = true
debug +++ [int] delay = 180000
debug +++ [int] repeatCount = 0
debug +++ [int] currentCount = 10
debug +++ [Boolean] running = true
debug +++ [int] delay = 180000
debug time 21:25:08.507 :: After HeartBeat Count=27 Result=5
debug time 21:28:08.297 :: Before HeartBeat Count=28 Time=Wed Sep 21 2011 21:28:08 GMT+0200 AccountId=28699575 Session=43973762-237e-4ecd-aa42-53f32ddddb04
debug ++ [int] eventPhase = 2
debug ++ [Boolean] bubbles = false
debug ++ [Boolean] cancelable = false
debug ++ [String] type = timer
debug +++ [int] repeatCount = 0
debug +++ [int] currentCount = 11
debug +++ [Boolean] running = true
debug +++ [int] delay = 180000
debug +++ [int] repeatCount = 0
debug +++ [int] currentCount = 11
debug +++ [Boolean] running = true
debug +++ [int] delay = 180000
debug time 21:28:08.501 :: After HeartBeat Count=28 Result=5
debug time 21:31:08.525 :: Before HeartBeat Count=29 Time=Wed Sep 21 2011 21:31:08 GMT+0200 AccountId=28699575 Session=43973762-237e-4ecd-aa42-53f32ddddb04
debug ++ [int] eventPhase = 2
debug ++ [Boolean] bubbles = false
debug ++ [Boolean] cancelable = false
debug ++ [String] type = timer
debug +++ [int] repeatCount = 0
debug +++ [int] currentCount = 12
debug +++ [Boolean] running = true
debug +++ [int] delay = 180000
debug +++ [int] repeatCount = 0
debug +++ [int] currentCount = 12
debug +++ [Boolean] running = true
debug +++ [int] delay = 180000
debug time 21:34:09.521 :: Before HeartBeat Count=30 Time=Wed Sep 21 2011 21:34:09 GMT+0200 AccountId=28699575 Session=43973762-237e-4ecd-aa42-53f32ddddb04
debug ++ [int] eventPhase = 2
debug ++ [Boolean] bubbles = false
debug ++ [Boolean] cancelable = false
debug ++ [String] type = timer
debug +++ [int] repeatCount = 0
debug +++ [int] currentCount = 13
debug +++ [Boolean] running = true
debug +++ [int] delay = 180000
debug +++ [int] repeatCount = 0
debug +++ [int] currentCount = 13
debug +++ [Boolean] running = true
debug +++ [int] delay = 180000
debug time 21:37:09.521 :: Before HeartBeat Count=31 Time=Wed Sep 21 2011 21:37:09 GMT+0200 AccountId=28699575 Session=43973762-237e-4ecd-aa42-53f32ddddb04
debug ++ [int] eventPhase = 2
debug ++ [Boolean] bubbles = false
debug ++ [Boolean] cancelable = false
debug ++ [String] type = timer
debug +++ [int] repeatCount = 0
debug +++ [int] currentCount = 14
debug +++ [Boolean] running = true
debug +++ [int] delay = 180000
debug +++ [int] repeatCount = 0
debug +++ [int] currentCount = 14
debug +++ [Boolean] running = true
debug +++ [int] delay = 180000
