debug time 18:55:15.686 :: Before HeartBeat Count=1 Time=Sun Jan 1 2012 18:55:15 GMT+0100 AccountId=29131007 Session=b7042aec-ae07-4734-a2be-79308dddd286
STOP LOGGING: More than 0 nested objects or properties. 
debug time 18:55:16.748 :: After HeartBeat Count=1 Result=5
debug time 18:57:15.757 :: Before HeartBeat Count=2 Time=Sun Jan 1 2012 18:57:15 GMT+0100 AccountId=29131007 Session=b7042aec-ae07-4734-a2be-79308dddd286
debug ++ [int] eventPhase = 2
debug ++ [Boolean] bubbles = false
debug ++ [Boolean] cancelable = false
debug ++ [String] type = timer
debug +++ [int] repeatCount = 0
debug +++ [int] currentCount = 1
debug +++ [Boolean] running = true
debug +++ [int] delay = 120000
debug +++ [int] repeatCount = 0
debug +++ [int] currentCount = 1
debug +++ [Boolean] running = true
debug +++ [int] delay = 120000
debug time 18:57:16.21 :: After HeartBeat Count=2 Result=5
debug time 18:59:16.419 :: Before HeartBeat Count=3 Time=Sun Jan 1 2012 18:59:16 GMT+0100 AccountId=29131007 Session=b7042aec-ae07-4734-a2be-79308dddd286
debug ++ [int] eventPhase = 2
debug ++ [Boolean] bubbles = false
debug ++ [Boolean] cancelable = false
debug ++ [String] type = timer
debug +++ [int] repeatCount = 0
debug +++ [int] currentCount = 2
debug +++ [Boolean] running = true
debug +++ [int] delay = 120000
debug +++ [int] repeatCount = 0
debug +++ [int] currentCount = 2
debug +++ [Boolean] running = true
debug +++ [int] delay = 120000
debug time 18:59:17.416 :: After HeartBeat Count=3 Result=5
debug time 19:01:16.423 :: Before HeartBeat Count=4 Time=Sun Jan 1 2012 19:01:16 GMT+0100 AccountId=29131007 Session=b7042aec-ae07-4734-a2be-79308dddd286
debug ++ [int] eventPhase = 2
debug ++ [Boolean] bubbles = false
debug ++ [Boolean] cancelable = false
debug ++ [String] type = timer
debug +++ [int] repeatCount = 0
debug +++ [int] currentCount = 3
debug +++ [Boolean] running = true
debug +++ [int] delay = 120000
debug +++ [int] repeatCount = 0
debug +++ [int] currentCount = 3
debug +++ [Boolean] running = true
debug +++ [int] delay = 120000
debug time 19:01:17.417 :: After HeartBeat Count=4 Result=5
debug time 19:03:17.421 :: Before HeartBeat Count=5 Time=Sun Jan 1 2012 19:03:17 GMT+0100 AccountId=29131007 Session=b7042aec-ae07-4734-a2be-79308dddd286
debug ++ [int] eventPhase = 2
debug ++ [Boolean] bubbles = false
debug ++ [Boolean] cancelable = false
debug ++ [String] type = timer
debug +++ [int] repeatCount = 0
debug +++ [int] currentCount = 4
debug +++ [Boolean] running = true
debug +++ [int] delay = 120000
debug +++ [int] repeatCount = 0
debug +++ [int] currentCount = 4
debug +++ [Boolean] running = true
debug +++ [int] delay = 120000
debug time 19:03:18.417 :: After HeartBeat Count=5 Result=5
debug time 19:05:18.423 :: Before HeartBeat Count=6 Time=Sun Jan 1 2012 19:05:18 GMT+0100 AccountId=29131007 Session=b7042aec-ae07-4734-a2be-79308dddd286
debug ++ [int] eventPhase = 2
debug ++ [Boolean] bubbles = false
debug ++ [Boolean] cancelable = false
debug ++ [String] type = timer
debug +++ [int] repeatCount = 0
debug +++ [int] currentCount = 5
debug +++ [Boolean] running = true
debug +++ [int] delay = 120000
debug +++ [int] repeatCount = 0
debug +++ [int] currentCount = 5
debug +++ [Boolean] running = true
debug +++ [int] delay = 120000
debug time 19:05:19.418 :: After HeartBeat Count=6 Result=5
debug time 19:07:18.443 :: Before HeartBeat Count=7 Time=Sun Jan 1 2012 19:07:18 GMT+0100 AccountId=29131007 Session=b7042aec-ae07-4734-a2be-79308dddd286
debug ++ [int] eventPhase = 2
debug ++ [Boolean] bubbles = false
debug ++ [Boolean] cancelable = false
debug ++ [String] type = timer
debug +++ [int] repeatCount = 0
debug +++ [int] currentCount = 6
debug +++ [Boolean] running = true
debug +++ [int] delay = 120000
debug +++ [int] repeatCount = 0
debug +++ [int] currentCount = 6
debug +++ [Boolean] running = true
debug +++ [int] delay = 120000
debug time 19:07:19.419 :: After HeartBeat Count=7 Result=5
debug time 19:09:19.424 :: Before HeartBeat Count=8 Time=Sun Jan 1 2012 19:09:19 GMT+0100 AccountId=29131007 Session=b7042aec-ae07-4734-a2be-79308dddd286
debug ++ [int] eventPhase = 2
debug ++ [Boolean] bubbles = false
debug ++ [Boolean] cancelable = false
debug ++ [String] type = timer
debug +++ [int] repeatCount = 0
debug +++ [int] currentCount = 7
debug +++ [Boolean] running = true
debug +++ [int] delay = 120000
debug +++ [int] repeatCount = 0
debug +++ [int] currentCount = 7
debug +++ [Boolean] running = true
debug +++ [int] delay = 120000
debug time 19:09:20.421 :: After HeartBeat Count=8 Result=5
debug time 19:11:19.425 :: Before HeartBeat Count=9 Time=Sun Jan 1 2012 19:11:19 GMT+0100 AccountId=29131007 Session=b7042aec-ae07-4734-a2be-79308dddd286
debug ++ [int] eventPhase = 2
debug ++ [Boolean] bubbles = false
debug ++ [Boolean] cancelable = false
debug ++ [String] type = timer
debug +++ [int] repeatCount = 0
debug +++ [int] currentCount = 8
debug +++ [Boolean] running = true
debug +++ [int] delay = 120000
debug +++ [int] repeatCount = 0
debug +++ [int] currentCount = 8
debug +++ [Boolean] running = true
debug +++ [int] delay = 120000
debug time 19:11:20.422 :: After HeartBeat Count=9 Result=5
debug time 19:13:19.426 :: Before HeartBeat Count=10 Time=Sun Jan 1 2012 19:13:19 GMT+0100 AccountId=29131007 Session=b7042aec-ae07-4734-a2be-79308dddd286
debug ++ [int] eventPhase = 2
debug ++ [Boolean] bubbles = false
debug ++ [Boolean] cancelable = false
debug ++ [String] type = timer
debug +++ [int] repeatCount = 0
debug +++ [int] currentCount = 9
debug +++ [Boolean] running = true
debug +++ [int] delay = 120000
debug +++ [int] repeatCount = 0
debug +++ [int] currentCount = 9
debug +++ [Boolean] running = true
debug +++ [int] delay = 120000
debug time 19:13:20.423 :: After HeartBeat Count=10 Result=5
debug time 19:15:19.428 :: Before HeartBeat Count=11 Time=Sun Jan 1 2012 19:15:19 GMT+0100 AccountId=29131007 Session=b7042aec-ae07-4734-a2be-79308dddd286
debug ++ [int] eventPhase = 2
debug ++ [Boolean] bubbles = false
debug ++ [Boolean] cancelable = false
debug ++ [String] type = timer
debug +++ [int] repeatCount = 0
debug +++ [int] currentCount = 10
debug +++ [Boolean] running = true
debug +++ [int] delay = 120000
debug +++ [int] repeatCount = 0
debug +++ [int] currentCount = 10
debug +++ [Boolean] running = true
debug +++ [int] delay = 120000
debug time 19:15:20.424 :: After HeartBeat Count=11 Result=5
debug time 19:17:19.429 :: Before HeartBeat Count=12 Time=Sun Jan 1 2012 19:17:19 GMT+0100 AccountId=29131007 Session=b7042aec-ae07-4734-a2be-79308dddd286
debug ++ [int] eventPhase = 2
debug ++ [Boolean] bubbles = false
debug ++ [Boolean] cancelable = false
debug ++ [String] type = timer
debug +++ [int] repeatCount = 0
debug +++ [int] currentCount = 11
debug +++ [Boolean] running = true
debug +++ [int] delay = 120000
debug +++ [int] repeatCount = 0
debug +++ [int] currentCount = 11
debug +++ [Boolean] running = true
debug +++ [int] delay = 120000
debug time 19:17:20.425 :: After HeartBeat Count=12 Result=5
debug time 19:19:19.429 :: Before HeartBeat Count=13 Time=Sun Jan 1 2012 19:19:19 GMT+0100 AccountId=29131007 Session=b7042aec-ae07-4734-a2be-79308dddd286
debug ++ [int] eventPhase = 2
debug ++ [Boolean] bubbles = false
debug ++ [Boolean] cancelable = false
debug ++ [String] type = timer
debug +++ [int] repeatCount = 0
debug +++ [int] currentCount = 12
debug +++ [Boolean] running = true
debug +++ [int] delay = 120000
debug +++ [int] repeatCount = 0
debug +++ [int] currentCount = 12
debug +++ [Boolean] running = true
debug +++ [int] delay = 120000
debug time 19:19:20.426 :: After HeartBeat Count=13 Result=5
debug time 19:21:20.431 :: Before HeartBeat Count=14 Time=Sun Jan 1 2012 19:21:20 GMT+0100 AccountId=29131007 Session=b7042aec-ae07-4734-a2be-79308dddd286
debug ++ [int] eventPhase = 2
debug ++ [Boolean] bubbles = false
debug ++ [Boolean] cancelable = false
debug ++ [String] type = timer
debug +++ [int] repeatCount = 0
debug +++ [int] currentCount = 13
debug +++ [Boolean] running = true
debug +++ [int] delay = 120000
debug +++ [int] repeatCount = 0
debug +++ [int] currentCount = 13
debug +++ [Boolean] running = true
debug +++ [int] delay = 120000
debug time 19:21:21.427 :: After HeartBeat Count=14 Result=5
debug time 19:21:58.492 :: Performing heartbeat at Sun Jan 1 2012 19:21:58 GMT+0100
debug time 19:23:20.466 :: Before HeartBeat Count=15 Time=Sun Jan 1 2012 19:23:20 GMT+0100 AccountId=29131007 Session=b7042aec-ae07-4734-a2be-79308dddd286
debug ++ [int] eventPhase = 2
debug ++ [Boolean] bubbles = false
debug ++ [Boolean] cancelable = false
debug ++ [String] type = timer
debug +++ [int] repeatCount = 0
debug +++ [int] currentCount = 14
debug +++ [Boolean] running = true
debug +++ [int] delay = 120000
debug +++ [int] repeatCount = 0
debug +++ [int] currentCount = 14
debug +++ [Boolean] running = true
debug +++ [int] delay = 120000
debug time 19:23:20.667 :: After HeartBeat Count=15 Result=5
debug time 19:25:21.224 :: Before HeartBeat Count=16 Time=Sun Jan 1 2012 19:25:21 GMT+0100 AccountId=29131007 Session=b7042aec-ae07-4734-a2be-79308dddd286
debug ++ [int] eventPhase = 2
debug ++ [Boolean] bubbles = false
debug ++ [Boolean] cancelable = false
debug ++ [String] type = timer
debug +++ [int] repeatCount = 0
debug +++ [int] currentCount = 15
debug +++ [Boolean] running = true
debug +++ [int] delay = 120000
debug +++ [int] repeatCount = 0
debug +++ [int] currentCount = 15
debug +++ [Boolean] running = true
debug +++ [int] delay = 120000
debug time 19:25:21.417 :: After HeartBeat Count=16 Result=5
debug time 19:27:21.284 :: Before HeartBeat Count=17 Time=Sun Jan 1 2012 19:27:21 GMT+0100 AccountId=29131007 Session=b7042aec-ae07-4734-a2be-79308dddd286
debug ++ [int] eventPhase = 2
debug ++ [Boolean] bubbles = false
debug ++ [Boolean] cancelable = false
debug ++ [String] type = timer
debug +++ [int] repeatCount = 0
debug +++ [int] currentCount = 16
debug +++ [Boolean] running = true
debug +++ [int] delay = 120000
debug +++ [int] repeatCount = 0
debug +++ [int] currentCount = 16
debug +++ [Boolean] running = true
debug +++ [int] delay = 120000
debug time 19:27:22.274 :: After HeartBeat Count=17 Result=5
debug time 19:29:21.306 :: Before HeartBeat Count=18 Time=Sun Jan 1 2012 19:29:21 GMT+0100 AccountId=29131007 Session=b7042aec-ae07-4734-a2be-79308dddd286
debug ++ [int] eventPhase = 2
debug ++ [Boolean] bubbles = false
debug ++ [Boolean] cancelable = false
debug ++ [String] type = timer
debug +++ [int] repeatCount = 0
debug +++ [int] currentCount = 17
debug +++ [Boolean] running = true
debug +++ [int] delay = 120000
debug +++ [int] repeatCount = 0
debug +++ [int] currentCount = 17
debug +++ [Boolean] running = true
debug +++ [int] delay = 120000
debug time 19:29:22.275 :: After HeartBeat Count=18 Result=5
debug time 19:31:22.279 :: Before HeartBeat Count=19 Time=Sun Jan 1 2012 19:31:22 GMT+0100 AccountId=29131007 Session=b7042aec-ae07-4734-a2be-79308dddd286
debug ++ [int] eventPhase = 2
debug ++ [Boolean] bubbles = false
debug ++ [Boolean] cancelable = false
debug ++ [String] type = timer
debug +++ [int] repeatCount = 0
debug +++ [int] currentCount = 18
debug +++ [Boolean] running = true
debug +++ [int] delay = 120000
debug +++ [int] repeatCount = 0
debug +++ [int] currentCount = 18
debug +++ [Boolean] running = true
debug +++ [int] delay = 120000
debug time 19:31:23.277 :: After HeartBeat Count=19 Result=5
debug time 19:33:22.281 :: Before HeartBeat Count=20 Time=Sun Jan 1 2012 19:33:22 GMT+0100 AccountId=29131007 Session=b7042aec-ae07-4734-a2be-79308dddd286
debug ++ [int] eventPhase = 2
debug ++ [Boolean] bubbles = false
debug ++ [Boolean] cancelable = false
debug ++ [String] type = timer
debug +++ [int] repeatCount = 0
debug +++ [int] currentCount = 19
debug +++ [Boolean] running = true
debug +++ [int] delay = 120000
debug +++ [int] repeatCount = 0
debug +++ [int] currentCount = 19
debug +++ [Boolean] running = true
debug +++ [int] delay = 120000
debug time 19:33:23.278 :: After HeartBeat Count=20 Result=5
debug time 19:35:23.283 :: Before HeartBeat Count=21 Time=Sun Jan 1 2012 19:35:23 GMT+0100 AccountId=29131007 Session=b7042aec-ae07-4734-a2be-79308dddd286
debug ++ [int] eventPhase = 2
debug ++ [Boolean] bubbles = false
debug ++ [Boolean] cancelable = false
debug ++ [String] type = timer
debug +++ [int] repeatCount = 0
debug +++ [int] currentCount = 20
debug +++ [Boolean] running = true
debug +++ [int] delay = 120000
debug +++ [int] repeatCount = 0
debug +++ [int] currentCount = 20
debug +++ [Boolean] running = true
debug +++ [int] delay = 120000
debug time 19:35:24.279 :: After HeartBeat Count=21 Result=5
debug time 19:37:23.284 :: Before HeartBeat Count=22 Time=Sun Jan 1 2012 19:37:23 GMT+0100 AccountId=29131007 Session=b7042aec-ae07-4734-a2be-79308dddd286
debug ++ [int] eventPhase = 2
debug ++ [Boolean] bubbles = false
debug ++ [Boolean] cancelable = false
debug ++ [String] type = timer
debug +++ [int] repeatCount = 0
debug +++ [int] currentCount = 21
debug +++ [Boolean] running = true
debug +++ [int] delay = 120000
debug +++ [int] repeatCount = 0
debug +++ [int] currentCount = 21
debug +++ [Boolean] running = true
debug +++ [int] delay = 120000
debug time 19:37:24.279 :: After HeartBeat Count=22 Result=5
debug time 19:39:23.306 :: Before HeartBeat Count=23 Time=Sun Jan 1 2012 19:39:23 GMT+0100 AccountId=29131007 Session=b7042aec-ae07-4734-a2be-79308dddd286
debug ++ [int] eventPhase = 2
debug ++ [Boolean] bubbles = false
debug ++ [Boolean] cancelable = false
debug ++ [String] type = timer
debug +++ [int] repeatCount = 0
debug +++ [int] currentCount = 22
debug +++ [Boolean] running = true
debug +++ [int] delay = 120000
debug +++ [int] repeatCount = 0
debug +++ [int] currentCount = 22
debug +++ [Boolean] running = true
debug +++ [int] delay = 120000
debug time 19:39:24.281 :: After HeartBeat Count=23 Result=5
debug time 19:41:23.306 :: Before HeartBeat Count=24 Time=Sun Jan 1 2012 19:41:23 GMT+0100 AccountId=29131007 Session=b7042aec-ae07-4734-a2be-79308dddd286
debug ++ [int] eventPhase = 2
debug ++ [Boolean] bubbles = false
debug ++ [Boolean] cancelable = false
debug ++ [String] type = timer
debug +++ [int] repeatCount = 0
debug +++ [int] currentCount = 23
debug +++ [Boolean] running = true
debug +++ [int] delay = 120000
debug +++ [int] repeatCount = 0
debug +++ [int] currentCount = 23
debug +++ [Boolean] running = true
debug +++ [int] delay = 120000
debug time 19:41:24.282 :: After HeartBeat Count=24 Result=5
debug time 19:43:24.289 :: Before HeartBeat Count=25 Time=Sun Jan 1 2012 19:43:24 GMT+0100 AccountId=29131007 Session=b7042aec-ae07-4734-a2be-79308dddd286
debug ++ [int] eventPhase = 2
debug ++ [Boolean] bubbles = false
debug ++ [Boolean] cancelable = false
debug ++ [String] type = timer
debug +++ [int] repeatCount = 0
debug +++ [int] currentCount = 24
debug +++ [Boolean] running = true
debug +++ [int] delay = 120000
debug +++ [int] repeatCount = 0
debug +++ [int] currentCount = 24
debug +++ [Boolean] running = true
debug +++ [int] delay = 120000
debug time 19:43:25.283 :: After HeartBeat Count=25 Result=5
debug time 19:45:24.309 :: Before HeartBeat Count=26 Time=Sun Jan 1 2012 19:45:24 GMT+0100 AccountId=29131007 Session=b7042aec-ae07-4734-a2be-79308dddd286
debug ++ [int] eventPhase = 2
debug ++ [Boolean] bubbles = false
debug ++ [Boolean] cancelable = false
debug ++ [String] type = timer
debug +++ [int] repeatCount = 0
debug +++ [int] currentCount = 25
debug +++ [Boolean] running = true
debug +++ [int] delay = 120000
debug +++ [int] repeatCount = 0
debug +++ [int] currentCount = 25
debug +++ [Boolean] running = true
debug +++ [int] delay = 120000
debug time 19:45:25.284 :: After HeartBeat Count=26 Result=5
debug time 19:47:25.289 :: Before HeartBeat Count=27 Time=Sun Jan 1 2012 19:47:25 GMT+0100 AccountId=29131007 Session=b7042aec-ae07-4734-a2be-79308dddd286
debug ++ [int] eventPhase = 2
debug ++ [Boolean] bubbles = false
debug ++ [Boolean] cancelable = false
debug ++ [String] type = timer
debug +++ [int] repeatCount = 0
debug +++ [int] currentCount = 26
debug +++ [Boolean] running = true
debug +++ [int] delay = 120000
debug +++ [int] repeatCount = 0
debug +++ [int] currentCount = 26
debug +++ [Boolean] running = true
debug +++ [int] delay = 120000
debug time 19:47:26.286 :: After HeartBeat Count=27 Result=5
debug time 19:49:25.291 :: Before HeartBeat Count=28 Time=Sun Jan 1 2012 19:49:25 GMT+0100 AccountId=29131007 Session=b7042aec-ae07-4734-a2be-79308dddd286
debug ++ [int] eventPhase = 2
debug ++ [Boolean] bubbles = false
debug ++ [Boolean] cancelable = false
debug ++ [String] type = timer
debug +++ [int] repeatCount = 0
debug +++ [int] currentCount = 27
debug +++ [Boolean] running = true
debug +++ [int] delay = 120000
debug +++ [int] repeatCount = 0
debug +++ [int] currentCount = 27
debug +++ [Boolean] running = true
debug +++ [int] delay = 120000
debug time 19:49:26.287 :: After HeartBeat Count=28 Result=5
debug time 19:51:26.291 :: Before HeartBeat Count=29 Time=Sun Jan 1 2012 19:51:26 GMT+0100 AccountId=29131007 Session=b7042aec-ae07-4734-a2be-79308dddd286
debug ++ [int] eventPhase = 2
debug ++ [Boolean] bubbles = false
debug ++ [Boolean] cancelable = false
debug ++ [String] type = timer
debug +++ [int] repeatCount = 0
debug +++ [int] currentCount = 28
debug +++ [Boolean] running = true
debug +++ [int] delay = 120000
debug +++ [int] repeatCount = 0
debug +++ [int] currentCount = 28
debug +++ [Boolean] running = true
debug +++ [int] delay = 120000
debug time 19:51:27.287 :: After HeartBeat Count=29 Result=5
debug time 19:53:26.292 :: Before HeartBeat Count=30 Time=Sun Jan 1 2012 19:53:26 GMT+0100 AccountId=29131007 Session=b7042aec-ae07-4734-a2be-79308dddd286
debug ++ [int] eventPhase = 2
debug ++ [Boolean] bubbles = false
debug ++ [Boolean] cancelable = false
debug ++ [String] type = timer
debug +++ [int] repeatCount = 0
debug +++ [int] currentCount = 29
debug +++ [Boolean] running = true
debug +++ [int] delay = 120000
debug +++ [int] repeatCount = 0
debug +++ [int] currentCount = 29
debug +++ [Boolean] running = true
debug +++ [int] delay = 120000
debug time 19:53:27.289 :: After HeartBeat Count=30 Result=5
debug time 19:55:26.293 :: Before HeartBeat Count=31 Time=Sun Jan 1 2012 19:55:26 GMT+0100 AccountId=29131007 Session=b7042aec-ae07-4734-a2be-79308dddd286
debug ++ [int] eventPhase = 2
debug ++ [Boolean] bubbles = false
debug ++ [Boolean] cancelable = false
debug ++ [String] type = timer
debug +++ [int] repeatCount = 0
debug +++ [int] currentCount = 30
debug +++ [Boolean] running = true
debug +++ [int] delay = 120000
debug +++ [int] repeatCount = 0
debug +++ [int] currentCount = 30
debug +++ [Boolean] running = true
debug +++ [int] delay = 120000
debug time 19:55:27.290 :: After HeartBeat Count=31 Result=5
debug time 19:57:27.318 :: Before HeartBeat Count=32 Time=Sun Jan 1 2012 19:57:27 GMT+0100 AccountId=29131007 Session=b7042aec-ae07-4734-a2be-79308dddd286
debug ++ [int] eventPhase = 2
debug ++ [Boolean] bubbles = false
debug ++ [Boolean] cancelable = false
debug ++ [String] type = timer
debug +++ [int] repeatCount = 0
debug +++ [int] currentCount = 31
debug +++ [Boolean] running = true
debug +++ [int] delay = 120000
debug +++ [int] repeatCount = 0
debug +++ [int] currentCount = 31
debug +++ [Boolean] running = true
debug +++ [int] delay = 120000
debug time 19:57:28.291 :: After HeartBeat Count=32 Result=5
debug time 19:59:15.341 :: Performing heartbeat at Sun Jan 1 2012 19:59:15 GMT+0100
debug time 19:59:27.346 :: Before HeartBeat Count=33 Time=Sun Jan 1 2012 19:59:27 GMT+0100 AccountId=29131007 Session=b7042aec-ae07-4734-a2be-79308dddd286
debug ++ [int] eventPhase = 2
debug ++ [Boolean] bubbles = false
debug ++ [Boolean] cancelable = false
debug ++ [String] type = timer
debug +++ [int] repeatCount = 0
debug +++ [int] currentCount = 32
debug +++ [Boolean] running = true
debug +++ [int] delay = 120000
debug +++ [int] repeatCount = 0
debug +++ [int] currentCount = 32
debug +++ [Boolean] running = true
debug +++ [int] delay = 120000
debug time 19:59:27.547 :: After HeartBeat Count=33 Result=5
