debug time 18:41:08.995 :: Before HeartBeat Count=1 Time=Thu Oct 13 2011 18:41:08 GMT+0200 AccountId=28699575 Session=fdbddd2a-8261-4625-83ec-352060865c07
STOP LOGGING: More than 0 nested objects or properties. 
debug time 18:41:09.693 :: After HeartBeat Count=1 Result=5
debug time 18:44:09.33 :: Before HeartBeat Count=2 Time=Thu Oct 13 2011 18:44:09 GMT+0200 AccountId=28699575 Session=fdbddd2a-8261-4625-83ec-352060865c07
debug ++ [int] eventPhase = 2
debug ++ [Boolean] bubbles = false
debug ++ [Boolean] cancelable = false
debug ++ [String] type = timer
debug +++ [int] repeatCount = 0
debug +++ [int] currentCount = 1
debug +++ [Boolean] running = true
debug +++ [int] delay = 180000
debug +++ [int] repeatCount = 0
debug +++ [int] currentCount = 1
debug +++ [Boolean] running = true
debug +++ [int] delay = 180000
debug time 18:44:09.313 :: After HeartBeat Count=2 Result=5
debug time 18:47:09.34 :: Before HeartBeat Count=3 Time=Thu Oct 13 2011 18:47:09 GMT+0200 AccountId=28699575 Session=fdbddd2a-8261-4625-83ec-352060865c07
debug ++ [int] eventPhase = 2
debug ++ [Boolean] bubbles = false
debug ++ [Boolean] cancelable = false
debug ++ [String] type = timer
debug +++ [int] repeatCount = 0
debug +++ [int] currentCount = 2
debug +++ [Boolean] running = true
debug +++ [int] delay = 180000
debug +++ [int] repeatCount = 0
debug +++ [int] currentCount = 2
debug +++ [Boolean] running = true
debug +++ [int] delay = 180000
debug time 18:47:09.240 :: After HeartBeat Count=3 Result=5
debug time 18:50:09.47 :: Before HeartBeat Count=4 Time=Thu Oct 13 2011 18:50:09 GMT+0200 AccountId=28699575 Session=fdbddd2a-8261-4625-83ec-352060865c07
debug ++ [int] eventPhase = 2
debug ++ [Boolean] bubbles = false
debug ++ [Boolean] cancelable = false
debug ++ [String] type = timer
debug +++ [int] repeatCount = 0
debug +++ [int] currentCount = 3
debug +++ [Boolean] running = true
debug +++ [int] delay = 180000
debug +++ [int] repeatCount = 0
debug +++ [int] currentCount = 3
debug +++ [Boolean] running = true
debug +++ [int] delay = 180000
debug time 18:50:09.248 :: After HeartBeat Count=4 Result=5
debug time 18:53:09.630 :: Before HeartBeat Count=5 Time=Thu Oct 13 2011 18:53:09 GMT+0200 AccountId=28699575 Session=fdbddd2a-8261-4625-83ec-352060865c07
debug ++ [int] eventPhase = 2
debug ++ [Boolean] bubbles = false
debug ++ [Boolean] cancelable = false
debug ++ [String] type = timer
debug +++ [int] repeatCount = 0
debug +++ [int] currentCount = 4
debug +++ [Boolean] running = true
debug +++ [int] delay = 180000
debug +++ [int] repeatCount = 0
debug +++ [int] currentCount = 4
debug +++ [Boolean] running = true
debug +++ [int] delay = 180000
debug time 18:53:09.824 :: After HeartBeat Count=5 Result=5
debug time 18:56:09.629 :: Before HeartBeat Count=6 Time=Thu Oct 13 2011 18:56:09 GMT+0200 AccountId=28699575 Session=fdbddd2a-8261-4625-83ec-352060865c07
debug ++ [int] eventPhase = 2
debug ++ [Boolean] bubbles = false
debug ++ [Boolean] cancelable = false
debug ++ [String] type = timer
debug +++ [int] repeatCount = 0
debug +++ [int] currentCount = 5
debug +++ [Boolean] running = true
debug +++ [int] delay = 180000
debug +++ [int] repeatCount = 0
debug +++ [int] currentCount = 5
debug +++ [Boolean] running = true
debug +++ [int] delay = 180000
debug time 18:56:09.822 :: After HeartBeat Count=6 Result=5
debug time 18:59:10.630 :: Before HeartBeat Count=7 Time=Thu Oct 13 2011 18:59:10 GMT+0200 AccountId=28699575 Session=fdbddd2a-8261-4625-83ec-352060865c07
debug ++ [int] eventPhase = 2
debug ++ [Boolean] bubbles = false
debug ++ [Boolean] cancelable = false
debug ++ [String] type = timer
debug +++ [int] repeatCount = 0
debug +++ [int] currentCount = 6
debug +++ [Boolean] running = true
debug +++ [int] delay = 180000
debug +++ [int] repeatCount = 0
debug +++ [int] currentCount = 6
debug +++ [Boolean] running = true
debug +++ [int] delay = 180000
debug time 18:59:10.822 :: After HeartBeat Count=7 Result=5
debug time 19:02:10.640 :: Before HeartBeat Count=8 Time=Thu Oct 13 2011 19:02:10 GMT+0200 AccountId=28699575 Session=fdbddd2a-8261-4625-83ec-352060865c07
debug ++ [int] eventPhase = 2
debug ++ [Boolean] bubbles = false
debug ++ [Boolean] cancelable = false
debug ++ [String] type = timer
debug +++ [int] repeatCount = 0
debug +++ [int] currentCount = 7
debug +++ [Boolean] running = true
debug +++ [int] delay = 180000
debug +++ [int] repeatCount = 0
debug +++ [int] currentCount = 7
debug +++ [Boolean] running = true
debug +++ [int] delay = 180000
debug time 19:02:10.858 :: After HeartBeat Count=8 Result=5
debug time 19:05:11.629 :: Before HeartBeat Count=9 Time=Thu Oct 13 2011 19:05:11 GMT+0200 AccountId=28699575 Session=fdbddd2a-8261-4625-83ec-352060865c07
debug ++ [int] eventPhase = 2
debug ++ [Boolean] bubbles = false
debug ++ [Boolean] cancelable = false
debug ++ [String] type = timer
debug +++ [int] repeatCount = 0
debug +++ [int] currentCount = 8
debug +++ [Boolean] running = true
debug +++ [int] delay = 180000
debug +++ [int] repeatCount = 0
debug +++ [int] currentCount = 8
debug +++ [Boolean] running = true
debug +++ [int] delay = 180000
debug time 19:05:11.822 :: After HeartBeat Count=9 Result=5
debug time 19:08:12.630 :: Before HeartBeat Count=10 Time=Thu Oct 13 2011 19:08:12 GMT+0200 AccountId=28699575 Session=fdbddd2a-8261-4625-83ec-352060865c07
debug ++ [int] eventPhase = 2
debug ++ [Boolean] bubbles = false
debug ++ [Boolean] cancelable = false
debug ++ [String] type = timer
debug +++ [int] repeatCount = 0
debug +++ [int] currentCount = 9
debug +++ [Boolean] running = true
debug +++ [int] delay = 180000
debug +++ [int] repeatCount = 0
debug +++ [int] currentCount = 9
debug +++ [Boolean] running = true
debug +++ [int] delay = 180000
debug time 19:08:12.822 :: After HeartBeat Count=10 Result=5
debug time 19:11:12.629 :: Before HeartBeat Count=11 Time=Thu Oct 13 2011 19:11:12 GMT+0200 AccountId=28699575 Session=fdbddd2a-8261-4625-83ec-352060865c07
debug ++ [int] eventPhase = 2
debug ++ [Boolean] bubbles = false
debug ++ [Boolean] cancelable = false
debug ++ [String] type = timer
debug +++ [int] repeatCount = 0
debug +++ [int] currentCount = 10
debug +++ [Boolean] running = true
debug +++ [int] delay = 180000
debug +++ [int] repeatCount = 0
debug +++ [int] currentCount = 10
debug +++ [Boolean] running = true
debug +++ [int] delay = 180000
debug time 19:11:12.812 :: After HeartBeat Count=11 Result=5
debug time 19:13:14.388 :: Performing heartbeat at Thu Oct 13 2011 19:13:14 GMT+0200
debug time 19:14:12.653 :: Before HeartBeat Count=12 Time=Thu Oct 13 2011 19:14:12 GMT+0200 AccountId=28699575 Session=fdbddd2a-8261-4625-83ec-352060865c07
debug ++ [int] eventPhase = 2
debug ++ [Boolean] bubbles = false
debug ++ [Boolean] cancelable = false
debug ++ [String] type = timer
debug +++ [int] repeatCount = 0
debug +++ [int] currentCount = 11
debug +++ [Boolean] running = true
debug +++ [int] delay = 180000
debug +++ [int] repeatCount = 0
debug +++ [int] currentCount = 11
debug +++ [Boolean] running = true
debug +++ [int] delay = 180000
debug time 19:14:12.856 :: After HeartBeat Count=12 Result=5
debug time 19:17:12.754 :: Before HeartBeat Count=13 Time=Thu Oct 13 2011 19:17:12 GMT+0200 AccountId=28699575 Session=fdbddd2a-8261-4625-83ec-352060865c07
debug ++ [int] eventPhase = 2
debug ++ [Boolean] bubbles = false
debug ++ [Boolean] cancelable = false
debug ++ [String] type = timer
debug +++ [int] repeatCount = 0
debug +++ [int] currentCount = 12
debug +++ [Boolean] running = true
debug +++ [int] delay = 180000
debug +++ [int] repeatCount = 0
debug +++ [int] currentCount = 12
debug +++ [Boolean] running = true
debug +++ [int] delay = 180000
debug time 19:17:12.947 :: After HeartBeat Count=13 Result=5
debug time 19:20:12.777 :: Before HeartBeat Count=14 Time=Thu Oct 13 2011 19:20:12 GMT+0200 AccountId=28699575 Session=fdbddd2a-8261-4625-83ec-352060865c07
debug ++ [int] eventPhase = 2
debug ++ [Boolean] bubbles = false
debug ++ [Boolean] cancelable = false
debug ++ [String] type = timer
debug +++ [int] repeatCount = 0
debug +++ [int] currentCount = 13
debug +++ [Boolean] running = true
debug +++ [int] delay = 180000
debug +++ [int] repeatCount = 0
debug +++ [int] currentCount = 13
debug +++ [Boolean] running = true
debug +++ [int] delay = 180000
debug time 19:20:13.00 :: After HeartBeat Count=14 Result=5
debug time 19:23:13.754 :: Before HeartBeat Count=15 Time=Thu Oct 13 2011 19:23:13 GMT+0200 AccountId=28699575 Session=fdbddd2a-8261-4625-83ec-352060865c07
debug ++ [int] eventPhase = 2
debug ++ [Boolean] bubbles = false
debug ++ [Boolean] cancelable = false
debug ++ [String] type = timer
debug +++ [int] repeatCount = 0
debug +++ [int] currentCount = 14
debug +++ [Boolean] running = true
debug +++ [int] delay = 180000
debug +++ [int] repeatCount = 0
debug +++ [int] currentCount = 14
debug +++ [Boolean] running = true
debug +++ [int] delay = 180000
debug time 19:23:13.947 :: After HeartBeat Count=15 Result=5
debug time 19:26:13.782 :: Before HeartBeat Count=16 Time=Thu Oct 13 2011 19:26:13 GMT+0200 AccountId=28699575 Session=fdbddd2a-8261-4625-83ec-352060865c07
debug ++ [int] eventPhase = 2
debug ++ [Boolean] bubbles = false
debug ++ [Boolean] cancelable = false
debug ++ [String] type = timer
debug +++ [int] repeatCount = 0
debug +++ [int] currentCount = 15
debug +++ [Boolean] running = true
debug +++ [int] delay = 180000
debug +++ [int] repeatCount = 0
debug +++ [int] currentCount = 15
debug +++ [Boolean] running = true
debug +++ [int] delay = 180000
debug time 19:26:14.06 :: After HeartBeat Count=16 Result=5
debug time 19:29:14.755 :: Before HeartBeat Count=17 Time=Thu Oct 13 2011 19:29:14 GMT+0200 AccountId=28699575 Session=fdbddd2a-8261-4625-83ec-352060865c07
debug ++ [int] eventPhase = 2
debug ++ [Boolean] bubbles = false
debug ++ [Boolean] cancelable = false
debug ++ [String] type = timer
debug +++ [int] repeatCount = 0
debug +++ [int] currentCount = 16
debug +++ [Boolean] running = true
debug +++ [int] delay = 180000
debug +++ [int] repeatCount = 0
debug +++ [int] currentCount = 16
debug +++ [Boolean] running = true
debug +++ [int] delay = 180000
debug time 19:29:14.948 :: After HeartBeat Count=17 Result=5
debug time 19:32:14.772 :: Before HeartBeat Count=18 Time=Thu Oct 13 2011 19:32:14 GMT+0200 AccountId=28699575 Session=fdbddd2a-8261-4625-83ec-352060865c07
debug ++ [int] eventPhase = 2
debug ++ [Boolean] bubbles = false
debug ++ [Boolean] cancelable = false
debug ++ [String] type = timer
debug +++ [int] repeatCount = 0
debug +++ [int] currentCount = 17
debug +++ [Boolean] running = true
debug +++ [int] delay = 180000
debug +++ [int] repeatCount = 0
debug +++ [int] currentCount = 17
debug +++ [Boolean] running = true
debug +++ [int] delay = 180000
debug time 19:32:14.995 :: After HeartBeat Count=18 Result=5
debug time 19:35:14.780 :: Before HeartBeat Count=19 Time=Thu Oct 13 2011 19:35:14 GMT+0200 AccountId=28699575 Session=fdbddd2a-8261-4625-83ec-352060865c07
debug ++ [int] eventPhase = 2
debug ++ [Boolean] bubbles = false
debug ++ [Boolean] cancelable = false
debug ++ [String] type = timer
debug +++ [int] repeatCount = 0
debug +++ [int] currentCount = 18
debug +++ [Boolean] running = true
debug +++ [int] delay = 180000
debug +++ [int] repeatCount = 0
debug +++ [int] currentCount = 18
debug +++ [Boolean] running = true
debug +++ [int] delay = 180000
debug time 19:35:14.977 :: After HeartBeat Count=19 Result=5
debug time 19:38:15.779 :: Before HeartBeat Count=20 Time=Thu Oct 13 2011 19:38:15 GMT+0200 AccountId=28699575 Session=fdbddd2a-8261-4625-83ec-352060865c07
debug ++ [int] eventPhase = 2
debug ++ [Boolean] bubbles = false
debug ++ [Boolean] cancelable = false
debug ++ [String] type = timer
debug +++ [int] repeatCount = 0
debug +++ [int] currentCount = 19
debug +++ [Boolean] running = true
debug +++ [int] delay = 180000
debug +++ [int] repeatCount = 0
debug +++ [int] currentCount = 19
debug +++ [Boolean] running = true
debug +++ [int] delay = 180000
debug time 19:38:15.973 :: After HeartBeat Count=20 Result=5
debug time 19:41:15.781 :: Before HeartBeat Count=21 Time=Thu Oct 13 2011 19:41:15 GMT+0200 AccountId=28699575 Session=fdbddd2a-8261-4625-83ec-352060865c07
debug ++ [int] eventPhase = 2
debug ++ [Boolean] bubbles = false
debug ++ [Boolean] cancelable = false
debug ++ [String] type = timer
debug +++ [int] repeatCount = 0
debug +++ [int] currentCount = 20
debug +++ [Boolean] running = true
debug +++ [int] delay = 180000
debug +++ [int] repeatCount = 0
debug +++ [int] currentCount = 20
debug +++ [Boolean] running = true
debug +++ [int] delay = 180000
debug time 19:41:15.977 :: After HeartBeat Count=21 Result=5
debug time 19:44:16.754 :: Before HeartBeat Count=22 Time=Thu Oct 13 2011 19:44:16 GMT+0200 AccountId=28699575 Session=fdbddd2a-8261-4625-83ec-352060865c07
debug ++ [int] eventPhase = 2
debug ++ [Boolean] bubbles = false
debug ++ [Boolean] cancelable = false
debug ++ [String] type = timer
debug +++ [int] repeatCount = 0
debug +++ [int] currentCount = 21
debug +++ [Boolean] running = true
debug +++ [int] delay = 180000
debug +++ [int] repeatCount = 0
debug +++ [int] currentCount = 21
debug +++ [Boolean] running = true
debug +++ [int] delay = 180000
debug time 19:44:16.937 :: After HeartBeat Count=22 Result=5
debug time 19:47:16.756 :: Before HeartBeat Count=23 Time=Thu Oct 13 2011 19:47:16 GMT+0200 AccountId=28699575 Session=fdbddd2a-8261-4625-83ec-352060865c07
debug ++ [int] eventPhase = 2
debug ++ [Boolean] bubbles = false
debug ++ [Boolean] cancelable = false
debug ++ [String] type = timer
debug +++ [int] repeatCount = 0
debug +++ [int] currentCount = 22
debug +++ [Boolean] running = true
debug +++ [int] delay = 180000
debug +++ [int] repeatCount = 0
debug +++ [int] currentCount = 22
debug +++ [Boolean] running = true
debug +++ [int] delay = 180000
debug time 19:47:16.948 :: After HeartBeat Count=23 Result=5
debug time 19:50:16.756 :: Before HeartBeat Count=24 Time=Thu Oct 13 2011 19:50:16 GMT+0200 AccountId=28699575 Session=fdbddd2a-8261-4625-83ec-352060865c07
debug ++ [int] eventPhase = 2
debug ++ [Boolean] bubbles = false
debug ++ [Boolean] cancelable = false
debug ++ [String] type = timer
debug +++ [int] repeatCount = 0
debug +++ [int] currentCount = 23
debug +++ [Boolean] running = true
debug +++ [int] delay = 180000
debug +++ [int] repeatCount = 0
debug +++ [int] currentCount = 23
debug +++ [Boolean] running = true
debug +++ [int] delay = 180000
debug time 19:50:16.938 :: After HeartBeat Count=24 Result=5
debug time 19:53:17.755 :: Before HeartBeat Count=25 Time=Thu Oct 13 2011 19:53:17 GMT+0200 AccountId=28699575 Session=fdbddd2a-8261-4625-83ec-352060865c07
debug ++ [int] eventPhase = 2
debug ++ [Boolean] bubbles = false
debug ++ [Boolean] cancelable = false
debug ++ [String] type = timer
debug +++ [int] repeatCount = 0
debug +++ [int] currentCount = 24
debug +++ [Boolean] running = true
debug +++ [int] delay = 180000
debug +++ [int] repeatCount = 0
debug +++ [int] currentCount = 24
debug +++ [Boolean] running = true
debug +++ [int] delay = 180000
debug time 19:53:17.938 :: After HeartBeat Count=25 Result=5
