debug time 22:06:46.916 :: Before HeartBeat Count=1 Time=Sat Dec 3 2011 22:06:46 GMT+0100 AccountId=28699575 Session=afd384ed-8deb-4eea-b69a-4dd27c944b40
STOP LOGGING: More than 0 nested objects or properties. 
debug time 22:06:47.806 :: After HeartBeat Count=1 Result=5
debug time 22:09:46.942 :: Before HeartBeat Count=2 Time=Sat Dec 3 2011 22:09:46 GMT+0100 AccountId=28699575 Session=afd384ed-8deb-4eea-b69a-4dd27c944b40
debug ++ [int] eventPhase = 2
debug ++ [Boolean] bubbles = false
debug ++ [Boolean] cancelable = false
debug ++ [String] type = timer
debug +++ [int] repeatCount = 0
debug +++ [int] currentCount = 1
debug +++ [Boolean] running = true
debug +++ [int] delay = 180000
debug +++ [int] repeatCount = 0
debug +++ [int] currentCount = 1
debug +++ [Boolean] running = true
debug +++ [int] delay = 180000
debug time 22:09:47.144 :: After HeartBeat Count=2 Result=5
debug time 22:12:47.58 :: Before HeartBeat Count=3 Time=Sat Dec 3 2011 22:12:47 GMT+0100 AccountId=28699575 Session=afd384ed-8deb-4eea-b69a-4dd27c944b40
debug ++ [int] eventPhase = 2
debug ++ [Boolean] bubbles = false
debug ++ [Boolean] cancelable = false
debug ++ [String] type = timer
debug +++ [int] repeatCount = 0
debug +++ [int] currentCount = 2
debug +++ [Boolean] running = true
debug +++ [int] delay = 180000
debug +++ [int] repeatCount = 0
debug +++ [int] currentCount = 2
debug +++ [Boolean] running = true
debug +++ [int] delay = 180000
debug time 22:12:48.49 :: After HeartBeat Count=3 Result=5
debug time 22:15:48.57 :: Before HeartBeat Count=4 Time=Sat Dec 3 2011 22:15:48 GMT+0100 AccountId=28699575 Session=afd384ed-8deb-4eea-b69a-4dd27c944b40
debug ++ [int] eventPhase = 2
debug ++ [Boolean] bubbles = false
debug ++ [Boolean] cancelable = false
debug ++ [String] type = timer
debug +++ [int] repeatCount = 0
debug +++ [int] currentCount = 3
debug +++ [Boolean] running = true
debug +++ [int] delay = 180000
debug +++ [int] repeatCount = 0
debug +++ [int] currentCount = 3
debug +++ [Boolean] running = true
debug +++ [int] delay = 180000
debug time 22:15:49.52 :: After HeartBeat Count=4 Result=5
debug time 22:18:49.62 :: Before HeartBeat Count=5 Time=Sat Dec 3 2011 22:18:49 GMT+0100 AccountId=28699575 Session=afd384ed-8deb-4eea-b69a-4dd27c944b40
debug ++ [int] eventPhase = 2
debug ++ [Boolean] bubbles = false
debug ++ [Boolean] cancelable = false
debug ++ [String] type = timer
debug +++ [int] repeatCount = 0
debug +++ [int] currentCount = 4
debug +++ [Boolean] running = true
debug +++ [int] delay = 180000
debug +++ [int] repeatCount = 0
debug +++ [int] currentCount = 4
debug +++ [Boolean] running = true
debug +++ [int] delay = 180000
debug time 22:18:50.57 :: After HeartBeat Count=5 Result=5
debug time 22:21:49.90 :: Before HeartBeat Count=6 Time=Sat Dec 3 2011 22:21:49 GMT+0100 AccountId=28699575 Session=afd384ed-8deb-4eea-b69a-4dd27c944b40
debug ++ [int] eventPhase = 2
debug ++ [Boolean] bubbles = false
debug ++ [Boolean] cancelable = false
debug ++ [String] type = timer
debug +++ [int] repeatCount = 0
debug +++ [int] currentCount = 5
debug +++ [Boolean] running = true
debug +++ [int] delay = 180000
debug +++ [int] repeatCount = 0
debug +++ [int] currentCount = 5
debug +++ [Boolean] running = true
debug +++ [int] delay = 180000
debug time 22:21:50.60 :: After HeartBeat Count=6 Result=5
debug time 22:24:50.68 :: Before HeartBeat Count=7 Time=Sat Dec 3 2011 22:24:50 GMT+0100 AccountId=28699575 Session=afd384ed-8deb-4eea-b69a-4dd27c944b40
debug ++ [int] eventPhase = 2
debug ++ [Boolean] bubbles = false
debug ++ [Boolean] cancelable = false
debug ++ [String] type = timer
debug +++ [int] repeatCount = 0
debug +++ [int] currentCount = 6
debug +++ [Boolean] running = true
debug +++ [int] delay = 180000
debug +++ [int] repeatCount = 0
debug +++ [int] currentCount = 6
debug +++ [Boolean] running = true
debug +++ [int] delay = 180000
debug time 22:24:51.64 :: After HeartBeat Count=7 Result=5
debug time 22:27:50.71 :: Before HeartBeat Count=8 Time=Sat Dec 3 2011 22:27:50 GMT+0100 AccountId=28699575 Session=afd384ed-8deb-4eea-b69a-4dd27c944b40
debug ++ [int] eventPhase = 2
debug ++ [Boolean] bubbles = false
debug ++ [Boolean] cancelable = false
debug ++ [String] type = timer
debug +++ [int] repeatCount = 0
debug +++ [int] currentCount = 7
debug +++ [Boolean] running = true
debug +++ [int] delay = 180000
debug +++ [int] repeatCount = 0
debug +++ [int] currentCount = 7
debug +++ [Boolean] running = true
debug +++ [int] delay = 180000
debug time 22:27:51.68 :: After HeartBeat Count=8 Result=5
debug time 22:30:50.101 :: Before HeartBeat Count=9 Time=Sat Dec 3 2011 22:30:50 GMT+0100 AccountId=28699575 Session=afd384ed-8deb-4eea-b69a-4dd27c944b40
debug ++ [int] eventPhase = 2
debug ++ [Boolean] bubbles = false
debug ++ [Boolean] cancelable = false
debug ++ [String] type = timer
debug +++ [int] repeatCount = 0
debug +++ [int] currentCount = 8
debug +++ [Boolean] running = true
debug +++ [int] delay = 180000
debug +++ [int] repeatCount = 0
debug +++ [int] currentCount = 8
debug +++ [Boolean] running = true
debug +++ [int] delay = 180000
debug time 22:30:51.71 :: After HeartBeat Count=9 Result=5
debug time 22:33:51.79 :: Before HeartBeat Count=10 Time=Sat Dec 3 2011 22:33:51 GMT+0100 AccountId=28699575 Session=afd384ed-8deb-4eea-b69a-4dd27c944b40
debug ++ [int] eventPhase = 2
debug ++ [Boolean] bubbles = false
debug ++ [Boolean] cancelable = false
debug ++ [String] type = timer
debug +++ [int] repeatCount = 0
debug +++ [int] currentCount = 9
debug +++ [Boolean] running = true
debug +++ [int] delay = 180000
debug +++ [int] repeatCount = 0
debug +++ [int] currentCount = 9
debug +++ [Boolean] running = true
debug +++ [int] delay = 180000
debug time 22:33:52.74 :: After HeartBeat Count=10 Result=5
debug time 22:36:51.88 :: Before HeartBeat Count=11 Time=Sat Dec 3 2011 22:36:51 GMT+0100 AccountId=28699575 Session=afd384ed-8deb-4eea-b69a-4dd27c944b40
debug ++ [int] eventPhase = 2
debug ++ [Boolean] bubbles = false
debug ++ [Boolean] cancelable = false
debug ++ [String] type = timer
debug +++ [int] repeatCount = 0
debug +++ [int] currentCount = 10
debug +++ [Boolean] running = true
debug +++ [int] delay = 180000
debug +++ [int] repeatCount = 0
debug +++ [int] currentCount = 10
debug +++ [Boolean] running = true
debug +++ [int] delay = 180000
debug time 22:36:52.78 :: After HeartBeat Count=11 Result=5
debug time 22:39:52.85 :: Before HeartBeat Count=12 Time=Sat Dec 3 2011 22:39:52 GMT+0100 AccountId=28699575 Session=afd384ed-8deb-4eea-b69a-4dd27c944b40
debug ++ [int] eventPhase = 2
debug ++ [Boolean] bubbles = false
debug ++ [Boolean] cancelable = false
debug ++ [String] type = timer
debug +++ [int] repeatCount = 0
debug +++ [int] currentCount = 11
debug +++ [Boolean] running = true
debug +++ [int] delay = 180000
debug +++ [int] repeatCount = 0
debug +++ [int] currentCount = 11
debug +++ [Boolean] running = true
debug +++ [int] delay = 180000
debug time 22:39:53.87 :: After HeartBeat Count=12 Result=5
debug time 22:42:52.89 :: Before HeartBeat Count=13 Time=Sat Dec 3 2011 22:42:52 GMT+0100 AccountId=28699575 Session=afd384ed-8deb-4eea-b69a-4dd27c944b40
debug ++ [int] eventPhase = 2
debug ++ [Boolean] bubbles = false
debug ++ [Boolean] cancelable = false
debug ++ [String] type = timer
debug +++ [int] repeatCount = 0
debug +++ [int] currentCount = 12
debug +++ [Boolean] running = true
debug +++ [int] delay = 180000
debug +++ [int] repeatCount = 0
debug +++ [int] currentCount = 12
debug +++ [Boolean] running = true
debug +++ [int] delay = 180000
debug time 22:42:53.85 :: After HeartBeat Count=13 Result=5
debug time 22:45:52.96 :: Before HeartBeat Count=14 Time=Sat Dec 3 2011 22:45:52 GMT+0100 AccountId=28699575 Session=afd384ed-8deb-4eea-b69a-4dd27c944b40
debug ++ [int] eventPhase = 2
debug ++ [Boolean] bubbles = false
debug ++ [Boolean] cancelable = false
debug ++ [String] type = timer
debug +++ [int] repeatCount = 0
debug +++ [int] currentCount = 13
debug +++ [Boolean] running = true
debug +++ [int] delay = 180000
debug +++ [int] repeatCount = 0
debug +++ [int] currentCount = 13
debug +++ [Boolean] running = true
debug +++ [int] delay = 180000
debug time 22:45:53.89 :: After HeartBeat Count=14 Result=5
debug time 22:48:52.102 :: Before HeartBeat Count=15 Time=Sat Dec 3 2011 22:48:52 GMT+0100 AccountId=28699575 Session=afd384ed-8deb-4eea-b69a-4dd27c944b40
debug ++ [int] eventPhase = 2
debug ++ [Boolean] bubbles = false
debug ++ [Boolean] cancelable = false
debug ++ [String] type = timer
debug +++ [int] repeatCount = 0
debug +++ [int] currentCount = 14
debug +++ [Boolean] running = true
debug +++ [int] delay = 180000
debug +++ [int] repeatCount = 0
debug +++ [int] currentCount = 14
debug +++ [Boolean] running = true
debug +++ [int] delay = 180000
debug time 22:48:53.93 :: After HeartBeat Count=15 Result=5
debug time 22:49:55.298 :: Performing heartbeat at Sat Dec 3 2011 22:49:55 GMT+0100
