debug time 12:31:39.211 :: Before HeartBeat Count=1 Time=Wed Dec 14 2011 12:31:39 GMT+0100 AccountId=28699575 Session=a7d80e80-6e2f-4379-89d0-5052ed89592d
STOP LOGGING: More than 0 nested objects or properties. 
debug time 12:31:40.731 :: After HeartBeat Count=1 Result=5
debug time 12:34:39.250 :: Before HeartBeat Count=2 Time=Wed Dec 14 2011 12:34:39 GMT+0100 AccountId=28699575 Session=a7d80e80-6e2f-4379-89d0-5052ed89592d
debug ++ [int] eventPhase = 2
debug ++ [Boolean] bubbles = false
debug ++ [Boolean] cancelable = false
debug ++ [String] type = timer
debug +++ [int] repeatCount = 0
debug +++ [int] currentCount = 1
debug +++ [Boolean] running = true
debug +++ [int] delay = 180000
debug +++ [int] repeatCount = 0
debug +++ [int] currentCount = 1
debug +++ [Boolean] running = true
debug +++ [int] delay = 180000
debug time 12:34:40.247 :: After HeartBeat Count=2 Result=5
debug time 12:37:39.252 :: Before HeartBeat Count=3 Time=Wed Dec 14 2011 12:37:39 GMT+0100 AccountId=28699575 Session=a7d80e80-6e2f-4379-89d0-5052ed89592d
debug ++ [int] eventPhase = 2
debug ++ [Boolean] bubbles = false
debug ++ [Boolean] cancelable = false
debug ++ [String] type = timer
debug +++ [int] repeatCount = 0
debug +++ [int] currentCount = 2
debug +++ [Boolean] running = true
debug +++ [int] delay = 180000
debug +++ [int] repeatCount = 0
debug +++ [int] currentCount = 2
debug +++ [Boolean] running = true
debug +++ [int] delay = 180000
debug time 12:37:40.247 :: After HeartBeat Count=3 Result=5
debug time 12:40:39.251 :: Before HeartBeat Count=4 Time=Wed Dec 14 2011 12:40:39 GMT+0100 AccountId=28699575 Session=a7d80e80-6e2f-4379-89d0-5052ed89592d
debug ++ [int] eventPhase = 2
debug ++ [Boolean] bubbles = false
debug ++ [Boolean] cancelable = false
debug ++ [String] type = timer
debug +++ [int] repeatCount = 0
debug +++ [int] currentCount = 3
debug +++ [Boolean] running = true
debug +++ [int] delay = 180000
debug +++ [int] repeatCount = 0
debug +++ [int] currentCount = 3
debug +++ [Boolean] running = true
debug +++ [int] delay = 180000
debug time 12:40:40.247 :: After HeartBeat Count=4 Result=5
debug time 12:43:40.250 :: Before HeartBeat Count=5 Time=Wed Dec 14 2011 12:43:40 GMT+0100 AccountId=28699575 Session=a7d80e80-6e2f-4379-89d0-5052ed89592d
debug ++ [int] eventPhase = 2
debug ++ [Boolean] bubbles = false
debug ++ [Boolean] cancelable = false
debug ++ [String] type = timer
debug +++ [int] repeatCount = 0
debug +++ [int] currentCount = 4
debug +++ [Boolean] running = true
debug +++ [int] delay = 180000
debug +++ [int] repeatCount = 0
debug +++ [int] currentCount = 4
debug +++ [Boolean] running = true
debug +++ [int] delay = 180000
debug time 12:43:41.247 :: After HeartBeat Count=5 Result=5
debug time 12:46:40.250 :: Before HeartBeat Count=6 Time=Wed Dec 14 2011 12:46:40 GMT+0100 AccountId=28699575 Session=a7d80e80-6e2f-4379-89d0-5052ed89592d
debug ++ [int] eventPhase = 2
debug ++ [Boolean] bubbles = false
debug ++ [Boolean] cancelable = false
debug ++ [String] type = timer
debug +++ [int] repeatCount = 0
debug +++ [int] currentCount = 5
debug +++ [Boolean] running = true
debug +++ [int] delay = 180000
debug +++ [int] repeatCount = 0
debug +++ [int] currentCount = 5
debug +++ [Boolean] running = true
debug +++ [int] delay = 180000
debug time 12:46:41.247 :: After HeartBeat Count=6 Result=5
debug time 12:49:40.250 :: Before HeartBeat Count=7 Time=Wed Dec 14 2011 12:49:40 GMT+0100 AccountId=28699575 Session=a7d80e80-6e2f-4379-89d0-5052ed89592d
debug ++ [int] eventPhase = 2
debug ++ [Boolean] bubbles = false
debug ++ [Boolean] cancelable = false
debug ++ [String] type = timer
debug +++ [int] repeatCount = 0
debug +++ [int] currentCount = 6
debug +++ [Boolean] running = true
debug +++ [int] delay = 180000
debug +++ [int] repeatCount = 0
debug +++ [int] currentCount = 6
debug +++ [Boolean] running = true
debug +++ [int] delay = 180000
debug time 12:49:41.247 :: After HeartBeat Count=7 Result=5
debug time 12:52:40.250 :: Before HeartBeat Count=8 Time=Wed Dec 14 2011 12:52:40 GMT+0100 AccountId=28699575 Session=a7d80e80-6e2f-4379-89d0-5052ed89592d
debug ++ [int] eventPhase = 2
debug ++ [Boolean] bubbles = false
debug ++ [Boolean] cancelable = false
debug ++ [String] type = timer
debug +++ [int] repeatCount = 0
debug +++ [int] currentCount = 7
debug +++ [Boolean] running = true
debug +++ [int] delay = 180000
debug +++ [int] repeatCount = 0
debug +++ [int] currentCount = 7
debug +++ [Boolean] running = true
debug +++ [int] delay = 180000
debug time 12:52:41.247 :: After HeartBeat Count=8 Result=5
debug time 12:55:40.251 :: Before HeartBeat Count=9 Time=Wed Dec 14 2011 12:55:40 GMT+0100 AccountId=28699575 Session=a7d80e80-6e2f-4379-89d0-5052ed89592d
debug ++ [int] eventPhase = 2
debug ++ [Boolean] bubbles = false
debug ++ [Boolean] cancelable = false
debug ++ [String] type = timer
debug +++ [int] repeatCount = 0
debug +++ [int] currentCount = 8
debug +++ [Boolean] running = true
debug +++ [int] delay = 180000
debug +++ [int] repeatCount = 0
debug +++ [int] currentCount = 8
debug +++ [Boolean] running = true
debug +++ [int] delay = 180000
debug time 12:55:41.247 :: After HeartBeat Count=9 Result=5
debug time 12:58:41.251 :: Before HeartBeat Count=10 Time=Wed Dec 14 2011 12:58:41 GMT+0100 AccountId=28699575 Session=a7d80e80-6e2f-4379-89d0-5052ed89592d
debug ++ [int] eventPhase = 2
debug ++ [Boolean] bubbles = false
debug ++ [Boolean] cancelable = false
debug ++ [String] type = timer
debug +++ [int] repeatCount = 0
debug +++ [int] currentCount = 9
debug +++ [Boolean] running = true
debug +++ [int] delay = 180000
debug +++ [int] repeatCount = 0
debug +++ [int] currentCount = 9
debug +++ [Boolean] running = true
debug +++ [int] delay = 180000
debug time 12:58:42.247 :: After HeartBeat Count=10 Result=5
debug time 13:01:42.251 :: Before HeartBeat Count=11 Time=Wed Dec 14 2011 13:01:42 GMT+0100 AccountId=28699575 Session=a7d80e80-6e2f-4379-89d0-5052ed89592d
debug ++ [int] eventPhase = 2
debug ++ [Boolean] bubbles = false
debug ++ [Boolean] cancelable = false
debug ++ [String] type = timer
debug +++ [int] repeatCount = 0
debug +++ [int] currentCount = 10
debug +++ [Boolean] running = true
debug +++ [int] delay = 180000
debug +++ [int] repeatCount = 0
debug +++ [int] currentCount = 10
debug +++ [Boolean] running = true
debug +++ [int] delay = 180000
debug time 13:01:43.247 :: After HeartBeat Count=11 Result=5
debug time 13:04:42.250 :: Before HeartBeat Count=12 Time=Wed Dec 14 2011 13:04:42 GMT+0100 AccountId=28699575 Session=a7d80e80-6e2f-4379-89d0-5052ed89592d
debug ++ [int] eventPhase = 2
debug ++ [Boolean] bubbles = false
debug ++ [Boolean] cancelable = false
debug ++ [String] type = timer
debug +++ [int] repeatCount = 0
debug +++ [int] currentCount = 11
debug +++ [Boolean] running = true
debug +++ [int] delay = 180000
debug +++ [int] repeatCount = 0
debug +++ [int] currentCount = 11
debug +++ [Boolean] running = true
debug +++ [int] delay = 180000
debug time 13:04:43.247 :: After HeartBeat Count=12 Result=5
debug time 13:07:42.250 :: Before HeartBeat Count=13 Time=Wed Dec 14 2011 13:07:42 GMT+0100 AccountId=28699575 Session=a7d80e80-6e2f-4379-89d0-5052ed89592d
debug ++ [int] eventPhase = 2
debug ++ [Boolean] bubbles = false
debug ++ [Boolean] cancelable = false
debug ++ [String] type = timer
debug +++ [int] repeatCount = 0
debug +++ [int] currentCount = 12
debug +++ [Boolean] running = true
debug +++ [int] delay = 180000
debug +++ [int] repeatCount = 0
debug +++ [int] currentCount = 12
debug +++ [Boolean] running = true
debug +++ [int] delay = 180000
debug time 13:07:43.247 :: After HeartBeat Count=13 Result=5
debug time 13:10:42.250 :: Before HeartBeat Count=14 Time=Wed Dec 14 2011 13:10:42 GMT+0100 AccountId=28699575 Session=a7d80e80-6e2f-4379-89d0-5052ed89592d
debug ++ [int] eventPhase = 2
debug ++ [Boolean] bubbles = false
debug ++ [Boolean] cancelable = false
debug ++ [String] type = timer
debug +++ [int] repeatCount = 0
debug +++ [int] currentCount = 13
debug +++ [Boolean] running = true
debug +++ [int] delay = 180000
debug +++ [int] repeatCount = 0
debug +++ [int] currentCount = 13
debug +++ [Boolean] running = true
debug +++ [int] delay = 180000
debug time 13:10:43.247 :: After HeartBeat Count=14 Result=5
debug time 13:13:42.250 :: Before HeartBeat Count=15 Time=Wed Dec 14 2011 13:13:42 GMT+0100 AccountId=28699575 Session=a7d80e80-6e2f-4379-89d0-5052ed89592d
debug ++ [int] eventPhase = 2
debug ++ [Boolean] bubbles = false
debug ++ [Boolean] cancelable = false
debug ++ [String] type = timer
debug +++ [int] repeatCount = 0
debug +++ [int] currentCount = 14
debug +++ [Boolean] running = true
debug +++ [int] delay = 180000
debug +++ [int] repeatCount = 0
debug +++ [int] currentCount = 14
debug +++ [Boolean] running = true
debug +++ [int] delay = 180000
debug time 13:13:43.247 :: After HeartBeat Count=15 Result=5
debug time 13:15:19.425 :: Performing heartbeat at Wed Dec 14 2011 13:15:19 GMT+0100
debug time 13:16:42.263 :: Before HeartBeat Count=16 Time=Wed Dec 14 2011 13:16:42 GMT+0100 AccountId=28699575 Session=a7d80e80-6e2f-4379-89d0-5052ed89592d
debug ++ [int] eventPhase = 2
debug ++ [Boolean] bubbles = false
debug ++ [Boolean] cancelable = false
debug ++ [String] type = timer
debug +++ [int] repeatCount = 0
debug +++ [int] currentCount = 15
debug +++ [Boolean] running = true
debug +++ [int] delay = 180000
debug +++ [int] repeatCount = 0
debug +++ [int] currentCount = 15
debug +++ [Boolean] running = true
debug +++ [int] delay = 180000
debug time 13:16:42.465 :: After HeartBeat Count=16 Result=5
debug time 13:19:42.337 :: Before HeartBeat Count=17 Time=Wed Dec 14 2011 13:19:42 GMT+0100 AccountId=28699575 Session=a7d80e80-6e2f-4379-89d0-5052ed89592d
debug ++ [int] eventPhase = 2
debug ++ [Boolean] bubbles = false
debug ++ [Boolean] cancelable = false
debug ++ [String] type = timer
debug +++ [int] repeatCount = 0
debug +++ [int] currentCount = 16
debug +++ [Boolean] running = true
debug +++ [int] delay = 180000
debug +++ [int] repeatCount = 0
debug +++ [int] currentCount = 16
debug +++ [Boolean] running = true
debug +++ [int] delay = 180000
debug time 13:19:43.339 :: After HeartBeat Count=17 Result=5
debug time 13:22:42.338 :: Before HeartBeat Count=18 Time=Wed Dec 14 2011 13:22:42 GMT+0100 AccountId=28699575 Session=a7d80e80-6e2f-4379-89d0-5052ed89592d
debug ++ [int] eventPhase = 2
debug ++ [Boolean] bubbles = false
debug ++ [Boolean] cancelable = false
debug ++ [String] type = timer
debug +++ [int] repeatCount = 0
debug +++ [int] currentCount = 17
debug +++ [Boolean] running = true
debug +++ [int] delay = 180000
debug +++ [int] repeatCount = 0
debug +++ [int] currentCount = 17
debug +++ [Boolean] running = true
debug +++ [int] delay = 180000
debug time 13:22:43.334 :: After HeartBeat Count=18 Result=5
debug time 13:25:42.338 :: Before HeartBeat Count=19 Time=Wed Dec 14 2011 13:25:42 GMT+0100 AccountId=28699575 Session=a7d80e80-6e2f-4379-89d0-5052ed89592d
debug ++ [int] eventPhase = 2
debug ++ [Boolean] bubbles = false
debug ++ [Boolean] cancelable = false
debug ++ [String] type = timer
debug +++ [int] repeatCount = 0
debug +++ [int] currentCount = 18
debug +++ [Boolean] running = true
debug +++ [int] delay = 180000
debug +++ [int] repeatCount = 0
debug +++ [int] currentCount = 18
debug +++ [Boolean] running = true
debug +++ [int] delay = 180000
debug time 13:25:43.334 :: After HeartBeat Count=19 Result=5
debug time 13:28:42.338 :: Before HeartBeat Count=20 Time=Wed Dec 14 2011 13:28:42 GMT+0100 AccountId=28699575 Session=a7d80e80-6e2f-4379-89d0-5052ed89592d
debug ++ [int] eventPhase = 2
debug ++ [Boolean] bubbles = false
debug ++ [Boolean] cancelable = false
debug ++ [String] type = timer
debug +++ [int] repeatCount = 0
debug +++ [int] currentCount = 19
debug +++ [Boolean] running = true
debug +++ [int] delay = 180000
debug +++ [int] repeatCount = 0
debug +++ [int] currentCount = 19
debug +++ [Boolean] running = true
debug +++ [int] delay = 180000
debug time 13:28:43.334 :: After HeartBeat Count=20 Result=5
debug time 13:31:43.339 :: Before HeartBeat Count=21 Time=Wed Dec 14 2011 13:31:43 GMT+0100 AccountId=28699575 Session=a7d80e80-6e2f-4379-89d0-5052ed89592d
debug ++ [int] eventPhase = 2
debug ++ [Boolean] bubbles = false
debug ++ [Boolean] cancelable = false
debug ++ [String] type = timer
debug +++ [int] repeatCount = 0
debug +++ [int] currentCount = 20
debug +++ [Boolean] running = true
debug +++ [int] delay = 180000
debug +++ [int] repeatCount = 0
debug +++ [int] currentCount = 20
debug +++ [Boolean] running = true
debug +++ [int] delay = 180000
debug time 13:31:44.334 :: After HeartBeat Count=21 Result=5
debug time 13:34:44.338 :: Before HeartBeat Count=22 Time=Wed Dec 14 2011 13:34:44 GMT+0100 AccountId=28699575 Session=a7d80e80-6e2f-4379-89d0-5052ed89592d
debug ++ [int] eventPhase = 2
debug ++ [Boolean] bubbles = false
debug ++ [Boolean] cancelable = false
debug ++ [String] type = timer
debug +++ [int] repeatCount = 0
debug +++ [int] currentCount = 21
debug +++ [Boolean] running = true
debug +++ [int] delay = 180000
debug +++ [int] repeatCount = 0
debug +++ [int] currentCount = 21
debug +++ [Boolean] running = true
debug +++ [int] delay = 180000
debug time 13:34:45.334 :: After HeartBeat Count=22 Result=5
debug time 13:37:45.338 :: Before HeartBeat Count=23 Time=Wed Dec 14 2011 13:37:45 GMT+0100 AccountId=28699575 Session=a7d80e80-6e2f-4379-89d0-5052ed89592d
debug ++ [int] eventPhase = 2
debug ++ [Boolean] bubbles = false
debug ++ [Boolean] cancelable = false
debug ++ [String] type = timer
debug +++ [int] repeatCount = 0
debug +++ [int] currentCount = 22
debug +++ [Boolean] running = true
debug +++ [int] delay = 180000
debug +++ [int] repeatCount = 0
debug +++ [int] currentCount = 22
debug +++ [Boolean] running = true
debug +++ [int] delay = 180000
debug time 13:37:46.333 :: After HeartBeat Count=23 Result=5
debug time 13:40:46.338 :: Before HeartBeat Count=24 Time=Wed Dec 14 2011 13:40:46 GMT+0100 AccountId=28699575 Session=a7d80e80-6e2f-4379-89d0-5052ed89592d
debug ++ [int] eventPhase = 2
debug ++ [Boolean] bubbles = false
debug ++ [Boolean] cancelable = false
debug ++ [String] type = timer
debug +++ [int] repeatCount = 0
debug +++ [int] currentCount = 23
debug +++ [Boolean] running = true
debug +++ [int] delay = 180000
debug +++ [int] repeatCount = 0
debug +++ [int] currentCount = 23
debug +++ [Boolean] running = true
debug +++ [int] delay = 180000
debug time 13:40:47.334 :: After HeartBeat Count=24 Result=5
debug time 13:43:46.368 :: Before HeartBeat Count=25 Time=Wed Dec 14 2011 13:43:46 GMT+0100 AccountId=28699575 Session=a7d80e80-6e2f-4379-89d0-5052ed89592d
debug ++ [int] eventPhase = 2
debug ++ [Boolean] bubbles = false
debug ++ [Boolean] cancelable = false
debug ++ [String] type = timer
debug +++ [int] repeatCount = 0
debug +++ [int] currentCount = 24
debug +++ [Boolean] running = true
debug +++ [int] delay = 180000
debug +++ [int] repeatCount = 0
debug +++ [int] currentCount = 24
debug +++ [Boolean] running = true
debug +++ [int] delay = 180000
debug time 13:43:47.334 :: After HeartBeat Count=25 Result=5
debug time 13:46:47.338 :: Before HeartBeat Count=26 Time=Wed Dec 14 2011 13:46:47 GMT+0100 AccountId=28699575 Session=a7d80e80-6e2f-4379-89d0-5052ed89592d
debug ++ [int] eventPhase = 2
debug ++ [Boolean] bubbles = false
debug ++ [Boolean] cancelable = false
debug ++ [String] type = timer
debug +++ [int] repeatCount = 0
debug +++ [int] currentCount = 25
debug +++ [Boolean] running = true
debug +++ [int] delay = 180000
debug +++ [int] repeatCount = 0
debug +++ [int] currentCount = 25
debug +++ [Boolean] running = true
debug +++ [int] delay = 180000
debug time 13:46:48.333 :: After HeartBeat Count=26 Result=5
debug time 13:49:47.358 :: Before HeartBeat Count=27 Time=Wed Dec 14 2011 13:49:47 GMT+0100 AccountId=28699575 Session=a7d80e80-6e2f-4379-89d0-5052ed89592d
debug ++ [int] eventPhase = 2
debug ++ [Boolean] bubbles = false
debug ++ [Boolean] cancelable = false
debug ++ [String] type = timer
debug +++ [int] repeatCount = 0
debug +++ [int] currentCount = 26
debug +++ [Boolean] running = true
debug +++ [int] delay = 180000
debug +++ [int] repeatCount = 0
debug +++ [int] currentCount = 26
debug +++ [Boolean] running = true
debug +++ [int] delay = 180000
debug time 13:49:48.334 :: After HeartBeat Count=27 Result=5
debug time 13:52:09.662 :: Performing heartbeat at Wed Dec 14 2011 13:52:09 GMT+0100
debug time 13:52:47.382 :: Before HeartBeat Count=28 Time=Wed Dec 14 2011 13:52:47 GMT+0100 AccountId=28699575 Session=a7d80e80-6e2f-4379-89d0-5052ed89592d
debug ++ [int] eventPhase = 2
debug ++ [Boolean] bubbles = false
debug ++ [Boolean] cancelable = false
debug ++ [String] type = timer
debug +++ [int] repeatCount = 0
debug +++ [int] currentCount = 27
debug +++ [Boolean] running = true
debug +++ [int] delay = 180000
debug +++ [int] repeatCount = 0
debug +++ [int] currentCount = 27
debug +++ [Boolean] running = true
debug +++ [int] delay = 180000
debug time 13:52:47.583 :: After HeartBeat Count=28 Result=5
debug time 13:55:47.661 :: Before HeartBeat Count=29 Time=Wed Dec 14 2011 13:55:47 GMT+0100 AccountId=28699575 Session=a7d80e80-6e2f-4379-89d0-5052ed89592d
debug ++ [int] eventPhase = 2
debug ++ [Boolean] bubbles = false
debug ++ [Boolean] cancelable = false
debug ++ [String] type = timer
debug +++ [int] repeatCount = 0
debug +++ [int] currentCount = 28
debug +++ [Boolean] running = true
debug +++ [int] delay = 180000
debug +++ [int] repeatCount = 0
debug +++ [int] currentCount = 28
debug +++ [Boolean] running = true
debug +++ [int] delay = 180000
debug time 13:55:47.844 :: After HeartBeat Count=29 Result=5
debug time 13:58:47.661 :: Before HeartBeat Count=30 Time=Wed Dec 14 2011 13:58:47 GMT+0100 AccountId=28699575 Session=a7d80e80-6e2f-4379-89d0-5052ed89592d
debug ++ [int] eventPhase = 2
debug ++ [Boolean] bubbles = false
debug ++ [Boolean] cancelable = false
debug ++ [String] type = timer
debug +++ [int] repeatCount = 0
debug +++ [int] currentCount = 29
debug +++ [Boolean] running = true
debug +++ [int] delay = 180000
debug +++ [int] repeatCount = 0
debug +++ [int] currentCount = 29
debug +++ [Boolean] running = true
debug +++ [int] delay = 180000
debug time 13:58:47.844 :: After HeartBeat Count=30 Result=5
debug time 14:01:48.661 :: Before HeartBeat Count=31 Time=Wed Dec 14 2011 14:01:48 GMT+0100 AccountId=28699575 Session=a7d80e80-6e2f-4379-89d0-5052ed89592d
debug ++ [int] eventPhase = 2
debug ++ [Boolean] bubbles = false
debug ++ [Boolean] cancelable = false
debug ++ [String] type = timer
debug +++ [int] repeatCount = 0
debug +++ [int] currentCount = 30
debug +++ [Boolean] running = true
debug +++ [int] delay = 180000
debug +++ [int] repeatCount = 0
debug +++ [int] currentCount = 30
debug +++ [Boolean] running = true
debug +++ [int] delay = 180000
debug time 14:01:48.843 :: After HeartBeat Count=31 Result=5
debug time 14:04:48.661 :: Before HeartBeat Count=32 Time=Wed Dec 14 2011 14:04:48 GMT+0100 AccountId=28699575 Session=a7d80e80-6e2f-4379-89d0-5052ed89592d
debug ++ [int] eventPhase = 2
debug ++ [Boolean] bubbles = false
debug ++ [Boolean] cancelable = false
debug ++ [String] type = timer
debug +++ [int] repeatCount = 0
debug +++ [int] currentCount = 31
debug +++ [Boolean] running = true
debug +++ [int] delay = 180000
debug +++ [int] repeatCount = 0
debug +++ [int] currentCount = 31
debug +++ [Boolean] running = true
debug +++ [int] delay = 180000
debug time 14:04:48.844 :: After HeartBeat Count=32 Result=5
debug time 14:07:48.661 :: Before HeartBeat Count=33 Time=Wed Dec 14 2011 14:07:48 GMT+0100 AccountId=28699575 Session=a7d80e80-6e2f-4379-89d0-5052ed89592d
debug ++ [int] eventPhase = 2
debug ++ [Boolean] bubbles = false
debug ++ [Boolean] cancelable = false
debug ++ [String] type = timer
debug +++ [int] repeatCount = 0
debug +++ [int] currentCount = 32
debug +++ [Boolean] running = true
debug +++ [int] delay = 180000
debug +++ [int] repeatCount = 0
debug +++ [int] currentCount = 32
debug +++ [Boolean] running = true
debug +++ [int] delay = 180000
debug time 14:07:48.844 :: After HeartBeat Count=33 Result=5
debug time 14:10:48.661 :: Before HeartBeat Count=34 Time=Wed Dec 14 2011 14:10:48 GMT+0100 AccountId=28699575 Session=a7d80e80-6e2f-4379-89d0-5052ed89592d
debug ++ [int] eventPhase = 2
debug ++ [Boolean] bubbles = false
debug ++ [Boolean] cancelable = false
debug ++ [String] type = timer
debug +++ [int] repeatCount = 0
debug +++ [int] currentCount = 33
debug +++ [Boolean] running = true
debug +++ [int] delay = 180000
debug +++ [int] repeatCount = 0
debug +++ [int] currentCount = 33
debug +++ [Boolean] running = true
debug +++ [int] delay = 180000
debug time 14:10:48.844 :: After HeartBeat Count=34 Result=5
debug time 14:13:48.661 :: Before HeartBeat Count=35 Time=Wed Dec 14 2011 14:13:48 GMT+0100 AccountId=28699575 Session=a7d80e80-6e2f-4379-89d0-5052ed89592d
debug ++ [int] eventPhase = 2
debug ++ [Boolean] bubbles = false
debug ++ [Boolean] cancelable = false
debug ++ [String] type = timer
debug +++ [int] repeatCount = 0
debug +++ [int] currentCount = 34
debug +++ [Boolean] running = true
debug +++ [int] delay = 180000
debug +++ [int] repeatCount = 0
debug +++ [int] currentCount = 34
debug +++ [Boolean] running = true
debug +++ [int] delay = 180000
debug time 14:13:48.844 :: After HeartBeat Count=35 Result=5
debug time 14:16:48.660 :: Before HeartBeat Count=36 Time=Wed Dec 14 2011 14:16:48 GMT+0100 AccountId=28699575 Session=a7d80e80-6e2f-4379-89d0-5052ed89592d
debug ++ [int] eventPhase = 2
debug ++ [Boolean] bubbles = false
debug ++ [Boolean] cancelable = false
debug ++ [String] type = timer
debug +++ [int] repeatCount = 0
debug +++ [int] currentCount = 35
debug +++ [Boolean] running = true
debug +++ [int] delay = 180000
debug +++ [int] repeatCount = 0
debug +++ [int] currentCount = 35
debug +++ [Boolean] running = true
debug +++ [int] delay = 180000
debug time 14:16:48.843 :: After HeartBeat Count=36 Result=5
debug time 14:19:48.661 :: Before HeartBeat Count=37 Time=Wed Dec 14 2011 14:19:48 GMT+0100 AccountId=28699575 Session=a7d80e80-6e2f-4379-89d0-5052ed89592d
debug ++ [int] eventPhase = 2
debug ++ [Boolean] bubbles = false
debug ++ [Boolean] cancelable = false
debug ++ [String] type = timer
debug +++ [int] repeatCount = 0
debug +++ [int] currentCount = 36
debug +++ [Boolean] running = true
debug +++ [int] delay = 180000
debug +++ [int] repeatCount = 0
debug +++ [int] currentCount = 36
debug +++ [Boolean] running = true
debug +++ [int] delay = 180000
debug time 14:19:48.844 :: After HeartBeat Count=37 Result=5
debug time 14:22:18.365 :: Performing heartbeat at Wed Dec 14 2011 14:22:18 GMT+0100
debug time 14:22:48.678 :: Before HeartBeat Count=38 Time=Wed Dec 14 2011 14:22:48 GMT+0100 AccountId=28699575 Session=a7d80e80-6e2f-4379-89d0-5052ed89592d
debug ++ [int] eventPhase = 2
debug ++ [Boolean] bubbles = false
debug ++ [Boolean] cancelable = false
debug ++ [String] type = timer
debug +++ [int] repeatCount = 0
debug +++ [int] currentCount = 37
debug +++ [Boolean] running = true
debug +++ [int] delay = 180000
debug +++ [int] repeatCount = 0
debug +++ [int] currentCount = 37
debug +++ [Boolean] running = true
debug +++ [int] delay = 180000
debug time 14:22:48.864 :: After HeartBeat Count=38 Result=5
