debug time 21:00:46.787 :: Before HeartBeat Count=1 Time=Tue Sep 20 2011 21:00:46 GMT+0200 AccountId=28699575 Session=85b79b73-a1e7-474d-8d7f-fadb01ed8540
STOP LOGGING: More than 0 nested objects or properties. 
debug time 21:00:47.554 :: After HeartBeat Count=1 Result=5
debug time 21:03:46.817 :: Before HeartBeat Count=2 Time=Tue Sep 20 2011 21:03:46 GMT+0200 AccountId=28699575 Session=85b79b73-a1e7-474d-8d7f-fadb01ed8540
debug ++ [int] eventPhase = 2
debug ++ [Boolean] bubbles = false
debug ++ [Boolean] cancelable = false
debug ++ [String] type = timer
debug +++ [int] repeatCount = 0
debug +++ [int] currentCount = 1
debug +++ [Boolean] running = true
debug +++ [int] delay = 180000
debug +++ [int] repeatCount = 0
debug +++ [int] currentCount = 1
debug +++ [Boolean] running = true
debug +++ [int] delay = 180000
debug time 21:03:47.04 :: After HeartBeat Count=2 Result=5
debug time 21:06:46.830 :: Before HeartBeat Count=3 Time=Tue Sep 20 2011 21:06:46 GMT+0200 AccountId=28699575 Session=85b79b73-a1e7-474d-8d7f-fadb01ed8540
debug ++ [int] eventPhase = 2
debug ++ [Boolean] bubbles = false
debug ++ [Boolean] cancelable = false
debug ++ [String] type = timer
debug +++ [int] repeatCount = 0
debug +++ [int] currentCount = 2
debug +++ [Boolean] running = true
debug +++ [int] delay = 180000
debug +++ [int] repeatCount = 0
debug +++ [int] currentCount = 2
debug +++ [Boolean] running = true
debug +++ [int] delay = 180000
debug time 21:06:47.17 :: After HeartBeat Count=3 Result=5
debug time 21:09:46.871 :: Before HeartBeat Count=4 Time=Tue Sep 20 2011 21:09:46 GMT+0200 AccountId=28699575 Session=85b79b73-a1e7-474d-8d7f-fadb01ed8540
debug ++ [int] eventPhase = 2
debug ++ [Boolean] bubbles = false
debug ++ [Boolean] cancelable = false
debug ++ [String] type = timer
debug +++ [int] repeatCount = 0
debug +++ [int] currentCount = 3
debug +++ [Boolean] running = true
debug +++ [int] delay = 180000
debug +++ [int] repeatCount = 0
debug +++ [int] currentCount = 3
debug +++ [Boolean] running = true
debug +++ [int] delay = 180000
debug time 21:09:47.76 :: After HeartBeat Count=4 Result=5
debug time 21:12:46.872 :: Before HeartBeat Count=5 Time=Tue Sep 20 2011 21:12:46 GMT+0200 AccountId=28699575 Session=85b79b73-a1e7-474d-8d7f-fadb01ed8540
debug ++ [int] eventPhase = 2
debug ++ [Boolean] bubbles = false
debug ++ [Boolean] cancelable = false
debug ++ [String] type = timer
debug +++ [int] repeatCount = 0
debug +++ [int] currentCount = 4
debug +++ [Boolean] running = true
debug +++ [int] delay = 180000
debug +++ [int] repeatCount = 0
debug +++ [int] currentCount = 4
debug +++ [Boolean] running = true
debug +++ [int] delay = 180000
debug time 21:12:47.75 :: After HeartBeat Count=5 Result=5
debug time 21:15:46.913 :: Before HeartBeat Count=6 Time=Tue Sep 20 2011 21:15:46 GMT+0200 AccountId=28699575 Session=85b79b73-a1e7-474d-8d7f-fadb01ed8540
debug ++ [int] eventPhase = 2
debug ++ [Boolean] bubbles = false
debug ++ [Boolean] cancelable = false
debug ++ [String] type = timer
debug +++ [int] repeatCount = 0
debug +++ [int] currentCount = 5
debug +++ [Boolean] running = true
debug +++ [int] delay = 180000
debug +++ [int] repeatCount = 0
debug +++ [int] currentCount = 5
debug +++ [Boolean] running = true
debug +++ [int] delay = 180000
debug time 21:15:47.98 :: After HeartBeat Count=6 Result=5
debug time 21:18:46.913 :: Before HeartBeat Count=7 Time=Tue Sep 20 2011 21:18:46 GMT+0200 AccountId=28699575 Session=85b79b73-a1e7-474d-8d7f-fadb01ed8540
debug ++ [int] eventPhase = 2
debug ++ [Boolean] bubbles = false
debug ++ [Boolean] cancelable = false
debug ++ [String] type = timer
debug +++ [int] repeatCount = 0
debug +++ [int] currentCount = 6
debug +++ [Boolean] running = true
debug +++ [int] delay = 180000
debug +++ [int] repeatCount = 0
debug +++ [int] currentCount = 6
debug +++ [Boolean] running = true
debug +++ [int] delay = 180000
debug time 21:18:47.100 :: After HeartBeat Count=7 Result=5
debug time 21:21:46.921 :: Before HeartBeat Count=8 Time=Tue Sep 20 2011 21:21:46 GMT+0200 AccountId=28699575 Session=85b79b73-a1e7-474d-8d7f-fadb01ed8540
debug ++ [int] eventPhase = 2
debug ++ [Boolean] bubbles = false
debug ++ [Boolean] cancelable = false
debug ++ [String] type = timer
debug +++ [int] repeatCount = 0
debug +++ [int] currentCount = 7
debug +++ [Boolean] running = true
debug +++ [int] delay = 180000
debug +++ [int] repeatCount = 0
debug +++ [int] currentCount = 7
debug +++ [Boolean] running = true
debug +++ [int] delay = 180000
debug time 21:21:47.117 :: After HeartBeat Count=8 Result=5
debug time 21:24:46.962 :: Before HeartBeat Count=9 Time=Tue Sep 20 2011 21:24:46 GMT+0200 AccountId=28699575 Session=85b79b73-a1e7-474d-8d7f-fadb01ed8540
debug ++ [int] eventPhase = 2
debug ++ [Boolean] bubbles = false
debug ++ [Boolean] cancelable = false
debug ++ [String] type = timer
debug +++ [int] repeatCount = 0
debug +++ [int] currentCount = 8
debug +++ [Boolean] running = true
debug +++ [int] delay = 180000
debug +++ [int] repeatCount = 0
debug +++ [int] currentCount = 8
debug +++ [Boolean] running = true
debug +++ [int] delay = 180000
debug time 21:24:47.163 :: After HeartBeat Count=9 Result=5
debug time 21:27:46.997 :: Before HeartBeat Count=10 Time=Tue Sep 20 2011 21:27:46 GMT+0200 AccountId=28699575 Session=85b79b73-a1e7-474d-8d7f-fadb01ed8540
debug ++ [int] eventPhase = 2
debug ++ [Boolean] bubbles = false
debug ++ [Boolean] cancelable = false
debug ++ [String] type = timer
debug +++ [int] repeatCount = 0
debug +++ [int] currentCount = 9
debug +++ [Boolean] running = true
debug +++ [int] delay = 180000
debug +++ [int] repeatCount = 0
debug +++ [int] currentCount = 9
debug +++ [Boolean] running = true
debug +++ [int] delay = 180000
debug time 21:27:47.183 :: After HeartBeat Count=10 Result=5
debug time 21:30:47.28 :: Before HeartBeat Count=11 Time=Tue Sep 20 2011 21:30:47 GMT+0200 AccountId=28699575 Session=85b79b73-a1e7-474d-8d7f-fadb01ed8540
debug ++ [int] eventPhase = 2
debug ++ [Boolean] bubbles = false
debug ++ [Boolean] cancelable = false
debug ++ [String] type = timer
debug +++ [int] repeatCount = 0
debug +++ [int] currentCount = 10
debug +++ [Boolean] running = true
debug +++ [int] delay = 180000
debug +++ [int] repeatCount = 0
debug +++ [int] currentCount = 10
debug +++ [Boolean] running = true
debug +++ [int] delay = 180000
debug time 21:30:47.334 :: After HeartBeat Count=11 Result=5
debug time 21:33:47.47 :: Before HeartBeat Count=12 Time=Tue Sep 20 2011 21:33:47 GMT+0200 AccountId=28699575 Session=85b79b73-a1e7-474d-8d7f-fadb01ed8540
debug ++ [int] eventPhase = 2
debug ++ [Boolean] bubbles = false
debug ++ [Boolean] cancelable = false
debug ++ [String] type = timer
debug +++ [int] repeatCount = 0
debug +++ [int] currentCount = 11
debug +++ [Boolean] running = true
debug +++ [int] delay = 180000
debug +++ [int] repeatCount = 0
debug +++ [int] currentCount = 11
debug +++ [Boolean] running = true
debug +++ [int] delay = 180000
debug time 21:33:47.234 :: After HeartBeat Count=12 Result=5
debug time 21:36:47.88 :: Before HeartBeat Count=13 Time=Tue Sep 20 2011 21:36:47 GMT+0200 AccountId=28699575 Session=85b79b73-a1e7-474d-8d7f-fadb01ed8540
debug ++ [int] eventPhase = 2
debug ++ [Boolean] bubbles = false
debug ++ [Boolean] cancelable = false
debug ++ [String] type = timer
debug +++ [int] repeatCount = 0
debug +++ [int] currentCount = 12
debug +++ [Boolean] running = true
debug +++ [int] delay = 180000
debug +++ [int] repeatCount = 0
debug +++ [int] currentCount = 12
debug +++ [Boolean] running = true
debug +++ [int] delay = 180000
debug time 21:36:47.293 :: After HeartBeat Count=13 Result=5
debug time 21:39:47.103 :: Before HeartBeat Count=14 Time=Tue Sep 20 2011 21:39:47 GMT+0200 AccountId=28699575 Session=85b79b73-a1e7-474d-8d7f-fadb01ed8540
debug ++ [int] eventPhase = 2
debug ++ [Boolean] bubbles = false
debug ++ [Boolean] cancelable = false
debug ++ [String] type = timer
debug +++ [int] repeatCount = 0
debug +++ [int] currentCount = 13
debug +++ [Boolean] running = true
debug +++ [int] delay = 180000
debug +++ [int] repeatCount = 0
debug +++ [int] currentCount = 13
debug +++ [Boolean] running = true
debug +++ [int] delay = 180000
debug time 21:39:47.317 :: After HeartBeat Count=14 Result=5
debug time 21:42:47.132 :: Before HeartBeat Count=15 Time=Tue Sep 20 2011 21:42:47 GMT+0200 AccountId=28699575 Session=85b79b73-a1e7-474d-8d7f-fadb01ed8540
debug ++ [int] eventPhase = 2
debug ++ [Boolean] bubbles = false
debug ++ [Boolean] cancelable = false
debug ++ [String] type = timer
debug +++ [int] repeatCount = 0
debug +++ [int] currentCount = 14
debug +++ [Boolean] running = true
debug +++ [int] delay = 180000
debug +++ [int] repeatCount = 0
debug +++ [int] currentCount = 14
debug +++ [Boolean] running = true
debug +++ [int] delay = 180000
debug time 21:42:47.318 :: After HeartBeat Count=15 Result=5
debug time 21:45:47.131 :: Before HeartBeat Count=16 Time=Tue Sep 20 2011 21:45:47 GMT+0200 AccountId=28699575 Session=85b79b73-a1e7-474d-8d7f-fadb01ed8540
debug ++ [int] eventPhase = 2
debug ++ [Boolean] bubbles = false
debug ++ [Boolean] cancelable = false
debug ++ [String] type = timer
debug +++ [int] repeatCount = 0
debug +++ [int] currentCount = 15
debug +++ [Boolean] running = true
debug +++ [int] delay = 180000
debug +++ [int] repeatCount = 0
debug +++ [int] currentCount = 15
debug +++ [Boolean] running = true
debug +++ [int] delay = 180000
debug time 21:45:47.308 :: After HeartBeat Count=16 Result=5
debug time 21:48:47.171 :: Before HeartBeat Count=17 Time=Tue Sep 20 2011 21:48:47 GMT+0200 AccountId=28699575 Session=85b79b73-a1e7-474d-8d7f-fadb01ed8540
debug ++ [int] eventPhase = 2
debug ++ [Boolean] bubbles = false
debug ++ [Boolean] cancelable = false
debug ++ [String] type = timer
debug +++ [int] repeatCount = 0
debug +++ [int] currentCount = 16
debug +++ [Boolean] running = true
debug +++ [int] delay = 180000
debug +++ [int] repeatCount = 0
debug +++ [int] currentCount = 16
debug +++ [Boolean] running = true
debug +++ [int] delay = 180000
debug time 21:48:47.377 :: After HeartBeat Count=17 Result=5
debug time 21:51:47.178 :: Before HeartBeat Count=18 Time=Tue Sep 20 2011 21:51:47 GMT+0200 AccountId=28699575 Session=85b79b73-a1e7-474d-8d7f-fadb01ed8540
debug ++ [int] eventPhase = 2
debug ++ [Boolean] bubbles = false
debug ++ [Boolean] cancelable = false
debug ++ [String] type = timer
debug +++ [int] repeatCount = 0
debug +++ [int] currentCount = 17
debug +++ [Boolean] running = true
debug +++ [int] delay = 180000
debug +++ [int] repeatCount = 0
debug +++ [int] currentCount = 17
debug +++ [Boolean] running = true
debug +++ [int] delay = 180000
debug time 21:51:47.423 :: After HeartBeat Count=18 Result=5
debug time 21:54:47.214 :: Before HeartBeat Count=19 Time=Tue Sep 20 2011 21:54:47 GMT+0200 AccountId=28699575 Session=85b79b73-a1e7-474d-8d7f-fadb01ed8540
debug ++ [int] eventPhase = 2
debug ++ [Boolean] bubbles = false
debug ++ [Boolean] cancelable = false
debug ++ [String] type = timer
debug +++ [int] repeatCount = 0
debug +++ [int] currentCount = 18
debug +++ [Boolean] running = true
debug +++ [int] delay = 180000
debug +++ [int] repeatCount = 0
debug +++ [int] currentCount = 18
debug +++ [Boolean] running = true
debug +++ [int] delay = 180000
debug time 21:54:47.423 :: After HeartBeat Count=19 Result=5
debug time 21:57:47.239 :: Before HeartBeat Count=20 Time=Tue Sep 20 2011 21:57:47 GMT+0200 AccountId=28699575 Session=85b79b73-a1e7-474d-8d7f-fadb01ed8540
debug ++ [int] eventPhase = 2
debug ++ [Boolean] bubbles = false
debug ++ [Boolean] cancelable = false
debug ++ [String] type = timer
debug +++ [int] repeatCount = 0
debug +++ [int] currentCount = 19
debug +++ [Boolean] running = true
debug +++ [int] delay = 180000
debug +++ [int] repeatCount = 0
debug +++ [int] currentCount = 19
debug +++ [Boolean] running = true
debug +++ [int] delay = 180000
debug time 21:57:47.465 :: After HeartBeat Count=20 Result=5
debug time 22:00:47.255 :: Before HeartBeat Count=21 Time=Tue Sep 20 2011 22:00:47 GMT+0200 AccountId=28699575 Session=85b79b73-a1e7-474d-8d7f-fadb01ed8540
debug ++ [int] eventPhase = 2
debug ++ [Boolean] bubbles = false
debug ++ [Boolean] cancelable = false
debug ++ [String] type = timer
debug +++ [int] repeatCount = 0
debug +++ [int] currentCount = 20
debug +++ [Boolean] running = true
debug +++ [int] delay = 180000
debug +++ [int] repeatCount = 0
debug +++ [int] currentCount = 20
debug +++ [Boolean] running = true
debug +++ [int] delay = 180000
debug time 22:00:47.460 :: After HeartBeat Count=21 Result=5
debug time 22:03:47.255 :: Before HeartBeat Count=22 Time=Tue Sep 20 2011 22:03:47 GMT+0200 AccountId=28699575 Session=85b79b73-a1e7-474d-8d7f-fadb01ed8540
debug ++ [int] eventPhase = 2
debug ++ [Boolean] bubbles = false
debug ++ [Boolean] cancelable = false
debug ++ [String] type = timer
debug +++ [int] repeatCount = 0
debug +++ [int] currentCount = 21
debug +++ [Boolean] running = true
debug +++ [int] delay = 180000
debug +++ [int] repeatCount = 0
debug +++ [int] currentCount = 21
debug +++ [Boolean] running = true
debug +++ [int] delay = 180000
debug time 22:03:47.460 :: After HeartBeat Count=22 Result=5
debug time 22:06:47.255 :: Before HeartBeat Count=23 Time=Tue Sep 20 2011 22:06:47 GMT+0200 AccountId=28699575 Session=85b79b73-a1e7-474d-8d7f-fadb01ed8540
debug ++ [int] eventPhase = 2
debug ++ [Boolean] bubbles = false
debug ++ [Boolean] cancelable = false
debug ++ [String] type = timer
debug +++ [int] repeatCount = 0
debug +++ [int] currentCount = 22
debug +++ [Boolean] running = true
debug +++ [int] delay = 180000
debug +++ [int] repeatCount = 0
debug +++ [int] currentCount = 22
debug +++ [Boolean] running = true
debug +++ [int] delay = 180000
debug time 22:06:47.460 :: After HeartBeat Count=23 Result=5
debug time 22:09:47.255 :: Before HeartBeat Count=24 Time=Tue Sep 20 2011 22:09:47 GMT+0200 AccountId=28699575 Session=85b79b73-a1e7-474d-8d7f-fadb01ed8540
debug ++ [int] eventPhase = 2
debug ++ [Boolean] bubbles = false
debug ++ [Boolean] cancelable = false
debug ++ [String] type = timer
debug +++ [int] repeatCount = 0
debug +++ [int] currentCount = 23
debug +++ [Boolean] running = true
debug +++ [int] delay = 180000
debug +++ [int] repeatCount = 0
debug +++ [int] currentCount = 23
debug +++ [Boolean] running = true
debug +++ [int] delay = 180000
debug time 22:09:47.431 :: After HeartBeat Count=24 Result=5
debug time 22:12:47.255 :: Before HeartBeat Count=25 Time=Tue Sep 20 2011 22:12:47 GMT+0200 AccountId=28699575 Session=85b79b73-a1e7-474d-8d7f-fadb01ed8540
debug ++ [int] eventPhase = 2
debug ++ [Boolean] bubbles = false
debug ++ [Boolean] cancelable = false
debug ++ [String] type = timer
debug +++ [int] repeatCount = 0
debug +++ [int] currentCount = 24
debug +++ [Boolean] running = true
debug +++ [int] delay = 180000
debug +++ [int] repeatCount = 0
debug +++ [int] currentCount = 24
debug +++ [Boolean] running = true
debug +++ [int] delay = 180000
debug time 22:12:47.460 :: After HeartBeat Count=25 Result=5
debug time 22:15:47.255 :: Before HeartBeat Count=26 Time=Tue Sep 20 2011 22:15:47 GMT+0200 AccountId=28699575 Session=85b79b73-a1e7-474d-8d7f-fadb01ed8540
debug ++ [int] eventPhase = 2
debug ++ [Boolean] bubbles = false
debug ++ [Boolean] cancelable = false
debug ++ [String] type = timer
debug +++ [int] repeatCount = 0
debug +++ [int] currentCount = 25
debug +++ [Boolean] running = true
debug +++ [int] delay = 180000
debug +++ [int] repeatCount = 0
debug +++ [int] currentCount = 25
debug +++ [Boolean] running = true
debug +++ [int] delay = 180000
debug time 22:15:47.460 :: After HeartBeat Count=26 Result=5
debug time 22:18:47.255 :: Before HeartBeat Count=27 Time=Tue Sep 20 2011 22:18:47 GMT+0200 AccountId=28699575 Session=85b79b73-a1e7-474d-8d7f-fadb01ed8540
debug ++ [int] eventPhase = 2
debug ++ [Boolean] bubbles = false
debug ++ [Boolean] cancelable = false
debug ++ [String] type = timer
debug +++ [int] repeatCount = 0
debug +++ [int] currentCount = 26
debug +++ [Boolean] running = true
debug +++ [int] delay = 180000
debug +++ [int] repeatCount = 0
debug +++ [int] currentCount = 26
debug +++ [Boolean] running = true
debug +++ [int] delay = 180000
debug time 22:18:47.460 :: After HeartBeat Count=27 Result=5
debug time 22:20:20.134 :: Performing heartbeat at Tue Sep 20 2011 22:20:20 GMT+0200
debug time 22:21:47.288 :: Before HeartBeat Count=28 Time=Tue Sep 20 2011 22:21:47 GMT+0200 AccountId=28699575 Session=85b79b73-a1e7-474d-8d7f-fadb01ed8540
debug ++ [int] eventPhase = 2
debug ++ [Boolean] bubbles = false
debug ++ [Boolean] cancelable = false
debug ++ [String] type = timer
debug +++ [int] repeatCount = 0
debug +++ [int] currentCount = 27
debug +++ [Boolean] running = true
debug +++ [int] delay = 180000
debug +++ [int] repeatCount = 0
debug +++ [int] currentCount = 27
debug +++ [Boolean] running = true
debug +++ [int] delay = 180000
debug time 22:21:47.471 :: After HeartBeat Count=28 Result=5
debug time 22:24:47.288 :: Before HeartBeat Count=29 Time=Tue Sep 20 2011 22:24:47 GMT+0200 AccountId=28699575 Session=85b79b73-a1e7-474d-8d7f-fadb01ed8540
debug ++ [int] eventPhase = 2
debug ++ [Boolean] bubbles = false
debug ++ [Boolean] cancelable = false
debug ++ [String] type = timer
debug +++ [int] repeatCount = 0
debug +++ [int] currentCount = 28
debug +++ [Boolean] running = true
debug +++ [int] delay = 180000
debug +++ [int] repeatCount = 0
debug +++ [int] currentCount = 28
debug +++ [Boolean] running = true
debug +++ [int] delay = 180000
debug time 22:24:47.489 :: After HeartBeat Count=29 Result=5
debug time 22:27:47.288 :: Before HeartBeat Count=30 Time=Tue Sep 20 2011 22:27:47 GMT+0200 AccountId=28699575 Session=85b79b73-a1e7-474d-8d7f-fadb01ed8540
debug ++ [int] eventPhase = 2
debug ++ [Boolean] bubbles = false
debug ++ [Boolean] cancelable = false
debug ++ [String] type = timer
debug +++ [int] repeatCount = 0
debug +++ [int] currentCount = 29
debug +++ [Boolean] running = true
debug +++ [int] delay = 180000
debug +++ [int] repeatCount = 0
debug +++ [int] currentCount = 29
debug +++ [Boolean] running = true
debug +++ [int] delay = 180000
debug time 22:27:47.489 :: After HeartBeat Count=30 Result=5
debug time 22:30:47.315 :: Before HeartBeat Count=31 Time=Tue Sep 20 2011 22:30:47 GMT+0200 AccountId=28699575 Session=85b79b73-a1e7-474d-8d7f-fadb01ed8540
debug ++ [int] eventPhase = 2
debug ++ [Boolean] bubbles = false
debug ++ [Boolean] cancelable = false
debug ++ [String] type = timer
debug +++ [int] repeatCount = 0
debug +++ [int] currentCount = 30
debug +++ [Boolean] running = true
debug +++ [int] delay = 180000
debug +++ [int] repeatCount = 0
debug +++ [int] currentCount = 30
debug +++ [Boolean] running = true
debug +++ [int] delay = 180000
debug time 22:30:47.501 :: After HeartBeat Count=31 Result=5
debug time 22:33:47.315 :: Before HeartBeat Count=32 Time=Tue Sep 20 2011 22:33:47 GMT+0200 AccountId=28699575 Session=85b79b73-a1e7-474d-8d7f-fadb01ed8540
debug ++ [int] eventPhase = 2
debug ++ [Boolean] bubbles = false
debug ++ [Boolean] cancelable = false
debug ++ [String] type = timer
debug +++ [int] repeatCount = 0
debug +++ [int] currentCount = 31
debug +++ [Boolean] running = true
debug +++ [int] delay = 180000
debug +++ [int] repeatCount = 0
debug +++ [int] currentCount = 31
debug +++ [Boolean] running = true
debug +++ [int] delay = 180000
debug time 22:33:47.502 :: After HeartBeat Count=32 Result=5
debug time 22:36:47.354 :: Before HeartBeat Count=33 Time=Tue Sep 20 2011 22:36:47 GMT+0200 AccountId=28699575 Session=85b79b73-a1e7-474d-8d7f-fadb01ed8540
debug ++ [int] eventPhase = 2
debug ++ [Boolean] bubbles = false
debug ++ [Boolean] cancelable = false
debug ++ [String] type = timer
debug +++ [int] repeatCount = 0
debug +++ [int] currentCount = 32
debug +++ [Boolean] running = true
debug +++ [int] delay = 180000
debug +++ [int] repeatCount = 0
debug +++ [int] currentCount = 32
debug +++ [Boolean] running = true
debug +++ [int] delay = 180000
debug time 22:36:47.558 :: After HeartBeat Count=33 Result=5
debug time 22:39:47.354 :: Before HeartBeat Count=34 Time=Tue Sep 20 2011 22:39:47 GMT+0200 AccountId=28699575 Session=85b79b73-a1e7-474d-8d7f-fadb01ed8540
debug ++ [int] eventPhase = 2
debug ++ [Boolean] bubbles = false
debug ++ [Boolean] cancelable = false
debug ++ [String] type = timer
debug +++ [int] repeatCount = 0
debug +++ [int] currentCount = 33
debug +++ [Boolean] running = true
debug +++ [int] delay = 180000
debug +++ [int] repeatCount = 0
debug +++ [int] currentCount = 33
debug +++ [Boolean] running = true
debug +++ [int] delay = 180000
debug time 22:39:47.530 :: After HeartBeat Count=34 Result=5
debug time 22:42:47.358 :: Before HeartBeat Count=35 Time=Tue Sep 20 2011 22:42:47 GMT+0200 AccountId=28699575 Session=85b79b73-a1e7-474d-8d7f-fadb01ed8540
debug ++ [int] eventPhase = 2
debug ++ [Boolean] bubbles = false
debug ++ [Boolean] cancelable = false
debug ++ [String] type = timer
debug +++ [int] repeatCount = 0
debug +++ [int] currentCount = 34
debug +++ [Boolean] running = true
debug +++ [int] delay = 180000
debug +++ [int] repeatCount = 0
debug +++ [int] currentCount = 34
debug +++ [Boolean] running = true
debug +++ [int] delay = 180000
debug time 22:42:47.558 :: After HeartBeat Count=35 Result=5
debug time 22:45:47.359 :: Before HeartBeat Count=36 Time=Tue Sep 20 2011 22:45:47 GMT+0200 AccountId=28699575 Session=85b79b73-a1e7-474d-8d7f-fadb01ed8540
debug ++ [int] eventPhase = 2
debug ++ [Boolean] bubbles = false
debug ++ [Boolean] cancelable = false
debug ++ [String] type = timer
debug +++ [int] repeatCount = 0
debug +++ [int] currentCount = 35
debug +++ [Boolean] running = true
debug +++ [int] delay = 180000
debug +++ [int] repeatCount = 0
debug +++ [int] currentCount = 35
debug +++ [Boolean] running = true
debug +++ [int] delay = 180000
debug time 22:45:47.539 :: After HeartBeat Count=36 Result=5
debug time 22:48:47.394 :: Before HeartBeat Count=37 Time=Tue Sep 20 2011 22:48:47 GMT+0200 AccountId=28699575 Session=85b79b73-a1e7-474d-8d7f-fadb01ed8540
debug ++ [int] eventPhase = 2
debug ++ [Boolean] bubbles = false
debug ++ [Boolean] cancelable = false
debug ++ [String] type = timer
debug +++ [int] repeatCount = 0
debug +++ [int] currentCount = 36
debug +++ [Boolean] running = true
debug +++ [int] delay = 180000
debug +++ [int] repeatCount = 0
debug +++ [int] currentCount = 36
debug +++ [Boolean] running = true
debug +++ [int] delay = 180000
debug time 22:48:47.572 :: After HeartBeat Count=37 Result=5
debug time 22:51:47.394 :: Before HeartBeat Count=38 Time=Tue Sep 20 2011 22:51:47 GMT+0200 AccountId=28699575 Session=85b79b73-a1e7-474d-8d7f-fadb01ed8540
debug ++ [int] eventPhase = 2
debug ++ [Boolean] bubbles = false
debug ++ [Boolean] cancelable = false
debug ++ [String] type = timer
debug +++ [int] repeatCount = 0
debug +++ [int] currentCount = 37
debug +++ [Boolean] running = true
debug +++ [int] delay = 180000
debug +++ [int] repeatCount = 0
debug +++ [int] currentCount = 37
debug +++ [Boolean] running = true
debug +++ [int] delay = 180000
debug time 22:51:47.571 :: After HeartBeat Count=38 Result=5
debug time 22:54:47.394 :: Before HeartBeat Count=39 Time=Tue Sep 20 2011 22:54:47 GMT+0200 AccountId=28699575 Session=85b79b73-a1e7-474d-8d7f-fadb01ed8540
debug ++ [int] eventPhase = 2
debug ++ [Boolean] bubbles = false
debug ++ [Boolean] cancelable = false
debug ++ [String] type = timer
debug +++ [int] repeatCount = 0
debug +++ [int] currentCount = 38
debug +++ [Boolean] running = true
debug +++ [int] delay = 180000
debug +++ [int] repeatCount = 0
debug +++ [int] currentCount = 38
debug +++ [Boolean] running = true
debug +++ [int] delay = 180000
debug time 22:54:47.571 :: After HeartBeat Count=39 Result=5
debug time 22:57:47.394 :: Before HeartBeat Count=40 Time=Tue Sep 20 2011 22:57:47 GMT+0200 AccountId=28699575 Session=85b79b73-a1e7-474d-8d7f-fadb01ed8540
debug ++ [int] eventPhase = 2
debug ++ [Boolean] bubbles = false
debug ++ [Boolean] cancelable = false
debug ++ [String] type = timer
debug +++ [int] repeatCount = 0
debug +++ [int] currentCount = 39
debug +++ [Boolean] running = true
debug +++ [int] delay = 180000
debug +++ [int] repeatCount = 0
debug +++ [int] currentCount = 39
debug +++ [Boolean] running = true
debug +++ [int] delay = 180000
debug time 22:57:47.571 :: After HeartBeat Count=40 Result=5
debug time 23:00:47.394 :: Before HeartBeat Count=41 Time=Tue Sep 20 2011 23:00:47 GMT+0200 AccountId=28699575 Session=85b79b73-a1e7-474d-8d7f-fadb01ed8540
debug ++ [int] eventPhase = 2
debug ++ [Boolean] bubbles = false
debug ++ [Boolean] cancelable = false
debug ++ [String] type = timer
debug +++ [int] repeatCount = 0
debug +++ [int] currentCount = 40
debug +++ [Boolean] running = true
debug +++ [int] delay = 180000
debug +++ [int] repeatCount = 0
debug +++ [int] currentCount = 40
debug +++ [Boolean] running = true
debug +++ [int] delay = 180000
debug time 23:00:47.605 :: After HeartBeat Count=41 Result=5
debug time 23:03:47.394 :: Before HeartBeat Count=42 Time=Tue Sep 20 2011 23:03:47 GMT+0200 AccountId=28699575 Session=85b79b73-a1e7-474d-8d7f-fadb01ed8540
debug ++ [int] eventPhase = 2
debug ++ [Boolean] bubbles = false
debug ++ [Boolean] cancelable = false
debug ++ [String] type = timer
debug +++ [int] repeatCount = 0
debug +++ [int] currentCount = 41
debug +++ [Boolean] running = true
debug +++ [int] delay = 180000
debug +++ [int] repeatCount = 0
debug +++ [int] currentCount = 41
debug +++ [Boolean] running = true
debug +++ [int] delay = 180000
debug time 23:03:47.582 :: After HeartBeat Count=42 Result=5
debug time 23:06:12.662 :: Performing heartbeat at Tue Sep 20 2011 23:06:12 GMT+0200
debug time 23:06:47.426 :: Before HeartBeat Count=43 Time=Tue Sep 20 2011 23:06:47 GMT+0200 AccountId=28699575 Session=85b79b73-a1e7-474d-8d7f-fadb01ed8540
debug ++ [int] eventPhase = 2
debug ++ [Boolean] bubbles = false
debug ++ [Boolean] cancelable = false
debug ++ [String] type = timer
debug +++ [int] repeatCount = 0
debug +++ [int] currentCount = 42
debug +++ [Boolean] running = true
debug +++ [int] delay = 180000
debug +++ [int] repeatCount = 0
debug +++ [int] currentCount = 42
debug +++ [Boolean] running = true
debug +++ [int] delay = 180000
debug time 23:06:47.628 :: After HeartBeat Count=43 Result=5
debug time 23:09:47.426 :: Before HeartBeat Count=44 Time=Tue Sep 20 2011 23:09:47 GMT+0200 AccountId=28699575 Session=85b79b73-a1e7-474d-8d7f-fadb01ed8540
debug ++ [int] eventPhase = 2
debug ++ [Boolean] bubbles = false
debug ++ [Boolean] cancelable = false
debug ++ [String] type = timer
debug +++ [int] repeatCount = 0
debug +++ [int] currentCount = 43
debug +++ [Boolean] running = true
debug +++ [int] delay = 180000
debug +++ [int] repeatCount = 0
debug +++ [int] currentCount = 43
debug +++ [Boolean] running = true
debug +++ [int] delay = 180000
debug time 23:09:47.633 :: After HeartBeat Count=44 Result=5
debug time 23:12:47.427 :: Before HeartBeat Count=45 Time=Tue Sep 20 2011 23:12:47 GMT+0200 AccountId=28699575 Session=85b79b73-a1e7-474d-8d7f-fadb01ed8540
debug ++ [int] eventPhase = 2
debug ++ [Boolean] bubbles = false
debug ++ [Boolean] cancelable = false
debug ++ [String] type = timer
debug +++ [int] repeatCount = 0
debug +++ [int] currentCount = 44
debug +++ [Boolean] running = true
debug +++ [int] delay = 180000
debug +++ [int] repeatCount = 0
debug +++ [int] currentCount = 44
debug +++ [Boolean] running = true
debug +++ [int] delay = 180000
debug time 23:12:47.628 :: After HeartBeat Count=45 Result=5
debug time 23:15:47.443 :: Before HeartBeat Count=46 Time=Tue Sep 20 2011 23:15:47 GMT+0200 AccountId=28699575 Session=85b79b73-a1e7-474d-8d7f-fadb01ed8540
debug ++ [int] eventPhase = 2
debug ++ [Boolean] bubbles = false
debug ++ [Boolean] cancelable = false
debug ++ [String] type = timer
debug +++ [int] repeatCount = 0
debug +++ [int] currentCount = 45
debug +++ [Boolean] running = true
debug +++ [int] delay = 180000
debug +++ [int] repeatCount = 0
debug +++ [int] currentCount = 45
debug +++ [Boolean] running = true
debug +++ [int] delay = 180000
debug time 23:15:47.670 :: After HeartBeat Count=46 Result=5
debug time 23:18:47.470 :: Before HeartBeat Count=47 Time=Tue Sep 20 2011 23:18:47 GMT+0200 AccountId=28699575 Session=85b79b73-a1e7-474d-8d7f-fadb01ed8540
debug ++ [int] eventPhase = 2
debug ++ [Boolean] bubbles = false
debug ++ [Boolean] cancelable = false
debug ++ [String] type = timer
debug +++ [int] repeatCount = 0
debug +++ [int] currentCount = 46
debug +++ [Boolean] running = true
debug +++ [int] delay = 180000
debug +++ [int] repeatCount = 0
debug +++ [int] currentCount = 46
debug +++ [Boolean] running = true
debug +++ [int] delay = 180000
debug time 23:18:47.655 :: After HeartBeat Count=47 Result=5
debug time 23:21:47.495 :: Before HeartBeat Count=48 Time=Tue Sep 20 2011 23:21:47 GMT+0200 AccountId=28699575 Session=85b79b73-a1e7-474d-8d7f-fadb01ed8540
debug ++ [int] eventPhase = 2
debug ++ [Boolean] bubbles = false
debug ++ [Boolean] cancelable = false
debug ++ [String] type = timer
debug +++ [int] repeatCount = 0
debug +++ [int] currentCount = 47
debug +++ [Boolean] running = true
debug +++ [int] delay = 180000
debug +++ [int] repeatCount = 0
debug +++ [int] currentCount = 47
debug +++ [Boolean] running = true
debug +++ [int] delay = 180000
debug time 23:21:47.712 :: After HeartBeat Count=48 Result=5
debug time 23:24:47.509 :: Before HeartBeat Count=49 Time=Tue Sep 20 2011 23:24:47 GMT+0200 AccountId=28699575 Session=85b79b73-a1e7-474d-8d7f-fadb01ed8540
debug ++ [int] eventPhase = 2
debug ++ [Boolean] bubbles = false
debug ++ [Boolean] cancelable = false
debug ++ [String] type = timer
debug +++ [int] repeatCount = 0
debug +++ [int] currentCount = 48
debug +++ [Boolean] running = true
debug +++ [int] delay = 180000
debug +++ [int] repeatCount = 0
debug +++ [int] currentCount = 48
debug +++ [Boolean] running = true
debug +++ [int] delay = 180000
debug time 23:24:47.712 :: After HeartBeat Count=49 Result=5
debug time 23:27:47.509 :: Before HeartBeat Count=50 Time=Tue Sep 20 2011 23:27:47 GMT+0200 AccountId=28699575 Session=85b79b73-a1e7-474d-8d7f-fadb01ed8540
debug ++ [int] eventPhase = 2
debug ++ [Boolean] bubbles = false
debug ++ [Boolean] cancelable = false
debug ++ [String] type = timer
debug +++ [int] repeatCount = 0
debug +++ [int] currentCount = 49
debug +++ [Boolean] running = true
debug +++ [int] delay = 180000
debug +++ [int] repeatCount = 0
debug +++ [int] currentCount = 49
debug +++ [Boolean] running = true
debug +++ [int] delay = 180000
debug time 23:27:47.712 :: After HeartBeat Count=50 Result=5
debug time 23:30:47.509 :: Before HeartBeat Count=51 Time=Tue Sep 20 2011 23:30:47 GMT+0200 AccountId=28699575 Session=85b79b73-a1e7-474d-8d7f-fadb01ed8540
debug ++ [int] eventPhase = 2
debug ++ [Boolean] bubbles = false
debug ++ [Boolean] cancelable = false
debug ++ [String] type = timer
debug +++ [int] repeatCount = 0
debug +++ [int] currentCount = 50
debug +++ [Boolean] running = true
debug +++ [int] delay = 180000
debug +++ [int] repeatCount = 0
debug +++ [int] currentCount = 50
debug +++ [Boolean] running = true
debug +++ [int] delay = 180000
debug time 23:30:47.712 :: After HeartBeat Count=51 Result=5
debug time 23:33:47.521 :: Before HeartBeat Count=52 Time=Tue Sep 20 2011 23:33:47 GMT+0200 AccountId=28699575 Session=85b79b73-a1e7-474d-8d7f-fadb01ed8540
debug ++ [int] eventPhase = 2
debug ++ [Boolean] bubbles = false
debug ++ [Boolean] cancelable = false
debug ++ [String] type = timer
debug +++ [int] repeatCount = 0
debug +++ [int] currentCount = 51
debug +++ [Boolean] running = true
debug +++ [int] delay = 180000
debug +++ [int] repeatCount = 0
debug +++ [int] currentCount = 51
debug +++ [Boolean] running = true
debug +++ [int] delay = 180000
debug time 23:33:47.712 :: After HeartBeat Count=52 Result=5
debug time 23:36:47.521 :: Before HeartBeat Count=53 Time=Tue Sep 20 2011 23:36:47 GMT+0200 AccountId=28699575 Session=85b79b73-a1e7-474d-8d7f-fadb01ed8540
debug ++ [int] eventPhase = 2
debug ++ [Boolean] bubbles = false
debug ++ [Boolean] cancelable = false
debug ++ [String] type = timer
debug +++ [int] repeatCount = 0
debug +++ [int] currentCount = 52
debug +++ [Boolean] running = true
debug +++ [int] delay = 180000
debug +++ [int] repeatCount = 0
debug +++ [int] currentCount = 52
debug +++ [Boolean] running = true
debug +++ [int] delay = 180000
debug time 23:36:47.753 :: After HeartBeat Count=53 Result=5
debug time 23:39:47.526 :: Before HeartBeat Count=54 Time=Tue Sep 20 2011 23:39:47 GMT+0200 AccountId=28699575 Session=85b79b73-a1e7-474d-8d7f-fadb01ed8540
debug ++ [int] eventPhase = 2
debug ++ [Boolean] bubbles = false
debug ++ [Boolean] cancelable = false
debug ++ [String] type = timer
debug +++ [int] repeatCount = 0
debug +++ [int] currentCount = 53
debug +++ [Boolean] running = true
debug +++ [int] delay = 180000
debug +++ [int] repeatCount = 0
debug +++ [int] currentCount = 53
debug +++ [Boolean] running = true
debug +++ [int] delay = 180000
debug time 23:39:47.726 :: After HeartBeat Count=54 Result=5
debug time 23:42:47.553 :: Before HeartBeat Count=55 Time=Tue Sep 20 2011 23:42:47 GMT+0200 AccountId=28699575 Session=85b79b73-a1e7-474d-8d7f-fadb01ed8540
debug ++ [int] eventPhase = 2
debug ++ [Boolean] bubbles = false
debug ++ [Boolean] cancelable = false
debug ++ [String] type = timer
debug +++ [int] repeatCount = 0
debug +++ [int] currentCount = 54
debug +++ [Boolean] running = true
debug +++ [int] delay = 180000
debug +++ [int] repeatCount = 0
debug +++ [int] currentCount = 54
debug +++ [Boolean] running = true
debug +++ [int] delay = 180000
debug time 23:42:47.731 :: After HeartBeat Count=55 Result=5
debug time 23:45:47.569 :: Before HeartBeat Count=56 Time=Tue Sep 20 2011 23:45:47 GMT+0200 AccountId=28699575 Session=85b79b73-a1e7-474d-8d7f-fadb01ed8540
debug ++ [int] eventPhase = 2
debug ++ [Boolean] bubbles = false
debug ++ [Boolean] cancelable = false
debug ++ [String] type = timer
debug +++ [int] repeatCount = 0
debug +++ [int] currentCount = 55
debug +++ [Boolean] running = true
debug +++ [int] delay = 180000
debug +++ [int] repeatCount = 0
debug +++ [int] currentCount = 55
debug +++ [Boolean] running = true
debug +++ [int] delay = 180000
debug time 23:45:47.795 :: After HeartBeat Count=56 Result=5
debug time 23:48:47.594 :: Before HeartBeat Count=57 Time=Tue Sep 20 2011 23:48:47 GMT+0200 AccountId=28699575 Session=85b79b73-a1e7-474d-8d7f-fadb01ed8540
debug ++ [int] eventPhase = 2
debug ++ [Boolean] bubbles = false
debug ++ [Boolean] cancelable = false
debug ++ [String] type = timer
debug +++ [int] repeatCount = 0
debug +++ [int] currentCount = 56
debug +++ [Boolean] running = true
debug +++ [int] delay = 180000
debug +++ [int] repeatCount = 0
debug +++ [int] currentCount = 56
debug +++ [Boolean] running = true
debug +++ [int] delay = 180000
debug time 23:48:47.795 :: After HeartBeat Count=57 Result=5
debug time 23:51:47.636 :: Before HeartBeat Count=58 Time=Tue Sep 20 2011 23:51:47 GMT+0200 AccountId=28699575 Session=85b79b73-a1e7-474d-8d7f-fadb01ed8540
debug ++ [int] eventPhase = 2
debug ++ [Boolean] bubbles = false
debug ++ [Boolean] cancelable = false
debug ++ [String] type = timer
debug +++ [int] repeatCount = 0
debug +++ [int] currentCount = 57
debug +++ [Boolean] running = true
debug +++ [int] delay = 180000
debug +++ [int] repeatCount = 0
debug +++ [int] currentCount = 57
debug +++ [Boolean] running = true
debug +++ [int] delay = 180000
debug time 23:51:47.842 :: After HeartBeat Count=58 Result=5
debug time 23:54:47.636 :: Before HeartBeat Count=59 Time=Tue Sep 20 2011 23:54:47 GMT+0200 AccountId=28699575 Session=85b79b73-a1e7-474d-8d7f-fadb01ed8540
debug ++ [int] eventPhase = 2
debug ++ [Boolean] bubbles = false
debug ++ [Boolean] cancelable = false
debug ++ [String] type = timer
debug +++ [int] repeatCount = 0
debug +++ [int] currentCount = 58
debug +++ [Boolean] running = true
debug +++ [int] delay = 180000
debug +++ [int] repeatCount = 0
debug +++ [int] currentCount = 58
debug +++ [Boolean] running = true
debug +++ [int] delay = 180000
debug time 23:54:47.813 :: After HeartBeat Count=59 Result=5
debug time 23:57:47.636 :: Before HeartBeat Count=60 Time=Tue Sep 20 2011 23:57:47 GMT+0200 AccountId=28699575 Session=85b79b73-a1e7-474d-8d7f-fadb01ed8540
debug ++ [int] eventPhase = 2
debug ++ [Boolean] bubbles = false
debug ++ [Boolean] cancelable = false
debug ++ [String] type = timer
debug +++ [int] repeatCount = 0
debug +++ [int] currentCount = 59
debug +++ [Boolean] running = true
debug +++ [int] delay = 180000
debug +++ [int] repeatCount = 0
debug +++ [int] currentCount = 59
debug +++ [Boolean] running = true
debug +++ [int] delay = 180000
debug time 23:57:47.813 :: After HeartBeat Count=60 Result=5
debug time 00:00:47.637 :: Before HeartBeat Count=61 Time=Wed Sep 21 2011 00:00:47 GMT+0200 AccountId=28699575 Session=85b79b73-a1e7-474d-8d7f-fadb01ed8540
debug ++ [int] eventPhase = 2
debug ++ [Boolean] bubbles = false
debug ++ [Boolean] cancelable = false
debug ++ [String] type = timer
debug +++ [int] repeatCount = 0
debug +++ [int] currentCount = 60
debug +++ [Boolean] running = true
debug +++ [int] delay = 180000
debug +++ [int] repeatCount = 0
debug +++ [int] currentCount = 60
debug +++ [Boolean] running = true
debug +++ [int] delay = 180000
debug time 00:00:47.837 :: After HeartBeat Count=61 Result=5
debug time 00:03:47.636 :: Before HeartBeat Count=62 Time=Wed Sep 21 2011 00:03:47 GMT+0200 AccountId=28699575 Session=85b79b73-a1e7-474d-8d7f-fadb01ed8540
debug ++ [int] eventPhase = 2
debug ++ [Boolean] bubbles = false
debug ++ [Boolean] cancelable = false
debug ++ [String] type = timer
debug +++ [int] repeatCount = 0
debug +++ [int] currentCount = 61
debug +++ [Boolean] running = true
debug +++ [int] delay = 180000
debug +++ [int] repeatCount = 0
debug +++ [int] currentCount = 61
debug +++ [Boolean] running = true
debug +++ [int] delay = 180000
debug time 00:03:47.813 :: After HeartBeat Count=62 Result=5
debug time 00:06:47.673 :: Before HeartBeat Count=63 Time=Wed Sep 21 2011 00:06:47 GMT+0200 AccountId=28699575 Session=85b79b73-a1e7-474d-8d7f-fadb01ed8540
debug ++ [int] eventPhase = 2
debug ++ [Boolean] bubbles = false
debug ++ [Boolean] cancelable = false
debug ++ [String] type = timer
debug +++ [int] repeatCount = 0
debug +++ [int] currentCount = 62
debug +++ [Boolean] running = true
debug +++ [int] delay = 180000
debug +++ [int] repeatCount = 0
debug +++ [int] currentCount = 62
debug +++ [Boolean] running = true
debug +++ [int] delay = 180000
debug time 00:06:47.850 :: After HeartBeat Count=63 Result=5
debug time 00:09:47.677 :: Before HeartBeat Count=64 Time=Wed Sep 21 2011 00:09:47 GMT+0200 AccountId=28699575 Session=85b79b73-a1e7-474d-8d7f-fadb01ed8540
debug ++ [int] eventPhase = 2
debug ++ [Boolean] bubbles = false
debug ++ [Boolean] cancelable = false
debug ++ [String] type = timer
debug +++ [int] repeatCount = 0
debug +++ [int] currentCount = 63
debug +++ [Boolean] running = true
debug +++ [int] delay = 180000
debug +++ [int] repeatCount = 0
debug +++ [int] currentCount = 63
debug +++ [Boolean] running = true
debug +++ [int] delay = 180000
debug time 00:09:47.878 :: After HeartBeat Count=64 Result=5
debug time 00:12:47.677 :: Before HeartBeat Count=65 Time=Wed Sep 21 2011 00:12:47 GMT+0200 AccountId=28699575 Session=85b79b73-a1e7-474d-8d7f-fadb01ed8540
debug ++ [int] eventPhase = 2
debug ++ [Boolean] bubbles = false
debug ++ [Boolean] cancelable = false
debug ++ [String] type = timer
debug +++ [int] repeatCount = 0
debug +++ [int] currentCount = 64
debug +++ [Boolean] running = true
debug +++ [int] delay = 180000
debug +++ [int] repeatCount = 0
debug +++ [int] currentCount = 64
debug +++ [Boolean] running = true
debug +++ [int] delay = 180000
debug time 00:12:47.854 :: After HeartBeat Count=65 Result=5
debug time 00:15:47.720 :: Before HeartBeat Count=66 Time=Wed Sep 21 2011 00:15:47 GMT+0200 AccountId=28699575 Session=85b79b73-a1e7-474d-8d7f-fadb01ed8540
debug ++ [int] eventPhase = 2
debug ++ [Boolean] bubbles = false
debug ++ [Boolean] cancelable = false
debug ++ [String] type = timer
debug +++ [int] repeatCount = 0
debug +++ [int] currentCount = 65
debug +++ [Boolean] running = true
debug +++ [int] delay = 180000
debug +++ [int] repeatCount = 0
debug +++ [int] currentCount = 65
debug +++ [Boolean] running = true
debug +++ [int] delay = 180000
debug time 00:15:47.896 :: After HeartBeat Count=66 Result=5
debug time 00:18:47.720 :: Before HeartBeat Count=67 Time=Wed Sep 21 2011 00:18:47 GMT+0200 AccountId=28699575 Session=85b79b73-a1e7-474d-8d7f-fadb01ed8540
debug ++ [int] eventPhase = 2
debug ++ [Boolean] bubbles = false
debug ++ [Boolean] cancelable = false
debug ++ [String] type = timer
debug +++ [int] repeatCount = 0
debug +++ [int] currentCount = 66
debug +++ [Boolean] running = true
debug +++ [int] delay = 180000
debug +++ [int] repeatCount = 0
debug +++ [int] currentCount = 66
debug +++ [Boolean] running = true
debug +++ [int] delay = 180000
debug time 00:18:47.905 :: After HeartBeat Count=67 Result=5
debug time 00:21:47.720 :: Before HeartBeat Count=68 Time=Wed Sep 21 2011 00:21:47 GMT+0200 AccountId=28699575 Session=85b79b73-a1e7-474d-8d7f-fadb01ed8540
debug ++ [int] eventPhase = 2
debug ++ [Boolean] bubbles = false
debug ++ [Boolean] cancelable = false
debug ++ [String] type = timer
debug +++ [int] repeatCount = 0
debug +++ [int] currentCount = 67
debug +++ [Boolean] running = true
debug +++ [int] delay = 180000
debug +++ [int] repeatCount = 0
debug +++ [int] currentCount = 67
debug +++ [Boolean] running = true
debug +++ [int] delay = 180000
debug time 00:21:47.925 :: After HeartBeat Count=68 Result=5
debug time 00:24:47.740 :: Before HeartBeat Count=69 Time=Wed Sep 21 2011 00:24:47 GMT+0200 AccountId=28699575 Session=85b79b73-a1e7-474d-8d7f-fadb01ed8540
debug ++ [int] eventPhase = 2
debug ++ [Boolean] bubbles = false
debug ++ [Boolean] cancelable = false
debug ++ [String] type = timer
debug +++ [int] repeatCount = 0
debug +++ [int] currentCount = 68
debug +++ [Boolean] running = true
debug +++ [int] delay = 180000
debug +++ [int] repeatCount = 0
debug +++ [int] currentCount = 68
debug +++ [Boolean] running = true
debug +++ [int] delay = 180000
debug time 00:24:47.968 :: After HeartBeat Count=69 Result=5
debug time 00:27:47.759 :: Before HeartBeat Count=70 Time=Wed Sep 21 2011 00:27:47 GMT+0200 AccountId=28699575 Session=85b79b73-a1e7-474d-8d7f-fadb01ed8540
debug ++ [int] eventPhase = 2
debug ++ [Boolean] bubbles = false
debug ++ [Boolean] cancelable = false
debug ++ [String] type = timer
debug +++ [int] repeatCount = 0
debug +++ [int] currentCount = 69
debug +++ [Boolean] running = true
debug +++ [int] delay = 180000
debug +++ [int] repeatCount = 0
debug +++ [int] currentCount = 69
debug +++ [Boolean] running = true
debug +++ [int] delay = 180000
debug time 00:27:47.937 :: After HeartBeat Count=70 Result=5
debug time 00:30:47.760 :: Before HeartBeat Count=71 Time=Wed Sep 21 2011 00:30:47 GMT+0200 AccountId=28699575 Session=85b79b73-a1e7-474d-8d7f-fadb01ed8540
debug ++ [int] eventPhase = 2
debug ++ [Boolean] bubbles = false
debug ++ [Boolean] cancelable = false
debug ++ [String] type = timer
debug +++ [int] repeatCount = 0
debug +++ [int] currentCount = 70
debug +++ [Boolean] running = true
debug +++ [int] delay = 180000
debug +++ [int] repeatCount = 0
debug +++ [int] currentCount = 70
debug +++ [Boolean] running = true
debug +++ [int] delay = 180000
debug time 00:30:47.962 :: After HeartBeat Count=71 Result=5
debug time 00:33:47.776 :: Before HeartBeat Count=72 Time=Wed Sep 21 2011 00:33:47 GMT+0200 AccountId=28699575 Session=85b79b73-a1e7-474d-8d7f-fadb01ed8540
debug ++ [int] eventPhase = 2
debug ++ [Boolean] bubbles = false
debug ++ [Boolean] cancelable = false
debug ++ [String] type = timer
debug +++ [int] repeatCount = 0
debug +++ [int] currentCount = 71
debug +++ [Boolean] running = true
debug +++ [int] delay = 180000
debug +++ [int] repeatCount = 0
debug +++ [int] currentCount = 71
debug +++ [Boolean] running = true
debug +++ [int] delay = 180000
debug time 00:33:47.989 :: After HeartBeat Count=72 Result=5
debug time 00:36:47.802 :: Before HeartBeat Count=73 Time=Wed Sep 21 2011 00:36:47 GMT+0200 AccountId=28699575 Session=85b79b73-a1e7-474d-8d7f-fadb01ed8540
debug ++ [int] eventPhase = 2
debug ++ [Boolean] bubbles = false
debug ++ [Boolean] cancelable = false
debug ++ [String] type = timer
debug +++ [int] repeatCount = 0
debug +++ [int] currentCount = 72
debug +++ [Boolean] running = true
debug +++ [int] delay = 180000
debug +++ [int] repeatCount = 0
debug +++ [int] currentCount = 72
debug +++ [Boolean] running = true
debug +++ [int] delay = 180000
debug time 00:36:48.08 :: After HeartBeat Count=73 Result=5
debug time 00:39:47.803 :: Before HeartBeat Count=74 Time=Wed Sep 21 2011 00:39:47 GMT+0200 AccountId=28699575 Session=85b79b73-a1e7-474d-8d7f-fadb01ed8540
debug ++ [int] eventPhase = 2
debug ++ [Boolean] bubbles = false
debug ++ [Boolean] cancelable = false
debug ++ [String] type = timer
debug +++ [int] repeatCount = 0
debug +++ [int] currentCount = 73
debug +++ [Boolean] running = true
debug +++ [int] delay = 180000
debug +++ [int] repeatCount = 0
debug +++ [int] currentCount = 73
debug +++ [Boolean] running = true
debug +++ [int] delay = 180000
debug time 00:39:47.980 :: After HeartBeat Count=74 Result=5
debug time 00:42:47.803 :: Before HeartBeat Count=75 Time=Wed Sep 21 2011 00:42:47 GMT+0200 AccountId=28699575 Session=85b79b73-a1e7-474d-8d7f-fadb01ed8540
debug ++ [int] eventPhase = 2
debug ++ [Boolean] bubbles = false
debug ++ [Boolean] cancelable = false
debug ++ [String] type = timer
debug +++ [int] repeatCount = 0
debug +++ [int] currentCount = 74
debug +++ [Boolean] running = true
debug +++ [int] delay = 180000
debug +++ [int] repeatCount = 0
debug +++ [int] currentCount = 74
debug +++ [Boolean] running = true
debug +++ [int] delay = 180000
debug time 00:42:47.980 :: After HeartBeat Count=75 Result=5
debug time 00:45:47.803 :: Before HeartBeat Count=76 Time=Wed Sep 21 2011 00:45:47 GMT+0200 AccountId=28699575 Session=85b79b73-a1e7-474d-8d7f-fadb01ed8540
debug ++ [int] eventPhase = 2
debug ++ [Boolean] bubbles = false
debug ++ [Boolean] cancelable = false
debug ++ [String] type = timer
debug +++ [int] repeatCount = 0
debug +++ [int] currentCount = 75
debug +++ [Boolean] running = true
debug +++ [int] delay = 180000
debug +++ [int] repeatCount = 0
debug +++ [int] currentCount = 75
debug +++ [Boolean] running = true
debug +++ [int] delay = 180000
debug time 00:45:48.11 :: After HeartBeat Count=76 Result=5
debug time 00:48:47.842 :: Before HeartBeat Count=77 Time=Wed Sep 21 2011 00:48:47 GMT+0200 AccountId=28699575 Session=85b79b73-a1e7-474d-8d7f-fadb01ed8540
debug ++ [int] eventPhase = 2
debug ++ [Boolean] bubbles = false
debug ++ [Boolean] cancelable = false
debug ++ [String] type = timer
debug +++ [int] repeatCount = 0
debug +++ [int] currentCount = 76
debug +++ [Boolean] running = true
debug +++ [int] delay = 180000
debug +++ [int] repeatCount = 0
debug +++ [int] currentCount = 76
debug +++ [Boolean] running = true
debug +++ [int] delay = 180000
debug time 00:48:48.20 :: After HeartBeat Count=77 Result=5
debug time 00:51:47.842 :: Before HeartBeat Count=78 Time=Wed Sep 21 2011 00:51:47 GMT+0200 AccountId=28699575 Session=85b79b73-a1e7-474d-8d7f-fadb01ed8540
debug ++ [int] eventPhase = 2
debug ++ [Boolean] bubbles = false
debug ++ [Boolean] cancelable = false
debug ++ [String] type = timer
debug +++ [int] repeatCount = 0
debug +++ [int] currentCount = 77
debug +++ [Boolean] running = true
debug +++ [int] delay = 180000
debug +++ [int] repeatCount = 0
debug +++ [int] currentCount = 77
debug +++ [Boolean] running = true
debug +++ [int] delay = 180000
debug time 00:51:48.19 :: After HeartBeat Count=78 Result=5
debug time 00:54:47.847 :: Before HeartBeat Count=79 Time=Wed Sep 21 2011 00:54:47 GMT+0200 AccountId=28699575 Session=85b79b73-a1e7-474d-8d7f-fadb01ed8540
debug ++ [int] eventPhase = 2
debug ++ [Boolean] bubbles = false
debug ++ [Boolean] cancelable = false
debug ++ [String] type = timer
debug +++ [int] repeatCount = 0
debug +++ [int] currentCount = 78
debug +++ [Boolean] running = true
debug +++ [int] delay = 180000
debug +++ [int] repeatCount = 0
debug +++ [int] currentCount = 78
debug +++ [Boolean] running = true
debug +++ [int] delay = 180000
debug time 00:54:48.44 :: After HeartBeat Count=79 Result=5
debug time 00:57:47.867 :: Before HeartBeat Count=80 Time=Wed Sep 21 2011 00:57:47 GMT+0200 AccountId=28699575 Session=85b79b73-a1e7-474d-8d7f-fadb01ed8540
debug ++ [int] eventPhase = 2
debug ++ [Boolean] bubbles = false
debug ++ [Boolean] cancelable = false
debug ++ [String] type = timer
debug +++ [int] repeatCount = 0
debug +++ [int] currentCount = 79
debug +++ [Boolean] running = true
debug +++ [int] delay = 180000
debug +++ [int] repeatCount = 0
debug +++ [int] currentCount = 79
debug +++ [Boolean] running = true
debug +++ [int] delay = 180000
debug time 00:57:48.44 :: After HeartBeat Count=80 Result=5
debug time 01:00:47.868 :: Before HeartBeat Count=81 Time=Wed Sep 21 2011 01:00:47 GMT+0200 AccountId=28699575 Session=85b79b73-a1e7-474d-8d7f-fadb01ed8540
debug ++ [int] eventPhase = 2
debug ++ [Boolean] bubbles = false
debug ++ [Boolean] cancelable = false
debug ++ [String] type = timer
debug +++ [int] repeatCount = 0
debug +++ [int] currentCount = 80
debug +++ [Boolean] running = true
debug +++ [int] delay = 180000
debug +++ [int] repeatCount = 0
debug +++ [int] currentCount = 80
debug +++ [Boolean] running = true
debug +++ [int] delay = 180000
debug time 01:00:48.54 :: After HeartBeat Count=81 Result=5
debug time 01:03:47.910 :: Before HeartBeat Count=82 Time=Wed Sep 21 2011 01:03:47 GMT+0200 AccountId=28699575 Session=85b79b73-a1e7-474d-8d7f-fadb01ed8540
debug ++ [int] eventPhase = 2
debug ++ [Boolean] bubbles = false
debug ++ [Boolean] cancelable = false
debug ++ [String] type = timer
debug +++ [int] repeatCount = 0
debug +++ [int] currentCount = 81
debug +++ [Boolean] running = true
debug +++ [int] delay = 180000
debug +++ [int] repeatCount = 0
debug +++ [int] currentCount = 81
debug +++ [Boolean] running = true
debug +++ [int] delay = 180000
debug time 01:03:48.115 :: After HeartBeat Count=82 Result=5
debug time 01:06:47.910 :: Before HeartBeat Count=83 Time=Wed Sep 21 2011 01:06:47 GMT+0200 AccountId=28699575 Session=85b79b73-a1e7-474d-8d7f-fadb01ed8540
debug ++ [int] eventPhase = 2
debug ++ [Boolean] bubbles = false
debug ++ [Boolean] cancelable = false
debug ++ [String] type = timer
debug +++ [int] repeatCount = 0
debug +++ [int] currentCount = 82
debug +++ [Boolean] running = true
debug +++ [int] delay = 180000
debug +++ [int] repeatCount = 0
debug +++ [int] currentCount = 82
debug +++ [Boolean] running = true
debug +++ [int] delay = 180000
debug time 01:06:48.110 :: After HeartBeat Count=83 Result=5
debug time 01:09:47.951 :: Before HeartBeat Count=84 Time=Wed Sep 21 2011 01:09:47 GMT+0200 AccountId=28699575 Session=85b79b73-a1e7-474d-8d7f-fadb01ed8540
debug ++ [int] eventPhase = 2
debug ++ [Boolean] bubbles = false
debug ++ [Boolean] cancelable = false
debug ++ [String] type = timer
debug +++ [int] repeatCount = 0
debug +++ [int] currentCount = 83
debug +++ [Boolean] running = true
debug +++ [int] delay = 180000
debug +++ [int] repeatCount = 0
debug +++ [int] currentCount = 83
debug +++ [Boolean] running = true
debug +++ [int] delay = 180000
debug time 01:09:48.152 :: After HeartBeat Count=84 Result=5
