debug time 14:25:45.540 :: Before HeartBeat Count=1 Time=Wed Dec 14 2011 14:25:45 GMT+0100 AccountId=28699575 Session=8aac7ca4-6002-4822-b2ff-c1421fee912d
STOP LOGGING: More than 0 nested objects or properties. 
debug time 14:25:46.317 :: After HeartBeat Count=1 Result=5
debug time 14:28:45.549 :: Before HeartBeat Count=2 Time=Wed Dec 14 2011 14:28:45 GMT+0100 AccountId=28699575 Session=8aac7ca4-6002-4822-b2ff-c1421fee912d
debug ++ [int] eventPhase = 2
debug ++ [Boolean] bubbles = false
debug ++ [Boolean] cancelable = false
debug ++ [String] type = timer
debug +++ [int] repeatCount = 0
debug +++ [int] currentCount = 1
debug +++ [Boolean] running = true
debug +++ [int] delay = 180000
debug +++ [int] repeatCount = 0
debug +++ [int] currentCount = 1
debug +++ [Boolean] running = true
debug +++ [int] delay = 180000
debug time 14:28:45.754 :: After HeartBeat Count=2 Result=5
debug time 14:31:45.549 :: Before HeartBeat Count=3 Time=Wed Dec 14 2011 14:31:45 GMT+0100 AccountId=28699575 Session=8aac7ca4-6002-4822-b2ff-c1421fee912d
debug ++ [int] eventPhase = 2
debug ++ [Boolean] bubbles = false
debug ++ [Boolean] cancelable = false
debug ++ [String] type = timer
debug +++ [int] repeatCount = 0
debug +++ [int] currentCount = 2
debug +++ [Boolean] running = true
debug +++ [int] delay = 180000
debug +++ [int] repeatCount = 0
debug +++ [int] currentCount = 2
debug +++ [Boolean] running = true
debug +++ [int] delay = 180000
debug time 14:31:45.759 :: After HeartBeat Count=3 Result=5
debug time 14:34:45.584 :: Before HeartBeat Count=4 Time=Wed Dec 14 2011 14:34:45 GMT+0100 AccountId=28699575 Session=8aac7ca4-6002-4822-b2ff-c1421fee912d
debug ++ [int] eventPhase = 2
debug ++ [Boolean] bubbles = false
debug ++ [Boolean] cancelable = false
debug ++ [String] type = timer
debug +++ [int] repeatCount = 0
debug +++ [int] currentCount = 3
debug +++ [Boolean] running = true
debug +++ [int] delay = 180000
debug +++ [int] repeatCount = 0
debug +++ [int] currentCount = 3
debug +++ [Boolean] running = true
debug +++ [int] delay = 180000
debug time 14:34:45.785 :: After HeartBeat Count=4 Result=5
debug time 14:37:46.418 :: Before HeartBeat Count=5 Time=Wed Dec 14 2011 14:37:46 GMT+0100 AccountId=28699575 Session=8aac7ca4-6002-4822-b2ff-c1421fee912d
debug ++ [int] eventPhase = 2
debug ++ [Boolean] bubbles = false
debug ++ [Boolean] cancelable = false
debug ++ [String] type = timer
debug +++ [int] repeatCount = 0
debug +++ [int] currentCount = 4
debug +++ [Boolean] running = true
debug +++ [int] delay = 180000
debug +++ [int] repeatCount = 0
debug +++ [int] currentCount = 4
debug +++ [Boolean] running = true
debug +++ [int] delay = 180000
debug time 14:37:47.415 :: After HeartBeat Count=5 Result=5
debug time 14:40:46.422 :: Before HeartBeat Count=6 Time=Wed Dec 14 2011 14:40:46 GMT+0100 AccountId=28699575 Session=8aac7ca4-6002-4822-b2ff-c1421fee912d
debug ++ [int] eventPhase = 2
debug ++ [Boolean] bubbles = false
debug ++ [Boolean] cancelable = false
debug ++ [String] type = timer
debug +++ [int] repeatCount = 0
debug +++ [int] currentCount = 5
debug +++ [Boolean] running = true
debug +++ [int] delay = 180000
debug +++ [int] repeatCount = 0
debug +++ [int] currentCount = 5
debug +++ [Boolean] running = true
debug +++ [int] delay = 180000
debug time 14:40:47.415 :: After HeartBeat Count=6 Result=5
debug time 14:43:46.422 :: Before HeartBeat Count=7 Time=Wed Dec 14 2011 14:43:46 GMT+0100 AccountId=28699575 Session=8aac7ca4-6002-4822-b2ff-c1421fee912d
debug ++ [int] eventPhase = 2
debug ++ [Boolean] bubbles = false
debug ++ [Boolean] cancelable = false
debug ++ [String] type = timer
debug +++ [int] repeatCount = 0
debug +++ [int] currentCount = 6
debug +++ [Boolean] running = true
debug +++ [int] delay = 180000
debug +++ [int] repeatCount = 0
debug +++ [int] currentCount = 6
debug +++ [Boolean] running = true
debug +++ [int] delay = 180000
debug time 14:43:47.415 :: After HeartBeat Count=7 Result=5
debug time 14:46:47.420 :: Before HeartBeat Count=8 Time=Wed Dec 14 2011 14:46:47 GMT+0100 AccountId=28699575 Session=8aac7ca4-6002-4822-b2ff-c1421fee912d
debug ++ [int] eventPhase = 2
debug ++ [Boolean] bubbles = false
debug ++ [Boolean] cancelable = false
debug ++ [String] type = timer
debug +++ [int] repeatCount = 0
debug +++ [int] currentCount = 7
debug +++ [Boolean] running = true
debug +++ [int] delay = 180000
debug +++ [int] repeatCount = 0
debug +++ [int] currentCount = 7
debug +++ [Boolean] running = true
debug +++ [int] delay = 180000
debug time 14:46:48.420 :: After HeartBeat Count=8 Result=5
debug time 14:49:47.421 :: Before HeartBeat Count=9 Time=Wed Dec 14 2011 14:49:47 GMT+0100 AccountId=28699575 Session=8aac7ca4-6002-4822-b2ff-c1421fee912d
debug ++ [int] eventPhase = 2
debug ++ [Boolean] bubbles = false
debug ++ [Boolean] cancelable = false
debug ++ [String] type = timer
debug +++ [int] repeatCount = 0
debug +++ [int] currentCount = 8
debug +++ [Boolean] running = true
debug +++ [int] delay = 180000
debug +++ [int] repeatCount = 0
debug +++ [int] currentCount = 8
debug +++ [Boolean] running = true
debug +++ [int] delay = 180000
debug time 14:49:48.415 :: After HeartBeat Count=9 Result=5
debug time 14:52:48.419 :: Before HeartBeat Count=10 Time=Wed Dec 14 2011 14:52:48 GMT+0100 AccountId=28699575 Session=8aac7ca4-6002-4822-b2ff-c1421fee912d
debug ++ [int] eventPhase = 2
debug ++ [Boolean] bubbles = false
debug ++ [Boolean] cancelable = false
debug ++ [String] type = timer
debug +++ [int] repeatCount = 0
debug +++ [int] currentCount = 9
debug +++ [Boolean] running = true
debug +++ [int] delay = 180000
debug +++ [int] repeatCount = 0
debug +++ [int] currentCount = 9
debug +++ [Boolean] running = true
debug +++ [int] delay = 180000
debug time 14:52:49.415 :: After HeartBeat Count=10 Result=5
debug time 14:55:48.438 :: Before HeartBeat Count=11 Time=Wed Dec 14 2011 14:55:48 GMT+0100 AccountId=28699575 Session=8aac7ca4-6002-4822-b2ff-c1421fee912d
debug ++ [int] eventPhase = 2
debug ++ [Boolean] bubbles = false
debug ++ [Boolean] cancelable = false
debug ++ [String] type = timer
debug +++ [int] repeatCount = 0
debug +++ [int] currentCount = 10
debug +++ [Boolean] running = true
debug +++ [int] delay = 180000
debug +++ [int] repeatCount = 0
debug +++ [int] currentCount = 10
debug +++ [Boolean] running = true
debug +++ [int] delay = 180000
debug time 14:55:49.420 :: After HeartBeat Count=11 Result=5
debug time 14:58:49.420 :: Before HeartBeat Count=12 Time=Wed Dec 14 2011 14:58:49 GMT+0100 AccountId=28699575 Session=8aac7ca4-6002-4822-b2ff-c1421fee912d
debug ++ [int] eventPhase = 2
debug ++ [Boolean] bubbles = false
debug ++ [Boolean] cancelable = false
debug ++ [String] type = timer
debug +++ [int] repeatCount = 0
debug +++ [int] currentCount = 11
debug +++ [Boolean] running = true
debug +++ [int] delay = 180000
debug +++ [int] repeatCount = 0
debug +++ [int] currentCount = 11
debug +++ [Boolean] running = true
debug +++ [int] delay = 180000
debug time 14:58:50.415 :: After HeartBeat Count=12 Result=5
debug time 15:01:50.418 :: Before HeartBeat Count=13 Time=Wed Dec 14 2011 15:01:50 GMT+0100 AccountId=28699575 Session=8aac7ca4-6002-4822-b2ff-c1421fee912d
debug ++ [int] eventPhase = 2
debug ++ [Boolean] bubbles = false
debug ++ [Boolean] cancelable = false
debug ++ [String] type = timer
debug +++ [int] repeatCount = 0
debug +++ [int] currentCount = 12
debug +++ [Boolean] running = true
debug +++ [int] delay = 180000
debug +++ [int] repeatCount = 0
debug +++ [int] currentCount = 12
debug +++ [Boolean] running = true
debug +++ [int] delay = 180000
debug time 15:01:51.415 :: After HeartBeat Count=13 Result=5
debug time 15:04:50.418 :: Before HeartBeat Count=14 Time=Wed Dec 14 2011 15:04:50 GMT+0100 AccountId=28699575 Session=8aac7ca4-6002-4822-b2ff-c1421fee912d
debug ++ [int] eventPhase = 2
debug ++ [Boolean] bubbles = false
debug ++ [Boolean] cancelable = false
debug ++ [String] type = timer
debug +++ [int] repeatCount = 0
debug +++ [int] currentCount = 13
debug +++ [Boolean] running = true
debug +++ [int] delay = 180000
debug +++ [int] repeatCount = 0
debug +++ [int] currentCount = 13
debug +++ [Boolean] running = true
debug +++ [int] delay = 180000
debug time 15:04:51.415 :: After HeartBeat Count=14 Result=5
debug time 15:07:50.419 :: Before HeartBeat Count=15 Time=Wed Dec 14 2011 15:07:50 GMT+0100 AccountId=28699575 Session=8aac7ca4-6002-4822-b2ff-c1421fee912d
debug ++ [int] eventPhase = 2
debug ++ [Boolean] bubbles = false
debug ++ [Boolean] cancelable = false
debug ++ [String] type = timer
debug +++ [int] repeatCount = 0
debug +++ [int] currentCount = 14
debug +++ [Boolean] running = true
debug +++ [int] delay = 180000
debug +++ [int] repeatCount = 0
debug +++ [int] currentCount = 14
debug +++ [Boolean] running = true
debug +++ [int] delay = 180000
debug time 15:07:51.416 :: After HeartBeat Count=15 Result=5
debug time 15:10:50.418 :: Before HeartBeat Count=16 Time=Wed Dec 14 2011 15:10:50 GMT+0100 AccountId=28699575 Session=8aac7ca4-6002-4822-b2ff-c1421fee912d
debug ++ [int] eventPhase = 2
debug ++ [Boolean] bubbles = false
debug ++ [Boolean] cancelable = false
debug ++ [String] type = timer
debug +++ [int] repeatCount = 0
debug +++ [int] currentCount = 15
debug +++ [Boolean] running = true
debug +++ [int] delay = 180000
debug +++ [int] repeatCount = 0
debug +++ [int] currentCount = 15
debug +++ [Boolean] running = true
debug +++ [int] delay = 180000
debug time 15:10:51.415 :: After HeartBeat Count=16 Result=5
debug time 15:13:50.418 :: Before HeartBeat Count=17 Time=Wed Dec 14 2011 15:13:50 GMT+0100 AccountId=28699575 Session=8aac7ca4-6002-4822-b2ff-c1421fee912d
debug ++ [int] eventPhase = 2
debug ++ [Boolean] bubbles = false
debug ++ [Boolean] cancelable = false
debug ++ [String] type = timer
debug +++ [int] repeatCount = 0
debug +++ [int] currentCount = 16
debug +++ [Boolean] running = true
debug +++ [int] delay = 180000
debug +++ [int] repeatCount = 0
debug +++ [int] currentCount = 16
debug +++ [Boolean] running = true
debug +++ [int] delay = 180000
debug time 15:13:51.415 :: After HeartBeat Count=17 Result=5
debug time 15:16:50.421 :: Before HeartBeat Count=18 Time=Wed Dec 14 2011 15:16:50 GMT+0100 AccountId=28699575 Session=8aac7ca4-6002-4822-b2ff-c1421fee912d
debug ++ [int] eventPhase = 2
debug ++ [Boolean] bubbles = false
debug ++ [Boolean] cancelable = false
debug ++ [String] type = timer
debug +++ [int] repeatCount = 0
debug +++ [int] currentCount = 17
debug +++ [Boolean] running = true
debug +++ [int] delay = 180000
debug +++ [int] repeatCount = 0
debug +++ [int] currentCount = 17
debug +++ [Boolean] running = true
debug +++ [int] delay = 180000
debug time 15:16:51.416 :: After HeartBeat Count=18 Result=5
debug time 15:19:51.419 :: Before HeartBeat Count=19 Time=Wed Dec 14 2011 15:19:51 GMT+0100 AccountId=28699575 Session=8aac7ca4-6002-4822-b2ff-c1421fee912d
debug ++ [int] eventPhase = 2
debug ++ [Boolean] bubbles = false
debug ++ [Boolean] cancelable = false
debug ++ [String] type = timer
debug +++ [int] repeatCount = 0
debug +++ [int] currentCount = 18
debug +++ [Boolean] running = true
debug +++ [int] delay = 180000
debug +++ [int] repeatCount = 0
debug +++ [int] currentCount = 18
debug +++ [Boolean] running = true
debug +++ [int] delay = 180000
debug time 15:19:52.415 :: After HeartBeat Count=19 Result=5
debug time 15:21:17.649 :: Performing heartbeat at Wed Dec 14 2011 15:21:17 GMT+0100
debug time 15:22:51.431 :: Before HeartBeat Count=20 Time=Wed Dec 14 2011 15:22:51 GMT+0100 AccountId=28699575 Session=8aac7ca4-6002-4822-b2ff-c1421fee912d
debug ++ [int] eventPhase = 2
debug ++ [Boolean] bubbles = false
debug ++ [Boolean] cancelable = false
debug ++ [String] type = timer
debug +++ [int] repeatCount = 0
debug +++ [int] currentCount = 19
debug +++ [Boolean] running = true
debug +++ [int] delay = 180000
debug +++ [int] repeatCount = 0
debug +++ [int] currentCount = 19
debug +++ [Boolean] running = true
debug +++ [int] delay = 180000
debug time 15:22:51.633 :: After HeartBeat Count=20 Result=5
debug time 15:25:51.431 :: Before HeartBeat Count=21 Time=Wed Dec 14 2011 15:25:51 GMT+0100 AccountId=28699575 Session=8aac7ca4-6002-4822-b2ff-c1421fee912d
debug ++ [int] eventPhase = 2
debug ++ [Boolean] bubbles = false
debug ++ [Boolean] cancelable = false
debug ++ [String] type = timer
debug +++ [int] repeatCount = 0
debug +++ [int] currentCount = 20
debug +++ [Boolean] running = true
debug +++ [int] delay = 180000
debug +++ [int] repeatCount = 0
debug +++ [int] currentCount = 20
debug +++ [Boolean] running = true
debug +++ [int] delay = 180000
debug time 15:25:51.633 :: After HeartBeat Count=21 Result=5
debug time 15:28:51.475 :: Before HeartBeat Count=22 Time=Wed Dec 14 2011 15:28:51 GMT+0100 AccountId=28699575 Session=8aac7ca4-6002-4822-b2ff-c1421fee912d
debug ++ [int] eventPhase = 2
debug ++ [Boolean] bubbles = false
debug ++ [Boolean] cancelable = false
debug ++ [String] type = timer
debug +++ [int] repeatCount = 0
debug +++ [int] currentCount = 21
debug +++ [Boolean] running = true
debug +++ [int] delay = 180000
debug +++ [int] repeatCount = 0
debug +++ [int] currentCount = 21
debug +++ [Boolean] running = true
debug +++ [int] delay = 180000
debug time 15:28:51.675 :: After HeartBeat Count=22 Result=5
debug time 15:31:51.513 :: Before HeartBeat Count=23 Time=Wed Dec 14 2011 15:31:51 GMT+0100 AccountId=28699575 Session=8aac7ca4-6002-4822-b2ff-c1421fee912d
debug ++ [int] eventPhase = 2
debug ++ [Boolean] bubbles = false
debug ++ [Boolean] cancelable = false
debug ++ [String] type = timer
debug +++ [int] repeatCount = 0
debug +++ [int] currentCount = 22
debug +++ [Boolean] running = true
debug +++ [int] delay = 180000
debug +++ [int] repeatCount = 0
debug +++ [int] currentCount = 22
debug +++ [Boolean] running = true
debug +++ [int] delay = 180000
debug time 15:31:51.718 :: After HeartBeat Count=23 Result=5
