debug time 16:12:57.885 :: Before HeartBeat Count=1 Time=Tue Apr 10 2012 16:12:57 GMT+0200 AccountId=29131007 Session=e4d11ee2-0936-451d-a3b4-b6b2675dd6ee
STOP LOGGING: More than 0 nested objects or properties. 
debug time 16:12:58.232 :: After HeartBeat Count=1 Result=5
debug time 16:14:57.929 :: Before HeartBeat Count=2 Time=Tue Apr 10 2012 16:14:57 GMT+0200 AccountId=29131007 Session=e4d11ee2-0936-451d-a3b4-b6b2675dd6ee
debug ++ [int] eventPhase = 2
debug ++ [Boolean] bubbles = false
debug ++ [Boolean] cancelable = false
debug ++ [String] type = timer
debug +++ [int] repeatCount = 0
debug +++ [int] currentCount = 1
debug +++ [Boolean] running = true
debug +++ [int] delay = 120000
debug +++ [int] repeatCount = 0
debug +++ [int] currentCount = 1
debug +++ [Boolean] running = true
debug +++ [int] delay = 120000
debug time 16:14:58.121 :: After HeartBeat Count=2 Result=5
debug time 16:16:58.722 :: Before HeartBeat Count=3 Time=Tue Apr 10 2012 16:16:58 GMT+0200 AccountId=29131007 Session=e4d11ee2-0936-451d-a3b4-b6b2675dd6ee
debug ++ [int] eventPhase = 2
debug ++ [Boolean] bubbles = false
debug ++ [Boolean] cancelable = false
debug ++ [String] type = timer
debug +++ [int] repeatCount = 0
debug +++ [int] currentCount = 2
debug +++ [Boolean] running = true
debug +++ [int] delay = 120000
debug +++ [int] repeatCount = 0
debug +++ [int] currentCount = 2
debug +++ [Boolean] running = true
debug +++ [int] delay = 120000
debug time 16:16:58.907 :: After HeartBeat Count=3 Result=5
debug time 16:18:59.707 :: Before HeartBeat Count=4 Time=Tue Apr 10 2012 16:18:59 GMT+0200 AccountId=29131007 Session=e4d11ee2-0936-451d-a3b4-b6b2675dd6ee
debug ++ [int] eventPhase = 2
debug ++ [Boolean] bubbles = false
debug ++ [Boolean] cancelable = false
debug ++ [String] type = timer
debug +++ [int] repeatCount = 0
debug +++ [int] currentCount = 3
debug +++ [Boolean] running = true
debug +++ [int] delay = 120000
debug +++ [int] repeatCount = 0
debug +++ [int] currentCount = 3
debug +++ [Boolean] running = true
debug +++ [int] delay = 120000
debug time 16:18:59.875 :: After HeartBeat Count=4 Result=5
debug time 16:20:59.716 :: Before HeartBeat Count=5 Time=Tue Apr 10 2012 16:20:59 GMT+0200 AccountId=29131007 Session=e4d11ee2-0936-451d-a3b4-b6b2675dd6ee
debug ++ [int] eventPhase = 2
debug ++ [Boolean] bubbles = false
debug ++ [Boolean] cancelable = false
debug ++ [String] type = timer
debug +++ [int] repeatCount = 0
debug +++ [int] currentCount = 4
debug +++ [Boolean] running = true
debug +++ [int] delay = 120000
debug +++ [int] repeatCount = 0
debug +++ [int] currentCount = 4
debug +++ [Boolean] running = true
debug +++ [int] delay = 120000
debug time 16:20:59.896 :: After HeartBeat Count=5 Result=5
debug time 16:23:00.706 :: Before HeartBeat Count=6 Time=Tue Apr 10 2012 16:23:00 GMT+0200 AccountId=29131007 Session=e4d11ee2-0936-451d-a3b4-b6b2675dd6ee
debug ++ [int] eventPhase = 2
debug ++ [Boolean] bubbles = false
debug ++ [Boolean] cancelable = false
debug ++ [String] type = timer
debug +++ [int] repeatCount = 0
debug +++ [int] currentCount = 5
debug +++ [Boolean] running = true
debug +++ [int] delay = 120000
debug +++ [int] repeatCount = 0
debug +++ [int] currentCount = 5
debug +++ [Boolean] running = true
debug +++ [int] delay = 120000
debug time 16:23:00.874 :: After HeartBeat Count=6 Result=5
debug time 16:25:00.716 :: Before HeartBeat Count=7 Time=Tue Apr 10 2012 16:25:00 GMT+0200 AccountId=29131007 Session=e4d11ee2-0936-451d-a3b4-b6b2675dd6ee
debug ++ [int] eventPhase = 2
debug ++ [Boolean] bubbles = false
debug ++ [Boolean] cancelable = false
debug ++ [String] type = timer
debug +++ [int] repeatCount = 0
debug +++ [int] currentCount = 6
debug +++ [Boolean] running = true
debug +++ [int] delay = 120000
debug +++ [int] repeatCount = 0
debug +++ [int] currentCount = 6
debug +++ [Boolean] running = true
debug +++ [int] delay = 120000
debug time 16:25:00.900 :: After HeartBeat Count=7 Result=5
debug time 16:27:01.707 :: Before HeartBeat Count=8 Time=Tue Apr 10 2012 16:27:01 GMT+0200 AccountId=29131007 Session=e4d11ee2-0936-451d-a3b4-b6b2675dd6ee
debug ++ [int] eventPhase = 2
debug ++ [Boolean] bubbles = false
debug ++ [Boolean] cancelable = false
debug ++ [String] type = timer
debug +++ [int] repeatCount = 0
debug +++ [int] currentCount = 7
debug +++ [Boolean] running = true
debug +++ [int] delay = 120000
debug +++ [int] repeatCount = 0
debug +++ [int] currentCount = 7
debug +++ [Boolean] running = true
debug +++ [int] delay = 120000
debug time 16:27:01.874 :: After HeartBeat Count=8 Result=5
debug time 16:29:01.707 :: Before HeartBeat Count=9 Time=Tue Apr 10 2012 16:29:01 GMT+0200 AccountId=29131007 Session=e4d11ee2-0936-451d-a3b4-b6b2675dd6ee
debug ++ [int] eventPhase = 2
debug ++ [Boolean] bubbles = false
debug ++ [Boolean] cancelable = false
debug ++ [String] type = timer
debug +++ [int] repeatCount = 0
debug +++ [int] currentCount = 8
debug +++ [Boolean] running = true
debug +++ [int] delay = 120000
debug +++ [int] repeatCount = 0
debug +++ [int] currentCount = 8
debug +++ [Boolean] running = true
debug +++ [int] delay = 120000
debug time 16:29:01.874 :: After HeartBeat Count=9 Result=5
debug time 16:31:01.708 :: Before HeartBeat Count=10 Time=Tue Apr 10 2012 16:31:01 GMT+0200 AccountId=29131007 Session=e4d11ee2-0936-451d-a3b4-b6b2675dd6ee
debug ++ [int] eventPhase = 2
debug ++ [Boolean] bubbles = false
debug ++ [Boolean] cancelable = false
debug ++ [String] type = timer
debug +++ [int] repeatCount = 0
debug +++ [int] currentCount = 9
debug +++ [Boolean] running = true
debug +++ [int] delay = 120000
debug +++ [int] repeatCount = 0
debug +++ [int] currentCount = 9
debug +++ [Boolean] running = true
debug +++ [int] delay = 120000
debug time 16:31:01.876 :: After HeartBeat Count=10 Result=5
debug time 16:33:02.705 :: Before HeartBeat Count=11 Time=Tue Apr 10 2012 16:33:02 GMT+0200 AccountId=29131007 Session=e4d11ee2-0936-451d-a3b4-b6b2675dd6ee
debug ++ [int] eventPhase = 2
debug ++ [Boolean] bubbles = false
debug ++ [Boolean] cancelable = false
debug ++ [String] type = timer
debug +++ [int] repeatCount = 0
debug +++ [int] currentCount = 10
debug +++ [Boolean] running = true
debug +++ [int] delay = 120000
debug +++ [int] repeatCount = 0
debug +++ [int] currentCount = 10
debug +++ [Boolean] running = true
debug +++ [int] delay = 120000
debug time 16:33:02.874 :: After HeartBeat Count=11 Result=5
debug time 16:35:02.705 :: Before HeartBeat Count=12 Time=Tue Apr 10 2012 16:35:02 GMT+0200 AccountId=29131007 Session=e4d11ee2-0936-451d-a3b4-b6b2675dd6ee
debug ++ [int] eventPhase = 2
debug ++ [Boolean] bubbles = false
debug ++ [Boolean] cancelable = false
debug ++ [String] type = timer
debug +++ [int] repeatCount = 0
debug +++ [int] currentCount = 11
debug +++ [Boolean] running = true
debug +++ [int] delay = 120000
debug +++ [int] repeatCount = 0
debug +++ [int] currentCount = 11
debug +++ [Boolean] running = true
debug +++ [int] delay = 120000
debug time 16:35:02.873 :: After HeartBeat Count=12 Result=5
debug time 16:37:02.707 :: Before HeartBeat Count=13 Time=Tue Apr 10 2012 16:37:02 GMT+0200 AccountId=29131007 Session=e4d11ee2-0936-451d-a3b4-b6b2675dd6ee
debug ++ [int] eventPhase = 2
debug ++ [Boolean] bubbles = false
debug ++ [Boolean] cancelable = false
debug ++ [String] type = timer
debug +++ [int] repeatCount = 0
debug +++ [int] currentCount = 12
debug +++ [Boolean] running = true
debug +++ [int] delay = 120000
debug +++ [int] repeatCount = 0
debug +++ [int] currentCount = 12
debug +++ [Boolean] running = true
debug +++ [int] delay = 120000
debug time 16:37:02.874 :: After HeartBeat Count=13 Result=5
debug time 16:39:03.706 :: Before HeartBeat Count=14 Time=Tue Apr 10 2012 16:39:03 GMT+0200 AccountId=29131007 Session=e4d11ee2-0936-451d-a3b4-b6b2675dd6ee
debug ++ [int] eventPhase = 2
debug ++ [Boolean] bubbles = false
debug ++ [Boolean] cancelable = false
debug ++ [String] type = timer
debug +++ [int] repeatCount = 0
debug +++ [int] currentCount = 13
debug +++ [Boolean] running = true
debug +++ [int] delay = 120000
debug +++ [int] repeatCount = 0
debug +++ [int] currentCount = 13
debug +++ [Boolean] running = true
debug +++ [int] delay = 120000
debug time 16:39:03.874 :: After HeartBeat Count=14 Result=5
debug time 16:41:03.707 :: Before HeartBeat Count=15 Time=Tue Apr 10 2012 16:41:03 GMT+0200 AccountId=29131007 Session=e4d11ee2-0936-451d-a3b4-b6b2675dd6ee
debug ++ [int] eventPhase = 2
debug ++ [Boolean] bubbles = false
debug ++ [Boolean] cancelable = false
debug ++ [String] type = timer
debug +++ [int] repeatCount = 0
debug +++ [int] currentCount = 14
debug +++ [Boolean] running = true
debug +++ [int] delay = 120000
debug +++ [int] repeatCount = 0
debug +++ [int] currentCount = 14
debug +++ [Boolean] running = true
debug +++ [int] delay = 120000
debug time 16:41:03.875 :: After HeartBeat Count=15 Result=5
debug time 16:42:08.756 :: Performing heartbeat at Tue Apr 10 2012 16:42:08 GMT+0200
debug time 16:43:03.732 :: Before HeartBeat Count=16 Time=Tue Apr 10 2012 16:43:03 GMT+0200 AccountId=29131007 Session=e4d11ee2-0936-451d-a3b4-b6b2675dd6ee
debug ++ [int] eventPhase = 2
debug ++ [Boolean] bubbles = false
debug ++ [Boolean] cancelable = false
debug ++ [String] type = timer
debug +++ [int] repeatCount = 0
debug +++ [int] currentCount = 15
debug +++ [Boolean] running = true
debug +++ [int] delay = 120000
debug +++ [int] repeatCount = 0
debug +++ [int] currentCount = 15
debug +++ [Boolean] running = true
debug +++ [int] delay = 120000
debug time 16:43:03.935 :: After HeartBeat Count=16 Result=5
debug time 16:45:04.696 :: Before HeartBeat Count=17 Time=Tue Apr 10 2012 16:45:04 GMT+0200 AccountId=29131007 Session=e4d11ee2-0936-451d-a3b4-b6b2675dd6ee
debug ++ [int] eventPhase = 2
debug ++ [Boolean] bubbles = false
debug ++ [Boolean] cancelable = false
debug ++ [String] type = timer
debug +++ [int] repeatCount = 0
debug +++ [int] currentCount = 16
debug +++ [Boolean] running = true
debug +++ [int] delay = 120000
debug +++ [int] repeatCount = 0
debug +++ [int] currentCount = 16
debug +++ [Boolean] running = true
debug +++ [int] delay = 120000
debug time 16:45:04.867 :: After HeartBeat Count=17 Result=5
debug time 16:47:05.691 :: Before HeartBeat Count=18 Time=Tue Apr 10 2012 16:47:05 GMT+0200 AccountId=29131007 Session=e4d11ee2-0936-451d-a3b4-b6b2675dd6ee
debug ++ [int] eventPhase = 2
debug ++ [Boolean] bubbles = false
debug ++ [Boolean] cancelable = false
debug ++ [String] type = timer
debug +++ [int] repeatCount = 0
debug +++ [int] currentCount = 17
debug +++ [Boolean] running = true
debug +++ [int] delay = 120000
debug +++ [int] repeatCount = 0
debug +++ [int] currentCount = 17
debug +++ [Boolean] running = true
debug +++ [int] delay = 120000
debug time 16:47:05.862 :: After HeartBeat Count=18 Result=5
debug time 16:49:05.691 :: Before HeartBeat Count=19 Time=Tue Apr 10 2012 16:49:05 GMT+0200 AccountId=29131007 Session=e4d11ee2-0936-451d-a3b4-b6b2675dd6ee
debug ++ [int] eventPhase = 2
debug ++ [Boolean] bubbles = false
debug ++ [Boolean] cancelable = false
debug ++ [String] type = timer
debug +++ [int] repeatCount = 0
debug +++ [int] currentCount = 18
debug +++ [Boolean] running = true
debug +++ [int] delay = 120000
debug +++ [int] repeatCount = 0
debug +++ [int] currentCount = 18
debug +++ [Boolean] running = true
debug +++ [int] delay = 120000
debug time 16:49:05.860 :: After HeartBeat Count=19 Result=5
debug time 16:51:05.711 :: Before HeartBeat Count=20 Time=Tue Apr 10 2012 16:51:05 GMT+0200 AccountId=29131007 Session=e4d11ee2-0936-451d-a3b4-b6b2675dd6ee
debug ++ [int] eventPhase = 2
debug ++ [Boolean] bubbles = false
debug ++ [Boolean] cancelable = false
debug ++ [String] type = timer
debug +++ [int] repeatCount = 0
debug +++ [int] currentCount = 19
debug +++ [Boolean] running = true
debug +++ [int] delay = 120000
debug +++ [int] repeatCount = 0
debug +++ [int] currentCount = 19
debug +++ [Boolean] running = true
debug +++ [int] delay = 120000
debug time 16:51:05.879 :: After HeartBeat Count=20 Result=5
debug time 16:53:06.690 :: Before HeartBeat Count=21 Time=Tue Apr 10 2012 16:53:06 GMT+0200 AccountId=29131007 Session=e4d11ee2-0936-451d-a3b4-b6b2675dd6ee
debug ++ [int] eventPhase = 2
debug ++ [Boolean] bubbles = false
debug ++ [Boolean] cancelable = false
debug ++ [String] type = timer
debug +++ [int] repeatCount = 0
debug +++ [int] currentCount = 20
debug +++ [Boolean] running = true
debug +++ [int] delay = 120000
debug +++ [int] repeatCount = 0
debug +++ [int] currentCount = 20
debug +++ [Boolean] running = true
debug +++ [int] delay = 120000
debug time 16:53:06.858 :: After HeartBeat Count=21 Result=5
debug time 16:55:06.690 :: Before HeartBeat Count=22 Time=Tue Apr 10 2012 16:55:06 GMT+0200 AccountId=29131007 Session=e4d11ee2-0936-451d-a3b4-b6b2675dd6ee
debug ++ [int] eventPhase = 2
debug ++ [Boolean] bubbles = false
debug ++ [Boolean] cancelable = false
debug ++ [String] type = timer
debug +++ [int] repeatCount = 0
debug +++ [int] currentCount = 21
debug +++ [Boolean] running = true
debug +++ [int] delay = 120000
debug +++ [int] repeatCount = 0
debug +++ [int] currentCount = 21
debug +++ [Boolean] running = true
debug +++ [int] delay = 120000
debug time 16:55:06.858 :: After HeartBeat Count=22 Result=5
debug time 16:57:06.713 :: Before HeartBeat Count=23 Time=Tue Apr 10 2012 16:57:06 GMT+0200 AccountId=29131007 Session=e4d11ee2-0936-451d-a3b4-b6b2675dd6ee
debug ++ [int] eventPhase = 2
debug ++ [Boolean] bubbles = false
debug ++ [Boolean] cancelable = false
debug ++ [String] type = timer
debug +++ [int] repeatCount = 0
debug +++ [int] currentCount = 22
debug +++ [Boolean] running = true
debug +++ [int] delay = 120000
debug +++ [int] repeatCount = 0
debug +++ [int] currentCount = 22
debug +++ [Boolean] running = true
debug +++ [int] delay = 120000
debug time 16:57:06.881 :: After HeartBeat Count=23 Result=5
debug time 16:59:07.690 :: Before HeartBeat Count=24 Time=Tue Apr 10 2012 16:59:07 GMT+0200 AccountId=29131007 Session=e4d11ee2-0936-451d-a3b4-b6b2675dd6ee
debug ++ [int] eventPhase = 2
debug ++ [Boolean] bubbles = false
debug ++ [Boolean] cancelable = false
debug ++ [String] type = timer
debug +++ [int] repeatCount = 0
debug +++ [int] currentCount = 23
debug +++ [Boolean] running = true
debug +++ [int] delay = 120000
debug +++ [int] repeatCount = 0
debug +++ [int] currentCount = 23
debug +++ [Boolean] running = true
debug +++ [int] delay = 120000
debug time 16:59:07.857 :: After HeartBeat Count=24 Result=5
debug time 17:01:07.690 :: Before HeartBeat Count=25 Time=Tue Apr 10 2012 17:01:07 GMT+0200 AccountId=29131007 Session=e4d11ee2-0936-451d-a3b4-b6b2675dd6ee
debug ++ [int] eventPhase = 2
debug ++ [Boolean] bubbles = false
debug ++ [Boolean] cancelable = false
debug ++ [String] type = timer
debug +++ [int] repeatCount = 0
debug +++ [int] currentCount = 24
debug +++ [Boolean] running = true
debug +++ [int] delay = 120000
debug +++ [int] repeatCount = 0
debug +++ [int] currentCount = 24
debug +++ [Boolean] running = true
debug +++ [int] delay = 120000
debug time 17:01:07.858 :: After HeartBeat Count=25 Result=5
debug time 17:03:07.690 :: Before HeartBeat Count=26 Time=Tue Apr 10 2012 17:03:07 GMT+0200 AccountId=29131007 Session=e4d11ee2-0936-451d-a3b4-b6b2675dd6ee
debug ++ [int] eventPhase = 2
debug ++ [Boolean] bubbles = false
debug ++ [Boolean] cancelable = false
debug ++ [String] type = timer
debug +++ [int] repeatCount = 0
debug +++ [int] currentCount = 25
debug +++ [Boolean] running = true
debug +++ [int] delay = 120000
debug +++ [int] repeatCount = 0
debug +++ [int] currentCount = 25
debug +++ [Boolean] running = true
debug +++ [int] delay = 120000
debug time 17:03:07.859 :: After HeartBeat Count=26 Result=5
debug time 17:05:07.690 :: Before HeartBeat Count=27 Time=Tue Apr 10 2012 17:05:07 GMT+0200 AccountId=29131007 Session=e4d11ee2-0936-451d-a3b4-b6b2675dd6ee
debug ++ [int] eventPhase = 2
debug ++ [Boolean] bubbles = false
debug ++ [Boolean] cancelable = false
debug ++ [String] type = timer
debug +++ [int] repeatCount = 0
debug +++ [int] currentCount = 26
debug +++ [Boolean] running = true
debug +++ [int] delay = 120000
debug +++ [int] repeatCount = 0
debug +++ [int] currentCount = 26
debug +++ [Boolean] running = true
debug +++ [int] delay = 120000
debug time 17:05:07.858 :: After HeartBeat Count=27 Result=5
debug time 17:07:07.689 :: Before HeartBeat Count=28 Time=Tue Apr 10 2012 17:07:07 GMT+0200 AccountId=29131007 Session=e4d11ee2-0936-451d-a3b4-b6b2675dd6ee
debug ++ [int] eventPhase = 2
debug ++ [Boolean] bubbles = false
debug ++ [Boolean] cancelable = false
debug ++ [String] type = timer
debug +++ [int] repeatCount = 0
debug +++ [int] currentCount = 27
debug +++ [Boolean] running = true
debug +++ [int] delay = 120000
debug +++ [int] repeatCount = 0
debug +++ [int] currentCount = 27
debug +++ [Boolean] running = true
debug +++ [int] delay = 120000
debug time 17:07:07.857 :: After HeartBeat Count=28 Result=5
debug time 17:09:07.690 :: Before HeartBeat Count=29 Time=Tue Apr 10 2012 17:09:07 GMT+0200 AccountId=29131007 Session=e4d11ee2-0936-451d-a3b4-b6b2675dd6ee
debug ++ [int] eventPhase = 2
debug ++ [Boolean] bubbles = false
debug ++ [Boolean] cancelable = false
debug ++ [String] type = timer
debug +++ [int] repeatCount = 0
debug +++ [int] currentCount = 28
debug +++ [Boolean] running = true
debug +++ [int] delay = 120000
debug +++ [int] repeatCount = 0
debug +++ [int] currentCount = 28
debug +++ [Boolean] running = true
debug +++ [int] delay = 120000
debug time 17:09:07.859 :: After HeartBeat Count=29 Result=5
debug time 17:11:08.691 :: Before HeartBeat Count=30 Time=Tue Apr 10 2012 17:11:08 GMT+0200 AccountId=29131007 Session=e4d11ee2-0936-451d-a3b4-b6b2675dd6ee
debug ++ [int] eventPhase = 2
debug ++ [Boolean] bubbles = false
debug ++ [Boolean] cancelable = false
debug ++ [String] type = timer
debug +++ [int] repeatCount = 0
debug +++ [int] currentCount = 29
debug +++ [Boolean] running = true
debug +++ [int] delay = 120000
debug +++ [int] repeatCount = 0
debug +++ [int] currentCount = 29
debug +++ [Boolean] running = true
debug +++ [int] delay = 120000
debug time 17:11:08.858 :: After HeartBeat Count=30 Result=5
debug time 17:13:09.690 :: Before HeartBeat Count=31 Time=Tue Apr 10 2012 17:13:09 GMT+0200 AccountId=29131007 Session=e4d11ee2-0936-451d-a3b4-b6b2675dd6ee
debug ++ [int] eventPhase = 2
debug ++ [Boolean] bubbles = false
debug ++ [Boolean] cancelable = false
debug ++ [String] type = timer
debug +++ [int] repeatCount = 0
debug +++ [int] currentCount = 30
debug +++ [Boolean] running = true
debug +++ [int] delay = 120000
debug +++ [int] repeatCount = 0
debug +++ [int] currentCount = 30
debug +++ [Boolean] running = true
debug +++ [int] delay = 120000
debug time 17:13:09.858 :: After HeartBeat Count=31 Result=5
debug time 17:15:09.691 :: Before HeartBeat Count=32 Time=Tue Apr 10 2012 17:15:09 GMT+0200 AccountId=29131007 Session=e4d11ee2-0936-451d-a3b4-b6b2675dd6ee
debug ++ [int] eventPhase = 2
debug ++ [Boolean] bubbles = false
debug ++ [Boolean] cancelable = false
debug ++ [String] type = timer
debug +++ [int] repeatCount = 0
debug +++ [int] currentCount = 31
debug +++ [Boolean] running = true
debug +++ [int] delay = 120000
debug +++ [int] repeatCount = 0
debug +++ [int] currentCount = 31
debug +++ [Boolean] running = true
debug +++ [int] delay = 120000
debug time 17:15:09.859 :: After HeartBeat Count=32 Result=5
debug time 17:17:10.690 :: Before HeartBeat Count=33 Time=Tue Apr 10 2012 17:17:10 GMT+0200 AccountId=29131007 Session=e4d11ee2-0936-451d-a3b4-b6b2675dd6ee
debug ++ [int] eventPhase = 2
debug ++ [Boolean] bubbles = false
debug ++ [Boolean] cancelable = false
debug ++ [String] type = timer
debug +++ [int] repeatCount = 0
debug +++ [int] currentCount = 32
debug +++ [Boolean] running = true
debug +++ [int] delay = 120000
debug +++ [int] repeatCount = 0
debug +++ [int] currentCount = 32
debug +++ [Boolean] running = true
debug +++ [int] delay = 120000
debug time 17:17:10.886 :: After HeartBeat Count=33 Result=5
debug time 17:19:10.690 :: Before HeartBeat Count=34 Time=Tue Apr 10 2012 17:19:10 GMT+0200 AccountId=29131007 Session=e4d11ee2-0936-451d-a3b4-b6b2675dd6ee
debug ++ [int] eventPhase = 2
debug ++ [Boolean] bubbles = false
debug ++ [Boolean] cancelable = false
debug ++ [String] type = timer
debug +++ [int] repeatCount = 0
debug +++ [int] currentCount = 33
debug +++ [Boolean] running = true
debug +++ [int] delay = 120000
debug +++ [int] repeatCount = 0
debug +++ [int] currentCount = 33
debug +++ [Boolean] running = true
debug +++ [int] delay = 120000
debug time 17:19:10.858 :: After HeartBeat Count=34 Result=5
debug time 17:21:10.691 :: Before HeartBeat Count=35 Time=Tue Apr 10 2012 17:21:10 GMT+0200 AccountId=29131007 Session=e4d11ee2-0936-451d-a3b4-b6b2675dd6ee
debug ++ [int] eventPhase = 2
debug ++ [Boolean] bubbles = false
debug ++ [Boolean] cancelable = false
debug ++ [String] type = timer
debug +++ [int] repeatCount = 0
debug +++ [int] currentCount = 34
debug +++ [Boolean] running = true
debug +++ [int] delay = 120000
debug +++ [int] repeatCount = 0
debug +++ [int] currentCount = 34
debug +++ [Boolean] running = true
debug +++ [int] delay = 120000
debug time 17:21:10.858 :: After HeartBeat Count=35 Result=5
debug time 17:23:11.690 :: Before HeartBeat Count=36 Time=Tue Apr 10 2012 17:23:11 GMT+0200 AccountId=29131007 Session=e4d11ee2-0936-451d-a3b4-b6b2675dd6ee
debug ++ [int] eventPhase = 2
debug ++ [Boolean] bubbles = false
debug ++ [Boolean] cancelable = false
debug ++ [String] type = timer
debug +++ [int] repeatCount = 0
debug +++ [int] currentCount = 35
debug +++ [Boolean] running = true
debug +++ [int] delay = 120000
debug +++ [int] repeatCount = 0
debug +++ [int] currentCount = 35
debug +++ [Boolean] running = true
debug +++ [int] delay = 120000
debug time 17:23:11.870 :: After HeartBeat Count=36 Result=5
debug time 17:25:11.689 :: Before HeartBeat Count=37 Time=Tue Apr 10 2012 17:25:11 GMT+0200 AccountId=29131007 Session=e4d11ee2-0936-451d-a3b4-b6b2675dd6ee
debug ++ [int] eventPhase = 2
debug ++ [Boolean] bubbles = false
debug ++ [Boolean] cancelable = false
debug ++ [String] type = timer
debug +++ [int] repeatCount = 0
debug +++ [int] currentCount = 36
debug +++ [Boolean] running = true
debug +++ [int] delay = 120000
debug +++ [int] repeatCount = 0
debug +++ [int] currentCount = 36
debug +++ [Boolean] running = true
debug +++ [int] delay = 120000
debug time 17:25:11.856 :: After HeartBeat Count=37 Result=5
debug time 17:26:05.652 :: Performing heartbeat at Tue Apr 10 2012 17:26:05 GMT+0200
debug time 17:27:11.703 :: Before HeartBeat Count=38 Time=Tue Apr 10 2012 17:27:11 GMT+0200 AccountId=29131007 Session=e4d11ee2-0936-451d-a3b4-b6b2675dd6ee
debug ++ [int] eventPhase = 2
debug ++ [Boolean] bubbles = false
debug ++ [Boolean] cancelable = false
debug ++ [String] type = timer
debug +++ [int] repeatCount = 0
debug +++ [int] currentCount = 37
debug +++ [Boolean] running = true
debug +++ [int] delay = 120000
debug +++ [int] repeatCount = 0
debug +++ [int] currentCount = 37
debug +++ [Boolean] running = true
debug +++ [int] delay = 120000
debug time 17:27:11.900 :: After HeartBeat Count=38 Result=5
