debug time 15:13:50.86 :: Before HeartBeat Count=1 Time=Sun Dec 18 2011 15:13:50 GMT+0100 AccountId=28699575 Session=77a451e2-7bb2-459e-a612-174ac73386b5
STOP LOGGING: More than 0 nested objects or properties. 
debug time 15:13:51.22 :: After HeartBeat Count=1 Result=5
debug time 15:15:50.121 :: Before HeartBeat Count=2 Time=Sun Dec 18 2011 15:15:50 GMT+0100 AccountId=28699575 Session=77a451e2-7bb2-459e-a612-174ac73386b5
debug ++ [int] eventPhase = 2
debug ++ [Boolean] bubbles = false
debug ++ [Boolean] cancelable = false
debug ++ [String] type = timer
debug +++ [int] repeatCount = 0
debug +++ [int] currentCount = 1
debug +++ [Boolean] running = true
debug +++ [int] delay = 120000
debug +++ [int] repeatCount = 0
debug +++ [int] currentCount = 1
debug +++ [Boolean] running = true
debug +++ [int] delay = 120000
debug time 15:15:50.321 :: After HeartBeat Count=2 Result=5
debug time 15:17:50.856 :: Before HeartBeat Count=3 Time=Sun Dec 18 2011 15:17:50 GMT+0100 AccountId=28699575 Session=77a451e2-7bb2-459e-a612-174ac73386b5
debug ++ [int] eventPhase = 2
debug ++ [Boolean] bubbles = false
debug ++ [Boolean] cancelable = false
debug ++ [String] type = timer
debug +++ [int] repeatCount = 0
debug +++ [int] currentCount = 2
debug +++ [Boolean] running = true
debug +++ [int] delay = 120000
debug +++ [int] repeatCount = 0
debug +++ [int] currentCount = 2
debug +++ [Boolean] running = true
debug +++ [int] delay = 120000
debug time 15:17:51.852 :: After HeartBeat Count=3 Result=5
debug time 15:19:51.53 :: Before HeartBeat Count=4 Time=Sun Dec 18 2011 15:19:51 GMT+0100 AccountId=28699575 Session=77a451e2-7bb2-459e-a612-174ac73386b5
debug ++ [int] eventPhase = 2
debug ++ [Boolean] bubbles = false
debug ++ [Boolean] cancelable = false
debug ++ [String] type = timer
debug +++ [int] repeatCount = 0
debug +++ [int] currentCount = 3
debug +++ [Boolean] running = true
debug +++ [int] delay = 120000
debug +++ [int] repeatCount = 0
debug +++ [int] currentCount = 3
debug +++ [Boolean] running = true
debug +++ [int] delay = 120000
debug time 15:19:52.46 :: After HeartBeat Count=4 Result=5
debug time 15:21:51.55 :: Before HeartBeat Count=5 Time=Sun Dec 18 2011 15:21:51 GMT+0100 AccountId=28699575 Session=77a451e2-7bb2-459e-a612-174ac73386b5
debug ++ [int] eventPhase = 2
debug ++ [Boolean] bubbles = false
debug ++ [Boolean] cancelable = false
debug ++ [String] type = timer
debug +++ [int] repeatCount = 0
debug +++ [int] currentCount = 4
debug +++ [Boolean] running = true
debug +++ [int] delay = 120000
debug +++ [int] repeatCount = 0
debug +++ [int] currentCount = 4
debug +++ [Boolean] running = true
debug +++ [int] delay = 120000
debug time 15:21:52.48 :: After HeartBeat Count=5 Result=5
debug time 15:23:52.47 :: Before HeartBeat Count=6 Time=Sun Dec 18 2011 15:23:52 GMT+0100 AccountId=28699575 Session=77a451e2-7bb2-459e-a612-174ac73386b5
debug ++ [int] eventPhase = 2
debug ++ [Boolean] bubbles = false
debug ++ [Boolean] cancelable = false
debug ++ [String] type = timer
debug +++ [int] repeatCount = 0
debug +++ [int] currentCount = 5
debug +++ [Boolean] running = true
debug +++ [int] delay = 120000
debug +++ [int] repeatCount = 0
debug +++ [int] currentCount = 5
debug +++ [Boolean] running = true
debug +++ [int] delay = 120000
debug time 15:23:53.46 :: After HeartBeat Count=6 Result=5
debug time 15:25:52.50 :: Before HeartBeat Count=7 Time=Sun Dec 18 2011 15:25:52 GMT+0100 AccountId=28699575 Session=77a451e2-7bb2-459e-a612-174ac73386b5
debug ++ [int] eventPhase = 2
debug ++ [Boolean] bubbles = false
debug ++ [Boolean] cancelable = false
debug ++ [String] type = timer
debug +++ [int] repeatCount = 0
debug +++ [int] currentCount = 6
debug +++ [Boolean] running = true
debug +++ [int] delay = 120000
debug +++ [int] repeatCount = 0
debug +++ [int] currentCount = 6
debug +++ [Boolean] running = true
debug +++ [int] delay = 120000
debug time 15:25:53.46 :: After HeartBeat Count=7 Result=5
debug time 15:27:53.54 :: Before HeartBeat Count=8 Time=Sun Dec 18 2011 15:27:53 GMT+0100 AccountId=28699575 Session=77a451e2-7bb2-459e-a612-174ac73386b5
debug ++ [int] eventPhase = 2
debug ++ [Boolean] bubbles = false
debug ++ [Boolean] cancelable = false
debug ++ [String] type = timer
debug +++ [int] repeatCount = 0
debug +++ [int] currentCount = 7
debug +++ [Boolean] running = true
debug +++ [int] delay = 120000
debug +++ [int] repeatCount = 0
debug +++ [int] currentCount = 7
debug +++ [Boolean] running = true
debug +++ [int] delay = 120000
debug time 15:27:54.48 :: After HeartBeat Count=8 Result=5
debug time 15:29:54.52 :: Before HeartBeat Count=9 Time=Sun Dec 18 2011 15:29:54 GMT+0100 AccountId=28699575 Session=77a451e2-7bb2-459e-a612-174ac73386b5
debug ++ [int] eventPhase = 2
debug ++ [Boolean] bubbles = false
debug ++ [Boolean] cancelable = false
debug ++ [String] type = timer
debug +++ [int] repeatCount = 0
debug +++ [int] currentCount = 8
debug +++ [Boolean] running = true
debug +++ [int] delay = 120000
debug +++ [int] repeatCount = 0
debug +++ [int] currentCount = 8
debug +++ [Boolean] running = true
debug +++ [int] delay = 120000
debug time 15:29:55.47 :: After HeartBeat Count=9 Result=5
debug time 15:31:54.68 :: Before HeartBeat Count=10 Time=Sun Dec 18 2011 15:31:54 GMT+0100 AccountId=28699575 Session=77a451e2-7bb2-459e-a612-174ac73386b5
debug ++ [int] eventPhase = 2
debug ++ [Boolean] bubbles = false
debug ++ [Boolean] cancelable = false
debug ++ [String] type = timer
debug +++ [int] repeatCount = 0
debug +++ [int] currentCount = 9
debug +++ [Boolean] running = true
debug +++ [int] delay = 120000
debug +++ [int] repeatCount = 0
debug +++ [int] currentCount = 9
debug +++ [Boolean] running = true
debug +++ [int] delay = 120000
debug time 15:31:55.48 :: After HeartBeat Count=10 Result=5
debug time 15:33:54.81 :: Before HeartBeat Count=11 Time=Sun Dec 18 2011 15:33:54 GMT+0100 AccountId=28699575 Session=77a451e2-7bb2-459e-a612-174ac73386b5
debug ++ [int] eventPhase = 2
debug ++ [Boolean] bubbles = false
debug ++ [Boolean] cancelable = false
debug ++ [String] type = timer
debug +++ [int] repeatCount = 0
debug +++ [int] currentCount = 10
debug +++ [Boolean] running = true
debug +++ [int] delay = 120000
debug +++ [int] repeatCount = 0
debug +++ [int] currentCount = 10
debug +++ [Boolean] running = true
debug +++ [int] delay = 120000
debug time 15:33:55.52 :: After HeartBeat Count=11 Result=5
debug time 15:35:55.54 :: Before HeartBeat Count=12 Time=Sun Dec 18 2011 15:35:55 GMT+0100 AccountId=28699575 Session=77a451e2-7bb2-459e-a612-174ac73386b5
debug ++ [int] eventPhase = 2
debug ++ [Boolean] bubbles = false
debug ++ [Boolean] cancelable = false
debug ++ [String] type = timer
debug +++ [int] repeatCount = 0
debug +++ [int] currentCount = 11
debug +++ [Boolean] running = true
debug +++ [int] delay = 120000
debug +++ [int] repeatCount = 0
debug +++ [int] currentCount = 11
debug +++ [Boolean] running = true
debug +++ [int] delay = 120000
debug time 15:35:56.50 :: After HeartBeat Count=12 Result=5
debug time 15:37:55.60 :: Before HeartBeat Count=13 Time=Sun Dec 18 2011 15:37:55 GMT+0100 AccountId=28699575 Session=77a451e2-7bb2-459e-a612-174ac73386b5
debug ++ [int] eventPhase = 2
debug ++ [Boolean] bubbles = false
debug ++ [Boolean] cancelable = false
debug ++ [String] type = timer
debug +++ [int] repeatCount = 0
debug +++ [int] currentCount = 12
debug +++ [Boolean] running = true
debug +++ [int] delay = 120000
debug +++ [int] repeatCount = 0
debug +++ [int] currentCount = 12
debug +++ [Boolean] running = true
debug +++ [int] delay = 120000
debug time 15:37:56.51 :: After HeartBeat Count=13 Result=5
debug time 15:39:56.55 :: Before HeartBeat Count=14 Time=Sun Dec 18 2011 15:39:56 GMT+0100 AccountId=28699575 Session=77a451e2-7bb2-459e-a612-174ac73386b5
debug ++ [int] eventPhase = 2
debug ++ [Boolean] bubbles = false
debug ++ [Boolean] cancelable = false
debug ++ [String] type = timer
debug +++ [int] repeatCount = 0
debug +++ [int] currentCount = 13
debug +++ [Boolean] running = true
debug +++ [int] delay = 120000
debug +++ [int] repeatCount = 0
debug +++ [int] currentCount = 13
debug +++ [Boolean] running = true
debug +++ [int] delay = 120000
debug time 15:39:57.51 :: After HeartBeat Count=14 Result=5
debug time 15:41:56.60 :: Before HeartBeat Count=15 Time=Sun Dec 18 2011 15:41:56 GMT+0100 AccountId=28699575 Session=77a451e2-7bb2-459e-a612-174ac73386b5
debug ++ [int] eventPhase = 2
debug ++ [Boolean] bubbles = false
debug ++ [Boolean] cancelable = false
debug ++ [String] type = timer
debug +++ [int] repeatCount = 0
debug +++ [int] currentCount = 14
debug +++ [Boolean] running = true
debug +++ [int] delay = 120000
debug +++ [int] repeatCount = 0
debug +++ [int] currentCount = 14
debug +++ [Boolean] running = true
debug +++ [int] delay = 120000
debug time 15:41:57.53 :: After HeartBeat Count=15 Result=5
debug time 15:43:57.59 :: Before HeartBeat Count=16 Time=Sun Dec 18 2011 15:43:57 GMT+0100 AccountId=28699575 Session=77a451e2-7bb2-459e-a612-174ac73386b5
debug ++ [int] eventPhase = 2
debug ++ [Boolean] bubbles = false
debug ++ [Boolean] cancelable = false
debug ++ [String] type = timer
debug +++ [int] repeatCount = 0
debug +++ [int] currentCount = 15
debug +++ [Boolean] running = true
debug +++ [int] delay = 120000
debug +++ [int] repeatCount = 0
debug +++ [int] currentCount = 15
debug +++ [Boolean] running = true
debug +++ [int] delay = 120000
debug time 15:43:58.54 :: After HeartBeat Count=16 Result=5
debug time 15:45:57.61 :: Before HeartBeat Count=17 Time=Sun Dec 18 2011 15:45:57 GMT+0100 AccountId=28699575 Session=77a451e2-7bb2-459e-a612-174ac73386b5
debug ++ [int] eventPhase = 2
debug ++ [Boolean] bubbles = false
debug ++ [Boolean] cancelable = false
debug ++ [String] type = timer
debug +++ [int] repeatCount = 0
debug +++ [int] currentCount = 16
debug +++ [Boolean] running = true
debug +++ [int] delay = 120000
debug +++ [int] repeatCount = 0
debug +++ [int] currentCount = 16
debug +++ [Boolean] running = true
debug +++ [int] delay = 120000
debug time 15:45:58.55 :: After HeartBeat Count=17 Result=5
debug time 15:47:58.76 :: Before HeartBeat Count=18 Time=Sun Dec 18 2011 15:47:58 GMT+0100 AccountId=28699575 Session=77a451e2-7bb2-459e-a612-174ac73386b5
debug ++ [int] eventPhase = 2
debug ++ [Boolean] bubbles = false
debug ++ [Boolean] cancelable = false
debug ++ [String] type = timer
debug +++ [int] repeatCount = 0
debug +++ [int] currentCount = 17
debug +++ [Boolean] running = true
debug +++ [int] delay = 120000
debug +++ [int] repeatCount = 0
debug +++ [int] currentCount = 17
debug +++ [Boolean] running = true
debug +++ [int] delay = 120000
debug time 15:47:59.55 :: After HeartBeat Count=18 Result=5
debug time 15:49:59.63 :: Before HeartBeat Count=19 Time=Sun Dec 18 2011 15:49:59 GMT+0100 AccountId=28699575 Session=77a451e2-7bb2-459e-a612-174ac73386b5
debug ++ [int] eventPhase = 2
debug ++ [Boolean] bubbles = false
debug ++ [Boolean] cancelable = false
debug ++ [String] type = timer
debug +++ [int] repeatCount = 0
debug +++ [int] currentCount = 18
debug +++ [Boolean] running = true
debug +++ [int] delay = 120000
debug +++ [int] repeatCount = 0
debug +++ [int] currentCount = 18
debug +++ [Boolean] running = true
debug +++ [int] delay = 120000
debug time 15:50:00.58 :: After HeartBeat Count=19 Result=5
debug time 15:51:59.63 :: Before HeartBeat Count=20 Time=Sun Dec 18 2011 15:51:59 GMT+0100 AccountId=28699575 Session=77a451e2-7bb2-459e-a612-174ac73386b5
debug ++ [int] eventPhase = 2
debug ++ [Boolean] bubbles = false
debug ++ [Boolean] cancelable = false
debug ++ [String] type = timer
debug +++ [int] repeatCount = 0
debug +++ [int] currentCount = 19
debug +++ [Boolean] running = true
debug +++ [int] delay = 120000
debug +++ [int] repeatCount = 0
debug +++ [int] currentCount = 19
debug +++ [Boolean] running = true
debug +++ [int] delay = 120000
debug time 15:52:00.58 :: After HeartBeat Count=20 Result=5
debug time 15:53:54.109 :: Performing heartbeat at Sun Dec 18 2011 15:53:54 GMT+0100
debug time 15:53:59.98 :: Before HeartBeat Count=21 Time=Sun Dec 18 2011 15:53:59 GMT+0100 AccountId=28699575 Session=77a451e2-7bb2-459e-a612-174ac73386b5
debug ++ [int] eventPhase = 2
debug ++ [Boolean] bubbles = false
debug ++ [Boolean] cancelable = false
debug ++ [String] type = timer
debug +++ [int] repeatCount = 0
debug +++ [int] currentCount = 20
debug +++ [Boolean] running = true
debug +++ [int] delay = 120000
debug +++ [int] repeatCount = 0
debug +++ [int] currentCount = 20
debug +++ [Boolean] running = true
debug +++ [int] delay = 120000
debug time 15:53:59.307 :: After HeartBeat Count=21 Result=5
debug time 15:55:59.100 :: Before HeartBeat Count=22 Time=Sun Dec 18 2011 15:55:59 GMT+0100 AccountId=28699575 Session=77a451e2-7bb2-459e-a612-174ac73386b5
debug ++ [int] eventPhase = 2
debug ++ [Boolean] bubbles = false
debug ++ [Boolean] cancelable = false
debug ++ [String] type = timer
debug +++ [int] repeatCount = 0
debug +++ [int] currentCount = 21
debug +++ [Boolean] running = true
debug +++ [int] delay = 120000
debug +++ [int] repeatCount = 0
debug +++ [int] currentCount = 21
debug +++ [Boolean] running = true
debug +++ [int] delay = 120000
debug time 15:55:59.331 :: After HeartBeat Count=22 Result=5
debug time 15:57:59.117 :: Before HeartBeat Count=23 Time=Sun Dec 18 2011 15:57:59 GMT+0100 AccountId=28699575 Session=77a451e2-7bb2-459e-a612-174ac73386b5
debug ++ [int] eventPhase = 2
debug ++ [Boolean] bubbles = false
debug ++ [Boolean] cancelable = false
debug ++ [String] type = timer
debug +++ [int] repeatCount = 0
debug +++ [int] currentCount = 22
debug +++ [Boolean] running = true
debug +++ [int] delay = 120000
debug +++ [int] repeatCount = 0
debug +++ [int] currentCount = 22
debug +++ [Boolean] running = true
debug +++ [int] delay = 120000
debug time 15:57:59.332 :: After HeartBeat Count=23 Result=5
debug time 15:59:59.134 :: Before HeartBeat Count=24 Time=Sun Dec 18 2011 15:59:59 GMT+0100 AccountId=28699575 Session=77a451e2-7bb2-459e-a612-174ac73386b5
debug ++ [int] eventPhase = 2
debug ++ [Boolean] bubbles = false
debug ++ [Boolean] cancelable = false
debug ++ [String] type = timer
debug +++ [int] repeatCount = 0
debug +++ [int] currentCount = 23
debug +++ [Boolean] running = true
debug +++ [int] delay = 120000
debug +++ [int] repeatCount = 0
debug +++ [int] currentCount = 23
debug +++ [Boolean] running = true
debug +++ [int] delay = 120000
debug time 15:59:59.335 :: After HeartBeat Count=24 Result=5
debug time 16:01:59.172 :: Before HeartBeat Count=25 Time=Sun Dec 18 2011 16:01:59 GMT+0100 AccountId=28699575 Session=77a451e2-7bb2-459e-a612-174ac73386b5
debug ++ [int] eventPhase = 2
debug ++ [Boolean] bubbles = false
debug ++ [Boolean] cancelable = false
debug ++ [String] type = timer
debug +++ [int] repeatCount = 0
debug +++ [int] currentCount = 24
debug +++ [Boolean] running = true
debug +++ [int] delay = 120000
debug +++ [int] repeatCount = 0
debug +++ [int] currentCount = 24
debug +++ [Boolean] running = true
debug +++ [int] delay = 120000
debug time 16:01:59.372 :: After HeartBeat Count=25 Result=5
debug time 16:04:00.55 :: Before HeartBeat Count=26 Time=Sun Dec 18 2011 16:04:00 GMT+0100 AccountId=28699575 Session=77a451e2-7bb2-459e-a612-174ac73386b5
debug ++ [int] eventPhase = 2
debug ++ [Boolean] bubbles = false
debug ++ [Boolean] cancelable = false
debug ++ [String] type = timer
debug +++ [int] repeatCount = 0
debug +++ [int] currentCount = 25
debug +++ [Boolean] running = true
debug +++ [int] delay = 120000
debug +++ [int] repeatCount = 0
debug +++ [int] currentCount = 25
debug +++ [Boolean] running = true
debug +++ [int] delay = 120000
debug time 16:04:01.30 :: After HeartBeat Count=26 Result=5
debug time 16:06:01.35 :: Before HeartBeat Count=27 Time=Sun Dec 18 2011 16:06:01 GMT+0100 AccountId=28699575 Session=77a451e2-7bb2-459e-a612-174ac73386b5
debug ++ [int] eventPhase = 2
debug ++ [Boolean] bubbles = false
debug ++ [Boolean] cancelable = false
debug ++ [String] type = timer
debug +++ [int] repeatCount = 0
debug +++ [int] currentCount = 26
debug +++ [Boolean] running = true
debug +++ [int] delay = 120000
debug +++ [int] repeatCount = 0
debug +++ [int] currentCount = 26
debug +++ [Boolean] running = true
debug +++ [int] delay = 120000
debug time 16:06:02.35 :: After HeartBeat Count=27 Result=5
debug time 16:08:02.36 :: Before HeartBeat Count=28 Time=Sun Dec 18 2011 16:08:02 GMT+0100 AccountId=28699575 Session=77a451e2-7bb2-459e-a612-174ac73386b5
debug ++ [int] eventPhase = 2
debug ++ [Boolean] bubbles = false
debug ++ [Boolean] cancelable = false
debug ++ [String] type = timer
debug +++ [int] repeatCount = 0
debug +++ [int] currentCount = 27
debug +++ [Boolean] running = true
debug +++ [int] delay = 120000
debug +++ [int] repeatCount = 0
debug +++ [int] currentCount = 27
debug +++ [Boolean] running = true
debug +++ [int] delay = 120000
debug time 16:08:03.31 :: After HeartBeat Count=28 Result=5
debug time 16:10:02.40 :: Before HeartBeat Count=29 Time=Sun Dec 18 2011 16:10:02 GMT+0100 AccountId=28699575 Session=77a451e2-7bb2-459e-a612-174ac73386b5
debug ++ [int] eventPhase = 2
debug ++ [Boolean] bubbles = false
debug ++ [Boolean] cancelable = false
debug ++ [String] type = timer
debug +++ [int] repeatCount = 0
debug +++ [int] currentCount = 28
debug +++ [Boolean] running = true
debug +++ [int] delay = 120000
debug +++ [int] repeatCount = 0
debug +++ [int] currentCount = 28
debug +++ [Boolean] running = true
debug +++ [int] delay = 120000
debug time 16:10:03.30 :: After HeartBeat Count=29 Result=5
debug time 16:12:03.38 :: Before HeartBeat Count=30 Time=Sun Dec 18 2011 16:12:03 GMT+0100 AccountId=28699575 Session=77a451e2-7bb2-459e-a612-174ac73386b5
debug ++ [int] eventPhase = 2
debug ++ [Boolean] bubbles = false
debug ++ [Boolean] cancelable = false
debug ++ [String] type = timer
debug +++ [int] repeatCount = 0
debug +++ [int] currentCount = 29
debug +++ [Boolean] running = true
debug +++ [int] delay = 120000
debug +++ [int] repeatCount = 0
debug +++ [int] currentCount = 29
debug +++ [Boolean] running = true
debug +++ [int] delay = 120000
debug time 16:12:04.32 :: After HeartBeat Count=30 Result=5
debug time 16:14:03.69 :: Before HeartBeat Count=31 Time=Sun Dec 18 2011 16:14:03 GMT+0100 AccountId=28699575 Session=77a451e2-7bb2-459e-a612-174ac73386b5
debug ++ [int] eventPhase = 2
debug ++ [Boolean] bubbles = false
debug ++ [Boolean] cancelable = false
debug ++ [String] type = timer
debug +++ [int] repeatCount = 0
debug +++ [int] currentCount = 30
debug +++ [Boolean] running = true
debug +++ [int] delay = 120000
debug +++ [int] repeatCount = 0
debug +++ [int] currentCount = 30
debug +++ [Boolean] running = true
debug +++ [int] delay = 120000
debug time 16:14:04.32 :: After HeartBeat Count=31 Result=5
debug time 16:16:04.39 :: Before HeartBeat Count=32 Time=Sun Dec 18 2011 16:16:04 GMT+0100 AccountId=28699575 Session=77a451e2-7bb2-459e-a612-174ac73386b5
debug ++ [int] eventPhase = 2
debug ++ [Boolean] bubbles = false
debug ++ [Boolean] cancelable = false
debug ++ [String] type = timer
debug +++ [int] repeatCount = 0
debug +++ [int] currentCount = 31
debug +++ [Boolean] running = true
debug +++ [int] delay = 120000
debug +++ [int] repeatCount = 0
debug +++ [int] currentCount = 31
debug +++ [Boolean] running = true
debug +++ [int] delay = 120000
debug time 16:16:05.34 :: After HeartBeat Count=32 Result=5
debug time 16:18:04.41 :: Before HeartBeat Count=33 Time=Sun Dec 18 2011 16:18:04 GMT+0100 AccountId=28699575 Session=77a451e2-7bb2-459e-a612-174ac73386b5
debug ++ [int] eventPhase = 2
debug ++ [Boolean] bubbles = false
debug ++ [Boolean] cancelable = false
debug ++ [String] type = timer
debug +++ [int] repeatCount = 0
debug +++ [int] currentCount = 32
debug +++ [Boolean] running = true
debug +++ [int] delay = 120000
debug +++ [int] repeatCount = 0
debug +++ [int] currentCount = 32
debug +++ [Boolean] running = true
debug +++ [int] delay = 120000
debug time 16:18:05.35 :: After HeartBeat Count=33 Result=5
debug time 16:20:04.41 :: Before HeartBeat Count=34 Time=Sun Dec 18 2011 16:20:04 GMT+0100 AccountId=28699575 Session=77a451e2-7bb2-459e-a612-174ac73386b5
debug ++ [int] eventPhase = 2
debug ++ [Boolean] bubbles = false
debug ++ [Boolean] cancelable = false
debug ++ [String] type = timer
debug +++ [int] repeatCount = 0
debug +++ [int] currentCount = 33
debug +++ [Boolean] running = true
debug +++ [int] delay = 120000
debug +++ [int] repeatCount = 0
debug +++ [int] currentCount = 33
debug +++ [Boolean] running = true
debug +++ [int] delay = 120000
debug time 16:20:05.36 :: After HeartBeat Count=34 Result=5
debug time 16:22:04.47 :: Before HeartBeat Count=35 Time=Sun Dec 18 2011 16:22:04 GMT+0100 AccountId=28699575 Session=77a451e2-7bb2-459e-a612-174ac73386b5
debug ++ [int] eventPhase = 2
debug ++ [Boolean] bubbles = false
debug ++ [Boolean] cancelable = false
debug ++ [String] type = timer
debug +++ [int] repeatCount = 0
debug +++ [int] currentCount = 34
debug +++ [Boolean] running = true
debug +++ [int] delay = 120000
debug +++ [int] repeatCount = 0
debug +++ [int] currentCount = 34
debug +++ [Boolean] running = true
debug +++ [int] delay = 120000
debug time 16:22:05.38 :: After HeartBeat Count=35 Result=5
debug time 16:24:05.70 :: Before HeartBeat Count=36 Time=Sun Dec 18 2011 16:24:05 GMT+0100 AccountId=28699575 Session=77a451e2-7bb2-459e-a612-174ac73386b5
debug ++ [int] eventPhase = 2
debug ++ [Boolean] bubbles = false
debug ++ [Boolean] cancelable = false
debug ++ [String] type = timer
debug +++ [int] repeatCount = 0
debug +++ [int] currentCount = 35
debug +++ [Boolean] running = true
debug +++ [int] delay = 120000
debug +++ [int] repeatCount = 0
debug +++ [int] currentCount = 35
debug +++ [Boolean] running = true
debug +++ [int] delay = 120000
debug time 16:24:06.40 :: After HeartBeat Count=36 Result=5
debug time 16:26:06.47 :: Before HeartBeat Count=37 Time=Sun Dec 18 2011 16:26:06 GMT+0100 AccountId=28699575 Session=77a451e2-7bb2-459e-a612-174ac73386b5
debug ++ [int] eventPhase = 2
debug ++ [Boolean] bubbles = false
debug ++ [Boolean] cancelable = false
debug ++ [String] type = timer
debug +++ [int] repeatCount = 0
debug +++ [int] currentCount = 36
debug +++ [Boolean] running = true
debug +++ [int] delay = 120000
debug +++ [int] repeatCount = 0
debug +++ [int] currentCount = 36
debug +++ [Boolean] running = true
debug +++ [int] delay = 120000
debug time 16:26:07.41 :: After HeartBeat Count=37 Result=5
debug time 16:28:06.50 :: Before HeartBeat Count=38 Time=Sun Dec 18 2011 16:28:06 GMT+0100 AccountId=28699575 Session=77a451e2-7bb2-459e-a612-174ac73386b5
debug ++ [int] eventPhase = 2
debug ++ [Boolean] bubbles = false
debug ++ [Boolean] cancelable = false
debug ++ [String] type = timer
debug +++ [int] repeatCount = 0
debug +++ [int] currentCount = 37
debug +++ [Boolean] running = true
debug +++ [int] delay = 120000
debug +++ [int] repeatCount = 0
debug +++ [int] currentCount = 37
debug +++ [Boolean] running = true
debug +++ [int] delay = 120000
debug time 16:28:07.41 :: After HeartBeat Count=38 Result=5
debug time 16:30:06.75 :: Before HeartBeat Count=39 Time=Sun Dec 18 2011 16:30:06 GMT+0100 AccountId=28699575 Session=77a451e2-7bb2-459e-a612-174ac73386b5
debug ++ [int] eventPhase = 2
debug ++ [Boolean] bubbles = false
debug ++ [Boolean] cancelable = false
debug ++ [String] type = timer
debug +++ [int] repeatCount = 0
debug +++ [int] currentCount = 38
debug +++ [Boolean] running = true
debug +++ [int] delay = 120000
debug +++ [int] repeatCount = 0
debug +++ [int] currentCount = 38
debug +++ [Boolean] running = true
debug +++ [int] delay = 120000
debug time 16:30:07.40 :: After HeartBeat Count=39 Result=5
debug time 16:32:07.48 :: Before HeartBeat Count=40 Time=Sun Dec 18 2011 16:32:07 GMT+0100 AccountId=28699575 Session=77a451e2-7bb2-459e-a612-174ac73386b5
debug ++ [int] eventPhase = 2
debug ++ [Boolean] bubbles = false
debug ++ [Boolean] cancelable = false
debug ++ [String] type = timer
debug +++ [int] repeatCount = 0
debug +++ [int] currentCount = 39
debug +++ [Boolean] running = true
debug +++ [int] delay = 120000
debug +++ [int] repeatCount = 0
debug +++ [int] currentCount = 39
debug +++ [Boolean] running = true
debug +++ [int] delay = 120000
debug time 16:32:08.42 :: After HeartBeat Count=40 Result=5
debug time 16:34:08.48 :: Before HeartBeat Count=41 Time=Sun Dec 18 2011 16:34:08 GMT+0100 AccountId=28699575 Session=77a451e2-7bb2-459e-a612-174ac73386b5
debug ++ [int] eventPhase = 2
debug ++ [Boolean] bubbles = false
debug ++ [Boolean] cancelable = false
debug ++ [String] type = timer
debug +++ [int] repeatCount = 0
debug +++ [int] currentCount = 40
debug +++ [Boolean] running = true
debug +++ [int] delay = 120000
debug +++ [int] repeatCount = 0
debug +++ [int] currentCount = 40
debug +++ [Boolean] running = true
debug +++ [int] delay = 120000
debug time 16:34:09.44 :: After HeartBeat Count=41 Result=5
debug time 16:36:08.51 :: Before HeartBeat Count=42 Time=Sun Dec 18 2011 16:36:08 GMT+0100 AccountId=28699575 Session=77a451e2-7bb2-459e-a612-174ac73386b5
debug ++ [int] eventPhase = 2
debug ++ [Boolean] bubbles = false
debug ++ [Boolean] cancelable = false
debug ++ [String] type = timer
debug +++ [int] repeatCount = 0
debug +++ [int] currentCount = 41
debug +++ [Boolean] running = true
debug +++ [int] delay = 120000
debug +++ [int] repeatCount = 0
debug +++ [int] currentCount = 41
debug +++ [Boolean] running = true
debug +++ [int] delay = 120000
debug time 16:36:09.46 :: After HeartBeat Count=42 Result=5
debug time 16:38:08.52 :: Before HeartBeat Count=43 Time=Sun Dec 18 2011 16:38:08 GMT+0100 AccountId=28699575 Session=77a451e2-7bb2-459e-a612-174ac73386b5
debug ++ [int] eventPhase = 2
debug ++ [Boolean] bubbles = false
debug ++ [Boolean] cancelable = false
debug ++ [String] type = timer
debug +++ [int] repeatCount = 0
debug +++ [int] currentCount = 42
debug +++ [Boolean] running = true
debug +++ [int] delay = 120000
debug +++ [int] repeatCount = 0
debug +++ [int] currentCount = 42
debug +++ [Boolean] running = true
debug +++ [int] delay = 120000
debug time 16:38:09.47 :: After HeartBeat Count=43 Result=5
debug time 16:40:08.78 :: Before HeartBeat Count=44 Time=Sun Dec 18 2011 16:40:08 GMT+0100 AccountId=28699575 Session=77a451e2-7bb2-459e-a612-174ac73386b5
debug ++ [int] eventPhase = 2
debug ++ [Boolean] bubbles = false
debug ++ [Boolean] cancelable = false
debug ++ [String] type = timer
debug +++ [int] repeatCount = 0
debug +++ [int] currentCount = 43
debug +++ [Boolean] running = true
debug +++ [int] delay = 120000
debug +++ [int] repeatCount = 0
debug +++ [int] currentCount = 43
debug +++ [Boolean] running = true
debug +++ [int] delay = 120000
debug time 16:40:09.49 :: After HeartBeat Count=44 Result=5
debug time 16:42:09.54 :: Before HeartBeat Count=45 Time=Sun Dec 18 2011 16:42:09 GMT+0100 AccountId=28699575 Session=77a451e2-7bb2-459e-a612-174ac73386b5
debug ++ [int] eventPhase = 2
debug ++ [Boolean] bubbles = false
debug ++ [Boolean] cancelable = false
debug ++ [String] type = timer
debug +++ [int] repeatCount = 0
debug +++ [int] currentCount = 44
debug +++ [Boolean] running = true
debug +++ [int] delay = 120000
debug +++ [int] repeatCount = 0
debug +++ [int] currentCount = 44
debug +++ [Boolean] running = true
debug +++ [int] delay = 120000
debug time 16:42:10.49 :: After HeartBeat Count=45 Result=5
debug time 16:44:09.53 :: Before HeartBeat Count=46 Time=Sun Dec 18 2011 16:44:09 GMT+0100 AccountId=28699575 Session=77a451e2-7bb2-459e-a612-174ac73386b5
debug ++ [int] eventPhase = 2
debug ++ [Boolean] bubbles = false
debug ++ [Boolean] cancelable = false
debug ++ [String] type = timer
debug +++ [int] repeatCount = 0
debug +++ [int] currentCount = 45
debug +++ [Boolean] running = true
debug +++ [int] delay = 120000
debug +++ [int] repeatCount = 0
debug +++ [int] currentCount = 45
debug +++ [Boolean] running = true
debug +++ [int] delay = 120000
debug time 16:44:10.48 :: After HeartBeat Count=46 Result=5
debug time 16:46:09.62 :: Before HeartBeat Count=47 Time=Sun Dec 18 2011 16:46:09 GMT+0100 AccountId=28699575 Session=77a451e2-7bb2-459e-a612-174ac73386b5
debug ++ [int] eventPhase = 2
debug ++ [Boolean] bubbles = false
debug ++ [Boolean] cancelable = false
debug ++ [String] type = timer
debug +++ [int] repeatCount = 0
debug +++ [int] currentCount = 46
debug +++ [Boolean] running = true
debug +++ [int] delay = 120000
debug +++ [int] repeatCount = 0
debug +++ [int] currentCount = 46
debug +++ [Boolean] running = true
debug +++ [int] delay = 120000
debug time 16:46:10.50 :: After HeartBeat Count=47 Result=5
debug time 16:48:10.55 :: Before HeartBeat Count=48 Time=Sun Dec 18 2011 16:48:10 GMT+0100 AccountId=28699575 Session=77a451e2-7bb2-459e-a612-174ac73386b5
debug ++ [int] eventPhase = 2
debug ++ [Boolean] bubbles = false
debug ++ [Boolean] cancelable = false
debug ++ [String] type = timer
debug +++ [int] repeatCount = 0
debug +++ [int] currentCount = 47
debug +++ [Boolean] running = true
debug +++ [int] delay = 120000
debug +++ [int] repeatCount = 0
debug +++ [int] currentCount = 47
debug +++ [Boolean] running = true
debug +++ [int] delay = 120000
debug time 16:48:11.51 :: After HeartBeat Count=48 Result=5
debug time 16:50:10.72 :: Before HeartBeat Count=49 Time=Sun Dec 18 2011 16:50:10 GMT+0100 AccountId=28699575 Session=77a451e2-7bb2-459e-a612-174ac73386b5
debug ++ [int] eventPhase = 2
debug ++ [Boolean] bubbles = false
debug ++ [Boolean] cancelable = false
debug ++ [String] type = timer
debug +++ [int] repeatCount = 0
debug +++ [int] currentCount = 48
debug +++ [Boolean] running = true
debug +++ [int] delay = 120000
debug +++ [int] repeatCount = 0
debug +++ [int] currentCount = 48
debug +++ [Boolean] running = true
debug +++ [int] delay = 120000
debug time 16:50:11.52 :: After HeartBeat Count=49 Result=5
debug time 16:52:10.88 :: Before HeartBeat Count=50 Time=Sun Dec 18 2011 16:52:10 GMT+0100 AccountId=28699575 Session=77a451e2-7bb2-459e-a612-174ac73386b5
debug ++ [int] eventPhase = 2
debug ++ [Boolean] bubbles = false
debug ++ [Boolean] cancelable = false
debug ++ [String] type = timer
debug +++ [int] repeatCount = 0
debug +++ [int] currentCount = 49
debug +++ [Boolean] running = true
debug +++ [int] delay = 120000
debug +++ [int] repeatCount = 0
debug +++ [int] currentCount = 49
debug +++ [Boolean] running = true
debug +++ [int] delay = 120000
debug time 16:52:11.59 :: After HeartBeat Count=50 Result=5
debug time 16:54:11.92 :: Before HeartBeat Count=51 Time=Sun Dec 18 2011 16:54:11 GMT+0100 AccountId=28699575 Session=77a451e2-7bb2-459e-a612-174ac73386b5
debug ++ [int] eventPhase = 2
debug ++ [Boolean] bubbles = false
debug ++ [Boolean] cancelable = false
debug ++ [String] type = timer
debug +++ [int] repeatCount = 0
debug +++ [int] currentCount = 50
debug +++ [Boolean] running = true
debug +++ [int] delay = 120000
debug +++ [int] repeatCount = 0
debug +++ [int] currentCount = 50
debug +++ [Boolean] running = true
debug +++ [int] delay = 120000
debug time 16:54:12.54 :: After HeartBeat Count=51 Result=5
debug time 16:55:50.85 :: Performing heartbeat at Sun Dec 18 2011 16:55:50 GMT+0100
debug time 16:56:11.121 :: Before HeartBeat Count=52 Time=Sun Dec 18 2011 16:56:11 GMT+0100 AccountId=28699575 Session=77a451e2-7bb2-459e-a612-174ac73386b5
debug ++ [int] eventPhase = 2
debug ++ [Boolean] bubbles = false
debug ++ [Boolean] cancelable = false
debug ++ [String] type = timer
debug +++ [int] repeatCount = 0
debug +++ [int] currentCount = 51
debug +++ [Boolean] running = true
debug +++ [int] delay = 120000
debug +++ [int] repeatCount = 0
debug +++ [int] currentCount = 51
debug +++ [Boolean] running = true
debug +++ [int] delay = 120000
debug time 16:56:11.322 :: After HeartBeat Count=52 Result=5
