debug time 18:25:07.720 :: Before HeartBeat Count=1 Time=Mon Oct 17 2011 18:25:07 GMT+0200 AccountId=28699575 Session=6e838620-a71b-48ce-82e9-a65813e69fbc
STOP LOGGING: More than 0 nested objects or properties. 
debug time 18:25:09.997 :: After HeartBeat Count=1 Result=5
debug time 18:28:07.723 :: Before HeartBeat Count=2 Time=Mon Oct 17 2011 18:28:07 GMT+0200 AccountId=28699575 Session=6e838620-a71b-48ce-82e9-a65813e69fbc
debug ++ [int] eventPhase = 2
debug ++ [Boolean] bubbles = false
debug ++ [Boolean] cancelable = false
debug ++ [String] type = timer
debug +++ [int] repeatCount = 0
debug +++ [int] currentCount = 1
debug +++ [Boolean] running = true
debug +++ [int] delay = 180000
debug +++ [int] repeatCount = 0
debug +++ [int] currentCount = 1
debug +++ [Boolean] running = true
debug +++ [int] delay = 180000
debug time 18:28:07.926 :: After HeartBeat Count=2 Result=5
debug time 18:31:07.729 :: Before HeartBeat Count=3 Time=Mon Oct 17 2011 18:31:07 GMT+0200 AccountId=28699575 Session=6e838620-a71b-48ce-82e9-a65813e69fbc
debug ++ [int] eventPhase = 2
debug ++ [Boolean] bubbles = false
debug ++ [Boolean] cancelable = false
debug ++ [String] type = timer
debug +++ [int] repeatCount = 0
debug +++ [int] currentCount = 2
debug +++ [Boolean] running = true
debug +++ [int] delay = 180000
debug +++ [int] repeatCount = 0
debug +++ [int] currentCount = 2
debug +++ [Boolean] running = true
debug +++ [int] delay = 180000
debug time 18:31:08.726 :: After HeartBeat Count=3 Result=5
debug time 18:34:07.730 :: Before HeartBeat Count=4 Time=Mon Oct 17 2011 18:34:07 GMT+0200 AccountId=28699575 Session=6e838620-a71b-48ce-82e9-a65813e69fbc
debug ++ [int] eventPhase = 2
debug ++ [Boolean] bubbles = false
debug ++ [Boolean] cancelable = false
debug ++ [String] type = timer
debug +++ [int] repeatCount = 0
debug +++ [int] currentCount = 3
debug +++ [Boolean] running = true
debug +++ [int] delay = 180000
debug +++ [int] repeatCount = 0
debug +++ [int] currentCount = 3
debug +++ [Boolean] running = true
debug +++ [int] delay = 180000
debug time 18:34:08.734 :: After HeartBeat Count=4 Result=5
debug time 18:37:07.730 :: Before HeartBeat Count=5 Time=Mon Oct 17 2011 18:37:07 GMT+0200 AccountId=28699575 Session=6e838620-a71b-48ce-82e9-a65813e69fbc
debug ++ [int] eventPhase = 2
debug ++ [Boolean] bubbles = false
debug ++ [Boolean] cancelable = false
debug ++ [String] type = timer
debug +++ [int] repeatCount = 0
debug +++ [int] currentCount = 4
debug +++ [Boolean] running = true
debug +++ [int] delay = 180000
debug +++ [int] repeatCount = 0
debug +++ [int] currentCount = 4
debug +++ [Boolean] running = true
debug +++ [int] delay = 180000
debug time 18:37:08.727 :: After HeartBeat Count=5 Result=5
debug time 18:40:07.729 :: Before HeartBeat Count=6 Time=Mon Oct 17 2011 18:40:07 GMT+0200 AccountId=28699575 Session=6e838620-a71b-48ce-82e9-a65813e69fbc
debug ++ [int] eventPhase = 2
debug ++ [Boolean] bubbles = false
debug ++ [Boolean] cancelable = false
debug ++ [String] type = timer
debug +++ [int] repeatCount = 0
debug +++ [int] currentCount = 5
debug +++ [Boolean] running = true
debug +++ [int] delay = 180000
debug +++ [int] repeatCount = 0
debug +++ [int] currentCount = 5
debug +++ [Boolean] running = true
debug +++ [int] delay = 180000
debug time 18:40:08.726 :: After HeartBeat Count=6 Result=5
debug time 18:43:07.729 :: Before HeartBeat Count=7 Time=Mon Oct 17 2011 18:43:07 GMT+0200 AccountId=28699575 Session=6e838620-a71b-48ce-82e9-a65813e69fbc
debug ++ [int] eventPhase = 2
debug ++ [Boolean] bubbles = false
debug ++ [Boolean] cancelable = false
debug ++ [String] type = timer
debug +++ [int] repeatCount = 0
debug +++ [int] currentCount = 6
debug +++ [Boolean] running = true
debug +++ [int] delay = 180000
debug +++ [int] repeatCount = 0
debug +++ [int] currentCount = 6
debug +++ [Boolean] running = true
debug +++ [int] delay = 180000
debug time 18:43:08.727 :: After HeartBeat Count=7 Result=5
debug time 18:46:07.730 :: Before HeartBeat Count=8 Time=Mon Oct 17 2011 18:46:07 GMT+0200 AccountId=28699575 Session=6e838620-a71b-48ce-82e9-a65813e69fbc
debug ++ [int] eventPhase = 2
debug ++ [Boolean] bubbles = false
debug ++ [Boolean] cancelable = false
debug ++ [String] type = timer
debug +++ [int] repeatCount = 0
debug +++ [int] currentCount = 7
debug +++ [Boolean] running = true
debug +++ [int] delay = 180000
debug +++ [int] repeatCount = 0
debug +++ [int] currentCount = 7
debug +++ [Boolean] running = true
debug +++ [int] delay = 180000
debug time 18:46:08.727 :: After HeartBeat Count=8 Result=5
debug time 18:49:07.729 :: Before HeartBeat Count=9 Time=Mon Oct 17 2011 18:49:07 GMT+0200 AccountId=28699575 Session=6e838620-a71b-48ce-82e9-a65813e69fbc
debug ++ [int] eventPhase = 2
debug ++ [Boolean] bubbles = false
debug ++ [Boolean] cancelable = false
debug ++ [String] type = timer
debug +++ [int] repeatCount = 0
debug +++ [int] currentCount = 8
debug +++ [Boolean] running = true
debug +++ [int] delay = 180000
debug +++ [int] repeatCount = 0
debug +++ [int] currentCount = 8
debug +++ [Boolean] running = true
debug +++ [int] delay = 180000
debug time 18:49:08.726 :: After HeartBeat Count=9 Result=5
debug time 18:52:07.729 :: Before HeartBeat Count=10 Time=Mon Oct 17 2011 18:52:07 GMT+0200 AccountId=28699575 Session=6e838620-a71b-48ce-82e9-a65813e69fbc
debug ++ [int] eventPhase = 2
debug ++ [Boolean] bubbles = false
debug ++ [Boolean] cancelable = false
debug ++ [String] type = timer
debug +++ [int] repeatCount = 0
debug +++ [int] currentCount = 9
debug +++ [Boolean] running = true
debug +++ [int] delay = 180000
debug +++ [int] repeatCount = 0
debug +++ [int] currentCount = 9
debug +++ [Boolean] running = true
debug +++ [int] delay = 180000
debug time 18:52:08.726 :: After HeartBeat Count=10 Result=5
debug time 18:55:07.730 :: Before HeartBeat Count=11 Time=Mon Oct 17 2011 18:55:07 GMT+0200 AccountId=28699575 Session=6e838620-a71b-48ce-82e9-a65813e69fbc
debug ++ [int] eventPhase = 2
debug ++ [Boolean] bubbles = false
debug ++ [Boolean] cancelable = false
debug ++ [String] type = timer
debug +++ [int] repeatCount = 0
debug +++ [int] currentCount = 10
debug +++ [Boolean] running = true
debug +++ [int] delay = 180000
debug +++ [int] repeatCount = 0
debug +++ [int] currentCount = 10
debug +++ [Boolean] running = true
debug +++ [int] delay = 180000
debug time 18:55:08.727 :: After HeartBeat Count=11 Result=5
debug time 18:58:07.750 :: Before HeartBeat Count=12 Time=Mon Oct 17 2011 18:58:07 GMT+0200 AccountId=28699575 Session=6e838620-a71b-48ce-82e9-a65813e69fbc
debug ++ [int] eventPhase = 2
debug ++ [Boolean] bubbles = false
debug ++ [Boolean] cancelable = false
debug ++ [String] type = timer
debug +++ [int] repeatCount = 0
debug +++ [int] currentCount = 11
debug +++ [Boolean] running = true
debug +++ [int] delay = 180000
debug +++ [int] repeatCount = 0
debug +++ [int] currentCount = 11
debug +++ [Boolean] running = true
debug +++ [int] delay = 180000
debug time 18:58:08.726 :: After HeartBeat Count=12 Result=5
debug time 19:01:08.729 :: Before HeartBeat Count=13 Time=Mon Oct 17 2011 19:01:08 GMT+0200 AccountId=28699575 Session=6e838620-a71b-48ce-82e9-a65813e69fbc
debug ++ [int] eventPhase = 2
debug ++ [Boolean] bubbles = false
debug ++ [Boolean] cancelable = false
debug ++ [String] type = timer
debug +++ [int] repeatCount = 0
debug +++ [int] currentCount = 12
debug +++ [Boolean] running = true
debug +++ [int] delay = 180000
debug +++ [int] repeatCount = 0
debug +++ [int] currentCount = 12
debug +++ [Boolean] running = true
debug +++ [int] delay = 180000
debug time 19:01:09.726 :: After HeartBeat Count=13 Result=5
debug time 19:04:08.730 :: Before HeartBeat Count=14 Time=Mon Oct 17 2011 19:04:08 GMT+0200 AccountId=28699575 Session=6e838620-a71b-48ce-82e9-a65813e69fbc
debug ++ [int] eventPhase = 2
debug ++ [Boolean] bubbles = false
debug ++ [Boolean] cancelable = false
debug ++ [String] type = timer
debug +++ [int] repeatCount = 0
debug +++ [int] currentCount = 13
debug +++ [Boolean] running = true
debug +++ [int] delay = 180000
debug +++ [int] repeatCount = 0
debug +++ [int] currentCount = 13
debug +++ [Boolean] running = true
debug +++ [int] delay = 180000
debug time 19:04:09.727 :: After HeartBeat Count=14 Result=5
debug time 19:07:08.730 :: Before HeartBeat Count=15 Time=Mon Oct 17 2011 19:07:08 GMT+0200 AccountId=28699575 Session=6e838620-a71b-48ce-82e9-a65813e69fbc
debug ++ [int] eventPhase = 2
debug ++ [Boolean] bubbles = false
debug ++ [Boolean] cancelable = false
debug ++ [String] type = timer
debug +++ [int] repeatCount = 0
debug +++ [int] currentCount = 14
debug +++ [Boolean] running = true
debug +++ [int] delay = 180000
debug +++ [int] repeatCount = 0
debug +++ [int] currentCount = 14
debug +++ [Boolean] running = true
debug +++ [int] delay = 180000
debug time 19:07:09.732 :: After HeartBeat Count=15 Result=5
debug time 19:10:08.730 :: Before HeartBeat Count=16 Time=Mon Oct 17 2011 19:10:08 GMT+0200 AccountId=28699575 Session=6e838620-a71b-48ce-82e9-a65813e69fbc
debug ++ [int] eventPhase = 2
debug ++ [Boolean] bubbles = false
debug ++ [Boolean] cancelable = false
debug ++ [String] type = timer
debug +++ [int] repeatCount = 0
debug +++ [int] currentCount = 15
debug +++ [Boolean] running = true
debug +++ [int] delay = 180000
debug +++ [int] repeatCount = 0
debug +++ [int] currentCount = 15
debug +++ [Boolean] running = true
debug +++ [int] delay = 180000
debug time 19:10:09.726 :: After HeartBeat Count=16 Result=5
debug time 19:13:08.732 :: Before HeartBeat Count=17 Time=Mon Oct 17 2011 19:13:08 GMT+0200 AccountId=28699575 Session=6e838620-a71b-48ce-82e9-a65813e69fbc
debug ++ [int] eventPhase = 2
debug ++ [Boolean] bubbles = false
debug ++ [Boolean] cancelable = false
debug ++ [String] type = timer
debug +++ [int] repeatCount = 0
debug +++ [int] currentCount = 16
debug +++ [Boolean] running = true
debug +++ [int] delay = 180000
debug +++ [int] repeatCount = 0
debug +++ [int] currentCount = 16
debug +++ [Boolean] running = true
debug +++ [int] delay = 180000
debug time 19:13:09.727 :: After HeartBeat Count=17 Result=5
debug time 19:13:16.769 :: Performing heartbeat at Mon Oct 17 2011 19:13:16 GMT+0200
debug time 19:16:09.199 :: Before HeartBeat Count=18 Time=Mon Oct 17 2011 19:16:09 GMT+0200 AccountId=28699575 Session=6e838620-a71b-48ce-82e9-a65813e69fbc
debug ++ [int] eventPhase = 2
debug ++ [Boolean] bubbles = false
debug ++ [Boolean] cancelable = false
debug ++ [String] type = timer
debug +++ [int] repeatCount = 0
debug +++ [int] currentCount = 17
debug +++ [Boolean] running = true
debug +++ [int] delay = 180000
debug +++ [int] repeatCount = 0
debug +++ [int] currentCount = 17
debug +++ [Boolean] running = true
debug +++ [int] delay = 180000
debug time 19:16:10.196 :: After HeartBeat Count=18 Result=5
debug time 19:19:09.198 :: Before HeartBeat Count=19 Time=Mon Oct 17 2011 19:19:09 GMT+0200 AccountId=28699575 Session=6e838620-a71b-48ce-82e9-a65813e69fbc
debug ++ [int] eventPhase = 2
debug ++ [Boolean] bubbles = false
debug ++ [Boolean] cancelable = false
debug ++ [String] type = timer
debug +++ [int] repeatCount = 0
debug +++ [int] currentCount = 18
debug +++ [Boolean] running = true
debug +++ [int] delay = 180000
debug +++ [int] repeatCount = 0
debug +++ [int] currentCount = 18
debug +++ [Boolean] running = true
debug +++ [int] delay = 180000
debug time 19:19:10.195 :: After HeartBeat Count=19 Result=5
debug time 19:22:09.198 :: Before HeartBeat Count=20 Time=Mon Oct 17 2011 19:22:09 GMT+0200 AccountId=28699575 Session=6e838620-a71b-48ce-82e9-a65813e69fbc
debug ++ [int] eventPhase = 2
debug ++ [Boolean] bubbles = false
debug ++ [Boolean] cancelable = false
debug ++ [String] type = timer
debug +++ [int] repeatCount = 0
debug +++ [int] currentCount = 19
debug +++ [Boolean] running = true
debug +++ [int] delay = 180000
debug +++ [int] repeatCount = 0
debug +++ [int] currentCount = 19
debug +++ [Boolean] running = true
debug +++ [int] delay = 180000
debug time 19:22:10.200 :: After HeartBeat Count=20 Result=5
debug time 19:25:09.200 :: Before HeartBeat Count=21 Time=Mon Oct 17 2011 19:25:09 GMT+0200 AccountId=28699575 Session=6e838620-a71b-48ce-82e9-a65813e69fbc
debug ++ [int] eventPhase = 2
debug ++ [Boolean] bubbles = false
debug ++ [Boolean] cancelable = false
debug ++ [String] type = timer
debug +++ [int] repeatCount = 0
debug +++ [int] currentCount = 20
debug +++ [Boolean] running = true
debug +++ [int] delay = 180000
debug +++ [int] repeatCount = 0
debug +++ [int] currentCount = 20
debug +++ [Boolean] running = true
debug +++ [int] delay = 180000
debug time 19:25:10.196 :: After HeartBeat Count=21 Result=5
debug time 19:28:09.199 :: Before HeartBeat Count=22 Time=Mon Oct 17 2011 19:28:09 GMT+0200 AccountId=28699575 Session=6e838620-a71b-48ce-82e9-a65813e69fbc
debug ++ [int] eventPhase = 2
debug ++ [Boolean] bubbles = false
debug ++ [Boolean] cancelable = false
debug ++ [String] type = timer
debug +++ [int] repeatCount = 0
debug +++ [int] currentCount = 21
debug +++ [Boolean] running = true
debug +++ [int] delay = 180000
debug +++ [int] repeatCount = 0
debug +++ [int] currentCount = 21
debug +++ [Boolean] running = true
debug +++ [int] delay = 180000
debug time 19:28:10.195 :: After HeartBeat Count=22 Result=5
debug time 19:31:09.219 :: Before HeartBeat Count=23 Time=Mon Oct 17 2011 19:31:09 GMT+0200 AccountId=28699575 Session=6e838620-a71b-48ce-82e9-a65813e69fbc
debug ++ [int] eventPhase = 2
debug ++ [Boolean] bubbles = false
debug ++ [Boolean] cancelable = false
debug ++ [String] type = timer
debug +++ [int] repeatCount = 0
debug +++ [int] currentCount = 22
debug +++ [Boolean] running = true
debug +++ [int] delay = 180000
debug +++ [int] repeatCount = 0
debug +++ [int] currentCount = 22
debug +++ [Boolean] running = true
debug +++ [int] delay = 180000
debug time 19:31:10.200 :: After HeartBeat Count=23 Result=5
debug time 19:34:10.199 :: Before HeartBeat Count=24 Time=Mon Oct 17 2011 19:34:10 GMT+0200 AccountId=28699575 Session=6e838620-a71b-48ce-82e9-a65813e69fbc
debug ++ [int] eventPhase = 2
debug ++ [Boolean] bubbles = false
debug ++ [Boolean] cancelable = false
debug ++ [String] type = timer
debug +++ [int] repeatCount = 0
debug +++ [int] currentCount = 23
debug +++ [Boolean] running = true
debug +++ [int] delay = 180000
debug +++ [int] repeatCount = 0
debug +++ [int] currentCount = 23
debug +++ [Boolean] running = true
debug +++ [int] delay = 180000
debug time 19:34:11.196 :: After HeartBeat Count=24 Result=5
debug time 19:37:10.199 :: Before HeartBeat Count=25 Time=Mon Oct 17 2011 19:37:10 GMT+0200 AccountId=28699575 Session=6e838620-a71b-48ce-82e9-a65813e69fbc
debug ++ [int] eventPhase = 2
debug ++ [Boolean] bubbles = false
debug ++ [Boolean] cancelable = false
debug ++ [String] type = timer
debug +++ [int] repeatCount = 0
debug +++ [int] currentCount = 24
debug +++ [Boolean] running = true
debug +++ [int] delay = 180000
debug +++ [int] repeatCount = 0
debug +++ [int] currentCount = 24
debug +++ [Boolean] running = true
debug +++ [int] delay = 180000
debug time 19:37:11.195 :: After HeartBeat Count=25 Result=5
debug time 19:38:24.343 :: Performing heartbeat at Mon Oct 17 2011 19:38:24 GMT+0200
debug time 19:40:10.231 :: Before HeartBeat Count=26 Time=Mon Oct 17 2011 19:40:10 GMT+0200 AccountId=28699575 Session=6e838620-a71b-48ce-82e9-a65813e69fbc
debug ++ [int] eventPhase = 2
debug ++ [Boolean] bubbles = false
debug ++ [Boolean] cancelable = false
debug ++ [String] type = timer
debug +++ [int] repeatCount = 0
debug +++ [int] currentCount = 25
debug +++ [Boolean] running = true
debug +++ [int] delay = 180000
debug +++ [int] repeatCount = 0
debug +++ [int] currentCount = 25
debug +++ [Boolean] running = true
debug +++ [int] delay = 180000
debug time 19:40:10.458 :: After HeartBeat Count=26 Result=5
debug time 19:43:10.245 :: Before HeartBeat Count=27 Time=Mon Oct 17 2011 19:43:10 GMT+0200 AccountId=28699575 Session=6e838620-a71b-48ce-82e9-a65813e69fbc
debug ++ [int] eventPhase = 2
debug ++ [Boolean] bubbles = false
debug ++ [Boolean] cancelable = false
debug ++ [String] type = timer
debug +++ [int] repeatCount = 0
debug +++ [int] currentCount = 26
debug +++ [Boolean] running = true
debug +++ [int] delay = 180000
debug +++ [int] repeatCount = 0
debug +++ [int] currentCount = 26
debug +++ [Boolean] running = true
debug +++ [int] delay = 180000
debug time 19:43:10.465 :: After HeartBeat Count=27 Result=5
debug time 19:46:10.427 :: Before HeartBeat Count=28 Time=Mon Oct 17 2011 19:46:10 GMT+0200 AccountId=28699575 Session=6e838620-a71b-48ce-82e9-a65813e69fbc
debug ++ [int] eventPhase = 2
debug ++ [Boolean] bubbles = false
debug ++ [Boolean] cancelable = false
debug ++ [String] type = timer
debug +++ [int] repeatCount = 0
debug +++ [int] currentCount = 27
debug +++ [Boolean] running = true
debug +++ [int] delay = 180000
debug +++ [int] repeatCount = 0
debug +++ [int] currentCount = 27
debug +++ [Boolean] running = true
debug +++ [int] delay = 180000
debug time 19:46:10.621 :: After HeartBeat Count=28 Result=5
debug time 19:49:10.439 :: Before HeartBeat Count=29 Time=Mon Oct 17 2011 19:49:10 GMT+0200 AccountId=28699575 Session=6e838620-a71b-48ce-82e9-a65813e69fbc
debug ++ [int] eventPhase = 2
debug ++ [Boolean] bubbles = false
debug ++ [Boolean] cancelable = false
debug ++ [String] type = timer
debug +++ [int] repeatCount = 0
debug +++ [int] currentCount = 28
debug +++ [Boolean] running = true
debug +++ [int] delay = 180000
debug +++ [int] repeatCount = 0
debug +++ [int] currentCount = 28
debug +++ [Boolean] running = true
debug +++ [int] delay = 180000
debug time 19:49:11.436 :: After HeartBeat Count=29 Result=5
debug time 19:52:10.441 :: Before HeartBeat Count=30 Time=Mon Oct 17 2011 19:52:10 GMT+0200 AccountId=28699575 Session=6e838620-a71b-48ce-82e9-a65813e69fbc
debug ++ [int] eventPhase = 2
debug ++ [Boolean] bubbles = false
debug ++ [Boolean] cancelable = false
debug ++ [String] type = timer
debug +++ [int] repeatCount = 0
debug +++ [int] currentCount = 29
debug +++ [Boolean] running = true
debug +++ [int] delay = 180000
debug +++ [int] repeatCount = 0
debug +++ [int] currentCount = 29
debug +++ [Boolean] running = true
debug +++ [int] delay = 180000
debug time 19:52:11.436 :: After HeartBeat Count=30 Result=5
debug time 19:55:11.440 :: Before HeartBeat Count=31 Time=Mon Oct 17 2011 19:55:11 GMT+0200 AccountId=28699575 Session=6e838620-a71b-48ce-82e9-a65813e69fbc
debug ++ [int] eventPhase = 2
debug ++ [Boolean] bubbles = false
debug ++ [Boolean] cancelable = false
debug ++ [String] type = timer
debug +++ [int] repeatCount = 0
debug +++ [int] currentCount = 30
debug +++ [Boolean] running = true
debug +++ [int] delay = 180000
debug +++ [int] repeatCount = 0
debug +++ [int] currentCount = 30
debug +++ [Boolean] running = true
debug +++ [int] delay = 180000
debug time 19:55:12.437 :: After HeartBeat Count=31 Result=5
debug time 19:58:11.440 :: Before HeartBeat Count=32 Time=Mon Oct 17 2011 19:58:11 GMT+0200 AccountId=28699575 Session=6e838620-a71b-48ce-82e9-a65813e69fbc
debug ++ [int] eventPhase = 2
debug ++ [Boolean] bubbles = false
debug ++ [Boolean] cancelable = false
debug ++ [String] type = timer
debug +++ [int] repeatCount = 0
debug +++ [int] currentCount = 31
debug +++ [Boolean] running = true
debug +++ [int] delay = 180000
debug +++ [int] repeatCount = 0
debug +++ [int] currentCount = 31
debug +++ [Boolean] running = true
debug +++ [int] delay = 180000
debug time 19:58:12.436 :: After HeartBeat Count=32 Result=5
debug time 20:01:12.439 :: Before HeartBeat Count=33 Time=Mon Oct 17 2011 20:01:12 GMT+0200 AccountId=28699575 Session=6e838620-a71b-48ce-82e9-a65813e69fbc
debug ++ [int] eventPhase = 2
debug ++ [Boolean] bubbles = false
debug ++ [Boolean] cancelable = false
debug ++ [String] type = timer
debug +++ [int] repeatCount = 0
debug +++ [int] currentCount = 32
debug +++ [Boolean] running = true
debug +++ [int] delay = 180000
debug +++ [int] repeatCount = 0
debug +++ [int] currentCount = 32
debug +++ [Boolean] running = true
debug +++ [int] delay = 180000
debug time 20:01:13.436 :: After HeartBeat Count=33 Result=5
debug time 20:04:12.440 :: Before HeartBeat Count=34 Time=Mon Oct 17 2011 20:04:12 GMT+0200 AccountId=28699575 Session=6e838620-a71b-48ce-82e9-a65813e69fbc
debug ++ [int] eventPhase = 2
debug ++ [Boolean] bubbles = false
debug ++ [Boolean] cancelable = false
debug ++ [String] type = timer
debug +++ [int] repeatCount = 0
debug +++ [int] currentCount = 33
debug +++ [Boolean] running = true
debug +++ [int] delay = 180000
debug +++ [int] repeatCount = 0
debug +++ [int] currentCount = 33
debug +++ [Boolean] running = true
debug +++ [int] delay = 180000
debug time 20:04:13.437 :: After HeartBeat Count=34 Result=5
debug time 20:07:12.444 :: Before HeartBeat Count=35 Time=Mon Oct 17 2011 20:07:12 GMT+0200 AccountId=28699575 Session=6e838620-a71b-48ce-82e9-a65813e69fbc
debug ++ [int] eventPhase = 2
debug ++ [Boolean] bubbles = false
debug ++ [Boolean] cancelable = false
debug ++ [String] type = timer
debug +++ [int] repeatCount = 0
debug +++ [int] currentCount = 34
debug +++ [Boolean] running = true
debug +++ [int] delay = 180000
debug +++ [int] repeatCount = 0
debug +++ [int] currentCount = 34
debug +++ [Boolean] running = true
debug +++ [int] delay = 180000
debug time 20:07:13.436 :: After HeartBeat Count=35 Result=5
debug time 20:10:12.444 :: Before HeartBeat Count=36 Time=Mon Oct 17 2011 20:10:12 GMT+0200 AccountId=28699575 Session=6e838620-a71b-48ce-82e9-a65813e69fbc
debug ++ [int] eventPhase = 2
debug ++ [Boolean] bubbles = false
debug ++ [Boolean] cancelable = false
debug ++ [String] type = timer
debug +++ [int] repeatCount = 0
debug +++ [int] currentCount = 35
debug +++ [Boolean] running = true
debug +++ [int] delay = 180000
debug +++ [int] repeatCount = 0
debug +++ [int] currentCount = 35
debug +++ [Boolean] running = true
debug +++ [int] delay = 180000
debug time 20:10:13.436 :: After HeartBeat Count=36 Result=5
debug time 20:13:13.441 :: Before HeartBeat Count=37 Time=Mon Oct 17 2011 20:13:13 GMT+0200 AccountId=28699575 Session=6e838620-a71b-48ce-82e9-a65813e69fbc
debug ++ [int] eventPhase = 2
debug ++ [Boolean] bubbles = false
debug ++ [Boolean] cancelable = false
debug ++ [String] type = timer
debug +++ [int] repeatCount = 0
debug +++ [int] currentCount = 36
debug +++ [Boolean] running = true
debug +++ [int] delay = 180000
debug +++ [int] repeatCount = 0
debug +++ [int] currentCount = 36
debug +++ [Boolean] running = true
debug +++ [int] delay = 180000
debug time 20:13:14.437 :: After HeartBeat Count=37 Result=5
debug time 20:16:13.441 :: Before HeartBeat Count=38 Time=Mon Oct 17 2011 20:16:13 GMT+0200 AccountId=28699575 Session=6e838620-a71b-48ce-82e9-a65813e69fbc
debug ++ [int] eventPhase = 2
debug ++ [Boolean] bubbles = false
debug ++ [Boolean] cancelable = false
debug ++ [String] type = timer
debug +++ [int] repeatCount = 0
debug +++ [int] currentCount = 37
debug +++ [Boolean] running = true
debug +++ [int] delay = 180000
debug +++ [int] repeatCount = 0
debug +++ [int] currentCount = 37
debug +++ [Boolean] running = true
debug +++ [int] delay = 180000
debug time 20:16:14.436 :: After HeartBeat Count=38 Result=5
debug time 20:19:14.440 :: Before HeartBeat Count=39 Time=Mon Oct 17 2011 20:19:14 GMT+0200 AccountId=28699575 Session=6e838620-a71b-48ce-82e9-a65813e69fbc
debug ++ [int] eventPhase = 2
debug ++ [Boolean] bubbles = false
debug ++ [Boolean] cancelable = false
debug ++ [String] type = timer
debug +++ [int] repeatCount = 0
debug +++ [int] currentCount = 38
debug +++ [Boolean] running = true
debug +++ [int] delay = 180000
debug +++ [int] repeatCount = 0
debug +++ [int] currentCount = 38
debug +++ [Boolean] running = true
debug +++ [int] delay = 180000
debug time 20:19:15.436 :: After HeartBeat Count=39 Result=5
debug time 20:22:14.441 :: Before HeartBeat Count=40 Time=Mon Oct 17 2011 20:22:14 GMT+0200 AccountId=28699575 Session=6e838620-a71b-48ce-82e9-a65813e69fbc
debug ++ [int] eventPhase = 2
debug ++ [Boolean] bubbles = false
debug ++ [Boolean] cancelable = false
debug ++ [String] type = timer
debug +++ [int] repeatCount = 0
debug +++ [int] currentCount = 39
debug +++ [Boolean] running = true
debug +++ [int] delay = 180000
debug +++ [int] repeatCount = 0
debug +++ [int] currentCount = 39
debug +++ [Boolean] running = true
debug +++ [int] delay = 180000
debug time 20:22:15.437 :: After HeartBeat Count=40 Result=5
debug time 20:25:14.461 :: Before HeartBeat Count=41 Time=Mon Oct 17 2011 20:25:14 GMT+0200 AccountId=28699575 Session=6e838620-a71b-48ce-82e9-a65813e69fbc
debug ++ [int] eventPhase = 2
debug ++ [Boolean] bubbles = false
debug ++ [Boolean] cancelable = false
debug ++ [String] type = timer
debug +++ [int] repeatCount = 0
debug +++ [int] currentCount = 40
debug +++ [Boolean] running = true
debug +++ [int] delay = 180000
debug +++ [int] repeatCount = 0
debug +++ [int] currentCount = 40
debug +++ [Boolean] running = true
debug +++ [int] delay = 180000
debug time 20:25:15.442 :: After HeartBeat Count=41 Result=5
debug time 20:26:24.497 :: Performing heartbeat at Mon Oct 17 2011 20:26:24 GMT+0200
debug time 20:28:14.480 :: Before HeartBeat Count=42 Time=Mon Oct 17 2011 20:28:14 GMT+0200 AccountId=28699575 Session=6e838620-a71b-48ce-82e9-a65813e69fbc
debug ++ [int] eventPhase = 2
debug ++ [Boolean] bubbles = false
debug ++ [Boolean] cancelable = false
debug ++ [String] type = timer
debug +++ [int] repeatCount = 0
debug +++ [int] currentCount = 41
debug +++ [Boolean] running = true
debug +++ [int] delay = 180000
debug +++ [int] repeatCount = 0
debug +++ [int] currentCount = 41
debug +++ [Boolean] running = true
debug +++ [int] delay = 180000
debug time 20:28:14.683 :: After HeartBeat Count=42 Result=5
debug time 20:31:14.503 :: Before HeartBeat Count=43 Time=Mon Oct 17 2011 20:31:14 GMT+0200 AccountId=28699575 Session=6e838620-a71b-48ce-82e9-a65813e69fbc
debug ++ [int] eventPhase = 2
debug ++ [Boolean] bubbles = false
debug ++ [Boolean] cancelable = false
debug ++ [String] type = timer
debug +++ [int] repeatCount = 0
debug +++ [int] currentCount = 42
debug +++ [Boolean] running = true
debug +++ [int] delay = 180000
debug +++ [int] repeatCount = 0
debug +++ [int] currentCount = 42
debug +++ [Boolean] running = true
debug +++ [int] delay = 180000
debug time 20:31:14.725 :: After HeartBeat Count=43 Result=5
debug time 20:34:14.523 :: Before HeartBeat Count=44 Time=Mon Oct 17 2011 20:34:14 GMT+0200 AccountId=28699575 Session=6e838620-a71b-48ce-82e9-a65813e69fbc
debug ++ [int] eventPhase = 2
debug ++ [Boolean] bubbles = false
debug ++ [Boolean] cancelable = false
debug ++ [String] type = timer
debug +++ [int] repeatCount = 0
debug +++ [int] currentCount = 43
debug +++ [Boolean] running = true
debug +++ [int] delay = 180000
debug +++ [int] repeatCount = 0
debug +++ [int] currentCount = 43
debug +++ [Boolean] running = true
debug +++ [int] delay = 180000
debug time 20:34:14.725 :: After HeartBeat Count=44 Result=5
debug time 20:37:14.562 :: Before HeartBeat Count=45 Time=Mon Oct 17 2011 20:37:14 GMT+0200 AccountId=28699575 Session=6e838620-a71b-48ce-82e9-a65813e69fbc
debug ++ [int] eventPhase = 2
debug ++ [Boolean] bubbles = false
debug ++ [Boolean] cancelable = false
debug ++ [String] type = timer
debug +++ [int] repeatCount = 0
debug +++ [int] currentCount = 44
debug +++ [Boolean] running = true
debug +++ [int] delay = 180000
debug +++ [int] repeatCount = 0
debug +++ [int] currentCount = 44
debug +++ [Boolean] running = true
debug +++ [int] delay = 180000
debug time 20:37:14.766 :: After HeartBeat Count=45 Result=5
debug time 20:40:14.580 :: Before HeartBeat Count=46 Time=Mon Oct 17 2011 20:40:14 GMT+0200 AccountId=28699575 Session=6e838620-a71b-48ce-82e9-a65813e69fbc
debug ++ [int] eventPhase = 2
debug ++ [Boolean] bubbles = false
debug ++ [Boolean] cancelable = false
debug ++ [String] type = timer
debug +++ [int] repeatCount = 0
debug +++ [int] currentCount = 45
debug +++ [Boolean] running = true
debug +++ [int] delay = 180000
debug +++ [int] repeatCount = 0
debug +++ [int] currentCount = 45
debug +++ [Boolean] running = true
debug +++ [int] delay = 180000
debug time 20:40:14.807 :: After HeartBeat Count=46 Result=5
debug time 20:43:14.606 :: Before HeartBeat Count=47 Time=Mon Oct 17 2011 20:43:14 GMT+0200 AccountId=28699575 Session=6e838620-a71b-48ce-82e9-a65813e69fbc
debug ++ [int] eventPhase = 2
debug ++ [Boolean] bubbles = false
debug ++ [Boolean] cancelable = false
debug ++ [String] type = timer
debug +++ [int] repeatCount = 0
debug +++ [int] currentCount = 46
debug +++ [Boolean] running = true
debug +++ [int] delay = 180000
debug +++ [int] repeatCount = 0
debug +++ [int] currentCount = 46
debug +++ [Boolean] running = true
debug +++ [int] delay = 180000
debug time 20:43:14.808 :: After HeartBeat Count=47 Result=5
debug time 20:46:14.605 :: Before HeartBeat Count=48 Time=Mon Oct 17 2011 20:46:14 GMT+0200 AccountId=28699575 Session=6e838620-a71b-48ce-82e9-a65813e69fbc
debug ++ [int] eventPhase = 2
debug ++ [Boolean] bubbles = false
debug ++ [Boolean] cancelable = false
debug ++ [String] type = timer
debug +++ [int] repeatCount = 0
debug +++ [int] currentCount = 47
debug +++ [Boolean] running = true
debug +++ [int] delay = 180000
debug +++ [int] repeatCount = 0
debug +++ [int] currentCount = 47
debug +++ [Boolean] running = true
debug +++ [int] delay = 180000
debug time 20:46:14.807 :: After HeartBeat Count=48 Result=5
debug time 20:49:14.606 :: Before HeartBeat Count=49 Time=Mon Oct 17 2011 20:49:14 GMT+0200 AccountId=28699575 Session=6e838620-a71b-48ce-82e9-a65813e69fbc
debug ++ [int] eventPhase = 2
debug ++ [Boolean] bubbles = false
debug ++ [Boolean] cancelable = false
debug ++ [String] type = timer
debug +++ [int] repeatCount = 0
debug +++ [int] currentCount = 48
debug +++ [Boolean] running = true
debug +++ [int] delay = 180000
debug +++ [int] repeatCount = 0
debug +++ [int] currentCount = 48
debug +++ [Boolean] running = true
debug +++ [int] delay = 180000
debug time 20:49:14.807 :: After HeartBeat Count=49 Result=5
debug time 20:52:14.649 :: Before HeartBeat Count=50 Time=Mon Oct 17 2011 20:52:14 GMT+0200 AccountId=28699575 Session=6e838620-a71b-48ce-82e9-a65813e69fbc
debug ++ [int] eventPhase = 2
debug ++ [Boolean] bubbles = false
debug ++ [Boolean] cancelable = false
debug ++ [String] type = timer
debug +++ [int] repeatCount = 0
debug +++ [int] currentCount = 49
debug +++ [Boolean] running = true
debug +++ [int] delay = 180000
debug +++ [int] repeatCount = 0
debug +++ [int] currentCount = 49
debug +++ [Boolean] running = true
debug +++ [int] delay = 180000
debug time 20:52:14.851 :: After HeartBeat Count=50 Result=5
debug time 20:55:14.689 :: Before HeartBeat Count=51 Time=Mon Oct 17 2011 20:55:14 GMT+0200 AccountId=28699575 Session=6e838620-a71b-48ce-82e9-a65813e69fbc
debug ++ [int] eventPhase = 2
debug ++ [Boolean] bubbles = false
debug ++ [Boolean] cancelable = false
debug ++ [String] type = timer
debug +++ [int] repeatCount = 0
debug +++ [int] currentCount = 50
debug +++ [Boolean] running = true
debug +++ [int] delay = 180000
debug +++ [int] repeatCount = 0
debug +++ [int] currentCount = 50
debug +++ [Boolean] running = true
debug +++ [int] delay = 180000
debug time 20:55:14.892 :: After HeartBeat Count=51 Result=5
debug time 20:58:14.731 :: Before HeartBeat Count=52 Time=Mon Oct 17 2011 20:58:14 GMT+0200 AccountId=28699575 Session=6e838620-a71b-48ce-82e9-a65813e69fbc
debug ++ [int] eventPhase = 2
debug ++ [Boolean] bubbles = false
debug ++ [Boolean] cancelable = false
debug ++ [String] type = timer
debug +++ [int] repeatCount = 0
debug +++ [int] currentCount = 51
debug +++ [Boolean] running = true
debug +++ [int] delay = 180000
debug +++ [int] repeatCount = 0
debug +++ [int] currentCount = 51
debug +++ [Boolean] running = true
debug +++ [int] delay = 180000
debug time 20:58:14.932 :: After HeartBeat Count=52 Result=5
debug time 21:01:14.752 :: Before HeartBeat Count=53 Time=Mon Oct 17 2011 21:01:14 GMT+0200 AccountId=28699575 Session=6e838620-a71b-48ce-82e9-a65813e69fbc
debug ++ [int] eventPhase = 2
debug ++ [Boolean] bubbles = false
debug ++ [Boolean] cancelable = false
debug ++ [String] type = timer
debug +++ [int] repeatCount = 0
debug +++ [int] currentCount = 52
debug +++ [Boolean] running = true
debug +++ [int] delay = 180000
debug +++ [int] repeatCount = 0
debug +++ [int] currentCount = 52
debug +++ [Boolean] running = true
debug +++ [int] delay = 180000
debug time 21:01:14.974 :: After HeartBeat Count=53 Result=5
debug time 21:04:14.782 :: Before HeartBeat Count=54 Time=Mon Oct 17 2011 21:04:14 GMT+0200 AccountId=28699575 Session=6e838620-a71b-48ce-82e9-a65813e69fbc
debug ++ [int] eventPhase = 2
debug ++ [Boolean] bubbles = false
debug ++ [Boolean] cancelable = false
debug ++ [String] type = timer
debug +++ [int] repeatCount = 0
debug +++ [int] currentCount = 53
debug +++ [Boolean] running = true
debug +++ [int] delay = 180000
debug +++ [int] repeatCount = 0
debug +++ [int] currentCount = 53
debug +++ [Boolean] running = true
debug +++ [int] delay = 180000
debug time 21:04:14.985 :: After HeartBeat Count=54 Result=5
debug time 21:07:14.793 :: Before HeartBeat Count=55 Time=Mon Oct 17 2011 21:07:14 GMT+0200 AccountId=28699575 Session=6e838620-a71b-48ce-82e9-a65813e69fbc
debug ++ [int] eventPhase = 2
debug ++ [Boolean] bubbles = false
debug ++ [Boolean] cancelable = false
debug ++ [String] type = timer
debug +++ [int] repeatCount = 0
debug +++ [int] currentCount = 54
debug +++ [Boolean] running = true
debug +++ [int] delay = 180000
debug +++ [int] repeatCount = 0
debug +++ [int] currentCount = 54
debug +++ [Boolean] running = true
debug +++ [int] delay = 180000
debug time 21:07:14.994 :: After HeartBeat Count=55 Result=5
debug time 21:10:14.960 :: Before HeartBeat Count=56 Time=Mon Oct 17 2011 21:10:14 GMT+0200 AccountId=28699575 Session=6e838620-a71b-48ce-82e9-a65813e69fbc
debug ++ [int] eventPhase = 2
debug ++ [Boolean] bubbles = false
debug ++ [Boolean] cancelable = false
debug ++ [String] type = timer
debug +++ [int] repeatCount = 0
debug +++ [int] currentCount = 55
debug +++ [Boolean] running = true
debug +++ [int] delay = 180000
debug +++ [int] repeatCount = 0
debug +++ [int] currentCount = 55
debug +++ [Boolean] running = true
debug +++ [int] delay = 180000
debug time 21:10:15.150 :: After HeartBeat Count=56 Result=5
debug time 21:13:14.986 :: Before HeartBeat Count=57 Time=Mon Oct 17 2011 21:13:14 GMT+0200 AccountId=28699575 Session=6e838620-a71b-48ce-82e9-a65813e69fbc
debug ++ [int] eventPhase = 2
debug ++ [Boolean] bubbles = false
debug ++ [Boolean] cancelable = false
debug ++ [String] type = timer
debug +++ [int] repeatCount = 0
debug +++ [int] currentCount = 56
debug +++ [Boolean] running = true
debug +++ [int] delay = 180000
debug +++ [int] repeatCount = 0
debug +++ [int] currentCount = 56
debug +++ [Boolean] running = true
debug +++ [int] delay = 180000
debug time 21:13:15.204 :: After HeartBeat Count=57 Result=5
debug time 21:16:15.962 :: Before HeartBeat Count=58 Time=Mon Oct 17 2011 21:16:15 GMT+0200 AccountId=28699575 Session=6e838620-a71b-48ce-82e9-a65813e69fbc
debug ++ [int] eventPhase = 2
debug ++ [Boolean] bubbles = false
debug ++ [Boolean] cancelable = false
debug ++ [String] type = timer
debug +++ [int] repeatCount = 0
debug +++ [int] currentCount = 57
debug +++ [Boolean] running = true
debug +++ [int] delay = 180000
debug +++ [int] repeatCount = 0
debug +++ [int] currentCount = 57
debug +++ [Boolean] running = true
debug +++ [int] delay = 180000
debug time 21:16:16.151 :: After HeartBeat Count=58 Result=5
debug time 21:19:16.960 :: Before HeartBeat Count=59 Time=Mon Oct 17 2011 21:19:16 GMT+0200 AccountId=28699575 Session=6e838620-a71b-48ce-82e9-a65813e69fbc
debug ++ [int] eventPhase = 2
debug ++ [Boolean] bubbles = false
debug ++ [Boolean] cancelable = false
debug ++ [String] type = timer
debug +++ [int] repeatCount = 0
debug +++ [int] currentCount = 58
debug +++ [Boolean] running = true
debug +++ [int] delay = 180000
debug +++ [int] repeatCount = 0
debug +++ [int] currentCount = 58
debug +++ [Boolean] running = true
debug +++ [int] delay = 180000
debug time 21:19:17.149 :: After HeartBeat Count=59 Result=5
debug time 21:22:16.961 :: Before HeartBeat Count=60 Time=Mon Oct 17 2011 21:22:16 GMT+0200 AccountId=28699575 Session=6e838620-a71b-48ce-82e9-a65813e69fbc
debug ++ [int] eventPhase = 2
debug ++ [Boolean] bubbles = false
debug ++ [Boolean] cancelable = false
debug ++ [String] type = timer
debug +++ [int] repeatCount = 0
debug +++ [int] currentCount = 59
debug +++ [Boolean] running = true
debug +++ [int] delay = 180000
debug +++ [int] repeatCount = 0
debug +++ [int] currentCount = 59
debug +++ [Boolean] running = true
debug +++ [int] delay = 180000
debug time 21:22:17.150 :: After HeartBeat Count=60 Result=5
debug time 21:25:16.961 :: Before HeartBeat Count=61 Time=Mon Oct 17 2011 21:25:16 GMT+0200 AccountId=28699575 Session=6e838620-a71b-48ce-82e9-a65813e69fbc
debug ++ [int] eventPhase = 2
debug ++ [Boolean] bubbles = false
debug ++ [Boolean] cancelable = false
debug ++ [String] type = timer
debug +++ [int] repeatCount = 0
debug +++ [int] currentCount = 60
debug +++ [Boolean] running = true
debug +++ [int] delay = 180000
debug +++ [int] repeatCount = 0
debug +++ [int] currentCount = 60
debug +++ [Boolean] running = true
debug +++ [int] delay = 180000
debug time 21:25:17.211 :: After HeartBeat Count=61 Result=5
debug time 21:28:16.960 :: Before HeartBeat Count=62 Time=Mon Oct 17 2011 21:28:16 GMT+0200 AccountId=28699575 Session=6e838620-a71b-48ce-82e9-a65813e69fbc
debug ++ [int] eventPhase = 2
debug ++ [Boolean] bubbles = false
debug ++ [Boolean] cancelable = false
debug ++ [String] type = timer
debug +++ [int] repeatCount = 0
debug +++ [int] currentCount = 61
debug +++ [Boolean] running = true
debug +++ [int] delay = 180000
debug +++ [int] repeatCount = 0
debug +++ [int] currentCount = 61
debug +++ [Boolean] running = true
debug +++ [int] delay = 180000
debug time 21:28:17.150 :: After HeartBeat Count=62 Result=5
debug time 21:31:16.961 :: Before HeartBeat Count=63 Time=Mon Oct 17 2011 21:31:16 GMT+0200 AccountId=28699575 Session=6e838620-a71b-48ce-82e9-a65813e69fbc
debug ++ [int] eventPhase = 2
debug ++ [Boolean] bubbles = false
debug ++ [Boolean] cancelable = false
debug ++ [String] type = timer
debug +++ [int] repeatCount = 0
debug +++ [int] currentCount = 62
debug +++ [Boolean] running = true
debug +++ [int] delay = 180000
debug +++ [int] repeatCount = 0
debug +++ [int] currentCount = 62
debug +++ [Boolean] running = true
debug +++ [int] delay = 180000
debug time 21:31:17.150 :: After HeartBeat Count=63 Result=5
debug time 21:31:50.602 :: Performing heartbeat at Mon Oct 17 2011 21:31:50 GMT+0200
debug time 21:34:16.963 :: Before HeartBeat Count=64 Time=Mon Oct 17 2011 21:34:16 GMT+0200 AccountId=28699575 Session=6e838620-a71b-48ce-82e9-a65813e69fbc
debug ++ [int] eventPhase = 2
debug ++ [Boolean] bubbles = false
debug ++ [Boolean] cancelable = false
debug ++ [String] type = timer
debug +++ [int] repeatCount = 0
debug +++ [int] currentCount = 63
debug +++ [Boolean] running = true
debug +++ [int] delay = 180000
debug +++ [int] repeatCount = 0
debug +++ [int] currentCount = 63
debug +++ [Boolean] running = true
debug +++ [int] delay = 180000
debug time 21:34:17.160 :: After HeartBeat Count=64 Result=5
debug time 21:37:17.110 :: Before HeartBeat Count=65 Time=Mon Oct 17 2011 21:37:17 GMT+0200 AccountId=28699575 Session=6e838620-a71b-48ce-82e9-a65813e69fbc
debug ++ [int] eventPhase = 2
debug ++ [Boolean] bubbles = false
debug ++ [Boolean] cancelable = false
debug ++ [String] type = timer
debug +++ [int] repeatCount = 0
debug +++ [int] currentCount = 64
debug +++ [Boolean] running = true
debug +++ [int] delay = 180000
debug +++ [int] repeatCount = 0
debug +++ [int] currentCount = 64
debug +++ [Boolean] running = true
debug +++ [int] delay = 180000
debug time 21:37:17.298 :: After HeartBeat Count=65 Result=5
debug time 21:40:18.104 :: Before HeartBeat Count=66 Time=Mon Oct 17 2011 21:40:18 GMT+0200 AccountId=28699575 Session=6e838620-a71b-48ce-82e9-a65813e69fbc
debug ++ [int] eventPhase = 2
debug ++ [Boolean] bubbles = false
debug ++ [Boolean] cancelable = false
debug ++ [String] type = timer
debug +++ [int] repeatCount = 0
debug +++ [int] currentCount = 65
debug +++ [Boolean] running = true
debug +++ [int] delay = 180000
debug +++ [int] repeatCount = 0
debug +++ [int] currentCount = 65
debug +++ [Boolean] running = true
debug +++ [int] delay = 180000
debug time 21:40:18.293 :: After HeartBeat Count=66 Result=5
debug time 21:43:18.105 :: Before HeartBeat Count=67 Time=Mon Oct 17 2011 21:43:18 GMT+0200 AccountId=28699575 Session=6e838620-a71b-48ce-82e9-a65813e69fbc
debug ++ [int] eventPhase = 2
debug ++ [Boolean] bubbles = false
debug ++ [Boolean] cancelable = false
debug ++ [String] type = timer
debug +++ [int] repeatCount = 0
debug +++ [int] currentCount = 66
debug +++ [Boolean] running = true
debug +++ [int] delay = 180000
debug +++ [int] repeatCount = 0
debug +++ [int] currentCount = 66
debug +++ [Boolean] running = true
debug +++ [int] delay = 180000
debug time 21:43:19.05 :: After HeartBeat Count=67 Result=5
debug time 21:46:19.104 :: Before HeartBeat Count=68 Time=Mon Oct 17 2011 21:46:19 GMT+0200 AccountId=28699575 Session=6e838620-a71b-48ce-82e9-a65813e69fbc
debug ++ [int] eventPhase = 2
debug ++ [Boolean] bubbles = false
debug ++ [Boolean] cancelable = false
debug ++ [String] type = timer
debug +++ [int] repeatCount = 0
debug +++ [int] currentCount = 67
debug +++ [Boolean] running = true
debug +++ [int] delay = 180000
debug +++ [int] repeatCount = 0
debug +++ [int] currentCount = 67
debug +++ [Boolean] running = true
debug +++ [int] delay = 180000
debug time 21:46:19.293 :: After HeartBeat Count=68 Result=5
debug time 21:49:19.135 :: Before HeartBeat Count=69 Time=Mon Oct 17 2011 21:49:19 GMT+0200 AccountId=28699575 Session=6e838620-a71b-48ce-82e9-a65813e69fbc
debug ++ [int] eventPhase = 2
debug ++ [Boolean] bubbles = false
debug ++ [Boolean] cancelable = false
debug ++ [String] type = timer
debug +++ [int] repeatCount = 0
debug +++ [int] currentCount = 68
debug +++ [Boolean] running = true
debug +++ [int] delay = 180000
debug +++ [int] repeatCount = 0
debug +++ [int] currentCount = 68
debug +++ [Boolean] running = true
debug +++ [int] delay = 180000
debug time 21:49:19.354 :: After HeartBeat Count=69 Result=5
debug time 21:52:20.105 :: Before HeartBeat Count=70 Time=Mon Oct 17 2011 21:52:20 GMT+0200 AccountId=28699575 Session=6e838620-a71b-48ce-82e9-a65813e69fbc
debug ++ [int] eventPhase = 2
debug ++ [Boolean] bubbles = false
debug ++ [Boolean] cancelable = false
debug ++ [String] type = timer
debug +++ [int] repeatCount = 0
debug +++ [int] currentCount = 69
debug +++ [Boolean] running = true
debug +++ [int] delay = 180000
debug +++ [int] repeatCount = 0
debug +++ [int] currentCount = 69
debug +++ [Boolean] running = true
debug +++ [int] delay = 180000
debug time 21:52:20.294 :: After HeartBeat Count=70 Result=5
debug time 21:55:20.104 :: Before HeartBeat Count=71 Time=Mon Oct 17 2011 21:55:20 GMT+0200 AccountId=28699575 Session=6e838620-a71b-48ce-82e9-a65813e69fbc
debug ++ [int] eventPhase = 2
debug ++ [Boolean] bubbles = false
debug ++ [Boolean] cancelable = false
debug ++ [String] type = timer
debug +++ [int] repeatCount = 0
debug +++ [int] currentCount = 70
debug +++ [Boolean] running = true
debug +++ [int] delay = 180000
debug +++ [int] repeatCount = 0
debug +++ [int] currentCount = 70
debug +++ [Boolean] running = true
debug +++ [int] delay = 180000
debug time 21:55:20.353 :: After HeartBeat Count=71 Result=5
debug time 21:58:20.104 :: Before HeartBeat Count=72 Time=Mon Oct 17 2011 21:58:20 GMT+0200 AccountId=28699575 Session=6e838620-a71b-48ce-82e9-a65813e69fbc
debug ++ [int] eventPhase = 2
debug ++ [Boolean] bubbles = false
debug ++ [Boolean] cancelable = false
debug ++ [String] type = timer
debug +++ [int] repeatCount = 0
debug +++ [int] currentCount = 71
debug +++ [Boolean] running = true
debug +++ [int] delay = 180000
debug +++ [int] repeatCount = 0
debug +++ [int] currentCount = 71
debug +++ [Boolean] running = true
debug +++ [int] delay = 180000
debug time 21:58:20.294 :: After HeartBeat Count=72 Result=5
debug time 22:01:20.105 :: Before HeartBeat Count=73 Time=Mon Oct 17 2011 22:01:20 GMT+0200 AccountId=28699575 Session=6e838620-a71b-48ce-82e9-a65813e69fbc
debug ++ [int] eventPhase = 2
debug ++ [Boolean] bubbles = false
debug ++ [Boolean] cancelable = false
debug ++ [String] type = timer
debug +++ [int] repeatCount = 0
debug +++ [int] currentCount = 72
debug +++ [Boolean] running = true
debug +++ [int] delay = 180000
debug +++ [int] repeatCount = 0
debug +++ [int] currentCount = 72
debug +++ [Boolean] running = true
debug +++ [int] delay = 180000
debug time 22:01:20.294 :: After HeartBeat Count=73 Result=5
debug time 22:04:20.130 :: Before HeartBeat Count=74 Time=Mon Oct 17 2011 22:04:20 GMT+0200 AccountId=28699575 Session=6e838620-a71b-48ce-82e9-a65813e69fbc
debug ++ [int] eventPhase = 2
debug ++ [Boolean] bubbles = false
debug ++ [Boolean] cancelable = false
debug ++ [String] type = timer
debug +++ [int] repeatCount = 0
debug +++ [int] currentCount = 73
debug +++ [Boolean] running = true
debug +++ [int] delay = 180000
debug +++ [int] repeatCount = 0
debug +++ [int] currentCount = 73
debug +++ [Boolean] running = true
debug +++ [int] delay = 180000
debug time 22:04:20.320 :: After HeartBeat Count=74 Result=5
debug time 22:04:34.89 :: Performing heartbeat at Mon Oct 17 2011 22:04:34 GMT+0200
debug time 22:07:20.183 :: Before HeartBeat Count=75 Time=Mon Oct 17 2011 22:07:20 GMT+0200 AccountId=28699575 Session=6e838620-a71b-48ce-82e9-a65813e69fbc
debug ++ [int] eventPhase = 2
debug ++ [Boolean] bubbles = false
debug ++ [Boolean] cancelable = false
debug ++ [String] type = timer
debug +++ [int] repeatCount = 0
debug +++ [int] currentCount = 74
debug +++ [Boolean] running = true
debug +++ [int] delay = 180000
debug +++ [int] repeatCount = 0
debug +++ [int] currentCount = 74
debug +++ [Boolean] running = true
debug +++ [int] delay = 180000
debug time 22:07:20.377 :: After HeartBeat Count=75 Result=5
debug time 22:10:20.213 :: Before HeartBeat Count=76 Time=Mon Oct 17 2011 22:10:20 GMT+0200 AccountId=28699575 Session=6e838620-a71b-48ce-82e9-a65813e69fbc
debug ++ [int] eventPhase = 2
debug ++ [Boolean] bubbles = false
debug ++ [Boolean] cancelable = false
debug ++ [String] type = timer
debug +++ [int] repeatCount = 0
debug +++ [int] currentCount = 75
debug +++ [Boolean] running = true
debug +++ [int] delay = 180000
debug +++ [int] repeatCount = 0
debug +++ [int] currentCount = 75
debug +++ [Boolean] running = true
debug +++ [int] delay = 180000
debug time 22:10:20.497 :: After HeartBeat Count=76 Result=5
debug time 22:13:20.253 :: Before HeartBeat Count=77 Time=Mon Oct 17 2011 22:13:20 GMT+0200 AccountId=28699575 Session=6e838620-a71b-48ce-82e9-a65813e69fbc
debug ++ [int] eventPhase = 2
debug ++ [Boolean] bubbles = false
debug ++ [Boolean] cancelable = false
debug ++ [String] type = timer
debug +++ [int] repeatCount = 0
debug +++ [int] currentCount = 76
debug +++ [Boolean] running = true
debug +++ [int] delay = 180000
debug +++ [int] repeatCount = 0
debug +++ [int] currentCount = 76
debug +++ [Boolean] running = true
debug +++ [int] delay = 180000
debug time 22:13:20.441 :: After HeartBeat Count=77 Result=5
debug time 22:16:20.277 :: Before HeartBeat Count=78 Time=Mon Oct 17 2011 22:16:20 GMT+0200 AccountId=28699575 Session=6e838620-a71b-48ce-82e9-a65813e69fbc
debug ++ [int] eventPhase = 2
debug ++ [Boolean] bubbles = false
debug ++ [Boolean] cancelable = false
debug ++ [String] type = timer
debug +++ [int] repeatCount = 0
debug +++ [int] currentCount = 77
debug +++ [Boolean] running = true
debug +++ [int] delay = 180000
debug +++ [int] repeatCount = 0
debug +++ [int] currentCount = 77
debug +++ [Boolean] running = true
debug +++ [int] delay = 180000
debug time 22:16:20.497 :: After HeartBeat Count=78 Result=5
debug time 22:19:20.293 :: Before HeartBeat Count=79 Time=Mon Oct 17 2011 22:19:20 GMT+0200 AccountId=28699575 Session=6e838620-a71b-48ce-82e9-a65813e69fbc
debug ++ [int] eventPhase = 2
debug ++ [Boolean] bubbles = false
debug ++ [Boolean] cancelable = false
debug ++ [String] type = timer
debug +++ [int] repeatCount = 0
debug +++ [int] currentCount = 78
debug +++ [Boolean] running = true
debug +++ [int] delay = 180000
debug +++ [int] repeatCount = 0
debug +++ [int] currentCount = 78
debug +++ [Boolean] running = true
debug +++ [int] delay = 180000
debug time 22:19:20.497 :: After HeartBeat Count=79 Result=5
debug time 22:22:20.294 :: Before HeartBeat Count=80 Time=Mon Oct 17 2011 22:22:20 GMT+0200 AccountId=28699575 Session=6e838620-a71b-48ce-82e9-a65813e69fbc
debug ++ [int] eventPhase = 2
debug ++ [Boolean] bubbles = false
debug ++ [Boolean] cancelable = false
debug ++ [String] type = timer
debug +++ [int] repeatCount = 0
debug +++ [int] currentCount = 79
debug +++ [Boolean] running = true
debug +++ [int] delay = 180000
debug +++ [int] repeatCount = 0
debug +++ [int] currentCount = 79
debug +++ [Boolean] running = true
debug +++ [int] delay = 180000
debug time 22:22:20.498 :: After HeartBeat Count=80 Result=5
debug time 22:25:20.386 :: Before HeartBeat Count=81 Time=Mon Oct 17 2011 22:25:20 GMT+0200 AccountId=28699575 Session=6e838620-a71b-48ce-82e9-a65813e69fbc
debug ++ [int] eventPhase = 2
debug ++ [Boolean] bubbles = false
debug ++ [Boolean] cancelable = false
debug ++ [String] type = timer
debug +++ [int] repeatCount = 0
debug +++ [int] currentCount = 80
debug +++ [Boolean] running = true
debug +++ [int] delay = 180000
debug +++ [int] repeatCount = 0
debug +++ [int] currentCount = 80
debug +++ [Boolean] running = true
debug +++ [int] delay = 180000
debug time 22:25:20.609 :: After HeartBeat Count=81 Result=5
debug time 22:28:21.360 :: Before HeartBeat Count=82 Time=Mon Oct 17 2011 22:28:21 GMT+0200 AccountId=28699575 Session=6e838620-a71b-48ce-82e9-a65813e69fbc
debug ++ [int] eventPhase = 2
debug ++ [Boolean] bubbles = false
debug ++ [Boolean] cancelable = false
debug ++ [String] type = timer
debug +++ [int] repeatCount = 0
debug +++ [int] currentCount = 81
debug +++ [Boolean] running = true
debug +++ [int] delay = 180000
debug +++ [int] repeatCount = 0
debug +++ [int] currentCount = 81
debug +++ [Boolean] running = true
debug +++ [int] delay = 180000
debug time 22:28:21.548 :: After HeartBeat Count=82 Result=5
debug time 22:31:21.364 :: Before HeartBeat Count=83 Time=Mon Oct 17 2011 22:31:21 GMT+0200 AccountId=28699575 Session=6e838620-a71b-48ce-82e9-a65813e69fbc
debug ++ [int] eventPhase = 2
debug ++ [Boolean] bubbles = false
debug ++ [Boolean] cancelable = false
debug ++ [String] type = timer
debug +++ [int] repeatCount = 0
debug +++ [int] currentCount = 82
debug +++ [Boolean] running = true
debug +++ [int] delay = 180000
debug +++ [int] repeatCount = 0
debug +++ [int] currentCount = 82
debug +++ [Boolean] running = true
debug +++ [int] delay = 180000
debug time 22:31:21.553 :: After HeartBeat Count=83 Result=5
debug time 22:34:22.361 :: Before HeartBeat Count=84 Time=Mon Oct 17 2011 22:34:22 GMT+0200 AccountId=28699575 Session=6e838620-a71b-48ce-82e9-a65813e69fbc
debug ++ [int] eventPhase = 2
debug ++ [Boolean] bubbles = false
debug ++ [Boolean] cancelable = false
debug ++ [String] type = timer
debug +++ [int] repeatCount = 0
debug +++ [int] currentCount = 83
debug +++ [Boolean] running = true
debug +++ [int] delay = 180000
debug +++ [int] repeatCount = 0
debug +++ [int] currentCount = 83
debug +++ [Boolean] running = true
debug +++ [int] delay = 180000
debug time 22:34:22.549 :: After HeartBeat Count=84 Result=5
debug time 22:37:22.360 :: Before HeartBeat Count=85 Time=Mon Oct 17 2011 22:37:22 GMT+0200 AccountId=28699575 Session=6e838620-a71b-48ce-82e9-a65813e69fbc
debug ++ [int] eventPhase = 2
debug ++ [Boolean] bubbles = false
debug ++ [Boolean] cancelable = false
debug ++ [String] type = timer
debug +++ [int] repeatCount = 0
debug +++ [int] currentCount = 84
debug +++ [Boolean] running = true
debug +++ [int] delay = 180000
debug +++ [int] repeatCount = 0
debug +++ [int] currentCount = 84
debug +++ [Boolean] running = true
debug +++ [int] delay = 180000
debug time 22:37:22.549 :: After HeartBeat Count=85 Result=5
debug time 22:40:22.361 :: Before HeartBeat Count=86 Time=Mon Oct 17 2011 22:40:22 GMT+0200 AccountId=28699575 Session=6e838620-a71b-48ce-82e9-a65813e69fbc
debug ++ [int] eventPhase = 2
debug ++ [Boolean] bubbles = false
debug ++ [Boolean] cancelable = false
debug ++ [String] type = timer
debug +++ [int] repeatCount = 0
debug +++ [int] currentCount = 85
debug +++ [Boolean] running = true
debug +++ [int] delay = 180000
debug +++ [int] repeatCount = 0
debug +++ [int] currentCount = 85
debug +++ [Boolean] running = true
debug +++ [int] delay = 180000
debug time 22:40:22.550 :: After HeartBeat Count=86 Result=5
debug time 22:43:22.361 :: Before HeartBeat Count=87 Time=Mon Oct 17 2011 22:43:22 GMT+0200 AccountId=28699575 Session=6e838620-a71b-48ce-82e9-a65813e69fbc
debug ++ [int] eventPhase = 2
debug ++ [Boolean] bubbles = false
debug ++ [Boolean] cancelable = false
debug ++ [String] type = timer
debug +++ [int] repeatCount = 0
debug +++ [int] currentCount = 86
debug +++ [Boolean] running = true
debug +++ [int] delay = 180000
debug +++ [int] repeatCount = 0
debug +++ [int] currentCount = 86
debug +++ [Boolean] running = true
debug +++ [int] delay = 180000
debug time 22:43:22.549 :: After HeartBeat Count=87 Result=5
debug time 22:46:22.365 :: Before HeartBeat Count=88 Time=Mon Oct 17 2011 22:46:22 GMT+0200 AccountId=28699575 Session=6e838620-a71b-48ce-82e9-a65813e69fbc
debug ++ [int] eventPhase = 2
debug ++ [Boolean] bubbles = false
debug ++ [Boolean] cancelable = false
debug ++ [String] type = timer
debug +++ [int] repeatCount = 0
debug +++ [int] currentCount = 87
debug +++ [Boolean] running = true
debug +++ [int] delay = 180000
debug +++ [int] repeatCount = 0
debug +++ [int] currentCount = 87
debug +++ [Boolean] running = true
debug +++ [int] delay = 180000
debug time 22:46:22.553 :: After HeartBeat Count=88 Result=5
debug time 22:46:23.167 :: Performing heartbeat at Mon Oct 17 2011 22:46:23 GMT+0200
debug time 22:49:22.385 :: Before HeartBeat Count=89 Time=Mon Oct 17 2011 22:49:22 GMT+0200 AccountId=28699575 Session=6e838620-a71b-48ce-82e9-a65813e69fbc
debug ++ [int] eventPhase = 2
debug ++ [Boolean] bubbles = false
debug ++ [Boolean] cancelable = false
debug ++ [String] type = timer
debug +++ [int] repeatCount = 0
debug +++ [int] currentCount = 88
debug +++ [Boolean] running = true
debug +++ [int] delay = 180000
debug +++ [int] repeatCount = 0
debug +++ [int] currentCount = 88
debug +++ [Boolean] running = true
debug +++ [int] delay = 180000
debug time 22:49:22.580 :: After HeartBeat Count=89 Result=5
debug time 22:52:22.492 :: Before HeartBeat Count=90 Time=Mon Oct 17 2011 22:52:22 GMT+0200 AccountId=28699575 Session=6e838620-a71b-48ce-82e9-a65813e69fbc
debug ++ [int] eventPhase = 2
debug ++ [Boolean] bubbles = false
debug ++ [Boolean] cancelable = false
debug ++ [String] type = timer
debug +++ [int] repeatCount = 0
debug +++ [int] currentCount = 89
debug +++ [Boolean] running = true
debug +++ [int] delay = 180000
debug +++ [int] repeatCount = 0
debug +++ [int] currentCount = 89
debug +++ [Boolean] running = true
debug +++ [int] delay = 180000
debug time 22:52:22.672 :: After HeartBeat Count=90 Result=5
debug time 22:55:22.497 :: Before HeartBeat Count=91 Time=Mon Oct 17 2011 22:55:22 GMT+0200 AccountId=28699575 Session=6e838620-a71b-48ce-82e9-a65813e69fbc
debug ++ [int] eventPhase = 2
debug ++ [Boolean] bubbles = false
debug ++ [Boolean] cancelable = false
debug ++ [String] type = timer
debug +++ [int] repeatCount = 0
debug +++ [int] currentCount = 90
debug +++ [Boolean] running = true
debug +++ [int] delay = 180000
debug +++ [int] repeatCount = 0
debug +++ [int] currentCount = 90
debug +++ [Boolean] running = true
debug +++ [int] delay = 180000
debug time 22:55:22.686 :: After HeartBeat Count=91 Result=5
debug time 22:58:23.493 :: Before HeartBeat Count=92 Time=Mon Oct 17 2011 22:58:23 GMT+0200 AccountId=28699575 Session=6e838620-a71b-48ce-82e9-a65813e69fbc
debug ++ [int] eventPhase = 2
debug ++ [Boolean] bubbles = false
debug ++ [Boolean] cancelable = false
debug ++ [String] type = timer
debug +++ [int] repeatCount = 0
debug +++ [int] currentCount = 91
debug +++ [Boolean] running = true
debug +++ [int] delay = 180000
debug +++ [int] repeatCount = 0
debug +++ [int] currentCount = 91
debug +++ [Boolean] running = true
debug +++ [int] delay = 180000
debug time 22:58:23.682 :: After HeartBeat Count=92 Result=5
debug time 23:01:23.494 :: Before HeartBeat Count=93 Time=Mon Oct 17 2011 23:01:23 GMT+0200 AccountId=28699575 Session=6e838620-a71b-48ce-82e9-a65813e69fbc
debug ++ [int] eventPhase = 2
debug ++ [Boolean] bubbles = false
debug ++ [Boolean] cancelable = false
debug ++ [String] type = timer
debug +++ [int] repeatCount = 0
debug +++ [int] currentCount = 92
debug +++ [Boolean] running = true
debug +++ [int] delay = 180000
debug +++ [int] repeatCount = 0
debug +++ [int] currentCount = 92
debug +++ [Boolean] running = true
debug +++ [int] delay = 180000
debug time 23:01:23.683 :: After HeartBeat Count=93 Result=5
debug time 23:04:24.491 :: Before HeartBeat Count=94 Time=Mon Oct 17 2011 23:04:24 GMT+0200 AccountId=28699575 Session=6e838620-a71b-48ce-82e9-a65813e69fbc
debug ++ [int] eventPhase = 2
debug ++ [Boolean] bubbles = false
debug ++ [Boolean] cancelable = false
debug ++ [String] type = timer
debug +++ [int] repeatCount = 0
debug +++ [int] currentCount = 93
debug +++ [Boolean] running = true
debug +++ [int] delay = 180000
debug +++ [int] repeatCount = 0
debug +++ [int] currentCount = 93
debug +++ [Boolean] running = true
debug +++ [int] delay = 180000
debug time 23:04:24.681 :: After HeartBeat Count=94 Result=5
debug time 23:07:24.491 :: Before HeartBeat Count=95 Time=Mon Oct 17 2011 23:07:24 GMT+0200 AccountId=28699575 Session=6e838620-a71b-48ce-82e9-a65813e69fbc
debug ++ [int] eventPhase = 2
debug ++ [Boolean] bubbles = false
debug ++ [Boolean] cancelable = false
debug ++ [String] type = timer
debug +++ [int] repeatCount = 0
debug +++ [int] currentCount = 94
debug +++ [Boolean] running = true
debug +++ [int] delay = 180000
debug +++ [int] repeatCount = 0
debug +++ [int] currentCount = 94
debug +++ [Boolean] running = true
debug +++ [int] delay = 180000
debug time 23:07:24.671 :: After HeartBeat Count=95 Result=5
debug time 23:10:24.523 :: Before HeartBeat Count=96 Time=Mon Oct 17 2011 23:10:24 GMT+0200 AccountId=28699575 Session=6e838620-a71b-48ce-82e9-a65813e69fbc
debug ++ [int] eventPhase = 2
debug ++ [Boolean] bubbles = false
debug ++ [Boolean] cancelable = false
debug ++ [String] type = timer
debug +++ [int] repeatCount = 0
debug +++ [int] currentCount = 95
debug +++ [Boolean] running = true
debug +++ [int] delay = 180000
debug +++ [int] repeatCount = 0
debug +++ [int] currentCount = 95
debug +++ [Boolean] running = true
debug +++ [int] delay = 180000
debug time 23:10:24.743 :: After HeartBeat Count=96 Result=5
debug time 23:13:25.493 :: Before HeartBeat Count=97 Time=Mon Oct 17 2011 23:13:25 GMT+0200 AccountId=28699575 Session=6e838620-a71b-48ce-82e9-a65813e69fbc
debug ++ [int] eventPhase = 2
debug ++ [Boolean] bubbles = false
debug ++ [Boolean] cancelable = false
debug ++ [String] type = timer
debug +++ [int] repeatCount = 0
debug +++ [int] currentCount = 96
debug +++ [Boolean] running = true
debug +++ [int] delay = 180000
debug +++ [int] repeatCount = 0
debug +++ [int] currentCount = 96
debug +++ [Boolean] running = true
debug +++ [int] delay = 180000
debug time 23:13:25.681 :: After HeartBeat Count=97 Result=5
debug time 23:16:25.493 :: Before HeartBeat Count=98 Time=Mon Oct 17 2011 23:16:25 GMT+0200 AccountId=28699575 Session=6e838620-a71b-48ce-82e9-a65813e69fbc
debug ++ [int] eventPhase = 2
debug ++ [Boolean] bubbles = false
debug ++ [Boolean] cancelable = false
debug ++ [String] type = timer
debug +++ [int] repeatCount = 0
debug +++ [int] currentCount = 97
debug +++ [Boolean] running = true
debug +++ [int] delay = 180000
debug +++ [int] repeatCount = 0
debug +++ [int] currentCount = 97
debug +++ [Boolean] running = true
debug +++ [int] delay = 180000
debug time 23:16:25.681 :: After HeartBeat Count=98 Result=5
debug time 23:18:02.730 :: Performing heartbeat at Mon Oct 17 2011 23:18:02 GMT+0200
debug time 23:19:25.501 :: Before HeartBeat Count=99 Time=Mon Oct 17 2011 23:19:25 GMT+0200 AccountId=28699575 Session=6e838620-a71b-48ce-82e9-a65813e69fbc
debug ++ [int] eventPhase = 2
debug ++ [Boolean] bubbles = false
debug ++ [Boolean] cancelable = false
debug ++ [String] type = timer
debug +++ [int] repeatCount = 0
debug +++ [int] currentCount = 98
debug +++ [Boolean] running = true
debug +++ [int] delay = 180000
debug +++ [int] repeatCount = 0
debug +++ [int] currentCount = 98
debug +++ [Boolean] running = true
debug +++ [int] delay = 180000
debug time 23:19:25.752 :: After HeartBeat Count=99 Result=5
debug time 23:22:25.528 :: Before HeartBeat Count=100 Time=Mon Oct 17 2011 23:22:25 GMT+0200 AccountId=28699575 Session=6e838620-a71b-48ce-82e9-a65813e69fbc
debug ++ [int] eventPhase = 2
debug ++ [Boolean] bubbles = false
debug ++ [Boolean] cancelable = false
debug ++ [String] type = timer
debug +++ [int] repeatCount = 0
debug +++ [int] currentCount = 99
debug +++ [Boolean] running = true
debug +++ [int] delay = 180000
debug +++ [int] repeatCount = 0
debug +++ [int] currentCount = 99
debug +++ [Boolean] running = true
debug +++ [int] delay = 180000
debug time 23:22:25.717 :: After HeartBeat Count=100 Result=5
debug time 23:25:26.525 :: Before HeartBeat Count=101 Time=Mon Oct 17 2011 23:25:26 GMT+0200 AccountId=28699575 Session=6e838620-a71b-48ce-82e9-a65813e69fbc
debug ++ [int] eventPhase = 2
debug ++ [Boolean] bubbles = false
debug ++ [Boolean] cancelable = false
debug ++ [String] type = timer
debug +++ [int] repeatCount = 0
debug +++ [int] currentCount = 100
debug +++ [Boolean] running = true
debug +++ [int] delay = 180000
debug +++ [int] repeatCount = 0
debug +++ [int] currentCount = 100
debug +++ [Boolean] running = true
debug +++ [int] delay = 180000
debug time 23:25:26.704 :: After HeartBeat Count=101 Result=5
debug time 23:28:26.525 :: Before HeartBeat Count=102 Time=Mon Oct 17 2011 23:28:26 GMT+0200 AccountId=28699575 Session=6e838620-a71b-48ce-82e9-a65813e69fbc
debug ++ [int] eventPhase = 2
debug ++ [Boolean] bubbles = false
debug ++ [Boolean] cancelable = false
debug ++ [String] type = timer
debug +++ [int] repeatCount = 0
debug +++ [int] currentCount = 101
debug +++ [Boolean] running = true
debug +++ [int] delay = 180000
debug +++ [int] repeatCount = 0
debug +++ [int] currentCount = 101
debug +++ [Boolean] running = true
debug +++ [int] delay = 180000
debug time 23:28:26.784 :: After HeartBeat Count=102 Result=5
debug time 23:31:27.525 :: Before HeartBeat Count=103 Time=Mon Oct 17 2011 23:31:27 GMT+0200 AccountId=28699575 Session=6e838620-a71b-48ce-82e9-a65813e69fbc
debug ++ [int] eventPhase = 2
debug ++ [Boolean] bubbles = false
debug ++ [Boolean] cancelable = false
debug ++ [String] type = timer
debug +++ [int] repeatCount = 0
debug +++ [int] currentCount = 102
debug +++ [Boolean] running = true
debug +++ [int] delay = 180000
debug +++ [int] repeatCount = 0
debug +++ [int] currentCount = 102
debug +++ [Boolean] running = true
debug +++ [int] delay = 180000
debug time 23:31:27.705 :: After HeartBeat Count=103 Result=5
debug time 23:34:27.525 :: Before HeartBeat Count=104 Time=Mon Oct 17 2011 23:34:27 GMT+0200 AccountId=28699575 Session=6e838620-a71b-48ce-82e9-a65813e69fbc
debug ++ [int] eventPhase = 2
debug ++ [Boolean] bubbles = false
debug ++ [Boolean] cancelable = false
debug ++ [String] type = timer
debug +++ [int] repeatCount = 0
debug +++ [int] currentCount = 103
debug +++ [Boolean] running = true
debug +++ [int] delay = 180000
debug +++ [int] repeatCount = 0
debug +++ [int] currentCount = 103
debug +++ [Boolean] running = true
debug +++ [int] delay = 180000
debug time 23:34:27.710 :: After HeartBeat Count=104 Result=5
debug time 23:37:27.525 :: Before HeartBeat Count=105 Time=Mon Oct 17 2011 23:37:27 GMT+0200 AccountId=28699575 Session=6e838620-a71b-48ce-82e9-a65813e69fbc
debug ++ [int] eventPhase = 2
debug ++ [Boolean] bubbles = false
debug ++ [Boolean] cancelable = false
debug ++ [String] type = timer
debug +++ [int] repeatCount = 0
debug +++ [int] currentCount = 104
debug +++ [Boolean] running = true
debug +++ [int] delay = 180000
debug +++ [int] repeatCount = 0
debug +++ [int] currentCount = 104
debug +++ [Boolean] running = true
debug +++ [int] delay = 180000
debug time 23:37:27.704 :: After HeartBeat Count=105 Result=5
debug time 23:40:27.560 :: Before HeartBeat Count=106 Time=Mon Oct 17 2011 23:40:27 GMT+0200 AccountId=28699575 Session=6e838620-a71b-48ce-82e9-a65813e69fbc
debug ++ [int] eventPhase = 2
debug ++ [Boolean] bubbles = false
debug ++ [Boolean] cancelable = false
debug ++ [String] type = timer
debug +++ [int] repeatCount = 0
debug +++ [int] currentCount = 105
debug +++ [Boolean] running = true
debug +++ [int] delay = 180000
debug +++ [int] repeatCount = 0
debug +++ [int] currentCount = 105
debug +++ [Boolean] running = true
debug +++ [int] delay = 180000
debug time 23:40:27.769 :: After HeartBeat Count=106 Result=5
debug time 23:43:28.525 :: Before HeartBeat Count=107 Time=Mon Oct 17 2011 23:43:28 GMT+0200 AccountId=28699575 Session=6e838620-a71b-48ce-82e9-a65813e69fbc
debug ++ [int] eventPhase = 2
debug ++ [Boolean] bubbles = false
debug ++ [Boolean] cancelable = false
debug ++ [String] type = timer
debug +++ [int] repeatCount = 0
debug +++ [int] currentCount = 106
debug +++ [Boolean] running = true
debug +++ [int] delay = 180000
debug +++ [int] repeatCount = 0
debug +++ [int] currentCount = 106
debug +++ [Boolean] running = true
debug +++ [int] delay = 180000
debug time 23:43:28.713 :: After HeartBeat Count=107 Result=5
debug time 23:46:28.525 :: Before HeartBeat Count=108 Time=Mon Oct 17 2011 23:46:28 GMT+0200 AccountId=28699575 Session=6e838620-a71b-48ce-82e9-a65813e69fbc
debug ++ [int] eventPhase = 2
debug ++ [Boolean] bubbles = false
debug ++ [Boolean] cancelable = false
debug ++ [String] type = timer
debug +++ [int] repeatCount = 0
debug +++ [int] currentCount = 107
debug +++ [Boolean] running = true
debug +++ [int] delay = 180000
debug +++ [int] repeatCount = 0
debug +++ [int] currentCount = 107
debug +++ [Boolean] running = true
debug +++ [int] delay = 180000
debug time 23:46:28.704 :: After HeartBeat Count=108 Result=5
debug time 23:49:28.526 :: Before HeartBeat Count=109 Time=Mon Oct 17 2011 23:49:28 GMT+0200 AccountId=28699575 Session=6e838620-a71b-48ce-82e9-a65813e69fbc
debug ++ [int] eventPhase = 2
debug ++ [Boolean] bubbles = false
debug ++ [Boolean] cancelable = false
debug ++ [String] type = timer
debug +++ [int] repeatCount = 0
debug +++ [int] currentCount = 108
debug +++ [Boolean] running = true
debug +++ [int] delay = 180000
debug +++ [int] repeatCount = 0
debug +++ [int] currentCount = 108
debug +++ [Boolean] running = true
debug +++ [int] delay = 180000
debug time 23:49:28.705 :: After HeartBeat Count=109 Result=5
debug time 23:52:29.525 :: Before HeartBeat Count=110 Time=Mon Oct 17 2011 23:52:29 GMT+0200 AccountId=28699575 Session=6e838620-a71b-48ce-82e9-a65813e69fbc
debug ++ [int] eventPhase = 2
debug ++ [Boolean] bubbles = false
debug ++ [Boolean] cancelable = false
debug ++ [String] type = timer
debug +++ [int] repeatCount = 0
debug +++ [int] currentCount = 109
debug +++ [Boolean] running = true
debug +++ [int] delay = 180000
debug +++ [int] repeatCount = 0
debug +++ [int] currentCount = 109
debug +++ [Boolean] running = true
debug +++ [int] delay = 180000
debug time 23:52:29.704 :: After HeartBeat Count=110 Result=5
debug time 23:55:30.525 :: Before HeartBeat Count=111 Time=Mon Oct 17 2011 23:55:30 GMT+0200 AccountId=28699575 Session=6e838620-a71b-48ce-82e9-a65813e69fbc
debug ++ [int] eventPhase = 2
debug ++ [Boolean] bubbles = false
debug ++ [Boolean] cancelable = false
debug ++ [String] type = timer
debug +++ [int] repeatCount = 0
debug +++ [int] currentCount = 110
debug +++ [Boolean] running = true
debug +++ [int] delay = 180000
debug +++ [int] repeatCount = 0
debug +++ [int] currentCount = 110
debug +++ [Boolean] running = true
debug +++ [int] delay = 180000
debug time 23:55:30.704 :: After HeartBeat Count=111 Result=5
debug time 23:58:30.526 :: Before HeartBeat Count=112 Time=Mon Oct 17 2011 23:58:30 GMT+0200 AccountId=28699575 Session=6e838620-a71b-48ce-82e9-a65813e69fbc
debug ++ [int] eventPhase = 2
debug ++ [Boolean] bubbles = false
debug ++ [Boolean] cancelable = false
debug ++ [String] type = timer
debug +++ [int] repeatCount = 0
debug +++ [int] currentCount = 111
debug +++ [Boolean] running = true
debug +++ [int] delay = 180000
debug +++ [int] repeatCount = 0
debug +++ [int] currentCount = 111
debug +++ [Boolean] running = true
debug +++ [int] delay = 180000
debug time 23:58:30.705 :: After HeartBeat Count=112 Result=5
debug time 00:01:30.561 :: Before HeartBeat Count=113 Time=Tue Oct 18 2011 00:01:30 GMT+0200 AccountId=28699575 Session=6e838620-a71b-48ce-82e9-a65813e69fbc
debug ++ [int] eventPhase = 2
debug ++ [Boolean] bubbles = false
debug ++ [Boolean] cancelable = false
debug ++ [String] type = timer
debug +++ [int] repeatCount = 0
debug +++ [int] currentCount = 112
debug +++ [Boolean] running = true
debug +++ [int] delay = 180000
debug +++ [int] repeatCount = 0
debug +++ [int] currentCount = 112
debug +++ [Boolean] running = true
debug +++ [int] delay = 180000
debug time 00:01:30.774 :: After HeartBeat Count=113 Result=5
debug time 00:02:45.341 :: Performing heartbeat at Tue Oct 18 2011 00:02:45 GMT+0200
debug time 00:04:30.575 :: Before HeartBeat Count=114 Time=Tue Oct 18 2011 00:04:30 GMT+0200 AccountId=28699575 Session=6e838620-a71b-48ce-82e9-a65813e69fbc
debug ++ [int] eventPhase = 2
debug ++ [Boolean] bubbles = false
debug ++ [Boolean] cancelable = false
debug ++ [String] type = timer
debug +++ [int] repeatCount = 0
debug +++ [int] currentCount = 113
debug +++ [Boolean] running = true
debug +++ [int] delay = 180000
debug +++ [int] repeatCount = 0
debug +++ [int] currentCount = 113
debug +++ [Boolean] running = true
debug +++ [int] delay = 180000
debug time 00:04:30.783 :: After HeartBeat Count=114 Result=5
