debug time 18:24:23.459 :: Before HeartBeat Count=1 Time=Thu Oct 27 2011 18:24:23 GMT+0200 AccountId=28699575 Session=f662601d-55c6-4037-8056-500740ec3014
STOP LOGGING: More than 0 nested objects or properties. 
debug time 18:24:24.638 :: After HeartBeat Count=1 Result=5
debug time 18:27:23.964 :: Before HeartBeat Count=2 Time=Thu Oct 27 2011 18:27:23 GMT+0200 AccountId=28699575 Session=f662601d-55c6-4037-8056-500740ec3014
debug ++ [int] eventPhase = 2
debug ++ [Boolean] bubbles = false
debug ++ [Boolean] cancelable = false
debug ++ [String] type = timer
debug +++ [int] repeatCount = 0
debug +++ [int] currentCount = 1
debug +++ [Boolean] running = true
debug +++ [int] delay = 180000
debug +++ [int] repeatCount = 0
debug +++ [int] currentCount = 1
debug +++ [Boolean] running = true
debug +++ [int] delay = 180000
debug time 18:27:24.959 :: After HeartBeat Count=2 Result=5
debug time 18:30:24.962 :: Before HeartBeat Count=3 Time=Thu Oct 27 2011 18:30:24 GMT+0200 AccountId=28699575 Session=f662601d-55c6-4037-8056-500740ec3014
debug ++ [int] eventPhase = 2
debug ++ [Boolean] bubbles = false
debug ++ [Boolean] cancelable = false
debug ++ [String] type = timer
debug +++ [int] repeatCount = 0
debug +++ [int] currentCount = 2
debug +++ [Boolean] running = true
debug +++ [int] delay = 180000
debug +++ [int] repeatCount = 0
debug +++ [int] currentCount = 2
debug +++ [Boolean] running = true
debug +++ [int] delay = 180000
debug time 18:30:25.959 :: After HeartBeat Count=3 Result=5
debug time 18:33:24.962 :: Before HeartBeat Count=4 Time=Thu Oct 27 2011 18:33:24 GMT+0200 AccountId=28699575 Session=f662601d-55c6-4037-8056-500740ec3014
debug ++ [int] eventPhase = 2
debug ++ [Boolean] bubbles = false
debug ++ [Boolean] cancelable = false
debug ++ [String] type = timer
debug +++ [int] repeatCount = 0
debug +++ [int] currentCount = 3
debug +++ [Boolean] running = true
debug +++ [int] delay = 180000
debug +++ [int] repeatCount = 0
debug +++ [int] currentCount = 3
debug +++ [Boolean] running = true
debug +++ [int] delay = 180000
debug time 18:33:25.959 :: After HeartBeat Count=4 Result=5
debug time 18:36:24.963 :: Before HeartBeat Count=5 Time=Thu Oct 27 2011 18:36:24 GMT+0200 AccountId=28699575 Session=f662601d-55c6-4037-8056-500740ec3014
debug ++ [int] eventPhase = 2
debug ++ [Boolean] bubbles = false
debug ++ [Boolean] cancelable = false
debug ++ [String] type = timer
debug +++ [int] repeatCount = 0
debug +++ [int] currentCount = 4
debug +++ [Boolean] running = true
debug +++ [int] delay = 180000
debug +++ [int] repeatCount = 0
debug +++ [int] currentCount = 4
debug +++ [Boolean] running = true
debug +++ [int] delay = 180000
debug time 18:36:25.960 :: After HeartBeat Count=5 Result=5
debug time 18:39:25.962 :: Before HeartBeat Count=6 Time=Thu Oct 27 2011 18:39:25 GMT+0200 AccountId=28699575 Session=f662601d-55c6-4037-8056-500740ec3014
debug ++ [int] eventPhase = 2
debug ++ [Boolean] bubbles = false
debug ++ [Boolean] cancelable = false
debug ++ [String] type = timer
debug +++ [int] repeatCount = 0
debug +++ [int] currentCount = 5
debug +++ [Boolean] running = true
debug +++ [int] delay = 180000
debug +++ [int] repeatCount = 0
debug +++ [int] currentCount = 5
debug +++ [Boolean] running = true
debug +++ [int] delay = 180000
debug time 18:39:26.959 :: After HeartBeat Count=6 Result=5
debug time 18:42:25.962 :: Before HeartBeat Count=7 Time=Thu Oct 27 2011 18:42:25 GMT+0200 AccountId=28699575 Session=f662601d-55c6-4037-8056-500740ec3014
debug ++ [int] eventPhase = 2
debug ++ [Boolean] bubbles = false
debug ++ [Boolean] cancelable = false
debug ++ [String] type = timer
debug +++ [int] repeatCount = 0
debug +++ [int] currentCount = 6
debug +++ [Boolean] running = true
debug +++ [int] delay = 180000
debug +++ [int] repeatCount = 0
debug +++ [int] currentCount = 6
debug +++ [Boolean] running = true
debug +++ [int] delay = 180000
debug time 18:42:26.959 :: After HeartBeat Count=7 Result=5
debug time 18:45:25.963 :: Before HeartBeat Count=8 Time=Thu Oct 27 2011 18:45:25 GMT+0200 AccountId=28699575 Session=f662601d-55c6-4037-8056-500740ec3014
debug ++ [int] eventPhase = 2
debug ++ [Boolean] bubbles = false
debug ++ [Boolean] cancelable = false
debug ++ [String] type = timer
debug +++ [int] repeatCount = 0
debug +++ [int] currentCount = 7
debug +++ [Boolean] running = true
debug +++ [int] delay = 180000
debug +++ [int] repeatCount = 0
debug +++ [int] currentCount = 7
debug +++ [Boolean] running = true
debug +++ [int] delay = 180000
debug time 18:45:26.959 :: After HeartBeat Count=8 Result=5
debug time 18:48:26.963 :: Before HeartBeat Count=9 Time=Thu Oct 27 2011 18:48:26 GMT+0200 AccountId=28699575 Session=f662601d-55c6-4037-8056-500740ec3014
debug ++ [int] eventPhase = 2
debug ++ [Boolean] bubbles = false
debug ++ [Boolean] cancelable = false
debug ++ [String] type = timer
debug +++ [int] repeatCount = 0
debug +++ [int] currentCount = 8
debug +++ [Boolean] running = true
debug +++ [int] delay = 180000
debug +++ [int] repeatCount = 0
debug +++ [int] currentCount = 8
debug +++ [Boolean] running = true
debug +++ [int] delay = 180000
debug time 18:48:27.959 :: After HeartBeat Count=9 Result=5
debug time 18:51:26.963 :: Before HeartBeat Count=10 Time=Thu Oct 27 2011 18:51:26 GMT+0200 AccountId=28699575 Session=f662601d-55c6-4037-8056-500740ec3014
debug ++ [int] eventPhase = 2
debug ++ [Boolean] bubbles = false
debug ++ [Boolean] cancelable = false
debug ++ [String] type = timer
debug +++ [int] repeatCount = 0
debug +++ [int] currentCount = 9
debug +++ [Boolean] running = true
debug +++ [int] delay = 180000
debug +++ [int] repeatCount = 0
debug +++ [int] currentCount = 9
debug +++ [Boolean] running = true
debug +++ [int] delay = 180000
debug time 18:51:27.959 :: After HeartBeat Count=10 Result=5
debug time 18:52:43.986 :: Performing heartbeat at Thu Oct 27 2011 18:52:43 GMT+0200
