debug time 17:49:18.716 :: Before HeartBeat Count=1 Time=Mon Feb 13 2012 17:49:18 GMT+0100 AccountId=29131007 Session=e4eb1255-74d0-439b-87bc-8b801849ff90
STOP LOGGING: More than 0 nested objects or properties. 
debug time 17:49:20.983 :: After HeartBeat Count=1 Result=5
debug time 17:51:18.755 :: Before HeartBeat Count=2 Time=Mon Feb 13 2012 17:51:18 GMT+0100 AccountId=29131007 Session=e4eb1255-74d0-439b-87bc-8b801849ff90
debug ++ [int] eventPhase = 2
debug ++ [Boolean] bubbles = false
debug ++ [Boolean] cancelable = false
debug ++ [String] type = timer
debug +++ [int] repeatCount = 0
debug +++ [int] currentCount = 1
debug +++ [Boolean] running = true
debug +++ [int] delay = 120000
debug +++ [int] repeatCount = 0
debug +++ [int] currentCount = 1
debug +++ [Boolean] running = true
debug +++ [int] delay = 120000
debug time 17:51:18.956 :: After HeartBeat Count=2 Result=5
debug time 17:53:19.03 :: Before HeartBeat Count=3 Time=Mon Feb 13 2012 17:53:19 GMT+0100 AccountId=29131007 Session=e4eb1255-74d0-439b-87bc-8b801849ff90
debug ++ [int] eventPhase = 2
debug ++ [Boolean] bubbles = false
debug ++ [Boolean] cancelable = false
debug ++ [String] type = timer
debug +++ [int] repeatCount = 0
debug +++ [int] currentCount = 2
debug +++ [Boolean] running = true
debug +++ [int] delay = 120000
debug +++ [int] repeatCount = 0
debug +++ [int] currentCount = 2
debug +++ [Boolean] running = true
debug +++ [int] delay = 120000
debug time 17:53:19.993 :: After HeartBeat Count=3 Result=5
debug time 17:55:19.997 :: Before HeartBeat Count=4 Time=Mon Feb 13 2012 17:55:19 GMT+0100 AccountId=29131007 Session=e4eb1255-74d0-439b-87bc-8b801849ff90
debug ++ [int] eventPhase = 2
debug ++ [Boolean] bubbles = false
debug ++ [Boolean] cancelable = false
debug ++ [String] type = timer
debug +++ [int] repeatCount = 0
debug +++ [int] currentCount = 3
debug +++ [Boolean] running = true
debug +++ [int] delay = 120000
debug +++ [int] repeatCount = 0
debug +++ [int] currentCount = 3
debug +++ [Boolean] running = true
debug +++ [int] delay = 120000
debug time 17:55:20.993 :: After HeartBeat Count=4 Result=5
debug time 17:57:20.998 :: Before HeartBeat Count=5 Time=Mon Feb 13 2012 17:57:20 GMT+0100 AccountId=29131007 Session=e4eb1255-74d0-439b-87bc-8b801849ff90
debug ++ [int] eventPhase = 2
debug ++ [Boolean] bubbles = false
debug ++ [Boolean] cancelable = false
debug ++ [String] type = timer
debug +++ [int] repeatCount = 0
debug +++ [int] currentCount = 4
debug +++ [Boolean] running = true
debug +++ [int] delay = 120000
debug +++ [int] repeatCount = 0
debug +++ [int] currentCount = 4
debug +++ [Boolean] running = true
debug +++ [int] delay = 120000
debug time 17:57:21.993 :: After HeartBeat Count=5 Result=5
debug time 17:59:21.997 :: Before HeartBeat Count=6 Time=Mon Feb 13 2012 17:59:21 GMT+0100 AccountId=29131007 Session=e4eb1255-74d0-439b-87bc-8b801849ff90
debug ++ [int] eventPhase = 2
debug ++ [Boolean] bubbles = false
debug ++ [Boolean] cancelable = false
debug ++ [String] type = timer
debug +++ [int] repeatCount = 0
debug +++ [int] currentCount = 5
debug +++ [Boolean] running = true
debug +++ [int] delay = 120000
debug +++ [int] repeatCount = 0
debug +++ [int] currentCount = 5
debug +++ [Boolean] running = true
debug +++ [int] delay = 120000
debug time 17:59:22.993 :: After HeartBeat Count=6 Result=5
debug time 18:01:21.997 :: Before HeartBeat Count=7 Time=Mon Feb 13 2012 18:01:21 GMT+0100 AccountId=29131007 Session=e4eb1255-74d0-439b-87bc-8b801849ff90
debug ++ [int] eventPhase = 2
debug ++ [Boolean] bubbles = false
debug ++ [Boolean] cancelable = false
debug ++ [String] type = timer
debug +++ [int] repeatCount = 0
debug +++ [int] currentCount = 6
debug +++ [Boolean] running = true
debug +++ [int] delay = 120000
debug +++ [int] repeatCount = 0
debug +++ [int] currentCount = 6
debug +++ [Boolean] running = true
debug +++ [int] delay = 120000
debug time 18:01:22.993 :: After HeartBeat Count=7 Result=5
debug time 18:03:21.997 :: Before HeartBeat Count=8 Time=Mon Feb 13 2012 18:03:21 GMT+0100 AccountId=29131007 Session=e4eb1255-74d0-439b-87bc-8b801849ff90
debug ++ [int] eventPhase = 2
debug ++ [Boolean] bubbles = false
debug ++ [Boolean] cancelable = false
debug ++ [String] type = timer
debug +++ [int] repeatCount = 0
debug +++ [int] currentCount = 7
debug +++ [Boolean] running = true
debug +++ [int] delay = 120000
debug +++ [int] repeatCount = 0
debug +++ [int] currentCount = 7
debug +++ [Boolean] running = true
debug +++ [int] delay = 120000
debug time 18:03:22.993 :: After HeartBeat Count=8 Result=5
debug time 18:05:22.997 :: Before HeartBeat Count=9 Time=Mon Feb 13 2012 18:05:22 GMT+0100 AccountId=29131007 Session=e4eb1255-74d0-439b-87bc-8b801849ff90
debug ++ [int] eventPhase = 2
debug ++ [Boolean] bubbles = false
debug ++ [Boolean] cancelable = false
debug ++ [String] type = timer
debug +++ [int] repeatCount = 0
debug +++ [int] currentCount = 8
debug +++ [Boolean] running = true
debug +++ [int] delay = 120000
debug +++ [int] repeatCount = 0
debug +++ [int] currentCount = 8
debug +++ [Boolean] running = true
debug +++ [int] delay = 120000
debug time 18:05:23.993 :: After HeartBeat Count=9 Result=5
debug time 18:07:22.998 :: Before HeartBeat Count=10 Time=Mon Feb 13 2012 18:07:22 GMT+0100 AccountId=29131007 Session=e4eb1255-74d0-439b-87bc-8b801849ff90
debug ++ [int] eventPhase = 2
debug ++ [Boolean] bubbles = false
debug ++ [Boolean] cancelable = false
debug ++ [String] type = timer
debug +++ [int] repeatCount = 0
debug +++ [int] currentCount = 9
debug +++ [Boolean] running = true
debug +++ [int] delay = 120000
debug +++ [int] repeatCount = 0
debug +++ [int] currentCount = 9
debug +++ [Boolean] running = true
debug +++ [int] delay = 120000
debug time 18:07:23.993 :: After HeartBeat Count=10 Result=5
debug time 18:09:22.998 :: Before HeartBeat Count=11 Time=Mon Feb 13 2012 18:09:22 GMT+0100 AccountId=29131007 Session=e4eb1255-74d0-439b-87bc-8b801849ff90
debug ++ [int] eventPhase = 2
debug ++ [Boolean] bubbles = false
debug ++ [Boolean] cancelable = false
debug ++ [String] type = timer
debug +++ [int] repeatCount = 0
debug +++ [int] currentCount = 10
debug +++ [Boolean] running = true
debug +++ [int] delay = 120000
debug +++ [int] repeatCount = 0
debug +++ [int] currentCount = 10
debug +++ [Boolean] running = true
debug +++ [int] delay = 120000
debug time 18:09:23.993 :: After HeartBeat Count=11 Result=5
debug time 18:11:23.997 :: Before HeartBeat Count=12 Time=Mon Feb 13 2012 18:11:23 GMT+0100 AccountId=29131007 Session=e4eb1255-74d0-439b-87bc-8b801849ff90
debug ++ [int] eventPhase = 2
debug ++ [Boolean] bubbles = false
debug ++ [Boolean] cancelable = false
debug ++ [String] type = timer
debug +++ [int] repeatCount = 0
debug +++ [int] currentCount = 11
debug +++ [Boolean] running = true
debug +++ [int] delay = 120000
debug +++ [int] repeatCount = 0
debug +++ [int] currentCount = 11
debug +++ [Boolean] running = true
debug +++ [int] delay = 120000
debug time 18:11:24.993 :: After HeartBeat Count=12 Result=5
debug time 18:13:24.997 :: Before HeartBeat Count=13 Time=Mon Feb 13 2012 18:13:24 GMT+0100 AccountId=29131007 Session=e4eb1255-74d0-439b-87bc-8b801849ff90
debug ++ [int] eventPhase = 2
debug ++ [Boolean] bubbles = false
debug ++ [Boolean] cancelable = false
debug ++ [String] type = timer
debug +++ [int] repeatCount = 0
debug +++ [int] currentCount = 12
debug +++ [Boolean] running = true
debug +++ [int] delay = 120000
debug +++ [int] repeatCount = 0
debug +++ [int] currentCount = 12
debug +++ [Boolean] running = true
debug +++ [int] delay = 120000
debug time 18:13:25.993 :: After HeartBeat Count=13 Result=5
debug time 18:15:24.997 :: Before HeartBeat Count=14 Time=Mon Feb 13 2012 18:15:24 GMT+0100 AccountId=29131007 Session=e4eb1255-74d0-439b-87bc-8b801849ff90
debug ++ [int] eventPhase = 2
debug ++ [Boolean] bubbles = false
debug ++ [Boolean] cancelable = false
debug ++ [String] type = timer
debug +++ [int] repeatCount = 0
debug +++ [int] currentCount = 13
debug +++ [Boolean] running = true
debug +++ [int] delay = 120000
debug +++ [int] repeatCount = 0
debug +++ [int] currentCount = 13
debug +++ [Boolean] running = true
debug +++ [int] delay = 120000
debug time 18:15:26.01 :: After HeartBeat Count=14 Result=5
debug time 18:17:24.998 :: Before HeartBeat Count=15 Time=Mon Feb 13 2012 18:17:24 GMT+0100 AccountId=29131007 Session=e4eb1255-74d0-439b-87bc-8b801849ff90
debug ++ [int] eventPhase = 2
debug ++ [Boolean] bubbles = false
debug ++ [Boolean] cancelable = false
debug ++ [String] type = timer
debug +++ [int] repeatCount = 0
debug +++ [int] currentCount = 14
debug +++ [Boolean] running = true
debug +++ [int] delay = 120000
debug +++ [int] repeatCount = 0
debug +++ [int] currentCount = 14
debug +++ [Boolean] running = true
debug +++ [int] delay = 120000
debug time 18:17:25.993 :: After HeartBeat Count=15 Result=5
debug time 18:19:24.999 :: Before HeartBeat Count=16 Time=Mon Feb 13 2012 18:19:24 GMT+0100 AccountId=29131007 Session=e4eb1255-74d0-439b-87bc-8b801849ff90
debug ++ [int] eventPhase = 2
debug ++ [Boolean] bubbles = false
debug ++ [Boolean] cancelable = false
debug ++ [String] type = timer
debug +++ [int] repeatCount = 0
debug +++ [int] currentCount = 15
debug +++ [Boolean] running = true
debug +++ [int] delay = 120000
debug +++ [int] repeatCount = 0
debug +++ [int] currentCount = 15
debug +++ [Boolean] running = true
debug +++ [int] delay = 120000
debug time 18:19:25.993 :: After HeartBeat Count=16 Result=5
debug time 18:21:25.11 :: Before HeartBeat Count=17 Time=Mon Feb 13 2012 18:21:25 GMT+0100 AccountId=29131007 Session=e4eb1255-74d0-439b-87bc-8b801849ff90
debug ++ [int] eventPhase = 2
debug ++ [Boolean] bubbles = false
debug ++ [Boolean] cancelable = false
debug ++ [String] type = timer
debug +++ [int] repeatCount = 0
debug +++ [int] currentCount = 16
debug +++ [Boolean] running = true
debug +++ [int] delay = 120000
debug +++ [int] repeatCount = 0
debug +++ [int] currentCount = 16
debug +++ [Boolean] running = true
debug +++ [int] delay = 120000
debug time 18:21:25.998 :: After HeartBeat Count=17 Result=5
debug time 18:23:20.50 :: Performing heartbeat at Mon Feb 13 2012 18:23:20 GMT+0100
debug time 18:23:25.21 :: Before HeartBeat Count=18 Time=Mon Feb 13 2012 18:23:25 GMT+0100 AccountId=29131007 Session=e4eb1255-74d0-439b-87bc-8b801849ff90
debug ++ [int] eventPhase = 2
debug ++ [Boolean] bubbles = false
debug ++ [Boolean] cancelable = false
debug ++ [String] type = timer
debug +++ [int] repeatCount = 0
debug +++ [int] currentCount = 17
debug +++ [Boolean] running = true
debug +++ [int] delay = 120000
debug +++ [int] repeatCount = 0
debug +++ [int] currentCount = 17
debug +++ [Boolean] running = true
debug +++ [int] delay = 120000
debug time 18:23:25.221 :: After HeartBeat Count=18 Result=5
debug time 18:25:25.56 :: Before HeartBeat Count=19 Time=Mon Feb 13 2012 18:25:25 GMT+0100 AccountId=29131007 Session=e4eb1255-74d0-439b-87bc-8b801849ff90
debug ++ [int] eventPhase = 2
debug ++ [Boolean] bubbles = false
debug ++ [Boolean] cancelable = false
debug ++ [String] type = timer
debug +++ [int] repeatCount = 0
debug +++ [int] currentCount = 18
debug +++ [Boolean] running = true
debug +++ [int] delay = 120000
debug +++ [int] repeatCount = 0
debug +++ [int] currentCount = 18
debug +++ [Boolean] running = true
debug +++ [int] delay = 120000
debug time 18:25:25.320 :: After HeartBeat Count=19 Result=5
debug time 18:27:25.72 :: Before HeartBeat Count=20 Time=Mon Feb 13 2012 18:27:25 GMT+0100 AccountId=29131007 Session=e4eb1255-74d0-439b-87bc-8b801849ff90
debug ++ [int] eventPhase = 2
debug ++ [Boolean] bubbles = false
debug ++ [Boolean] cancelable = false
debug ++ [String] type = timer
debug +++ [int] repeatCount = 0
debug +++ [int] currentCount = 19
debug +++ [Boolean] running = true
debug +++ [int] delay = 120000
debug +++ [int] repeatCount = 0
debug +++ [int] currentCount = 19
debug +++ [Boolean] running = true
debug +++ [int] delay = 120000
debug time 18:27:25.297 :: After HeartBeat Count=20 Result=5
debug time 18:29:25.714 :: Before HeartBeat Count=21 Time=Mon Feb 13 2012 18:29:25 GMT+0100 AccountId=29131007 Session=e4eb1255-74d0-439b-87bc-8b801849ff90
debug ++ [int] eventPhase = 2
debug ++ [Boolean] bubbles = false
debug ++ [Boolean] cancelable = false
debug ++ [String] type = timer
debug +++ [int] repeatCount = 0
debug +++ [int] currentCount = 20
debug +++ [Boolean] running = true
debug +++ [int] delay = 120000
debug +++ [int] repeatCount = 0
debug +++ [int] currentCount = 20
debug +++ [Boolean] running = true
debug +++ [int] delay = 120000
debug time 18:29:26.709 :: After HeartBeat Count=21 Result=5
debug time 18:31:25.715 :: Before HeartBeat Count=22 Time=Mon Feb 13 2012 18:31:25 GMT+0100 AccountId=29131007 Session=e4eb1255-74d0-439b-87bc-8b801849ff90
debug ++ [int] eventPhase = 2
debug ++ [Boolean] bubbles = false
debug ++ [Boolean] cancelable = false
debug ++ [String] type = timer
debug +++ [int] repeatCount = 0
debug +++ [int] currentCount = 21
debug +++ [Boolean] running = true
debug +++ [int] delay = 120000
debug +++ [int] repeatCount = 0
debug +++ [int] currentCount = 21
debug +++ [Boolean] running = true
debug +++ [int] delay = 120000
debug time 18:31:26.709 :: After HeartBeat Count=22 Result=5
debug time 18:33:26.716 :: Before HeartBeat Count=23 Time=Mon Feb 13 2012 18:33:26 GMT+0100 AccountId=29131007 Session=e4eb1255-74d0-439b-87bc-8b801849ff90
debug ++ [int] eventPhase = 2
debug ++ [Boolean] bubbles = false
debug ++ [Boolean] cancelable = false
debug ++ [String] type = timer
debug +++ [int] repeatCount = 0
debug +++ [int] currentCount = 22
debug +++ [Boolean] running = true
debug +++ [int] delay = 120000
debug +++ [int] repeatCount = 0
debug +++ [int] currentCount = 22
debug +++ [Boolean] running = true
debug +++ [int] delay = 120000
debug time 18:33:27.709 :: After HeartBeat Count=23 Result=5
debug time 18:35:27.715 :: Before HeartBeat Count=24 Time=Mon Feb 13 2012 18:35:27 GMT+0100 AccountId=29131007 Session=e4eb1255-74d0-439b-87bc-8b801849ff90
debug ++ [int] eventPhase = 2
debug ++ [Boolean] bubbles = false
debug ++ [Boolean] cancelable = false
debug ++ [String] type = timer
debug +++ [int] repeatCount = 0
debug +++ [int] currentCount = 23
debug +++ [Boolean] running = true
debug +++ [int] delay = 120000
debug +++ [int] repeatCount = 0
debug +++ [int] currentCount = 23
debug +++ [Boolean] running = true
debug +++ [int] delay = 120000
debug time 18:35:28.709 :: After HeartBeat Count=24 Result=5
debug time 18:37:27.737 :: Before HeartBeat Count=25 Time=Mon Feb 13 2012 18:37:27 GMT+0100 AccountId=29131007 Session=e4eb1255-74d0-439b-87bc-8b801849ff90
debug ++ [int] eventPhase = 2
debug ++ [Boolean] bubbles = false
debug ++ [Boolean] cancelable = false
debug ++ [String] type = timer
debug +++ [int] repeatCount = 0
debug +++ [int] currentCount = 24
debug +++ [Boolean] running = true
debug +++ [int] delay = 120000
debug +++ [int] repeatCount = 0
debug +++ [int] currentCount = 24
debug +++ [Boolean] running = true
debug +++ [int] delay = 120000
debug time 18:37:28.709 :: After HeartBeat Count=25 Result=5
debug time 18:39:28.715 :: Before HeartBeat Count=26 Time=Mon Feb 13 2012 18:39:28 GMT+0100 AccountId=29131007 Session=e4eb1255-74d0-439b-87bc-8b801849ff90
debug ++ [int] eventPhase = 2
debug ++ [Boolean] bubbles = false
debug ++ [Boolean] cancelable = false
debug ++ [String] type = timer
debug +++ [int] repeatCount = 0
debug +++ [int] currentCount = 25
debug +++ [Boolean] running = true
debug +++ [int] delay = 120000
debug +++ [int] repeatCount = 0
debug +++ [int] currentCount = 25
debug +++ [Boolean] running = true
debug +++ [int] delay = 120000
debug time 18:39:29.709 :: After HeartBeat Count=26 Result=5
debug time 18:41:28.726 :: Before HeartBeat Count=27 Time=Mon Feb 13 2012 18:41:28 GMT+0100 AccountId=29131007 Session=e4eb1255-74d0-439b-87bc-8b801849ff90
debug ++ [int] eventPhase = 2
debug ++ [Boolean] bubbles = false
debug ++ [Boolean] cancelable = false
debug ++ [String] type = timer
debug +++ [int] repeatCount = 0
debug +++ [int] currentCount = 26
debug +++ [Boolean] running = true
debug +++ [int] delay = 120000
debug +++ [int] repeatCount = 0
debug +++ [int] currentCount = 26
debug +++ [Boolean] running = true
debug +++ [int] delay = 120000
debug time 18:41:29.709 :: After HeartBeat Count=27 Result=5
debug time 18:43:29.714 :: Before HeartBeat Count=28 Time=Mon Feb 13 2012 18:43:29 GMT+0100 AccountId=29131007 Session=e4eb1255-74d0-439b-87bc-8b801849ff90
debug ++ [int] eventPhase = 2
debug ++ [Boolean] bubbles = false
debug ++ [Boolean] cancelable = false
debug ++ [String] type = timer
debug +++ [int] repeatCount = 0
debug +++ [int] currentCount = 27
debug +++ [Boolean] running = true
debug +++ [int] delay = 120000
debug +++ [int] repeatCount = 0
debug +++ [int] currentCount = 27
debug +++ [Boolean] running = true
debug +++ [int] delay = 120000
debug time 18:43:30.709 :: After HeartBeat Count=28 Result=5
debug time 18:45:29.714 :: Before HeartBeat Count=29 Time=Mon Feb 13 2012 18:45:29 GMT+0100 AccountId=29131007 Session=e4eb1255-74d0-439b-87bc-8b801849ff90
debug ++ [int] eventPhase = 2
debug ++ [Boolean] bubbles = false
debug ++ [Boolean] cancelable = false
debug ++ [String] type = timer
debug +++ [int] repeatCount = 0
debug +++ [int] currentCount = 28
debug +++ [Boolean] running = true
debug +++ [int] delay = 120000
debug +++ [int] repeatCount = 0
debug +++ [int] currentCount = 28
debug +++ [Boolean] running = true
debug +++ [int] delay = 120000
debug time 18:45:30.709 :: After HeartBeat Count=29 Result=5
debug time 18:47:29.750 :: Before HeartBeat Count=30 Time=Mon Feb 13 2012 18:47:29 GMT+0100 AccountId=29131007 Session=e4eb1255-74d0-439b-87bc-8b801849ff90
debug ++ [int] eventPhase = 2
debug ++ [Boolean] bubbles = false
debug ++ [Boolean] cancelable = false
debug ++ [String] type = timer
debug +++ [int] repeatCount = 0
debug +++ [int] currentCount = 29
debug +++ [Boolean] running = true
debug +++ [int] delay = 120000
debug +++ [int] repeatCount = 0
debug +++ [int] currentCount = 29
debug +++ [Boolean] running = true
debug +++ [int] delay = 120000
debug time 18:47:30.714 :: After HeartBeat Count=30 Result=5
debug time 18:49:30.715 :: Before HeartBeat Count=31 Time=Mon Feb 13 2012 18:49:30 GMT+0100 AccountId=29131007 Session=e4eb1255-74d0-439b-87bc-8b801849ff90
debug ++ [int] eventPhase = 2
debug ++ [Boolean] bubbles = false
debug ++ [Boolean] cancelable = false
debug ++ [String] type = timer
debug +++ [int] repeatCount = 0
debug +++ [int] currentCount = 30
debug +++ [Boolean] running = true
debug +++ [int] delay = 120000
debug +++ [int] repeatCount = 0
debug +++ [int] currentCount = 30
debug +++ [Boolean] running = true
debug +++ [int] delay = 120000
debug time 18:49:31.709 :: After HeartBeat Count=31 Result=5
debug time 18:50:49.212 :: Performing heartbeat at Mon Feb 13 2012 18:50:49 GMT+0100
debug time 18:51:30.741 :: Before HeartBeat Count=32 Time=Mon Feb 13 2012 18:51:30 GMT+0100 AccountId=29131007 Session=e4eb1255-74d0-439b-87bc-8b801849ff90
debug ++ [int] eventPhase = 2
debug ++ [Boolean] bubbles = false
debug ++ [Boolean] cancelable = false
debug ++ [String] type = timer
debug +++ [int] repeatCount = 0
debug +++ [int] currentCount = 31
debug +++ [Boolean] running = true
debug +++ [int] delay = 120000
debug +++ [int] repeatCount = 0
debug +++ [int] currentCount = 31
debug +++ [Boolean] running = true
debug +++ [int] delay = 120000
debug time 18:51:30.967 :: After HeartBeat Count=32 Result=5
