debug time 18:28:41.514 :: Before HeartBeat Count=1 Time=Thu Apr 19 2012 18:28:41 GMT+0200 AccountId=29131007 Session=f23967b3-920b-4d1c-aa73-ef123797202b
STOP LOGGING: More than 0 nested objects or properties. 
debug time 18:28:41.778 :: After HeartBeat Count=1 Result=5
debug time 18:30:41.543 :: Before HeartBeat Count=2 Time=Thu Apr 19 2012 18:30:41 GMT+0200 AccountId=29131007 Session=f23967b3-920b-4d1c-aa73-ef123797202b
debug ++ [Boolean] bubbles = false
debug ++ [Boolean] cancelable = false
debug ++ [String] type = timer
debug +++ [Boolean] running = true
debug +++ [int] delay = 120000
debug +++ [int] currentCount = 1
debug +++ [int] repeatCount = 0
debug +++ [Boolean] running = true
debug +++ [int] delay = 120000
debug +++ [int] currentCount = 1
debug +++ [int] repeatCount = 0
debug ++ [int] eventPhase = 2
debug time 18:30:41.751 :: After HeartBeat Count=2 Result=5
debug time 18:32:41.584 :: Before HeartBeat Count=3 Time=Thu Apr 19 2012 18:32:41 GMT+0200 AccountId=29131007 Session=f23967b3-920b-4d1c-aa73-ef123797202b
debug ++ [Boolean] bubbles = false
debug ++ [Boolean] cancelable = false
debug ++ [String] type = timer
debug +++ [Boolean] running = true
debug +++ [int] delay = 120000
debug +++ [int] currentCount = 2
debug +++ [int] repeatCount = 0
debug +++ [Boolean] running = true
debug +++ [int] delay = 120000
debug +++ [int] currentCount = 2
debug +++ [int] repeatCount = 0
debug ++ [int] eventPhase = 2
debug time 18:32:41.751 :: After HeartBeat Count=3 Result=5
debug time 18:34:41.583 :: Before HeartBeat Count=4 Time=Thu Apr 19 2012 18:34:41 GMT+0200 AccountId=29131007 Session=f23967b3-920b-4d1c-aa73-ef123797202b
debug ++ [Boolean] bubbles = false
debug ++ [Boolean] cancelable = false
debug ++ [String] type = timer
debug +++ [Boolean] running = true
debug +++ [int] delay = 120000
debug +++ [int] currentCount = 3
debug +++ [int] repeatCount = 0
debug +++ [Boolean] running = true
debug +++ [int] delay = 120000
debug +++ [int] currentCount = 3
debug +++ [int] repeatCount = 0
debug ++ [int] eventPhase = 2
debug time 18:34:41.759 :: After HeartBeat Count=4 Result=5
debug time 18:36:41.583 :: Before HeartBeat Count=5 Time=Thu Apr 19 2012 18:36:41 GMT+0200 AccountId=29131007 Session=f23967b3-920b-4d1c-aa73-ef123797202b
debug ++ [Boolean] bubbles = false
debug ++ [Boolean] cancelable = false
debug ++ [String] type = timer
debug +++ [Boolean] running = true
debug +++ [int] delay = 120000
debug +++ [int] currentCount = 4
debug +++ [int] repeatCount = 0
debug +++ [Boolean] running = true
debug +++ [int] delay = 120000
debug +++ [int] currentCount = 4
debug +++ [int] repeatCount = 0
debug ++ [int] eventPhase = 2
debug time 18:36:41.759 :: After HeartBeat Count=5 Result=5
debug time 18:38:41.595 :: Before HeartBeat Count=6 Time=Thu Apr 19 2012 18:38:41 GMT+0200 AccountId=29131007 Session=f23967b3-920b-4d1c-aa73-ef123797202b
debug ++ [Boolean] bubbles = false
debug ++ [Boolean] cancelable = false
debug ++ [String] type = timer
debug +++ [Boolean] running = true
debug +++ [int] delay = 120000
debug +++ [int] currentCount = 5
debug +++ [int] repeatCount = 0
debug +++ [Boolean] running = true
debug +++ [int] delay = 120000
debug +++ [int] currentCount = 5
debug +++ [int] repeatCount = 0
debug ++ [int] eventPhase = 2
debug time 18:38:41.777 :: After HeartBeat Count=6 Result=5
debug time 18:40:41.763 :: Before HeartBeat Count=7 Time=Thu Apr 19 2012 18:40:41 GMT+0200 AccountId=29131007 Session=f23967b3-920b-4d1c-aa73-ef123797202b
debug ++ [Boolean] bubbles = false
debug ++ [Boolean] cancelable = false
debug ++ [String] type = timer
debug +++ [Boolean] running = true
debug +++ [int] delay = 120000
debug +++ [int] currentCount = 6
debug +++ [int] repeatCount = 0
debug +++ [Boolean] running = true
debug +++ [int] delay = 120000
debug +++ [int] currentCount = 6
debug +++ [int] repeatCount = 0
debug ++ [int] eventPhase = 2
debug time 18:40:41.931 :: After HeartBeat Count=7 Result=5
debug time 18:42:42.764 :: Before HeartBeat Count=8 Time=Thu Apr 19 2012 18:42:42 GMT+0200 AccountId=29131007 Session=f23967b3-920b-4d1c-aa73-ef123797202b
debug ++ [Boolean] bubbles = false
debug ++ [Boolean] cancelable = false
debug ++ [String] type = timer
debug +++ [Boolean] running = true
debug +++ [int] delay = 120000
debug +++ [int] currentCount = 7
debug +++ [int] repeatCount = 0
debug +++ [Boolean] running = true
debug +++ [int] delay = 120000
debug +++ [int] currentCount = 7
debug +++ [int] repeatCount = 0
debug ++ [int] eventPhase = 2
debug time 18:42:42.934 :: After HeartBeat Count=8 Result=5
debug time 18:44:43.763 :: Before HeartBeat Count=9 Time=Thu Apr 19 2012 18:44:43 GMT+0200 AccountId=29131007 Session=f23967b3-920b-4d1c-aa73-ef123797202b
debug ++ [Boolean] bubbles = false
debug ++ [Boolean] cancelable = false
debug ++ [String] type = timer
debug +++ [Boolean] running = true
debug +++ [int] delay = 120000
debug +++ [int] currentCount = 8
debug +++ [int] repeatCount = 0
debug +++ [Boolean] running = true
debug +++ [int] delay = 120000
debug +++ [int] currentCount = 8
debug +++ [int] repeatCount = 0
debug ++ [int] eventPhase = 2
debug time 18:44:43.931 :: After HeartBeat Count=9 Result=5
debug time 18:46:43.763 :: Before HeartBeat Count=10 Time=Thu Apr 19 2012 18:46:43 GMT+0200 AccountId=29131007 Session=f23967b3-920b-4d1c-aa73-ef123797202b
debug ++ [Boolean] bubbles = false
debug ++ [Boolean] cancelable = false
debug ++ [String] type = timer
debug +++ [Boolean] running = true
debug +++ [int] delay = 120000
debug +++ [int] currentCount = 9
debug +++ [int] repeatCount = 0
debug +++ [Boolean] running = true
debug +++ [int] delay = 120000
debug +++ [int] currentCount = 9
debug +++ [int] repeatCount = 0
debug ++ [int] eventPhase = 2
debug time 18:46:43.931 :: After HeartBeat Count=10 Result=5
debug time 18:48:43.763 :: Before HeartBeat Count=11 Time=Thu Apr 19 2012 18:48:43 GMT+0200 AccountId=29131007 Session=f23967b3-920b-4d1c-aa73-ef123797202b
debug ++ [Boolean] bubbles = false
debug ++ [Boolean] cancelable = false
debug ++ [String] type = timer
debug +++ [Boolean] running = true
debug +++ [int] delay = 120000
debug +++ [int] currentCount = 10
debug +++ [int] repeatCount = 0
debug +++ [Boolean] running = true
debug +++ [int] delay = 120000
debug +++ [int] currentCount = 10
debug +++ [int] repeatCount = 0
debug ++ [int] eventPhase = 2
debug time 18:48:43.931 :: After HeartBeat Count=11 Result=5
debug time 18:50:43.762 :: Before HeartBeat Count=12 Time=Thu Apr 19 2012 18:50:43 GMT+0200 AccountId=29131007 Session=f23967b3-920b-4d1c-aa73-ef123797202b
debug ++ [Boolean] bubbles = false
debug ++ [Boolean] cancelable = false
debug ++ [String] type = timer
debug +++ [Boolean] running = true
debug +++ [int] delay = 120000
debug +++ [int] currentCount = 11
debug +++ [int] repeatCount = 0
debug +++ [Boolean] running = true
debug +++ [int] delay = 120000
debug +++ [int] currentCount = 11
debug +++ [int] repeatCount = 0
debug ++ [int] eventPhase = 2
debug time 18:50:43.929 :: After HeartBeat Count=12 Result=5
debug time 18:52:43.762 :: Before HeartBeat Count=13 Time=Thu Apr 19 2012 18:52:43 GMT+0200 AccountId=29131007 Session=f23967b3-920b-4d1c-aa73-ef123797202b
debug ++ [Boolean] bubbles = false
debug ++ [Boolean] cancelable = false
debug ++ [String] type = timer
debug +++ [Boolean] running = true
debug +++ [int] delay = 120000
debug +++ [int] currentCount = 12
debug +++ [int] repeatCount = 0
debug +++ [Boolean] running = true
debug +++ [int] delay = 120000
debug +++ [int] currentCount = 12
debug +++ [int] repeatCount = 0
debug ++ [int] eventPhase = 2
debug time 18:52:43.931 :: After HeartBeat Count=13 Result=5
debug time 18:54:43.764 :: Before HeartBeat Count=14 Time=Thu Apr 19 2012 18:54:43 GMT+0200 AccountId=29131007 Session=f23967b3-920b-4d1c-aa73-ef123797202b
debug ++ [Boolean] bubbles = false
debug ++ [Boolean] cancelable = false
debug ++ [String] type = timer
debug +++ [Boolean] running = true
debug +++ [int] delay = 120000
debug +++ [int] currentCount = 13
debug +++ [int] repeatCount = 0
debug +++ [Boolean] running = true
debug +++ [int] delay = 120000
debug +++ [int] currentCount = 13
debug +++ [int] repeatCount = 0
debug ++ [int] eventPhase = 2
debug time 18:54:43.934 :: After HeartBeat Count=14 Result=5
debug time 18:56:44.763 :: Before HeartBeat Count=15 Time=Thu Apr 19 2012 18:56:44 GMT+0200 AccountId=29131007 Session=f23967b3-920b-4d1c-aa73-ef123797202b
debug ++ [Boolean] bubbles = false
debug ++ [Boolean] cancelable = false
debug ++ [String] type = timer
debug +++ [Boolean] running = true
debug +++ [int] delay = 120000
debug +++ [int] currentCount = 14
debug +++ [int] repeatCount = 0
debug +++ [Boolean] running = true
debug +++ [int] delay = 120000
debug +++ [int] currentCount = 14
debug +++ [int] repeatCount = 0
debug ++ [int] eventPhase = 2
debug time 18:56:44.930 :: After HeartBeat Count=15 Result=5
debug time 18:58:45.763 :: Before HeartBeat Count=16 Time=Thu Apr 19 2012 18:58:45 GMT+0200 AccountId=29131007 Session=f23967b3-920b-4d1c-aa73-ef123797202b
debug ++ [Boolean] bubbles = false
debug ++ [Boolean] cancelable = false
debug ++ [String] type = timer
debug +++ [Boolean] running = true
debug +++ [int] delay = 120000
debug +++ [int] currentCount = 15
debug +++ [int] repeatCount = 0
debug +++ [Boolean] running = true
debug +++ [int] delay = 120000
debug +++ [int] currentCount = 15
debug +++ [int] repeatCount = 0
debug ++ [int] eventPhase = 2
debug time 18:58:45.930 :: After HeartBeat Count=16 Result=5
debug time 19:00:46.762 :: Before HeartBeat Count=17 Time=Thu Apr 19 2012 19:00:46 GMT+0200 AccountId=29131007 Session=f23967b3-920b-4d1c-aa73-ef123797202b
debug ++ [Boolean] bubbles = false
debug ++ [Boolean] cancelable = false
debug ++ [String] type = timer
debug +++ [Boolean] running = true
debug +++ [int] delay = 120000
debug +++ [int] currentCount = 16
debug +++ [int] repeatCount = 0
debug +++ [Boolean] running = true
debug +++ [int] delay = 120000
debug +++ [int] currentCount = 16
debug +++ [int] repeatCount = 0
debug ++ [int] eventPhase = 2
debug time 19:00:46.930 :: After HeartBeat Count=17 Result=5
debug time 19:02:46.763 :: Before HeartBeat Count=18 Time=Thu Apr 19 2012 19:02:46 GMT+0200 AccountId=29131007 Session=f23967b3-920b-4d1c-aa73-ef123797202b
debug ++ [Boolean] bubbles = false
debug ++ [Boolean] cancelable = false
debug ++ [String] type = timer
debug +++ [Boolean] running = true
debug +++ [int] delay = 120000
debug +++ [int] currentCount = 17
debug +++ [int] repeatCount = 0
debug +++ [Boolean] running = true
debug +++ [int] delay = 120000
debug +++ [int] currentCount = 17
debug +++ [int] repeatCount = 0
debug ++ [int] eventPhase = 2
debug time 19:02:46.930 :: After HeartBeat Count=18 Result=5
debug time 19:04:47.763 :: Before HeartBeat Count=19 Time=Thu Apr 19 2012 19:04:47 GMT+0200 AccountId=29131007 Session=f23967b3-920b-4d1c-aa73-ef123797202b
debug ++ [Boolean] bubbles = false
debug ++ [Boolean] cancelable = false
debug ++ [String] type = timer
debug +++ [Boolean] running = true
debug +++ [int] delay = 120000
debug +++ [int] currentCount = 18
debug +++ [int] repeatCount = 0
debug +++ [Boolean] running = true
debug +++ [int] delay = 120000
debug +++ [int] currentCount = 18
debug +++ [int] repeatCount = 0
debug ++ [int] eventPhase = 2
debug time 19:04:47.931 :: After HeartBeat Count=19 Result=5
debug time 19:06:47.769 :: Before HeartBeat Count=20 Time=Thu Apr 19 2012 19:06:47 GMT+0200 AccountId=29131007 Session=f23967b3-920b-4d1c-aa73-ef123797202b
debug ++ [Boolean] bubbles = false
debug ++ [Boolean] cancelable = false
debug ++ [String] type = timer
debug +++ [Boolean] running = true
debug +++ [int] delay = 120000
debug +++ [int] currentCount = 19
debug +++ [int] repeatCount = 0
debug +++ [Boolean] running = true
debug +++ [int] delay = 120000
debug +++ [int] currentCount = 19
debug +++ [int] repeatCount = 0
debug ++ [int] eventPhase = 2
debug time 19:06:47.944 :: After HeartBeat Count=20 Result=5
debug time 19:08:31.121 :: Performing heartbeat at Thu Apr 19 2012 19:08:31 GMT+0200
debug time 19:08:47.768 :: Before HeartBeat Count=21 Time=Thu Apr 19 2012 19:08:47 GMT+0200 AccountId=29131007 Session=f23967b3-920b-4d1c-aa73-ef123797202b
debug ++ [Boolean] bubbles = false
debug ++ [Boolean] cancelable = false
debug ++ [String] type = timer
debug +++ [Boolean] running = true
debug +++ [int] delay = 120000
debug +++ [int] currentCount = 20
debug +++ [int] repeatCount = 0
debug +++ [Boolean] running = true
debug +++ [int] delay = 120000
debug +++ [int] currentCount = 20
debug +++ [int] repeatCount = 0
debug ++ [int] eventPhase = 2
debug time 19:09:26.924 :: After HeartBeat Count=21 Result=5
