debug time 18:22:36.706 :: Before HeartBeat Count=1 Time=Wed Oct 26 2011 18:22:36 GMT+0200 AccountId=28699575 Session=0868ab6c-53d2-4dd6-b6a4-4777abb3af9e
STOP LOGGING: More than 0 nested objects or properties. 
debug time 18:22:38.844 :: After HeartBeat Count=1 Result=5
debug time 18:25:37.82 :: Before HeartBeat Count=2 Time=Wed Oct 26 2011 18:25:37 GMT+0200 AccountId=28699575 Session=0868ab6c-53d2-4dd6-b6a4-4777abb3af9e
debug ++ [int] eventPhase = 2
debug ++ [Boolean] bubbles = false
debug ++ [Boolean] cancelable = false
debug ++ [String] type = timer
debug +++ [int] repeatCount = 0
debug +++ [int] currentCount = 1
debug +++ [Boolean] running = true
debug +++ [int] delay = 180000
debug +++ [int] repeatCount = 0
debug +++ [int] currentCount = 1
debug +++ [Boolean] running = true
debug +++ [int] delay = 180000
debug time 18:25:37.265 :: After HeartBeat Count=2 Result=5
debug time 18:28:37.102 :: Before HeartBeat Count=3 Time=Wed Oct 26 2011 18:28:37 GMT+0200 AccountId=28699575 Session=0868ab6c-53d2-4dd6-b6a4-4777abb3af9e
debug ++ [int] eventPhase = 2
debug ++ [Boolean] bubbles = false
debug ++ [Boolean] cancelable = false
debug ++ [String] type = timer
debug +++ [int] repeatCount = 0
debug +++ [int] currentCount = 2
debug +++ [Boolean] running = true
debug +++ [int] delay = 180000
debug +++ [int] repeatCount = 0
debug +++ [int] currentCount = 2
debug +++ [Boolean] running = true
debug +++ [int] delay = 180000
debug time 18:28:37.316 :: After HeartBeat Count=3 Result=5
debug time 18:31:38.81 :: Before HeartBeat Count=4 Time=Wed Oct 26 2011 18:31:38 GMT+0200 AccountId=28699575 Session=0868ab6c-53d2-4dd6-b6a4-4777abb3af9e
debug ++ [int] eventPhase = 2
debug ++ [Boolean] bubbles = false
debug ++ [Boolean] cancelable = false
debug ++ [String] type = timer
debug +++ [int] repeatCount = 0
debug +++ [int] currentCount = 3
debug +++ [Boolean] running = true
debug +++ [int] delay = 180000
debug +++ [int] repeatCount = 0
debug +++ [int] currentCount = 3
debug +++ [Boolean] running = true
debug +++ [int] delay = 180000
debug time 18:31:38.263 :: After HeartBeat Count=4 Result=5
debug time 18:34:38.83 :: Before HeartBeat Count=5 Time=Wed Oct 26 2011 18:34:38 GMT+0200 AccountId=28699575 Session=0868ab6c-53d2-4dd6-b6a4-4777abb3af9e
debug ++ [int] eventPhase = 2
debug ++ [Boolean] bubbles = false
debug ++ [Boolean] cancelable = false
debug ++ [String] type = timer
debug +++ [int] repeatCount = 0
debug +++ [int] currentCount = 4
debug +++ [Boolean] running = true
debug +++ [int] delay = 180000
debug +++ [int] repeatCount = 0
debug +++ [int] currentCount = 4
debug +++ [Boolean] running = true
debug +++ [int] delay = 180000
debug time 18:34:38.266 :: After HeartBeat Count=5 Result=5
debug time 18:37:39.82 :: Before HeartBeat Count=6 Time=Wed Oct 26 2011 18:37:39 GMT+0200 AccountId=28699575 Session=0868ab6c-53d2-4dd6-b6a4-4777abb3af9e
debug ++ [int] eventPhase = 2
debug ++ [Boolean] bubbles = false
debug ++ [Boolean] cancelable = false
debug ++ [String] type = timer
debug +++ [int] repeatCount = 0
debug +++ [int] currentCount = 5
debug +++ [Boolean] running = true
debug +++ [int] delay = 180000
debug +++ [int] repeatCount = 0
debug +++ [int] currentCount = 5
debug +++ [Boolean] running = true
debug +++ [int] delay = 180000
debug time 18:37:39.264 :: After HeartBeat Count=6 Result=5
debug time 18:40:39.81 :: Before HeartBeat Count=7 Time=Wed Oct 26 2011 18:40:39 GMT+0200 AccountId=28699575 Session=0868ab6c-53d2-4dd6-b6a4-4777abb3af9e
debug ++ [int] eventPhase = 2
debug ++ [Boolean] bubbles = false
debug ++ [Boolean] cancelable = false
debug ++ [String] type = timer
debug +++ [int] repeatCount = 0
debug +++ [int] currentCount = 6
debug +++ [Boolean] running = true
debug +++ [int] delay = 180000
debug +++ [int] repeatCount = 0
debug +++ [int] currentCount = 6
debug +++ [Boolean] running = true
debug +++ [int] delay = 180000
debug time 18:40:39.269 :: After HeartBeat Count=7 Result=5
debug time 18:43:39.107 :: Before HeartBeat Count=8 Time=Wed Oct 26 2011 18:43:39 GMT+0200 AccountId=28699575 Session=0868ab6c-53d2-4dd6-b6a4-4777abb3af9e
debug ++ [int] eventPhase = 2
debug ++ [Boolean] bubbles = false
debug ++ [Boolean] cancelable = false
debug ++ [String] type = timer
debug +++ [int] repeatCount = 0
debug +++ [int] currentCount = 7
debug +++ [Boolean] running = true
debug +++ [int] delay = 180000
debug +++ [int] repeatCount = 0
debug +++ [int] currentCount = 7
debug +++ [Boolean] running = true
debug +++ [int] delay = 180000
debug time 18:43:39.321 :: After HeartBeat Count=8 Result=5
debug time 18:46:40.81 :: Before HeartBeat Count=9 Time=Wed Oct 26 2011 18:46:40 GMT+0200 AccountId=28699575 Session=0868ab6c-53d2-4dd6-b6a4-4777abb3af9e
debug ++ [int] eventPhase = 2
debug ++ [Boolean] bubbles = false
debug ++ [Boolean] cancelable = false
debug ++ [String] type = timer
debug +++ [int] repeatCount = 0
debug +++ [int] currentCount = 8
debug +++ [Boolean] running = true
debug +++ [int] delay = 180000
debug +++ [int] repeatCount = 0
debug +++ [int] currentCount = 8
debug +++ [Boolean] running = true
debug +++ [int] delay = 180000
debug time 18:46:40.264 :: After HeartBeat Count=9 Result=5
debug time 18:49:40.81 :: Before HeartBeat Count=10 Time=Wed Oct 26 2011 18:49:40 GMT+0200 AccountId=28699575 Session=0868ab6c-53d2-4dd6-b6a4-4777abb3af9e
debug ++ [int] eventPhase = 2
debug ++ [Boolean] bubbles = false
debug ++ [Boolean] cancelable = false
debug ++ [String] type = timer
debug +++ [int] repeatCount = 0
debug +++ [int] currentCount = 9
debug +++ [Boolean] running = true
debug +++ [int] delay = 180000
debug +++ [int] repeatCount = 0
debug +++ [int] currentCount = 9
debug +++ [Boolean] running = true
debug +++ [int] delay = 180000
debug time 18:49:40.264 :: After HeartBeat Count=10 Result=5
debug time 18:52:40.83 :: Before HeartBeat Count=11 Time=Wed Oct 26 2011 18:52:40 GMT+0200 AccountId=28699575 Session=0868ab6c-53d2-4dd6-b6a4-4777abb3af9e
debug ++ [int] eventPhase = 2
debug ++ [Boolean] bubbles = false
debug ++ [Boolean] cancelable = false
debug ++ [String] type = timer
debug +++ [int] repeatCount = 0
debug +++ [int] currentCount = 10
debug +++ [Boolean] running = true
debug +++ [int] delay = 180000
debug +++ [int] repeatCount = 0
debug +++ [int] currentCount = 10
debug +++ [Boolean] running = true
debug +++ [int] delay = 180000
debug time 18:52:40.265 :: After HeartBeat Count=11 Result=5
debug time 18:52:59.338 :: Performing heartbeat at Wed Oct 26 2011 18:52:59 GMT+0200
debug time 18:55:40.443 :: Before HeartBeat Count=12 Time=Wed Oct 26 2011 18:55:40 GMT+0200 AccountId=28699575 Session=0868ab6c-53d2-4dd6-b6a4-4777abb3af9e
debug ++ [int] eventPhase = 2
debug ++ [Boolean] bubbles = false
debug ++ [Boolean] cancelable = false
debug ++ [String] type = timer
debug +++ [int] repeatCount = 0
debug +++ [int] currentCount = 11
debug +++ [Boolean] running = true
debug +++ [int] delay = 180000
debug +++ [int] repeatCount = 0
debug +++ [int] currentCount = 11
debug +++ [Boolean] running = true
debug +++ [int] delay = 180000
debug time 18:55:40.645 :: After HeartBeat Count=12 Result=5
debug time 18:58:40.482 :: Before HeartBeat Count=13 Time=Wed Oct 26 2011 18:58:40 GMT+0200 AccountId=28699575 Session=0868ab6c-53d2-4dd6-b6a4-4777abb3af9e
debug ++ [int] eventPhase = 2
debug ++ [Boolean] bubbles = false
debug ++ [Boolean] cancelable = false
debug ++ [String] type = timer
debug +++ [int] repeatCount = 0
debug +++ [int] currentCount = 12
debug +++ [Boolean] running = true
debug +++ [int] delay = 180000
debug +++ [int] repeatCount = 0
debug +++ [int] currentCount = 12
debug +++ [Boolean] running = true
debug +++ [int] delay = 180000
debug time 18:58:40.665 :: After HeartBeat Count=13 Result=5
debug time 19:01:41.482 :: Before HeartBeat Count=14 Time=Wed Oct 26 2011 19:01:41 GMT+0200 AccountId=28699575 Session=0868ab6c-53d2-4dd6-b6a4-4777abb3af9e
debug ++ [int] eventPhase = 2
debug ++ [Boolean] bubbles = false
debug ++ [Boolean] cancelable = false
debug ++ [String] type = timer
debug +++ [int] repeatCount = 0
debug +++ [int] currentCount = 13
debug +++ [Boolean] running = true
debug +++ [int] delay = 180000
debug +++ [int] repeatCount = 0
debug +++ [int] currentCount = 13
debug +++ [Boolean] running = true
debug +++ [int] delay = 180000
debug time 19:01:41.665 :: After HeartBeat Count=14 Result=5
debug time 19:04:42.482 :: Before HeartBeat Count=15 Time=Wed Oct 26 2011 19:04:42 GMT+0200 AccountId=28699575 Session=0868ab6c-53d2-4dd6-b6a4-4777abb3af9e
debug ++ [int] eventPhase = 2
debug ++ [Boolean] bubbles = false
debug ++ [Boolean] cancelable = false
debug ++ [String] type = timer
debug +++ [int] repeatCount = 0
debug +++ [int] currentCount = 14
debug +++ [Boolean] running = true
debug +++ [int] delay = 180000
debug +++ [int] repeatCount = 0
debug +++ [int] currentCount = 14
debug +++ [Boolean] running = true
debug +++ [int] delay = 180000
debug time 19:04:42.665 :: After HeartBeat Count=15 Result=5
debug time 19:07:42.482 :: Before HeartBeat Count=16 Time=Wed Oct 26 2011 19:07:42 GMT+0200 AccountId=28699575 Session=0868ab6c-53d2-4dd6-b6a4-4777abb3af9e
debug ++ [int] eventPhase = 2
debug ++ [Boolean] bubbles = false
debug ++ [Boolean] cancelable = false
debug ++ [String] type = timer
debug +++ [int] repeatCount = 0
debug +++ [int] currentCount = 15
debug +++ [Boolean] running = true
debug +++ [int] delay = 180000
debug +++ [int] repeatCount = 0
debug +++ [int] currentCount = 15
debug +++ [Boolean] running = true
debug +++ [int] delay = 180000
debug time 19:07:42.664 :: After HeartBeat Count=16 Result=5
debug time 19:10:42.483 :: Before HeartBeat Count=17 Time=Wed Oct 26 2011 19:10:42 GMT+0200 AccountId=28699575 Session=0868ab6c-53d2-4dd6-b6a4-4777abb3af9e
debug ++ [int] eventPhase = 2
debug ++ [Boolean] bubbles = false
debug ++ [Boolean] cancelable = false
debug ++ [String] type = timer
debug +++ [int] repeatCount = 0
debug +++ [int] currentCount = 16
debug +++ [Boolean] running = true
debug +++ [int] delay = 180000
debug +++ [int] repeatCount = 0
debug +++ [int] currentCount = 16
debug +++ [Boolean] running = true
debug +++ [int] delay = 180000
debug time 19:10:42.676 :: After HeartBeat Count=17 Result=5
debug time 19:13:43.480 :: Before HeartBeat Count=18 Time=Wed Oct 26 2011 19:13:43 GMT+0200 AccountId=28699575 Session=0868ab6c-53d2-4dd6-b6a4-4777abb3af9e
debug ++ [int] eventPhase = 2
debug ++ [Boolean] bubbles = false
debug ++ [Boolean] cancelable = false
debug ++ [String] type = timer
debug +++ [int] repeatCount = 0
debug +++ [int] currentCount = 17
debug +++ [Boolean] running = true
debug +++ [int] delay = 180000
debug +++ [int] repeatCount = 0
debug +++ [int] currentCount = 17
debug +++ [Boolean] running = true
debug +++ [int] delay = 180000
debug time 19:13:43.663 :: After HeartBeat Count=18 Result=5
debug time 19:16:43.507 :: Before HeartBeat Count=19 Time=Wed Oct 26 2011 19:16:43 GMT+0200 AccountId=28699575 Session=0868ab6c-53d2-4dd6-b6a4-4777abb3af9e
debug ++ [int] eventPhase = 2
debug ++ [Boolean] bubbles = false
debug ++ [Boolean] cancelable = false
debug ++ [String] type = timer
debug +++ [int] repeatCount = 0
debug +++ [int] currentCount = 18
debug +++ [Boolean] running = true
debug +++ [int] delay = 180000
debug +++ [int] repeatCount = 0
debug +++ [int] currentCount = 18
debug +++ [Boolean] running = true
debug +++ [int] delay = 180000
debug time 19:16:43.697 :: After HeartBeat Count=19 Result=5
debug time 19:19:44.584 :: Before HeartBeat Count=20 Time=Wed Oct 26 2011 19:19:44 GMT+0200 AccountId=28699575 Session=0868ab6c-53d2-4dd6-b6a4-4777abb3af9e
debug ++ [int] eventPhase = 2
debug ++ [Boolean] bubbles = false
debug ++ [Boolean] cancelable = false
debug ++ [String] type = timer
debug +++ [int] repeatCount = 0
debug +++ [int] currentCount = 19
debug +++ [Boolean] running = true
debug +++ [int] delay = 180000
debug +++ [int] repeatCount = 0
debug +++ [int] currentCount = 19
debug +++ [Boolean] running = true
debug +++ [int] delay = 180000
debug time 19:19:44.656 :: Performing heartbeat at Wed Oct 26 2011 19:19:44 GMT+0200
debug time 19:19:44.799 :: After HeartBeat Count=20 Result=5
