debug time 21:26:40.656 :: Before HeartBeat Count=1 Time=Tue Nov 22 2011 21:26:40 GMT+0100 AccountId=28699575 Session=371f38f5-0a23-4164-b430-1d245976c04e
STOP LOGGING: More than 0 nested objects or properties. 
debug time 21:26:41.408 :: After HeartBeat Count=1 Result=5
debug time 21:29:41.76 :: Before HeartBeat Count=2 Time=Tue Nov 22 2011 21:29:41 GMT+0100 AccountId=28699575 Session=371f38f5-0a23-4164-b430-1d245976c04e
debug ++ [int] eventPhase = 2
debug ++ [Boolean] bubbles = false
debug ++ [Boolean] cancelable = false
debug ++ [String] type = timer
debug +++ [int] repeatCount = 0
debug +++ [int] currentCount = 1
debug +++ [Boolean] running = true
debug +++ [int] delay = 180000
debug +++ [int] repeatCount = 0
debug +++ [int] currentCount = 1
debug +++ [Boolean] running = true
debug +++ [int] delay = 180000
debug time 21:29:42.73 :: After HeartBeat Count=2 Result=5
debug time 21:32:41.90 :: Before HeartBeat Count=3 Time=Tue Nov 22 2011 21:32:41 GMT+0100 AccountId=28699575 Session=371f38f5-0a23-4164-b430-1d245976c04e
debug ++ [int] eventPhase = 2
debug ++ [Boolean] bubbles = false
debug ++ [Boolean] cancelable = false
debug ++ [String] type = timer
debug +++ [int] repeatCount = 0
debug +++ [int] currentCount = 2
debug +++ [Boolean] running = true
debug +++ [int] delay = 180000
debug +++ [int] repeatCount = 0
debug +++ [int] currentCount = 2
debug +++ [Boolean] running = true
debug +++ [int] delay = 180000
debug time 21:32:42.73 :: After HeartBeat Count=3 Result=5
debug time 21:35:42.78 :: Before HeartBeat Count=4 Time=Tue Nov 22 2011 21:35:42 GMT+0100 AccountId=28699575 Session=371f38f5-0a23-4164-b430-1d245976c04e
debug ++ [int] eventPhase = 2
debug ++ [Boolean] bubbles = false
debug ++ [Boolean] cancelable = false
debug ++ [String] type = timer
debug +++ [int] repeatCount = 0
debug +++ [int] currentCount = 3
debug +++ [Boolean] running = true
debug +++ [int] delay = 180000
debug +++ [int] repeatCount = 0
debug +++ [int] currentCount = 3
debug +++ [Boolean] running = true
debug +++ [int] delay = 180000
debug time 21:35:43.74 :: After HeartBeat Count=4 Result=5
debug time 21:38:42.101 :: Before HeartBeat Count=5 Time=Tue Nov 22 2011 21:38:42 GMT+0100 AccountId=28699575 Session=371f38f5-0a23-4164-b430-1d245976c04e
debug ++ [int] eventPhase = 2
debug ++ [Boolean] bubbles = false
debug ++ [Boolean] cancelable = false
debug ++ [String] type = timer
debug +++ [int] repeatCount = 0
debug +++ [int] currentCount = 4
debug +++ [Boolean] running = true
debug +++ [int] delay = 180000
debug +++ [int] repeatCount = 0
debug +++ [int] currentCount = 4
debug +++ [Boolean] running = true
debug +++ [int] delay = 180000
debug time 21:38:43.73 :: After HeartBeat Count=5 Result=5
debug time 21:41:43.80 :: Before HeartBeat Count=6 Time=Tue Nov 22 2011 21:41:43 GMT+0100 AccountId=28699575 Session=371f38f5-0a23-4164-b430-1d245976c04e
debug ++ [int] eventPhase = 2
debug ++ [Boolean] bubbles = false
debug ++ [Boolean] cancelable = false
debug ++ [String] type = timer
debug +++ [int] repeatCount = 0
debug +++ [int] currentCount = 5
debug +++ [Boolean] running = true
debug +++ [int] delay = 180000
debug +++ [int] repeatCount = 0
debug +++ [int] currentCount = 5
debug +++ [Boolean] running = true
debug +++ [int] delay = 180000
debug time 21:41:44.73 :: After HeartBeat Count=6 Result=5
debug time 21:44:44.77 :: Before HeartBeat Count=7 Time=Tue Nov 22 2011 21:44:44 GMT+0100 AccountId=28699575 Session=371f38f5-0a23-4164-b430-1d245976c04e
debug ++ [int] eventPhase = 2
debug ++ [Boolean] bubbles = false
debug ++ [Boolean] cancelable = false
debug ++ [String] type = timer
debug +++ [int] repeatCount = 0
debug +++ [int] currentCount = 6
debug +++ [Boolean] running = true
debug +++ [int] delay = 180000
debug +++ [int] repeatCount = 0
debug +++ [int] currentCount = 6
debug +++ [Boolean] running = true
debug +++ [int] delay = 180000
debug time 21:44:45.74 :: After HeartBeat Count=7 Result=5
debug time 21:47:44.76 :: Before HeartBeat Count=8 Time=Tue Nov 22 2011 21:47:44 GMT+0100 AccountId=28699575 Session=371f38f5-0a23-4164-b430-1d245976c04e
debug ++ [int] eventPhase = 2
debug ++ [Boolean] bubbles = false
debug ++ [Boolean] cancelable = false
debug ++ [String] type = timer
debug +++ [int] repeatCount = 0
debug +++ [int] currentCount = 7
debug +++ [Boolean] running = true
debug +++ [int] delay = 180000
debug +++ [int] repeatCount = 0
debug +++ [int] currentCount = 7
debug +++ [Boolean] running = true
debug +++ [int] delay = 180000
debug time 21:47:45.73 :: After HeartBeat Count=8 Result=5
debug time 21:50:44.76 :: Before HeartBeat Count=9 Time=Tue Nov 22 2011 21:50:44 GMT+0100 AccountId=28699575 Session=371f38f5-0a23-4164-b430-1d245976c04e
debug ++ [int] eventPhase = 2
debug ++ [Boolean] bubbles = false
debug ++ [Boolean] cancelable = false
debug ++ [String] type = timer
debug +++ [int] repeatCount = 0
debug +++ [int] currentCount = 8
debug +++ [Boolean] running = true
debug +++ [int] delay = 180000
debug +++ [int] repeatCount = 0
debug +++ [int] currentCount = 8
debug +++ [Boolean] running = true
debug +++ [int] delay = 180000
debug time 21:50:45.78 :: After HeartBeat Count=9 Result=5
debug time 21:53:44.76 :: Before HeartBeat Count=10 Time=Tue Nov 22 2011 21:53:44 GMT+0100 AccountId=28699575 Session=371f38f5-0a23-4164-b430-1d245976c04e
debug ++ [int] eventPhase = 2
debug ++ [Boolean] bubbles = false
debug ++ [Boolean] cancelable = false
debug ++ [String] type = timer
debug +++ [int] repeatCount = 0
debug +++ [int] currentCount = 9
debug +++ [Boolean] running = true
debug +++ [int] delay = 180000
debug +++ [int] repeatCount = 0
debug +++ [int] currentCount = 9
debug +++ [Boolean] running = true
debug +++ [int] delay = 180000
debug time 21:53:45.74 :: After HeartBeat Count=10 Result=5
debug time 21:56:44.82 :: Before HeartBeat Count=11 Time=Tue Nov 22 2011 21:56:44 GMT+0100 AccountId=28699575 Session=371f38f5-0a23-4164-b430-1d245976c04e
debug ++ [int] eventPhase = 2
debug ++ [Boolean] bubbles = false
debug ++ [Boolean] cancelable = false
debug ++ [String] type = timer
debug +++ [int] repeatCount = 0
debug +++ [int] currentCount = 10
debug +++ [Boolean] running = true
debug +++ [int] delay = 180000
debug +++ [int] repeatCount = 0
debug +++ [int] currentCount = 10
debug +++ [Boolean] running = true
debug +++ [int] delay = 180000
debug time 21:56:45.73 :: After HeartBeat Count=11 Result=5
debug time 21:58:03.229 :: Performing heartbeat at Tue Nov 22 2011 21:58:03 GMT+0100
debug time 21:59:44.108 :: Before HeartBeat Count=12 Time=Tue Nov 22 2011 21:59:44 GMT+0100 AccountId=28699575 Session=371f38f5-0a23-4164-b430-1d245976c04e
debug ++ [int] eventPhase = 2
debug ++ [Boolean] bubbles = false
debug ++ [Boolean] cancelable = false
debug ++ [String] type = timer
debug +++ [int] repeatCount = 0
debug +++ [int] currentCount = 11
debug +++ [Boolean] running = true
debug +++ [int] delay = 180000
debug +++ [int] repeatCount = 0
debug +++ [int] currentCount = 11
debug +++ [Boolean] running = true
debug +++ [int] delay = 180000
debug time 21:59:44.309 :: After HeartBeat Count=12 Result=5
debug time 22:02:44.145 :: Before HeartBeat Count=13 Time=Tue Nov 22 2011 22:02:44 GMT+0100 AccountId=28699575 Session=371f38f5-0a23-4164-b430-1d245976c04e
debug ++ [int] eventPhase = 2
debug ++ [Boolean] bubbles = false
debug ++ [Boolean] cancelable = false
debug ++ [String] type = timer
debug +++ [int] repeatCount = 0
debug +++ [int] currentCount = 12
debug +++ [Boolean] running = true
debug +++ [int] delay = 180000
debug +++ [int] repeatCount = 0
debug +++ [int] currentCount = 12
debug +++ [Boolean] running = true
debug +++ [int] delay = 180000
debug time 22:02:45.136 :: After HeartBeat Count=13 Result=5
debug time 22:05:45.140 :: Before HeartBeat Count=14 Time=Tue Nov 22 2011 22:05:45 GMT+0100 AccountId=28699575 Session=371f38f5-0a23-4164-b430-1d245976c04e
debug ++ [int] eventPhase = 2
debug ++ [Boolean] bubbles = false
debug ++ [Boolean] cancelable = false
debug ++ [String] type = timer
debug +++ [int] repeatCount = 0
debug +++ [int] currentCount = 13
debug +++ [Boolean] running = true
debug +++ [int] delay = 180000
debug +++ [int] repeatCount = 0
debug +++ [int] currentCount = 13
debug +++ [Boolean] running = true
debug +++ [int] delay = 180000
debug time 22:05:46.137 :: After HeartBeat Count=14 Result=5
debug time 22:08:45.157 :: Before HeartBeat Count=15 Time=Tue Nov 22 2011 22:08:45 GMT+0100 AccountId=28699575 Session=371f38f5-0a23-4164-b430-1d245976c04e
debug ++ [int] eventPhase = 2
debug ++ [Boolean] bubbles = false
debug ++ [Boolean] cancelable = false
debug ++ [String] type = timer
debug +++ [int] repeatCount = 0
debug +++ [int] currentCount = 14
debug +++ [Boolean] running = true
debug +++ [int] delay = 180000
debug +++ [int] repeatCount = 0
debug +++ [int] currentCount = 14
debug +++ [Boolean] running = true
debug +++ [int] delay = 180000
debug time 22:08:46.136 :: After HeartBeat Count=15 Result=5
debug time 22:11:46.140 :: Before HeartBeat Count=16 Time=Tue Nov 22 2011 22:11:46 GMT+0100 AccountId=28699575 Session=371f38f5-0a23-4164-b430-1d245976c04e
debug ++ [int] eventPhase = 2
debug ++ [Boolean] bubbles = false
debug ++ [Boolean] cancelable = false
debug ++ [String] type = timer
debug +++ [int] repeatCount = 0
debug +++ [int] currentCount = 15
debug +++ [Boolean] running = true
debug +++ [int] delay = 180000
debug +++ [int] repeatCount = 0
debug +++ [int] currentCount = 15
debug +++ [Boolean] running = true
debug +++ [int] delay = 180000
debug time 22:11:47.136 :: After HeartBeat Count=16 Result=5
debug time 22:14:46.142 :: Before HeartBeat Count=17 Time=Tue Nov 22 2011 22:14:46 GMT+0100 AccountId=28699575 Session=371f38f5-0a23-4164-b430-1d245976c04e
debug ++ [int] eventPhase = 2
debug ++ [Boolean] bubbles = false
debug ++ [Boolean] cancelable = false
debug ++ [String] type = timer
debug +++ [int] repeatCount = 0
debug +++ [int] currentCount = 16
debug +++ [Boolean] running = true
debug +++ [int] delay = 180000
debug +++ [int] repeatCount = 0
debug +++ [int] currentCount = 16
debug +++ [Boolean] running = true
debug +++ [int] delay = 180000
debug time 22:14:47.137 :: After HeartBeat Count=17 Result=5
debug time 22:17:47.139 :: Before HeartBeat Count=18 Time=Tue Nov 22 2011 22:17:47 GMT+0100 AccountId=28699575 Session=371f38f5-0a23-4164-b430-1d245976c04e
debug ++ [int] eventPhase = 2
debug ++ [Boolean] bubbles = false
debug ++ [Boolean] cancelable = false
debug ++ [String] type = timer
debug +++ [int] repeatCount = 0
debug +++ [int] currentCount = 17
debug +++ [Boolean] running = true
debug +++ [int] delay = 180000
debug +++ [int] repeatCount = 0
debug +++ [int] currentCount = 17
debug +++ [Boolean] running = true
debug +++ [int] delay = 180000
debug time 22:17:48.136 :: After HeartBeat Count=18 Result=5
debug time 22:20:47.140 :: Before HeartBeat Count=19 Time=Tue Nov 22 2011 22:20:47 GMT+0100 AccountId=28699575 Session=371f38f5-0a23-4164-b430-1d245976c04e
debug ++ [int] eventPhase = 2
debug ++ [Boolean] bubbles = false
debug ++ [Boolean] cancelable = false
debug ++ [String] type = timer
debug +++ [int] repeatCount = 0
debug +++ [int] currentCount = 18
debug +++ [Boolean] running = true
debug +++ [int] delay = 180000
debug +++ [int] repeatCount = 0
debug +++ [int] currentCount = 18
debug +++ [Boolean] running = true
debug +++ [int] delay = 180000
debug time 22:20:48.136 :: After HeartBeat Count=19 Result=5
debug time 22:23:47.142 :: Before HeartBeat Count=20 Time=Tue Nov 22 2011 22:23:47 GMT+0100 AccountId=28699575 Session=371f38f5-0a23-4164-b430-1d245976c04e
debug ++ [int] eventPhase = 2
debug ++ [Boolean] bubbles = false
debug ++ [Boolean] cancelable = false
debug ++ [String] type = timer
debug +++ [int] repeatCount = 0
debug +++ [int] currentCount = 19
debug +++ [Boolean] running = true
debug +++ [int] delay = 180000
debug +++ [int] repeatCount = 0
debug +++ [int] currentCount = 19
debug +++ [Boolean] running = true
debug +++ [int] delay = 180000
debug time 22:23:48.137 :: After HeartBeat Count=20 Result=5
debug time 22:26:48.139 :: Before HeartBeat Count=21 Time=Tue Nov 22 2011 22:26:48 GMT+0100 AccountId=28699575 Session=371f38f5-0a23-4164-b430-1d245976c04e
debug ++ [int] eventPhase = 2
debug ++ [Boolean] bubbles = false
debug ++ [Boolean] cancelable = false
debug ++ [String] type = timer
debug +++ [int] repeatCount = 0
debug +++ [int] currentCount = 20
debug +++ [Boolean] running = true
debug +++ [int] delay = 180000
debug +++ [int] repeatCount = 0
debug +++ [int] currentCount = 20
debug +++ [Boolean] running = true
debug +++ [int] delay = 180000
debug time 22:26:49.136 :: After HeartBeat Count=21 Result=5
debug time 22:29:48.157 :: Before HeartBeat Count=22 Time=Tue Nov 22 2011 22:29:48 GMT+0100 AccountId=28699575 Session=371f38f5-0a23-4164-b430-1d245976c04e
debug ++ [int] eventPhase = 2
debug ++ [Boolean] bubbles = false
debug ++ [Boolean] cancelable = false
debug ++ [String] type = timer
debug +++ [int] repeatCount = 0
debug +++ [int] currentCount = 21
debug +++ [Boolean] running = true
debug +++ [int] delay = 180000
debug +++ [int] repeatCount = 0
debug +++ [int] currentCount = 21
debug +++ [Boolean] running = true
debug +++ [int] delay = 180000
debug time 22:29:49.136 :: After HeartBeat Count=22 Result=5
debug time 22:30:59.213 :: Performing heartbeat at Tue Nov 22 2011 22:30:59 GMT+0100
debug time 22:32:48.187 :: Before HeartBeat Count=23 Time=Tue Nov 22 2011 22:32:48 GMT+0100 AccountId=28699575 Session=371f38f5-0a23-4164-b430-1d245976c04e
debug ++ [int] eventPhase = 2
debug ++ [Boolean] bubbles = false
debug ++ [Boolean] cancelable = false
debug ++ [String] type = timer
debug +++ [int] repeatCount = 0
debug +++ [int] currentCount = 22
debug +++ [Boolean] running = true
debug +++ [int] delay = 180000
debug +++ [int] repeatCount = 0
debug +++ [int] currentCount = 22
debug +++ [Boolean] running = true
debug +++ [int] delay = 180000
debug time 22:32:48.385 :: After HeartBeat Count=23 Result=5
debug time 22:35:49.38 :: Before HeartBeat Count=24 Time=Tue Nov 22 2011 22:35:49 GMT+0100 AccountId=28699575 Session=371f38f5-0a23-4164-b430-1d245976c04e
debug ++ [int] eventPhase = 2
debug ++ [Boolean] bubbles = false
debug ++ [Boolean] cancelable = false
debug ++ [String] type = timer
debug +++ [int] repeatCount = 0
debug +++ [int] currentCount = 23
debug +++ [Boolean] running = true
debug +++ [int] delay = 180000
debug +++ [int] repeatCount = 0
debug +++ [int] currentCount = 23
debug +++ [Boolean] running = true
debug +++ [int] delay = 180000
debug time 22:35:50.34 :: After HeartBeat Count=24 Result=5
debug time 22:38:49.38 :: Before HeartBeat Count=25 Time=Tue Nov 22 2011 22:38:49 GMT+0100 AccountId=28699575 Session=371f38f5-0a23-4164-b430-1d245976c04e
debug ++ [int] eventPhase = 2
debug ++ [Boolean] bubbles = false
debug ++ [Boolean] cancelable = false
debug ++ [String] type = timer
debug +++ [int] repeatCount = 0
debug +++ [int] currentCount = 24
debug +++ [Boolean] running = true
debug +++ [int] delay = 180000
debug +++ [int] repeatCount = 0
debug +++ [int] currentCount = 24
debug +++ [Boolean] running = true
debug +++ [int] delay = 180000
debug time 22:38:50.34 :: After HeartBeat Count=25 Result=5
debug time 22:41:49.39 :: Before HeartBeat Count=26 Time=Tue Nov 22 2011 22:41:49 GMT+0100 AccountId=28699575 Session=371f38f5-0a23-4164-b430-1d245976c04e
debug ++ [int] eventPhase = 2
debug ++ [Boolean] bubbles = false
debug ++ [Boolean] cancelable = false
debug ++ [String] type = timer
debug +++ [int] repeatCount = 0
debug +++ [int] currentCount = 25
debug +++ [Boolean] running = true
debug +++ [int] delay = 180000
debug +++ [int] repeatCount = 0
debug +++ [int] currentCount = 25
debug +++ [Boolean] running = true
debug +++ [int] delay = 180000
debug time 22:41:50.35 :: After HeartBeat Count=26 Result=5
debug time 22:44:50.39 :: Before HeartBeat Count=27 Time=Tue Nov 22 2011 22:44:50 GMT+0100 AccountId=28699575 Session=371f38f5-0a23-4164-b430-1d245976c04e
debug ++ [int] eventPhase = 2
debug ++ [Boolean] bubbles = false
debug ++ [Boolean] cancelable = false
debug ++ [String] type = timer
debug +++ [int] repeatCount = 0
debug +++ [int] currentCount = 26
debug +++ [Boolean] running = true
debug +++ [int] delay = 180000
debug +++ [int] repeatCount = 0
debug +++ [int] currentCount = 26
debug +++ [Boolean] running = true
debug +++ [int] delay = 180000
debug time 22:44:51.34 :: After HeartBeat Count=27 Result=5
debug time 22:47:51.37 :: Before HeartBeat Count=28 Time=Tue Nov 22 2011 22:47:51 GMT+0100 AccountId=28699575 Session=371f38f5-0a23-4164-b430-1d245976c04e
debug ++ [int] eventPhase = 2
debug ++ [Boolean] bubbles = false
debug ++ [Boolean] cancelable = false
debug ++ [String] type = timer
debug +++ [int] repeatCount = 0
debug +++ [int] currentCount = 27
debug +++ [Boolean] running = true
debug +++ [int] delay = 180000
debug +++ [int] repeatCount = 0
debug +++ [int] currentCount = 27
debug +++ [Boolean] running = true
debug +++ [int] delay = 180000
debug time 22:47:52.34 :: After HeartBeat Count=28 Result=5
debug time 22:50:51.64 :: Before HeartBeat Count=29 Time=Tue Nov 22 2011 22:50:51 GMT+0100 AccountId=28699575 Session=371f38f5-0a23-4164-b430-1d245976c04e
debug ++ [int] eventPhase = 2
debug ++ [Boolean] bubbles = false
debug ++ [Boolean] cancelable = false
debug ++ [String] type = timer
debug +++ [int] repeatCount = 0
debug +++ [int] currentCount = 28
debug +++ [Boolean] running = true
debug +++ [int] delay = 180000
debug +++ [int] repeatCount = 0
debug +++ [int] currentCount = 28
debug +++ [Boolean] running = true
debug +++ [int] delay = 180000
debug time 22:50:52.40 :: After HeartBeat Count=29 Result=5
debug time 22:53:52.39 :: Before HeartBeat Count=30 Time=Tue Nov 22 2011 22:53:52 GMT+0100 AccountId=28699575 Session=371f38f5-0a23-4164-b430-1d245976c04e
debug ++ [int] eventPhase = 2
debug ++ [Boolean] bubbles = false
debug ++ [Boolean] cancelable = false
debug ++ [String] type = timer
debug +++ [int] repeatCount = 0
debug +++ [int] currentCount = 29
debug +++ [Boolean] running = true
debug +++ [int] delay = 180000
debug +++ [int] repeatCount = 0
debug +++ [int] currentCount = 29
debug +++ [Boolean] running = true
debug +++ [int] delay = 180000
debug time 22:53:53.34 :: After HeartBeat Count=30 Result=5
debug time 22:56:52.70 :: Before HeartBeat Count=31 Time=Tue Nov 22 2011 22:56:52 GMT+0100 AccountId=28699575 Session=371f38f5-0a23-4164-b430-1d245976c04e
debug ++ [int] eventPhase = 2
debug ++ [Boolean] bubbles = false
debug ++ [Boolean] cancelable = false
debug ++ [String] type = timer
debug +++ [int] repeatCount = 0
debug +++ [int] currentCount = 30
debug +++ [Boolean] running = true
debug +++ [int] delay = 180000
debug +++ [int] repeatCount = 0
debug +++ [int] currentCount = 30
debug +++ [Boolean] running = true
debug +++ [int] delay = 180000
debug time 22:56:53.39 :: After HeartBeat Count=31 Result=5
debug time 22:59:53.38 :: Before HeartBeat Count=32 Time=Tue Nov 22 2011 22:59:53 GMT+0100 AccountId=28699575 Session=371f38f5-0a23-4164-b430-1d245976c04e
debug ++ [int] eventPhase = 2
debug ++ [Boolean] bubbles = false
debug ++ [Boolean] cancelable = false
debug ++ [String] type = timer
debug +++ [int] repeatCount = 0
debug +++ [int] currentCount = 31
debug +++ [Boolean] running = true
debug +++ [int] delay = 180000
debug +++ [int] repeatCount = 0
debug +++ [int] currentCount = 31
debug +++ [Boolean] running = true
debug +++ [int] delay = 180000
debug time 22:59:54.35 :: After HeartBeat Count=32 Result=5
debug time 23:00:42.76 :: Performing heartbeat at Tue Nov 22 2011 23:00:42 GMT+0100
