debug time 19:47:54.639 :: Before HeartBeat Count=1 Time=Sat Jan 14 2012 19:47:54 GMT+0100 AccountId=29131007 Session=b426bf7f-1603-45fe-aa21-a9db75095003
STOP LOGGING: More than 0 nested objects or properties. 
debug time 19:47:55.541 :: After HeartBeat Count=1 Result=5
debug time 19:49:54.675 :: Before HeartBeat Count=2 Time=Sat Jan 14 2012 19:49:54 GMT+0100 AccountId=29131007 Session=b426bf7f-1603-45fe-aa21-a9db75095003
debug ++ [int] eventPhase = 2
debug ++ [Boolean] bubbles = false
debug ++ [Boolean] cancelable = false
debug ++ [String] type = timer
debug +++ [int] repeatCount = 0
debug +++ [int] currentCount = 1
debug +++ [Boolean] running = true
debug +++ [int] delay = 120000
debug +++ [int] repeatCount = 0
debug +++ [int] currentCount = 1
debug +++ [Boolean] running = true
debug +++ [int] delay = 120000
debug time 19:49:54.879 :: After HeartBeat Count=2 Result=5
debug time 19:51:54.676 :: Before HeartBeat Count=3 Time=Sat Jan 14 2012 19:51:54 GMT+0100 AccountId=29131007 Session=b426bf7f-1603-45fe-aa21-a9db75095003
debug ++ [int] eventPhase = 2
debug ++ [Boolean] bubbles = false
debug ++ [Boolean] cancelable = false
debug ++ [String] type = timer
debug +++ [int] repeatCount = 0
debug +++ [int] currentCount = 2
debug +++ [Boolean] running = true
debug +++ [int] delay = 120000
debug +++ [int] repeatCount = 0
debug +++ [int] currentCount = 2
debug +++ [Boolean] running = true
debug +++ [int] delay = 120000
debug time 19:51:54.926 :: After HeartBeat Count=3 Result=5
debug time 19:53:54.706 :: Before HeartBeat Count=4 Time=Sat Jan 14 2012 19:53:54 GMT+0100 AccountId=29131007 Session=b426bf7f-1603-45fe-aa21-a9db75095003
debug ++ [int] eventPhase = 2
debug ++ [Boolean] bubbles = false
debug ++ [Boolean] cancelable = false
debug ++ [String] type = timer
debug +++ [int] repeatCount = 0
debug +++ [int] currentCount = 3
debug +++ [Boolean] running = true
debug +++ [int] delay = 120000
debug +++ [int] repeatCount = 0
debug +++ [int] currentCount = 3
debug +++ [Boolean] running = true
debug +++ [int] delay = 120000
debug time 19:53:54.883 :: After HeartBeat Count=4 Result=5
debug time 19:55:54.727 :: Before HeartBeat Count=5 Time=Sat Jan 14 2012 19:55:54 GMT+0100 AccountId=29131007 Session=b426bf7f-1603-45fe-aa21-a9db75095003
debug ++ [int] eventPhase = 2
debug ++ [Boolean] bubbles = false
debug ++ [Boolean] cancelable = false
debug ++ [String] type = timer
debug +++ [int] repeatCount = 0
debug +++ [int] currentCount = 4
debug +++ [Boolean] running = true
debug +++ [int] delay = 120000
debug +++ [int] repeatCount = 0
debug +++ [int] currentCount = 4
debug +++ [Boolean] running = true
debug +++ [int] delay = 120000
debug time 19:55:54.929 :: After HeartBeat Count=5 Result=5
debug time 19:57:54.835 :: Before HeartBeat Count=6 Time=Sat Jan 14 2012 19:57:54 GMT+0100 AccountId=29131007 Session=b426bf7f-1603-45fe-aa21-a9db75095003
debug ++ [int] eventPhase = 2
debug ++ [Boolean] bubbles = false
debug ++ [Boolean] cancelable = false
debug ++ [String] type = timer
debug +++ [int] repeatCount = 0
debug +++ [int] currentCount = 5
debug +++ [Boolean] running = true
debug +++ [int] delay = 120000
debug +++ [int] repeatCount = 0
debug +++ [int] currentCount = 5
debug +++ [Boolean] running = true
debug +++ [int] delay = 120000
debug time 19:57:55.831 :: After HeartBeat Count=6 Result=5
debug time 19:59:54.855 :: Before HeartBeat Count=7 Time=Sat Jan 14 2012 19:59:54 GMT+0100 AccountId=29131007 Session=b426bf7f-1603-45fe-aa21-a9db75095003
debug ++ [int] eventPhase = 2
debug ++ [Boolean] bubbles = false
debug ++ [Boolean] cancelable = false
debug ++ [String] type = timer
debug +++ [int] repeatCount = 0
debug +++ [int] currentCount = 6
debug +++ [Boolean] running = true
debug +++ [int] delay = 120000
debug +++ [int] repeatCount = 0
debug +++ [int] currentCount = 6
debug +++ [Boolean] running = true
debug +++ [int] delay = 120000
debug time 19:59:55.831 :: After HeartBeat Count=7 Result=5
debug time 20:01:54.855 :: Before HeartBeat Count=8 Time=Sat Jan 14 2012 20:01:54 GMT+0100 AccountId=29131007 Session=b426bf7f-1603-45fe-aa21-a9db75095003
debug ++ [int] eventPhase = 2
debug ++ [Boolean] bubbles = false
debug ++ [Boolean] cancelable = false
debug ++ [String] type = timer
debug +++ [int] repeatCount = 0
debug +++ [int] currentCount = 7
debug +++ [Boolean] running = true
debug +++ [int] delay = 120000
debug +++ [int] repeatCount = 0
debug +++ [int] currentCount = 7
debug +++ [Boolean] running = true
debug +++ [int] delay = 120000
debug time 20:01:55.831 :: After HeartBeat Count=8 Result=5
debug time 20:03:55.835 :: Before HeartBeat Count=9 Time=Sat Jan 14 2012 20:03:55 GMT+0100 AccountId=29131007 Session=b426bf7f-1603-45fe-aa21-a9db75095003
debug ++ [int] eventPhase = 2
debug ++ [Boolean] bubbles = false
debug ++ [Boolean] cancelable = false
debug ++ [String] type = timer
debug +++ [int] repeatCount = 0
debug +++ [int] currentCount = 8
debug +++ [Boolean] running = true
debug +++ [int] delay = 120000
debug +++ [int] repeatCount = 0
debug +++ [int] currentCount = 8
debug +++ [Boolean] running = true
debug +++ [int] delay = 120000
debug time 20:03:56.831 :: After HeartBeat Count=9 Result=5
debug time 20:05:55.834 :: Before HeartBeat Count=10 Time=Sat Jan 14 2012 20:05:55 GMT+0100 AccountId=29131007 Session=b426bf7f-1603-45fe-aa21-a9db75095003
debug ++ [int] eventPhase = 2
debug ++ [Boolean] bubbles = false
debug ++ [Boolean] cancelable = false
debug ++ [String] type = timer
debug +++ [int] repeatCount = 0
debug +++ [int] currentCount = 9
debug +++ [Boolean] running = true
debug +++ [int] delay = 120000
debug +++ [int] repeatCount = 0
debug +++ [int] currentCount = 9
debug +++ [Boolean] running = true
debug +++ [int] delay = 120000
debug time 20:05:56.830 :: After HeartBeat Count=10 Result=5
debug time 20:07:55.834 :: Before HeartBeat Count=11 Time=Sat Jan 14 2012 20:07:55 GMT+0100 AccountId=29131007 Session=b426bf7f-1603-45fe-aa21-a9db75095003
debug ++ [int] eventPhase = 2
debug ++ [Boolean] bubbles = false
debug ++ [Boolean] cancelable = false
debug ++ [String] type = timer
debug +++ [int] repeatCount = 0
debug +++ [int] currentCount = 10
debug +++ [Boolean] running = true
debug +++ [int] delay = 120000
debug +++ [int] repeatCount = 0
debug +++ [int] currentCount = 10
debug +++ [Boolean] running = true
debug +++ [int] delay = 120000
debug time 20:07:56.830 :: After HeartBeat Count=11 Result=5
debug time 20:09:55.834 :: Before HeartBeat Count=12 Time=Sat Jan 14 2012 20:09:55 GMT+0100 AccountId=29131007 Session=b426bf7f-1603-45fe-aa21-a9db75095003
debug ++ [int] eventPhase = 2
debug ++ [Boolean] bubbles = false
debug ++ [Boolean] cancelable = false
debug ++ [String] type = timer
debug +++ [int] repeatCount = 0
debug +++ [int] currentCount = 11
debug +++ [Boolean] running = true
debug +++ [int] delay = 120000
debug +++ [int] repeatCount = 0
debug +++ [int] currentCount = 11
debug +++ [Boolean] running = true
debug +++ [int] delay = 120000
debug time 20:09:56.830 :: After HeartBeat Count=12 Result=5
debug time 20:11:56.834 :: Before HeartBeat Count=13 Time=Sat Jan 14 2012 20:11:56 GMT+0100 AccountId=29131007 Session=b426bf7f-1603-45fe-aa21-a9db75095003
debug ++ [int] eventPhase = 2
debug ++ [Boolean] bubbles = false
debug ++ [Boolean] cancelable = false
debug ++ [String] type = timer
debug +++ [int] repeatCount = 0
debug +++ [int] currentCount = 12
debug +++ [Boolean] running = true
debug +++ [int] delay = 120000
debug +++ [int] repeatCount = 0
debug +++ [int] currentCount = 12
debug +++ [Boolean] running = true
debug +++ [int] delay = 120000
debug time 20:11:57.830 :: After HeartBeat Count=13 Result=5
debug time 20:13:57.835 :: Before HeartBeat Count=14 Time=Sat Jan 14 2012 20:13:57 GMT+0100 AccountId=29131007 Session=b426bf7f-1603-45fe-aa21-a9db75095003
debug ++ [int] eventPhase = 2
debug ++ [Boolean] bubbles = false
debug ++ [Boolean] cancelable = false
debug ++ [String] type = timer
debug +++ [int] repeatCount = 0
debug +++ [int] currentCount = 13
debug +++ [Boolean] running = true
debug +++ [int] delay = 120000
debug +++ [int] repeatCount = 0
debug +++ [int] currentCount = 13
debug +++ [Boolean] running = true
debug +++ [int] delay = 120000
debug time 20:13:58.831 :: After HeartBeat Count=14 Result=5
debug time 20:15:57.835 :: Before HeartBeat Count=15 Time=Sat Jan 14 2012 20:15:57 GMT+0100 AccountId=29131007 Session=b426bf7f-1603-45fe-aa21-a9db75095003
debug ++ [int] eventPhase = 2
debug ++ [Boolean] bubbles = false
debug ++ [Boolean] cancelable = false
debug ++ [String] type = timer
debug +++ [int] repeatCount = 0
debug +++ [int] currentCount = 14
debug +++ [Boolean] running = true
debug +++ [int] delay = 120000
debug +++ [int] repeatCount = 0
debug +++ [int] currentCount = 14
debug +++ [Boolean] running = true
debug +++ [int] delay = 120000
debug time 20:15:58.831 :: After HeartBeat Count=15 Result=5
debug time 20:17:58.851 :: Before HeartBeat Count=16 Time=Sat Jan 14 2012 20:17:58 GMT+0100 AccountId=29131007 Session=b426bf7f-1603-45fe-aa21-a9db75095003
debug ++ [int] eventPhase = 2
debug ++ [Boolean] bubbles = false
debug ++ [Boolean] cancelable = false
debug ++ [String] type = timer
debug +++ [int] repeatCount = 0
debug +++ [int] currentCount = 15
debug +++ [Boolean] running = true
debug +++ [int] delay = 120000
debug +++ [int] repeatCount = 0
debug +++ [int] currentCount = 15
debug +++ [Boolean] running = true
debug +++ [int] delay = 120000
debug time 20:17:59.836 :: After HeartBeat Count=16 Result=5
debug time 20:19:58.854 :: Before HeartBeat Count=17 Time=Sat Jan 14 2012 20:19:58 GMT+0100 AccountId=29131007 Session=b426bf7f-1603-45fe-aa21-a9db75095003
debug ++ [int] eventPhase = 2
debug ++ [Boolean] bubbles = false
debug ++ [Boolean] cancelable = false
debug ++ [String] type = timer
debug +++ [int] repeatCount = 0
debug +++ [int] currentCount = 16
debug +++ [Boolean] running = true
debug +++ [int] delay = 120000
debug +++ [int] repeatCount = 0
debug +++ [int] currentCount = 16
debug +++ [Boolean] running = true
debug +++ [int] delay = 120000
debug time 20:19:59.831 :: After HeartBeat Count=17 Result=5
debug time 20:20:31.985 :: Performing heartbeat at Sat Jan 14 2012 20:20:31 GMT+0100
