debug time 11:26:11.974 :: Before HeartBeat Count=1 Time=Wed Apr 11 2012 11:26:11 GMT+0200 AccountId=29131007 Session=b73d4185-d72e-4cbf-a204-7437527f1f35
STOP LOGGING: More than 0 nested objects or properties. 
debug time 11:26:12.410 :: After HeartBeat Count=1 Result=5
debug time 11:28:12.09 :: Before HeartBeat Count=2 Time=Wed Apr 11 2012 11:28:12 GMT+0200 AccountId=29131007 Session=b73d4185-d72e-4cbf-a204-7437527f1f35
debug ++ [int] eventPhase = 2
debug ++ [Boolean] bubbles = false
debug ++ [Boolean] cancelable = false
debug ++ [String] type = timer
debug +++ [int] repeatCount = 0
debug +++ [int] currentCount = 1
debug +++ [Boolean] running = true
debug +++ [int] delay = 120000
debug +++ [int] repeatCount = 0
debug +++ [int] currentCount = 1
debug +++ [Boolean] running = true
debug +++ [int] delay = 120000
debug time 11:28:12.280 :: After HeartBeat Count=2 Result=5
debug time 11:30:12.785 :: Before HeartBeat Count=3 Time=Wed Apr 11 2012 11:30:12 GMT+0200 AccountId=29131007 Session=b73d4185-d72e-4cbf-a204-7437527f1f35
debug ++ [int] eventPhase = 2
debug ++ [Boolean] bubbles = false
debug ++ [Boolean] cancelable = false
debug ++ [String] type = timer
debug +++ [int] repeatCount = 0
debug +++ [int] currentCount = 2
debug +++ [Boolean] running = true
debug +++ [int] delay = 120000
debug +++ [int] repeatCount = 0
debug +++ [int] currentCount = 2
debug +++ [Boolean] running = true
debug +++ [int] delay = 120000
debug time 11:30:12.954 :: After HeartBeat Count=3 Result=5
debug time 11:32:12.791 :: Before HeartBeat Count=4 Time=Wed Apr 11 2012 11:32:12 GMT+0200 AccountId=29131007 Session=b73d4185-d72e-4cbf-a204-7437527f1f35
debug ++ [int] eventPhase = 2
debug ++ [Boolean] bubbles = false
debug ++ [Boolean] cancelable = false
debug ++ [String] type = timer
debug +++ [int] repeatCount = 0
debug +++ [int] currentCount = 3
debug +++ [Boolean] running = true
debug +++ [int] delay = 120000
debug +++ [int] repeatCount = 0
debug +++ [int] currentCount = 3
debug +++ [Boolean] running = true
debug +++ [int] delay = 120000
debug time 11:32:12.959 :: After HeartBeat Count=4 Result=5
debug time 11:34:13.783 :: Before HeartBeat Count=5 Time=Wed Apr 11 2012 11:34:13 GMT+0200 AccountId=29131007 Session=b73d4185-d72e-4cbf-a204-7437527f1f35
debug ++ [int] eventPhase = 2
debug ++ [Boolean] bubbles = false
debug ++ [Boolean] cancelable = false
debug ++ [String] type = timer
debug +++ [int] repeatCount = 0
debug +++ [int] currentCount = 4
debug +++ [Boolean] running = true
debug +++ [int] delay = 120000
debug +++ [int] repeatCount = 0
debug +++ [int] currentCount = 4
debug +++ [Boolean] running = true
debug +++ [int] delay = 120000
debug time 11:34:13.951 :: After HeartBeat Count=5 Result=5
debug time 11:36:13.783 :: Before HeartBeat Count=6 Time=Wed Apr 11 2012 11:36:13 GMT+0200 AccountId=29131007 Session=b73d4185-d72e-4cbf-a204-7437527f1f35
debug ++ [int] eventPhase = 2
debug ++ [Boolean] bubbles = false
debug ++ [Boolean] cancelable = false
debug ++ [String] type = timer
debug +++ [int] repeatCount = 0
debug +++ [int] currentCount = 5
debug +++ [Boolean] running = true
debug +++ [int] delay = 120000
debug +++ [int] repeatCount = 0
debug +++ [int] currentCount = 5
debug +++ [Boolean] running = true
debug +++ [int] delay = 120000
debug time 11:36:13.951 :: After HeartBeat Count=6 Result=5
debug time 11:38:13.790 :: Before HeartBeat Count=7 Time=Wed Apr 11 2012 11:38:13 GMT+0200 AccountId=29131007 Session=b73d4185-d72e-4cbf-a204-7437527f1f35
debug ++ [int] eventPhase = 2
debug ++ [Boolean] bubbles = false
debug ++ [Boolean] cancelable = false
debug ++ [String] type = timer
debug +++ [int] repeatCount = 0
debug +++ [int] currentCount = 6
debug +++ [Boolean] running = true
debug +++ [int] delay = 120000
debug +++ [int] repeatCount = 0
debug +++ [int] currentCount = 6
debug +++ [Boolean] running = true
debug +++ [int] delay = 120000
debug time 11:38:13.957 :: After HeartBeat Count=7 Result=5
debug time 11:40:14.782 :: Before HeartBeat Count=8 Time=Wed Apr 11 2012 11:40:14 GMT+0200 AccountId=29131007 Session=b73d4185-d72e-4cbf-a204-7437527f1f35
debug ++ [int] eventPhase = 2
debug ++ [Boolean] bubbles = false
debug ++ [Boolean] cancelable = false
debug ++ [String] type = timer
debug +++ [int] repeatCount = 0
debug +++ [int] currentCount = 7
debug +++ [Boolean] running = true
debug +++ [int] delay = 120000
debug +++ [int] repeatCount = 0
debug +++ [int] currentCount = 7
debug +++ [Boolean] running = true
debug +++ [int] delay = 120000
debug time 11:40:14.951 :: After HeartBeat Count=8 Result=5
debug time 11:42:14.783 :: Before HeartBeat Count=9 Time=Wed Apr 11 2012 11:42:14 GMT+0200 AccountId=29131007 Session=b73d4185-d72e-4cbf-a204-7437527f1f35
debug ++ [int] eventPhase = 2
debug ++ [Boolean] bubbles = false
debug ++ [Boolean] cancelable = false
debug ++ [String] type = timer
debug +++ [int] repeatCount = 0
debug +++ [int] currentCount = 8
debug +++ [Boolean] running = true
debug +++ [int] delay = 120000
debug +++ [int] repeatCount = 0
debug +++ [int] currentCount = 8
debug +++ [Boolean] running = true
debug +++ [int] delay = 120000
debug time 11:42:14.951 :: After HeartBeat Count=9 Result=5
debug time 11:44:14.784 :: Before HeartBeat Count=10 Time=Wed Apr 11 2012 11:44:14 GMT+0200 AccountId=29131007 Session=b73d4185-d72e-4cbf-a204-7437527f1f35
debug ++ [int] eventPhase = 2
debug ++ [Boolean] bubbles = false
debug ++ [Boolean] cancelable = false
debug ++ [String] type = timer
debug +++ [int] repeatCount = 0
debug +++ [int] currentCount = 9
debug +++ [Boolean] running = true
debug +++ [int] delay = 120000
debug +++ [int] repeatCount = 0
debug +++ [int] currentCount = 9
debug +++ [Boolean] running = true
debug +++ [int] delay = 120000
debug time 11:44:14.953 :: After HeartBeat Count=10 Result=5
debug time 11:46:14.784 :: Before HeartBeat Count=11 Time=Wed Apr 11 2012 11:46:14 GMT+0200 AccountId=29131007 Session=b73d4185-d72e-4cbf-a204-7437527f1f35
debug ++ [int] eventPhase = 2
debug ++ [Boolean] bubbles = false
debug ++ [Boolean] cancelable = false
debug ++ [String] type = timer
debug +++ [int] repeatCount = 0
debug +++ [int] currentCount = 10
debug +++ [Boolean] running = true
debug +++ [int] delay = 120000
debug +++ [int] repeatCount = 0
debug +++ [int] currentCount = 10
debug +++ [Boolean] running = true
debug +++ [int] delay = 120000
debug time 11:46:14.951 :: After HeartBeat Count=11 Result=5
debug time 11:48:15.782 :: Before HeartBeat Count=12 Time=Wed Apr 11 2012 11:48:15 GMT+0200 AccountId=29131007 Session=b73d4185-d72e-4cbf-a204-7437527f1f35
debug ++ [int] eventPhase = 2
debug ++ [Boolean] bubbles = false
debug ++ [Boolean] cancelable = false
debug ++ [String] type = timer
debug +++ [int] repeatCount = 0
debug +++ [int] currentCount = 11
debug +++ [Boolean] running = true
debug +++ [int] delay = 120000
debug +++ [int] repeatCount = 0
debug +++ [int] currentCount = 11
debug +++ [Boolean] running = true
debug +++ [int] delay = 120000
debug time 11:48:15.950 :: After HeartBeat Count=12 Result=5
debug time 11:50:15.783 :: Before HeartBeat Count=13 Time=Wed Apr 11 2012 11:50:15 GMT+0200 AccountId=29131007 Session=b73d4185-d72e-4cbf-a204-7437527f1f35
debug ++ [int] eventPhase = 2
debug ++ [Boolean] bubbles = false
debug ++ [Boolean] cancelable = false
debug ++ [String] type = timer
debug +++ [int] repeatCount = 0
debug +++ [int] currentCount = 12
debug +++ [Boolean] running = true
debug +++ [int] delay = 120000
debug +++ [int] repeatCount = 0
debug +++ [int] currentCount = 12
debug +++ [Boolean] running = true
debug +++ [int] delay = 120000
debug time 11:50:15.951 :: After HeartBeat Count=13 Result=5
debug time 11:52:15.783 :: Before HeartBeat Count=14 Time=Wed Apr 11 2012 11:52:15 GMT+0200 AccountId=29131007 Session=b73d4185-d72e-4cbf-a204-7437527f1f35
debug ++ [int] eventPhase = 2
debug ++ [Boolean] bubbles = false
debug ++ [Boolean] cancelable = false
debug ++ [String] type = timer
debug +++ [int] repeatCount = 0
debug +++ [int] currentCount = 13
debug +++ [Boolean] running = true
debug +++ [int] delay = 120000
debug +++ [int] repeatCount = 0
debug +++ [int] currentCount = 13
debug +++ [Boolean] running = true
debug +++ [int] delay = 120000
debug time 11:52:15.951 :: After HeartBeat Count=14 Result=5
debug time 11:54:16.783 :: Before HeartBeat Count=15 Time=Wed Apr 11 2012 11:54:16 GMT+0200 AccountId=29131007 Session=b73d4185-d72e-4cbf-a204-7437527f1f35
debug ++ [int] eventPhase = 2
debug ++ [Boolean] bubbles = false
debug ++ [Boolean] cancelable = false
debug ++ [String] type = timer
debug +++ [int] repeatCount = 0
debug +++ [int] currentCount = 14
debug +++ [Boolean] running = true
debug +++ [int] delay = 120000
debug +++ [int] repeatCount = 0
debug +++ [int] currentCount = 14
debug +++ [Boolean] running = true
debug +++ [int] delay = 120000
debug time 11:54:16.950 :: After HeartBeat Count=15 Result=5
debug time 11:56:16.793 :: Before HeartBeat Count=16 Time=Wed Apr 11 2012 11:56:16 GMT+0200 AccountId=29131007 Session=b73d4185-d72e-4cbf-a204-7437527f1f35
debug ++ [int] eventPhase = 2
debug ++ [Boolean] bubbles = false
debug ++ [Boolean] cancelable = false
debug ++ [String] type = timer
debug +++ [int] repeatCount = 0
debug +++ [int] currentCount = 15
debug +++ [Boolean] running = true
debug +++ [int] delay = 120000
debug +++ [int] repeatCount = 0
debug +++ [int] currentCount = 15
debug +++ [Boolean] running = true
debug +++ [int] delay = 120000
debug time 11:56:16.981 :: After HeartBeat Count=16 Result=5
debug time 11:58:17.783 :: Before HeartBeat Count=17 Time=Wed Apr 11 2012 11:58:17 GMT+0200 AccountId=29131007 Session=b73d4185-d72e-4cbf-a204-7437527f1f35
debug ++ [int] eventPhase = 2
debug ++ [Boolean] bubbles = false
debug ++ [Boolean] cancelable = false
debug ++ [String] type = timer
debug +++ [int] repeatCount = 0
debug +++ [int] currentCount = 16
debug +++ [Boolean] running = true
debug +++ [int] delay = 120000
debug +++ [int] repeatCount = 0
debug +++ [int] currentCount = 16
debug +++ [Boolean] running = true
debug +++ [int] delay = 120000
debug time 11:58:17.951 :: After HeartBeat Count=17 Result=5
debug time 12:00:17.784 :: Before HeartBeat Count=18 Time=Wed Apr 11 2012 12:00:17 GMT+0200 AccountId=29131007 Session=b73d4185-d72e-4cbf-a204-7437527f1f35
debug ++ [int] eventPhase = 2
debug ++ [Boolean] bubbles = false
debug ++ [Boolean] cancelable = false
debug ++ [String] type = timer
debug +++ [int] repeatCount = 0
debug +++ [int] currentCount = 17
debug +++ [Boolean] running = true
debug +++ [int] delay = 120000
debug +++ [int] repeatCount = 0
debug +++ [int] currentCount = 17
debug +++ [Boolean] running = true
debug +++ [int] delay = 120000
debug time 12:00:17.952 :: After HeartBeat Count=18 Result=5
debug time 12:02:17.794 :: Before HeartBeat Count=19 Time=Wed Apr 11 2012 12:02:17 GMT+0200 AccountId=29131007 Session=b73d4185-d72e-4cbf-a204-7437527f1f35
debug ++ [int] eventPhase = 2
debug ++ [Boolean] bubbles = false
debug ++ [Boolean] cancelable = false
debug ++ [String] type = timer
debug +++ [int] repeatCount = 0
debug +++ [int] currentCount = 18
debug +++ [Boolean] running = true
debug +++ [int] delay = 120000
debug +++ [int] repeatCount = 0
debug +++ [int] currentCount = 18
debug +++ [Boolean] running = true
debug +++ [int] delay = 120000
debug time 12:02:17.977 :: After HeartBeat Count=19 Result=5
debug time 12:02:39.343 :: Performing heartbeat at Wed Apr 11 2012 12:02:39 GMT+0200
debug time 12:04:17.807 :: Before HeartBeat Count=20 Time=Wed Apr 11 2012 12:04:17 GMT+0200 AccountId=29131007 Session=b73d4185-d72e-4cbf-a204-7437527f1f35
debug ++ [int] eventPhase = 2
debug ++ [Boolean] bubbles = false
debug ++ [Boolean] cancelable = false
debug ++ [String] type = timer
debug +++ [int] repeatCount = 0
debug +++ [int] currentCount = 19
debug +++ [Boolean] running = true
debug +++ [int] delay = 120000
debug +++ [int] repeatCount = 0
debug +++ [int] currentCount = 19
debug +++ [Boolean] running = true
debug +++ [int] delay = 120000
debug time 12:04:18.02 :: After HeartBeat Count=20 Result=5
debug time 12:06:18.42 :: Before HeartBeat Count=21 Time=Wed Apr 11 2012 12:06:18 GMT+0200 AccountId=29131007 Session=b73d4185-d72e-4cbf-a204-7437527f1f35
debug ++ [int] eventPhase = 2
debug ++ [Boolean] bubbles = false
debug ++ [Boolean] cancelable = false
debug ++ [String] type = timer
debug +++ [int] repeatCount = 0
debug +++ [int] currentCount = 20
debug +++ [Boolean] running = true
debug +++ [int] delay = 120000
debug +++ [int] repeatCount = 0
debug +++ [int] currentCount = 20
debug +++ [Boolean] running = true
debug +++ [int] delay = 120000
debug time 12:06:18.241 :: After HeartBeat Count=21 Result=5
debug time 12:08:19.13 :: Before HeartBeat Count=22 Time=Wed Apr 11 2012 12:08:19 GMT+0200 AccountId=29131007 Session=b73d4185-d72e-4cbf-a204-7437527f1f35
debug ++ [int] eventPhase = 2
debug ++ [Boolean] bubbles = false
debug ++ [Boolean] cancelable = false
debug ++ [String] type = timer
debug +++ [int] repeatCount = 0
debug +++ [int] currentCount = 21
debug +++ [Boolean] running = true
debug +++ [int] delay = 120000
debug +++ [int] repeatCount = 0
debug +++ [int] currentCount = 21
debug +++ [Boolean] running = true
debug +++ [int] delay = 120000
debug time 12:08:19.186 :: After HeartBeat Count=22 Result=5
debug time 12:10:19.48 :: Before HeartBeat Count=23 Time=Wed Apr 11 2012 12:10:19 GMT+0200 AccountId=29131007 Session=b73d4185-d72e-4cbf-a204-7437527f1f35
debug ++ [int] eventPhase = 2
debug ++ [Boolean] bubbles = false
debug ++ [Boolean] cancelable = false
debug ++ [String] type = timer
debug +++ [int] repeatCount = 0
debug +++ [int] currentCount = 22
debug +++ [Boolean] running = true
debug +++ [int] delay = 120000
debug +++ [int] repeatCount = 0
debug +++ [int] currentCount = 22
debug +++ [Boolean] running = true
debug +++ [int] delay = 120000
debug time 12:10:19.216 :: After HeartBeat Count=23 Result=5
debug time 12:12:20.08 :: Before HeartBeat Count=24 Time=Wed Apr 11 2012 12:12:20 GMT+0200 AccountId=29131007 Session=b73d4185-d72e-4cbf-a204-7437527f1f35
debug ++ [int] eventPhase = 2
debug ++ [Boolean] bubbles = false
debug ++ [Boolean] cancelable = false
debug ++ [String] type = timer
debug +++ [int] repeatCount = 0
debug +++ [int] currentCount = 23
debug +++ [Boolean] running = true
debug +++ [int] delay = 120000
debug +++ [int] repeatCount = 0
debug +++ [int] currentCount = 23
debug +++ [Boolean] running = true
debug +++ [int] delay = 120000
debug time 12:12:20.176 :: After HeartBeat Count=24 Result=5
debug time 12:14:20.09 :: Before HeartBeat Count=25 Time=Wed Apr 11 2012 12:14:20 GMT+0200 AccountId=29131007 Session=b73d4185-d72e-4cbf-a204-7437527f1f35
debug ++ [int] eventPhase = 2
debug ++ [Boolean] bubbles = false
debug ++ [Boolean] cancelable = false
debug ++ [String] type = timer
debug +++ [int] repeatCount = 0
debug +++ [int] currentCount = 24
debug +++ [Boolean] running = true
debug +++ [int] delay = 120000
debug +++ [int] repeatCount = 0
debug +++ [int] currentCount = 24
debug +++ [Boolean] running = true
debug +++ [int] delay = 120000
debug time 12:14:20.177 :: After HeartBeat Count=25 Result=5
debug time 12:16:20.12 :: Before HeartBeat Count=26 Time=Wed Apr 11 2012 12:16:20 GMT+0200 AccountId=29131007 Session=b73d4185-d72e-4cbf-a204-7437527f1f35
debug ++ [int] eventPhase = 2
debug ++ [Boolean] bubbles = false
debug ++ [Boolean] cancelable = false
debug ++ [String] type = timer
debug +++ [int] repeatCount = 0
debug +++ [int] currentCount = 25
debug +++ [Boolean] running = true
debug +++ [int] delay = 120000
debug +++ [int] repeatCount = 0
debug +++ [int] currentCount = 25
debug +++ [Boolean] running = true
debug +++ [int] delay = 120000
debug time 12:16:20.183 :: After HeartBeat Count=26 Result=5
debug time 12:18:21.09 :: Before HeartBeat Count=27 Time=Wed Apr 11 2012 12:18:21 GMT+0200 AccountId=29131007 Session=b73d4185-d72e-4cbf-a204-7437527f1f35
debug ++ [int] eventPhase = 2
debug ++ [Boolean] bubbles = false
debug ++ [Boolean] cancelable = false
debug ++ [String] type = timer
debug +++ [int] repeatCount = 0
debug +++ [int] currentCount = 26
debug +++ [Boolean] running = true
debug +++ [int] delay = 120000
debug +++ [int] repeatCount = 0
debug +++ [int] currentCount = 26
debug +++ [Boolean] running = true
debug +++ [int] delay = 120000
debug time 12:18:21.177 :: After HeartBeat Count=27 Result=5
debug time 12:20:21.34 :: Before HeartBeat Count=28 Time=Wed Apr 11 2012 12:20:21 GMT+0200 AccountId=29131007 Session=b73d4185-d72e-4cbf-a204-7437527f1f35
debug ++ [int] eventPhase = 2
debug ++ [Boolean] bubbles = false
debug ++ [Boolean] cancelable = false
debug ++ [String] type = timer
debug +++ [int] repeatCount = 0
debug +++ [int] currentCount = 27
debug +++ [Boolean] running = true
debug +++ [int] delay = 120000
debug +++ [int] repeatCount = 0
debug +++ [int] currentCount = 27
debug +++ [Boolean] running = true
debug +++ [int] delay = 120000
debug time 12:20:21.232 :: After HeartBeat Count=28 Result=5
debug time 12:22:21.34 :: Before HeartBeat Count=29 Time=Wed Apr 11 2012 12:22:21 GMT+0200 AccountId=29131007 Session=b73d4185-d72e-4cbf-a204-7437527f1f35
debug ++ [int] eventPhase = 2
debug ++ [Boolean] bubbles = false
debug ++ [Boolean] cancelable = false
debug ++ [String] type = timer
debug +++ [int] repeatCount = 0
debug +++ [int] currentCount = 28
debug +++ [Boolean] running = true
debug +++ [int] delay = 120000
debug +++ [int] repeatCount = 0
debug +++ [int] currentCount = 28
debug +++ [Boolean] running = true
debug +++ [int] delay = 120000
debug time 12:22:21.232 :: After HeartBeat Count=29 Result=5
debug time 12:24:22.08 :: Before HeartBeat Count=30 Time=Wed Apr 11 2012 12:24:22 GMT+0200 AccountId=29131007 Session=b73d4185-d72e-4cbf-a204-7437527f1f35
debug ++ [int] eventPhase = 2
debug ++ [Boolean] bubbles = false
debug ++ [Boolean] cancelable = false
debug ++ [String] type = timer
debug +++ [int] repeatCount = 0
debug +++ [int] currentCount = 29
debug +++ [Boolean] running = true
debug +++ [int] delay = 120000
debug +++ [int] repeatCount = 0
debug +++ [int] currentCount = 29
debug +++ [Boolean] running = true
debug +++ [int] delay = 120000
debug time 12:24:22.176 :: After HeartBeat Count=30 Result=5
debug time 12:26:22.09 :: Before HeartBeat Count=31 Time=Wed Apr 11 2012 12:26:22 GMT+0200 AccountId=29131007 Session=b73d4185-d72e-4cbf-a204-7437527f1f35
debug ++ [int] eventPhase = 2
debug ++ [Boolean] bubbles = false
debug ++ [Boolean] cancelable = false
debug ++ [String] type = timer
debug +++ [int] repeatCount = 0
debug +++ [int] currentCount = 30
debug +++ [Boolean] running = true
debug +++ [int] delay = 120000
debug +++ [int] repeatCount = 0
debug +++ [int] currentCount = 30
debug +++ [Boolean] running = true
debug +++ [int] delay = 120000
debug time 12:26:22.178 :: After HeartBeat Count=31 Result=5
debug time 12:28:23.31 :: Before HeartBeat Count=32 Time=Wed Apr 11 2012 12:28:23 GMT+0200 AccountId=29131007 Session=b73d4185-d72e-4cbf-a204-7437527f1f35
debug ++ [int] eventPhase = 2
debug ++ [Boolean] bubbles = false
debug ++ [Boolean] cancelable = false
debug ++ [String] type = timer
debug +++ [int] repeatCount = 0
debug +++ [int] currentCount = 31
debug +++ [Boolean] running = true
debug +++ [int] delay = 120000
debug +++ [int] repeatCount = 0
debug +++ [int] currentCount = 31
debug +++ [Boolean] running = true
debug +++ [int] delay = 120000
debug time 12:28:23.198 :: After HeartBeat Count=32 Result=5
debug time 12:30:24.08 :: Before HeartBeat Count=33 Time=Wed Apr 11 2012 12:30:24 GMT+0200 AccountId=29131007 Session=b73d4185-d72e-4cbf-a204-7437527f1f35
debug ++ [int] eventPhase = 2
debug ++ [Boolean] bubbles = false
debug ++ [Boolean] cancelable = false
debug ++ [String] type = timer
debug +++ [int] repeatCount = 0
debug +++ [int] currentCount = 32
debug +++ [Boolean] running = true
debug +++ [int] delay = 120000
debug +++ [int] repeatCount = 0
debug +++ [int] currentCount = 32
debug +++ [Boolean] running = true
debug +++ [int] delay = 120000
debug time 12:30:24.176 :: After HeartBeat Count=33 Result=5
debug time 12:32:24.08 :: Before HeartBeat Count=34 Time=Wed Apr 11 2012 12:32:24 GMT+0200 AccountId=29131007 Session=b73d4185-d72e-4cbf-a204-7437527f1f35
debug ++ [int] eventPhase = 2
debug ++ [Boolean] bubbles = false
debug ++ [Boolean] cancelable = false
debug ++ [String] type = timer
debug +++ [int] repeatCount = 0
debug +++ [int] currentCount = 33
debug +++ [Boolean] running = true
debug +++ [int] delay = 120000
debug +++ [int] repeatCount = 0
debug +++ [int] currentCount = 33
debug +++ [Boolean] running = true
debug +++ [int] delay = 120000
debug time 12:32:24.176 :: After HeartBeat Count=34 Result=5
debug time 12:34:24.09 :: Before HeartBeat Count=35 Time=Wed Apr 11 2012 12:34:24 GMT+0200 AccountId=29131007 Session=b73d4185-d72e-4cbf-a204-7437527f1f35
debug ++ [int] eventPhase = 2
debug ++ [Boolean] bubbles = false
debug ++ [Boolean] cancelable = false
debug ++ [String] type = timer
debug +++ [int] repeatCount = 0
debug +++ [int] currentCount = 34
debug +++ [Boolean] running = true
debug +++ [int] delay = 120000
debug +++ [int] repeatCount = 0
debug +++ [int] currentCount = 34
debug +++ [Boolean] running = true
debug +++ [int] delay = 120000
debug time 12:34:24.178 :: After HeartBeat Count=35 Result=5
debug time 12:34:34.977 :: Performing heartbeat at Wed Apr 11 2012 12:34:34 GMT+0200
debug time 12:36:24.10 :: Before HeartBeat Count=36 Time=Wed Apr 11 2012 12:36:24 GMT+0200 AccountId=29131007 Session=b73d4185-d72e-4cbf-a204-7437527f1f35
debug ++ [int] eventPhase = 2
debug ++ [Boolean] bubbles = false
debug ++ [Boolean] cancelable = false
debug ++ [String] type = timer
debug +++ [int] repeatCount = 0
debug +++ [int] currentCount = 35
debug +++ [Boolean] running = true
debug +++ [int] delay = 120000
debug +++ [int] repeatCount = 0
debug +++ [int] currentCount = 35
debug +++ [Boolean] running = true
debug +++ [int] delay = 120000
debug time 12:36:24.205 :: After HeartBeat Count=36 Result=5
debug time 12:38:24.37 :: Before HeartBeat Count=37 Time=Wed Apr 11 2012 12:38:24 GMT+0200 AccountId=29131007 Session=b73d4185-d72e-4cbf-a204-7437527f1f35
debug ++ [int] eventPhase = 2
debug ++ [Boolean] bubbles = false
debug ++ [Boolean] cancelable = false
debug ++ [String] type = timer
debug +++ [int] repeatCount = 0
debug +++ [int] currentCount = 36
debug +++ [Boolean] running = true
debug +++ [int] delay = 120000
debug +++ [int] repeatCount = 0
debug +++ [int] currentCount = 36
debug +++ [Boolean] running = true
debug +++ [int] delay = 120000
debug time 12:38:24.240 :: After HeartBeat Count=37 Result=5
debug time 12:40:24.57 :: Before HeartBeat Count=38 Time=Wed Apr 11 2012 12:40:24 GMT+0200 AccountId=29131007 Session=b73d4185-d72e-4cbf-a204-7437527f1f35
debug ++ [int] eventPhase = 2
debug ++ [Boolean] bubbles = false
debug ++ [Boolean] cancelable = false
debug ++ [String] type = timer
debug +++ [int] repeatCount = 0
debug +++ [int] currentCount = 37
debug +++ [Boolean] running = true
debug +++ [int] delay = 120000
debug +++ [int] repeatCount = 0
debug +++ [int] currentCount = 37
debug +++ [Boolean] running = true
debug +++ [int] delay = 120000
debug time 12:40:24.310 :: After HeartBeat Count=38 Result=5
debug time 12:42:24.718 :: Before HeartBeat Count=39 Time=Wed Apr 11 2012 12:42:24 GMT+0200 AccountId=29131007 Session=b73d4185-d72e-4cbf-a204-7437527f1f35
debug ++ [int] eventPhase = 2
debug ++ [Boolean] bubbles = false
debug ++ [Boolean] cancelable = false
debug ++ [String] type = timer
debug +++ [int] repeatCount = 0
debug +++ [int] currentCount = 38
debug +++ [Boolean] running = true
debug +++ [int] delay = 120000
debug +++ [int] repeatCount = 0
debug +++ [int] currentCount = 38
debug +++ [Boolean] running = true
debug +++ [int] delay = 120000
debug time 12:42:24.887 :: After HeartBeat Count=39 Result=5
debug time 12:44:25.718 :: Before HeartBeat Count=40 Time=Wed Apr 11 2012 12:44:25 GMT+0200 AccountId=29131007 Session=b73d4185-d72e-4cbf-a204-7437527f1f35
debug ++ [int] eventPhase = 2
debug ++ [Boolean] bubbles = false
debug ++ [Boolean] cancelable = false
debug ++ [String] type = timer
debug +++ [int] repeatCount = 0
debug +++ [int] currentCount = 39
debug +++ [Boolean] running = true
debug +++ [int] delay = 120000
debug +++ [int] repeatCount = 0
debug +++ [int] currentCount = 39
debug +++ [Boolean] running = true
debug +++ [int] delay = 120000
debug time 12:44:25.887 :: After HeartBeat Count=40 Result=5
debug time 12:46:26.718 :: Before HeartBeat Count=41 Time=Wed Apr 11 2012 12:46:26 GMT+0200 AccountId=29131007 Session=b73d4185-d72e-4cbf-a204-7437527f1f35
debug ++ [int] eventPhase = 2
debug ++ [Boolean] bubbles = false
debug ++ [Boolean] cancelable = false
debug ++ [String] type = timer
debug +++ [int] repeatCount = 0
debug +++ [int] currentCount = 40
debug +++ [Boolean] running = true
debug +++ [int] delay = 120000
debug +++ [int] repeatCount = 0
debug +++ [int] currentCount = 40
debug +++ [Boolean] running = true
debug +++ [int] delay = 120000
debug time 12:46:26.885 :: After HeartBeat Count=41 Result=5
debug time 12:48:27.742 :: Before HeartBeat Count=42 Time=Wed Apr 11 2012 12:48:27 GMT+0200 AccountId=29131007 Session=b73d4185-d72e-4cbf-a204-7437527f1f35
debug ++ [int] eventPhase = 2
debug ++ [Boolean] bubbles = false
debug ++ [Boolean] cancelable = false
debug ++ [String] type = timer
debug +++ [int] repeatCount = 0
debug +++ [int] currentCount = 41
debug +++ [Boolean] running = true
debug +++ [int] delay = 120000
debug +++ [int] repeatCount = 0
debug +++ [int] currentCount = 41
debug +++ [Boolean] running = true
debug +++ [int] delay = 120000
debug time 12:48:27.909 :: After HeartBeat Count=42 Result=5
debug time 12:50:27.748 :: Before HeartBeat Count=43 Time=Wed Apr 11 2012 12:50:27 GMT+0200 AccountId=29131007 Session=b73d4185-d72e-4cbf-a204-7437527f1f35
debug ++ [int] eventPhase = 2
debug ++ [Boolean] bubbles = false
debug ++ [Boolean] cancelable = false
debug ++ [String] type = timer
debug +++ [int] repeatCount = 0
debug +++ [int] currentCount = 42
debug +++ [Boolean] running = true
debug +++ [int] delay = 120000
debug +++ [int] repeatCount = 0
debug +++ [int] currentCount = 42
debug +++ [Boolean] running = true
debug +++ [int] delay = 120000
debug time 12:50:27.946 :: After HeartBeat Count=43 Result=5
debug time 12:52:28.717 :: Before HeartBeat Count=44 Time=Wed Apr 11 2012 12:52:28 GMT+0200 AccountId=29131007 Session=b73d4185-d72e-4cbf-a204-7437527f1f35
debug ++ [int] eventPhase = 2
debug ++ [Boolean] bubbles = false
debug ++ [Boolean] cancelable = false
debug ++ [String] type = timer
debug +++ [int] repeatCount = 0
debug +++ [int] currentCount = 43
debug +++ [Boolean] running = true
debug +++ [int] delay = 120000
debug +++ [int] repeatCount = 0
debug +++ [int] currentCount = 43
debug +++ [Boolean] running = true
debug +++ [int] delay = 120000
debug time 12:52:28.885 :: After HeartBeat Count=44 Result=5
debug time 12:54:28.719 :: Before HeartBeat Count=45 Time=Wed Apr 11 2012 12:54:28 GMT+0200 AccountId=29131007 Session=b73d4185-d72e-4cbf-a204-7437527f1f35
debug ++ [int] eventPhase = 2
debug ++ [Boolean] bubbles = false
debug ++ [Boolean] cancelable = false
debug ++ [String] type = timer
debug +++ [int] repeatCount = 0
debug +++ [int] currentCount = 44
debug +++ [Boolean] running = true
debug +++ [int] delay = 120000
debug +++ [int] repeatCount = 0
debug +++ [int] currentCount = 44
debug +++ [Boolean] running = true
debug +++ [int] delay = 120000
debug time 12:54:28.886 :: After HeartBeat Count=45 Result=5
debug time 12:56:28.719 :: Before HeartBeat Count=46 Time=Wed Apr 11 2012 12:56:28 GMT+0200 AccountId=29131007 Session=b73d4185-d72e-4cbf-a204-7437527f1f35
debug ++ [int] eventPhase = 2
debug ++ [Boolean] bubbles = false
debug ++ [Boolean] cancelable = false
debug ++ [String] type = timer
debug +++ [int] repeatCount = 0
debug +++ [int] currentCount = 45
debug +++ [Boolean] running = true
debug +++ [int] delay = 120000
debug +++ [int] repeatCount = 0
debug +++ [int] currentCount = 45
debug +++ [Boolean] running = true
debug +++ [int] delay = 120000
debug time 12:56:28.887 :: After HeartBeat Count=46 Result=5
debug time 12:58:29.717 :: Before HeartBeat Count=47 Time=Wed Apr 11 2012 12:58:29 GMT+0200 AccountId=29131007 Session=b73d4185-d72e-4cbf-a204-7437527f1f35
debug ++ [int] eventPhase = 2
debug ++ [Boolean] bubbles = false
debug ++ [Boolean] cancelable = false
debug ++ [String] type = timer
debug +++ [int] repeatCount = 0
debug +++ [int] currentCount = 46
debug +++ [Boolean] running = true
debug +++ [int] delay = 120000
debug +++ [int] repeatCount = 0
debug +++ [int] currentCount = 46
debug +++ [Boolean] running = true
debug +++ [int] delay = 120000
debug time 12:58:29.886 :: After HeartBeat Count=47 Result=5
debug time 13:00:29.752 :: Before HeartBeat Count=48 Time=Wed Apr 11 2012 13:00:29 GMT+0200 AccountId=29131007 Session=b73d4185-d72e-4cbf-a204-7437527f1f35
debug ++ [int] eventPhase = 2
debug ++ [Boolean] bubbles = false
debug ++ [Boolean] cancelable = false
debug ++ [String] type = timer
debug +++ [int] repeatCount = 0
debug +++ [int] currentCount = 47
debug +++ [Boolean] running = true
debug +++ [int] delay = 120000
debug +++ [int] repeatCount = 0
debug +++ [int] currentCount = 47
debug +++ [Boolean] running = true
debug +++ [int] delay = 120000
debug time 13:00:29.950 :: After HeartBeat Count=48 Result=5
debug time 13:02:30.718 :: Before HeartBeat Count=49 Time=Wed Apr 11 2012 13:02:30 GMT+0200 AccountId=29131007 Session=b73d4185-d72e-4cbf-a204-7437527f1f35
debug ++ [int] eventPhase = 2
debug ++ [Boolean] bubbles = false
debug ++ [Boolean] cancelable = false
debug ++ [String] type = timer
debug +++ [int] repeatCount = 0
debug +++ [int] currentCount = 48
debug +++ [Boolean] running = true
debug +++ [int] delay = 120000
debug +++ [int] repeatCount = 0
debug +++ [int] currentCount = 48
debug +++ [Boolean] running = true
debug +++ [int] delay = 120000
debug time 13:02:30.886 :: After HeartBeat Count=49 Result=5
debug time 13:04:30.722 :: Before HeartBeat Count=50 Time=Wed Apr 11 2012 13:04:30 GMT+0200 AccountId=29131007 Session=b73d4185-d72e-4cbf-a204-7437527f1f35
debug ++ [int] eventPhase = 2
debug ++ [Boolean] bubbles = false
debug ++ [Boolean] cancelable = false
debug ++ [String] type = timer
debug +++ [int] repeatCount = 0
debug +++ [int] currentCount = 49
debug +++ [Boolean] running = true
debug +++ [int] delay = 120000
debug +++ [int] repeatCount = 0
debug +++ [int] currentCount = 49
debug +++ [Boolean] running = true
debug +++ [int] delay = 120000
debug time 13:04:30.893 :: After HeartBeat Count=50 Result=5
debug time 13:06:31.748 :: Before HeartBeat Count=51 Time=Wed Apr 11 2012 13:06:31 GMT+0200 AccountId=29131007 Session=b73d4185-d72e-4cbf-a204-7437527f1f35
debug ++ [int] eventPhase = 2
debug ++ [Boolean] bubbles = false
debug ++ [Boolean] cancelable = false
debug ++ [String] type = timer
debug +++ [int] repeatCount = 0
debug +++ [int] currentCount = 50
debug +++ [Boolean] running = true
debug +++ [int] delay = 120000
debug +++ [int] repeatCount = 0
debug +++ [int] currentCount = 50
debug +++ [Boolean] running = true
debug +++ [int] delay = 120000
debug time 13:06:31.951 :: After HeartBeat Count=51 Result=5
debug time 13:08:32.717 :: Before HeartBeat Count=52 Time=Wed Apr 11 2012 13:08:32 GMT+0200 AccountId=29131007 Session=b73d4185-d72e-4cbf-a204-7437527f1f35
debug ++ [int] eventPhase = 2
debug ++ [Boolean] bubbles = false
debug ++ [Boolean] cancelable = false
debug ++ [String] type = timer
debug +++ [int] repeatCount = 0
debug +++ [int] currentCount = 51
debug +++ [Boolean] running = true
debug +++ [int] delay = 120000
debug +++ [int] repeatCount = 0
debug +++ [int] currentCount = 51
debug +++ [Boolean] running = true
debug +++ [int] delay = 120000
debug time 13:08:32.885 :: After HeartBeat Count=52 Result=5
debug time 13:10:33.346 :: Before HeartBeat Count=53 Time=Wed Apr 11 2012 13:10:33 GMT+0200 AccountId=29131007 Session=b73d4185-d72e-4cbf-a204-7437527f1f35
debug ++ [int] eventPhase = 2
debug ++ [Boolean] bubbles = false
debug ++ [Boolean] cancelable = false
debug ++ [String] type = timer
debug +++ [int] repeatCount = 0
debug +++ [int] currentCount = 52
debug +++ [Boolean] running = true
debug +++ [int] delay = 120000
debug +++ [int] repeatCount = 0
debug +++ [int] currentCount = 52
debug +++ [Boolean] running = true
debug +++ [int] delay = 120000
debug time 13:10:33.513 :: After HeartBeat Count=53 Result=5
debug time 13:12:33.347 :: Before HeartBeat Count=54 Time=Wed Apr 11 2012 13:12:33 GMT+0200 AccountId=29131007 Session=b73d4185-d72e-4cbf-a204-7437527f1f35
debug ++ [int] eventPhase = 2
debug ++ [Boolean] bubbles = false
debug ++ [Boolean] cancelable = false
debug ++ [String] type = timer
debug +++ [int] repeatCount = 0
debug +++ [int] currentCount = 53
debug +++ [Boolean] running = true
debug +++ [int] delay = 120000
debug +++ [int] repeatCount = 0
debug +++ [int] currentCount = 53
debug +++ [Boolean] running = true
debug +++ [int] delay = 120000
debug time 13:12:33.515 :: After HeartBeat Count=54 Result=5
debug time 13:14:33.383 :: Before HeartBeat Count=55 Time=Wed Apr 11 2012 13:14:33 GMT+0200 AccountId=29131007 Session=b73d4185-d72e-4cbf-a204-7437527f1f35
debug ++ [int] eventPhase = 2
debug ++ [Boolean] bubbles = false
debug ++ [Boolean] cancelable = false
debug ++ [String] type = timer
debug +++ [int] repeatCount = 0
debug +++ [int] currentCount = 54
debug +++ [Boolean] running = true
debug +++ [int] delay = 120000
debug +++ [int] repeatCount = 0
debug +++ [int] currentCount = 54
debug +++ [Boolean] running = true
debug +++ [int] delay = 120000
debug time 13:14:33.576 :: After HeartBeat Count=55 Result=5
debug time 13:16:34.346 :: Before HeartBeat Count=56 Time=Wed Apr 11 2012 13:16:34 GMT+0200 AccountId=29131007 Session=b73d4185-d72e-4cbf-a204-7437527f1f35
debug ++ [int] eventPhase = 2
debug ++ [Boolean] bubbles = false
debug ++ [Boolean] cancelable = false
debug ++ [String] type = timer
debug +++ [int] repeatCount = 0
debug +++ [int] currentCount = 55
debug +++ [Boolean] running = true
debug +++ [int] delay = 120000
debug +++ [int] repeatCount = 0
debug +++ [int] currentCount = 55
debug +++ [Boolean] running = true
debug +++ [int] delay = 120000
debug time 13:16:34.515 :: After HeartBeat Count=56 Result=5
debug time 13:18:34.376 :: Before HeartBeat Count=57 Time=Wed Apr 11 2012 13:18:34 GMT+0200 AccountId=29131007 Session=b73d4185-d72e-4cbf-a204-7437527f1f35
debug ++ [int] eventPhase = 2
debug ++ [Boolean] bubbles = false
debug ++ [Boolean] cancelable = false
debug ++ [String] type = timer
debug +++ [int] repeatCount = 0
debug +++ [int] currentCount = 56
debug +++ [Boolean] running = true
debug +++ [int] delay = 120000
debug +++ [int] repeatCount = 0
debug +++ [int] currentCount = 56
debug +++ [Boolean] running = true
debug +++ [int] delay = 120000
debug time 13:18:34.576 :: After HeartBeat Count=57 Result=5
debug time 13:20:35.346 :: Before HeartBeat Count=58 Time=Wed Apr 11 2012 13:20:35 GMT+0200 AccountId=29131007 Session=b73d4185-d72e-4cbf-a204-7437527f1f35
debug ++ [int] eventPhase = 2
debug ++ [Boolean] bubbles = false
debug ++ [Boolean] cancelable = false
debug ++ [String] type = timer
debug +++ [int] repeatCount = 0
debug +++ [int] currentCount = 57
debug +++ [Boolean] running = true
debug +++ [int] delay = 120000
debug +++ [int] repeatCount = 0
debug +++ [int] currentCount = 57
debug +++ [Boolean] running = true
debug +++ [int] delay = 120000
debug time 13:20:35.514 :: After HeartBeat Count=58 Result=5
debug time 13:22:35.346 :: Before HeartBeat Count=59 Time=Wed Apr 11 2012 13:22:35 GMT+0200 AccountId=29131007 Session=b73d4185-d72e-4cbf-a204-7437527f1f35
debug ++ [int] eventPhase = 2
debug ++ [Boolean] bubbles = false
debug ++ [Boolean] cancelable = false
debug ++ [String] type = timer
debug +++ [int] repeatCount = 0
debug +++ [int] currentCount = 58
debug +++ [Boolean] running = true
debug +++ [int] delay = 120000
debug +++ [int] repeatCount = 0
debug +++ [int] currentCount = 58
debug +++ [Boolean] running = true
debug +++ [int] delay = 120000
debug time 13:22:35.514 :: After HeartBeat Count=59 Result=5
debug time 13:24:35.346 :: Before HeartBeat Count=60 Time=Wed Apr 11 2012 13:24:35 GMT+0200 AccountId=29131007 Session=b73d4185-d72e-4cbf-a204-7437527f1f35
debug ++ [int] eventPhase = 2
debug ++ [Boolean] bubbles = false
debug ++ [Boolean] cancelable = false
debug ++ [String] type = timer
debug +++ [int] repeatCount = 0
debug +++ [int] currentCount = 59
debug +++ [Boolean] running = true
debug +++ [int] delay = 120000
debug +++ [int] repeatCount = 0
debug +++ [int] currentCount = 59
debug +++ [Boolean] running = true
debug +++ [int] delay = 120000
debug time 13:24:35.514 :: After HeartBeat Count=60 Result=5
debug time 13:26:35.346 :: Before HeartBeat Count=61 Time=Wed Apr 11 2012 13:26:35 GMT+0200 AccountId=29131007 Session=b73d4185-d72e-4cbf-a204-7437527f1f35
debug ++ [int] eventPhase = 2
debug ++ [Boolean] bubbles = false
debug ++ [Boolean] cancelable = false
debug ++ [String] type = timer
debug +++ [int] repeatCount = 0
debug +++ [int] currentCount = 60
debug +++ [Boolean] running = true
debug +++ [int] delay = 120000
debug +++ [int] repeatCount = 0
debug +++ [int] currentCount = 60
debug +++ [Boolean] running = true
debug +++ [int] delay = 120000
debug time 13:26:35.514 :: After HeartBeat Count=61 Result=5
debug time 13:28:35.347 :: Before HeartBeat Count=62 Time=Wed Apr 11 2012 13:28:35 GMT+0200 AccountId=29131007 Session=b73d4185-d72e-4cbf-a204-7437527f1f35
debug ++ [int] eventPhase = 2
debug ++ [Boolean] bubbles = false
debug ++ [Boolean] cancelable = false
debug ++ [String] type = timer
debug +++ [int] repeatCount = 0
debug +++ [int] currentCount = 61
debug +++ [Boolean] running = true
debug +++ [int] delay = 120000
debug +++ [int] repeatCount = 0
debug +++ [int] currentCount = 61
debug +++ [Boolean] running = true
debug +++ [int] delay = 120000
debug time 13:28:35.544 :: After HeartBeat Count=62 Result=5
debug time 13:30:35.347 :: Before HeartBeat Count=63 Time=Wed Apr 11 2012 13:30:35 GMT+0200 AccountId=29131007 Session=b73d4185-d72e-4cbf-a204-7437527f1f35
debug ++ [int] eventPhase = 2
debug ++ [Boolean] bubbles = false
debug ++ [Boolean] cancelable = false
debug ++ [String] type = timer
debug +++ [int] repeatCount = 0
debug +++ [int] currentCount = 62
debug +++ [Boolean] running = true
debug +++ [int] delay = 120000
debug +++ [int] repeatCount = 0
debug +++ [int] currentCount = 62
debug +++ [Boolean] running = true
debug +++ [int] delay = 120000
debug time 13:30:35.515 :: After HeartBeat Count=63 Result=5
debug time 13:32:35.354 :: Before HeartBeat Count=64 Time=Wed Apr 11 2012 13:32:35 GMT+0200 AccountId=29131007 Session=b73d4185-d72e-4cbf-a204-7437527f1f35
debug ++ [int] eventPhase = 2
debug ++ [Boolean] bubbles = false
debug ++ [Boolean] cancelable = false
debug ++ [String] type = timer
debug +++ [int] repeatCount = 0
debug +++ [int] currentCount = 63
debug +++ [Boolean] running = true
debug +++ [int] delay = 120000
debug +++ [int] repeatCount = 0
debug +++ [int] currentCount = 63
debug +++ [Boolean] running = true
debug +++ [int] delay = 120000
debug time 13:32:35.522 :: After HeartBeat Count=64 Result=5
debug time 13:33:31.14 :: Performing heartbeat at Wed Apr 11 2012 13:33:31 GMT+0200
debug time 13:34:35.364 :: Before HeartBeat Count=65 Time=Wed Apr 11 2012 13:34:35 GMT+0200 AccountId=29131007 Session=b73d4185-d72e-4cbf-a204-7437527f1f35
debug ++ [int] eventPhase = 2
debug ++ [Boolean] bubbles = false
debug ++ [Boolean] cancelable = false
debug ++ [String] type = timer
debug +++ [int] repeatCount = 0
debug +++ [int] currentCount = 64
debug +++ [Boolean] running = true
debug +++ [int] delay = 120000
debug +++ [int] repeatCount = 0
debug +++ [int] currentCount = 64
debug +++ [Boolean] running = true
debug +++ [int] delay = 120000
debug time 13:34:35.538 :: After HeartBeat Count=65 Result=5
debug time 13:36:35.396 :: Before HeartBeat Count=66 Time=Wed Apr 11 2012 13:36:35 GMT+0200 AccountId=29131007 Session=b73d4185-d72e-4cbf-a204-7437527f1f35
debug ++ [int] eventPhase = 2
debug ++ [Boolean] bubbles = false
debug ++ [Boolean] cancelable = false
debug ++ [String] type = timer
debug +++ [int] repeatCount = 0
debug +++ [int] currentCount = 65
debug +++ [Boolean] running = true
debug +++ [int] delay = 120000
debug +++ [int] repeatCount = 0
debug +++ [int] currentCount = 65
debug +++ [Boolean] running = true
debug +++ [int] delay = 120000
debug time 13:36:35.612 :: After HeartBeat Count=66 Result=5
debug time 13:38:35.427 :: Before HeartBeat Count=67 Time=Wed Apr 11 2012 13:38:35 GMT+0200 AccountId=29131007 Session=b73d4185-d72e-4cbf-a204-7437527f1f35
debug ++ [int] eventPhase = 2
debug ++ [Boolean] bubbles = false
debug ++ [Boolean] cancelable = false
debug ++ [String] type = timer
debug +++ [int] repeatCount = 0
debug +++ [int] currentCount = 66
debug +++ [Boolean] running = true
debug +++ [int] delay = 120000
debug +++ [int] repeatCount = 0
debug +++ [int] currentCount = 66
debug +++ [Boolean] running = true
debug +++ [int] delay = 120000
debug time 13:38:35.632 :: After HeartBeat Count=67 Result=5
debug time 13:40:35.434 :: Before HeartBeat Count=68 Time=Wed Apr 11 2012 13:40:35 GMT+0200 AccountId=29131007 Session=b73d4185-d72e-4cbf-a204-7437527f1f35
debug ++ [int] eventPhase = 2
debug ++ [Boolean] bubbles = false
debug ++ [Boolean] cancelable = false
debug ++ [String] type = timer
debug +++ [int] repeatCount = 0
debug +++ [int] currentCount = 67
debug +++ [Boolean] running = true
debug +++ [int] delay = 120000
debug +++ [int] repeatCount = 0
debug +++ [int] currentCount = 67
debug +++ [Boolean] running = true
debug +++ [int] delay = 120000
debug time 13:40:35.634 :: After HeartBeat Count=68 Result=5
debug time 13:42:36.404 :: Before HeartBeat Count=69 Time=Wed Apr 11 2012 13:42:36 GMT+0200 AccountId=29131007 Session=b73d4185-d72e-4cbf-a204-7437527f1f35
debug ++ [int] eventPhase = 2
debug ++ [Boolean] bubbles = false
debug ++ [Boolean] cancelable = false
debug ++ [String] type = timer
debug +++ [int] repeatCount = 0
debug +++ [int] currentCount = 68
debug +++ [Boolean] running = true
debug +++ [int] delay = 120000
debug +++ [int] repeatCount = 0
debug +++ [int] currentCount = 68
debug +++ [Boolean] running = true
debug +++ [int] delay = 120000
debug time 13:42:36.571 :: After HeartBeat Count=69 Result=5
debug time 13:44:36.435 :: Before HeartBeat Count=70 Time=Wed Apr 11 2012 13:44:36 GMT+0200 AccountId=29131007 Session=b73d4185-d72e-4cbf-a204-7437527f1f35
debug ++ [int] eventPhase = 2
debug ++ [Boolean] bubbles = false
debug ++ [Boolean] cancelable = false
debug ++ [String] type = timer
debug +++ [int] repeatCount = 0
debug +++ [int] currentCount = 69
debug +++ [Boolean] running = true
debug +++ [int] delay = 120000
debug +++ [int] repeatCount = 0
debug +++ [int] currentCount = 69
debug +++ [Boolean] running = true
debug +++ [int] delay = 120000
debug time 13:44:36.633 :: After HeartBeat Count=70 Result=5
debug time 13:46:37.404 :: Before HeartBeat Count=71 Time=Wed Apr 11 2012 13:46:37 GMT+0200 AccountId=29131007 Session=b73d4185-d72e-4cbf-a204-7437527f1f35
debug ++ [int] eventPhase = 2
debug ++ [Boolean] bubbles = false
debug ++ [Boolean] cancelable = false
debug ++ [String] type = timer
debug +++ [int] repeatCount = 0
debug +++ [int] currentCount = 70
debug +++ [Boolean] running = true
debug +++ [int] delay = 120000
debug +++ [int] repeatCount = 0
debug +++ [int] currentCount = 70
debug +++ [Boolean] running = true
debug +++ [int] delay = 120000
debug time 13:46:37.571 :: After HeartBeat Count=71 Result=5
debug time 13:48:37.403 :: Before HeartBeat Count=72 Time=Wed Apr 11 2012 13:48:37 GMT+0200 AccountId=29131007 Session=b73d4185-d72e-4cbf-a204-7437527f1f35
debug ++ [int] eventPhase = 2
debug ++ [Boolean] bubbles = false
debug ++ [Boolean] cancelable = false
debug ++ [String] type = timer
debug +++ [int] repeatCount = 0
debug +++ [int] currentCount = 71
debug +++ [Boolean] running = true
debug +++ [int] delay = 120000
debug +++ [int] repeatCount = 0
debug +++ [int] currentCount = 71
debug +++ [Boolean] running = true
debug +++ [int] delay = 120000
debug time 13:48:37.571 :: After HeartBeat Count=72 Result=5
debug time 13:50:37.403 :: Before HeartBeat Count=73 Time=Wed Apr 11 2012 13:50:37 GMT+0200 AccountId=29131007 Session=b73d4185-d72e-4cbf-a204-7437527f1f35
debug ++ [int] eventPhase = 2
debug ++ [Boolean] bubbles = false
debug ++ [Boolean] cancelable = false
debug ++ [String] type = timer
debug +++ [int] repeatCount = 0
debug +++ [int] currentCount = 72
debug +++ [Boolean] running = true
debug +++ [int] delay = 120000
debug +++ [int] repeatCount = 0
debug +++ [int] currentCount = 72
debug +++ [Boolean] running = true
debug +++ [int] delay = 120000
debug time 13:50:37.571 :: After HeartBeat Count=73 Result=5
debug time 13:52:37.403 :: Before HeartBeat Count=74 Time=Wed Apr 11 2012 13:52:37 GMT+0200 AccountId=29131007 Session=b73d4185-d72e-4cbf-a204-7437527f1f35
debug ++ [int] eventPhase = 2
debug ++ [Boolean] bubbles = false
debug ++ [Boolean] cancelable = false
debug ++ [String] type = timer
debug +++ [int] repeatCount = 0
debug +++ [int] currentCount = 73
debug +++ [Boolean] running = true
debug +++ [int] delay = 120000
debug +++ [int] repeatCount = 0
debug +++ [int] currentCount = 73
debug +++ [Boolean] running = true
debug +++ [int] delay = 120000
debug time 13:52:37.571 :: After HeartBeat Count=74 Result=5
debug time 13:54:37.403 :: Before HeartBeat Count=75 Time=Wed Apr 11 2012 13:54:37 GMT+0200 AccountId=29131007 Session=b73d4185-d72e-4cbf-a204-7437527f1f35
debug ++ [int] eventPhase = 2
debug ++ [Boolean] bubbles = false
debug ++ [Boolean] cancelable = false
debug ++ [String] type = timer
debug +++ [int] repeatCount = 0
debug +++ [int] currentCount = 74
debug +++ [Boolean] running = true
debug +++ [int] delay = 120000
debug +++ [int] repeatCount = 0
debug +++ [int] currentCount = 74
debug +++ [Boolean] running = true
debug +++ [int] delay = 120000
debug time 13:54:37.571 :: After HeartBeat Count=75 Result=5
debug time 13:56:37.438 :: Before HeartBeat Count=76 Time=Wed Apr 11 2012 13:56:37 GMT+0200 AccountId=29131007 Session=b73d4185-d72e-4cbf-a204-7437527f1f35
debug ++ [int] eventPhase = 2
debug ++ [Boolean] bubbles = false
debug ++ [Boolean] cancelable = false
debug ++ [String] type = timer
debug +++ [int] repeatCount = 0
debug +++ [int] currentCount = 75
debug +++ [Boolean] running = true
debug +++ [int] delay = 120000
debug +++ [int] repeatCount = 0
debug +++ [int] currentCount = 75
debug +++ [Boolean] running = true
debug +++ [int] delay = 120000
debug time 13:56:37.639 :: After HeartBeat Count=76 Result=5
debug time 13:58:38.404 :: Before HeartBeat Count=77 Time=Wed Apr 11 2012 13:58:38 GMT+0200 AccountId=29131007 Session=b73d4185-d72e-4cbf-a204-7437527f1f35
debug ++ [int] eventPhase = 2
debug ++ [Boolean] bubbles = false
debug ++ [Boolean] cancelable = false
debug ++ [String] type = timer
debug +++ [int] repeatCount = 0
debug +++ [int] currentCount = 76
debug +++ [Boolean] running = true
debug +++ [int] delay = 120000
debug +++ [int] repeatCount = 0
debug +++ [int] currentCount = 76
debug +++ [Boolean] running = true
debug +++ [int] delay = 120000
debug time 13:58:38.571 :: After HeartBeat Count=77 Result=5
debug time 14:00:38.435 :: Before HeartBeat Count=78 Time=Wed Apr 11 2012 14:00:38 GMT+0200 AccountId=29131007 Session=b73d4185-d72e-4cbf-a204-7437527f1f35
debug ++ [int] eventPhase = 2
debug ++ [Boolean] bubbles = false
debug ++ [Boolean] cancelable = false
debug ++ [String] type = timer
debug +++ [int] repeatCount = 0
debug +++ [int] currentCount = 77
debug +++ [Boolean] running = true
debug +++ [int] delay = 120000
debug +++ [int] repeatCount = 0
debug +++ [int] currentCount = 77
debug +++ [Boolean] running = true
debug +++ [int] delay = 120000
debug time 14:00:38.633 :: After HeartBeat Count=78 Result=5
debug time 14:02:39.404 :: Before HeartBeat Count=79 Time=Wed Apr 11 2012 14:02:39 GMT+0200 AccountId=29131007 Session=b73d4185-d72e-4cbf-a204-7437527f1f35
debug ++ [int] eventPhase = 2
debug ++ [Boolean] bubbles = false
debug ++ [Boolean] cancelable = false
debug ++ [String] type = timer
debug +++ [int] repeatCount = 0
debug +++ [int] currentCount = 78
debug +++ [Boolean] running = true
debug +++ [int] delay = 120000
debug +++ [int] repeatCount = 0
debug +++ [int] currentCount = 78
debug +++ [Boolean] running = true
debug +++ [int] delay = 120000
debug time 14:02:39.572 :: After HeartBeat Count=79 Result=5
debug time 14:04:39.439 :: Before HeartBeat Count=80 Time=Wed Apr 11 2012 14:04:39 GMT+0200 AccountId=29131007 Session=b73d4185-d72e-4cbf-a204-7437527f1f35
debug ++ [int] eventPhase = 2
debug ++ [Boolean] bubbles = false
debug ++ [Boolean] cancelable = false
debug ++ [String] type = timer
debug +++ [int] repeatCount = 0
debug +++ [int] currentCount = 79
debug +++ [Boolean] running = true
debug +++ [int] delay = 120000
debug +++ [int] repeatCount = 0
debug +++ [int] currentCount = 79
debug +++ [Boolean] running = true
debug +++ [int] delay = 120000
debug time 14:04:39.638 :: After HeartBeat Count=80 Result=5
debug time 14:06:40.404 :: Before HeartBeat Count=81 Time=Wed Apr 11 2012 14:06:40 GMT+0200 AccountId=29131007 Session=b73d4185-d72e-4cbf-a204-7437527f1f35
debug ++ [int] eventPhase = 2
debug ++ [Boolean] bubbles = false
debug ++ [Boolean] cancelable = false
debug ++ [String] type = timer
debug +++ [int] repeatCount = 0
debug +++ [int] currentCount = 80
debug +++ [Boolean] running = true
debug +++ [int] delay = 120000
debug +++ [int] repeatCount = 0
debug +++ [int] currentCount = 80
debug +++ [Boolean] running = true
debug +++ [int] delay = 120000
debug time 14:06:40.572 :: After HeartBeat Count=81 Result=5
debug time 14:08:40.408 :: Before HeartBeat Count=82 Time=Wed Apr 11 2012 14:08:40 GMT+0200 AccountId=29131007 Session=b73d4185-d72e-4cbf-a204-7437527f1f35
debug ++ [int] eventPhase = 2
debug ++ [Boolean] bubbles = false
debug ++ [Boolean] cancelable = false
debug ++ [String] type = timer
debug +++ [int] repeatCount = 0
debug +++ [int] currentCount = 81
debug +++ [Boolean] running = true
debug +++ [int] delay = 120000
debug +++ [int] repeatCount = 0
debug +++ [int] currentCount = 81
debug +++ [Boolean] running = true
debug +++ [int] delay = 120000
debug time 14:08:40.578 :: After HeartBeat Count=82 Result=5
debug time 14:10:41.427 :: Before HeartBeat Count=83 Time=Wed Apr 11 2012 14:10:41 GMT+0200 AccountId=29131007 Session=b73d4185-d72e-4cbf-a204-7437527f1f35
debug ++ [int] eventPhase = 2
debug ++ [Boolean] bubbles = false
debug ++ [Boolean] cancelable = false
debug ++ [String] type = timer
debug +++ [int] repeatCount = 0
debug +++ [int] currentCount = 82
debug +++ [Boolean] running = true
debug +++ [int] delay = 120000
debug +++ [int] repeatCount = 0
debug +++ [int] currentCount = 82
debug +++ [Boolean] running = true
debug +++ [int] delay = 120000
debug time 14:10:41.594 :: After HeartBeat Count=83 Result=5
debug time 14:12:39.234 :: Performing heartbeat at Wed Apr 11 2012 14:12:39 GMT+0200
debug time 14:12:41.469 :: Before HeartBeat Count=84 Time=Wed Apr 11 2012 14:12:41 GMT+0200 AccountId=29131007 Session=b73d4185-d72e-4cbf-a204-7437527f1f35
debug ++ [int] eventPhase = 2
debug ++ [Boolean] bubbles = false
debug ++ [Boolean] cancelable = false
debug ++ [String] type = timer
debug +++ [int] repeatCount = 0
debug +++ [int] currentCount = 83
debug +++ [Boolean] running = true
debug +++ [int] delay = 120000
debug +++ [int] repeatCount = 0
debug +++ [int] currentCount = 83
debug +++ [Boolean] running = true
debug +++ [int] delay = 120000
debug time 14:12:41.725 :: After HeartBeat Count=84 Result=5
