debug time 14:19:07.201 :: Before HeartBeat Count=1 Time=Tue Apr 17 2012 14:19:07 GMT+0200 AccountId=29131007 Session=39a797a6-5cce-4f6f-8d55-11cab78243be
STOP LOGGING: More than 0 nested objects or properties. 
debug time 14:19:07.550 :: After HeartBeat Count=1 Result=5
debug time 14:21:07.205 :: Before HeartBeat Count=2 Time=Tue Apr 17 2012 14:21:07 GMT+0200 AccountId=29131007 Session=39a797a6-5cce-4f6f-8d55-11cab78243be
debug ++ [int] eventPhase = 2
debug ++ [Boolean] bubbles = false
debug ++ [Boolean] cancelable = false
debug ++ [String] type = timer
debug +++ [int] repeatCount = 0
debug +++ [int] currentCount = 1
debug +++ [Boolean] running = true
debug +++ [int] delay = 120000
debug +++ [int] repeatCount = 0
debug +++ [int] currentCount = 1
debug +++ [Boolean] running = true
debug +++ [int] delay = 120000
debug time 14:21:07.404 :: After HeartBeat Count=2 Result=5
debug time 14:23:07.214 :: Before HeartBeat Count=3 Time=Tue Apr 17 2012 14:23:07 GMT+0200 AccountId=29131007 Session=39a797a6-5cce-4f6f-8d55-11cab78243be
debug ++ [int] eventPhase = 2
debug ++ [Boolean] bubbles = false
debug ++ [Boolean] cancelable = false
debug ++ [String] type = timer
debug +++ [int] repeatCount = 0
debug +++ [int] currentCount = 2
debug +++ [Boolean] running = true
debug +++ [int] delay = 120000
debug +++ [int] repeatCount = 0
debug +++ [int] currentCount = 2
debug +++ [Boolean] running = true
debug +++ [int] delay = 120000
debug time 14:23:07.386 :: After HeartBeat Count=3 Result=5
debug time 14:25:07.818 :: Before HeartBeat Count=4 Time=Tue Apr 17 2012 14:25:07 GMT+0200 AccountId=29131007 Session=39a797a6-5cce-4f6f-8d55-11cab78243be
debug ++ [int] eventPhase = 2
debug ++ [Boolean] bubbles = false
debug ++ [Boolean] cancelable = false
debug ++ [String] type = timer
debug +++ [int] repeatCount = 0
debug +++ [int] currentCount = 3
debug +++ [Boolean] running = true
debug +++ [int] delay = 120000
debug +++ [int] repeatCount = 0
debug +++ [int] currentCount = 3
debug +++ [Boolean] running = true
debug +++ [int] delay = 120000
debug time 14:25:08.12 :: After HeartBeat Count=4 Result=5
debug time 14:27:07.845 :: Before HeartBeat Count=5 Time=Tue Apr 17 2012 14:27:07 GMT+0200 AccountId=29131007 Session=39a797a6-5cce-4f6f-8d55-11cab78243be
debug ++ [int] eventPhase = 2
debug ++ [Boolean] bubbles = false
debug ++ [Boolean] cancelable = false
debug ++ [String] type = timer
debug +++ [int] repeatCount = 0
debug +++ [int] currentCount = 4
debug +++ [Boolean] running = true
debug +++ [int] delay = 120000
debug +++ [int] repeatCount = 0
debug +++ [int] currentCount = 4
debug +++ [Boolean] running = true
debug +++ [int] delay = 120000
debug time 14:27:08.14 :: After HeartBeat Count=5 Result=5
debug time 14:29:08.814 :: Before HeartBeat Count=6 Time=Tue Apr 17 2012 14:29:08 GMT+0200 AccountId=29131007 Session=39a797a6-5cce-4f6f-8d55-11cab78243be
debug ++ [int] eventPhase = 2
debug ++ [Boolean] bubbles = false
debug ++ [Boolean] cancelable = false
debug ++ [String] type = timer
debug +++ [int] repeatCount = 0
debug +++ [int] currentCount = 5
debug +++ [Boolean] running = true
debug +++ [int] delay = 120000
debug +++ [int] repeatCount = 0
debug +++ [int] currentCount = 5
debug +++ [Boolean] running = true
debug +++ [int] delay = 120000
debug time 14:29:08.984 :: After HeartBeat Count=6 Result=5
debug time 14:31:08.815 :: Before HeartBeat Count=7 Time=Tue Apr 17 2012 14:31:08 GMT+0200 AccountId=29131007 Session=39a797a6-5cce-4f6f-8d55-11cab78243be
debug ++ [int] eventPhase = 2
debug ++ [Boolean] bubbles = false
debug ++ [Boolean] cancelable = false
debug ++ [String] type = timer
debug +++ [int] repeatCount = 0
debug +++ [int] currentCount = 6
debug +++ [Boolean] running = true
debug +++ [int] delay = 120000
debug +++ [int] repeatCount = 0
debug +++ [int] currentCount = 6
debug +++ [Boolean] running = true
debug +++ [int] delay = 120000
debug time 14:31:08.989 :: After HeartBeat Count=7 Result=5
debug time 14:33:09.814 :: Before HeartBeat Count=8 Time=Tue Apr 17 2012 14:33:09 GMT+0200 AccountId=29131007 Session=39a797a6-5cce-4f6f-8d55-11cab78243be
debug ++ [int] eventPhase = 2
debug ++ [Boolean] bubbles = false
debug ++ [Boolean] cancelable = false
debug ++ [String] type = timer
debug +++ [int] repeatCount = 0
debug +++ [int] currentCount = 7
debug +++ [Boolean] running = true
debug +++ [int] delay = 120000
debug +++ [int] repeatCount = 0
debug +++ [int] currentCount = 7
debug +++ [Boolean] running = true
debug +++ [int] delay = 120000
debug time 14:33:09.983 :: After HeartBeat Count=8 Result=5
debug time 14:35:09.814 :: Before HeartBeat Count=9 Time=Tue Apr 17 2012 14:35:09 GMT+0200 AccountId=29131007 Session=39a797a6-5cce-4f6f-8d55-11cab78243be
debug ++ [int] eventPhase = 2
debug ++ [Boolean] bubbles = false
debug ++ [Boolean] cancelable = false
debug ++ [String] type = timer
debug +++ [int] repeatCount = 0
debug +++ [int] currentCount = 8
debug +++ [Boolean] running = true
debug +++ [int] delay = 120000
debug +++ [int] repeatCount = 0
debug +++ [int] currentCount = 8
debug +++ [Boolean] running = true
debug +++ [int] delay = 120000
debug time 14:35:09.984 :: After HeartBeat Count=9 Result=5
debug time 14:37:09.814 :: Before HeartBeat Count=10 Time=Tue Apr 17 2012 14:37:09 GMT+0200 AccountId=29131007 Session=39a797a6-5cce-4f6f-8d55-11cab78243be
debug ++ [int] eventPhase = 2
debug ++ [Boolean] bubbles = false
debug ++ [Boolean] cancelable = false
debug ++ [String] type = timer
debug +++ [int] repeatCount = 0
debug +++ [int] currentCount = 9
debug +++ [Boolean] running = true
debug +++ [int] delay = 120000
debug +++ [int] repeatCount = 0
debug +++ [int] currentCount = 9
debug +++ [Boolean] running = true
debug +++ [int] delay = 120000
debug time 14:37:09.983 :: After HeartBeat Count=10 Result=5
debug time 14:39:09.815 :: Before HeartBeat Count=11 Time=Tue Apr 17 2012 14:39:09 GMT+0200 AccountId=29131007 Session=39a797a6-5cce-4f6f-8d55-11cab78243be
debug ++ [int] eventPhase = 2
debug ++ [Boolean] bubbles = false
debug ++ [Boolean] cancelable = false
debug ++ [String] type = timer
debug +++ [int] repeatCount = 0
debug +++ [int] currentCount = 10
debug +++ [Boolean] running = true
debug +++ [int] delay = 120000
debug +++ [int] repeatCount = 0
debug +++ [int] currentCount = 10
debug +++ [Boolean] running = true
debug +++ [int] delay = 120000
debug time 14:39:09.985 :: After HeartBeat Count=11 Result=5
debug time 14:41:10.830 :: Before HeartBeat Count=12 Time=Tue Apr 17 2012 14:41:10 GMT+0200 AccountId=29131007 Session=39a797a6-5cce-4f6f-8d55-11cab78243be
debug ++ [int] eventPhase = 2
debug ++ [Boolean] bubbles = false
debug ++ [Boolean] cancelable = false
debug ++ [String] type = timer
debug +++ [int] repeatCount = 0
debug +++ [int] currentCount = 11
debug +++ [Boolean] running = true
debug +++ [int] delay = 120000
debug +++ [int] repeatCount = 0
debug +++ [int] currentCount = 11
debug +++ [Boolean] running = true
debug +++ [int] delay = 120000
debug time 14:41:11.15 :: After HeartBeat Count=12 Result=5
debug time 14:43:11.815 :: Before HeartBeat Count=13 Time=Tue Apr 17 2012 14:43:11 GMT+0200 AccountId=29131007 Session=39a797a6-5cce-4f6f-8d55-11cab78243be
debug ++ [int] eventPhase = 2
debug ++ [Boolean] bubbles = false
debug ++ [Boolean] cancelable = false
debug ++ [String] type = timer
debug +++ [int] repeatCount = 0
debug +++ [int] currentCount = 12
debug +++ [Boolean] running = true
debug +++ [int] delay = 120000
debug +++ [int] repeatCount = 0
debug +++ [int] currentCount = 12
debug +++ [Boolean] running = true
debug +++ [int] delay = 120000
debug time 14:43:11.985 :: After HeartBeat Count=13 Result=5
debug time 14:45:12.813 :: Before HeartBeat Count=14 Time=Tue Apr 17 2012 14:45:12 GMT+0200 AccountId=29131007 Session=39a797a6-5cce-4f6f-8d55-11cab78243be
debug ++ [int] eventPhase = 2
debug ++ [Boolean] bubbles = false
debug ++ [Boolean] cancelable = false
debug ++ [String] type = timer
debug +++ [int] repeatCount = 0
debug +++ [int] currentCount = 13
debug +++ [Boolean] running = true
debug +++ [int] delay = 120000
debug +++ [int] repeatCount = 0
debug +++ [int] currentCount = 13
debug +++ [Boolean] running = true
debug +++ [int] delay = 120000
debug time 14:45:12.983 :: After HeartBeat Count=14 Result=5
debug time 14:47:12.813 :: Before HeartBeat Count=15 Time=Tue Apr 17 2012 14:47:12 GMT+0200 AccountId=29131007 Session=39a797a6-5cce-4f6f-8d55-11cab78243be
debug ++ [int] eventPhase = 2
debug ++ [Boolean] bubbles = false
debug ++ [Boolean] cancelable = false
debug ++ [String] type = timer
debug +++ [int] repeatCount = 0
debug +++ [int] currentCount = 14
debug +++ [Boolean] running = true
debug +++ [int] delay = 120000
debug +++ [int] repeatCount = 0
debug +++ [int] currentCount = 14
debug +++ [Boolean] running = true
debug +++ [int] delay = 120000
debug time 14:47:12.983 :: After HeartBeat Count=15 Result=5
debug time 14:49:12.829 :: Before HeartBeat Count=16 Time=Tue Apr 17 2012 14:49:12 GMT+0200 AccountId=29131007 Session=39a797a6-5cce-4f6f-8d55-11cab78243be
debug ++ [int] eventPhase = 2
debug ++ [Boolean] bubbles = false
debug ++ [Boolean] cancelable = false
debug ++ [String] type = timer
debug +++ [int] repeatCount = 0
debug +++ [int] currentCount = 15
debug +++ [Boolean] running = true
debug +++ [int] delay = 120000
debug +++ [int] repeatCount = 0
debug +++ [int] currentCount = 15
debug +++ [Boolean] running = true
debug +++ [int] delay = 120000
debug time 14:49:13.13 :: After HeartBeat Count=16 Result=5
debug time 14:51:13.841 :: Before HeartBeat Count=17 Time=Tue Apr 17 2012 14:51:13 GMT+0200 AccountId=29131007 Session=39a797a6-5cce-4f6f-8d55-11cab78243be
debug ++ [int] eventPhase = 2
debug ++ [Boolean] bubbles = false
debug ++ [Boolean] cancelable = false
debug ++ [String] type = timer
debug +++ [int] repeatCount = 0
debug +++ [int] currentCount = 16
debug +++ [Boolean] running = true
debug +++ [int] delay = 120000
debug +++ [int] repeatCount = 0
debug +++ [int] currentCount = 16
debug +++ [Boolean] running = true
debug +++ [int] delay = 120000
debug time 14:51:14.11 :: After HeartBeat Count=17 Result=5
debug time 14:53:14.814 :: Before HeartBeat Count=18 Time=Tue Apr 17 2012 14:53:14 GMT+0200 AccountId=29131007 Session=39a797a6-5cce-4f6f-8d55-11cab78243be
debug ++ [int] eventPhase = 2
debug ++ [Boolean] bubbles = false
debug ++ [Boolean] cancelable = false
debug ++ [String] type = timer
debug +++ [int] repeatCount = 0
debug +++ [int] currentCount = 17
debug +++ [Boolean] running = true
debug +++ [int] delay = 120000
debug +++ [int] repeatCount = 0
debug +++ [int] currentCount = 17
debug +++ [Boolean] running = true
debug +++ [int] delay = 120000
debug time 14:53:14.984 :: After HeartBeat Count=18 Result=5
debug time 14:55:14.814 :: Before HeartBeat Count=19 Time=Tue Apr 17 2012 14:55:14 GMT+0200 AccountId=29131007 Session=39a797a6-5cce-4f6f-8d55-11cab78243be
debug ++ [int] eventPhase = 2
debug ++ [Boolean] bubbles = false
debug ++ [Boolean] cancelable = false
debug ++ [String] type = timer
debug +++ [int] repeatCount = 0
debug +++ [int] currentCount = 18
debug +++ [Boolean] running = true
debug +++ [int] delay = 120000
debug +++ [int] repeatCount = 0
debug +++ [int] currentCount = 18
debug +++ [Boolean] running = true
debug +++ [int] delay = 120000
debug time 14:55:14.985 :: After HeartBeat Count=19 Result=5
debug time 14:57:14.815 :: Before HeartBeat Count=20 Time=Tue Apr 17 2012 14:57:14 GMT+0200 AccountId=29131007 Session=39a797a6-5cce-4f6f-8d55-11cab78243be
debug ++ [int] eventPhase = 2
debug ++ [Boolean] bubbles = false
debug ++ [Boolean] cancelable = false
debug ++ [String] type = timer
debug +++ [int] repeatCount = 0
debug +++ [int] currentCount = 19
debug +++ [Boolean] running = true
debug +++ [int] delay = 120000
debug +++ [int] repeatCount = 0
debug +++ [int] currentCount = 19
debug +++ [Boolean] running = true
debug +++ [int] delay = 120000
debug time 14:57:14.985 :: After HeartBeat Count=20 Result=5
debug time 14:59:14.815 :: Before HeartBeat Count=21 Time=Tue Apr 17 2012 14:59:14 GMT+0200 AccountId=29131007 Session=39a797a6-5cce-4f6f-8d55-11cab78243be
debug ++ [int] eventPhase = 2
debug ++ [Boolean] bubbles = false
debug ++ [Boolean] cancelable = false
debug ++ [String] type = timer
debug +++ [int] repeatCount = 0
debug +++ [int] currentCount = 20
debug +++ [Boolean] running = true
debug +++ [int] delay = 120000
debug +++ [int] repeatCount = 0
debug +++ [int] currentCount = 20
debug +++ [Boolean] running = true
debug +++ [int] delay = 120000
debug time 14:59:14.985 :: After HeartBeat Count=21 Result=5
debug time 15:01:14.814 :: Before HeartBeat Count=22 Time=Tue Apr 17 2012 15:01:14 GMT+0200 AccountId=29131007 Session=39a797a6-5cce-4f6f-8d55-11cab78243be
debug ++ [int] eventPhase = 2
debug ++ [Boolean] bubbles = false
debug ++ [Boolean] cancelable = false
debug ++ [String] type = timer
debug +++ [int] repeatCount = 0
debug +++ [int] currentCount = 21
debug +++ [Boolean] running = true
debug +++ [int] delay = 120000
debug +++ [int] repeatCount = 0
debug +++ [int] currentCount = 21
debug +++ [Boolean] running = true
debug +++ [int] delay = 120000
debug time 15:01:14.985 :: After HeartBeat Count=22 Result=5
debug time 15:03:14.814 :: Before HeartBeat Count=23 Time=Tue Apr 17 2012 15:03:14 GMT+0200 AccountId=29131007 Session=39a797a6-5cce-4f6f-8d55-11cab78243be
debug ++ [int] eventPhase = 2
debug ++ [Boolean] bubbles = false
debug ++ [Boolean] cancelable = false
debug ++ [String] type = timer
debug +++ [int] repeatCount = 0
debug +++ [int] currentCount = 22
debug +++ [Boolean] running = true
debug +++ [int] delay = 120000
debug +++ [int] repeatCount = 0
debug +++ [int] currentCount = 22
debug +++ [Boolean] running = true
debug +++ [int] delay = 120000
debug time 15:03:14.984 :: After HeartBeat Count=23 Result=5
debug time 15:05:14.829 :: Before HeartBeat Count=24 Time=Tue Apr 17 2012 15:05:14 GMT+0200 AccountId=29131007 Session=39a797a6-5cce-4f6f-8d55-11cab78243be
debug ++ [int] eventPhase = 2
debug ++ [Boolean] bubbles = false
debug ++ [Boolean] cancelable = false
debug ++ [String] type = timer
debug +++ [int] repeatCount = 0
debug +++ [int] currentCount = 23
debug +++ [Boolean] running = true
debug +++ [int] delay = 120000
debug +++ [int] repeatCount = 0
debug +++ [int] currentCount = 23
debug +++ [Boolean] running = true
debug +++ [int] delay = 120000
debug time 15:05:15.14 :: After HeartBeat Count=24 Result=5
debug time 15:07:15.814 :: Before HeartBeat Count=25 Time=Tue Apr 17 2012 15:07:15 GMT+0200 AccountId=29131007 Session=39a797a6-5cce-4f6f-8d55-11cab78243be
debug ++ [int] eventPhase = 2
debug ++ [Boolean] bubbles = false
debug ++ [Boolean] cancelable = false
debug ++ [String] type = timer
debug +++ [int] repeatCount = 0
debug +++ [int] currentCount = 24
debug +++ [Boolean] running = true
debug +++ [int] delay = 120000
debug +++ [int] repeatCount = 0
debug +++ [int] currentCount = 24
debug +++ [Boolean] running = true
debug +++ [int] delay = 120000
debug time 15:07:15.983 :: After HeartBeat Count=25 Result=5
debug time 15:09:16.815 :: Before HeartBeat Count=26 Time=Tue Apr 17 2012 15:09:16 GMT+0200 AccountId=29131007 Session=39a797a6-5cce-4f6f-8d55-11cab78243be
debug ++ [int] eventPhase = 2
debug ++ [Boolean] bubbles = false
debug ++ [Boolean] cancelable = false
debug ++ [String] type = timer
debug +++ [int] repeatCount = 0
debug +++ [int] currentCount = 25
debug +++ [Boolean] running = true
debug +++ [int] delay = 120000
debug +++ [int] repeatCount = 0
debug +++ [int] currentCount = 25
debug +++ [Boolean] running = true
debug +++ [int] delay = 120000
debug time 15:09:16.985 :: After HeartBeat Count=26 Result=5
debug time 15:11:16.815 :: Before HeartBeat Count=27 Time=Tue Apr 17 2012 15:11:16 GMT+0200 AccountId=29131007 Session=39a797a6-5cce-4f6f-8d55-11cab78243be
debug ++ [int] eventPhase = 2
debug ++ [Boolean] bubbles = false
debug ++ [Boolean] cancelable = false
debug ++ [String] type = timer
debug +++ [int] repeatCount = 0
debug +++ [int] currentCount = 26
debug +++ [Boolean] running = true
debug +++ [int] delay = 120000
debug +++ [int] repeatCount = 0
debug +++ [int] currentCount = 26
debug +++ [Boolean] running = true
debug +++ [int] delay = 120000
debug time 15:11:16.985 :: After HeartBeat Count=27 Result=5
debug time 15:11:21.999 :: Performing heartbeat at Tue Apr 17 2012 15:11:21 GMT+0200
debug time 15:13:16.827 :: Before HeartBeat Count=28 Time=Tue Apr 17 2012 15:13:16 GMT+0200 AccountId=29131007 Session=39a797a6-5cce-4f6f-8d55-11cab78243be
debug ++ [int] eventPhase = 2
debug ++ [Boolean] bubbles = false
debug ++ [Boolean] cancelable = false
debug ++ [String] type = timer
debug +++ [int] repeatCount = 0
debug +++ [int] currentCount = 27
debug +++ [Boolean] running = true
debug +++ [int] delay = 120000
debug +++ [int] repeatCount = 0
debug +++ [int] currentCount = 27
debug +++ [Boolean] running = true
debug +++ [int] delay = 120000
debug time 15:13:17.31 :: After HeartBeat Count=28 Result=5
debug time 15:15:17.450 :: Before HeartBeat Count=29 Time=Tue Apr 17 2012 15:15:17 GMT+0200 AccountId=29131007 Session=39a797a6-5cce-4f6f-8d55-11cab78243be
debug ++ [int] eventPhase = 2
debug ++ [Boolean] bubbles = false
debug ++ [Boolean] cancelable = false
debug ++ [String] type = timer
debug +++ [int] repeatCount = 0
debug +++ [int] currentCount = 28
debug +++ [Boolean] running = true
debug +++ [int] delay = 120000
debug +++ [int] repeatCount = 0
debug +++ [int] currentCount = 28
debug +++ [Boolean] running = true
debug +++ [int] delay = 120000
debug time 15:15:17.619 :: After HeartBeat Count=29 Result=5
debug time 15:17:17.454 :: Before HeartBeat Count=30 Time=Tue Apr 17 2012 15:17:17 GMT+0200 AccountId=29131007 Session=39a797a6-5cce-4f6f-8d55-11cab78243be
debug ++ [int] eventPhase = 2
debug ++ [Boolean] bubbles = false
debug ++ [Boolean] cancelable = false
debug ++ [String] type = timer
debug +++ [int] repeatCount = 0
debug +++ [int] currentCount = 29
debug +++ [Boolean] running = true
debug +++ [int] delay = 120000
debug +++ [int] repeatCount = 0
debug +++ [int] currentCount = 29
debug +++ [Boolean] running = true
debug +++ [int] delay = 120000
debug time 15:17:17.670 :: After HeartBeat Count=30 Result=5
debug time 15:19:17.479 :: Before HeartBeat Count=31 Time=Tue Apr 17 2012 15:19:17 GMT+0200 AccountId=29131007 Session=39a797a6-5cce-4f6f-8d55-11cab78243be
debug ++ [int] eventPhase = 2
debug ++ [Boolean] bubbles = false
debug ++ [Boolean] cancelable = false
debug ++ [String] type = timer
debug +++ [int] repeatCount = 0
debug +++ [int] currentCount = 30
debug +++ [Boolean] running = true
debug +++ [int] delay = 120000
debug +++ [int] repeatCount = 0
debug +++ [int] currentCount = 30
debug +++ [Boolean] running = true
debug +++ [int] delay = 120000
debug time 15:19:17.674 :: After HeartBeat Count=31 Result=5
debug time 15:21:18.449 :: Before HeartBeat Count=32 Time=Tue Apr 17 2012 15:21:18 GMT+0200 AccountId=29131007 Session=39a797a6-5cce-4f6f-8d55-11cab78243be
debug ++ [int] eventPhase = 2
debug ++ [Boolean] bubbles = false
debug ++ [Boolean] cancelable = false
debug ++ [String] type = timer
debug +++ [int] repeatCount = 0
debug +++ [int] currentCount = 31
debug +++ [Boolean] running = true
debug +++ [int] delay = 120000
debug +++ [int] repeatCount = 0
debug +++ [int] currentCount = 31
debug +++ [Boolean] running = true
debug +++ [int] delay = 120000
debug time 15:21:18.618 :: After HeartBeat Count=32 Result=5
debug time 15:23:18.449 :: Before HeartBeat Count=33 Time=Tue Apr 17 2012 15:23:18 GMT+0200 AccountId=29131007 Session=39a797a6-5cce-4f6f-8d55-11cab78243be
debug ++ [int] eventPhase = 2
debug ++ [Boolean] bubbles = false
debug ++ [Boolean] cancelable = false
debug ++ [String] type = timer
debug +++ [int] repeatCount = 0
debug +++ [int] currentCount = 32
debug +++ [Boolean] running = true
debug +++ [int] delay = 120000
debug +++ [int] repeatCount = 0
debug +++ [int] currentCount = 32
debug +++ [Boolean] running = true
debug +++ [int] delay = 120000
debug time 15:23:18.619 :: After HeartBeat Count=33 Result=5
debug time 15:25:19.471 :: Before HeartBeat Count=34 Time=Tue Apr 17 2012 15:25:19 GMT+0200 AccountId=29131007 Session=39a797a6-5cce-4f6f-8d55-11cab78243be
debug ++ [int] eventPhase = 2
debug ++ [Boolean] bubbles = false
debug ++ [Boolean] cancelable = false
debug ++ [String] type = timer
debug +++ [int] repeatCount = 0
debug +++ [int] currentCount = 33
debug +++ [Boolean] running = true
debug +++ [int] delay = 120000
debug +++ [int] repeatCount = 0
debug +++ [int] currentCount = 33
debug +++ [Boolean] running = true
debug +++ [int] delay = 120000
debug time 15:25:19.641 :: After HeartBeat Count=34 Result=5
debug time 15:27:19.475 :: Before HeartBeat Count=35 Time=Tue Apr 17 2012 15:27:19 GMT+0200 AccountId=29131007 Session=39a797a6-5cce-4f6f-8d55-11cab78243be
debug ++ [int] eventPhase = 2
debug ++ [Boolean] bubbles = false
debug ++ [Boolean] cancelable = false
debug ++ [String] type = timer
debug +++ [int] repeatCount = 0
debug +++ [int] currentCount = 34
debug +++ [Boolean] running = true
debug +++ [int] delay = 120000
debug +++ [int] repeatCount = 0
debug +++ [int] currentCount = 34
debug +++ [Boolean] running = true
debug +++ [int] delay = 120000
debug time 15:27:19.675 :: After HeartBeat Count=35 Result=5
debug time 15:29:20.449 :: Before HeartBeat Count=36 Time=Tue Apr 17 2012 15:29:20 GMT+0200 AccountId=29131007 Session=39a797a6-5cce-4f6f-8d55-11cab78243be
debug ++ [int] eventPhase = 2
debug ++ [Boolean] bubbles = false
debug ++ [Boolean] cancelable = false
debug ++ [String] type = timer
debug +++ [int] repeatCount = 0
debug +++ [int] currentCount = 35
debug +++ [Boolean] running = true
debug +++ [int] delay = 120000
debug +++ [int] repeatCount = 0
debug +++ [int] currentCount = 35
debug +++ [Boolean] running = true
debug +++ [int] delay = 120000
debug time 15:29:20.619 :: After HeartBeat Count=36 Result=5
debug time 15:31:20.450 :: Before HeartBeat Count=37 Time=Tue Apr 17 2012 15:31:20 GMT+0200 AccountId=29131007 Session=39a797a6-5cce-4f6f-8d55-11cab78243be
debug ++ [int] eventPhase = 2
debug ++ [Boolean] bubbles = false
debug ++ [Boolean] cancelable = false
debug ++ [String] type = timer
debug +++ [int] repeatCount = 0
debug +++ [int] currentCount = 36
debug +++ [Boolean] running = true
debug +++ [int] delay = 120000
debug +++ [int] repeatCount = 0
debug +++ [int] currentCount = 36
debug +++ [Boolean] running = true
debug +++ [int] delay = 120000
debug time 15:31:20.620 :: After HeartBeat Count=37 Result=5
debug time 15:33:20.480 :: Before HeartBeat Count=38 Time=Tue Apr 17 2012 15:33:20 GMT+0200 AccountId=29131007 Session=39a797a6-5cce-4f6f-8d55-11cab78243be
debug ++ [int] eventPhase = 2
debug ++ [Boolean] bubbles = false
debug ++ [Boolean] cancelable = false
debug ++ [String] type = timer
debug +++ [int] repeatCount = 0
debug +++ [int] currentCount = 37
debug +++ [Boolean] running = true
debug +++ [int] delay = 120000
debug +++ [int] repeatCount = 0
debug +++ [int] currentCount = 37
debug +++ [Boolean] running = true
debug +++ [int] delay = 120000
debug time 15:33:20.680 :: After HeartBeat Count=38 Result=5
debug time 15:35:21.449 :: Before HeartBeat Count=39 Time=Tue Apr 17 2012 15:35:21 GMT+0200 AccountId=29131007 Session=39a797a6-5cce-4f6f-8d55-11cab78243be
debug ++ [int] eventPhase = 2
debug ++ [Boolean] bubbles = false
debug ++ [Boolean] cancelable = false
debug ++ [String] type = timer
debug +++ [int] repeatCount = 0
debug +++ [int] currentCount = 38
debug +++ [Boolean] running = true
debug +++ [int] delay = 120000
debug +++ [int] repeatCount = 0
debug +++ [int] currentCount = 38
debug +++ [Boolean] running = true
debug +++ [int] delay = 120000
debug time 15:35:21.619 :: After HeartBeat Count=39 Result=5
debug time 15:37:21.448 :: Before HeartBeat Count=40 Time=Tue Apr 17 2012 15:37:21 GMT+0200 AccountId=29131007 Session=39a797a6-5cce-4f6f-8d55-11cab78243be
debug ++ [int] eventPhase = 2
debug ++ [Boolean] bubbles = false
debug ++ [Boolean] cancelable = false
debug ++ [String] type = timer
debug +++ [int] repeatCount = 0
debug +++ [int] currentCount = 39
debug +++ [Boolean] running = true
debug +++ [int] delay = 120000
debug +++ [int] repeatCount = 0
debug +++ [int] currentCount = 39
debug +++ [Boolean] running = true
debug +++ [int] delay = 120000
debug time 15:37:21.641 :: After HeartBeat Count=40 Result=5
debug time 15:39:21.474 :: Before HeartBeat Count=41 Time=Tue Apr 17 2012 15:39:21 GMT+0200 AccountId=29131007 Session=39a797a6-5cce-4f6f-8d55-11cab78243be
debug ++ [int] eventPhase = 2
debug ++ [Boolean] bubbles = false
debug ++ [Boolean] cancelable = false
debug ++ [String] type = timer
debug +++ [int] repeatCount = 0
debug +++ [int] currentCount = 40
debug +++ [Boolean] running = true
debug +++ [int] delay = 120000
debug +++ [int] repeatCount = 0
debug +++ [int] currentCount = 40
debug +++ [Boolean] running = true
debug +++ [int] delay = 120000
debug time 15:39:21.674 :: After HeartBeat Count=41 Result=5
debug time 15:41:22.450 :: Before HeartBeat Count=42 Time=Tue Apr 17 2012 15:41:22 GMT+0200 AccountId=29131007 Session=39a797a6-5cce-4f6f-8d55-11cab78243be
debug ++ [int] eventPhase = 2
debug ++ [Boolean] bubbles = false
debug ++ [Boolean] cancelable = false
debug ++ [String] type = timer
debug +++ [int] repeatCount = 0
debug +++ [int] currentCount = 41
debug +++ [Boolean] running = true
debug +++ [int] delay = 120000
debug +++ [int] repeatCount = 0
debug +++ [int] currentCount = 41
debug +++ [Boolean] running = true
debug +++ [int] delay = 120000
debug time 15:41:22.620 :: After HeartBeat Count=42 Result=5
debug time 15:43:22.454 :: Before HeartBeat Count=43 Time=Tue Apr 17 2012 15:43:22 GMT+0200 AccountId=29131007 Session=39a797a6-5cce-4f6f-8d55-11cab78243be
debug ++ [int] eventPhase = 2
debug ++ [Boolean] bubbles = false
debug ++ [Boolean] cancelable = false
debug ++ [String] type = timer
debug +++ [int] repeatCount = 0
debug +++ [int] currentCount = 42
debug +++ [Boolean] running = true
debug +++ [int] delay = 120000
debug +++ [int] repeatCount = 0
debug +++ [int] currentCount = 42
debug +++ [Boolean] running = true
debug +++ [int] delay = 120000
debug time 15:43:22.627 :: After HeartBeat Count=43 Result=5
debug time 15:45:22.472 :: Before HeartBeat Count=44 Time=Tue Apr 17 2012 15:45:22 GMT+0200 AccountId=29131007 Session=39a797a6-5cce-4f6f-8d55-11cab78243be
debug ++ [int] eventPhase = 2
debug ++ [Boolean] bubbles = false
debug ++ [Boolean] cancelable = false
debug ++ [String] type = timer
debug +++ [int] repeatCount = 0
debug +++ [int] currentCount = 43
debug +++ [Boolean] running = true
debug +++ [int] delay = 120000
debug +++ [int] repeatCount = 0
debug +++ [int] currentCount = 43
debug +++ [Boolean] running = true
debug +++ [int] delay = 120000
debug time 15:45:22.672 :: After HeartBeat Count=44 Result=5
debug time 15:47:23.449 :: Before HeartBeat Count=45 Time=Tue Apr 17 2012 15:47:23 GMT+0200 AccountId=29131007 Session=39a797a6-5cce-4f6f-8d55-11cab78243be
debug ++ [int] eventPhase = 2
debug ++ [Boolean] bubbles = false
debug ++ [Boolean] cancelable = false
debug ++ [String] type = timer
debug +++ [int] repeatCount = 0
debug +++ [int] currentCount = 44
debug +++ [Boolean] running = true
debug +++ [int] delay = 120000
debug +++ [int] repeatCount = 0
debug +++ [int] currentCount = 44
debug +++ [Boolean] running = true
debug +++ [int] delay = 120000
debug time 15:47:23.620 :: After HeartBeat Count=45 Result=5
debug time 15:49:23.449 :: Before HeartBeat Count=46 Time=Tue Apr 17 2012 15:49:23 GMT+0200 AccountId=29131007 Session=39a797a6-5cce-4f6f-8d55-11cab78243be
debug ++ [int] eventPhase = 2
debug ++ [Boolean] bubbles = false
debug ++ [Boolean] cancelable = false
debug ++ [String] type = timer
debug +++ [int] repeatCount = 0
debug +++ [int] currentCount = 45
debug +++ [Boolean] running = true
debug +++ [int] delay = 120000
debug +++ [int] repeatCount = 0
debug +++ [int] currentCount = 45
debug +++ [Boolean] running = true
debug +++ [int] delay = 120000
debug time 15:49:23.630 :: After HeartBeat Count=46 Result=5
debug time 15:51:23.449 :: Before HeartBeat Count=47 Time=Tue Apr 17 2012 15:51:23 GMT+0200 AccountId=29131007 Session=39a797a6-5cce-4f6f-8d55-11cab78243be
debug ++ [int] eventPhase = 2
debug ++ [Boolean] bubbles = false
debug ++ [Boolean] cancelable = false
debug ++ [String] type = timer
debug +++ [int] repeatCount = 0
debug +++ [int] currentCount = 46
debug +++ [Boolean] running = true
debug +++ [int] delay = 120000
debug +++ [int] repeatCount = 0
debug +++ [int] currentCount = 46
debug +++ [Boolean] running = true
debug +++ [int] delay = 120000
debug time 15:51:23.618 :: After HeartBeat Count=47 Result=5
debug time 15:53:23.449 :: Before HeartBeat Count=48 Time=Tue Apr 17 2012 15:53:23 GMT+0200 AccountId=29131007 Session=39a797a6-5cce-4f6f-8d55-11cab78243be
debug ++ [int] eventPhase = 2
debug ++ [Boolean] bubbles = false
debug ++ [Boolean] cancelable = false
debug ++ [String] type = timer
debug +++ [int] repeatCount = 0
debug +++ [int] currentCount = 47
debug +++ [Boolean] running = true
debug +++ [int] delay = 120000
debug +++ [int] repeatCount = 0
debug +++ [int] currentCount = 47
debug +++ [Boolean] running = true
debug +++ [int] delay = 120000
debug time 15:53:23.619 :: After HeartBeat Count=48 Result=5
debug time 15:55:02.696 :: Performing heartbeat at Tue Apr 17 2012 15:55:02 GMT+0200
debug time 15:55:23.474 :: Before HeartBeat Count=49 Time=Tue Apr 17 2012 15:55:23 GMT+0200 AccountId=29131007 Session=39a797a6-5cce-4f6f-8d55-11cab78243be
debug ++ [int] eventPhase = 2
debug ++ [Boolean] bubbles = false
debug ++ [Boolean] cancelable = false
debug ++ [String] type = timer
debug +++ [int] repeatCount = 0
debug +++ [int] currentCount = 48
debug +++ [Boolean] running = true
debug +++ [int] delay = 120000
debug +++ [int] repeatCount = 0
debug +++ [int] currentCount = 48
debug +++ [Boolean] running = true
debug +++ [int] delay = 120000
debug time 15:55:23.669 :: After HeartBeat Count=49 Result=5
debug time 15:57:23.504 :: Before HeartBeat Count=50 Time=Tue Apr 17 2012 15:57:23 GMT+0200 AccountId=29131007 Session=39a797a6-5cce-4f6f-8d55-11cab78243be
debug ++ [int] eventPhase = 2
debug ++ [Boolean] bubbles = false
debug ++ [Boolean] cancelable = false
debug ++ [String] type = timer
debug +++ [int] repeatCount = 0
debug +++ [int] currentCount = 49
debug +++ [Boolean] running = true
debug +++ [int] delay = 120000
debug +++ [int] repeatCount = 0
debug +++ [int] currentCount = 49
debug +++ [Boolean] running = true
debug +++ [int] delay = 120000
debug time 15:57:23.926 :: After HeartBeat Count=50 Result=5
debug time 15:59:23.728 :: Before HeartBeat Count=51 Time=Tue Apr 17 2012 15:59:23 GMT+0200 AccountId=29131007 Session=39a797a6-5cce-4f6f-8d55-11cab78243be
debug ++ [int] eventPhase = 2
debug ++ [Boolean] bubbles = false
debug ++ [Boolean] cancelable = false
debug ++ [String] type = timer
debug +++ [int] repeatCount = 0
debug +++ [int] currentCount = 50
debug +++ [Boolean] running = true
debug +++ [int] delay = 120000
debug +++ [int] repeatCount = 0
debug +++ [int] currentCount = 50
debug +++ [Boolean] running = true
debug +++ [int] delay = 120000
debug time 15:59:23.918 :: After HeartBeat Count=51 Result=5
debug time 16:01:24.724 :: Before HeartBeat Count=52 Time=Tue Apr 17 2012 16:01:24 GMT+0200 AccountId=29131007 Session=39a797a6-5cce-4f6f-8d55-11cab78243be
debug ++ [int] eventPhase = 2
debug ++ [Boolean] bubbles = false
debug ++ [Boolean] cancelable = false
debug ++ [String] type = timer
debug +++ [int] repeatCount = 0
debug +++ [int] currentCount = 51
debug +++ [Boolean] running = true
debug +++ [int] delay = 120000
debug +++ [int] repeatCount = 0
debug +++ [int] currentCount = 51
debug +++ [Boolean] running = true
debug +++ [int] delay = 120000
debug time 16:01:24.923 :: After HeartBeat Count=52 Result=5
debug time 16:03:25.729 :: Before HeartBeat Count=53 Time=Tue Apr 17 2012 16:03:25 GMT+0200 AccountId=29131007 Session=39a797a6-5cce-4f6f-8d55-11cab78243be
debug ++ [int] eventPhase = 2
debug ++ [Boolean] bubbles = false
debug ++ [Boolean] cancelable = false
debug ++ [String] type = timer
debug +++ [int] repeatCount = 0
debug +++ [int] currentCount = 52
debug +++ [Boolean] running = true
debug +++ [int] delay = 120000
debug +++ [int] repeatCount = 0
debug +++ [int] currentCount = 52
debug +++ [Boolean] running = true
debug +++ [int] delay = 120000
debug time 16:03:25.929 :: After HeartBeat Count=53 Result=5
debug time 16:05:26.698 :: Before HeartBeat Count=54 Time=Tue Apr 17 2012 16:05:26 GMT+0200 AccountId=29131007 Session=39a797a6-5cce-4f6f-8d55-11cab78243be
debug ++ [int] eventPhase = 2
debug ++ [Boolean] bubbles = false
debug ++ [Boolean] cancelable = false
debug ++ [String] type = timer
debug +++ [int] repeatCount = 0
debug +++ [int] currentCount = 53
debug +++ [Boolean] running = true
debug +++ [int] delay = 120000
debug +++ [int] repeatCount = 0
debug +++ [int] currentCount = 53
debug +++ [Boolean] running = true
debug +++ [int] delay = 120000
debug time 16:05:26.871 :: After HeartBeat Count=54 Result=5
debug time 16:07:26.724 :: Before HeartBeat Count=55 Time=Tue Apr 17 2012 16:07:26 GMT+0200 AccountId=29131007 Session=39a797a6-5cce-4f6f-8d55-11cab78243be
debug ++ [int] eventPhase = 2
debug ++ [Boolean] bubbles = false
debug ++ [Boolean] cancelable = false
debug ++ [String] type = timer
debug +++ [int] repeatCount = 0
debug +++ [int] currentCount = 54
debug +++ [Boolean] running = true
debug +++ [int] delay = 120000
debug +++ [int] repeatCount = 0
debug +++ [int] currentCount = 54
debug +++ [Boolean] running = true
debug +++ [int] delay = 120000
debug time 16:07:26.925 :: After HeartBeat Count=55 Result=5
debug time 16:09:27.693 :: Before HeartBeat Count=56 Time=Tue Apr 17 2012 16:09:27 GMT+0200 AccountId=29131007 Session=39a797a6-5cce-4f6f-8d55-11cab78243be
debug ++ [int] eventPhase = 2
debug ++ [Boolean] bubbles = false
debug ++ [Boolean] cancelable = false
debug ++ [String] type = timer
debug +++ [int] repeatCount = 0
debug +++ [int] currentCount = 55
debug +++ [Boolean] running = true
debug +++ [int] delay = 120000
debug +++ [int] repeatCount = 0
debug +++ [int] currentCount = 55
debug +++ [Boolean] running = true
debug +++ [int] delay = 120000
debug time 16:09:27.863 :: After HeartBeat Count=56 Result=5
debug time 16:11:27.693 :: Before HeartBeat Count=57 Time=Tue Apr 17 2012 16:11:27 GMT+0200 AccountId=29131007 Session=39a797a6-5cce-4f6f-8d55-11cab78243be
debug ++ [int] eventPhase = 2
debug ++ [Boolean] bubbles = false
debug ++ [Boolean] cancelable = false
debug ++ [String] type = timer
debug +++ [int] repeatCount = 0
debug +++ [int] currentCount = 56
debug +++ [Boolean] running = true
debug +++ [int] delay = 120000
debug +++ [int] repeatCount = 0
debug +++ [int] currentCount = 56
debug +++ [Boolean] running = true
debug +++ [int] delay = 120000
debug time 16:11:27.863 :: After HeartBeat Count=57 Result=5
debug time 16:13:28.693 :: Before HeartBeat Count=58 Time=Tue Apr 17 2012 16:13:28 GMT+0200 AccountId=29131007 Session=39a797a6-5cce-4f6f-8d55-11cab78243be
debug ++ [int] eventPhase = 2
debug ++ [Boolean] bubbles = false
debug ++ [Boolean] cancelable = false
debug ++ [String] type = timer
debug +++ [int] repeatCount = 0
debug +++ [int] currentCount = 57
debug +++ [Boolean] running = true
debug +++ [int] delay = 120000
debug +++ [int] repeatCount = 0
debug +++ [int] currentCount = 57
debug +++ [Boolean] running = true
debug +++ [int] delay = 120000
debug time 16:13:28.863 :: After HeartBeat Count=58 Result=5
debug time 16:15:29.692 :: Before HeartBeat Count=59 Time=Tue Apr 17 2012 16:15:29 GMT+0200 AccountId=29131007 Session=39a797a6-5cce-4f6f-8d55-11cab78243be
debug ++ [int] eventPhase = 2
debug ++ [Boolean] bubbles = false
debug ++ [Boolean] cancelable = false
debug ++ [String] type = timer
debug +++ [int] repeatCount = 0
debug +++ [int] currentCount = 58
debug +++ [Boolean] running = true
debug +++ [int] delay = 120000
debug +++ [int] repeatCount = 0
debug +++ [int] currentCount = 58
debug +++ [Boolean] running = true
debug +++ [int] delay = 120000
debug time 16:15:29.862 :: After HeartBeat Count=59 Result=5
debug time 16:17:29.692 :: Before HeartBeat Count=60 Time=Tue Apr 17 2012 16:17:29 GMT+0200 AccountId=29131007 Session=39a797a6-5cce-4f6f-8d55-11cab78243be
debug ++ [int] eventPhase = 2
debug ++ [Boolean] bubbles = false
debug ++ [Boolean] cancelable = false
debug ++ [String] type = timer
debug +++ [int] repeatCount = 0
debug +++ [int] currentCount = 59
debug +++ [Boolean] running = true
debug +++ [int] delay = 120000
debug +++ [int] repeatCount = 0
debug +++ [int] currentCount = 59
debug +++ [Boolean] running = true
debug +++ [int] delay = 120000
debug time 16:17:29.862 :: After HeartBeat Count=60 Result=5
debug time 16:19:29.693 :: Before HeartBeat Count=61 Time=Tue Apr 17 2012 16:19:29 GMT+0200 AccountId=29131007 Session=39a797a6-5cce-4f6f-8d55-11cab78243be
debug ++ [int] eventPhase = 2
debug ++ [Boolean] bubbles = false
debug ++ [Boolean] cancelable = false
debug ++ [String] type = timer
debug +++ [int] repeatCount = 0
debug +++ [int] currentCount = 60
debug +++ [Boolean] running = true
debug +++ [int] delay = 120000
debug +++ [int] repeatCount = 0
debug +++ [int] currentCount = 60
debug +++ [Boolean] running = true
debug +++ [int] delay = 120000
debug time 16:19:29.863 :: After HeartBeat Count=61 Result=5
debug time 16:21:29.729 :: Before HeartBeat Count=62 Time=Tue Apr 17 2012 16:21:29 GMT+0200 AccountId=29131007 Session=39a797a6-5cce-4f6f-8d55-11cab78243be
debug ++ [int] eventPhase = 2
debug ++ [Boolean] bubbles = false
debug ++ [Boolean] cancelable = false
debug ++ [String] type = timer
debug +++ [int] repeatCount = 0
debug +++ [int] currentCount = 61
debug +++ [Boolean] running = true
debug +++ [int] delay = 120000
debug +++ [int] repeatCount = 0
debug +++ [int] currentCount = 61
debug +++ [Boolean] running = true
debug +++ [int] delay = 120000
debug time 16:21:29.919 :: After HeartBeat Count=62 Result=5
debug time 16:23:30.693 :: Before HeartBeat Count=63 Time=Tue Apr 17 2012 16:23:30 GMT+0200 AccountId=29131007 Session=39a797a6-5cce-4f6f-8d55-11cab78243be
debug ++ [int] eventPhase = 2
debug ++ [Boolean] bubbles = false
debug ++ [Boolean] cancelable = false
debug ++ [String] type = timer
debug +++ [int] repeatCount = 0
debug +++ [int] currentCount = 62
debug +++ [Boolean] running = true
debug +++ [int] delay = 120000
debug +++ [int] repeatCount = 0
debug +++ [int] currentCount = 62
debug +++ [Boolean] running = true
debug +++ [int] delay = 120000
debug time 16:23:30.863 :: After HeartBeat Count=63 Result=5
debug time 16:25:30.694 :: Before HeartBeat Count=64 Time=Tue Apr 17 2012 16:25:30 GMT+0200 AccountId=29131007 Session=39a797a6-5cce-4f6f-8d55-11cab78243be
debug ++ [int] eventPhase = 2
debug ++ [Boolean] bubbles = false
debug ++ [Boolean] cancelable = false
debug ++ [String] type = timer
debug +++ [int] repeatCount = 0
debug +++ [int] currentCount = 63
debug +++ [Boolean] running = true
debug +++ [int] delay = 120000
debug +++ [int] repeatCount = 0
debug +++ [int] currentCount = 63
debug +++ [Boolean] running = true
debug +++ [int] delay = 120000
debug time 16:25:30.864 :: After HeartBeat Count=64 Result=5
debug time 16:27:30.729 :: Before HeartBeat Count=65 Time=Tue Apr 17 2012 16:27:30 GMT+0200 AccountId=29131007 Session=39a797a6-5cce-4f6f-8d55-11cab78243be
debug ++ [int] eventPhase = 2
debug ++ [Boolean] bubbles = false
debug ++ [Boolean] cancelable = false
debug ++ [String] type = timer
debug +++ [int] repeatCount = 0
debug +++ [int] currentCount = 64
debug +++ [Boolean] running = true
debug +++ [int] delay = 120000
debug +++ [int] repeatCount = 0
debug +++ [int] currentCount = 64
debug +++ [Boolean] running = true
debug +++ [int] delay = 120000
debug time 16:27:30.929 :: After HeartBeat Count=65 Result=5
debug time 16:29:30.728 :: Before HeartBeat Count=66 Time=Tue Apr 17 2012 16:29:30 GMT+0200 AccountId=29131007 Session=39a797a6-5cce-4f6f-8d55-11cab78243be
debug ++ [int] eventPhase = 2
debug ++ [Boolean] bubbles = false
debug ++ [Boolean] cancelable = false
debug ++ [String] type = timer
debug +++ [int] repeatCount = 0
debug +++ [int] currentCount = 65
debug +++ [Boolean] running = true
debug +++ [int] delay = 120000
debug +++ [int] repeatCount = 0
debug +++ [int] currentCount = 65
debug +++ [Boolean] running = true
debug +++ [int] delay = 120000
debug time 16:29:30.929 :: After HeartBeat Count=66 Result=5
debug time 16:31:31.728 :: Before HeartBeat Count=67 Time=Tue Apr 17 2012 16:31:31 GMT+0200 AccountId=29131007 Session=39a797a6-5cce-4f6f-8d55-11cab78243be
debug ++ [int] eventPhase = 2
debug ++ [Boolean] bubbles = false
debug ++ [Boolean] cancelable = false
debug ++ [String] type = timer
debug +++ [int] repeatCount = 0
debug +++ [int] currentCount = 66
debug +++ [Boolean] running = true
debug +++ [int] delay = 120000
debug +++ [int] repeatCount = 0
debug +++ [int] currentCount = 66
debug +++ [Boolean] running = true
debug +++ [int] delay = 120000
debug time 16:31:31.928 :: After HeartBeat Count=67 Result=5
debug time 16:33:32.723 :: Before HeartBeat Count=68 Time=Tue Apr 17 2012 16:33:32 GMT+0200 AccountId=29131007 Session=39a797a6-5cce-4f6f-8d55-11cab78243be
debug ++ [int] eventPhase = 2
debug ++ [Boolean] bubbles = false
debug ++ [Boolean] cancelable = false
debug ++ [String] type = timer
debug +++ [int] repeatCount = 0
debug +++ [int] currentCount = 67
debug +++ [Boolean] running = true
debug +++ [int] delay = 120000
debug +++ [int] repeatCount = 0
debug +++ [int] currentCount = 67
debug +++ [Boolean] running = true
debug +++ [int] delay = 120000
debug time 16:33:32.923 :: After HeartBeat Count=68 Result=5
debug time 16:35:32.723 :: Before HeartBeat Count=69 Time=Tue Apr 17 2012 16:35:32 GMT+0200 AccountId=29131007 Session=39a797a6-5cce-4f6f-8d55-11cab78243be
debug ++ [int] eventPhase = 2
debug ++ [Boolean] bubbles = false
debug ++ [Boolean] cancelable = false
debug ++ [String] type = timer
debug +++ [int] repeatCount = 0
debug +++ [int] currentCount = 68
debug +++ [Boolean] running = true
debug +++ [int] delay = 120000
debug +++ [int] repeatCount = 0
debug +++ [int] currentCount = 68
debug +++ [Boolean] running = true
debug +++ [int] delay = 120000
debug time 16:35:32.930 :: After HeartBeat Count=69 Result=5
debug time 16:37:33.724 :: Before HeartBeat Count=70 Time=Tue Apr 17 2012 16:37:33 GMT+0200 AccountId=29131007 Session=39a797a6-5cce-4f6f-8d55-11cab78243be
debug ++ [int] eventPhase = 2
debug ++ [Boolean] bubbles = false
debug ++ [Boolean] cancelable = false
debug ++ [String] type = timer
debug +++ [int] repeatCount = 0
debug +++ [int] currentCount = 69
debug +++ [Boolean] running = true
debug +++ [int] delay = 120000
debug +++ [int] repeatCount = 0
debug +++ [int] currentCount = 69
debug +++ [Boolean] running = true
debug +++ [int] delay = 120000
debug time 16:37:33.924 :: After HeartBeat Count=70 Result=5
debug time 16:38:02.948 :: Performing heartbeat at Tue Apr 17 2012 16:38:02 GMT+0200
debug time 16:39:33.752 :: Before HeartBeat Count=71 Time=Tue Apr 17 2012 16:39:33 GMT+0200 AccountId=29131007 Session=39a797a6-5cce-4f6f-8d55-11cab78243be
debug ++ [int] eventPhase = 2
debug ++ [Boolean] bubbles = false
debug ++ [Boolean] cancelable = false
debug ++ [String] type = timer
debug +++ [int] repeatCount = 0
debug +++ [int] currentCount = 70
debug +++ [Boolean] running = true
debug +++ [int] delay = 120000
debug +++ [int] repeatCount = 0
debug +++ [int] currentCount = 70
debug +++ [Boolean] running = true
debug +++ [int] delay = 120000
debug time 16:39:33.943 :: After HeartBeat Count=71 Result=5
debug time 16:41:34.296 :: Before HeartBeat Count=72 Time=Tue Apr 17 2012 16:41:34 GMT+0200 AccountId=29131007 Session=39a797a6-5cce-4f6f-8d55-11cab78243be
debug ++ [int] eventPhase = 2
debug ++ [Boolean] bubbles = false
debug ++ [Boolean] cancelable = false
debug ++ [String] type = timer
debug +++ [int] repeatCount = 0
debug +++ [int] currentCount = 71
debug +++ [Boolean] running = true
debug +++ [int] delay = 120000
debug +++ [int] repeatCount = 0
debug +++ [int] currentCount = 71
debug +++ [Boolean] running = true
debug +++ [int] delay = 120000
debug time 16:41:34.471 :: After HeartBeat Count=72 Result=5
debug time 16:43:34.297 :: Before HeartBeat Count=73 Time=Tue Apr 17 2012 16:43:34 GMT+0200 AccountId=29131007 Session=39a797a6-5cce-4f6f-8d55-11cab78243be
debug ++ [int] eventPhase = 2
debug ++ [Boolean] bubbles = false
debug ++ [Boolean] cancelable = false
debug ++ [String] type = timer
debug +++ [int] repeatCount = 0
debug +++ [int] currentCount = 72
debug +++ [Boolean] running = true
debug +++ [int] delay = 120000
debug +++ [int] repeatCount = 0
debug +++ [int] currentCount = 72
debug +++ [Boolean] running = true
debug +++ [int] delay = 120000
debug time 16:43:34.467 :: After HeartBeat Count=73 Result=5
debug time 16:45:35.296 :: Before HeartBeat Count=74 Time=Tue Apr 17 2012 16:45:35 GMT+0200 AccountId=29131007 Session=39a797a6-5cce-4f6f-8d55-11cab78243be
debug ++ [int] eventPhase = 2
debug ++ [Boolean] bubbles = false
debug ++ [Boolean] cancelable = false
debug ++ [String] type = timer
debug +++ [int] repeatCount = 0
debug +++ [int] currentCount = 73
debug +++ [Boolean] running = true
debug +++ [int] delay = 120000
debug +++ [int] repeatCount = 0
debug +++ [int] currentCount = 73
debug +++ [Boolean] running = true
debug +++ [int] delay = 120000
debug time 16:45:35.466 :: After HeartBeat Count=74 Result=5
debug time 16:47:35.295 :: Before HeartBeat Count=75 Time=Tue Apr 17 2012 16:47:35 GMT+0200 AccountId=29131007 Session=39a797a6-5cce-4f6f-8d55-11cab78243be
debug ++ [int] eventPhase = 2
debug ++ [Boolean] bubbles = false
debug ++ [Boolean] cancelable = false
debug ++ [String] type = timer
debug +++ [int] repeatCount = 0
debug +++ [int] currentCount = 74
debug +++ [Boolean] running = true
debug +++ [int] delay = 120000
debug +++ [int] repeatCount = 0
debug +++ [int] currentCount = 74
debug +++ [Boolean] running = true
debug +++ [int] delay = 120000
debug time 16:47:35.479 :: After HeartBeat Count=75 Result=5
debug time 16:49:35.297 :: Before HeartBeat Count=76 Time=Tue Apr 17 2012 16:49:35 GMT+0200 AccountId=29131007 Session=39a797a6-5cce-4f6f-8d55-11cab78243be
debug ++ [int] eventPhase = 2
debug ++ [Boolean] bubbles = false
debug ++ [Boolean] cancelable = false
debug ++ [String] type = timer
debug +++ [int] repeatCount = 0
debug +++ [int] currentCount = 75
debug +++ [Boolean] running = true
debug +++ [int] delay = 120000
debug +++ [int] repeatCount = 0
debug +++ [int] currentCount = 75
debug +++ [Boolean] running = true
debug +++ [int] delay = 120000
debug time 16:49:35.467 :: After HeartBeat Count=76 Result=5
debug time 16:51:35.334 :: Before HeartBeat Count=77 Time=Tue Apr 17 2012 16:51:35 GMT+0200 AccountId=29131007 Session=39a797a6-5cce-4f6f-8d55-11cab78243be
debug ++ [int] eventPhase = 2
debug ++ [Boolean] bubbles = false
debug ++ [Boolean] cancelable = false
debug ++ [String] type = timer
debug +++ [int] repeatCount = 0
debug +++ [int] currentCount = 76
debug +++ [Boolean] running = true
debug +++ [int] delay = 120000
debug +++ [int] repeatCount = 0
debug +++ [int] currentCount = 76
debug +++ [Boolean] running = true
debug +++ [int] delay = 120000
debug time 16:51:35.531 :: After HeartBeat Count=77 Result=5
debug time 16:53:36.295 :: Before HeartBeat Count=78 Time=Tue Apr 17 2012 16:53:36 GMT+0200 AccountId=29131007 Session=39a797a6-5cce-4f6f-8d55-11cab78243be
debug ++ [int] eventPhase = 2
debug ++ [Boolean] bubbles = false
debug ++ [Boolean] cancelable = false
debug ++ [String] type = timer
debug +++ [int] repeatCount = 0
debug +++ [int] currentCount = 77
debug +++ [Boolean] running = true
debug +++ [int] delay = 120000
debug +++ [int] repeatCount = 0
debug +++ [int] currentCount = 77
debug +++ [Boolean] running = true
debug +++ [int] delay = 120000
debug time 16:53:36.465 :: After HeartBeat Count=78 Result=5
debug time 16:55:36.297 :: Before HeartBeat Count=79 Time=Tue Apr 17 2012 16:55:36 GMT+0200 AccountId=29131007 Session=39a797a6-5cce-4f6f-8d55-11cab78243be
debug ++ [int] eventPhase = 2
debug ++ [Boolean] bubbles = false
debug ++ [Boolean] cancelable = false
debug ++ [String] type = timer
debug +++ [int] repeatCount = 0
debug +++ [int] currentCount = 78
debug +++ [Boolean] running = true
debug +++ [int] delay = 120000
debug +++ [int] repeatCount = 0
debug +++ [int] currentCount = 78
debug +++ [Boolean] running = true
debug +++ [int] delay = 120000
debug time 16:55:36.466 :: After HeartBeat Count=79 Result=5
debug time 16:57:37.296 :: Before HeartBeat Count=80 Time=Tue Apr 17 2012 16:57:37 GMT+0200 AccountId=29131007 Session=39a797a6-5cce-4f6f-8d55-11cab78243be
debug ++ [int] eventPhase = 2
debug ++ [Boolean] bubbles = false
debug ++ [Boolean] cancelable = false
debug ++ [String] type = timer
debug +++ [int] repeatCount = 0
debug +++ [int] currentCount = 79
debug +++ [Boolean] running = true
debug +++ [int] delay = 120000
debug +++ [int] repeatCount = 0
debug +++ [int] currentCount = 79
debug +++ [Boolean] running = true
debug +++ [int] delay = 120000
debug time 16:57:37.466 :: After HeartBeat Count=80 Result=5
debug time 16:59:37.333 :: Before HeartBeat Count=81 Time=Tue Apr 17 2012 16:59:37 GMT+0200 AccountId=29131007 Session=39a797a6-5cce-4f6f-8d55-11cab78243be
debug ++ [int] eventPhase = 2
debug ++ [Boolean] bubbles = false
debug ++ [Boolean] cancelable = false
debug ++ [String] type = timer
debug +++ [int] repeatCount = 0
debug +++ [int] currentCount = 80
debug +++ [Boolean] running = true
debug +++ [int] delay = 120000
debug +++ [int] repeatCount = 0
debug +++ [int] currentCount = 80
debug +++ [Boolean] running = true
debug +++ [int] delay = 120000
debug time 16:59:37.529 :: After HeartBeat Count=81 Result=5
debug time 17:01:38.296 :: Before HeartBeat Count=82 Time=Tue Apr 17 2012 17:01:38 GMT+0200 AccountId=29131007 Session=39a797a6-5cce-4f6f-8d55-11cab78243be
debug ++ [int] eventPhase = 2
debug ++ [Boolean] bubbles = false
debug ++ [Boolean] cancelable = false
debug ++ [String] type = timer
debug +++ [int] repeatCount = 0
debug +++ [int] currentCount = 81
debug +++ [Boolean] running = true
debug +++ [int] delay = 120000
debug +++ [int] repeatCount = 0
debug +++ [int] currentCount = 81
debug +++ [Boolean] running = true
debug +++ [int] delay = 120000
debug time 17:01:38.465 :: After HeartBeat Count=82 Result=5
debug time 17:03:38.296 :: Before HeartBeat Count=83 Time=Tue Apr 17 2012 17:03:38 GMT+0200 AccountId=29131007 Session=39a797a6-5cce-4f6f-8d55-11cab78243be
debug ++ [int] eventPhase = 2
debug ++ [Boolean] bubbles = false
debug ++ [Boolean] cancelable = false
debug ++ [String] type = timer
debug +++ [int] repeatCount = 0
debug +++ [int] currentCount = 82
debug +++ [Boolean] running = true
debug +++ [int] delay = 120000
debug +++ [int] repeatCount = 0
debug +++ [int] currentCount = 82
debug +++ [Boolean] running = true
debug +++ [int] delay = 120000
debug time 17:03:38.466 :: After HeartBeat Count=83 Result=5
debug time 17:05:39.296 :: Before HeartBeat Count=84 Time=Tue Apr 17 2012 17:05:39 GMT+0200 AccountId=29131007 Session=39a797a6-5cce-4f6f-8d55-11cab78243be
debug ++ [int] eventPhase = 2
debug ++ [Boolean] bubbles = false
debug ++ [Boolean] cancelable = false
debug ++ [String] type = timer
debug +++ [int] repeatCount = 0
debug +++ [int] currentCount = 83
debug +++ [Boolean] running = true
debug +++ [int] delay = 120000
debug +++ [int] repeatCount = 0
debug +++ [int] currentCount = 83
debug +++ [Boolean] running = true
debug +++ [int] delay = 120000
debug time 17:05:39.465 :: After HeartBeat Count=84 Result=5
debug time 17:07:40.319 :: Before HeartBeat Count=85 Time=Tue Apr 17 2012 17:07:40 GMT+0200 AccountId=29131007 Session=39a797a6-5cce-4f6f-8d55-11cab78243be
debug ++ [int] eventPhase = 2
debug ++ [Boolean] bubbles = false
debug ++ [Boolean] cancelable = false
debug ++ [String] type = timer
debug +++ [int] repeatCount = 0
debug +++ [int] currentCount = 84
debug +++ [Boolean] running = true
debug +++ [int] delay = 120000
debug +++ [int] repeatCount = 0
debug +++ [int] currentCount = 84
debug +++ [Boolean] running = true
debug +++ [int] delay = 120000
debug time 17:07:40.489 :: After HeartBeat Count=85 Result=5
debug time 17:09:41.296 :: Before HeartBeat Count=86 Time=Tue Apr 17 2012 17:09:41 GMT+0200 AccountId=29131007 Session=39a797a6-5cce-4f6f-8d55-11cab78243be
debug ++ [int] eventPhase = 2
debug ++ [Boolean] bubbles = false
debug ++ [Boolean] cancelable = false
debug ++ [String] type = timer
debug +++ [int] repeatCount = 0
debug +++ [int] currentCount = 85
debug +++ [Boolean] running = true
debug +++ [int] delay = 120000
debug +++ [int] repeatCount = 0
debug +++ [int] currentCount = 85
debug +++ [Boolean] running = true
debug +++ [int] delay = 120000
debug time 17:09:41.465 :: After HeartBeat Count=86 Result=5
debug time 17:11:41.331 :: Before HeartBeat Count=87 Time=Tue Apr 17 2012 17:11:41 GMT+0200 AccountId=29131007 Session=39a797a6-5cce-4f6f-8d55-11cab78243be
debug ++ [int] eventPhase = 2
debug ++ [Boolean] bubbles = false
debug ++ [Boolean] cancelable = false
debug ++ [String] type = timer
debug +++ [int] repeatCount = 0
debug +++ [int] currentCount = 86
debug +++ [Boolean] running = true
debug +++ [int] delay = 120000
debug +++ [int] repeatCount = 0
debug +++ [int] currentCount = 86
debug +++ [Boolean] running = true
debug +++ [int] delay = 120000
debug time 17:11:41.530 :: After HeartBeat Count=87 Result=5
debug time 17:13:42.296 :: Before HeartBeat Count=88 Time=Tue Apr 17 2012 17:13:42 GMT+0200 AccountId=29131007 Session=39a797a6-5cce-4f6f-8d55-11cab78243be
debug ++ [int] eventPhase = 2
debug ++ [Boolean] bubbles = false
debug ++ [Boolean] cancelable = false
debug ++ [String] type = timer
debug +++ [int] repeatCount = 0
debug +++ [int] currentCount = 87
debug +++ [Boolean] running = true
debug +++ [int] delay = 120000
debug +++ [int] repeatCount = 0
debug +++ [int] currentCount = 87
debug +++ [Boolean] running = true
debug +++ [int] delay = 120000
debug time 17:13:42.465 :: After HeartBeat Count=88 Result=5
debug time 17:15:42.297 :: Before HeartBeat Count=89 Time=Tue Apr 17 2012 17:15:42 GMT+0200 AccountId=29131007 Session=39a797a6-5cce-4f6f-8d55-11cab78243be
debug ++ [int] eventPhase = 2
debug ++ [Boolean] bubbles = false
debug ++ [Boolean] cancelable = false
debug ++ [String] type = timer
debug +++ [int] repeatCount = 0
debug +++ [int] currentCount = 88
debug +++ [Boolean] running = true
debug +++ [int] delay = 120000
debug +++ [int] repeatCount = 0
debug +++ [int] currentCount = 88
debug +++ [Boolean] running = true
debug +++ [int] delay = 120000
debug time 17:15:42.467 :: After HeartBeat Count=89 Result=5
debug time 17:17:43.297 :: Before HeartBeat Count=90 Time=Tue Apr 17 2012 17:17:43 GMT+0200 AccountId=29131007 Session=39a797a6-5cce-4f6f-8d55-11cab78243be
debug ++ [int] eventPhase = 2
debug ++ [Boolean] bubbles = false
debug ++ [Boolean] cancelable = false
debug ++ [String] type = timer
debug +++ [int] repeatCount = 0
debug +++ [int] currentCount = 89
debug +++ [Boolean] running = true
debug +++ [int] delay = 120000
debug +++ [int] repeatCount = 0
debug +++ [int] currentCount = 89
debug +++ [Boolean] running = true
debug +++ [int] delay = 120000
debug time 17:17:43.466 :: After HeartBeat Count=90 Result=5
debug time 17:19:43.297 :: Before HeartBeat Count=91 Time=Tue Apr 17 2012 17:19:43 GMT+0200 AccountId=29131007 Session=39a797a6-5cce-4f6f-8d55-11cab78243be
debug ++ [int] eventPhase = 2
debug ++ [Boolean] bubbles = false
debug ++ [Boolean] cancelable = false
debug ++ [String] type = timer
debug +++ [int] repeatCount = 0
debug +++ [int] currentCount = 90
debug +++ [Boolean] running = true
debug +++ [int] delay = 120000
debug +++ [int] repeatCount = 0
debug +++ [int] currentCount = 90
debug +++ [Boolean] running = true
debug +++ [int] delay = 120000
debug time 17:19:43.466 :: After HeartBeat Count=91 Result=5
debug time 17:21:43.327 :: Before HeartBeat Count=92 Time=Tue Apr 17 2012 17:21:43 GMT+0200 AccountId=29131007 Session=39a797a6-5cce-4f6f-8d55-11cab78243be
debug ++ [int] eventPhase = 2
debug ++ [Boolean] bubbles = false
debug ++ [Boolean] cancelable = false
debug ++ [String] type = timer
debug +++ [int] repeatCount = 0
debug +++ [int] currentCount = 91
debug +++ [Boolean] running = true
debug +++ [int] delay = 120000
debug +++ [int] repeatCount = 0
debug +++ [int] currentCount = 91
debug +++ [Boolean] running = true
debug +++ [int] delay = 120000
debug time 17:21:43.527 :: After HeartBeat Count=92 Result=5
debug time 17:22:59.307 :: Performing heartbeat at Tue Apr 17 2012 17:22:59 GMT+0200
debug time 17:23:43.346 :: Before HeartBeat Count=93 Time=Tue Apr 17 2012 17:23:43 GMT+0200 AccountId=29131007 Session=39a797a6-5cce-4f6f-8d55-11cab78243be
debug ++ [int] eventPhase = 2
debug ++ [Boolean] bubbles = false
debug ++ [Boolean] cancelable = false
debug ++ [String] type = timer
debug +++ [int] repeatCount = 0
debug +++ [int] currentCount = 92
debug +++ [Boolean] running = true
debug +++ [int] delay = 120000
debug +++ [int] repeatCount = 0
debug +++ [int] currentCount = 92
debug +++ [Boolean] running = true
debug +++ [int] delay = 120000
debug time 17:23:43.539 :: After HeartBeat Count=93 Result=5
debug time 17:25:43.346 :: Before HeartBeat Count=94 Time=Tue Apr 17 2012 17:25:43 GMT+0200 AccountId=29131007 Session=39a797a6-5cce-4f6f-8d55-11cab78243be
debug ++ [int] eventPhase = 2
debug ++ [Boolean] bubbles = false
debug ++ [Boolean] cancelable = false
debug ++ [String] type = timer
debug +++ [int] repeatCount = 0
debug +++ [int] currentCount = 93
debug +++ [Boolean] running = true
debug +++ [int] delay = 120000
debug +++ [int] repeatCount = 0
debug +++ [int] currentCount = 93
debug +++ [Boolean] running = true
debug +++ [int] delay = 120000
debug time 17:25:43.539 :: After HeartBeat Count=94 Result=5
debug time 17:27:43.364 :: Before HeartBeat Count=95 Time=Tue Apr 17 2012 17:27:43 GMT+0200 AccountId=29131007 Session=39a797a6-5cce-4f6f-8d55-11cab78243be
debug ++ [int] eventPhase = 2
debug ++ [Boolean] bubbles = false
debug ++ [Boolean] cancelable = false
debug ++ [String] type = timer
debug +++ [int] repeatCount = 0
debug +++ [int] currentCount = 94
debug +++ [Boolean] running = true
debug +++ [int] delay = 120000
debug +++ [int] repeatCount = 0
debug +++ [int] currentCount = 94
debug +++ [Boolean] running = true
debug +++ [int] delay = 120000
debug time 17:27:43.573 :: After HeartBeat Count=95 Result=5
debug time 17:29:43.394 :: Before HeartBeat Count=96 Time=Tue Apr 17 2012 17:29:43 GMT+0200 AccountId=29131007 Session=39a797a6-5cce-4f6f-8d55-11cab78243be
debug ++ [int] eventPhase = 2
debug ++ [Boolean] bubbles = false
debug ++ [Boolean] cancelable = false
debug ++ [String] type = timer
debug +++ [int] repeatCount = 0
debug +++ [int] currentCount = 95
debug +++ [Boolean] running = true
debug +++ [int] delay = 120000
debug +++ [int] repeatCount = 0
debug +++ [int] currentCount = 95
debug +++ [Boolean] running = true
debug +++ [int] delay = 120000
debug time 17:29:43.588 :: After HeartBeat Count=96 Result=5
debug time 17:31:43.404 :: Before HeartBeat Count=97 Time=Tue Apr 17 2012 17:31:43 GMT+0200 AccountId=29131007 Session=39a797a6-5cce-4f6f-8d55-11cab78243be
debug ++ [int] eventPhase = 2
debug ++ [Boolean] bubbles = false
debug ++ [Boolean] cancelable = false
debug ++ [String] type = timer
debug +++ [int] repeatCount = 0
debug +++ [int] currentCount = 96
debug +++ [Boolean] running = true
debug +++ [int] delay = 120000
debug +++ [int] repeatCount = 0
debug +++ [int] currentCount = 96
debug +++ [Boolean] running = true
debug +++ [int] delay = 120000
debug time 17:31:43.574 :: After HeartBeat Count=97 Result=5
debug time 17:33:43.407 :: Before HeartBeat Count=98 Time=Tue Apr 17 2012 17:33:43 GMT+0200 AccountId=29131007 Session=39a797a6-5cce-4f6f-8d55-11cab78243be
debug ++ [int] eventPhase = 2
debug ++ [Boolean] bubbles = false
debug ++ [Boolean] cancelable = false
debug ++ [String] type = timer
debug +++ [int] repeatCount = 0
debug +++ [int] currentCount = 97
debug +++ [Boolean] running = true
debug +++ [int] delay = 120000
debug +++ [int] repeatCount = 0
debug +++ [int] currentCount = 97
debug +++ [Boolean] running = true
debug +++ [int] delay = 120000
debug time 17:33:43.604 :: After HeartBeat Count=98 Result=5
debug time 17:35:43.438 :: Before HeartBeat Count=99 Time=Tue Apr 17 2012 17:35:43 GMT+0200 AccountId=29131007 Session=39a797a6-5cce-4f6f-8d55-11cab78243be
debug ++ [int] eventPhase = 2
debug ++ [Boolean] bubbles = false
debug ++ [Boolean] cancelable = false
debug ++ [String] type = timer
debug +++ [int] repeatCount = 0
debug +++ [int] currentCount = 98
debug +++ [Boolean] running = true
debug +++ [int] delay = 120000
debug +++ [int] repeatCount = 0
debug +++ [int] currentCount = 98
debug +++ [Boolean] running = true
debug +++ [int] delay = 120000
debug time 17:35:43.632 :: After HeartBeat Count=99 Result=5
debug time 17:37:43.455 :: Before HeartBeat Count=100 Time=Tue Apr 17 2012 17:37:43 GMT+0200 AccountId=29131007 Session=39a797a6-5cce-4f6f-8d55-11cab78243be
debug ++ [int] eventPhase = 2
debug ++ [Boolean] bubbles = false
debug ++ [Boolean] cancelable = false
debug ++ [String] type = timer
debug +++ [int] repeatCount = 0
debug +++ [int] currentCount = 99
debug +++ [Boolean] running = true
debug +++ [int] delay = 120000
debug +++ [int] repeatCount = 0
debug +++ [int] currentCount = 99
debug +++ [Boolean] running = true
debug +++ [int] delay = 120000
debug time 17:37:43.664 :: After HeartBeat Count=100 Result=5
debug time 17:39:44.224 :: Before HeartBeat Count=101 Time=Tue Apr 17 2012 17:39:44 GMT+0200 AccountId=29131007 Session=39a797a6-5cce-4f6f-8d55-11cab78243be
debug ++ [int] eventPhase = 2
debug ++ [Boolean] bubbles = false
debug ++ [Boolean] cancelable = false
debug ++ [String] type = timer
debug +++ [int] repeatCount = 0
debug +++ [int] currentCount = 100
debug +++ [Boolean] running = true
debug +++ [int] delay = 120000
debug +++ [int] repeatCount = 0
debug +++ [int] currentCount = 100
debug +++ [Boolean] running = true
debug +++ [int] delay = 120000
debug time 17:39:44.393 :: After HeartBeat Count=101 Result=5
debug time 17:41:44.231 :: Before HeartBeat Count=102 Time=Tue Apr 17 2012 17:41:44 GMT+0200 AccountId=29131007 Session=39a797a6-5cce-4f6f-8d55-11cab78243be
debug ++ [int] eventPhase = 2
debug ++ [Boolean] bubbles = false
debug ++ [Boolean] cancelable = false
debug ++ [String] type = timer
debug +++ [int] repeatCount = 0
debug +++ [int] currentCount = 101
debug +++ [Boolean] running = true
debug +++ [int] delay = 120000
debug +++ [int] repeatCount = 0
debug +++ [int] currentCount = 101
debug +++ [Boolean] running = true
debug +++ [int] delay = 120000
debug time 17:41:44.402 :: After HeartBeat Count=102 Result=5
debug time 17:43:44.259 :: Before HeartBeat Count=103 Time=Tue Apr 17 2012 17:43:44 GMT+0200 AccountId=29131007 Session=39a797a6-5cce-4f6f-8d55-11cab78243be
debug ++ [int] eventPhase = 2
debug ++ [Boolean] bubbles = false
debug ++ [Boolean] cancelable = false
debug ++ [String] type = timer
debug +++ [int] repeatCount = 0
debug +++ [int] currentCount = 102
debug +++ [Boolean] running = true
debug +++ [int] delay = 120000
debug +++ [int] repeatCount = 0
debug +++ [int] currentCount = 102
debug +++ [Boolean] running = true
debug +++ [int] delay = 120000
debug time 17:43:44.460 :: After HeartBeat Count=103 Result=5
debug time 17:45:45.225 :: Before HeartBeat Count=104 Time=Tue Apr 17 2012 17:45:45 GMT+0200 AccountId=29131007 Session=39a797a6-5cce-4f6f-8d55-11cab78243be
debug ++ [int] eventPhase = 2
debug ++ [Boolean] bubbles = false
debug ++ [Boolean] cancelable = false
debug ++ [String] type = timer
debug +++ [int] repeatCount = 0
debug +++ [int] currentCount = 103
debug +++ [Boolean] running = true
debug +++ [int] delay = 120000
debug +++ [int] repeatCount = 0
debug +++ [int] currentCount = 103
debug +++ [Boolean] running = true
debug +++ [int] delay = 120000
debug time 17:45:45.422 :: After HeartBeat Count=104 Result=5
debug time 17:47:46.224 :: Before HeartBeat Count=105 Time=Tue Apr 17 2012 17:47:46 GMT+0200 AccountId=29131007 Session=39a797a6-5cce-4f6f-8d55-11cab78243be
debug ++ [int] eventPhase = 2
debug ++ [Boolean] bubbles = false
debug ++ [Boolean] cancelable = false
debug ++ [String] type = timer
debug +++ [int] repeatCount = 0
debug +++ [int] currentCount = 104
debug +++ [Boolean] running = true
debug +++ [int] delay = 120000
debug +++ [int] repeatCount = 0
debug +++ [int] currentCount = 104
debug +++ [Boolean] running = true
debug +++ [int] delay = 120000
debug time 17:47:46.394 :: After HeartBeat Count=105 Result=5
debug time 17:49:46.224 :: Before HeartBeat Count=106 Time=Tue Apr 17 2012 17:49:46 GMT+0200 AccountId=29131007 Session=39a797a6-5cce-4f6f-8d55-11cab78243be
debug ++ [int] eventPhase = 2
debug ++ [Boolean] bubbles = false
debug ++ [Boolean] cancelable = false
debug ++ [String] type = timer
debug +++ [int] repeatCount = 0
debug +++ [int] currentCount = 105
debug +++ [Boolean] running = true
debug +++ [int] delay = 120000
debug +++ [int] repeatCount = 0
debug +++ [int] currentCount = 105
debug +++ [Boolean] running = true
debug +++ [int] delay = 120000
debug time 17:49:46.399 :: After HeartBeat Count=106 Result=5
debug time 17:51:46.225 :: Before HeartBeat Count=107 Time=Tue Apr 17 2012 17:51:46 GMT+0200 AccountId=29131007 Session=39a797a6-5cce-4f6f-8d55-11cab78243be
debug ++ [int] eventPhase = 2
debug ++ [Boolean] bubbles = false
debug ++ [Boolean] cancelable = false
debug ++ [String] type = timer
debug +++ [int] repeatCount = 0
debug +++ [int] currentCount = 106
debug +++ [Boolean] running = true
debug +++ [int] delay = 120000
debug +++ [int] repeatCount = 0
debug +++ [int] currentCount = 106
debug +++ [Boolean] running = true
debug +++ [int] delay = 120000
debug time 17:51:46.396 :: After HeartBeat Count=107 Result=5
debug time 17:53:46.226 :: Before HeartBeat Count=108 Time=Tue Apr 17 2012 17:53:46 GMT+0200 AccountId=29131007 Session=39a797a6-5cce-4f6f-8d55-11cab78243be
debug ++ [int] eventPhase = 2
debug ++ [Boolean] bubbles = false
debug ++ [Boolean] cancelable = false
debug ++ [String] type = timer
debug +++ [int] repeatCount = 0
debug +++ [int] currentCount = 107
debug +++ [Boolean] running = true
debug +++ [int] delay = 120000
debug +++ [int] repeatCount = 0
debug +++ [int] currentCount = 107
debug +++ [Boolean] running = true
debug +++ [int] delay = 120000
debug time 17:53:46.398 :: After HeartBeat Count=108 Result=5
debug time 17:55:47.253 :: Before HeartBeat Count=109 Time=Tue Apr 17 2012 17:55:47 GMT+0200 AccountId=29131007 Session=39a797a6-5cce-4f6f-8d55-11cab78243be
debug ++ [int] eventPhase = 2
debug ++ [Boolean] bubbles = false
debug ++ [Boolean] cancelable = false
debug ++ [String] type = timer
debug +++ [int] repeatCount = 0
debug +++ [int] currentCount = 108
debug +++ [Boolean] running = true
debug +++ [int] delay = 120000
debug +++ [int] repeatCount = 0
debug +++ [int] currentCount = 108
debug +++ [Boolean] running = true
debug +++ [int] delay = 120000
debug time 17:55:47.422 :: After HeartBeat Count=109 Result=5
debug time 17:57:48.224 :: Before HeartBeat Count=110 Time=Tue Apr 17 2012 17:57:48 GMT+0200 AccountId=29131007 Session=39a797a6-5cce-4f6f-8d55-11cab78243be
debug ++ [int] eventPhase = 2
debug ++ [Boolean] bubbles = false
debug ++ [Boolean] cancelable = false
debug ++ [String] type = timer
debug +++ [int] repeatCount = 0
debug +++ [int] currentCount = 109
debug +++ [Boolean] running = true
debug +++ [int] delay = 120000
debug +++ [int] repeatCount = 0
debug +++ [int] currentCount = 109
debug +++ [Boolean] running = true
debug +++ [int] delay = 120000
debug time 17:57:48.393 :: After HeartBeat Count=110 Result=5
debug time 17:59:49.223 :: Before HeartBeat Count=111 Time=Tue Apr 17 2012 17:59:49 GMT+0200 AccountId=29131007 Session=39a797a6-5cce-4f6f-8d55-11cab78243be
debug ++ [int] eventPhase = 2
debug ++ [Boolean] bubbles = false
debug ++ [Boolean] cancelable = false
debug ++ [String] type = timer
debug +++ [int] repeatCount = 0
debug +++ [int] currentCount = 110
debug +++ [Boolean] running = true
debug +++ [int] delay = 120000
debug +++ [int] repeatCount = 0
debug +++ [int] currentCount = 110
debug +++ [Boolean] running = true
debug +++ [int] delay = 120000
debug time 17:59:49.393 :: After HeartBeat Count=111 Result=5
debug time 18:01:49.225 :: Before HeartBeat Count=112 Time=Tue Apr 17 2012 18:01:49 GMT+0200 AccountId=29131007 Session=39a797a6-5cce-4f6f-8d55-11cab78243be
debug ++ [int] eventPhase = 2
debug ++ [Boolean] bubbles = false
debug ++ [Boolean] cancelable = false
debug ++ [String] type = timer
debug +++ [int] repeatCount = 0
debug +++ [int] currentCount = 111
debug +++ [Boolean] running = true
debug +++ [int] delay = 120000
debug +++ [int] repeatCount = 0
debug +++ [int] currentCount = 111
debug +++ [Boolean] running = true
debug +++ [int] delay = 120000
debug time 18:01:49.395 :: After HeartBeat Count=112 Result=5
debug time 18:02:49.596 :: Performing heartbeat at Tue Apr 17 2012 18:02:49 GMT+0200
debug time 18:03:49.231 :: Before HeartBeat Count=113 Time=Tue Apr 17 2012 18:03:49 GMT+0200 AccountId=29131007 Session=39a797a6-5cce-4f6f-8d55-11cab78243be
debug ++ [int] eventPhase = 2
debug ++ [Boolean] bubbles = false
debug ++ [Boolean] cancelable = false
debug ++ [String] type = timer
debug +++ [int] repeatCount = 0
debug +++ [int] currentCount = 112
debug +++ [Boolean] running = true
debug +++ [int] delay = 120000
debug +++ [int] repeatCount = 0
debug +++ [int] currentCount = 112
debug +++ [Boolean] running = true
debug +++ [int] delay = 120000
debug time 18:03:49.455 :: After HeartBeat Count=113 Result=5
