debug time 18:50:14.194 :: Before HeartBeat Count=1 Time=Mon Oct 24 2011 18:50:14 GMT+0200 AccountId=28699575 Session=9f2dfebc-46ee-4655-b25e-60bd531a0ded
STOP LOGGING: More than 0 nested objects or properties. 
debug time 18:50:14.881 :: After HeartBeat Count=1 Result=5
debug time 18:53:15.34 :: Before HeartBeat Count=2 Time=Mon Oct 24 2011 18:53:15 GMT+0200 AccountId=28699575 Session=9f2dfebc-46ee-4655-b25e-60bd531a0ded
debug ++ [int] eventPhase = 2
debug ++ [Boolean] bubbles = false
debug ++ [Boolean] cancelable = false
debug ++ [String] type = timer
debug +++ [int] repeatCount = 0
debug +++ [int] currentCount = 1
debug +++ [Boolean] running = true
debug +++ [int] delay = 180000
debug +++ [int] repeatCount = 0
debug +++ [int] currentCount = 1
debug +++ [Boolean] running = true
debug +++ [int] delay = 180000
debug time 18:53:16.31 :: After HeartBeat Count=2 Result=5
debug time 18:56:15.37 :: Before HeartBeat Count=3 Time=Mon Oct 24 2011 18:56:15 GMT+0200 AccountId=28699575 Session=9f2dfebc-46ee-4655-b25e-60bd531a0ded
debug ++ [int] eventPhase = 2
debug ++ [Boolean] bubbles = false
debug ++ [Boolean] cancelable = false
debug ++ [String] type = timer
debug +++ [int] repeatCount = 0
debug +++ [int] currentCount = 2
debug +++ [Boolean] running = true
debug +++ [int] delay = 180000
debug +++ [int] repeatCount = 0
debug +++ [int] currentCount = 2
debug +++ [Boolean] running = true
debug +++ [int] delay = 180000
debug time 18:56:16.34 :: After HeartBeat Count=3 Result=5
debug time 18:59:15.45 :: Before HeartBeat Count=4 Time=Mon Oct 24 2011 18:59:15 GMT+0200 AccountId=28699575 Session=9f2dfebc-46ee-4655-b25e-60bd531a0ded
debug ++ [int] eventPhase = 2
debug ++ [Boolean] bubbles = false
debug ++ [Boolean] cancelable = false
debug ++ [String] type = timer
debug +++ [int] repeatCount = 0
debug +++ [int] currentCount = 3
debug +++ [Boolean] running = true
debug +++ [int] delay = 180000
debug +++ [int] repeatCount = 0
debug +++ [int] currentCount = 3
debug +++ [Boolean] running = true
debug +++ [int] delay = 180000
debug time 18:59:16.37 :: After HeartBeat Count=4 Result=5
