debug time 17:15:48.537 :: Before HeartBeat Count=1 Time=Thu Oct 6 2011 17:15:48 GMT+0200 AccountId=28699575 Session=3c1b2c60-a2c5-4863-9a86-052558c3aea8
STOP LOGGING: More than 0 nested objects or properties. 
debug time 17:15:50.446 :: After HeartBeat Count=1 Result=5
debug time 17:18:48.562 :: Before HeartBeat Count=2 Time=Thu Oct 6 2011 17:18:48 GMT+0200 AccountId=28699575 Session=3c1b2c60-a2c5-4863-9a86-052558c3aea8
debug ++ [int] eventPhase = 2
debug ++ [Boolean] bubbles = false
debug ++ [Boolean] cancelable = false
debug ++ [String] type = timer
debug +++ [int] repeatCount = 0
debug +++ [int] currentCount = 1
debug +++ [Boolean] running = true
debug +++ [int] delay = 180000
debug +++ [int] repeatCount = 0
debug +++ [int] currentCount = 1
debug +++ [Boolean] running = true
debug +++ [int] delay = 180000
debug time 17:18:48.764 :: After HeartBeat Count=2 Result=5
debug time 17:21:48.971 :: Before HeartBeat Count=3 Time=Thu Oct 6 2011 17:21:48 GMT+0200 AccountId=28699575 Session=3c1b2c60-a2c5-4863-9a86-052558c3aea8
debug ++ [int] eventPhase = 2
debug ++ [Boolean] bubbles = false
debug ++ [Boolean] cancelable = false
debug ++ [String] type = timer
debug +++ [int] repeatCount = 0
debug +++ [int] currentCount = 2
debug +++ [Boolean] running = true
debug +++ [int] delay = 180000
debug +++ [int] repeatCount = 0
debug +++ [int] currentCount = 2
debug +++ [Boolean] running = true
debug +++ [int] delay = 180000
debug time 17:21:49.154 :: After HeartBeat Count=3 Result=5
debug time 17:24:48.976 :: Before HeartBeat Count=4 Time=Thu Oct 6 2011 17:24:48 GMT+0200 AccountId=28699575 Session=3c1b2c60-a2c5-4863-9a86-052558c3aea8
debug ++ [int] eventPhase = 2
debug ++ [Boolean] bubbles = false
debug ++ [Boolean] cancelable = false
debug ++ [String] type = timer
debug +++ [int] repeatCount = 0
debug +++ [int] currentCount = 3
debug +++ [Boolean] running = true
debug +++ [int] delay = 180000
debug +++ [int] repeatCount = 0
debug +++ [int] currentCount = 3
debug +++ [Boolean] running = true
debug +++ [int] delay = 180000
debug time 17:24:49.159 :: After HeartBeat Count=4 Result=5
debug time 17:27:49.973 :: Before HeartBeat Count=5 Time=Thu Oct 6 2011 17:27:49 GMT+0200 AccountId=28699575 Session=3c1b2c60-a2c5-4863-9a86-052558c3aea8
debug ++ [int] eventPhase = 2
debug ++ [Boolean] bubbles = false
debug ++ [Boolean] cancelable = false
debug ++ [String] type = timer
debug +++ [int] repeatCount = 0
debug +++ [int] currentCount = 4
debug +++ [Boolean] running = true
debug +++ [int] delay = 180000
debug +++ [int] repeatCount = 0
debug +++ [int] currentCount = 4
debug +++ [Boolean] running = true
debug +++ [int] delay = 180000
debug time 17:27:50.146 :: After HeartBeat Count=5 Result=5
debug time 17:30:49.976 :: Before HeartBeat Count=6 Time=Thu Oct 6 2011 17:30:49 GMT+0200 AccountId=28699575 Session=3c1b2c60-a2c5-4863-9a86-052558c3aea8
debug ++ [int] eventPhase = 2
debug ++ [Boolean] bubbles = false
debug ++ [Boolean] cancelable = false
debug ++ [String] type = timer
debug +++ [int] repeatCount = 0
debug +++ [int] currentCount = 5
debug +++ [Boolean] running = true
debug +++ [int] delay = 180000
debug +++ [int] repeatCount = 0
debug +++ [int] currentCount = 5
debug +++ [Boolean] running = true
debug +++ [int] delay = 180000
debug time 17:30:50.153 :: After HeartBeat Count=6 Result=5
debug time 17:33:49.984 :: Before HeartBeat Count=7 Time=Thu Oct 6 2011 17:33:49 GMT+0200 AccountId=28699575 Session=3c1b2c60-a2c5-4863-9a86-052558c3aea8
debug ++ [int] eventPhase = 2
debug ++ [Boolean] bubbles = false
debug ++ [Boolean] cancelable = false
debug ++ [String] type = timer
debug +++ [int] repeatCount = 0
debug +++ [int] currentCount = 6
debug +++ [Boolean] running = true
debug +++ [int] delay = 180000
debug +++ [int] repeatCount = 0
debug +++ [int] currentCount = 6
debug +++ [Boolean] running = true
debug +++ [int] delay = 180000
debug time 17:33:50.161 :: After HeartBeat Count=7 Result=5
debug time 17:36:49.991 :: Before HeartBeat Count=8 Time=Thu Oct 6 2011 17:36:49 GMT+0200 AccountId=28699575 Session=3c1b2c60-a2c5-4863-9a86-052558c3aea8
debug ++ [int] eventPhase = 2
debug ++ [Boolean] bubbles = false
debug ++ [Boolean] cancelable = false
debug ++ [String] type = timer
debug +++ [int] repeatCount = 0
debug +++ [int] currentCount = 7
debug +++ [Boolean] running = true
debug +++ [int] delay = 180000
debug +++ [int] repeatCount = 0
debug +++ [int] currentCount = 7
debug +++ [Boolean] running = true
debug +++ [int] delay = 180000
debug time 17:36:50.189 :: After HeartBeat Count=8 Result=5
debug time 17:39:50.981 :: Before HeartBeat Count=9 Time=Thu Oct 6 2011 17:39:50 GMT+0200 AccountId=28699575 Session=3c1b2c60-a2c5-4863-9a86-052558c3aea8
debug ++ [int] eventPhase = 2
debug ++ [Boolean] bubbles = false
debug ++ [Boolean] cancelable = false
debug ++ [String] type = timer
debug +++ [int] repeatCount = 0
debug +++ [int] currentCount = 8
debug +++ [Boolean] running = true
debug +++ [int] delay = 180000
debug +++ [int] repeatCount = 0
debug +++ [int] currentCount = 8
debug +++ [Boolean] running = true
debug +++ [int] delay = 180000
debug time 17:39:51.154 :: After HeartBeat Count=9 Result=5
debug time 17:42:50.982 :: Before HeartBeat Count=10 Time=Thu Oct 6 2011 17:42:50 GMT+0200 AccountId=28699575 Session=3c1b2c60-a2c5-4863-9a86-052558c3aea8
debug ++ [int] eventPhase = 2
debug ++ [Boolean] bubbles = false
debug ++ [Boolean] cancelable = false
debug ++ [String] type = timer
debug +++ [int] repeatCount = 0
debug +++ [int] currentCount = 9
debug +++ [Boolean] running = true
debug +++ [int] delay = 180000
debug +++ [int] repeatCount = 0
debug +++ [int] currentCount = 9
debug +++ [Boolean] running = true
debug +++ [int] delay = 180000
debug time 17:42:51.163 :: After HeartBeat Count=10 Result=5
debug time 17:45:50.983 :: Before HeartBeat Count=11 Time=Thu Oct 6 2011 17:45:50 GMT+0200 AccountId=28699575 Session=3c1b2c60-a2c5-4863-9a86-052558c3aea8
debug ++ [int] eventPhase = 2
debug ++ [Boolean] bubbles = false
debug ++ [Boolean] cancelable = false
debug ++ [String] type = timer
debug +++ [int] repeatCount = 0
debug +++ [int] currentCount = 10
debug +++ [Boolean] running = true
debug +++ [int] delay = 180000
debug +++ [int] repeatCount = 0
debug +++ [int] currentCount = 10
debug +++ [Boolean] running = true
debug +++ [int] delay = 180000
debug time 17:45:51.165 :: After HeartBeat Count=11 Result=5
debug time 17:48:50.985 :: Before HeartBeat Count=12 Time=Thu Oct 6 2011 17:48:50 GMT+0200 AccountId=28699575 Session=3c1b2c60-a2c5-4863-9a86-052558c3aea8
debug ++ [int] eventPhase = 2
debug ++ [Boolean] bubbles = false
debug ++ [Boolean] cancelable = false
debug ++ [String] type = timer
debug +++ [int] repeatCount = 0
debug +++ [int] currentCount = 11
debug +++ [Boolean] running = true
debug +++ [int] delay = 180000
debug +++ [int] repeatCount = 0
debug +++ [int] currentCount = 11
debug +++ [Boolean] running = true
debug +++ [int] delay = 180000
debug time 17:48:51.158 :: After HeartBeat Count=12 Result=5
debug time 17:51:50.987 :: Before HeartBeat Count=13 Time=Thu Oct 6 2011 17:51:50 GMT+0200 AccountId=28699575 Session=3c1b2c60-a2c5-4863-9a86-052558c3aea8
debug ++ [int] eventPhase = 2
debug ++ [Boolean] bubbles = false
debug ++ [Boolean] cancelable = false
debug ++ [String] type = timer
debug +++ [int] repeatCount = 0
debug +++ [int] currentCount = 12
debug +++ [Boolean] running = true
debug +++ [int] delay = 180000
debug +++ [int] repeatCount = 0
debug +++ [int] currentCount = 12
debug +++ [Boolean] running = true
debug +++ [int] delay = 180000
debug time 17:51:51.170 :: After HeartBeat Count=13 Result=5
debug time 17:54:51.06 :: Before HeartBeat Count=14 Time=Thu Oct 6 2011 17:54:51 GMT+0200 AccountId=28699575 Session=3c1b2c60-a2c5-4863-9a86-052558c3aea8
debug ++ [int] eventPhase = 2
debug ++ [Boolean] bubbles = false
debug ++ [Boolean] cancelable = false
debug ++ [String] type = timer
debug +++ [int] repeatCount = 0
debug +++ [int] currentCount = 13
debug +++ [Boolean] running = true
debug +++ [int] delay = 180000
debug +++ [int] repeatCount = 0
debug +++ [int] currentCount = 13
debug +++ [Boolean] running = true
debug +++ [int] delay = 180000
debug time 17:54:51.179 :: After HeartBeat Count=14 Result=5
debug time 17:57:51.992 :: Before HeartBeat Count=15 Time=Thu Oct 6 2011 17:57:51 GMT+0200 AccountId=28699575 Session=3c1b2c60-a2c5-4863-9a86-052558c3aea8
debug ++ [int] eventPhase = 2
debug ++ [Boolean] bubbles = false
debug ++ [Boolean] cancelable = false
debug ++ [String] type = timer
debug +++ [int] repeatCount = 0
debug +++ [int] currentCount = 14
debug +++ [Boolean] running = true
debug +++ [int] delay = 180000
debug +++ [int] repeatCount = 0
debug +++ [int] currentCount = 14
debug +++ [Boolean] running = true
debug +++ [int] delay = 180000
debug time 17:57:52.165 :: After HeartBeat Count=15 Result=5
debug time 18:00:52.992 :: Before HeartBeat Count=16 Time=Thu Oct 6 2011 18:00:52 GMT+0200 AccountId=28699575 Session=3c1b2c60-a2c5-4863-9a86-052558c3aea8
debug ++ [int] eventPhase = 2
debug ++ [Boolean] bubbles = false
debug ++ [Boolean] cancelable = false
debug ++ [String] type = timer
debug +++ [int] repeatCount = 0
debug +++ [int] currentCount = 15
debug +++ [Boolean] running = true
debug +++ [int] delay = 180000
debug +++ [int] repeatCount = 0
debug +++ [int] currentCount = 15
debug +++ [Boolean] running = true
debug +++ [int] delay = 180000
debug time 18:00:53.170 :: After HeartBeat Count=16 Result=5
debug time 18:03:52.993 :: Before HeartBeat Count=17 Time=Thu Oct 6 2011 18:03:52 GMT+0200 AccountId=28699575 Session=3c1b2c60-a2c5-4863-9a86-052558c3aea8
debug ++ [int] eventPhase = 2
debug ++ [Boolean] bubbles = false
debug ++ [Boolean] cancelable = false
debug ++ [String] type = timer
debug +++ [int] repeatCount = 0
debug +++ [int] currentCount = 16
debug +++ [Boolean] running = true
debug +++ [int] delay = 180000
debug +++ [int] repeatCount = 0
debug +++ [int] currentCount = 16
debug +++ [Boolean] running = true
debug +++ [int] delay = 180000
debug time 18:03:53.175 :: After HeartBeat Count=17 Result=5
debug time 18:06:52.995 :: Before HeartBeat Count=18 Time=Thu Oct 6 2011 18:06:52 GMT+0200 AccountId=28699575 Session=3c1b2c60-a2c5-4863-9a86-052558c3aea8
debug ++ [int] eventPhase = 2
debug ++ [Boolean] bubbles = false
debug ++ [Boolean] cancelable = false
debug ++ [String] type = timer
debug +++ [int] repeatCount = 0
debug +++ [int] currentCount = 17
debug +++ [Boolean] running = true
debug +++ [int] delay = 180000
debug +++ [int] repeatCount = 0
debug +++ [int] currentCount = 17
debug +++ [Boolean] running = true
debug +++ [int] delay = 180000
debug time 18:06:53.170 :: After HeartBeat Count=18 Result=5
debug time 18:09:52.997 :: Before HeartBeat Count=19 Time=Thu Oct 6 2011 18:09:52 GMT+0200 AccountId=28699575 Session=3c1b2c60-a2c5-4863-9a86-052558c3aea8
debug ++ [int] eventPhase = 2
debug ++ [Boolean] bubbles = false
debug ++ [Boolean] cancelable = false
debug ++ [String] type = timer
debug +++ [int] repeatCount = 0
debug +++ [int] currentCount = 18
debug +++ [Boolean] running = true
debug +++ [int] delay = 180000
debug +++ [int] repeatCount = 0
debug +++ [int] currentCount = 18
debug +++ [Boolean] running = true
debug +++ [int] delay = 180000
debug time 18:09:53.172 :: After HeartBeat Count=19 Result=5
debug time 18:10:06.154 :: Performing heartbeat at Thu Oct 6 2011 18:10:06 GMT+0200
debug time 18:12:53.401 :: Before HeartBeat Count=20 Time=Thu Oct 6 2011 18:12:53 GMT+0200 AccountId=28699575 Session=3c1b2c60-a2c5-4863-9a86-052558c3aea8
debug ++ [int] eventPhase = 2
debug ++ [Boolean] bubbles = false
debug ++ [Boolean] cancelable = false
debug ++ [String] type = timer
debug +++ [int] repeatCount = 0
debug +++ [int] currentCount = 19
debug +++ [Boolean] running = true
debug +++ [int] delay = 180000
debug +++ [int] repeatCount = 0
debug +++ [int] currentCount = 19
debug +++ [Boolean] running = true
debug +++ [int] delay = 180000
debug time 18:12:53.701 :: After HeartBeat Count=20 Result=5
debug time 18:15:53.440 :: Before HeartBeat Count=21 Time=Thu Oct 6 2011 18:15:53 GMT+0200 AccountId=28699575 Session=3c1b2c60-a2c5-4863-9a86-052558c3aea8
debug ++ [int] eventPhase = 2
debug ++ [Boolean] bubbles = false
debug ++ [Boolean] cancelable = false
debug ++ [String] type = timer
debug +++ [int] repeatCount = 0
debug +++ [int] currentCount = 20
debug +++ [Boolean] running = true
debug +++ [int] delay = 180000
debug +++ [int] repeatCount = 0
debug +++ [int] currentCount = 20
debug +++ [Boolean] running = true
debug +++ [int] delay = 180000
debug time 18:15:54.429 :: After HeartBeat Count=21 Result=5
debug time 18:18:53.450 :: Before HeartBeat Count=22 Time=Thu Oct 6 2011 18:18:53 GMT+0200 AccountId=28699575 Session=3c1b2c60-a2c5-4863-9a86-052558c3aea8
debug ++ [int] eventPhase = 2
debug ++ [Boolean] bubbles = false
debug ++ [Boolean] cancelable = false
debug ++ [String] type = timer
debug +++ [int] repeatCount = 0
debug +++ [int] currentCount = 21
debug +++ [Boolean] running = true
debug +++ [int] delay = 180000
debug +++ [int] repeatCount = 0
debug +++ [int] currentCount = 21
debug +++ [Boolean] running = true
debug +++ [int] delay = 180000
debug time 18:18:54.431 :: After HeartBeat Count=22 Result=5
debug time 18:21:54.437 :: Before HeartBeat Count=23 Time=Thu Oct 6 2011 18:21:54 GMT+0200 AccountId=28699575 Session=3c1b2c60-a2c5-4863-9a86-052558c3aea8
debug ++ [int] eventPhase = 2
debug ++ [Boolean] bubbles = false
debug ++ [Boolean] cancelable = false
debug ++ [String] type = timer
debug +++ [int] repeatCount = 0
debug +++ [int] currentCount = 22
debug +++ [Boolean] running = true
debug +++ [int] delay = 180000
debug +++ [int] repeatCount = 0
debug +++ [int] currentCount = 22
debug +++ [Boolean] running = true
debug +++ [int] delay = 180000
debug time 18:21:55.433 :: After HeartBeat Count=23 Result=5
debug time 18:24:54.438 :: Before HeartBeat Count=24 Time=Thu Oct 6 2011 18:24:54 GMT+0200 AccountId=28699575 Session=3c1b2c60-a2c5-4863-9a86-052558c3aea8
debug ++ [int] eventPhase = 2
debug ++ [Boolean] bubbles = false
debug ++ [Boolean] cancelable = false
debug ++ [String] type = timer
debug +++ [int] repeatCount = 0
debug +++ [int] currentCount = 23
debug +++ [Boolean] running = true
debug +++ [int] delay = 180000
debug +++ [int] repeatCount = 0
debug +++ [int] currentCount = 23
debug +++ [Boolean] running = true
debug +++ [int] delay = 180000
debug time 18:24:55.434 :: After HeartBeat Count=24 Result=5
debug time 18:27:54.465 :: Before HeartBeat Count=25 Time=Thu Oct 6 2011 18:27:54 GMT+0200 AccountId=28699575 Session=3c1b2c60-a2c5-4863-9a86-052558c3aea8
debug ++ [int] eventPhase = 2
debug ++ [Boolean] bubbles = false
debug ++ [Boolean] cancelable = false
debug ++ [String] type = timer
debug +++ [int] repeatCount = 0
debug +++ [int] currentCount = 24
debug +++ [Boolean] running = true
debug +++ [int] delay = 180000
debug +++ [int] repeatCount = 0
debug +++ [int] currentCount = 24
debug +++ [Boolean] running = true
debug +++ [int] delay = 180000
debug time 18:27:55.437 :: After HeartBeat Count=25 Result=5
debug time 18:30:55.441 :: Before HeartBeat Count=26 Time=Thu Oct 6 2011 18:30:55 GMT+0200 AccountId=28699575 Session=3c1b2c60-a2c5-4863-9a86-052558c3aea8
debug ++ [int] eventPhase = 2
debug ++ [Boolean] bubbles = false
debug ++ [Boolean] cancelable = false
debug ++ [String] type = timer
debug +++ [int] repeatCount = 0
debug +++ [int] currentCount = 25
debug +++ [Boolean] running = true
debug +++ [int] delay = 180000
debug +++ [int] repeatCount = 0
debug +++ [int] currentCount = 25
debug +++ [Boolean] running = true
debug +++ [int] delay = 180000
debug time 18:30:55.728 :: After HeartBeat Count=26 Result=5
debug time 18:33:55.442 :: Before HeartBeat Count=27 Time=Thu Oct 6 2011 18:33:55 GMT+0200 AccountId=28699575 Session=3c1b2c60-a2c5-4863-9a86-052558c3aea8
debug ++ [int] eventPhase = 2
debug ++ [Boolean] bubbles = false
debug ++ [Boolean] cancelable = false
debug ++ [String] type = timer
debug +++ [int] repeatCount = 0
debug +++ [int] currentCount = 26
debug +++ [Boolean] running = true
debug +++ [int] delay = 180000
debug +++ [int] repeatCount = 0
debug +++ [int] currentCount = 26
debug +++ [Boolean] running = true
debug +++ [int] delay = 180000
debug time 18:33:56.439 :: After HeartBeat Count=27 Result=5
debug time 18:36:55.445 :: Before HeartBeat Count=28 Time=Thu Oct 6 2011 18:36:55 GMT+0200 AccountId=28699575 Session=3c1b2c60-a2c5-4863-9a86-052558c3aea8
debug ++ [int] eventPhase = 2
debug ++ [Boolean] bubbles = false
debug ++ [Boolean] cancelable = false
debug ++ [String] type = timer
debug +++ [int] repeatCount = 0
debug +++ [int] currentCount = 27
debug +++ [Boolean] running = true
debug +++ [int] delay = 180000
debug +++ [int] repeatCount = 0
debug +++ [int] currentCount = 27
debug +++ [Boolean] running = true
debug +++ [int] delay = 180000
debug time 18:36:55.751 :: After HeartBeat Count=28 Result=5
debug time 18:38:34.933 :: Performing heartbeat at Thu Oct 6 2011 18:38:34 GMT+0200
debug time 18:39:55.489 :: Before HeartBeat Count=29 Time=Thu Oct 6 2011 18:39:55 GMT+0200 AccountId=28699575 Session=3c1b2c60-a2c5-4863-9a86-052558c3aea8
debug ++ [int] eventPhase = 2
debug ++ [Boolean] bubbles = false
debug ++ [Boolean] cancelable = false
debug ++ [String] type = timer
debug +++ [int] repeatCount = 0
debug +++ [int] currentCount = 28
debug +++ [Boolean] running = true
debug +++ [int] delay = 180000
debug +++ [int] repeatCount = 0
debug +++ [int] currentCount = 28
debug +++ [Boolean] running = true
debug +++ [int] delay = 180000
debug time 18:39:55.691 :: After HeartBeat Count=29 Result=5
debug time 18:42:55.585 :: Before HeartBeat Count=30 Time=Thu Oct 6 2011 18:42:55 GMT+0200 AccountId=28699575 Session=3c1b2c60-a2c5-4863-9a86-052558c3aea8
debug ++ [int] eventPhase = 2
debug ++ [Boolean] bubbles = false
debug ++ [Boolean] cancelable = false
debug ++ [String] type = timer
debug +++ [int] repeatCount = 0
debug +++ [int] currentCount = 29
debug +++ [Boolean] running = true
debug +++ [int] delay = 180000
debug +++ [int] repeatCount = 0
debug +++ [int] currentCount = 29
debug +++ [Boolean] running = true
debug +++ [int] delay = 180000
debug time 18:42:56.581 :: After HeartBeat Count=30 Result=5
debug time 18:45:55.608 :: Before HeartBeat Count=31 Time=Thu Oct 6 2011 18:45:55 GMT+0200 AccountId=28699575 Session=3c1b2c60-a2c5-4863-9a86-052558c3aea8
debug ++ [int] eventPhase = 2
debug ++ [Boolean] bubbles = false
debug ++ [Boolean] cancelable = false
debug ++ [String] type = timer
debug +++ [int] repeatCount = 0
debug +++ [int] currentCount = 30
debug +++ [Boolean] running = true
debug +++ [int] delay = 180000
debug +++ [int] repeatCount = 0
debug +++ [int] currentCount = 30
debug +++ [Boolean] running = true
debug +++ [int] delay = 180000
debug time 18:45:56.583 :: After HeartBeat Count=31 Result=5
debug time 18:48:56.592 :: Before HeartBeat Count=32 Time=Thu Oct 6 2011 18:48:56 GMT+0200 AccountId=28699575 Session=3c1b2c60-a2c5-4863-9a86-052558c3aea8
debug ++ [int] eventPhase = 2
debug ++ [Boolean] bubbles = false
debug ++ [Boolean] cancelable = false
debug ++ [String] type = timer
debug +++ [int] repeatCount = 0
debug +++ [int] currentCount = 31
debug +++ [Boolean] running = true
debug +++ [int] delay = 180000
debug +++ [int] repeatCount = 0
debug +++ [int] currentCount = 31
debug +++ [Boolean] running = true
debug +++ [int] delay = 180000
debug time 18:48:57.584 :: After HeartBeat Count=32 Result=5
debug time 18:51:57.588 :: Before HeartBeat Count=33 Time=Thu Oct 6 2011 18:51:57 GMT+0200 AccountId=28699575 Session=3c1b2c60-a2c5-4863-9a86-052558c3aea8
debug ++ [int] eventPhase = 2
debug ++ [Boolean] bubbles = false
debug ++ [Boolean] cancelable = false
debug ++ [String] type = timer
debug +++ [int] repeatCount = 0
debug +++ [int] currentCount = 32
debug +++ [Boolean] running = true
debug +++ [int] delay = 180000
debug +++ [int] repeatCount = 0
debug +++ [int] currentCount = 32
debug +++ [Boolean] running = true
debug +++ [int] delay = 180000
debug time 18:51:58.586 :: After HeartBeat Count=33 Result=5
debug time 18:54:57.590 :: Before HeartBeat Count=34 Time=Thu Oct 6 2011 18:54:57 GMT+0200 AccountId=28699575 Session=3c1b2c60-a2c5-4863-9a86-052558c3aea8
debug ++ [int] eventPhase = 2
debug ++ [Boolean] bubbles = false
debug ++ [Boolean] cancelable = false
debug ++ [String] type = timer
debug +++ [int] repeatCount = 0
debug +++ [int] currentCount = 33
debug +++ [Boolean] running = true
debug +++ [int] delay = 180000
debug +++ [int] repeatCount = 0
debug +++ [int] currentCount = 33
debug +++ [Boolean] running = true
debug +++ [int] delay = 180000
debug time 18:54:58.588 :: After HeartBeat Count=34 Result=5
debug time 18:57:57.619 :: Before HeartBeat Count=35 Time=Thu Oct 6 2011 18:57:57 GMT+0200 AccountId=28699575 Session=3c1b2c60-a2c5-4863-9a86-052558c3aea8
debug ++ [int] eventPhase = 2
debug ++ [Boolean] bubbles = false
debug ++ [Boolean] cancelable = false
debug ++ [String] type = timer
debug +++ [int] repeatCount = 0
debug +++ [int] currentCount = 34
debug +++ [Boolean] running = true
debug +++ [int] delay = 180000
debug +++ [int] repeatCount = 0
debug +++ [int] currentCount = 34
debug +++ [Boolean] running = true
debug +++ [int] delay = 180000
debug time 18:57:58.594 :: After HeartBeat Count=35 Result=5
debug time 19:00:57.620 :: Before HeartBeat Count=36 Time=Thu Oct 6 2011 19:00:57 GMT+0200 AccountId=28699575 Session=3c1b2c60-a2c5-4863-9a86-052558c3aea8
debug ++ [int] eventPhase = 2
debug ++ [Boolean] bubbles = false
debug ++ [Boolean] cancelable = false
debug ++ [String] type = timer
debug +++ [int] repeatCount = 0
debug +++ [int] currentCount = 35
debug +++ [Boolean] running = true
debug +++ [int] delay = 180000
debug +++ [int] repeatCount = 0
debug +++ [int] currentCount = 35
debug +++ [Boolean] running = true
debug +++ [int] delay = 180000
debug time 19:00:57.862 :: After HeartBeat Count=36 Result=5
debug time 19:03:58.597 :: Before HeartBeat Count=37 Time=Thu Oct 6 2011 19:03:58 GMT+0200 AccountId=28699575 Session=3c1b2c60-a2c5-4863-9a86-052558c3aea8
debug ++ [int] eventPhase = 2
debug ++ [Boolean] bubbles = false
debug ++ [Boolean] cancelable = false
debug ++ [String] type = timer
debug +++ [int] repeatCount = 0
debug +++ [int] currentCount = 36
debug +++ [Boolean] running = true
debug +++ [int] delay = 180000
debug +++ [int] repeatCount = 0
debug +++ [int] currentCount = 36
debug +++ [Boolean] running = true
debug +++ [int] delay = 180000
debug time 19:03:59.464 :: After HeartBeat Count=37 Result=5
debug time 19:05:19.542 :: Performing heartbeat at Thu Oct 6 2011 19:05:19 GMT+0200
debug time 19:06:59.339 :: Before HeartBeat Count=38 Time=Thu Oct 6 2011 19:06:59 GMT+0200 AccountId=28699575 Session=3c1b2c60-a2c5-4863-9a86-052558c3aea8
debug ++ [int] eventPhase = 2
debug ++ [Boolean] bubbles = false
debug ++ [Boolean] cancelable = false
debug ++ [String] type = timer
debug +++ [int] repeatCount = 0
debug +++ [int] currentCount = 37
debug +++ [Boolean] running = true
debug +++ [int] delay = 180000
debug +++ [int] repeatCount = 0
debug +++ [int] currentCount = 37
debug +++ [Boolean] running = true
debug +++ [int] delay = 180000
debug time 19:07:00.336 :: After HeartBeat Count=38 Result=5
debug time 19:09:59.798 :: Before HeartBeat Count=39 Time=Thu Oct 6 2011 19:09:59 GMT+0200 AccountId=28699575 Session=3c1b2c60-a2c5-4863-9a86-052558c3aea8
debug ++ [int] eventPhase = 2
debug ++ [Boolean] bubbles = false
debug ++ [Boolean] cancelable = false
debug ++ [String] type = timer
debug +++ [int] repeatCount = 0
debug +++ [int] currentCount = 38
debug +++ [Boolean] running = true
debug +++ [int] delay = 180000
debug +++ [int] repeatCount = 0
debug +++ [int] currentCount = 38
debug +++ [Boolean] running = true
debug +++ [int] delay = 180000
debug time 19:10:00.780 :: After HeartBeat Count=39 Result=5
debug time 19:13:00.784 :: Before HeartBeat Count=40 Time=Thu Oct 6 2011 19:13:00 GMT+0200 AccountId=28699575 Session=3c1b2c60-a2c5-4863-9a86-052558c3aea8
debug ++ [int] eventPhase = 2
debug ++ [Boolean] bubbles = false
debug ++ [Boolean] cancelable = false
debug ++ [String] type = timer
debug +++ [int] repeatCount = 0
debug +++ [int] currentCount = 39
debug +++ [Boolean] running = true
debug +++ [int] delay = 180000
debug +++ [int] repeatCount = 0
debug +++ [int] currentCount = 39
debug +++ [Boolean] running = true
debug +++ [int] delay = 180000
debug time 19:13:01.781 :: After HeartBeat Count=40 Result=5
debug time 19:16:00.808 :: Before HeartBeat Count=41 Time=Thu Oct 6 2011 19:16:00 GMT+0200 AccountId=28699575 Session=3c1b2c60-a2c5-4863-9a86-052558c3aea8
debug ++ [int] eventPhase = 2
debug ++ [Boolean] bubbles = false
debug ++ [Boolean] cancelable = false
debug ++ [String] type = timer
debug +++ [int] repeatCount = 0
debug +++ [int] currentCount = 40
debug +++ [Boolean] running = true
debug +++ [int] delay = 180000
debug +++ [int] repeatCount = 0
debug +++ [int] currentCount = 40
debug +++ [Boolean] running = true
debug +++ [int] delay = 180000
debug time 19:16:01.104 :: After HeartBeat Count=41 Result=5
debug time 19:19:01.794 :: Before HeartBeat Count=42 Time=Thu Oct 6 2011 19:19:01 GMT+0200 AccountId=28699575 Session=3c1b2c60-a2c5-4863-9a86-052558c3aea8
debug ++ [int] eventPhase = 2
debug ++ [Boolean] bubbles = false
debug ++ [Boolean] cancelable = false
debug ++ [String] type = timer
debug +++ [int] repeatCount = 0
debug +++ [int] currentCount = 41
debug +++ [Boolean] running = true
debug +++ [int] delay = 180000
debug +++ [int] repeatCount = 0
debug +++ [int] currentCount = 41
debug +++ [Boolean] running = true
debug +++ [int] delay = 180000
debug time 19:19:02.785 :: After HeartBeat Count=42 Result=5
debug time 19:22:02.790 :: Before HeartBeat Count=43 Time=Thu Oct 6 2011 19:22:02 GMT+0200 AccountId=28699575 Session=3c1b2c60-a2c5-4863-9a86-052558c3aea8
debug ++ [int] eventPhase = 2
debug ++ [Boolean] bubbles = false
debug ++ [Boolean] cancelable = false
debug ++ [String] type = timer
debug +++ [int] repeatCount = 0
debug +++ [int] currentCount = 42
debug +++ [Boolean] running = true
debug +++ [int] delay = 180000
debug +++ [int] repeatCount = 0
debug +++ [int] currentCount = 42
debug +++ [Boolean] running = true
debug +++ [int] delay = 180000
debug time 19:22:03.194 :: After HeartBeat Count=43 Result=5
debug time 19:23:01.839 :: Performing heartbeat at Thu Oct 6 2011 19:23:01 GMT+0200
