debug time 17:40:18.854 :: Before HeartBeat Count=1 Time=Mon Dec 5 2011 17:40:18 GMT+0100 AccountId=28699575 Session=a956d39a-0bee-47dc-9272-f1f009326238
STOP LOGGING: More than 0 nested objects or properties. 
debug time 17:40:19.874 :: After HeartBeat Count=1 Result=5
debug time 17:43:18.885 :: Before HeartBeat Count=2 Time=Mon Dec 5 2011 17:43:18 GMT+0100 AccountId=28699575 Session=a956d39a-0bee-47dc-9272-f1f009326238
debug ++ [int] eventPhase = 2
debug ++ [Boolean] bubbles = false
debug ++ [Boolean] cancelable = false
debug ++ [String] type = timer
debug +++ [int] repeatCount = 0
debug +++ [int] currentCount = 1
debug +++ [Boolean] running = true
debug +++ [int] delay = 180000
debug +++ [int] repeatCount = 0
debug +++ [int] currentCount = 1
debug +++ [Boolean] running = true
debug +++ [int] delay = 180000
debug time 17:43:19.881 :: After HeartBeat Count=2 Result=5
debug time 17:46:19.885 :: Before HeartBeat Count=3 Time=Mon Dec 5 2011 17:46:19 GMT+0100 AccountId=28699575 Session=a956d39a-0bee-47dc-9272-f1f009326238
debug ++ [int] eventPhase = 2
debug ++ [Boolean] bubbles = false
debug ++ [Boolean] cancelable = false
debug ++ [String] type = timer
debug +++ [int] repeatCount = 0
debug +++ [int] currentCount = 2
debug +++ [Boolean] running = true
debug +++ [int] delay = 180000
debug +++ [int] repeatCount = 0
debug +++ [int] currentCount = 2
debug +++ [Boolean] running = true
debug +++ [int] delay = 180000
debug time 17:46:20.881 :: After HeartBeat Count=3 Result=5
debug time 17:49:20.884 :: Before HeartBeat Count=4 Time=Mon Dec 5 2011 17:49:20 GMT+0100 AccountId=28699575 Session=a956d39a-0bee-47dc-9272-f1f009326238
debug ++ [int] eventPhase = 2
debug ++ [Boolean] bubbles = false
debug ++ [Boolean] cancelable = false
debug ++ [String] type = timer
debug +++ [int] repeatCount = 0
debug +++ [int] currentCount = 3
debug +++ [Boolean] running = true
debug +++ [int] delay = 180000
debug +++ [int] repeatCount = 0
debug +++ [int] currentCount = 3
debug +++ [Boolean] running = true
debug +++ [int] delay = 180000
debug time 17:49:21.882 :: After HeartBeat Count=4 Result=5
debug time 17:52:20.885 :: Before HeartBeat Count=5 Time=Mon Dec 5 2011 17:52:20 GMT+0100 AccountId=28699575 Session=a956d39a-0bee-47dc-9272-f1f009326238
debug ++ [int] eventPhase = 2
debug ++ [Boolean] bubbles = false
debug ++ [Boolean] cancelable = false
debug ++ [String] type = timer
debug +++ [int] repeatCount = 0
debug +++ [int] currentCount = 4
debug +++ [Boolean] running = true
debug +++ [int] delay = 180000
debug +++ [int] repeatCount = 0
debug +++ [int] currentCount = 4
debug +++ [Boolean] running = true
debug +++ [int] delay = 180000
debug time 17:52:21.881 :: After HeartBeat Count=5 Result=5
debug time 17:55:21.885 :: Before HeartBeat Count=6 Time=Mon Dec 5 2011 17:55:21 GMT+0100 AccountId=28699575 Session=a956d39a-0bee-47dc-9272-f1f009326238
debug ++ [int] eventPhase = 2
debug ++ [Boolean] bubbles = false
debug ++ [Boolean] cancelable = false
debug ++ [String] type = timer
debug +++ [int] repeatCount = 0
debug +++ [int] currentCount = 5
debug +++ [Boolean] running = true
debug +++ [int] delay = 180000
debug +++ [int] repeatCount = 0
debug +++ [int] currentCount = 5
debug +++ [Boolean] running = true
debug +++ [int] delay = 180000
debug time 17:55:22.881 :: After HeartBeat Count=6 Result=5
debug time 17:58:21.886 :: Before HeartBeat Count=7 Time=Mon Dec 5 2011 17:58:21 GMT+0100 AccountId=28699575 Session=a956d39a-0bee-47dc-9272-f1f009326238
debug ++ [int] eventPhase = 2
debug ++ [Boolean] bubbles = false
debug ++ [Boolean] cancelable = false
debug ++ [String] type = timer
debug +++ [int] repeatCount = 0
debug +++ [int] currentCount = 6
debug +++ [Boolean] running = true
debug +++ [int] delay = 180000
debug +++ [int] repeatCount = 0
debug +++ [int] currentCount = 6
debug +++ [Boolean] running = true
debug +++ [int] delay = 180000
debug time 17:58:22.881 :: After HeartBeat Count=7 Result=5
debug time 18:01:22.885 :: Before HeartBeat Count=8 Time=Mon Dec 5 2011 18:01:22 GMT+0100 AccountId=28699575 Session=a956d39a-0bee-47dc-9272-f1f009326238
debug ++ [int] eventPhase = 2
debug ++ [Boolean] bubbles = false
debug ++ [Boolean] cancelable = false
debug ++ [String] type = timer
debug +++ [int] repeatCount = 0
debug +++ [int] currentCount = 7
debug +++ [Boolean] running = true
debug +++ [int] delay = 180000
debug +++ [int] repeatCount = 0
debug +++ [int] currentCount = 7
debug +++ [Boolean] running = true
debug +++ [int] delay = 180000
debug time 18:01:23.881 :: After HeartBeat Count=8 Result=5
debug time 18:04:22.887 :: Before HeartBeat Count=9 Time=Mon Dec 5 2011 18:04:22 GMT+0100 AccountId=28699575 Session=a956d39a-0bee-47dc-9272-f1f009326238
debug ++ [int] eventPhase = 2
debug ++ [Boolean] bubbles = false
debug ++ [Boolean] cancelable = false
debug ++ [String] type = timer
debug +++ [int] repeatCount = 0
debug +++ [int] currentCount = 8
debug +++ [Boolean] running = true
debug +++ [int] delay = 180000
debug +++ [int] repeatCount = 0
debug +++ [int] currentCount = 8
debug +++ [Boolean] running = true
debug +++ [int] delay = 180000
debug time 18:04:23.881 :: After HeartBeat Count=9 Result=5
debug time 18:07:23.884 :: Before HeartBeat Count=10 Time=Mon Dec 5 2011 18:07:23 GMT+0100 AccountId=28699575 Session=a956d39a-0bee-47dc-9272-f1f009326238
debug ++ [int] eventPhase = 2
debug ++ [Boolean] bubbles = false
debug ++ [Boolean] cancelable = false
debug ++ [String] type = timer
debug +++ [int] repeatCount = 0
debug +++ [int] currentCount = 9
debug +++ [Boolean] running = true
debug +++ [int] delay = 180000
debug +++ [int] repeatCount = 0
debug +++ [int] currentCount = 9
debug +++ [Boolean] running = true
debug +++ [int] delay = 180000
debug time 18:07:24.881 :: After HeartBeat Count=10 Result=5
debug time 18:10:23.886 :: Before HeartBeat Count=11 Time=Mon Dec 5 2011 18:10:23 GMT+0100 AccountId=28699575 Session=a956d39a-0bee-47dc-9272-f1f009326238
debug ++ [int] eventPhase = 2
debug ++ [Boolean] bubbles = false
debug ++ [Boolean] cancelable = false
debug ++ [String] type = timer
debug +++ [int] repeatCount = 0
debug +++ [int] currentCount = 10
debug +++ [Boolean] running = true
debug +++ [int] delay = 180000
debug +++ [int] repeatCount = 0
debug +++ [int] currentCount = 10
debug +++ [Boolean] running = true
debug +++ [int] delay = 180000
debug time 18:10:24.882 :: After HeartBeat Count=11 Result=5
debug time 18:13:23.885 :: Before HeartBeat Count=12 Time=Mon Dec 5 2011 18:13:23 GMT+0100 AccountId=28699575 Session=a956d39a-0bee-47dc-9272-f1f009326238
debug ++ [int] eventPhase = 2
debug ++ [Boolean] bubbles = false
debug ++ [Boolean] cancelable = false
debug ++ [String] type = timer
debug +++ [int] repeatCount = 0
debug +++ [int] currentCount = 11
debug +++ [Boolean] running = true
debug +++ [int] delay = 180000
debug +++ [int] repeatCount = 0
debug +++ [int] currentCount = 11
debug +++ [Boolean] running = true
debug +++ [int] delay = 180000
debug time 18:13:24.881 :: After HeartBeat Count=12 Result=5
debug time 18:14:57.926 :: Performing heartbeat at Mon Dec 5 2011 18:14:57 GMT+0100
debug time 18:16:24.13 :: Before HeartBeat Count=13 Time=Mon Dec 5 2011 18:16:24 GMT+0100 AccountId=28699575 Session=a956d39a-0bee-47dc-9272-f1f009326238
debug ++ [int] eventPhase = 2
debug ++ [Boolean] bubbles = false
debug ++ [Boolean] cancelable = false
debug ++ [String] type = timer
debug +++ [int] repeatCount = 0
debug +++ [int] currentCount = 12
debug +++ [Boolean] running = true
debug +++ [int] delay = 180000
debug +++ [int] repeatCount = 0
debug +++ [int] currentCount = 12
debug +++ [Boolean] running = true
debug +++ [int] delay = 180000
debug time 18:16:24.187 :: After HeartBeat Count=13 Result=5
debug time 18:19:24.15 :: Before HeartBeat Count=14 Time=Mon Dec 5 2011 18:19:24 GMT+0100 AccountId=28699575 Session=a956d39a-0bee-47dc-9272-f1f009326238
debug ++ [int] eventPhase = 2
debug ++ [Boolean] bubbles = false
debug ++ [Boolean] cancelable = false
debug ++ [String] type = timer
debug +++ [int] repeatCount = 0
debug +++ [int] currentCount = 13
debug +++ [Boolean] running = true
debug +++ [int] delay = 180000
debug +++ [int] repeatCount = 0
debug +++ [int] currentCount = 13
debug +++ [Boolean] running = true
debug +++ [int] delay = 180000
debug time 18:19:25.12 :: After HeartBeat Count=14 Result=5
debug time 18:22:24.14 :: Before HeartBeat Count=15 Time=Mon Dec 5 2011 18:22:24 GMT+0100 AccountId=28699575 Session=a956d39a-0bee-47dc-9272-f1f009326238
debug ++ [int] eventPhase = 2
debug ++ [Boolean] bubbles = false
debug ++ [Boolean] cancelable = false
debug ++ [String] type = timer
debug +++ [int] repeatCount = 0
debug +++ [int] currentCount = 14
debug +++ [Boolean] running = true
debug +++ [int] delay = 180000
debug +++ [int] repeatCount = 0
debug +++ [int] currentCount = 14
debug +++ [Boolean] running = true
debug +++ [int] delay = 180000
debug time 18:22:25.11 :: After HeartBeat Count=15 Result=5
debug time 18:25:24.15 :: Before HeartBeat Count=16 Time=Mon Dec 5 2011 18:25:24 GMT+0100 AccountId=28699575 Session=a956d39a-0bee-47dc-9272-f1f009326238
debug ++ [int] eventPhase = 2
debug ++ [Boolean] bubbles = false
debug ++ [Boolean] cancelable = false
debug ++ [String] type = timer
debug +++ [int] repeatCount = 0
debug +++ [int] currentCount = 15
debug +++ [Boolean] running = true
debug +++ [int] delay = 180000
debug +++ [int] repeatCount = 0
debug +++ [int] currentCount = 15
debug +++ [Boolean] running = true
debug +++ [int] delay = 180000
debug time 18:25:25.11 :: After HeartBeat Count=16 Result=5
debug time 18:28:24.25 :: Before HeartBeat Count=17 Time=Mon Dec 5 2011 18:28:24 GMT+0100 AccountId=28699575 Session=a956d39a-0bee-47dc-9272-f1f009326238
debug ++ [int] eventPhase = 2
debug ++ [Boolean] bubbles = false
debug ++ [Boolean] cancelable = false
debug ++ [String] type = timer
debug +++ [int] repeatCount = 0
debug +++ [int] currentCount = 16
debug +++ [Boolean] running = true
debug +++ [int] delay = 180000
debug +++ [int] repeatCount = 0
debug +++ [int] currentCount = 16
debug +++ [Boolean] running = true
debug +++ [int] delay = 180000
debug time 18:28:25.12 :: After HeartBeat Count=17 Result=5
debug time 18:31:25.15 :: Before HeartBeat Count=18 Time=Mon Dec 5 2011 18:31:25 GMT+0100 AccountId=28699575 Session=a956d39a-0bee-47dc-9272-f1f009326238
debug ++ [int] eventPhase = 2
debug ++ [Boolean] bubbles = false
debug ++ [Boolean] cancelable = false
debug ++ [String] type = timer
debug +++ [int] repeatCount = 0
debug +++ [int] currentCount = 17
debug +++ [Boolean] running = true
debug +++ [int] delay = 180000
debug +++ [int] repeatCount = 0
debug +++ [int] currentCount = 17
debug +++ [Boolean] running = true
debug +++ [int] delay = 180000
debug time 18:31:26.11 :: After HeartBeat Count=18 Result=5
debug time 18:34:25.15 :: Before HeartBeat Count=19 Time=Mon Dec 5 2011 18:34:25 GMT+0100 AccountId=28699575 Session=a956d39a-0bee-47dc-9272-f1f009326238
debug ++ [int] eventPhase = 2
debug ++ [Boolean] bubbles = false
debug ++ [Boolean] cancelable = false
debug ++ [String] type = timer
debug +++ [int] repeatCount = 0
debug +++ [int] currentCount = 18
debug +++ [Boolean] running = true
debug +++ [int] delay = 180000
debug +++ [int] repeatCount = 0
debug +++ [int] currentCount = 18
debug +++ [Boolean] running = true
debug +++ [int] delay = 180000
debug time 18:34:26.11 :: After HeartBeat Count=19 Result=5
debug time 18:37:25.20 :: Before HeartBeat Count=20 Time=Mon Dec 5 2011 18:37:25 GMT+0100 AccountId=28699575 Session=a956d39a-0bee-47dc-9272-f1f009326238
debug ++ [int] eventPhase = 2
debug ++ [Boolean] bubbles = false
debug ++ [Boolean] cancelable = false
debug ++ [String] type = timer
debug +++ [int] repeatCount = 0
debug +++ [int] currentCount = 19
debug +++ [Boolean] running = true
debug +++ [int] delay = 180000
debug +++ [int] repeatCount = 0
debug +++ [int] currentCount = 19
debug +++ [Boolean] running = true
debug +++ [int] delay = 180000
debug time 18:37:26.12 :: After HeartBeat Count=20 Result=5
debug time 18:40:26.14 :: Before HeartBeat Count=21 Time=Mon Dec 5 2011 18:40:26 GMT+0100 AccountId=28699575 Session=a956d39a-0bee-47dc-9272-f1f009326238
debug ++ [int] eventPhase = 2
debug ++ [Boolean] bubbles = false
debug ++ [Boolean] cancelable = false
debug ++ [String] type = timer
debug +++ [int] repeatCount = 0
debug +++ [int] currentCount = 20
debug +++ [Boolean] running = true
debug +++ [int] delay = 180000
debug +++ [int] repeatCount = 0
debug +++ [int] currentCount = 20
debug +++ [Boolean] running = true
debug +++ [int] delay = 180000
debug time 18:40:27.11 :: After HeartBeat Count=21 Result=5
debug time 18:43:26.14 :: Before HeartBeat Count=22 Time=Mon Dec 5 2011 18:43:26 GMT+0100 AccountId=28699575 Session=a956d39a-0bee-47dc-9272-f1f009326238
debug ++ [int] eventPhase = 2
debug ++ [Boolean] bubbles = false
debug ++ [Boolean] cancelable = false
debug ++ [String] type = timer
debug +++ [int] repeatCount = 0
debug +++ [int] currentCount = 21
debug +++ [Boolean] running = true
debug +++ [int] delay = 180000
debug +++ [int] repeatCount = 0
debug +++ [int] currentCount = 21
debug +++ [Boolean] running = true
debug +++ [int] delay = 180000
debug time 18:43:27.11 :: After HeartBeat Count=22 Result=5
debug time 18:46:26.14 :: Before HeartBeat Count=23 Time=Mon Dec 5 2011 18:46:26 GMT+0100 AccountId=28699575 Session=a956d39a-0bee-47dc-9272-f1f009326238
debug ++ [int] eventPhase = 2
debug ++ [Boolean] bubbles = false
debug ++ [Boolean] cancelable = false
debug ++ [String] type = timer
debug +++ [int] repeatCount = 0
debug +++ [int] currentCount = 22
debug +++ [Boolean] running = true
debug +++ [int] delay = 180000
debug +++ [int] repeatCount = 0
debug +++ [int] currentCount = 22
debug +++ [Boolean] running = true
debug +++ [int] delay = 180000
debug time 18:46:27.11 :: After HeartBeat Count=23 Result=5
debug time 18:49:26.36 :: Before HeartBeat Count=24 Time=Mon Dec 5 2011 18:49:26 GMT+0100 AccountId=28699575 Session=a956d39a-0bee-47dc-9272-f1f009326238
debug ++ [int] eventPhase = 2
debug ++ [Boolean] bubbles = false
debug ++ [Boolean] cancelable = false
debug ++ [String] type = timer
debug +++ [int] repeatCount = 0
debug +++ [int] currentCount = 23
debug +++ [Boolean] running = true
debug +++ [int] delay = 180000
debug +++ [int] repeatCount = 0
debug +++ [int] currentCount = 23
debug +++ [Boolean] running = true
debug +++ [int] delay = 180000
debug time 18:49:27.12 :: After HeartBeat Count=24 Result=5
debug time 18:52:27.16 :: Before HeartBeat Count=25 Time=Mon Dec 5 2011 18:52:27 GMT+0100 AccountId=28699575 Session=a956d39a-0bee-47dc-9272-f1f009326238
debug ++ [int] eventPhase = 2
debug ++ [Boolean] bubbles = false
debug ++ [Boolean] cancelable = false
debug ++ [String] type = timer
debug +++ [int] repeatCount = 0
debug +++ [int] currentCount = 24
debug +++ [Boolean] running = true
debug +++ [int] delay = 180000
debug +++ [int] repeatCount = 0
debug +++ [int] currentCount = 24
debug +++ [Boolean] running = true
debug +++ [int] delay = 180000
debug time 18:52:28.11 :: After HeartBeat Count=25 Result=5
debug time 18:55:28.14 :: Before HeartBeat Count=26 Time=Mon Dec 5 2011 18:55:28 GMT+0100 AccountId=28699575 Session=a956d39a-0bee-47dc-9272-f1f009326238
debug ++ [int] eventPhase = 2
debug ++ [Boolean] bubbles = false
debug ++ [Boolean] cancelable = false
debug ++ [String] type = timer
debug +++ [int] repeatCount = 0
debug +++ [int] currentCount = 25
debug +++ [Boolean] running = true
debug +++ [int] delay = 180000
debug +++ [int] repeatCount = 0
debug +++ [int] currentCount = 25
debug +++ [Boolean] running = true
debug +++ [int] delay = 180000
debug time 18:55:29.11 :: After HeartBeat Count=26 Result=5
debug time 18:56:05.78 :: Performing heartbeat at Mon Dec 5 2011 18:56:05 GMT+0100
