debug time 18:03:40.153 :: Before HeartBeat Count=1 Time=Wed Oct 5 2011 18:03:40 GMT+0200 AccountId=28699575 Session=cae3c9a4-fc33-4dd3-81b0-afd8f727c995
STOP LOGGING: More than 0 nested objects or properties. 
debug time 18:03:42.205 :: After HeartBeat Count=1 Result=5
debug time 18:06:40.461 :: Before HeartBeat Count=2 Time=Wed Oct 5 2011 18:06:40 GMT+0200 AccountId=28699575 Session=cae3c9a4-fc33-4dd3-81b0-afd8f727c995
debug ++ [int] eventPhase = 2
debug ++ [Boolean] bubbles = false
debug ++ [Boolean] cancelable = false
debug ++ [String] type = timer
debug +++ [int] repeatCount = 0
debug +++ [int] currentCount = 1
debug +++ [Boolean] running = true
debug +++ [int] delay = 180000
debug +++ [int] repeatCount = 0
debug +++ [int] currentCount = 1
debug +++ [Boolean] running = true
debug +++ [int] delay = 180000
debug time 18:06:41.458 :: After HeartBeat Count=2 Result=5
debug time 18:09:40.474 :: Before HeartBeat Count=3 Time=Wed Oct 5 2011 18:09:40 GMT+0200 AccountId=28699575 Session=cae3c9a4-fc33-4dd3-81b0-afd8f727c995
debug ++ [int] eventPhase = 2
debug ++ [Boolean] bubbles = false
debug ++ [Boolean] cancelable = false
debug ++ [String] type = timer
debug +++ [int] repeatCount = 0
debug +++ [int] currentCount = 2
debug +++ [Boolean] running = true
debug +++ [int] delay = 180000
debug +++ [int] repeatCount = 0
debug +++ [int] currentCount = 2
debug +++ [Boolean] running = true
debug +++ [int] delay = 180000
debug time 18:09:41.464 :: After HeartBeat Count=3 Result=5
debug time 18:12:41.464 :: Before HeartBeat Count=4 Time=Wed Oct 5 2011 18:12:41 GMT+0200 AccountId=28699575 Session=cae3c9a4-fc33-4dd3-81b0-afd8f727c995
debug ++ [int] eventPhase = 2
debug ++ [Boolean] bubbles = false
debug ++ [Boolean] cancelable = false
debug ++ [String] type = timer
debug +++ [int] repeatCount = 0
debug +++ [int] currentCount = 3
debug +++ [Boolean] running = true
debug +++ [int] delay = 180000
debug +++ [int] repeatCount = 0
debug +++ [int] currentCount = 3
debug +++ [Boolean] running = true
debug +++ [int] delay = 180000
debug time 18:12:42.458 :: After HeartBeat Count=4 Result=5
debug time 18:15:42.461 :: Before HeartBeat Count=5 Time=Wed Oct 5 2011 18:15:42 GMT+0200 AccountId=28699575 Session=cae3c9a4-fc33-4dd3-81b0-afd8f727c995
debug ++ [int] eventPhase = 2
debug ++ [Boolean] bubbles = false
debug ++ [Boolean] cancelable = false
debug ++ [String] type = timer
debug +++ [int] repeatCount = 0
debug +++ [int] currentCount = 4
debug +++ [Boolean] running = true
debug +++ [int] delay = 180000
debug +++ [int] repeatCount = 0
debug +++ [int] currentCount = 4
debug +++ [Boolean] running = true
debug +++ [int] delay = 180000
debug time 18:15:43.458 :: After HeartBeat Count=5 Result=5
debug time 18:18:42.460 :: Before HeartBeat Count=6 Time=Wed Oct 5 2011 18:18:42 GMT+0200 AccountId=28699575 Session=cae3c9a4-fc33-4dd3-81b0-afd8f727c995
debug ++ [int] eventPhase = 2
debug ++ [Boolean] bubbles = false
debug ++ [Boolean] cancelable = false
debug ++ [String] type = timer
debug +++ [int] repeatCount = 0
debug +++ [int] currentCount = 5
debug +++ [Boolean] running = true
debug +++ [int] delay = 180000
debug +++ [int] repeatCount = 0
debug +++ [int] currentCount = 5
debug +++ [Boolean] running = true
debug +++ [int] delay = 180000
debug time 18:18:43.458 :: After HeartBeat Count=6 Result=5
debug time 18:21:42.461 :: Before HeartBeat Count=7 Time=Wed Oct 5 2011 18:21:42 GMT+0200 AccountId=28699575 Session=cae3c9a4-fc33-4dd3-81b0-afd8f727c995
debug ++ [int] eventPhase = 2
debug ++ [Boolean] bubbles = false
debug ++ [Boolean] cancelable = false
debug ++ [String] type = timer
debug +++ [int] repeatCount = 0
debug +++ [int] currentCount = 6
debug +++ [Boolean] running = true
debug +++ [int] delay = 180000
debug +++ [int] repeatCount = 0
debug +++ [int] currentCount = 6
debug +++ [Boolean] running = true
debug +++ [int] delay = 180000
debug time 18:21:43.458 :: After HeartBeat Count=7 Result=5
debug time 18:24:42.461 :: Before HeartBeat Count=8 Time=Wed Oct 5 2011 18:24:42 GMT+0200 AccountId=28699575 Session=cae3c9a4-fc33-4dd3-81b0-afd8f727c995
debug ++ [int] eventPhase = 2
debug ++ [Boolean] bubbles = false
debug ++ [Boolean] cancelable = false
debug ++ [String] type = timer
debug +++ [int] repeatCount = 0
debug +++ [int] currentCount = 7
debug +++ [Boolean] running = true
debug +++ [int] delay = 180000
debug +++ [int] repeatCount = 0
debug +++ [int] currentCount = 7
debug +++ [Boolean] running = true
debug +++ [int] delay = 180000
debug time 18:24:43.458 :: After HeartBeat Count=8 Result=5
debug time 18:27:42.460 :: Before HeartBeat Count=9 Time=Wed Oct 5 2011 18:27:42 GMT+0200 AccountId=28699575 Session=cae3c9a4-fc33-4dd3-81b0-afd8f727c995
debug ++ [int] eventPhase = 2
debug ++ [Boolean] bubbles = false
debug ++ [Boolean] cancelable = false
debug ++ [String] type = timer
debug +++ [int] repeatCount = 0
debug +++ [int] currentCount = 8
debug +++ [Boolean] running = true
debug +++ [int] delay = 180000
debug +++ [int] repeatCount = 0
debug +++ [int] currentCount = 8
debug +++ [Boolean] running = true
debug +++ [int] delay = 180000
debug time 18:27:43.457 :: After HeartBeat Count=9 Result=5
debug time 18:30:42.461 :: Before HeartBeat Count=10 Time=Wed Oct 5 2011 18:30:42 GMT+0200 AccountId=28699575 Session=cae3c9a4-fc33-4dd3-81b0-afd8f727c995
debug ++ [int] eventPhase = 2
debug ++ [Boolean] bubbles = false
debug ++ [Boolean] cancelable = false
debug ++ [String] type = timer
debug +++ [int] repeatCount = 0
debug +++ [int] currentCount = 9
debug +++ [Boolean] running = true
debug +++ [int] delay = 180000
debug +++ [int] repeatCount = 0
debug +++ [int] currentCount = 9
debug +++ [Boolean] running = true
debug +++ [int] delay = 180000
debug time 18:30:43.458 :: After HeartBeat Count=10 Result=5
debug time 18:32:31.505 :: Performing heartbeat at Wed Oct 5 2011 18:32:31 GMT+0200
debug time 18:33:42.481 :: Before HeartBeat Count=11 Time=Wed Oct 5 2011 18:33:42 GMT+0200 AccountId=28699575 Session=cae3c9a4-fc33-4dd3-81b0-afd8f727c995
debug ++ [int] eventPhase = 2
debug ++ [Boolean] bubbles = false
debug ++ [Boolean] cancelable = false
debug ++ [String] type = timer
debug +++ [int] repeatCount = 0
debug +++ [int] currentCount = 10
debug +++ [Boolean] running = true
debug +++ [int] delay = 180000
debug +++ [int] repeatCount = 0
debug +++ [int] currentCount = 10
debug +++ [Boolean] running = true
debug +++ [int] delay = 180000
debug time 18:33:42.825 :: After HeartBeat Count=11 Result=5
debug time 18:36:42.979 :: Before HeartBeat Count=12 Time=Wed Oct 5 2011 18:36:42 GMT+0200 AccountId=28699575 Session=cae3c9a4-fc33-4dd3-81b0-afd8f727c995
debug ++ [int] eventPhase = 2
debug ++ [Boolean] bubbles = false
debug ++ [Boolean] cancelable = false
debug ++ [String] type = timer
debug +++ [int] repeatCount = 0
debug +++ [int] currentCount = 11
debug +++ [Boolean] running = true
debug +++ [int] delay = 180000
debug +++ [int] repeatCount = 0
debug +++ [int] currentCount = 11
debug +++ [Boolean] running = true
debug +++ [int] delay = 180000
debug time 18:36:43.972 :: After HeartBeat Count=12 Result=5
debug time 18:39:43.972 :: Before HeartBeat Count=13 Time=Wed Oct 5 2011 18:39:43 GMT+0200 AccountId=28699575 Session=cae3c9a4-fc33-4dd3-81b0-afd8f727c995
debug ++ [int] eventPhase = 2
debug ++ [Boolean] bubbles = false
debug ++ [Boolean] cancelable = false
debug ++ [String] type = timer
debug +++ [int] repeatCount = 0
debug +++ [int] currentCount = 12
debug +++ [Boolean] running = true
debug +++ [int] delay = 180000
debug +++ [int] repeatCount = 0
debug +++ [int] currentCount = 12
debug +++ [Boolean] running = true
debug +++ [int] delay = 180000
debug time 18:39:44.968 :: After HeartBeat Count=13 Result=5
debug time 18:42:43.973 :: Before HeartBeat Count=14 Time=Wed Oct 5 2011 18:42:43 GMT+0200 AccountId=28699575 Session=cae3c9a4-fc33-4dd3-81b0-afd8f727c995
debug ++ [int] eventPhase = 2
debug ++ [Boolean] bubbles = false
debug ++ [Boolean] cancelable = false
debug ++ [String] type = timer
debug +++ [int] repeatCount = 0
debug +++ [int] currentCount = 13
debug +++ [Boolean] running = true
debug +++ [int] delay = 180000
debug +++ [int] repeatCount = 0
debug +++ [int] currentCount = 13
debug +++ [Boolean] running = true
debug +++ [int] delay = 180000
debug time 18:42:44.968 :: After HeartBeat Count=14 Result=5
debug time 18:45:44.971 :: Before HeartBeat Count=15 Time=Wed Oct 5 2011 18:45:44 GMT+0200 AccountId=28699575 Session=cae3c9a4-fc33-4dd3-81b0-afd8f727c995
debug ++ [int] eventPhase = 2
debug ++ [Boolean] bubbles = false
debug ++ [Boolean] cancelable = false
debug ++ [String] type = timer
debug +++ [int] repeatCount = 0
debug +++ [int] currentCount = 14
debug +++ [Boolean] running = true
debug +++ [int] delay = 180000
debug +++ [int] repeatCount = 0
debug +++ [int] currentCount = 14
debug +++ [Boolean] running = true
debug +++ [int] delay = 180000
debug time 18:45:45.967 :: After HeartBeat Count=15 Result=5
debug time 18:48:45.975 :: Before HeartBeat Count=16 Time=Wed Oct 5 2011 18:48:45 GMT+0200 AccountId=28699575 Session=cae3c9a4-fc33-4dd3-81b0-afd8f727c995
debug ++ [int] eventPhase = 2
debug ++ [Boolean] bubbles = false
debug ++ [Boolean] cancelable = false
debug ++ [String] type = timer
debug +++ [int] repeatCount = 0
debug +++ [int] currentCount = 15
debug +++ [Boolean] running = true
debug +++ [int] delay = 180000
debug +++ [int] repeatCount = 0
debug +++ [int] currentCount = 15
debug +++ [Boolean] running = true
debug +++ [int] delay = 180000
debug time 18:48:46.968 :: After HeartBeat Count=16 Result=5
debug time 18:51:46.972 :: Before HeartBeat Count=17 Time=Wed Oct 5 2011 18:51:46 GMT+0200 AccountId=28699575 Session=cae3c9a4-fc33-4dd3-81b0-afd8f727c995
debug ++ [int] eventPhase = 2
debug ++ [Boolean] bubbles = false
debug ++ [Boolean] cancelable = false
debug ++ [String] type = timer
debug +++ [int] repeatCount = 0
debug +++ [int] currentCount = 16
debug +++ [Boolean] running = true
debug +++ [int] delay = 180000
debug +++ [int] repeatCount = 0
debug +++ [int] currentCount = 16
debug +++ [Boolean] running = true
debug +++ [int] delay = 180000
debug time 18:51:47.968 :: After HeartBeat Count=17 Result=5
debug time 18:54:46.971 :: Before HeartBeat Count=18 Time=Wed Oct 5 2011 18:54:46 GMT+0200 AccountId=28699575 Session=cae3c9a4-fc33-4dd3-81b0-afd8f727c995
debug ++ [int] eventPhase = 2
debug ++ [Boolean] bubbles = false
debug ++ [Boolean] cancelable = false
debug ++ [String] type = timer
debug +++ [int] repeatCount = 0
debug +++ [int] currentCount = 17
debug +++ [Boolean] running = true
debug +++ [int] delay = 180000
debug +++ [int] repeatCount = 0
debug +++ [int] currentCount = 17
debug +++ [Boolean] running = true
debug +++ [int] delay = 180000
debug time 18:54:47.967 :: After HeartBeat Count=18 Result=5
debug time 18:57:47.971 :: Before HeartBeat Count=19 Time=Wed Oct 5 2011 18:57:47 GMT+0200 AccountId=28699575 Session=cae3c9a4-fc33-4dd3-81b0-afd8f727c995
debug ++ [int] eventPhase = 2
debug ++ [Boolean] bubbles = false
debug ++ [Boolean] cancelable = false
debug ++ [String] type = timer
debug +++ [int] repeatCount = 0
debug +++ [int] currentCount = 18
debug +++ [Boolean] running = true
debug +++ [int] delay = 180000
debug +++ [int] repeatCount = 0
debug +++ [int] currentCount = 18
debug +++ [Boolean] running = true
debug +++ [int] delay = 180000
debug time 18:57:48.968 :: After HeartBeat Count=19 Result=5
debug time 19:00:47.971 :: Before HeartBeat Count=20 Time=Wed Oct 5 2011 19:00:47 GMT+0200 AccountId=28699575 Session=cae3c9a4-fc33-4dd3-81b0-afd8f727c995
debug ++ [int] eventPhase = 2
debug ++ [Boolean] bubbles = false
debug ++ [Boolean] cancelable = false
debug ++ [String] type = timer
debug +++ [int] repeatCount = 0
debug +++ [int] currentCount = 19
debug +++ [Boolean] running = true
debug +++ [int] delay = 180000
debug +++ [int] repeatCount = 0
debug +++ [int] currentCount = 19
debug +++ [Boolean] running = true
debug +++ [int] delay = 180000
debug time 19:00:48.968 :: After HeartBeat Count=20 Result=5
debug time 19:03:47.971 :: Before HeartBeat Count=21 Time=Wed Oct 5 2011 19:03:47 GMT+0200 AccountId=28699575 Session=cae3c9a4-fc33-4dd3-81b0-afd8f727c995
debug ++ [int] eventPhase = 2
debug ++ [Boolean] bubbles = false
debug ++ [Boolean] cancelable = false
debug ++ [String] type = timer
debug +++ [int] repeatCount = 0
debug +++ [int] currentCount = 20
debug +++ [Boolean] running = true
debug +++ [int] delay = 180000
debug +++ [int] repeatCount = 0
debug +++ [int] currentCount = 20
debug +++ [Boolean] running = true
debug +++ [int] delay = 180000
debug time 19:03:48.968 :: After HeartBeat Count=21 Result=5
debug time 19:06:47.981 :: Before HeartBeat Count=22 Time=Wed Oct 5 2011 19:06:47 GMT+0200 AccountId=28699575 Session=cae3c9a4-fc33-4dd3-81b0-afd8f727c995
debug ++ [int] eventPhase = 2
debug ++ [Boolean] bubbles = false
debug ++ [Boolean] cancelable = false
debug ++ [String] type = timer
debug +++ [int] repeatCount = 0
debug +++ [int] currentCount = 21
debug +++ [Boolean] running = true
debug +++ [int] delay = 180000
debug +++ [int] repeatCount = 0
debug +++ [int] currentCount = 21
debug +++ [Boolean] running = true
debug +++ [int] delay = 180000
debug time 19:06:48.968 :: After HeartBeat Count=22 Result=5
debug time 19:09:48.971 :: Before HeartBeat Count=23 Time=Wed Oct 5 2011 19:09:48 GMT+0200 AccountId=28699575 Session=cae3c9a4-fc33-4dd3-81b0-afd8f727c995
debug ++ [int] eventPhase = 2
debug ++ [Boolean] bubbles = false
debug ++ [Boolean] cancelable = false
debug ++ [String] type = timer
debug +++ [int] repeatCount = 0
debug +++ [int] currentCount = 22
debug +++ [Boolean] running = true
debug +++ [int] delay = 180000
debug +++ [int] repeatCount = 0
debug +++ [int] currentCount = 22
debug +++ [Boolean] running = true
debug +++ [int] delay = 180000
debug time 19:09:49.968 :: After HeartBeat Count=23 Result=5
debug time 19:12:48.974 :: Before HeartBeat Count=24 Time=Wed Oct 5 2011 19:12:48 GMT+0200 AccountId=28699575 Session=cae3c9a4-fc33-4dd3-81b0-afd8f727c995
debug ++ [int] eventPhase = 2
debug ++ [Boolean] bubbles = false
debug ++ [Boolean] cancelable = false
debug ++ [String] type = timer
debug +++ [int] repeatCount = 0
debug +++ [int] currentCount = 23
debug +++ [Boolean] running = true
debug +++ [int] delay = 180000
debug +++ [int] repeatCount = 0
debug +++ [int] currentCount = 23
debug +++ [Boolean] running = true
debug +++ [int] delay = 180000
debug time 19:12:49.968 :: After HeartBeat Count=24 Result=5
debug time 19:15:49.971 :: Before HeartBeat Count=25 Time=Wed Oct 5 2011 19:15:49 GMT+0200 AccountId=28699575 Session=cae3c9a4-fc33-4dd3-81b0-afd8f727c995
debug ++ [int] eventPhase = 2
debug ++ [Boolean] bubbles = false
debug ++ [Boolean] cancelable = false
debug ++ [String] type = timer
debug +++ [int] repeatCount = 0
debug +++ [int] currentCount = 24
debug +++ [Boolean] running = true
debug +++ [int] delay = 180000
debug +++ [int] repeatCount = 0
debug +++ [int] currentCount = 24
debug +++ [Boolean] running = true
debug +++ [int] delay = 180000
debug time 19:15:50.968 :: After HeartBeat Count=25 Result=5
debug time 19:18:49.981 :: Before HeartBeat Count=26 Time=Wed Oct 5 2011 19:18:49 GMT+0200 AccountId=28699575 Session=cae3c9a4-fc33-4dd3-81b0-afd8f727c995
debug ++ [int] eventPhase = 2
debug ++ [Boolean] bubbles = false
debug ++ [Boolean] cancelable = false
debug ++ [String] type = timer
debug +++ [int] repeatCount = 0
debug +++ [int] currentCount = 25
debug +++ [Boolean] running = true
debug +++ [int] delay = 180000
debug +++ [int] repeatCount = 0
debug +++ [int] currentCount = 25
debug +++ [Boolean] running = true
debug +++ [int] delay = 180000
debug time 19:18:50.968 :: After HeartBeat Count=26 Result=5
debug time 19:21:43.994 :: Performing heartbeat at Wed Oct 5 2011 19:21:43 GMT+0200
debug time 19:21:49.991 :: Before HeartBeat Count=27 Time=Wed Oct 5 2011 19:21:49 GMT+0200 AccountId=28699575 Session=cae3c9a4-fc33-4dd3-81b0-afd8f727c995
debug ++ [int] eventPhase = 2
debug ++ [Boolean] bubbles = false
debug ++ [Boolean] cancelable = false
debug ++ [String] type = timer
debug +++ [int] repeatCount = 0
debug +++ [int] currentCount = 26
debug +++ [Boolean] running = true
debug +++ [int] delay = 180000
debug +++ [int] repeatCount = 0
debug +++ [int] currentCount = 26
debug +++ [Boolean] running = true
debug +++ [int] delay = 180000
debug time 19:21:50.356 :: After HeartBeat Count=27 Result=5
