debug time 18:09:46.960 :: Before HeartBeat Count=1 Time=Tue Feb 21 2012 18:09:46 GMT+0100 AccountId=29131007 Session=d23d8841-2785-4b26-9029-fbede03c34d3
STOP LOGGING: More than 0 nested objects or properties. 
debug time 18:09:47.521 :: After HeartBeat Count=1 Result=5
debug time 18:11:46.981 :: Before HeartBeat Count=2 Time=Tue Feb 21 2012 18:11:46 GMT+0100 AccountId=29131007 Session=d23d8841-2785-4b26-9029-fbede03c34d3
debug ++ [int] eventPhase = 2
debug ++ [Boolean] bubbles = false
debug ++ [Boolean] cancelable = false
debug ++ [String] type = timer
debug +++ [int] repeatCount = 0
debug +++ [int] currentCount = 1
debug +++ [Boolean] running = true
debug +++ [int] delay = 120000
debug +++ [int] repeatCount = 0
debug +++ [int] currentCount = 1
debug +++ [Boolean] running = true
debug +++ [int] delay = 120000
debug time 18:11:47.183 :: After HeartBeat Count=2 Result=5
debug time 18:13:47.450 :: Before HeartBeat Count=3 Time=Tue Feb 21 2012 18:13:47 GMT+0100 AccountId=29131007 Session=d23d8841-2785-4b26-9029-fbede03c34d3
debug ++ [int] eventPhase = 2
debug ++ [Boolean] bubbles = false
debug ++ [Boolean] cancelable = false
debug ++ [String] type = timer
debug +++ [int] repeatCount = 0
debug +++ [int] currentCount = 2
debug +++ [Boolean] running = true
debug +++ [int] delay = 120000
debug +++ [int] repeatCount = 0
debug +++ [int] currentCount = 2
debug +++ [Boolean] running = true
debug +++ [int] delay = 120000
debug time 18:13:48.444 :: After HeartBeat Count=3 Result=5
debug time 18:15:47.450 :: Before HeartBeat Count=4 Time=Tue Feb 21 2012 18:15:47 GMT+0100 AccountId=29131007 Session=d23d8841-2785-4b26-9029-fbede03c34d3
debug ++ [int] eventPhase = 2
debug ++ [Boolean] bubbles = false
debug ++ [Boolean] cancelable = false
debug ++ [String] type = timer
debug +++ [int] repeatCount = 0
debug +++ [int] currentCount = 3
debug +++ [Boolean] running = true
debug +++ [int] delay = 120000
debug +++ [int] repeatCount = 0
debug +++ [int] currentCount = 3
debug +++ [Boolean] running = true
debug +++ [int] delay = 120000
debug time 18:15:48.444 :: After HeartBeat Count=4 Result=5
debug time 18:17:47.468 :: Before HeartBeat Count=5 Time=Tue Feb 21 2012 18:17:47 GMT+0100 AccountId=29131007 Session=d23d8841-2785-4b26-9029-fbede03c34d3
debug ++ [int] eventPhase = 2
debug ++ [Boolean] bubbles = false
debug ++ [Boolean] cancelable = false
debug ++ [String] type = timer
debug +++ [int] repeatCount = 0
debug +++ [int] currentCount = 4
debug +++ [Boolean] running = true
debug +++ [int] delay = 120000
debug +++ [int] repeatCount = 0
debug +++ [int] currentCount = 4
debug +++ [Boolean] running = true
debug +++ [int] delay = 120000
debug time 18:17:48.444 :: After HeartBeat Count=5 Result=5
debug time 18:19:48.448 :: Before HeartBeat Count=6 Time=Tue Feb 21 2012 18:19:48 GMT+0100 AccountId=29131007 Session=d23d8841-2785-4b26-9029-fbede03c34d3
debug ++ [int] eventPhase = 2
debug ++ [Boolean] bubbles = false
debug ++ [Boolean] cancelable = false
debug ++ [String] type = timer
debug +++ [int] repeatCount = 0
debug +++ [int] currentCount = 5
debug +++ [Boolean] running = true
debug +++ [int] delay = 120000
debug +++ [int] repeatCount = 0
debug +++ [int] currentCount = 5
debug +++ [Boolean] running = true
debug +++ [int] delay = 120000
debug time 18:19:49.445 :: After HeartBeat Count=6 Result=5
debug time 18:21:48.448 :: Before HeartBeat Count=7 Time=Tue Feb 21 2012 18:21:48 GMT+0100 AccountId=29131007 Session=d23d8841-2785-4b26-9029-fbede03c34d3
debug ++ [int] eventPhase = 2
debug ++ [Boolean] bubbles = false
debug ++ [Boolean] cancelable = false
debug ++ [String] type = timer
debug +++ [int] repeatCount = 0
debug +++ [int] currentCount = 6
debug +++ [Boolean] running = true
debug +++ [int] delay = 120000
debug +++ [int] repeatCount = 0
debug +++ [int] currentCount = 6
debug +++ [Boolean] running = true
debug +++ [int] delay = 120000
debug time 18:21:49.445 :: After HeartBeat Count=7 Result=5
debug time 18:23:48.448 :: Before HeartBeat Count=8 Time=Tue Feb 21 2012 18:23:48 GMT+0100 AccountId=29131007 Session=d23d8841-2785-4b26-9029-fbede03c34d3
debug ++ [int] eventPhase = 2
debug ++ [Boolean] bubbles = false
debug ++ [Boolean] cancelable = false
debug ++ [String] type = timer
debug +++ [int] repeatCount = 0
debug +++ [int] currentCount = 7
debug +++ [Boolean] running = true
debug +++ [int] delay = 120000
debug +++ [int] repeatCount = 0
debug +++ [int] currentCount = 7
debug +++ [Boolean] running = true
debug +++ [int] delay = 120000
debug time 18:23:49.445 :: After HeartBeat Count=8 Result=5
debug time 18:25:48.447 :: Before HeartBeat Count=9 Time=Tue Feb 21 2012 18:25:48 GMT+0100 AccountId=29131007 Session=d23d8841-2785-4b26-9029-fbede03c34d3
debug ++ [int] eventPhase = 2
debug ++ [Boolean] bubbles = false
debug ++ [Boolean] cancelable = false
debug ++ [String] type = timer
debug +++ [int] repeatCount = 0
debug +++ [int] currentCount = 8
debug +++ [Boolean] running = true
debug +++ [int] delay = 120000
debug +++ [int] repeatCount = 0
debug +++ [int] currentCount = 8
debug +++ [Boolean] running = true
debug +++ [int] delay = 120000
debug time 18:25:49.445 :: After HeartBeat Count=9 Result=5
debug time 18:27:48.467 :: Before HeartBeat Count=10 Time=Tue Feb 21 2012 18:27:48 GMT+0100 AccountId=29131007 Session=d23d8841-2785-4b26-9029-fbede03c34d3
debug ++ [int] eventPhase = 2
debug ++ [Boolean] bubbles = false
debug ++ [Boolean] cancelable = false
debug ++ [String] type = timer
debug +++ [int] repeatCount = 0
debug +++ [int] currentCount = 9
debug +++ [Boolean] running = true
debug +++ [int] delay = 120000
debug +++ [int] repeatCount = 0
debug +++ [int] currentCount = 9
debug +++ [Boolean] running = true
debug +++ [int] delay = 120000
debug time 18:27:49.444 :: After HeartBeat Count=10 Result=5
debug time 18:29:49.447 :: Before HeartBeat Count=11 Time=Tue Feb 21 2012 18:29:49 GMT+0100 AccountId=29131007 Session=d23d8841-2785-4b26-9029-fbede03c34d3
debug ++ [int] eventPhase = 2
debug ++ [Boolean] bubbles = false
debug ++ [Boolean] cancelable = false
debug ++ [String] type = timer
debug +++ [int] repeatCount = 0
debug +++ [int] currentCount = 10
debug +++ [Boolean] running = true
debug +++ [int] delay = 120000
debug +++ [int] repeatCount = 0
debug +++ [int] currentCount = 10
debug +++ [Boolean] running = true
debug +++ [int] delay = 120000
debug time 18:29:50.444 :: After HeartBeat Count=11 Result=5
debug time 18:31:49.447 :: Before HeartBeat Count=12 Time=Tue Feb 21 2012 18:31:49 GMT+0100 AccountId=29131007 Session=d23d8841-2785-4b26-9029-fbede03c34d3
debug ++ [int] eventPhase = 2
debug ++ [Boolean] bubbles = false
debug ++ [Boolean] cancelable = false
debug ++ [String] type = timer
debug +++ [int] repeatCount = 0
debug +++ [int] currentCount = 11
debug +++ [Boolean] running = true
debug +++ [int] delay = 120000
debug +++ [int] repeatCount = 0
debug +++ [int] currentCount = 11
debug +++ [Boolean] running = true
debug +++ [int] delay = 120000
debug time 18:31:50.444 :: After HeartBeat Count=12 Result=5
debug time 18:33:49.447 :: Before HeartBeat Count=13 Time=Tue Feb 21 2012 18:33:49 GMT+0100 AccountId=29131007 Session=d23d8841-2785-4b26-9029-fbede03c34d3
debug ++ [int] eventPhase = 2
debug ++ [Boolean] bubbles = false
debug ++ [Boolean] cancelable = false
debug ++ [String] type = timer
debug +++ [int] repeatCount = 0
debug +++ [int] currentCount = 12
debug +++ [Boolean] running = true
debug +++ [int] delay = 120000
debug +++ [int] repeatCount = 0
debug +++ [int] currentCount = 12
debug +++ [Boolean] running = true
debug +++ [int] delay = 120000
debug time 18:33:50.444 :: After HeartBeat Count=13 Result=5
debug time 18:35:49.448 :: Before HeartBeat Count=14 Time=Tue Feb 21 2012 18:35:49 GMT+0100 AccountId=29131007 Session=d23d8841-2785-4b26-9029-fbede03c34d3
debug ++ [int] eventPhase = 2
debug ++ [Boolean] bubbles = false
debug ++ [Boolean] cancelable = false
debug ++ [String] type = timer
debug +++ [int] repeatCount = 0
debug +++ [int] currentCount = 13
debug +++ [Boolean] running = true
debug +++ [int] delay = 120000
debug +++ [int] repeatCount = 0
debug +++ [int] currentCount = 13
debug +++ [Boolean] running = true
debug +++ [int] delay = 120000
debug time 18:35:50.445 :: After HeartBeat Count=14 Result=5
debug time 18:37:49.448 :: Before HeartBeat Count=15 Time=Tue Feb 21 2012 18:37:49 GMT+0100 AccountId=29131007 Session=d23d8841-2785-4b26-9029-fbede03c34d3
debug ++ [int] eventPhase = 2
debug ++ [Boolean] bubbles = false
debug ++ [Boolean] cancelable = false
debug ++ [String] type = timer
debug +++ [int] repeatCount = 0
debug +++ [int] currentCount = 14
debug +++ [Boolean] running = true
debug +++ [int] delay = 120000
debug +++ [int] repeatCount = 0
debug +++ [int] currentCount = 14
debug +++ [Boolean] running = true
debug +++ [int] delay = 120000
debug time 18:37:50.445 :: After HeartBeat Count=15 Result=5
debug time 18:39:49.448 :: Before HeartBeat Count=16 Time=Tue Feb 21 2012 18:39:49 GMT+0100 AccountId=29131007 Session=d23d8841-2785-4b26-9029-fbede03c34d3
debug ++ [int] eventPhase = 2
debug ++ [Boolean] bubbles = false
debug ++ [Boolean] cancelable = false
debug ++ [String] type = timer
debug +++ [int] repeatCount = 0
debug +++ [int] currentCount = 15
debug +++ [Boolean] running = true
debug +++ [int] delay = 120000
debug +++ [int] repeatCount = 0
debug +++ [int] currentCount = 15
debug +++ [Boolean] running = true
debug +++ [int] delay = 120000
debug time 18:39:50.445 :: After HeartBeat Count=16 Result=5
debug time 18:41:49.447 :: Before HeartBeat Count=17 Time=Tue Feb 21 2012 18:41:49 GMT+0100 AccountId=29131007 Session=d23d8841-2785-4b26-9029-fbede03c34d3
debug ++ [int] eventPhase = 2
debug ++ [Boolean] bubbles = false
debug ++ [Boolean] cancelable = false
debug ++ [String] type = timer
debug +++ [int] repeatCount = 0
debug +++ [int] currentCount = 16
debug +++ [Boolean] running = true
debug +++ [int] delay = 120000
debug +++ [int] repeatCount = 0
debug +++ [int] currentCount = 16
debug +++ [Boolean] running = true
debug +++ [int] delay = 120000
debug time 18:41:50.445 :: After HeartBeat Count=17 Result=5
debug time 18:43:49.467 :: Before HeartBeat Count=18 Time=Tue Feb 21 2012 18:43:49 GMT+0100 AccountId=29131007 Session=d23d8841-2785-4b26-9029-fbede03c34d3
debug ++ [int] eventPhase = 2
debug ++ [Boolean] bubbles = false
debug ++ [Boolean] cancelable = false
debug ++ [String] type = timer
debug +++ [int] repeatCount = 0
debug +++ [int] currentCount = 17
debug +++ [Boolean] running = true
debug +++ [int] delay = 120000
debug +++ [int] repeatCount = 0
debug +++ [int] currentCount = 17
debug +++ [Boolean] running = true
debug +++ [int] delay = 120000
debug time 18:43:50.449 :: After HeartBeat Count=18 Result=5
debug time 18:45:50.447 :: Before HeartBeat Count=19 Time=Tue Feb 21 2012 18:45:50 GMT+0100 AccountId=29131007 Session=d23d8841-2785-4b26-9029-fbede03c34d3
debug ++ [int] eventPhase = 2
debug ++ [Boolean] bubbles = false
debug ++ [Boolean] cancelable = false
debug ++ [String] type = timer
debug +++ [int] repeatCount = 0
debug +++ [int] currentCount = 18
debug +++ [Boolean] running = true
debug +++ [int] delay = 120000
debug +++ [int] repeatCount = 0
debug +++ [int] currentCount = 18
debug +++ [Boolean] running = true
debug +++ [int] delay = 120000
debug time 18:45:51.444 :: After HeartBeat Count=19 Result=5
debug time 18:47:50.448 :: Before HeartBeat Count=20 Time=Tue Feb 21 2012 18:47:50 GMT+0100 AccountId=29131007 Session=d23d8841-2785-4b26-9029-fbede03c34d3
debug ++ [int] eventPhase = 2
debug ++ [Boolean] bubbles = false
debug ++ [Boolean] cancelable = false
debug ++ [String] type = timer
debug +++ [int] repeatCount = 0
debug +++ [int] currentCount = 19
debug +++ [Boolean] running = true
debug +++ [int] delay = 120000
debug +++ [int] repeatCount = 0
debug +++ [int] currentCount = 19
debug +++ [Boolean] running = true
debug +++ [int] delay = 120000
debug time 18:47:51.444 :: After HeartBeat Count=20 Result=5
debug time 18:49:50.449 :: Before HeartBeat Count=21 Time=Tue Feb 21 2012 18:49:50 GMT+0100 AccountId=29131007 Session=d23d8841-2785-4b26-9029-fbede03c34d3
debug ++ [int] eventPhase = 2
debug ++ [Boolean] bubbles = false
debug ++ [Boolean] cancelable = false
debug ++ [String] type = timer
debug +++ [int] repeatCount = 0
debug +++ [int] currentCount = 20
debug +++ [Boolean] running = true
debug +++ [int] delay = 120000
debug +++ [int] repeatCount = 0
debug +++ [int] currentCount = 20
debug +++ [Boolean] running = true
debug +++ [int] delay = 120000
debug time 18:49:51.444 :: After HeartBeat Count=21 Result=5
debug time 18:51:51.448 :: Before HeartBeat Count=22 Time=Tue Feb 21 2012 18:51:51 GMT+0100 AccountId=29131007 Session=d23d8841-2785-4b26-9029-fbede03c34d3
debug ++ [int] eventPhase = 2
debug ++ [Boolean] bubbles = false
debug ++ [Boolean] cancelable = false
debug ++ [String] type = timer
debug +++ [int] repeatCount = 0
debug +++ [int] currentCount = 21
debug +++ [Boolean] running = true
debug +++ [int] delay = 120000
debug +++ [int] repeatCount = 0
debug +++ [int] currentCount = 21
debug +++ [Boolean] running = true
debug +++ [int] delay = 120000
debug time 18:51:52.445 :: After HeartBeat Count=22 Result=5
debug time 18:53:33.475 :: Performing heartbeat at Tue Feb 21 2012 18:53:33 GMT+0100
debug time 18:53:51.458 :: Before HeartBeat Count=23 Time=Tue Feb 21 2012 18:53:51 GMT+0100 AccountId=29131007 Session=d23d8841-2785-4b26-9029-fbede03c34d3
debug ++ [int] eventPhase = 2
debug ++ [Boolean] bubbles = false
debug ++ [Boolean] cancelable = false
debug ++ [String] type = timer
debug +++ [int] repeatCount = 0
debug +++ [int] currentCount = 22
debug +++ [Boolean] running = true
debug +++ [int] delay = 120000
debug +++ [int] repeatCount = 0
debug +++ [int] currentCount = 22
debug +++ [Boolean] running = true
debug +++ [int] delay = 120000
debug time 18:53:51.652 :: After HeartBeat Count=23 Result=5
debug time 18:55:51.520 :: Before HeartBeat Count=24 Time=Tue Feb 21 2012 18:55:51 GMT+0100 AccountId=29131007 Session=d23d8841-2785-4b26-9029-fbede03c34d3
debug ++ [int] eventPhase = 2
debug ++ [Boolean] bubbles = false
debug ++ [Boolean] cancelable = false
debug ++ [String] type = timer
debug +++ [int] repeatCount = 0
debug +++ [int] currentCount = 23
debug +++ [Boolean] running = true
debug +++ [int] delay = 120000
debug +++ [int] repeatCount = 0
debug +++ [int] currentCount = 23
debug +++ [Boolean] running = true
debug +++ [int] delay = 120000
debug time 18:55:51.729 :: After HeartBeat Count=24 Result=5
debug time 18:57:52.366 :: Before HeartBeat Count=25 Time=Tue Feb 21 2012 18:57:52 GMT+0100 AccountId=29131007 Session=d23d8841-2785-4b26-9029-fbede03c34d3
debug ++ [int] eventPhase = 2
debug ++ [Boolean] bubbles = false
debug ++ [Boolean] cancelable = false
debug ++ [String] type = timer
debug +++ [int] repeatCount = 0
debug +++ [int] currentCount = 24
debug +++ [Boolean] running = true
debug +++ [int] delay = 120000
debug +++ [int] repeatCount = 0
debug +++ [int] currentCount = 24
debug +++ [Boolean] running = true
debug +++ [int] delay = 120000
debug time 18:57:53.340 :: After HeartBeat Count=25 Result=5
debug time 18:59:53.343 :: Before HeartBeat Count=26 Time=Tue Feb 21 2012 18:59:53 GMT+0100 AccountId=29131007 Session=d23d8841-2785-4b26-9029-fbede03c34d3
debug ++ [int] eventPhase = 2
debug ++ [Boolean] bubbles = false
debug ++ [Boolean] cancelable = false
debug ++ [String] type = timer
debug +++ [int] repeatCount = 0
debug +++ [int] currentCount = 25
debug +++ [Boolean] running = true
debug +++ [int] delay = 120000
debug +++ [int] repeatCount = 0
debug +++ [int] currentCount = 25
debug +++ [Boolean] running = true
debug +++ [int] delay = 120000
debug time 18:59:54.340 :: After HeartBeat Count=26 Result=5
debug time 19:01:53.369 :: Before HeartBeat Count=27 Time=Tue Feb 21 2012 19:01:53 GMT+0100 AccountId=29131007 Session=d23d8841-2785-4b26-9029-fbede03c34d3
debug ++ [int] eventPhase = 2
debug ++ [Boolean] bubbles = false
debug ++ [Boolean] cancelable = false
debug ++ [String] type = timer
debug +++ [int] repeatCount = 0
debug +++ [int] currentCount = 26
debug +++ [Boolean] running = true
debug +++ [int] delay = 120000
debug +++ [int] repeatCount = 0
debug +++ [int] currentCount = 26
debug +++ [Boolean] running = true
debug +++ [int] delay = 120000
debug time 19:01:54.339 :: After HeartBeat Count=27 Result=5
debug time 19:03:54.342 :: Before HeartBeat Count=28 Time=Tue Feb 21 2012 19:03:54 GMT+0100 AccountId=29131007 Session=d23d8841-2785-4b26-9029-fbede03c34d3
debug ++ [int] eventPhase = 2
debug ++ [Boolean] bubbles = false
debug ++ [Boolean] cancelable = false
debug ++ [String] type = timer
debug +++ [int] repeatCount = 0
debug +++ [int] currentCount = 27
debug +++ [Boolean] running = true
debug +++ [int] delay = 120000
debug +++ [int] repeatCount = 0
debug +++ [int] currentCount = 27
debug +++ [Boolean] running = true
debug +++ [int] delay = 120000
debug time 19:03:55.339 :: After HeartBeat Count=28 Result=5
debug time 19:05:54.348 :: Before HeartBeat Count=29 Time=Tue Feb 21 2012 19:05:54 GMT+0100 AccountId=29131007 Session=d23d8841-2785-4b26-9029-fbede03c34d3
debug ++ [int] eventPhase = 2
debug ++ [Boolean] bubbles = false
debug ++ [Boolean] cancelable = false
debug ++ [String] type = timer
debug +++ [int] repeatCount = 0
debug +++ [int] currentCount = 28
debug +++ [Boolean] running = true
debug +++ [int] delay = 120000
debug +++ [int] repeatCount = 0
debug +++ [int] currentCount = 28
debug +++ [Boolean] running = true
debug +++ [int] delay = 120000
debug time 19:05:55.339 :: After HeartBeat Count=29 Result=5
debug time 19:07:55.343 :: Before HeartBeat Count=30 Time=Tue Feb 21 2012 19:07:55 GMT+0100 AccountId=29131007 Session=d23d8841-2785-4b26-9029-fbede03c34d3
debug ++ [int] eventPhase = 2
debug ++ [Boolean] bubbles = false
debug ++ [Boolean] cancelable = false
debug ++ [String] type = timer
debug +++ [int] repeatCount = 0
debug +++ [int] currentCount = 29
debug +++ [Boolean] running = true
debug +++ [int] delay = 120000
debug +++ [int] repeatCount = 0
debug +++ [int] currentCount = 29
debug +++ [Boolean] running = true
debug +++ [int] delay = 120000
debug time 19:07:56.339 :: After HeartBeat Count=30 Result=5
debug time 19:09:55.344 :: Before HeartBeat Count=31 Time=Tue Feb 21 2012 19:09:55 GMT+0100 AccountId=29131007 Session=d23d8841-2785-4b26-9029-fbede03c34d3
debug ++ [int] eventPhase = 2
debug ++ [Boolean] bubbles = false
debug ++ [Boolean] cancelable = false
debug ++ [String] type = timer
debug +++ [int] repeatCount = 0
debug +++ [int] currentCount = 30
debug +++ [Boolean] running = true
debug +++ [int] delay = 120000
debug +++ [int] repeatCount = 0
debug +++ [int] currentCount = 30
debug +++ [Boolean] running = true
debug +++ [int] delay = 120000
debug time 19:09:56.340 :: After HeartBeat Count=31 Result=5
debug time 19:11:55.344 :: Before HeartBeat Count=32 Time=Tue Feb 21 2012 19:11:55 GMT+0100 AccountId=29131007 Session=d23d8841-2785-4b26-9029-fbede03c34d3
debug ++ [int] eventPhase = 2
debug ++ [Boolean] bubbles = false
debug ++ [Boolean] cancelable = false
debug ++ [String] type = timer
debug +++ [int] repeatCount = 0
debug +++ [int] currentCount = 31
debug +++ [Boolean] running = true
debug +++ [int] delay = 120000
debug +++ [int] repeatCount = 0
debug +++ [int] currentCount = 31
debug +++ [Boolean] running = true
debug +++ [int] delay = 120000
debug time 19:11:56.340 :: After HeartBeat Count=32 Result=5
debug time 19:13:55.346 :: Before HeartBeat Count=33 Time=Tue Feb 21 2012 19:13:55 GMT+0100 AccountId=29131007 Session=d23d8841-2785-4b26-9029-fbede03c34d3
debug ++ [int] eventPhase = 2
debug ++ [Boolean] bubbles = false
debug ++ [Boolean] cancelable = false
debug ++ [String] type = timer
debug +++ [int] repeatCount = 0
debug +++ [int] currentCount = 32
debug +++ [Boolean] running = true
debug +++ [int] delay = 120000
debug +++ [int] repeatCount = 0
debug +++ [int] currentCount = 32
debug +++ [Boolean] running = true
debug +++ [int] delay = 120000
debug time 19:13:56.340 :: After HeartBeat Count=33 Result=5
debug time 19:15:56.345 :: Before HeartBeat Count=34 Time=Tue Feb 21 2012 19:15:56 GMT+0100 AccountId=29131007 Session=d23d8841-2785-4b26-9029-fbede03c34d3
debug ++ [int] eventPhase = 2
debug ++ [Boolean] bubbles = false
debug ++ [Boolean] cancelable = false
debug ++ [String] type = timer
debug +++ [int] repeatCount = 0
debug +++ [int] currentCount = 33
debug +++ [Boolean] running = true
debug +++ [int] delay = 120000
debug +++ [int] repeatCount = 0
debug +++ [int] currentCount = 33
debug +++ [Boolean] running = true
debug +++ [int] delay = 120000
debug time 19:15:57.340 :: After HeartBeat Count=34 Result=5
debug time 19:17:56.343 :: Before HeartBeat Count=35 Time=Tue Feb 21 2012 19:17:56 GMT+0100 AccountId=29131007 Session=d23d8841-2785-4b26-9029-fbede03c34d3
debug ++ [int] eventPhase = 2
debug ++ [Boolean] bubbles = false
debug ++ [Boolean] cancelable = false
debug ++ [String] type = timer
debug +++ [int] repeatCount = 0
debug +++ [int] currentCount = 34
debug +++ [Boolean] running = true
debug +++ [int] delay = 120000
debug +++ [int] repeatCount = 0
debug +++ [int] currentCount = 34
debug +++ [Boolean] running = true
debug +++ [int] delay = 120000
debug time 19:17:57.339 :: After HeartBeat Count=35 Result=5
debug time 19:19:56.344 :: Before HeartBeat Count=36 Time=Tue Feb 21 2012 19:19:56 GMT+0100 AccountId=29131007 Session=d23d8841-2785-4b26-9029-fbede03c34d3
debug ++ [int] eventPhase = 2
debug ++ [Boolean] bubbles = false
debug ++ [Boolean] cancelable = false
debug ++ [String] type = timer
debug +++ [int] repeatCount = 0
debug +++ [int] currentCount = 35
debug +++ [Boolean] running = true
debug +++ [int] delay = 120000
debug +++ [int] repeatCount = 0
debug +++ [int] currentCount = 35
debug +++ [Boolean] running = true
debug +++ [int] delay = 120000
debug time 19:19:57.339 :: After HeartBeat Count=36 Result=5
debug time 19:21:56.343 :: Before HeartBeat Count=37 Time=Tue Feb 21 2012 19:21:56 GMT+0100 AccountId=29131007 Session=d23d8841-2785-4b26-9029-fbede03c34d3
debug ++ [int] eventPhase = 2
debug ++ [Boolean] bubbles = false
debug ++ [Boolean] cancelable = false
debug ++ [String] type = timer
debug +++ [int] repeatCount = 0
debug +++ [int] currentCount = 36
debug +++ [Boolean] running = true
debug +++ [int] delay = 120000
debug +++ [int] repeatCount = 0
debug +++ [int] currentCount = 36
debug +++ [Boolean] running = true
debug +++ [int] delay = 120000
debug time 19:21:57.339 :: After HeartBeat Count=37 Result=5
debug time 19:23:56.374 :: Before HeartBeat Count=38 Time=Tue Feb 21 2012 19:23:56 GMT+0100 AccountId=29131007 Session=d23d8841-2785-4b26-9029-fbede03c34d3
debug ++ [int] eventPhase = 2
debug ++ [Boolean] bubbles = false
debug ++ [Boolean] cancelable = false
debug ++ [String] type = timer
debug +++ [int] repeatCount = 0
debug +++ [int] currentCount = 37
debug +++ [Boolean] running = true
debug +++ [int] delay = 120000
debug +++ [int] repeatCount = 0
debug +++ [int] currentCount = 37
debug +++ [Boolean] running = true
debug +++ [int] delay = 120000
debug time 19:23:57.339 :: After HeartBeat Count=38 Result=5
debug time 19:25:57.344 :: Before HeartBeat Count=39 Time=Tue Feb 21 2012 19:25:57 GMT+0100 AccountId=29131007 Session=d23d8841-2785-4b26-9029-fbede03c34d3
debug ++ [int] eventPhase = 2
debug ++ [Boolean] bubbles = false
debug ++ [Boolean] cancelable = false
debug ++ [String] type = timer
debug +++ [int] repeatCount = 0
debug +++ [int] currentCount = 38
debug +++ [Boolean] running = true
debug +++ [int] delay = 120000
debug +++ [int] repeatCount = 0
debug +++ [int] currentCount = 38
debug +++ [Boolean] running = true
debug +++ [int] delay = 120000
debug time 19:25:58.340 :: After HeartBeat Count=39 Result=5
debug time 19:27:57.347 :: Before HeartBeat Count=40 Time=Tue Feb 21 2012 19:27:57 GMT+0100 AccountId=29131007 Session=d23d8841-2785-4b26-9029-fbede03c34d3
debug ++ [int] eventPhase = 2
debug ++ [Boolean] bubbles = false
debug ++ [Boolean] cancelable = false
debug ++ [String] type = timer
debug +++ [int] repeatCount = 0
debug +++ [int] currentCount = 39
debug +++ [Boolean] running = true
debug +++ [int] delay = 120000
debug +++ [int] repeatCount = 0
debug +++ [int] currentCount = 39
debug +++ [Boolean] running = true
debug +++ [int] delay = 120000
debug time 19:27:58.340 :: After HeartBeat Count=40 Result=5
debug time 19:29:58.344 :: Before HeartBeat Count=41 Time=Tue Feb 21 2012 19:29:58 GMT+0100 AccountId=29131007 Session=d23d8841-2785-4b26-9029-fbede03c34d3
debug ++ [int] eventPhase = 2
debug ++ [Boolean] bubbles = false
debug ++ [Boolean] cancelable = false
debug ++ [String] type = timer
debug +++ [int] repeatCount = 0
debug +++ [int] currentCount = 40
debug +++ [Boolean] running = true
debug +++ [int] delay = 120000
debug +++ [int] repeatCount = 0
debug +++ [int] currentCount = 40
debug +++ [Boolean] running = true
debug +++ [int] delay = 120000
debug time 19:29:59.340 :: After HeartBeat Count=41 Result=5
debug time 19:31:58.374 :: Before HeartBeat Count=42 Time=Tue Feb 21 2012 19:31:58 GMT+0100 AccountId=29131007 Session=d23d8841-2785-4b26-9029-fbede03c34d3
debug ++ [int] eventPhase = 2
debug ++ [Boolean] bubbles = false
debug ++ [Boolean] cancelable = false
debug ++ [String] type = timer
debug +++ [int] repeatCount = 0
debug +++ [int] currentCount = 41
debug +++ [Boolean] running = true
debug +++ [int] delay = 120000
debug +++ [int] repeatCount = 0
debug +++ [int] currentCount = 41
debug +++ [Boolean] running = true
debug +++ [int] delay = 120000
debug time 19:31:59.345 :: After HeartBeat Count=42 Result=5
debug time 19:33:59.343 :: Before HeartBeat Count=43 Time=Tue Feb 21 2012 19:33:59 GMT+0100 AccountId=29131007 Session=d23d8841-2785-4b26-9029-fbede03c34d3
debug ++ [int] eventPhase = 2
debug ++ [Boolean] bubbles = false
debug ++ [Boolean] cancelable = false
debug ++ [String] type = timer
debug +++ [int] repeatCount = 0
debug +++ [int] currentCount = 42
debug +++ [Boolean] running = true
debug +++ [int] delay = 120000
debug +++ [int] repeatCount = 0
debug +++ [int] currentCount = 42
debug +++ [Boolean] running = true
debug +++ [int] delay = 120000
debug time 19:34:00.340 :: After HeartBeat Count=43 Result=5
debug time 19:36:00.343 :: Before HeartBeat Count=44 Time=Tue Feb 21 2012 19:36:00 GMT+0100 AccountId=29131007 Session=d23d8841-2785-4b26-9029-fbede03c34d3
debug ++ [int] eventPhase = 2
debug ++ [Boolean] bubbles = false
debug ++ [Boolean] cancelable = false
debug ++ [String] type = timer
debug +++ [int] repeatCount = 0
debug +++ [int] currentCount = 43
debug +++ [Boolean] running = true
debug +++ [int] delay = 120000
debug +++ [int] repeatCount = 0
debug +++ [int] currentCount = 43
debug +++ [Boolean] running = true
debug +++ [int] delay = 120000
debug time 19:36:01.339 :: After HeartBeat Count=44 Result=5
debug time 19:38:00.343 :: Before HeartBeat Count=45 Time=Tue Feb 21 2012 19:38:00 GMT+0100 AccountId=29131007 Session=d23d8841-2785-4b26-9029-fbede03c34d3
debug ++ [int] eventPhase = 2
debug ++ [Boolean] bubbles = false
debug ++ [Boolean] cancelable = false
debug ++ [String] type = timer
debug +++ [int] repeatCount = 0
debug +++ [int] currentCount = 44
debug +++ [Boolean] running = true
debug +++ [int] delay = 120000
debug +++ [int] repeatCount = 0
debug +++ [int] currentCount = 44
debug +++ [Boolean] running = true
debug +++ [int] delay = 120000
debug time 19:38:01.339 :: After HeartBeat Count=45 Result=5
debug time 19:40:00.343 :: Before HeartBeat Count=46 Time=Tue Feb 21 2012 19:40:00 GMT+0100 AccountId=29131007 Session=d23d8841-2785-4b26-9029-fbede03c34d3
debug ++ [int] eventPhase = 2
debug ++ [Boolean] bubbles = false
debug ++ [Boolean] cancelable = false
debug ++ [String] type = timer
debug +++ [int] repeatCount = 0
debug +++ [int] currentCount = 45
debug +++ [Boolean] running = true
debug +++ [int] delay = 120000
debug +++ [int] repeatCount = 0
debug +++ [int] currentCount = 45
debug +++ [Boolean] running = true
debug +++ [int] delay = 120000
debug time 19:40:01.339 :: After HeartBeat Count=46 Result=5
debug time 19:42:00.344 :: Before HeartBeat Count=47 Time=Tue Feb 21 2012 19:42:00 GMT+0100 AccountId=29131007 Session=d23d8841-2785-4b26-9029-fbede03c34d3
debug ++ [int] eventPhase = 2
debug ++ [Boolean] bubbles = false
debug ++ [Boolean] cancelable = false
debug ++ [String] type = timer
debug +++ [int] repeatCount = 0
debug +++ [int] currentCount = 46
debug +++ [Boolean] running = true
debug +++ [int] delay = 120000
debug +++ [int] repeatCount = 0
debug +++ [int] currentCount = 46
debug +++ [Boolean] running = true
debug +++ [int] delay = 120000
debug time 19:42:01.339 :: After HeartBeat Count=47 Result=5
debug time 19:44:01.344 :: Before HeartBeat Count=48 Time=Tue Feb 21 2012 19:44:01 GMT+0100 AccountId=29131007 Session=d23d8841-2785-4b26-9029-fbede03c34d3
debug ++ [int] eventPhase = 2
debug ++ [Boolean] bubbles = false
debug ++ [Boolean] cancelable = false
debug ++ [String] type = timer
debug +++ [int] repeatCount = 0
debug +++ [int] currentCount = 47
debug +++ [Boolean] running = true
debug +++ [int] delay = 120000
debug +++ [int] repeatCount = 0
debug +++ [int] currentCount = 47
debug +++ [Boolean] running = true
debug +++ [int] delay = 120000
debug time 19:44:02.340 :: After HeartBeat Count=48 Result=5
debug time 19:46:01.344 :: Before HeartBeat Count=49 Time=Tue Feb 21 2012 19:46:01 GMT+0100 AccountId=29131007 Session=d23d8841-2785-4b26-9029-fbede03c34d3
debug ++ [int] eventPhase = 2
debug ++ [Boolean] bubbles = false
debug ++ [Boolean] cancelable = false
debug ++ [String] type = timer
debug +++ [int] repeatCount = 0
debug +++ [int] currentCount = 48
debug +++ [Boolean] running = true
debug +++ [int] delay = 120000
debug +++ [int] repeatCount = 0
debug +++ [int] currentCount = 48
debug +++ [Boolean] running = true
debug +++ [int] delay = 120000
debug time 19:46:02.340 :: After HeartBeat Count=49 Result=5
debug time 19:48:01.344 :: Before HeartBeat Count=50 Time=Tue Feb 21 2012 19:48:01 GMT+0100 AccountId=29131007 Session=d23d8841-2785-4b26-9029-fbede03c34d3
debug ++ [int] eventPhase = 2
debug ++ [Boolean] bubbles = false
debug ++ [Boolean] cancelable = false
debug ++ [String] type = timer
debug +++ [int] repeatCount = 0
debug +++ [int] currentCount = 49
debug +++ [Boolean] running = true
debug +++ [int] delay = 120000
debug +++ [int] repeatCount = 0
debug +++ [int] currentCount = 49
debug +++ [Boolean] running = true
debug +++ [int] delay = 120000
debug time 19:48:02.340 :: After HeartBeat Count=50 Result=5
debug time 19:49:25.367 :: Performing heartbeat at Tue Feb 21 2012 19:49:25 GMT+0100
debug time 19:50:01.346 :: Before HeartBeat Count=51 Time=Tue Feb 21 2012 19:50:01 GMT+0100 AccountId=29131007 Session=d23d8841-2785-4b26-9029-fbede03c34d3
debug ++ [int] eventPhase = 2
debug ++ [Boolean] bubbles = false
debug ++ [Boolean] cancelable = false
debug ++ [String] type = timer
debug +++ [int] repeatCount = 0
debug +++ [int] currentCount = 50
debug +++ [Boolean] running = true
debug +++ [int] delay = 120000
debug +++ [int] repeatCount = 0
debug +++ [int] currentCount = 50
debug +++ [Boolean] running = true
debug +++ [int] delay = 120000
debug time 19:50:01.540 :: After HeartBeat Count=51 Result=5
debug time 19:52:01.915 :: Before HeartBeat Count=52 Time=Tue Feb 21 2012 19:52:01 GMT+0100 AccountId=29131007 Session=d23d8841-2785-4b26-9029-fbede03c34d3
debug ++ [int] eventPhase = 2
debug ++ [Boolean] bubbles = false
debug ++ [Boolean] cancelable = false
debug ++ [String] type = timer
debug +++ [int] repeatCount = 0
debug +++ [int] currentCount = 51
debug +++ [Boolean] running = true
debug +++ [int] delay = 120000
debug +++ [int] repeatCount = 0
debug +++ [int] currentCount = 51
debug +++ [Boolean] running = true
debug +++ [int] delay = 120000
debug time 19:52:02.906 :: After HeartBeat Count=52 Result=5
debug time 19:54:02.911 :: Before HeartBeat Count=53 Time=Tue Feb 21 2012 19:54:02 GMT+0100 AccountId=29131007 Session=d23d8841-2785-4b26-9029-fbede03c34d3
debug ++ [int] eventPhase = 2
debug ++ [Boolean] bubbles = false
debug ++ [Boolean] cancelable = false
debug ++ [String] type = timer
debug +++ [int] repeatCount = 0
debug +++ [int] currentCount = 52
debug +++ [Boolean] running = true
debug +++ [int] delay = 120000
debug +++ [int] repeatCount = 0
debug +++ [int] currentCount = 52
debug +++ [Boolean] running = true
debug +++ [int] delay = 120000
debug time 19:54:03.906 :: After HeartBeat Count=53 Result=5
debug time 19:56:02.913 :: Before HeartBeat Count=54 Time=Tue Feb 21 2012 19:56:02 GMT+0100 AccountId=29131007 Session=d23d8841-2785-4b26-9029-fbede03c34d3
debug ++ [int] eventPhase = 2
debug ++ [Boolean] bubbles = false
debug ++ [Boolean] cancelable = false
debug ++ [String] type = timer
debug +++ [int] repeatCount = 0
debug +++ [int] currentCount = 53
debug +++ [Boolean] running = true
debug +++ [int] delay = 120000
debug +++ [int] repeatCount = 0
debug +++ [int] currentCount = 53
debug +++ [Boolean] running = true
debug +++ [int] delay = 120000
debug time 19:56:03.906 :: After HeartBeat Count=54 Result=5
debug time 19:58:02.913 :: Before HeartBeat Count=55 Time=Tue Feb 21 2012 19:58:02 GMT+0100 AccountId=29131007 Session=d23d8841-2785-4b26-9029-fbede03c34d3
debug ++ [int] eventPhase = 2
debug ++ [Boolean] bubbles = false
debug ++ [Boolean] cancelable = false
debug ++ [String] type = timer
debug +++ [int] repeatCount = 0
debug +++ [int] currentCount = 54
debug +++ [Boolean] running = true
debug +++ [int] delay = 120000
debug +++ [int] repeatCount = 0
debug +++ [int] currentCount = 54
debug +++ [Boolean] running = true
debug +++ [int] delay = 120000
debug time 19:58:03.906 :: After HeartBeat Count=55 Result=5
debug time 20:00:03.916 :: Before HeartBeat Count=56 Time=Tue Feb 21 2012 20:00:03 GMT+0100 AccountId=29131007 Session=d23d8841-2785-4b26-9029-fbede03c34d3
debug ++ [int] eventPhase = 2
debug ++ [Boolean] bubbles = false
debug ++ [Boolean] cancelable = false
debug ++ [String] type = timer
debug +++ [int] repeatCount = 0
debug +++ [int] currentCount = 55
debug +++ [Boolean] running = true
debug +++ [int] delay = 120000
debug +++ [int] repeatCount = 0
debug +++ [int] currentCount = 55
debug +++ [Boolean] running = true
debug +++ [int] delay = 120000
debug time 20:00:04.906 :: After HeartBeat Count=56 Result=5
debug time 20:02:04.916 :: Before HeartBeat Count=57 Time=Tue Feb 21 2012 20:02:04 GMT+0100 AccountId=29131007 Session=d23d8841-2785-4b26-9029-fbede03c34d3
debug ++ [int] eventPhase = 2
debug ++ [Boolean] bubbles = false
debug ++ [Boolean] cancelable = false
debug ++ [String] type = timer
debug +++ [int] repeatCount = 0
debug +++ [int] currentCount = 56
debug +++ [Boolean] running = true
debug +++ [int] delay = 120000
debug +++ [int] repeatCount = 0
debug +++ [int] currentCount = 56
debug +++ [Boolean] running = true
debug +++ [int] delay = 120000
debug time 20:02:05.907 :: After HeartBeat Count=57 Result=5
debug time 20:04:04.942 :: Before HeartBeat Count=58 Time=Tue Feb 21 2012 20:04:04 GMT+0100 AccountId=29131007 Session=d23d8841-2785-4b26-9029-fbede03c34d3
debug ++ [int] eventPhase = 2
debug ++ [Boolean] bubbles = false
debug ++ [Boolean] cancelable = false
debug ++ [String] type = timer
debug +++ [int] repeatCount = 0
debug +++ [int] currentCount = 57
debug +++ [Boolean] running = true
debug +++ [int] delay = 120000
debug +++ [int] repeatCount = 0
debug +++ [int] currentCount = 57
debug +++ [Boolean] running = true
debug +++ [int] delay = 120000
debug time 20:04:05.912 :: After HeartBeat Count=58 Result=5
debug time 20:06:05.911 :: Before HeartBeat Count=59 Time=Tue Feb 21 2012 20:06:05 GMT+0100 AccountId=29131007 Session=d23d8841-2785-4b26-9029-fbede03c34d3
debug ++ [int] eventPhase = 2
debug ++ [Boolean] bubbles = false
debug ++ [Boolean] cancelable = false
debug ++ [String] type = timer
debug +++ [int] repeatCount = 0
debug +++ [int] currentCount = 58
debug +++ [Boolean] running = true
debug +++ [int] delay = 120000
debug +++ [int] repeatCount = 0
debug +++ [int] currentCount = 58
debug +++ [Boolean] running = true
debug +++ [int] delay = 120000
debug time 20:06:06.907 :: After HeartBeat Count=59 Result=5
debug time 20:08:05.912 :: Before HeartBeat Count=60 Time=Tue Feb 21 2012 20:08:05 GMT+0100 AccountId=29131007 Session=d23d8841-2785-4b26-9029-fbede03c34d3
debug ++ [int] eventPhase = 2
debug ++ [Boolean] bubbles = false
debug ++ [Boolean] cancelable = false
debug ++ [String] type = timer
debug +++ [int] repeatCount = 0
debug +++ [int] currentCount = 59
debug +++ [Boolean] running = true
debug +++ [int] delay = 120000
debug +++ [int] repeatCount = 0
debug +++ [int] currentCount = 59
debug +++ [Boolean] running = true
debug +++ [int] delay = 120000
debug time 20:08:06.907 :: After HeartBeat Count=60 Result=5
debug time 20:10:06.910 :: Before HeartBeat Count=61 Time=Tue Feb 21 2012 20:10:06 GMT+0100 AccountId=29131007 Session=d23d8841-2785-4b26-9029-fbede03c34d3
debug ++ [int] eventPhase = 2
debug ++ [Boolean] bubbles = false
debug ++ [Boolean] cancelable = false
debug ++ [String] type = timer
debug +++ [int] repeatCount = 0
debug +++ [int] currentCount = 60
debug +++ [Boolean] running = true
debug +++ [int] delay = 120000
debug +++ [int] repeatCount = 0
debug +++ [int] currentCount = 60
debug +++ [Boolean] running = true
debug +++ [int] delay = 120000
debug time 20:10:07.907 :: After HeartBeat Count=61 Result=5
debug time 20:12:06.911 :: Before HeartBeat Count=62 Time=Tue Feb 21 2012 20:12:06 GMT+0100 AccountId=29131007 Session=d23d8841-2785-4b26-9029-fbede03c34d3
debug ++ [int] eventPhase = 2
debug ++ [Boolean] bubbles = false
debug ++ [Boolean] cancelable = false
debug ++ [String] type = timer
debug +++ [int] repeatCount = 0
debug +++ [int] currentCount = 61
debug +++ [Boolean] running = true
debug +++ [int] delay = 120000
debug +++ [int] repeatCount = 0
debug +++ [int] currentCount = 61
debug +++ [Boolean] running = true
debug +++ [int] delay = 120000
debug time 20:12:07.906 :: After HeartBeat Count=62 Result=5
debug time 20:14:07.910 :: Before HeartBeat Count=63 Time=Tue Feb 21 2012 20:14:07 GMT+0100 AccountId=29131007 Session=d23d8841-2785-4b26-9029-fbede03c34d3
debug ++ [int] eventPhase = 2
debug ++ [Boolean] bubbles = false
debug ++ [Boolean] cancelable = false
debug ++ [String] type = timer
debug +++ [int] repeatCount = 0
debug +++ [int] currentCount = 62
debug +++ [Boolean] running = true
debug +++ [int] delay = 120000
debug +++ [int] repeatCount = 0
debug +++ [int] currentCount = 62
debug +++ [Boolean] running = true
debug +++ [int] delay = 120000
debug time 20:14:08.906 :: After HeartBeat Count=63 Result=5
debug time 20:16:07.915 :: Before HeartBeat Count=64 Time=Tue Feb 21 2012 20:16:07 GMT+0100 AccountId=29131007 Session=d23d8841-2785-4b26-9029-fbede03c34d3
debug ++ [int] eventPhase = 2
debug ++ [Boolean] bubbles = false
debug ++ [Boolean] cancelable = false
debug ++ [String] type = timer
debug +++ [int] repeatCount = 0
debug +++ [int] currentCount = 63
debug +++ [Boolean] running = true
debug +++ [int] delay = 120000
debug +++ [int] repeatCount = 0
debug +++ [int] currentCount = 63
debug +++ [Boolean] running = true
debug +++ [int] delay = 120000
debug time 20:16:08.906 :: After HeartBeat Count=64 Result=5
debug time 20:18:07.916 :: Before HeartBeat Count=65 Time=Tue Feb 21 2012 20:18:07 GMT+0100 AccountId=29131007 Session=d23d8841-2785-4b26-9029-fbede03c34d3
debug ++ [int] eventPhase = 2
debug ++ [Boolean] bubbles = false
debug ++ [Boolean] cancelable = false
debug ++ [String] type = timer
debug +++ [int] repeatCount = 0
debug +++ [int] currentCount = 64
debug +++ [Boolean] running = true
debug +++ [int] delay = 120000
debug +++ [int] repeatCount = 0
debug +++ [int] currentCount = 64
debug +++ [Boolean] running = true
debug +++ [int] delay = 120000
debug time 20:18:08.906 :: After HeartBeat Count=65 Result=5
debug time 20:20:08.911 :: Before HeartBeat Count=66 Time=Tue Feb 21 2012 20:20:08 GMT+0100 AccountId=29131007 Session=d23d8841-2785-4b26-9029-fbede03c34d3
debug ++ [int] eventPhase = 2
debug ++ [Boolean] bubbles = false
debug ++ [Boolean] cancelable = false
debug ++ [String] type = timer
debug +++ [int] repeatCount = 0
debug +++ [int] currentCount = 65
debug +++ [Boolean] running = true
debug +++ [int] delay = 120000
debug +++ [int] repeatCount = 0
debug +++ [int] currentCount = 65
debug +++ [Boolean] running = true
debug +++ [int] delay = 120000
debug time 20:20:09.907 :: After HeartBeat Count=66 Result=5
debug time 20:22:08.912 :: Before HeartBeat Count=67 Time=Tue Feb 21 2012 20:22:08 GMT+0100 AccountId=29131007 Session=d23d8841-2785-4b26-9029-fbede03c34d3
debug ++ [int] eventPhase = 2
debug ++ [Boolean] bubbles = false
debug ++ [Boolean] cancelable = false
debug ++ [String] type = timer
debug +++ [int] repeatCount = 0
debug +++ [int] currentCount = 66
debug +++ [Boolean] running = true
debug +++ [int] delay = 120000
debug +++ [int] repeatCount = 0
debug +++ [int] currentCount = 66
debug +++ [Boolean] running = true
debug +++ [int] delay = 120000
debug time 20:22:09.928 :: After HeartBeat Count=67 Result=5
debug time 20:24:09.911 :: Before HeartBeat Count=68 Time=Tue Feb 21 2012 20:24:09 GMT+0100 AccountId=29131007 Session=d23d8841-2785-4b26-9029-fbede03c34d3
debug ++ [int] eventPhase = 2
debug ++ [Boolean] bubbles = false
debug ++ [Boolean] cancelable = false
debug ++ [String] type = timer
debug +++ [int] repeatCount = 0
debug +++ [int] currentCount = 67
debug +++ [Boolean] running = true
debug +++ [int] delay = 120000
debug +++ [int] repeatCount = 0
debug +++ [int] currentCount = 67
debug +++ [Boolean] running = true
debug +++ [int] delay = 120000
debug time 20:24:10.907 :: After HeartBeat Count=68 Result=5
debug time 20:26:09.911 :: Before HeartBeat Count=69 Time=Tue Feb 21 2012 20:26:09 GMT+0100 AccountId=29131007 Session=d23d8841-2785-4b26-9029-fbede03c34d3
debug ++ [int] eventPhase = 2
debug ++ [Boolean] bubbles = false
debug ++ [Boolean] cancelable = false
debug ++ [String] type = timer
debug +++ [int] repeatCount = 0
debug +++ [int] currentCount = 68
debug +++ [Boolean] running = true
debug +++ [int] delay = 120000
debug +++ [int] repeatCount = 0
debug +++ [int] currentCount = 68
debug +++ [Boolean] running = true
debug +++ [int] delay = 120000
debug time 20:26:10.907 :: After HeartBeat Count=69 Result=5
debug time 20:28:09.910 :: Before HeartBeat Count=70 Time=Tue Feb 21 2012 20:28:09 GMT+0100 AccountId=29131007 Session=d23d8841-2785-4b26-9029-fbede03c34d3
debug ++ [int] eventPhase = 2
debug ++ [Boolean] bubbles = false
debug ++ [Boolean] cancelable = false
debug ++ [String] type = timer
debug +++ [int] repeatCount = 0
debug +++ [int] currentCount = 69
debug +++ [Boolean] running = true
debug +++ [int] delay = 120000
debug +++ [int] repeatCount = 0
debug +++ [int] currentCount = 69
debug +++ [Boolean] running = true
debug +++ [int] delay = 120000
debug time 20:28:10.906 :: After HeartBeat Count=70 Result=5
debug time 20:30:09.910 :: Before HeartBeat Count=71 Time=Tue Feb 21 2012 20:30:09 GMT+0100 AccountId=29131007 Session=d23d8841-2785-4b26-9029-fbede03c34d3
debug ++ [int] eventPhase = 2
debug ++ [Boolean] bubbles = false
debug ++ [Boolean] cancelable = false
debug ++ [String] type = timer
debug +++ [int] repeatCount = 0
debug +++ [int] currentCount = 70
debug +++ [Boolean] running = true
debug +++ [int] delay = 120000
debug +++ [int] repeatCount = 0
debug +++ [int] currentCount = 70
debug +++ [Boolean] running = true
debug +++ [int] delay = 120000
debug time 20:30:10.906 :: After HeartBeat Count=71 Result=5
debug time 20:32:09.911 :: Before HeartBeat Count=72 Time=Tue Feb 21 2012 20:32:09 GMT+0100 AccountId=29131007 Session=d23d8841-2785-4b26-9029-fbede03c34d3
debug ++ [int] eventPhase = 2
debug ++ [Boolean] bubbles = false
debug ++ [Boolean] cancelable = false
debug ++ [String] type = timer
debug +++ [int] repeatCount = 0
debug +++ [int] currentCount = 71
debug +++ [Boolean] running = true
debug +++ [int] delay = 120000
debug +++ [int] repeatCount = 0
debug +++ [int] currentCount = 71
debug +++ [Boolean] running = true
debug +++ [int] delay = 120000
debug time 20:32:10.906 :: After HeartBeat Count=72 Result=5
debug time 20:34:09.911 :: Before HeartBeat Count=73 Time=Tue Feb 21 2012 20:34:09 GMT+0100 AccountId=29131007 Session=d23d8841-2785-4b26-9029-fbede03c34d3
debug ++ [int] eventPhase = 2
debug ++ [Boolean] bubbles = false
debug ++ [Boolean] cancelable = false
debug ++ [String] type = timer
debug +++ [int] repeatCount = 0
debug +++ [int] currentCount = 72
debug +++ [Boolean] running = true
debug +++ [int] delay = 120000
debug +++ [int] repeatCount = 0
debug +++ [int] currentCount = 72
debug +++ [Boolean] running = true
debug +++ [int] delay = 120000
debug time 20:34:10.906 :: After HeartBeat Count=73 Result=5
debug time 20:36:09.942 :: Before HeartBeat Count=74 Time=Tue Feb 21 2012 20:36:09 GMT+0100 AccountId=29131007 Session=d23d8841-2785-4b26-9029-fbede03c34d3
debug ++ [int] eventPhase = 2
debug ++ [Boolean] bubbles = false
debug ++ [Boolean] cancelable = false
debug ++ [String] type = timer
debug +++ [int] repeatCount = 0
debug +++ [int] currentCount = 73
debug +++ [Boolean] running = true
debug +++ [int] delay = 120000
debug +++ [int] repeatCount = 0
debug +++ [int] currentCount = 73
debug +++ [Boolean] running = true
debug +++ [int] delay = 120000
debug time 20:36:10.912 :: After HeartBeat Count=74 Result=5
debug time 20:38:10.911 :: Before HeartBeat Count=75 Time=Tue Feb 21 2012 20:38:10 GMT+0100 AccountId=29131007 Session=d23d8841-2785-4b26-9029-fbede03c34d3
debug ++ [int] eventPhase = 2
debug ++ [Boolean] bubbles = false
debug ++ [Boolean] cancelable = false
debug ++ [String] type = timer
debug +++ [int] repeatCount = 0
debug +++ [int] currentCount = 74
debug +++ [Boolean] running = true
debug +++ [int] delay = 120000
debug +++ [int] repeatCount = 0
debug +++ [int] currentCount = 74
debug +++ [Boolean] running = true
debug +++ [int] delay = 120000
debug time 20:38:11.907 :: After HeartBeat Count=75 Result=5
debug time 20:40:10.934 :: Before HeartBeat Count=76 Time=Tue Feb 21 2012 20:40:10 GMT+0100 AccountId=29131007 Session=d23d8841-2785-4b26-9029-fbede03c34d3
debug ++ [int] eventPhase = 2
debug ++ [Boolean] bubbles = false
debug ++ [Boolean] cancelable = false
debug ++ [String] type = timer
debug +++ [int] repeatCount = 0
debug +++ [int] currentCount = 75
debug +++ [Boolean] running = true
debug +++ [int] delay = 120000
debug +++ [int] repeatCount = 0
debug +++ [int] currentCount = 75
debug +++ [Boolean] running = true
debug +++ [int] delay = 120000
debug time 20:40:11.907 :: After HeartBeat Count=76 Result=5
debug time 20:40:42.110 :: Performing heartbeat at Tue Feb 21 2012 20:40:42 GMT+0100
