debug time 19:43:02.573 :: Before HeartBeat Count=1 Time=Mon Sep 19 2011 19:43:02 GMT+0200 AccountId=28699575 Session=0aaefb77-25fa-46b8-91f3-47fec83a2860
STOP LOGGING: More than 0 nested objects or properties. 
debug time 19:43:03.433 :: After HeartBeat Count=1 Result=5
debug time 19:46:02.580 :: Before HeartBeat Count=2 Time=Mon Sep 19 2011 19:46:02 GMT+0200 AccountId=28699575 Session=0aaefb77-25fa-46b8-91f3-47fec83a2860
debug ++ [int] eventPhase = 2
debug ++ [Boolean] bubbles = false
debug ++ [Boolean] cancelable = false
debug ++ [String] type = timer
debug +++ [int] repeatCount = 0
debug +++ [int] currentCount = 1
debug +++ [Boolean] running = true
debug +++ [int] delay = 180000
debug +++ [int] repeatCount = 0
debug +++ [int] currentCount = 1
debug +++ [Boolean] running = true
debug +++ [int] delay = 180000
debug time 19:46:02.791 :: After HeartBeat Count=2 Result=5
debug time 19:49:02.581 :: Before HeartBeat Count=3 Time=Mon Sep 19 2011 19:49:02 GMT+0200 AccountId=28699575 Session=0aaefb77-25fa-46b8-91f3-47fec83a2860
debug ++ [int] eventPhase = 2
debug ++ [Boolean] bubbles = false
debug ++ [Boolean] cancelable = false
debug ++ [String] type = timer
debug +++ [int] repeatCount = 0
debug +++ [int] currentCount = 2
debug +++ [Boolean] running = true
debug +++ [int] delay = 180000
debug +++ [int] repeatCount = 0
debug +++ [int] currentCount = 2
debug +++ [Boolean] running = true
debug +++ [int] delay = 180000
debug time 19:49:02.786 :: After HeartBeat Count=3 Result=5
debug time 19:52:02.581 :: Before HeartBeat Count=4 Time=Mon Sep 19 2011 19:52:02 GMT+0200 AccountId=28699575 Session=0aaefb77-25fa-46b8-91f3-47fec83a2860
debug ++ [int] eventPhase = 2
debug ++ [Boolean] bubbles = false
debug ++ [Boolean] cancelable = false
debug ++ [String] type = timer
debug +++ [int] repeatCount = 0
debug +++ [int] currentCount = 3
debug +++ [Boolean] running = true
debug +++ [int] delay = 180000
debug +++ [int] repeatCount = 0
debug +++ [int] currentCount = 3
debug +++ [Boolean] running = true
debug +++ [int] delay = 180000
debug time 19:52:02.786 :: After HeartBeat Count=4 Result=5
debug time 19:55:02.581 :: Before HeartBeat Count=5 Time=Mon Sep 19 2011 19:55:02 GMT+0200 AccountId=28699575 Session=0aaefb77-25fa-46b8-91f3-47fec83a2860
debug ++ [int] eventPhase = 2
debug ++ [Boolean] bubbles = false
debug ++ [Boolean] cancelable = false
debug ++ [String] type = timer
debug +++ [int] repeatCount = 0
debug +++ [int] currentCount = 4
debug +++ [Boolean] running = true
debug +++ [int] delay = 180000
debug +++ [int] repeatCount = 0
debug +++ [int] currentCount = 4
debug +++ [Boolean] running = true
debug +++ [int] delay = 180000
debug time 19:55:02.786 :: After HeartBeat Count=5 Result=5
debug time 19:58:02.581 :: Before HeartBeat Count=6 Time=Mon Sep 19 2011 19:58:02 GMT+0200 AccountId=28699575 Session=0aaefb77-25fa-46b8-91f3-47fec83a2860
debug ++ [int] eventPhase = 2
debug ++ [Boolean] bubbles = false
debug ++ [Boolean] cancelable = false
debug ++ [String] type = timer
debug +++ [int] repeatCount = 0
debug +++ [int] currentCount = 5
debug +++ [Boolean] running = true
debug +++ [int] delay = 180000
debug +++ [int] repeatCount = 0
debug +++ [int] currentCount = 5
debug +++ [Boolean] running = true
debug +++ [int] delay = 180000
debug time 19:58:02.786 :: After HeartBeat Count=6 Result=5
debug time 20:01:02.591 :: Before HeartBeat Count=7 Time=Mon Sep 19 2011 20:01:02 GMT+0200 AccountId=28699575 Session=0aaefb77-25fa-46b8-91f3-47fec83a2860
debug ++ [int] eventPhase = 2
debug ++ [Boolean] bubbles = false
debug ++ [Boolean] cancelable = false
debug ++ [String] type = timer
debug +++ [int] repeatCount = 0
debug +++ [int] currentCount = 6
debug +++ [Boolean] running = true
debug +++ [int] delay = 180000
debug +++ [int] repeatCount = 0
debug +++ [int] currentCount = 6
debug +++ [Boolean] running = true
debug +++ [int] delay = 180000
debug time 20:01:02.791 :: After HeartBeat Count=7 Result=5
debug time 20:04:02.623 :: Before HeartBeat Count=8 Time=Mon Sep 19 2011 20:04:02 GMT+0200 AccountId=28699575 Session=0aaefb77-25fa-46b8-91f3-47fec83a2860
debug ++ [int] eventPhase = 2
debug ++ [Boolean] bubbles = false
debug ++ [Boolean] cancelable = false
debug ++ [String] type = timer
debug +++ [int] repeatCount = 0
debug +++ [int] currentCount = 7
debug +++ [Boolean] running = true
debug +++ [int] delay = 180000
debug +++ [int] repeatCount = 0
debug +++ [int] currentCount = 7
debug +++ [Boolean] running = true
debug +++ [int] delay = 180000
debug time 20:04:02.828 :: After HeartBeat Count=8 Result=5
debug time 20:07:02.624 :: Before HeartBeat Count=9 Time=Mon Sep 19 2011 20:07:02 GMT+0200 AccountId=28699575 Session=0aaefb77-25fa-46b8-91f3-47fec83a2860
debug ++ [int] eventPhase = 2
debug ++ [Boolean] bubbles = false
debug ++ [Boolean] cancelable = false
debug ++ [String] type = timer
debug +++ [int] repeatCount = 0
debug +++ [int] currentCount = 8
debug +++ [Boolean] running = true
debug +++ [int] delay = 180000
debug +++ [int] repeatCount = 0
debug +++ [int] currentCount = 8
debug +++ [Boolean] running = true
debug +++ [int] delay = 180000
debug time 20:07:02.828 :: After HeartBeat Count=9 Result=5
debug time 20:07:51.108 :: Performing heartbeat at Mon Sep 19 2011 20:07:51 GMT+0200
debug time 20:10:02.640 :: Before HeartBeat Count=10 Time=Mon Sep 19 2011 20:10:02 GMT+0200 AccountId=28699575 Session=0aaefb77-25fa-46b8-91f3-47fec83a2860
debug ++ [int] eventPhase = 2
debug ++ [Boolean] bubbles = false
debug ++ [Boolean] cancelable = false
debug ++ [String] type = timer
debug +++ [int] repeatCount = 0
debug +++ [int] currentCount = 9
debug +++ [Boolean] running = true
debug +++ [int] delay = 180000
debug +++ [int] repeatCount = 0
debug +++ [int] currentCount = 9
debug +++ [Boolean] running = true
debug +++ [int] delay = 180000
debug time 20:10:02.847 :: After HeartBeat Count=10 Result=5
debug time 20:13:02.653 :: Before HeartBeat Count=11 Time=Mon Sep 19 2011 20:13:02 GMT+0200 AccountId=28699575 Session=0aaefb77-25fa-46b8-91f3-47fec83a2860
debug ++ [int] eventPhase = 2
debug ++ [Boolean] bubbles = false
debug ++ [Boolean] cancelable = false
debug ++ [String] type = timer
debug +++ [int] repeatCount = 0
debug +++ [int] currentCount = 10
debug +++ [Boolean] running = true
debug +++ [int] delay = 180000
debug +++ [int] repeatCount = 0
debug +++ [int] currentCount = 10
debug +++ [Boolean] running = true
debug +++ [int] delay = 180000
debug time 20:13:02.858 :: After HeartBeat Count=11 Result=5
debug time 20:16:02.694 :: Before HeartBeat Count=12 Time=Mon Sep 19 2011 20:16:02 GMT+0200 AccountId=28699575 Session=0aaefb77-25fa-46b8-91f3-47fec83a2860
debug ++ [int] eventPhase = 2
debug ++ [Boolean] bubbles = false
debug ++ [Boolean] cancelable = false
debug ++ [String] type = timer
debug +++ [int] repeatCount = 0
debug +++ [int] currentCount = 11
debug +++ [Boolean] running = true
debug +++ [int] delay = 180000
debug +++ [int] repeatCount = 0
debug +++ [int] currentCount = 11
debug +++ [Boolean] running = true
debug +++ [int] delay = 180000
debug time 20:16:02.904 :: After HeartBeat Count=12 Result=5
debug time 20:19:02.695 :: Before HeartBeat Count=13 Time=Mon Sep 19 2011 20:19:02 GMT+0200 AccountId=28699575 Session=0aaefb77-25fa-46b8-91f3-47fec83a2860
debug ++ [int] eventPhase = 2
debug ++ [Boolean] bubbles = false
debug ++ [Boolean] cancelable = false
debug ++ [String] type = timer
debug +++ [int] repeatCount = 0
debug +++ [int] currentCount = 12
debug +++ [Boolean] running = true
debug +++ [int] delay = 180000
debug +++ [int] repeatCount = 0
debug +++ [int] currentCount = 12
debug +++ [Boolean] running = true
debug +++ [int] delay = 180000
debug time 20:19:02.899 :: After HeartBeat Count=13 Result=5
debug time 20:22:02.736 :: Before HeartBeat Count=14 Time=Mon Sep 19 2011 20:22:02 GMT+0200 AccountId=28699575 Session=0aaefb77-25fa-46b8-91f3-47fec83a2860
debug ++ [int] eventPhase = 2
debug ++ [Boolean] bubbles = false
debug ++ [Boolean] cancelable = false
debug ++ [String] type = timer
debug +++ [int] repeatCount = 0
debug +++ [int] currentCount = 13
debug +++ [Boolean] running = true
debug +++ [int] delay = 180000
debug +++ [int] repeatCount = 0
debug +++ [int] currentCount = 13
debug +++ [Boolean] running = true
debug +++ [int] delay = 180000
debug time 20:22:02.941 :: After HeartBeat Count=14 Result=5
debug time 20:25:02.752 :: Before HeartBeat Count=15 Time=Mon Sep 19 2011 20:25:02 GMT+0200 AccountId=28699575 Session=0aaefb77-25fa-46b8-91f3-47fec83a2860
debug ++ [int] eventPhase = 2
debug ++ [Boolean] bubbles = false
debug ++ [Boolean] cancelable = false
debug ++ [String] type = timer
debug +++ [int] repeatCount = 0
debug +++ [int] currentCount = 14
debug +++ [Boolean] running = true
debug +++ [int] delay = 180000
debug +++ [int] repeatCount = 0
debug +++ [int] currentCount = 14
debug +++ [Boolean] running = true
debug +++ [int] delay = 180000
debug time 20:25:02.988 :: After HeartBeat Count=15 Result=5
debug time 20:28:02.752 :: Before HeartBeat Count=16 Time=Mon Sep 19 2011 20:28:02 GMT+0200 AccountId=28699575 Session=0aaefb77-25fa-46b8-91f3-47fec83a2860
debug ++ [int] eventPhase = 2
debug ++ [Boolean] bubbles = false
debug ++ [Boolean] cancelable = false
debug ++ [String] type = timer
debug +++ [int] repeatCount = 0
debug +++ [int] currentCount = 15
debug +++ [Boolean] running = true
debug +++ [int] delay = 180000
debug +++ [int] repeatCount = 0
debug +++ [int] currentCount = 15
debug +++ [Boolean] running = true
debug +++ [int] delay = 180000
debug time 20:28:02.983 :: After HeartBeat Count=16 Result=5
debug time 20:31:02.778 :: Before HeartBeat Count=17 Time=Mon Sep 19 2011 20:31:02 GMT+0200 AccountId=28699575 Session=0aaefb77-25fa-46b8-91f3-47fec83a2860
debug ++ [int] eventPhase = 2
debug ++ [Boolean] bubbles = false
debug ++ [Boolean] cancelable = false
debug ++ [String] type = timer
debug +++ [int] repeatCount = 0
debug +++ [int] currentCount = 16
debug +++ [Boolean] running = true
debug +++ [int] delay = 180000
debug +++ [int] repeatCount = 0
debug +++ [int] currentCount = 16
debug +++ [Boolean] running = true
debug +++ [int] delay = 180000
debug time 20:31:02.983 :: After HeartBeat Count=17 Result=5
debug time 20:34:02.778 :: Before HeartBeat Count=18 Time=Mon Sep 19 2011 20:34:02 GMT+0200 AccountId=28699575 Session=0aaefb77-25fa-46b8-91f3-47fec83a2860
debug ++ [int] eventPhase = 2
debug ++ [Boolean] bubbles = false
debug ++ [Boolean] cancelable = false
debug ++ [String] type = timer
debug +++ [int] repeatCount = 0
debug +++ [int] currentCount = 17
debug +++ [Boolean] running = true
debug +++ [int] delay = 180000
debug +++ [int] repeatCount = 0
debug +++ [int] currentCount = 17
debug +++ [Boolean] running = true
debug +++ [int] delay = 180000
debug time 20:34:02.983 :: After HeartBeat Count=18 Result=5
debug time 20:37:02.778 :: Before HeartBeat Count=19 Time=Mon Sep 19 2011 20:37:02 GMT+0200 AccountId=28699575 Session=0aaefb77-25fa-46b8-91f3-47fec83a2860
debug ++ [int] eventPhase = 2
debug ++ [Boolean] bubbles = false
debug ++ [Boolean] cancelable = false
debug ++ [String] type = timer
debug +++ [int] repeatCount = 0
debug +++ [int] currentCount = 18
debug +++ [Boolean] running = true
debug +++ [int] delay = 180000
debug +++ [int] repeatCount = 0
debug +++ [int] currentCount = 18
debug +++ [Boolean] running = true
debug +++ [int] delay = 180000
debug time 20:37:02.983 :: After HeartBeat Count=19 Result=5
debug time 20:40:02.798 :: Before HeartBeat Count=20 Time=Mon Sep 19 2011 20:40:02 GMT+0200 AccountId=28699575 Session=0aaefb77-25fa-46b8-91f3-47fec83a2860
debug ++ [int] eventPhase = 2
debug ++ [Boolean] bubbles = false
debug ++ [Boolean] cancelable = false
debug ++ [String] type = timer
debug +++ [int] repeatCount = 0
debug +++ [int] currentCount = 19
debug +++ [Boolean] running = true
debug +++ [int] delay = 180000
debug +++ [int] repeatCount = 0
debug +++ [int] currentCount = 19
debug +++ [Boolean] running = true
debug +++ [int] delay = 180000
debug time 20:40:03.24 :: After HeartBeat Count=20 Result=5
debug time 20:43:02.819 :: Before HeartBeat Count=21 Time=Mon Sep 19 2011 20:43:02 GMT+0200 AccountId=28699575 Session=0aaefb77-25fa-46b8-91f3-47fec83a2860
debug ++ [int] eventPhase = 2
debug ++ [Boolean] bubbles = false
debug ++ [Boolean] cancelable = false
debug ++ [String] type = timer
debug +++ [int] repeatCount = 0
debug +++ [int] currentCount = 20
debug +++ [Boolean] running = true
debug +++ [int] delay = 180000
debug +++ [int] repeatCount = 0
debug +++ [int] currentCount = 20
debug +++ [Boolean] running = true
debug +++ [int] delay = 180000
debug time 20:43:03.24 :: After HeartBeat Count=21 Result=5
debug time 20:46:02.819 :: Before HeartBeat Count=22 Time=Mon Sep 19 2011 20:46:02 GMT+0200 AccountId=28699575 Session=0aaefb77-25fa-46b8-91f3-47fec83a2860
debug ++ [int] eventPhase = 2
debug ++ [Boolean] bubbles = false
debug ++ [Boolean] cancelable = false
debug ++ [String] type = timer
debug +++ [int] repeatCount = 0
debug +++ [int] currentCount = 21
debug +++ [Boolean] running = true
debug +++ [int] delay = 180000
debug +++ [int] repeatCount = 0
debug +++ [int] currentCount = 21
debug +++ [Boolean] running = true
debug +++ [int] delay = 180000
debug time 20:46:03.24 :: After HeartBeat Count=22 Result=5
debug time 20:49:02.819 :: Before HeartBeat Count=23 Time=Mon Sep 19 2011 20:49:02 GMT+0200 AccountId=28699575 Session=0aaefb77-25fa-46b8-91f3-47fec83a2860
debug ++ [int] eventPhase = 2
debug ++ [Boolean] bubbles = false
debug ++ [Boolean] cancelable = false
debug ++ [String] type = timer
debug +++ [int] repeatCount = 0
debug +++ [int] currentCount = 22
debug +++ [Boolean] running = true
debug +++ [int] delay = 180000
debug +++ [int] repeatCount = 0
debug +++ [int] currentCount = 22
debug +++ [Boolean] running = true
debug +++ [int] delay = 180000
debug time 20:49:03.24 :: After HeartBeat Count=23 Result=5
debug time 20:52:02.819 :: Before HeartBeat Count=24 Time=Mon Sep 19 2011 20:52:02 GMT+0200 AccountId=28699575 Session=0aaefb77-25fa-46b8-91f3-47fec83a2860
debug ++ [int] eventPhase = 2
debug ++ [Boolean] bubbles = false
debug ++ [Boolean] cancelable = false
debug ++ [String] type = timer
debug +++ [int] repeatCount = 0
debug +++ [int] currentCount = 23
debug +++ [Boolean] running = true
debug +++ [int] delay = 180000
debug +++ [int] repeatCount = 0
debug +++ [int] currentCount = 23
debug +++ [Boolean] running = true
debug +++ [int] delay = 180000
debug time 20:52:03.29 :: After HeartBeat Count=24 Result=5
debug time 20:55:02.819 :: Before HeartBeat Count=25 Time=Mon Sep 19 2011 20:55:02 GMT+0200 AccountId=28699575 Session=0aaefb77-25fa-46b8-91f3-47fec83a2860
debug ++ [int] eventPhase = 2
debug ++ [Boolean] bubbles = false
debug ++ [Boolean] cancelable = false
debug ++ [String] type = timer
debug +++ [int] repeatCount = 0
debug +++ [int] currentCount = 24
debug +++ [Boolean] running = true
debug +++ [int] delay = 180000
debug +++ [int] repeatCount = 0
debug +++ [int] currentCount = 24
debug +++ [Boolean] running = true
debug +++ [int] delay = 180000
debug time 20:55:03.24 :: After HeartBeat Count=25 Result=5
debug time 20:58:02.819 :: Before HeartBeat Count=26 Time=Mon Sep 19 2011 20:58:02 GMT+0200 AccountId=28699575 Session=0aaefb77-25fa-46b8-91f3-47fec83a2860
debug ++ [int] eventPhase = 2
debug ++ [Boolean] bubbles = false
debug ++ [Boolean] cancelable = false
debug ++ [String] type = timer
debug +++ [int] repeatCount = 0
debug +++ [int] currentCount = 25
debug +++ [Boolean] running = true
debug +++ [int] delay = 180000
debug +++ [int] repeatCount = 0
debug +++ [int] currentCount = 25
debug +++ [Boolean] running = true
debug +++ [int] delay = 180000
debug time 20:58:03.24 :: After HeartBeat Count=26 Result=5
debug time 21:01:02.820 :: Before HeartBeat Count=27 Time=Mon Sep 19 2011 21:01:02 GMT+0200 AccountId=28699575 Session=0aaefb77-25fa-46b8-91f3-47fec83a2860
debug ++ [int] eventPhase = 2
debug ++ [Boolean] bubbles = false
debug ++ [Boolean] cancelable = false
debug ++ [String] type = timer
debug +++ [int] repeatCount = 0
debug +++ [int] currentCount = 26
debug +++ [Boolean] running = true
debug +++ [int] delay = 180000
debug +++ [int] repeatCount = 0
debug +++ [int] currentCount = 26
debug +++ [Boolean] running = true
debug +++ [int] delay = 180000
debug time 21:01:03.24 :: After HeartBeat Count=27 Result=5
debug time 21:04:02.819 :: Before HeartBeat Count=28 Time=Mon Sep 19 2011 21:04:02 GMT+0200 AccountId=28699575 Session=0aaefb77-25fa-46b8-91f3-47fec83a2860
debug ++ [int] eventPhase = 2
debug ++ [Boolean] bubbles = false
debug ++ [Boolean] cancelable = false
debug ++ [String] type = timer
debug +++ [int] repeatCount = 0
debug +++ [int] currentCount = 27
debug +++ [Boolean] running = true
debug +++ [int] delay = 180000
debug +++ [int] repeatCount = 0
debug +++ [int] currentCount = 27
debug +++ [Boolean] running = true
debug +++ [int] delay = 180000
debug time 21:04:03.24 :: After HeartBeat Count=28 Result=5
debug time 21:07:02.819 :: Before HeartBeat Count=29 Time=Mon Sep 19 2011 21:07:02 GMT+0200 AccountId=28699575 Session=0aaefb77-25fa-46b8-91f3-47fec83a2860
debug ++ [int] eventPhase = 2
debug ++ [Boolean] bubbles = false
debug ++ [Boolean] cancelable = false
debug ++ [String] type = timer
debug +++ [int] repeatCount = 0
debug +++ [int] currentCount = 28
debug +++ [Boolean] running = true
debug +++ [int] delay = 180000
debug +++ [int] repeatCount = 0
debug +++ [int] currentCount = 28
debug +++ [Boolean] running = true
debug +++ [int] delay = 180000
debug time 21:07:03.24 :: After HeartBeat Count=29 Result=5
debug time 21:10:02.834 :: Before HeartBeat Count=30 Time=Mon Sep 19 2011 21:10:02 GMT+0200 AccountId=28699575 Session=0aaefb77-25fa-46b8-91f3-47fec83a2860
debug ++ [int] eventPhase = 2
debug ++ [Boolean] bubbles = false
debug ++ [Boolean] cancelable = false
debug ++ [String] type = timer
debug +++ [int] repeatCount = 0
debug +++ [int] currentCount = 29
debug +++ [Boolean] running = true
debug +++ [int] delay = 180000
debug +++ [int] repeatCount = 0
debug +++ [int] currentCount = 29
debug +++ [Boolean] running = true
debug +++ [int] delay = 180000
debug time 21:10:03.66 :: After HeartBeat Count=30 Result=5
debug time 21:11:31.300 :: Performing heartbeat at Mon Sep 19 2011 21:11:31 GMT+0200
debug time 21:13:02.868 :: Before HeartBeat Count=31 Time=Mon Sep 19 2011 21:13:02 GMT+0200 AccountId=28699575 Session=0aaefb77-25fa-46b8-91f3-47fec83a2860
debug ++ [int] eventPhase = 2
debug ++ [Boolean] bubbles = false
debug ++ [Boolean] cancelable = false
debug ++ [String] type = timer
debug +++ [int] repeatCount = 0
debug +++ [int] currentCount = 30
debug +++ [Boolean] running = true
debug +++ [int] delay = 180000
debug +++ [int] repeatCount = 0
debug +++ [int] currentCount = 30
debug +++ [Boolean] running = true
debug +++ [int] delay = 180000
debug time 21:13:03.72 :: After HeartBeat Count=31 Result=5
debug time 21:16:02.889 :: Before HeartBeat Count=32 Time=Mon Sep 19 2011 21:16:02 GMT+0200 AccountId=28699575 Session=0aaefb77-25fa-46b8-91f3-47fec83a2860
debug ++ [int] eventPhase = 2
debug ++ [Boolean] bubbles = false
debug ++ [Boolean] cancelable = false
debug ++ [String] type = timer
debug +++ [int] repeatCount = 0
debug +++ [int] currentCount = 31
debug +++ [Boolean] running = true
debug +++ [int] delay = 180000
debug +++ [int] repeatCount = 0
debug +++ [int] currentCount = 31
debug +++ [Boolean] running = true
debug +++ [int] delay = 180000
debug time 21:16:03.92 :: After HeartBeat Count=32 Result=5
debug time 21:19:02.906 :: Before HeartBeat Count=33 Time=Mon Sep 19 2011 21:19:02 GMT+0200 AccountId=28699575 Session=0aaefb77-25fa-46b8-91f3-47fec83a2860
debug ++ [int] eventPhase = 2
debug ++ [Boolean] bubbles = false
debug ++ [Boolean] cancelable = false
debug ++ [String] type = timer
debug +++ [int] repeatCount = 0
debug +++ [int] currentCount = 32
debug +++ [Boolean] running = true
debug +++ [int] delay = 180000
debug +++ [int] repeatCount = 0
debug +++ [int] currentCount = 32
debug +++ [Boolean] running = true
debug +++ [int] delay = 180000
debug time 21:19:03.133 :: After HeartBeat Count=33 Result=5
debug time 21:22:02.932 :: Before HeartBeat Count=34 Time=Mon Sep 19 2011 21:22:02 GMT+0200 AccountId=28699575 Session=0aaefb77-25fa-46b8-91f3-47fec83a2860
debug ++ [int] eventPhase = 2
debug ++ [Boolean] bubbles = false
debug ++ [Boolean] cancelable = false
debug ++ [String] type = timer
debug +++ [int] repeatCount = 0
debug +++ [int] currentCount = 33
debug +++ [Boolean] running = true
debug +++ [int] delay = 180000
debug +++ [int] repeatCount = 0
debug +++ [int] currentCount = 33
debug +++ [Boolean] running = true
debug +++ [int] delay = 180000
debug time 21:22:03.133 :: After HeartBeat Count=34 Result=5
debug time 21:25:02.932 :: Before HeartBeat Count=35 Time=Mon Sep 19 2011 21:25:02 GMT+0200 AccountId=28699575 Session=0aaefb77-25fa-46b8-91f3-47fec83a2860
debug ++ [int] eventPhase = 2
debug ++ [Boolean] bubbles = false
debug ++ [Boolean] cancelable = false
debug ++ [String] type = timer
debug +++ [int] repeatCount = 0
debug +++ [int] currentCount = 34
debug +++ [Boolean] running = true
debug +++ [int] delay = 180000
debug +++ [int] repeatCount = 0
debug +++ [int] currentCount = 34
debug +++ [Boolean] running = true
debug +++ [int] delay = 180000
debug time 21:25:03.133 :: After HeartBeat Count=35 Result=5
debug time 21:28:02.932 :: Before HeartBeat Count=36 Time=Mon Sep 19 2011 21:28:02 GMT+0200 AccountId=28699575 Session=0aaefb77-25fa-46b8-91f3-47fec83a2860
debug ++ [int] eventPhase = 2
debug ++ [Boolean] bubbles = false
debug ++ [Boolean] cancelable = false
debug ++ [String] type = timer
debug +++ [int] repeatCount = 0
debug +++ [int] currentCount = 35
debug +++ [Boolean] running = true
debug +++ [int] delay = 180000
debug +++ [int] repeatCount = 0
debug +++ [int] currentCount = 35
debug +++ [Boolean] running = true
debug +++ [int] delay = 180000
debug time 21:28:03.133 :: After HeartBeat Count=36 Result=5
debug time 21:31:02.932 :: Before HeartBeat Count=37 Time=Mon Sep 19 2011 21:31:02 GMT+0200 AccountId=28699575 Session=0aaefb77-25fa-46b8-91f3-47fec83a2860
debug ++ [int] eventPhase = 2
debug ++ [Boolean] bubbles = false
debug ++ [Boolean] cancelable = false
debug ++ [String] type = timer
debug +++ [int] repeatCount = 0
debug +++ [int] currentCount = 36
debug +++ [Boolean] running = true
debug +++ [int] delay = 180000
debug +++ [int] repeatCount = 0
debug +++ [int] currentCount = 36
debug +++ [Boolean] running = true
debug +++ [int] delay = 180000
debug time 21:31:03.138 :: After HeartBeat Count=37 Result=5
debug time 21:34:02.933 :: Before HeartBeat Count=38 Time=Mon Sep 19 2011 21:34:02 GMT+0200 AccountId=28699575 Session=0aaefb77-25fa-46b8-91f3-47fec83a2860
debug ++ [int] eventPhase = 2
debug ++ [Boolean] bubbles = false
debug ++ [Boolean] cancelable = false
debug ++ [String] type = timer
debug +++ [int] repeatCount = 0
debug +++ [int] currentCount = 37
debug +++ [Boolean] running = true
debug +++ [int] delay = 180000
debug +++ [int] repeatCount = 0
debug +++ [int] currentCount = 37
debug +++ [Boolean] running = true
debug +++ [int] delay = 180000
debug time 21:34:03.133 :: After HeartBeat Count=38 Result=5
debug time 21:37:02.933 :: Before HeartBeat Count=39 Time=Mon Sep 19 2011 21:37:02 GMT+0200 AccountId=28699575 Session=0aaefb77-25fa-46b8-91f3-47fec83a2860
debug ++ [int] eventPhase = 2
debug ++ [Boolean] bubbles = false
debug ++ [Boolean] cancelable = false
debug ++ [String] type = timer
debug +++ [int] repeatCount = 0
debug +++ [int] currentCount = 38
debug +++ [Boolean] running = true
debug +++ [int] delay = 180000
debug +++ [int] repeatCount = 0
debug +++ [int] currentCount = 38
debug +++ [Boolean] running = true
debug +++ [int] delay = 180000
debug time 21:37:03.133 :: After HeartBeat Count=39 Result=5
debug time 21:40:02.933 :: Before HeartBeat Count=40 Time=Mon Sep 19 2011 21:40:02 GMT+0200 AccountId=28699575 Session=0aaefb77-25fa-46b8-91f3-47fec83a2860
debug ++ [int] eventPhase = 2
debug ++ [Boolean] bubbles = false
debug ++ [Boolean] cancelable = false
debug ++ [String] type = timer
debug +++ [int] repeatCount = 0
debug +++ [int] currentCount = 39
debug +++ [Boolean] running = true
debug +++ [int] delay = 180000
debug +++ [int] repeatCount = 0
debug +++ [int] currentCount = 39
debug +++ [Boolean] running = true
debug +++ [int] delay = 180000
debug time 21:40:03.133 :: After HeartBeat Count=40 Result=5
debug time 21:43:02.933 :: Before HeartBeat Count=41 Time=Mon Sep 19 2011 21:43:02 GMT+0200 AccountId=28699575 Session=0aaefb77-25fa-46b8-91f3-47fec83a2860
debug ++ [int] eventPhase = 2
debug ++ [Boolean] bubbles = false
debug ++ [Boolean] cancelable = false
debug ++ [String] type = timer
debug +++ [int] repeatCount = 0
debug +++ [int] currentCount = 40
debug +++ [Boolean] running = true
debug +++ [int] delay = 180000
debug +++ [int] repeatCount = 0
debug +++ [int] currentCount = 40
debug +++ [Boolean] running = true
debug +++ [int] delay = 180000
debug time 21:43:03.133 :: After HeartBeat Count=41 Result=5
debug time 21:46:02.933 :: Before HeartBeat Count=42 Time=Mon Sep 19 2011 21:46:02 GMT+0200 AccountId=28699575 Session=0aaefb77-25fa-46b8-91f3-47fec83a2860
debug ++ [int] eventPhase = 2
debug ++ [Boolean] bubbles = false
debug ++ [Boolean] cancelable = false
debug ++ [String] type = timer
debug +++ [int] repeatCount = 0
debug +++ [int] currentCount = 41
debug +++ [Boolean] running = true
debug +++ [int] delay = 180000
debug +++ [int] repeatCount = 0
debug +++ [int] currentCount = 41
debug +++ [Boolean] running = true
debug +++ [int] delay = 180000
debug time 21:46:03.133 :: After HeartBeat Count=42 Result=5
debug time 21:49:02.949 :: Before HeartBeat Count=43 Time=Mon Sep 19 2011 21:49:02 GMT+0200 AccountId=28699575 Session=0aaefb77-25fa-46b8-91f3-47fec83a2860
debug ++ [int] eventPhase = 2
debug ++ [Boolean] bubbles = false
debug ++ [Boolean] cancelable = false
debug ++ [String] type = timer
debug +++ [int] repeatCount = 0
debug +++ [int] currentCount = 42
debug +++ [Boolean] running = true
debug +++ [int] delay = 180000
debug +++ [int] repeatCount = 0
debug +++ [int] currentCount = 42
debug +++ [Boolean] running = true
debug +++ [int] delay = 180000
debug time 21:49:03.175 :: After HeartBeat Count=43 Result=5
debug time 21:52:02.974 :: Before HeartBeat Count=44 Time=Mon Sep 19 2011 21:52:02 GMT+0200 AccountId=28699575 Session=0aaefb77-25fa-46b8-91f3-47fec83a2860
debug ++ [int] eventPhase = 2
debug ++ [Boolean] bubbles = false
debug ++ [Boolean] cancelable = false
debug ++ [String] type = timer
debug +++ [int] repeatCount = 0
debug +++ [int] currentCount = 43
debug +++ [Boolean] running = true
debug +++ [int] delay = 180000
debug +++ [int] repeatCount = 0
debug +++ [int] currentCount = 43
debug +++ [Boolean] running = true
debug +++ [int] delay = 180000
debug time 21:52:03.175 :: After HeartBeat Count=44 Result=5
debug time 21:55:03.17 :: Before HeartBeat Count=45 Time=Mon Sep 19 2011 21:55:03 GMT+0200 AccountId=28699575 Session=0aaefb77-25fa-46b8-91f3-47fec83a2860
debug ++ [int] eventPhase = 2
debug ++ [Boolean] bubbles = false
debug ++ [Boolean] cancelable = false
debug ++ [String] type = timer
debug +++ [int] repeatCount = 0
debug +++ [int] currentCount = 44
debug +++ [Boolean] running = true
debug +++ [int] delay = 180000
debug +++ [int] repeatCount = 0
debug +++ [int] currentCount = 44
debug +++ [Boolean] running = true
debug +++ [int] delay = 180000
debug time 21:55:03.222 :: After HeartBeat Count=45 Result=5
debug time 21:58:03.57 :: Before HeartBeat Count=46 Time=Mon Sep 19 2011 21:58:03 GMT+0200 AccountId=28699575 Session=0aaefb77-25fa-46b8-91f3-47fec83a2860
debug ++ [int] eventPhase = 2
debug ++ [Boolean] bubbles = false
debug ++ [Boolean] cancelable = false
debug ++ [String] type = timer
debug +++ [int] repeatCount = 0
debug +++ [int] currentCount = 45
debug +++ [Boolean] running = true
debug +++ [int] delay = 180000
debug +++ [int] repeatCount = 0
debug +++ [int] currentCount = 45
debug +++ [Boolean] running = true
debug +++ [int] delay = 180000
debug time 21:58:03.258 :: After HeartBeat Count=46 Result=5
debug time 22:01:03.100 :: Before HeartBeat Count=47 Time=Mon Sep 19 2011 22:01:03 GMT+0200 AccountId=28699575 Session=0aaefb77-25fa-46b8-91f3-47fec83a2860
debug ++ [int] eventPhase = 2
debug ++ [Boolean] bubbles = false
debug ++ [Boolean] cancelable = false
debug ++ [String] type = timer
debug +++ [int] repeatCount = 0
debug +++ [int] currentCount = 46
debug +++ [Boolean] running = true
debug +++ [int] delay = 180000
debug +++ [int] repeatCount = 0
debug +++ [int] currentCount = 46
debug +++ [Boolean] running = true
debug +++ [int] delay = 180000
debug time 22:01:03.300 :: After HeartBeat Count=47 Result=5
debug time 22:04:03.140 :: Before HeartBeat Count=48 Time=Mon Sep 19 2011 22:04:03 GMT+0200 AccountId=28699575 Session=0aaefb77-25fa-46b8-91f3-47fec83a2860
debug ++ [int] eventPhase = 2
debug ++ [Boolean] bubbles = false
debug ++ [Boolean] cancelable = false
debug ++ [String] type = timer
debug +++ [int] repeatCount = 0
debug +++ [int] currentCount = 47
debug +++ [Boolean] running = true
debug +++ [int] delay = 180000
debug +++ [int] repeatCount = 0
debug +++ [int] currentCount = 47
debug +++ [Boolean] running = true
debug +++ [int] delay = 180000
debug time 22:04:03.342 :: After HeartBeat Count=48 Result=5
debug time 22:07:03.183 :: Before HeartBeat Count=49 Time=Mon Sep 19 2011 22:07:03 GMT+0200 AccountId=28699575 Session=0aaefb77-25fa-46b8-91f3-47fec83a2860
debug ++ [int] eventPhase = 2
debug ++ [Boolean] bubbles = false
debug ++ [Boolean] cancelable = false
debug ++ [String] type = timer
debug +++ [int] repeatCount = 0
debug +++ [int] currentCount = 48
debug +++ [Boolean] running = true
debug +++ [int] delay = 180000
debug +++ [int] repeatCount = 0
debug +++ [int] currentCount = 48
debug +++ [Boolean] running = true
debug +++ [int] delay = 180000
debug time 22:07:03.383 :: After HeartBeat Count=49 Result=5
debug time 22:10:03.186 :: Before HeartBeat Count=50 Time=Mon Sep 19 2011 22:10:03 GMT+0200 AccountId=28699575 Session=0aaefb77-25fa-46b8-91f3-47fec83a2860
debug ++ [int] eventPhase = 2
debug ++ [Boolean] bubbles = false
debug ++ [Boolean] cancelable = false
debug ++ [String] type = timer
debug +++ [int] repeatCount = 0
debug +++ [int] currentCount = 49
debug +++ [Boolean] running = true
debug +++ [int] delay = 180000
debug +++ [int] repeatCount = 0
debug +++ [int] currentCount = 49
debug +++ [Boolean] running = true
debug +++ [int] delay = 180000
debug time 22:10:03.383 :: After HeartBeat Count=50 Result=5
debug time 22:13:03.259 :: Before HeartBeat Count=51 Time=Mon Sep 19 2011 22:13:03 GMT+0200 AccountId=28699575 Session=0aaefb77-25fa-46b8-91f3-47fec83a2860
debug ++ [int] eventPhase = 2
debug ++ [Boolean] bubbles = false
debug ++ [Boolean] cancelable = false
debug ++ [String] type = timer
debug +++ [int] repeatCount = 0
debug +++ [int] currentCount = 50
debug +++ [Boolean] running = true
debug +++ [int] delay = 180000
debug +++ [int] repeatCount = 0
debug +++ [int] currentCount = 50
debug +++ [Boolean] running = true
debug +++ [int] delay = 180000
debug time 22:13:03.467 :: After HeartBeat Count=51 Result=5
debug time 22:16:03.262 :: Before HeartBeat Count=52 Time=Mon Sep 19 2011 22:16:03 GMT+0200 AccountId=28699575 Session=0aaefb77-25fa-46b8-91f3-47fec83a2860
debug ++ [int] eventPhase = 2
debug ++ [Boolean] bubbles = false
debug ++ [Boolean] cancelable = false
debug ++ [String] type = timer
debug +++ [int] repeatCount = 0
debug +++ [int] currentCount = 51
debug +++ [Boolean] running = true
debug +++ [int] delay = 180000
debug +++ [int] repeatCount = 0
debug +++ [int] currentCount = 51
debug +++ [Boolean] running = true
debug +++ [int] delay = 180000
debug time 22:16:03.467 :: After HeartBeat Count=52 Result=5
debug time 22:19:03.265 :: Before HeartBeat Count=53 Time=Mon Sep 19 2011 22:19:03 GMT+0200 AccountId=28699575 Session=0aaefb77-25fa-46b8-91f3-47fec83a2860
debug ++ [int] eventPhase = 2
debug ++ [Boolean] bubbles = false
debug ++ [Boolean] cancelable = false
debug ++ [String] type = timer
debug +++ [int] repeatCount = 0
debug +++ [int] currentCount = 52
debug +++ [Boolean] running = true
debug +++ [int] delay = 180000
debug +++ [int] repeatCount = 0
debug +++ [int] currentCount = 52
debug +++ [Boolean] running = true
debug +++ [int] delay = 180000
debug time 22:19:03.467 :: After HeartBeat Count=53 Result=5
debug time 22:22:03.282 :: Before HeartBeat Count=54 Time=Mon Sep 19 2011 22:22:03 GMT+0200 AccountId=28699575 Session=0aaefb77-25fa-46b8-91f3-47fec83a2860
debug ++ [int] eventPhase = 2
debug ++ [Boolean] bubbles = false
debug ++ [Boolean] cancelable = false
debug ++ [String] type = timer
debug +++ [int] repeatCount = 0
debug +++ [int] currentCount = 53
debug +++ [Boolean] running = true
debug +++ [int] delay = 180000
debug +++ [int] repeatCount = 0
debug +++ [int] currentCount = 53
debug +++ [Boolean] running = true
debug +++ [int] delay = 180000
debug time 22:22:03.508 :: After HeartBeat Count=54 Result=5
debug time 22:25:03.306 :: Before HeartBeat Count=55 Time=Mon Sep 19 2011 22:25:03 GMT+0200 AccountId=28699575 Session=0aaefb77-25fa-46b8-91f3-47fec83a2860
debug ++ [int] eventPhase = 2
debug ++ [Boolean] bubbles = false
debug ++ [Boolean] cancelable = false
debug ++ [String] type = timer
debug +++ [int] repeatCount = 0
debug +++ [int] currentCount = 54
debug +++ [Boolean] running = true
debug +++ [int] delay = 180000
debug +++ [int] repeatCount = 0
debug +++ [int] currentCount = 54
debug +++ [Boolean] running = true
debug +++ [int] delay = 180000
debug time 22:25:03.536 :: After HeartBeat Count=55 Result=5
debug time 22:28:03.306 :: Before HeartBeat Count=56 Time=Mon Sep 19 2011 22:28:03 GMT+0200 AccountId=28699575 Session=0aaefb77-25fa-46b8-91f3-47fec83a2860
debug ++ [int] eventPhase = 2
debug ++ [Boolean] bubbles = false
debug ++ [Boolean] cancelable = false
debug ++ [String] type = timer
debug +++ [int] repeatCount = 0
debug +++ [int] currentCount = 55
debug +++ [Boolean] running = true
debug +++ [int] delay = 180000
debug +++ [int] repeatCount = 0
debug +++ [int] currentCount = 55
debug +++ [Boolean] running = true
debug +++ [int] delay = 180000
debug time 22:28:03.508 :: After HeartBeat Count=56 Result=5
debug time 22:31:03.306 :: Before HeartBeat Count=57 Time=Mon Sep 19 2011 22:31:03 GMT+0200 AccountId=28699575 Session=0aaefb77-25fa-46b8-91f3-47fec83a2860
debug ++ [int] eventPhase = 2
debug ++ [Boolean] bubbles = false
debug ++ [Boolean] cancelable = false
debug ++ [String] type = timer
debug +++ [int] repeatCount = 0
debug +++ [int] currentCount = 56
debug +++ [Boolean] running = true
debug +++ [int] delay = 180000
debug +++ [int] repeatCount = 0
debug +++ [int] currentCount = 56
debug +++ [Boolean] running = true
debug +++ [int] delay = 180000
debug time 22:31:03.508 :: After HeartBeat Count=57 Result=5
debug time 22:34:03.306 :: Before HeartBeat Count=58 Time=Mon Sep 19 2011 22:34:03 GMT+0200 AccountId=28699575 Session=0aaefb77-25fa-46b8-91f3-47fec83a2860
debug ++ [int] eventPhase = 2
debug ++ [Boolean] bubbles = false
debug ++ [Boolean] cancelable = false
debug ++ [String] type = timer
debug +++ [int] repeatCount = 0
debug +++ [int] currentCount = 57
debug +++ [Boolean] running = true
debug +++ [int] delay = 180000
debug +++ [int] repeatCount = 0
debug +++ [int] currentCount = 57
debug +++ [Boolean] running = true
debug +++ [int] delay = 180000
debug time 22:34:03.513 :: After HeartBeat Count=58 Result=5
debug time 22:37:03.349 :: Before HeartBeat Count=59 Time=Mon Sep 19 2011 22:37:03 GMT+0200 AccountId=28699575 Session=0aaefb77-25fa-46b8-91f3-47fec83a2860
debug ++ [int] eventPhase = 2
debug ++ [Boolean] bubbles = false
debug ++ [Boolean] cancelable = false
debug ++ [String] type = timer
debug +++ [int] repeatCount = 0
debug +++ [int] currentCount = 58
debug +++ [Boolean] running = true
debug +++ [int] delay = 180000
debug +++ [int] repeatCount = 0
debug +++ [int] currentCount = 58
debug +++ [Boolean] running = true
debug +++ [int] delay = 180000
debug time 22:37:03.550 :: After HeartBeat Count=59 Result=5
debug time 22:40:03.349 :: Before HeartBeat Count=60 Time=Mon Sep 19 2011 22:40:03 GMT+0200 AccountId=28699575 Session=0aaefb77-25fa-46b8-91f3-47fec83a2860
debug ++ [int] eventPhase = 2
debug ++ [Boolean] bubbles = false
debug ++ [Boolean] cancelable = false
debug ++ [String] type = timer
debug +++ [int] repeatCount = 0
debug +++ [int] currentCount = 59
debug +++ [Boolean] running = true
debug +++ [int] delay = 180000
debug +++ [int] repeatCount = 0
debug +++ [int] currentCount = 59
debug +++ [Boolean] running = true
debug +++ [int] delay = 180000
debug time 22:40:03.550 :: After HeartBeat Count=60 Result=5
debug time 22:43:03.349 :: Before HeartBeat Count=61 Time=Mon Sep 19 2011 22:43:03 GMT+0200 AccountId=28699575 Session=0aaefb77-25fa-46b8-91f3-47fec83a2860
debug ++ [int] eventPhase = 2
debug ++ [Boolean] bubbles = false
debug ++ [Boolean] cancelable = false
debug ++ [String] type = timer
debug +++ [int] repeatCount = 0
debug +++ [int] currentCount = 60
debug +++ [Boolean] running = true
debug +++ [int] delay = 180000
debug +++ [int] repeatCount = 0
debug +++ [int] currentCount = 60
debug +++ [Boolean] running = true
debug +++ [int] delay = 180000
debug time 22:43:03.550 :: After HeartBeat Count=61 Result=5
debug time 22:46:03.375 :: Before HeartBeat Count=62 Time=Mon Sep 19 2011 22:46:03 GMT+0200 AccountId=28699575 Session=0aaefb77-25fa-46b8-91f3-47fec83a2860
debug ++ [int] eventPhase = 2
debug ++ [Boolean] bubbles = false
debug ++ [Boolean] cancelable = false
debug ++ [String] type = timer
debug +++ [int] repeatCount = 0
debug +++ [int] currentCount = 61
debug +++ [Boolean] running = true
debug +++ [int] delay = 180000
debug +++ [int] repeatCount = 0
debug +++ [int] currentCount = 61
debug +++ [Boolean] running = true
debug +++ [int] delay = 180000
debug time 22:46:03.592 :: After HeartBeat Count=62 Result=5
debug time 22:49:03.389 :: Before HeartBeat Count=63 Time=Mon Sep 19 2011 22:49:03 GMT+0200 AccountId=28699575 Session=0aaefb77-25fa-46b8-91f3-47fec83a2860
debug ++ [int] eventPhase = 2
debug ++ [Boolean] bubbles = false
debug ++ [Boolean] cancelable = false
debug ++ [String] type = timer
debug +++ [int] repeatCount = 0
debug +++ [int] currentCount = 62
debug +++ [Boolean] running = true
debug +++ [int] delay = 180000
debug +++ [int] repeatCount = 0
debug +++ [int] currentCount = 62
debug +++ [Boolean] running = true
debug +++ [int] delay = 180000
debug time 22:49:03.592 :: After HeartBeat Count=63 Result=5
debug time 22:52:03.432 :: Before HeartBeat Count=64 Time=Mon Sep 19 2011 22:52:03 GMT+0200 AccountId=28699575 Session=0aaefb77-25fa-46b8-91f3-47fec83a2860
debug ++ [int] eventPhase = 2
debug ++ [Boolean] bubbles = false
debug ++ [Boolean] cancelable = false
debug ++ [String] type = timer
debug +++ [int] repeatCount = 0
debug +++ [int] currentCount = 63
debug +++ [Boolean] running = true
debug +++ [int] delay = 180000
debug +++ [int] repeatCount = 0
debug +++ [int] currentCount = 63
debug +++ [Boolean] running = true
debug +++ [int] delay = 180000
debug time 22:52:03.633 :: After HeartBeat Count=64 Result=5
debug time 22:55:03.468 :: Before HeartBeat Count=65 Time=Mon Sep 19 2011 22:55:03 GMT+0200 AccountId=28699575 Session=0aaefb77-25fa-46b8-91f3-47fec83a2860
debug ++ [int] eventPhase = 2
debug ++ [Boolean] bubbles = false
debug ++ [Boolean] cancelable = false
debug ++ [String] type = timer
debug +++ [int] repeatCount = 0
debug +++ [int] currentCount = 64
debug +++ [Boolean] running = true
debug +++ [int] delay = 180000
debug +++ [int] repeatCount = 0
debug +++ [int] currentCount = 64
debug +++ [Boolean] running = true
debug +++ [int] delay = 180000
debug time 22:55:03.675 :: After HeartBeat Count=65 Result=5
debug time 22:58:03.474 :: Before HeartBeat Count=66 Time=Mon Sep 19 2011 22:58:03 GMT+0200 AccountId=28699575 Session=0aaefb77-25fa-46b8-91f3-47fec83a2860
debug ++ [int] eventPhase = 2
debug ++ [Boolean] bubbles = false
debug ++ [Boolean] cancelable = false
debug ++ [String] type = timer
debug +++ [int] repeatCount = 0
debug +++ [int] currentCount = 65
debug +++ [Boolean] running = true
debug +++ [int] delay = 180000
debug +++ [int] repeatCount = 0
debug +++ [int] currentCount = 65
debug +++ [Boolean] running = true
debug +++ [int] delay = 180000
debug time 22:58:03.675 :: After HeartBeat Count=66 Result=5
debug time 23:01:03.473 :: Before HeartBeat Count=67 Time=Mon Sep 19 2011 23:01:03 GMT+0200 AccountId=28699575 Session=0aaefb77-25fa-46b8-91f3-47fec83a2860
debug ++ [int] eventPhase = 2
debug ++ [Boolean] bubbles = false
debug ++ [Boolean] cancelable = false
debug ++ [String] type = timer
debug +++ [int] repeatCount = 0
debug +++ [int] currentCount = 66
debug +++ [Boolean] running = true
debug +++ [int] delay = 180000
debug +++ [int] repeatCount = 0
debug +++ [int] currentCount = 66
debug +++ [Boolean] running = true
debug +++ [int] delay = 180000
debug time 23:01:03.675 :: After HeartBeat Count=67 Result=5
debug time 23:04:03.473 :: Before HeartBeat Count=68 Time=Mon Sep 19 2011 23:04:03 GMT+0200 AccountId=28699575 Session=0aaefb77-25fa-46b8-91f3-47fec83a2860
debug ++ [int] eventPhase = 2
debug ++ [Boolean] bubbles = false
debug ++ [Boolean] cancelable = false
debug ++ [String] type = timer
debug +++ [int] repeatCount = 0
debug +++ [int] currentCount = 67
debug +++ [Boolean] running = true
debug +++ [int] delay = 180000
debug +++ [int] repeatCount = 0
debug +++ [int] currentCount = 67
debug +++ [Boolean] running = true
debug +++ [int] delay = 180000
debug time 23:04:03.678 :: After HeartBeat Count=68 Result=5
debug time 23:07:03.515 :: Before HeartBeat Count=69 Time=Mon Sep 19 2011 23:07:03 GMT+0200 AccountId=28699575 Session=0aaefb77-25fa-46b8-91f3-47fec83a2860
debug ++ [int] eventPhase = 2
debug ++ [Boolean] bubbles = false
debug ++ [Boolean] cancelable = false
debug ++ [String] type = timer
debug +++ [int] repeatCount = 0
debug +++ [int] currentCount = 68
debug +++ [Boolean] running = true
debug +++ [int] delay = 180000
debug +++ [int] repeatCount = 0
debug +++ [int] currentCount = 68
debug +++ [Boolean] running = true
debug +++ [int] delay = 180000
debug time 23:07:03.717 :: After HeartBeat Count=69 Result=5
debug time 23:10:03.516 :: Before HeartBeat Count=70 Time=Mon Sep 19 2011 23:10:03 GMT+0200 AccountId=28699575 Session=0aaefb77-25fa-46b8-91f3-47fec83a2860
debug ++ [int] eventPhase = 2
debug ++ [Boolean] bubbles = false
debug ++ [Boolean] cancelable = false
debug ++ [String] type = timer
debug +++ [int] repeatCount = 0
debug +++ [int] currentCount = 69
debug +++ [Boolean] running = true
debug +++ [int] delay = 180000
debug +++ [int] repeatCount = 0
debug +++ [int] currentCount = 69
debug +++ [Boolean] running = true
debug +++ [int] delay = 180000
debug time 23:10:03.717 :: After HeartBeat Count=70 Result=5
debug time 23:13:03.523 :: Before HeartBeat Count=71 Time=Mon Sep 19 2011 23:13:03 GMT+0200 AccountId=28699575 Session=0aaefb77-25fa-46b8-91f3-47fec83a2860
debug ++ [int] eventPhase = 2
debug ++ [Boolean] bubbles = false
debug ++ [Boolean] cancelable = false
debug ++ [String] type = timer
debug +++ [int] repeatCount = 0
debug +++ [int] currentCount = 70
debug +++ [Boolean] running = true
debug +++ [int] delay = 180000
debug +++ [int] repeatCount = 0
debug +++ [int] currentCount = 70
debug +++ [Boolean] running = true
debug +++ [int] delay = 180000
debug time 23:13:03.702 :: After HeartBeat Count=71 Result=5
debug time 23:16:03.539 :: Before HeartBeat Count=72 Time=Mon Sep 19 2011 23:16:03 GMT+0200 AccountId=28699575 Session=0aaefb77-25fa-46b8-91f3-47fec83a2860
debug ++ [int] eventPhase = 2
debug ++ [Boolean] bubbles = false
debug ++ [Boolean] cancelable = false
debug ++ [String] type = timer
debug +++ [int] repeatCount = 0
debug +++ [int] currentCount = 71
debug +++ [Boolean] running = true
debug +++ [int] delay = 180000
debug +++ [int] repeatCount = 0
debug +++ [int] currentCount = 71
debug +++ [Boolean] running = true
debug +++ [int] delay = 180000
debug time 23:16:03.744 :: After HeartBeat Count=72 Result=5
debug time 23:19:03.540 :: Before HeartBeat Count=73 Time=Mon Sep 19 2011 23:19:03 GMT+0200 AccountId=28699575 Session=0aaefb77-25fa-46b8-91f3-47fec83a2860
debug ++ [int] eventPhase = 2
debug ++ [Boolean] bubbles = false
debug ++ [Boolean] cancelable = false
debug ++ [String] type = timer
debug +++ [int] repeatCount = 0
debug +++ [int] currentCount = 72
debug +++ [Boolean] running = true
debug +++ [int] delay = 180000
debug +++ [int] repeatCount = 0
debug +++ [int] currentCount = 72
debug +++ [Boolean] running = true
debug +++ [int] delay = 180000
debug time 23:19:03.744 :: After HeartBeat Count=73 Result=5
debug time 23:22:03.540 :: Before HeartBeat Count=74 Time=Mon Sep 19 2011 23:22:03 GMT+0200 AccountId=28699575 Session=0aaefb77-25fa-46b8-91f3-47fec83a2860
debug ++ [int] eventPhase = 2
debug ++ [Boolean] bubbles = false
debug ++ [Boolean] cancelable = false
debug ++ [String] type = timer
debug +++ [int] repeatCount = 0
debug +++ [int] currentCount = 73
debug +++ [Boolean] running = true
debug +++ [int] delay = 180000
debug +++ [int] repeatCount = 0
debug +++ [int] currentCount = 73
debug +++ [Boolean] running = true
debug +++ [int] delay = 180000
debug time 23:22:03.744 :: After HeartBeat Count=74 Result=5
debug time 23:25:03.580 :: Before HeartBeat Count=75 Time=Mon Sep 19 2011 23:25:03 GMT+0200 AccountId=28699575 Session=0aaefb77-25fa-46b8-91f3-47fec83a2860
debug ++ [int] eventPhase = 2
debug ++ [Boolean] bubbles = false
debug ++ [Boolean] cancelable = false
debug ++ [String] type = timer
debug +++ [int] repeatCount = 0
debug +++ [int] currentCount = 74
debug +++ [Boolean] running = true
debug +++ [int] delay = 180000
debug +++ [int] repeatCount = 0
debug +++ [int] currentCount = 74
debug +++ [Boolean] running = true
debug +++ [int] delay = 180000
debug time 23:25:03.786 :: After HeartBeat Count=75 Result=5
debug time 23:28:03.580 :: Before HeartBeat Count=76 Time=Mon Sep 19 2011 23:28:03 GMT+0200 AccountId=28699575 Session=0aaefb77-25fa-46b8-91f3-47fec83a2860
debug ++ [int] eventPhase = 2
debug ++ [Boolean] bubbles = false
debug ++ [Boolean] cancelable = false
debug ++ [String] type = timer
debug +++ [int] repeatCount = 0
debug +++ [int] currentCount = 75
debug +++ [Boolean] running = true
debug +++ [int] delay = 180000
debug +++ [int] repeatCount = 0
debug +++ [int] currentCount = 75
debug +++ [Boolean] running = true
debug +++ [int] delay = 180000
debug time 23:28:03.786 :: After HeartBeat Count=76 Result=5
debug time 23:31:03.580 :: Before HeartBeat Count=77 Time=Mon Sep 19 2011 23:31:03 GMT+0200 AccountId=28699575 Session=0aaefb77-25fa-46b8-91f3-47fec83a2860
debug ++ [int] eventPhase = 2
debug ++ [Boolean] bubbles = false
debug ++ [Boolean] cancelable = false
debug ++ [String] type = timer
debug +++ [int] repeatCount = 0
debug +++ [int] currentCount = 76
debug +++ [Boolean] running = true
debug +++ [int] delay = 180000
debug +++ [int] repeatCount = 0
debug +++ [int] currentCount = 76
debug +++ [Boolean] running = true
debug +++ [int] delay = 180000
debug time 23:31:03.786 :: After HeartBeat Count=77 Result=5
debug time 23:34:03.580 :: Before HeartBeat Count=78 Time=Mon Sep 19 2011 23:34:03 GMT+0200 AccountId=28699575 Session=0aaefb77-25fa-46b8-91f3-47fec83a2860
debug ++ [int] eventPhase = 2
debug ++ [Boolean] bubbles = false
debug ++ [Boolean] cancelable = false
debug ++ [String] type = timer
debug +++ [int] repeatCount = 0
debug +++ [int] currentCount = 77
debug +++ [Boolean] running = true
debug +++ [int] delay = 180000
debug +++ [int] repeatCount = 0
debug +++ [int] currentCount = 77
debug +++ [Boolean] running = true
debug +++ [int] delay = 180000
debug time 23:34:03.786 :: After HeartBeat Count=78 Result=5
debug time 23:37:03.600 :: Before HeartBeat Count=79 Time=Mon Sep 19 2011 23:37:03 GMT+0200 AccountId=28699575 Session=0aaefb77-25fa-46b8-91f3-47fec83a2860
debug ++ [int] eventPhase = 2
debug ++ [Boolean] bubbles = false
debug ++ [Boolean] cancelable = false
debug ++ [String] type = timer
debug +++ [int] repeatCount = 0
debug +++ [int] currentCount = 78
debug +++ [Boolean] running = true
debug +++ [int] delay = 180000
debug +++ [int] repeatCount = 0
debug +++ [int] currentCount = 78
debug +++ [Boolean] running = true
debug +++ [int] delay = 180000
debug time 23:37:03.827 :: After HeartBeat Count=79 Result=5
debug time 23:40:03.623 :: Before HeartBeat Count=80 Time=Mon Sep 19 2011 23:40:03 GMT+0200 AccountId=28699575 Session=0aaefb77-25fa-46b8-91f3-47fec83a2860
debug ++ [int] eventPhase = 2
debug ++ [Boolean] bubbles = false
debug ++ [Boolean] cancelable = false
debug ++ [String] type = timer
debug +++ [int] repeatCount = 0
debug +++ [int] currentCount = 79
debug +++ [Boolean] running = true
debug +++ [int] delay = 180000
debug +++ [int] repeatCount = 0
debug +++ [int] currentCount = 79
debug +++ [Boolean] running = true
debug +++ [int] delay = 180000
debug time 23:40:03.827 :: After HeartBeat Count=80 Result=5
debug time 23:43:03.664 :: Before HeartBeat Count=81 Time=Mon Sep 19 2011 23:43:03 GMT+0200 AccountId=28699575 Session=0aaefb77-25fa-46b8-91f3-47fec83a2860
debug ++ [int] eventPhase = 2
debug ++ [Boolean] bubbles = false
debug ++ [Boolean] cancelable = false
debug ++ [String] type = timer
debug +++ [int] repeatCount = 0
debug +++ [int] currentCount = 80
debug +++ [Boolean] running = true
debug +++ [int] delay = 180000
debug +++ [int] repeatCount = 0
debug +++ [int] currentCount = 80
debug +++ [Boolean] running = true
debug +++ [int] delay = 180000
debug time 23:43:03.869 :: After HeartBeat Count=81 Result=5
debug time 23:46:03.665 :: Before HeartBeat Count=82 Time=Mon Sep 19 2011 23:46:03 GMT+0200 AccountId=28699575 Session=0aaefb77-25fa-46b8-91f3-47fec83a2860
debug ++ [int] eventPhase = 2
debug ++ [Boolean] bubbles = false
debug ++ [Boolean] cancelable = false
debug ++ [String] type = timer
debug +++ [int] repeatCount = 0
debug +++ [int] currentCount = 81
debug +++ [Boolean] running = true
debug +++ [int] delay = 180000
debug +++ [int] repeatCount = 0
debug +++ [int] currentCount = 81
debug +++ [Boolean] running = true
debug +++ [int] delay = 180000
debug time 23:46:03.869 :: After HeartBeat Count=82 Result=5
debug time 23:49:03.706 :: Before HeartBeat Count=83 Time=Mon Sep 19 2011 23:49:03 GMT+0200 AccountId=28699575 Session=0aaefb77-25fa-46b8-91f3-47fec83a2860
debug ++ [int] eventPhase = 2
debug ++ [Boolean] bubbles = false
debug ++ [Boolean] cancelable = false
debug ++ [String] type = timer
debug +++ [int] repeatCount = 0
debug +++ [int] currentCount = 82
debug +++ [Boolean] running = true
debug +++ [int] delay = 180000
debug +++ [int] repeatCount = 0
debug +++ [int] currentCount = 82
debug +++ [Boolean] running = true
debug +++ [int] delay = 180000
debug time 23:49:03.911 :: After HeartBeat Count=83 Result=5
debug time 23:52:03.706 :: Before HeartBeat Count=84 Time=Mon Sep 19 2011 23:52:03 GMT+0200 AccountId=28699575 Session=0aaefb77-25fa-46b8-91f3-47fec83a2860
debug ++ [int] eventPhase = 2
debug ++ [Boolean] bubbles = false
debug ++ [Boolean] cancelable = false
debug ++ [String] type = timer
debug +++ [int] repeatCount = 0
debug +++ [int] currentCount = 83
debug +++ [Boolean] running = true
debug +++ [int] delay = 180000
debug +++ [int] repeatCount = 0
debug +++ [int] currentCount = 83
debug +++ [Boolean] running = true
debug +++ [int] delay = 180000
debug time 23:52:03.911 :: After HeartBeat Count=84 Result=5
debug time 23:55:03.706 :: Before HeartBeat Count=85 Time=Mon Sep 19 2011 23:55:03 GMT+0200 AccountId=28699575 Session=0aaefb77-25fa-46b8-91f3-47fec83a2860
debug ++ [int] eventPhase = 2
debug ++ [Boolean] bubbles = false
debug ++ [Boolean] cancelable = false
debug ++ [String] type = timer
debug +++ [int] repeatCount = 0
debug +++ [int] currentCount = 84
debug +++ [Boolean] running = true
debug +++ [int] delay = 180000
debug +++ [int] repeatCount = 0
debug +++ [int] currentCount = 84
debug +++ [Boolean] running = true
debug +++ [int] delay = 180000
debug time 23:55:03.911 :: After HeartBeat Count=85 Result=5
debug time 23:58:03.706 :: Before HeartBeat Count=86 Time=Mon Sep 19 2011 23:58:03 GMT+0200 AccountId=28699575 Session=0aaefb77-25fa-46b8-91f3-47fec83a2860
debug ++ [int] eventPhase = 2
debug ++ [Boolean] bubbles = false
debug ++ [Boolean] cancelable = false
debug ++ [String] type = timer
debug +++ [int] repeatCount = 0
debug +++ [int] currentCount = 85
debug +++ [Boolean] running = true
debug +++ [int] delay = 180000
debug +++ [int] repeatCount = 0
debug +++ [int] currentCount = 85
debug +++ [Boolean] running = true
debug +++ [int] delay = 180000
debug time 23:58:03.911 :: After HeartBeat Count=86 Result=5
debug time 23:59:54.620 :: Performing heartbeat at Mon Sep 19 2011 23:59:54 GMT+0200
