debug time 22:06:34.501 :: Before HeartBeat Count=1 Time=Mon Jan 16 2012 22:06:34 GMT+0100 AccountId=29131007 Session=4777659e-45b6-454d-b3b3-9fb8b42d6a2c
STOP LOGGING: More than 0 nested objects or properties. 
debug time 22:06:35.577 :: After HeartBeat Count=1 Result=5
debug time 22:08:34.506 :: Before HeartBeat Count=2 Time=Mon Jan 16 2012 22:08:34 GMT+0100 AccountId=29131007 Session=4777659e-45b6-454d-b3b3-9fb8b42d6a2c
debug ++ [int] eventPhase = 2
debug ++ [Boolean] bubbles = false
debug ++ [Boolean] cancelable = false
debug ++ [String] type = timer
debug +++ [int] repeatCount = 0
debug +++ [int] currentCount = 1
debug +++ [Boolean] running = true
debug +++ [int] delay = 120000
debug +++ [int] repeatCount = 0
debug +++ [int] currentCount = 1
debug +++ [Boolean] running = true
debug +++ [int] delay = 120000
debug time 22:08:34.688 :: After HeartBeat Count=2 Result=5
debug time 22:10:35.161 :: Before HeartBeat Count=3 Time=Mon Jan 16 2012 22:10:35 GMT+0100 AccountId=29131007 Session=4777659e-45b6-454d-b3b3-9fb8b42d6a2c
debug ++ [int] eventPhase = 2
debug ++ [Boolean] bubbles = false
debug ++ [Boolean] cancelable = false
debug ++ [String] type = timer
debug +++ [int] repeatCount = 0
debug +++ [int] currentCount = 2
debug +++ [Boolean] running = true
debug +++ [int] delay = 120000
debug +++ [int] repeatCount = 0
debug +++ [int] currentCount = 2
debug +++ [Boolean] running = true
debug +++ [int] delay = 120000
debug time 22:10:36.157 :: After HeartBeat Count=3 Result=5
debug time 22:12:35.161 :: Before HeartBeat Count=4 Time=Mon Jan 16 2012 22:12:35 GMT+0100 AccountId=29131007 Session=4777659e-45b6-454d-b3b3-9fb8b42d6a2c
debug ++ [int] eventPhase = 2
debug ++ [Boolean] bubbles = false
debug ++ [Boolean] cancelable = false
debug ++ [String] type = timer
debug +++ [int] repeatCount = 0
debug +++ [int] currentCount = 3
debug +++ [Boolean] running = true
debug +++ [int] delay = 120000
debug +++ [int] repeatCount = 0
debug +++ [int] currentCount = 3
debug +++ [Boolean] running = true
debug +++ [int] delay = 120000
debug time 22:12:36.158 :: After HeartBeat Count=4 Result=5
debug time 22:14:35.167 :: Before HeartBeat Count=5 Time=Mon Jan 16 2012 22:14:35 GMT+0100 AccountId=29131007 Session=4777659e-45b6-454d-b3b3-9fb8b42d6a2c
debug ++ [int] eventPhase = 2
debug ++ [Boolean] bubbles = false
debug ++ [Boolean] cancelable = false
debug ++ [String] type = timer
debug +++ [int] repeatCount = 0
debug +++ [int] currentCount = 4
debug +++ [Boolean] running = true
debug +++ [int] delay = 120000
debug +++ [int] repeatCount = 0
debug +++ [int] currentCount = 4
debug +++ [Boolean] running = true
debug +++ [int] delay = 120000
debug time 22:14:36.159 :: After HeartBeat Count=5 Result=5
debug time 22:16:35.167 :: Before HeartBeat Count=6 Time=Mon Jan 16 2012 22:16:35 GMT+0100 AccountId=29131007 Session=4777659e-45b6-454d-b3b3-9fb8b42d6a2c
debug ++ [int] eventPhase = 2
debug ++ [Boolean] bubbles = false
debug ++ [Boolean] cancelable = false
debug ++ [String] type = timer
debug +++ [int] repeatCount = 0
debug +++ [int] currentCount = 5
debug +++ [Boolean] running = true
debug +++ [int] delay = 120000
debug +++ [int] repeatCount = 0
debug +++ [int] currentCount = 5
debug +++ [Boolean] running = true
debug +++ [int] delay = 120000
debug time 22:16:36.161 :: After HeartBeat Count=6 Result=5
debug time 22:18:36.173 :: Before HeartBeat Count=7 Time=Mon Jan 16 2012 22:18:36 GMT+0100 AccountId=29131007 Session=4777659e-45b6-454d-b3b3-9fb8b42d6a2c
debug ++ [int] eventPhase = 2
debug ++ [Boolean] bubbles = false
debug ++ [Boolean] cancelable = false
debug ++ [String] type = timer
debug +++ [int] repeatCount = 0
debug +++ [int] currentCount = 6
debug +++ [Boolean] running = true
debug +++ [int] delay = 120000
debug +++ [int] repeatCount = 0
debug +++ [int] currentCount = 6
debug +++ [Boolean] running = true
debug +++ [int] delay = 120000
debug time 22:18:37.166 :: After HeartBeat Count=7 Result=5
debug time 22:20:36.187 :: Before HeartBeat Count=8 Time=Mon Jan 16 2012 22:20:36 GMT+0100 AccountId=29131007 Session=4777659e-45b6-454d-b3b3-9fb8b42d6a2c
debug ++ [int] eventPhase = 2
debug ++ [Boolean] bubbles = false
debug ++ [Boolean] cancelable = false
debug ++ [String] type = timer
debug +++ [int] repeatCount = 0
debug +++ [int] currentCount = 7
debug +++ [Boolean] running = true
debug +++ [int] delay = 120000
debug +++ [int] repeatCount = 0
debug +++ [int] currentCount = 7
debug +++ [Boolean] running = true
debug +++ [int] delay = 120000
debug time 22:20:37.162 :: After HeartBeat Count=8 Result=5
debug time 22:22:37.165 :: Before HeartBeat Count=9 Time=Mon Jan 16 2012 22:22:37 GMT+0100 AccountId=29131007 Session=4777659e-45b6-454d-b3b3-9fb8b42d6a2c
debug ++ [int] eventPhase = 2
debug ++ [Boolean] bubbles = false
debug ++ [Boolean] cancelable = false
debug ++ [String] type = timer
debug +++ [int] repeatCount = 0
debug +++ [int] currentCount = 8
debug +++ [Boolean] running = true
debug +++ [int] delay = 120000
debug +++ [int] repeatCount = 0
debug +++ [int] currentCount = 8
debug +++ [Boolean] running = true
debug +++ [int] delay = 120000
debug time 22:22:38.161 :: After HeartBeat Count=9 Result=5
debug time 22:24:37.165 :: Before HeartBeat Count=10 Time=Mon Jan 16 2012 22:24:37 GMT+0100 AccountId=29131007 Session=4777659e-45b6-454d-b3b3-9fb8b42d6a2c
debug ++ [int] eventPhase = 2
debug ++ [Boolean] bubbles = false
debug ++ [Boolean] cancelable = false
debug ++ [String] type = timer
debug +++ [int] repeatCount = 0
debug +++ [int] currentCount = 9
debug +++ [Boolean] running = true
debug +++ [int] delay = 120000
debug +++ [int] repeatCount = 0
debug +++ [int] currentCount = 9
debug +++ [Boolean] running = true
debug +++ [int] delay = 120000
debug time 22:24:38.161 :: After HeartBeat Count=10 Result=5
debug time 22:26:38.165 :: Before HeartBeat Count=11 Time=Mon Jan 16 2012 22:26:38 GMT+0100 AccountId=29131007 Session=4777659e-45b6-454d-b3b3-9fb8b42d6a2c
debug ++ [int] eventPhase = 2
debug ++ [Boolean] bubbles = false
debug ++ [Boolean] cancelable = false
debug ++ [String] type = timer
debug +++ [int] repeatCount = 0
debug +++ [int] currentCount = 10
debug +++ [Boolean] running = true
debug +++ [int] delay = 120000
debug +++ [int] repeatCount = 0
debug +++ [int] currentCount = 10
debug +++ [Boolean] running = true
debug +++ [int] delay = 120000
debug time 22:26:39.161 :: After HeartBeat Count=11 Result=5
debug time 22:28:39.170 :: Before HeartBeat Count=12 Time=Mon Jan 16 2012 22:28:39 GMT+0100 AccountId=29131007 Session=4777659e-45b6-454d-b3b3-9fb8b42d6a2c
debug ++ [int] eventPhase = 2
debug ++ [Boolean] bubbles = false
debug ++ [Boolean] cancelable = false
debug ++ [String] type = timer
debug +++ [int] repeatCount = 0
debug +++ [int] currentCount = 11
debug +++ [Boolean] running = true
debug +++ [int] delay = 120000
debug +++ [int] repeatCount = 0
debug +++ [int] currentCount = 11
debug +++ [Boolean] running = true
debug +++ [int] delay = 120000
debug time 22:28:40.162 :: After HeartBeat Count=12 Result=5
debug time 22:30:40.167 :: Before HeartBeat Count=13 Time=Mon Jan 16 2012 22:30:40 GMT+0100 AccountId=29131007 Session=4777659e-45b6-454d-b3b3-9fb8b42d6a2c
debug ++ [int] eventPhase = 2
debug ++ [Boolean] bubbles = false
debug ++ [Boolean] cancelable = false
debug ++ [String] type = timer
debug +++ [int] repeatCount = 0
debug +++ [int] currentCount = 12
debug +++ [Boolean] running = true
debug +++ [int] delay = 120000
debug +++ [int] repeatCount = 0
debug +++ [int] currentCount = 12
debug +++ [Boolean] running = true
debug +++ [int] delay = 120000
debug time 22:30:41.163 :: After HeartBeat Count=13 Result=5
debug time 22:32:40.169 :: Before HeartBeat Count=14 Time=Mon Jan 16 2012 22:32:40 GMT+0100 AccountId=29131007 Session=4777659e-45b6-454d-b3b3-9fb8b42d6a2c
debug ++ [int] eventPhase = 2
debug ++ [Boolean] bubbles = false
debug ++ [Boolean] cancelable = false
debug ++ [String] type = timer
debug +++ [int] repeatCount = 0
debug +++ [int] currentCount = 13
debug +++ [Boolean] running = true
debug +++ [int] delay = 120000
debug +++ [int] repeatCount = 0
debug +++ [int] currentCount = 13
debug +++ [Boolean] running = true
debug +++ [int] delay = 120000
debug time 22:32:41.166 :: After HeartBeat Count=14 Result=5
debug time 22:33:20.216 :: Performing heartbeat at Mon Jan 16 2012 22:33:20 GMT+0100
debug time 22:34:40.171 :: Before HeartBeat Count=15 Time=Mon Jan 16 2012 22:34:40 GMT+0100 AccountId=29131007 Session=4777659e-45b6-454d-b3b3-9fb8b42d6a2c
debug ++ [int] eventPhase = 2
debug ++ [Boolean] bubbles = false
debug ++ [Boolean] cancelable = false
debug ++ [String] type = timer
debug +++ [int] repeatCount = 0
debug +++ [int] currentCount = 14
debug +++ [Boolean] running = true
debug +++ [int] delay = 120000
debug +++ [int] repeatCount = 0
debug +++ [int] currentCount = 14
debug +++ [Boolean] running = true
debug +++ [int] delay = 120000
debug time 22:34:40.348 :: After HeartBeat Count=15 Result=5
debug time 22:36:40.212 :: Before HeartBeat Count=16 Time=Mon Jan 16 2012 22:36:40 GMT+0100 AccountId=29131007 Session=4777659e-45b6-454d-b3b3-9fb8b42d6a2c
debug ++ [int] eventPhase = 2
debug ++ [Boolean] bubbles = false
debug ++ [Boolean] cancelable = false
debug ++ [String] type = timer
debug +++ [int] repeatCount = 0
debug +++ [int] currentCount = 15
debug +++ [Boolean] running = true
debug +++ [int] delay = 120000
debug +++ [int] repeatCount = 0
debug +++ [int] currentCount = 15
debug +++ [Boolean] running = true
debug +++ [int] delay = 120000
debug time 22:36:40.412 :: After HeartBeat Count=16 Result=5
debug time 22:38:41.92 :: Before HeartBeat Count=17 Time=Mon Jan 16 2012 22:38:41 GMT+0100 AccountId=29131007 Session=4777659e-45b6-454d-b3b3-9fb8b42d6a2c
debug ++ [int] eventPhase = 2
debug ++ [Boolean] bubbles = false
debug ++ [Boolean] cancelable = false
debug ++ [String] type = timer
debug +++ [int] repeatCount = 0
debug +++ [int] currentCount = 16
debug +++ [Boolean] running = true
debug +++ [int] delay = 120000
debug +++ [int] repeatCount = 0
debug +++ [int] currentCount = 16
debug +++ [Boolean] running = true
debug +++ [int] delay = 120000
debug time 22:38:42.89 :: After HeartBeat Count=17 Result=5
debug time 22:40:41.93 :: Before HeartBeat Count=18 Time=Mon Jan 16 2012 22:40:41 GMT+0100 AccountId=29131007 Session=4777659e-45b6-454d-b3b3-9fb8b42d6a2c
debug ++ [int] eventPhase = 2
debug ++ [Boolean] bubbles = false
debug ++ [Boolean] cancelable = false
debug ++ [String] type = timer
debug +++ [int] repeatCount = 0
debug +++ [int] currentCount = 17
debug +++ [Boolean] running = true
debug +++ [int] delay = 120000
debug +++ [int] repeatCount = 0
debug +++ [int] currentCount = 17
debug +++ [Boolean] running = true
debug +++ [int] delay = 120000
debug time 22:40:42.90 :: After HeartBeat Count=18 Result=5
debug time 22:42:41.96 :: Before HeartBeat Count=19 Time=Mon Jan 16 2012 22:42:41 GMT+0100 AccountId=29131007 Session=4777659e-45b6-454d-b3b3-9fb8b42d6a2c
debug ++ [int] eventPhase = 2
debug ++ [Boolean] bubbles = false
debug ++ [Boolean] cancelable = false
debug ++ [String] type = timer
debug +++ [int] repeatCount = 0
debug +++ [int] currentCount = 18
debug +++ [Boolean] running = true
debug +++ [int] delay = 120000
debug +++ [int] repeatCount = 0
debug +++ [int] currentCount = 18
debug +++ [Boolean] running = true
debug +++ [int] delay = 120000
debug time 22:42:42.92 :: After HeartBeat Count=19 Result=5
debug time 22:44:42.98 :: Before HeartBeat Count=20 Time=Mon Jan 16 2012 22:44:42 GMT+0100 AccountId=29131007 Session=4777659e-45b6-454d-b3b3-9fb8b42d6a2c
debug ++ [int] eventPhase = 2
debug ++ [Boolean] bubbles = false
debug ++ [Boolean] cancelable = false
debug ++ [String] type = timer
debug +++ [int] repeatCount = 0
debug +++ [int] currentCount = 19
debug +++ [Boolean] running = true
debug +++ [int] delay = 120000
debug +++ [int] repeatCount = 0
debug +++ [int] currentCount = 19
debug +++ [Boolean] running = true
debug +++ [int] delay = 120000
debug time 22:44:43.95 :: After HeartBeat Count=20 Result=5
debug time 22:46:42.103 :: Before HeartBeat Count=21 Time=Mon Jan 16 2012 22:46:42 GMT+0100 AccountId=29131007 Session=4777659e-45b6-454d-b3b3-9fb8b42d6a2c
debug ++ [int] eventPhase = 2
debug ++ [Boolean] bubbles = false
debug ++ [Boolean] cancelable = false
debug ++ [String] type = timer
debug +++ [int] repeatCount = 0
debug +++ [int] currentCount = 20
debug +++ [Boolean] running = true
debug +++ [int] delay = 120000
debug +++ [int] repeatCount = 0
debug +++ [int] currentCount = 20
debug +++ [Boolean] running = true
debug +++ [int] delay = 120000
debug time 22:46:43.94 :: After HeartBeat Count=21 Result=5
debug time 22:48:43.99 :: Before HeartBeat Count=22 Time=Mon Jan 16 2012 22:48:43 GMT+0100 AccountId=29131007 Session=4777659e-45b6-454d-b3b3-9fb8b42d6a2c
debug ++ [int] eventPhase = 2
debug ++ [Boolean] bubbles = false
debug ++ [Boolean] cancelable = false
debug ++ [String] type = timer
debug +++ [int] repeatCount = 0
debug +++ [int] currentCount = 21
debug +++ [Boolean] running = true
debug +++ [int] delay = 120000
debug +++ [int] repeatCount = 0
debug +++ [int] currentCount = 21
debug +++ [Boolean] running = true
debug +++ [int] delay = 120000
debug time 22:48:44.96 :: After HeartBeat Count=22 Result=5
debug time 22:50:43.101 :: Before HeartBeat Count=23 Time=Mon Jan 16 2012 22:50:43 GMT+0100 AccountId=29131007 Session=4777659e-45b6-454d-b3b3-9fb8b42d6a2c
debug ++ [int] eventPhase = 2
debug ++ [Boolean] bubbles = false
debug ++ [Boolean] cancelable = false
debug ++ [String] type = timer
debug +++ [int] repeatCount = 0
debug +++ [int] currentCount = 22
debug +++ [Boolean] running = true
debug +++ [int] delay = 120000
debug +++ [int] repeatCount = 0
debug +++ [int] currentCount = 22
debug +++ [Boolean] running = true
debug +++ [int] delay = 120000
debug time 22:50:44.98 :: After HeartBeat Count=23 Result=5
debug time 22:52:43.103 :: Before HeartBeat Count=24 Time=Mon Jan 16 2012 22:52:43 GMT+0100 AccountId=29131007 Session=4777659e-45b6-454d-b3b3-9fb8b42d6a2c
debug ++ [int] eventPhase = 2
debug ++ [Boolean] bubbles = false
debug ++ [Boolean] cancelable = false
debug ++ [String] type = timer
debug +++ [int] repeatCount = 0
debug +++ [int] currentCount = 23
debug +++ [Boolean] running = true
debug +++ [int] delay = 120000
debug +++ [int] repeatCount = 0
debug +++ [int] currentCount = 23
debug +++ [Boolean] running = true
debug +++ [int] delay = 120000
debug time 22:52:44.99 :: After HeartBeat Count=24 Result=5
debug time 22:54:44.104 :: Before HeartBeat Count=25 Time=Mon Jan 16 2012 22:54:44 GMT+0100 AccountId=29131007 Session=4777659e-45b6-454d-b3b3-9fb8b42d6a2c
debug ++ [int] eventPhase = 2
debug ++ [Boolean] bubbles = false
debug ++ [Boolean] cancelable = false
debug ++ [String] type = timer
debug +++ [int] repeatCount = 0
debug +++ [int] currentCount = 24
debug +++ [Boolean] running = true
debug +++ [int] delay = 120000
debug +++ [int] repeatCount = 0
debug +++ [int] currentCount = 24
debug +++ [Boolean] running = true
debug +++ [int] delay = 120000
debug time 22:54:45.101 :: After HeartBeat Count=25 Result=5
debug time 22:56:44.105 :: Before HeartBeat Count=26 Time=Mon Jan 16 2012 22:56:44 GMT+0100 AccountId=29131007 Session=4777659e-45b6-454d-b3b3-9fb8b42d6a2c
debug ++ [int] eventPhase = 2
debug ++ [Boolean] bubbles = false
debug ++ [Boolean] cancelable = false
debug ++ [String] type = timer
debug +++ [int] repeatCount = 0
debug +++ [int] currentCount = 25
debug +++ [Boolean] running = true
debug +++ [int] delay = 120000
debug +++ [int] repeatCount = 0
debug +++ [int] currentCount = 25
debug +++ [Boolean] running = true
debug +++ [int] delay = 120000
debug time 22:56:45.100 :: After HeartBeat Count=26 Result=5
debug time 22:58:44.107 :: Before HeartBeat Count=27 Time=Mon Jan 16 2012 22:58:44 GMT+0100 AccountId=29131007 Session=4777659e-45b6-454d-b3b3-9fb8b42d6a2c
debug ++ [int] eventPhase = 2
debug ++ [Boolean] bubbles = false
debug ++ [Boolean] cancelable = false
debug ++ [String] type = timer
debug +++ [int] repeatCount = 0
debug +++ [int] currentCount = 26
debug +++ [Boolean] running = true
debug +++ [int] delay = 120000
debug +++ [int] repeatCount = 0
debug +++ [int] currentCount = 26
debug +++ [Boolean] running = true
debug +++ [int] delay = 120000
debug time 22:58:45.102 :: After HeartBeat Count=27 Result=5
debug time 23:00:44.110 :: Before HeartBeat Count=28 Time=Mon Jan 16 2012 23:00:44 GMT+0100 AccountId=29131007 Session=4777659e-45b6-454d-b3b3-9fb8b42d6a2c
debug ++ [int] eventPhase = 2
debug ++ [Boolean] bubbles = false
debug ++ [Boolean] cancelable = false
debug ++ [String] type = timer
debug +++ [int] repeatCount = 0
debug +++ [int] currentCount = 27
debug +++ [Boolean] running = true
debug +++ [int] delay = 120000
debug +++ [int] repeatCount = 0
debug +++ [int] currentCount = 27
debug +++ [Boolean] running = true
debug +++ [int] delay = 120000
debug time 23:00:45.104 :: After HeartBeat Count=28 Result=5
debug time 23:01:26.992 :: Performing heartbeat at Mon Jan 16 2012 23:01:26 GMT+0100
debug time 23:02:44.126 :: Before HeartBeat Count=29 Time=Mon Jan 16 2012 23:02:44 GMT+0100 AccountId=29131007 Session=4777659e-45b6-454d-b3b3-9fb8b42d6a2c
debug ++ [int] eventPhase = 2
debug ++ [Boolean] bubbles = false
debug ++ [Boolean] cancelable = false
debug ++ [String] type = timer
debug +++ [int] repeatCount = 0
debug +++ [int] currentCount = 28
debug +++ [Boolean] running = true
debug +++ [int] delay = 120000
debug +++ [int] repeatCount = 0
debug +++ [int] currentCount = 28
debug +++ [Boolean] running = true
debug +++ [int] delay = 120000
debug time 23:02:44.331 :: After HeartBeat Count=29 Result=5
debug time 23:04:44.782 :: Before HeartBeat Count=30 Time=Mon Jan 16 2012 23:04:44 GMT+0100 AccountId=29131007 Session=4777659e-45b6-454d-b3b3-9fb8b42d6a2c
debug ++ [int] eventPhase = 2
debug ++ [Boolean] bubbles = false
debug ++ [Boolean] cancelable = false
debug ++ [String] type = timer
debug +++ [int] repeatCount = 0
debug +++ [int] currentCount = 29
debug +++ [Boolean] running = true
debug +++ [int] delay = 120000
debug +++ [int] repeatCount = 0
debug +++ [int] currentCount = 29
debug +++ [Boolean] running = true
debug +++ [int] delay = 120000
debug time 23:04:45.777 :: After HeartBeat Count=30 Result=5
debug time 23:06:44.813 :: Before HeartBeat Count=31 Time=Mon Jan 16 2012 23:06:44 GMT+0100 AccountId=29131007 Session=4777659e-45b6-454d-b3b3-9fb8b42d6a2c
debug ++ [int] eventPhase = 2
debug ++ [Boolean] bubbles = false
debug ++ [Boolean] cancelable = false
debug ++ [String] type = timer
debug +++ [int] repeatCount = 0
debug +++ [int] currentCount = 30
debug +++ [Boolean] running = true
debug +++ [int] delay = 120000
debug +++ [int] repeatCount = 0
debug +++ [int] currentCount = 30
debug +++ [Boolean] running = true
debug +++ [int] delay = 120000
debug time 23:06:45.777 :: After HeartBeat Count=31 Result=5
debug time 23:08:45.784 :: Before HeartBeat Count=32 Time=Mon Jan 16 2012 23:08:45 GMT+0100 AccountId=29131007 Session=4777659e-45b6-454d-b3b3-9fb8b42d6a2c
debug ++ [int] eventPhase = 2
debug ++ [Boolean] bubbles = false
debug ++ [Boolean] cancelable = false
debug ++ [String] type = timer
debug +++ [int] repeatCount = 0
debug +++ [int] currentCount = 31
debug +++ [Boolean] running = true
debug +++ [int] delay = 120000
debug +++ [int] repeatCount = 0
debug +++ [int] currentCount = 31
debug +++ [Boolean] running = true
debug +++ [int] delay = 120000
debug time 23:08:46.779 :: After HeartBeat Count=32 Result=5
debug time 23:10:45.785 :: Before HeartBeat Count=33 Time=Mon Jan 16 2012 23:10:45 GMT+0100 AccountId=29131007 Session=4777659e-45b6-454d-b3b3-9fb8b42d6a2c
debug ++ [int] eventPhase = 2
debug ++ [Boolean] bubbles = false
debug ++ [Boolean] cancelable = false
debug ++ [String] type = timer
debug +++ [int] repeatCount = 0
debug +++ [int] currentCount = 32
debug +++ [Boolean] running = true
debug +++ [int] delay = 120000
debug +++ [int] repeatCount = 0
debug +++ [int] currentCount = 32
debug +++ [Boolean] running = true
debug +++ [int] delay = 120000
debug time 23:10:46.780 :: After HeartBeat Count=33 Result=5
debug time 23:12:46.785 :: Before HeartBeat Count=34 Time=Mon Jan 16 2012 23:12:46 GMT+0100 AccountId=29131007 Session=4777659e-45b6-454d-b3b3-9fb8b42d6a2c
debug ++ [int] eventPhase = 2
debug ++ [Boolean] bubbles = false
debug ++ [Boolean] cancelable = false
debug ++ [String] type = timer
debug +++ [int] repeatCount = 0
debug +++ [int] currentCount = 33
debug +++ [Boolean] running = true
debug +++ [int] delay = 120000
debug +++ [int] repeatCount = 0
debug +++ [int] currentCount = 33
debug +++ [Boolean] running = true
debug +++ [int] delay = 120000
debug time 23:12:47.781 :: After HeartBeat Count=34 Result=5
debug time 23:14:46.787 :: Before HeartBeat Count=35 Time=Mon Jan 16 2012 23:14:46 GMT+0100 AccountId=29131007 Session=4777659e-45b6-454d-b3b3-9fb8b42d6a2c
debug ++ [int] eventPhase = 2
debug ++ [Boolean] bubbles = false
debug ++ [Boolean] cancelable = false
debug ++ [String] type = timer
debug +++ [int] repeatCount = 0
debug +++ [int] currentCount = 34
debug +++ [Boolean] running = true
debug +++ [int] delay = 120000
debug +++ [int] repeatCount = 0
debug +++ [int] currentCount = 34
debug +++ [Boolean] running = true
debug +++ [int] delay = 120000
debug time 23:14:47.783 :: After HeartBeat Count=35 Result=5
debug time 23:16:46.815 :: Before HeartBeat Count=36 Time=Mon Jan 16 2012 23:16:46 GMT+0100 AccountId=29131007 Session=4777659e-45b6-454d-b3b3-9fb8b42d6a2c
debug ++ [int] eventPhase = 2
debug ++ [Boolean] bubbles = false
debug ++ [Boolean] cancelable = false
debug ++ [String] type = timer
debug +++ [int] repeatCount = 0
debug +++ [int] currentCount = 35
debug +++ [Boolean] running = true
debug +++ [int] delay = 120000
debug +++ [int] repeatCount = 0
debug +++ [int] currentCount = 35
debug +++ [Boolean] running = true
debug +++ [int] delay = 120000
debug time 23:16:47.785 :: After HeartBeat Count=36 Result=5
debug time 23:18:47.790 :: Before HeartBeat Count=37 Time=Mon Jan 16 2012 23:18:47 GMT+0100 AccountId=29131007 Session=4777659e-45b6-454d-b3b3-9fb8b42d6a2c
debug ++ [int] eventPhase = 2
debug ++ [Boolean] bubbles = false
debug ++ [Boolean] cancelable = false
debug ++ [String] type = timer
debug +++ [int] repeatCount = 0
debug +++ [int] currentCount = 36
debug +++ [Boolean] running = true
debug +++ [int] delay = 120000
debug +++ [int] repeatCount = 0
debug +++ [int] currentCount = 36
debug +++ [Boolean] running = true
debug +++ [int] delay = 120000
debug time 23:18:48.786 :: After HeartBeat Count=37 Result=5
debug time 23:20:47.792 :: Before HeartBeat Count=38 Time=Mon Jan 16 2012 23:20:47 GMT+0100 AccountId=29131007 Session=4777659e-45b6-454d-b3b3-9fb8b42d6a2c
debug ++ [int] eventPhase = 2
debug ++ [Boolean] bubbles = false
debug ++ [Boolean] cancelable = false
debug ++ [String] type = timer
debug +++ [int] repeatCount = 0
debug +++ [int] currentCount = 37
debug +++ [Boolean] running = true
debug +++ [int] delay = 120000
debug +++ [int] repeatCount = 0
debug +++ [int] currentCount = 37
debug +++ [Boolean] running = true
debug +++ [int] delay = 120000
debug time 23:20:48.788 :: After HeartBeat Count=38 Result=5
debug time 23:22:48.795 :: Before HeartBeat Count=39 Time=Mon Jan 16 2012 23:22:48 GMT+0100 AccountId=29131007 Session=4777659e-45b6-454d-b3b3-9fb8b42d6a2c
debug ++ [int] eventPhase = 2
debug ++ [Boolean] bubbles = false
debug ++ [Boolean] cancelable = false
debug ++ [String] type = timer
debug +++ [int] repeatCount = 0
debug +++ [int] currentCount = 38
debug +++ [Boolean] running = true
debug +++ [int] delay = 120000
debug +++ [int] repeatCount = 0
debug +++ [int] currentCount = 38
debug +++ [Boolean] running = true
debug +++ [int] delay = 120000
debug time 23:22:49.790 :: After HeartBeat Count=39 Result=5
debug time 23:24:49.793 :: Before HeartBeat Count=40 Time=Mon Jan 16 2012 23:24:49 GMT+0100 AccountId=29131007 Session=4777659e-45b6-454d-b3b3-9fb8b42d6a2c
debug ++ [int] eventPhase = 2
debug ++ [Boolean] bubbles = false
debug ++ [Boolean] cancelable = false
debug ++ [String] type = timer
debug +++ [int] repeatCount = 0
debug +++ [int] currentCount = 39
debug +++ [Boolean] running = true
debug +++ [int] delay = 120000
debug +++ [int] repeatCount = 0
debug +++ [int] currentCount = 39
debug +++ [Boolean] running = true
debug +++ [int] delay = 120000
debug time 23:24:50.790 :: After HeartBeat Count=40 Result=5
debug time 23:26:49.797 :: Before HeartBeat Count=41 Time=Mon Jan 16 2012 23:26:49 GMT+0100 AccountId=29131007 Session=4777659e-45b6-454d-b3b3-9fb8b42d6a2c
debug ++ [int] eventPhase = 2
debug ++ [Boolean] bubbles = false
debug ++ [Boolean] cancelable = false
debug ++ [String] type = timer
debug +++ [int] repeatCount = 0
debug +++ [int] currentCount = 40
debug +++ [Boolean] running = true
debug +++ [int] delay = 120000
debug +++ [int] repeatCount = 0
debug +++ [int] currentCount = 40
debug +++ [Boolean] running = true
debug +++ [int] delay = 120000
debug time 23:26:50.792 :: After HeartBeat Count=41 Result=5
debug time 23:27:04.821 :: Performing heartbeat at Mon Jan 16 2012 23:27:04 GMT+0100
debug time 23:28:49.830 :: Before HeartBeat Count=42 Time=Mon Jan 16 2012 23:28:49 GMT+0100 AccountId=29131007 Session=4777659e-45b6-454d-b3b3-9fb8b42d6a2c
debug ++ [int] eventPhase = 2
debug ++ [Boolean] bubbles = false
debug ++ [Boolean] cancelable = false
debug ++ [String] type = timer
debug +++ [int] repeatCount = 0
debug +++ [int] currentCount = 41
debug +++ [Boolean] running = true
debug +++ [int] delay = 120000
debug +++ [int] repeatCount = 0
debug +++ [int] currentCount = 41
debug +++ [Boolean] running = true
debug +++ [int] delay = 120000
debug time 23:28:50.41 :: After HeartBeat Count=42 Result=5
