debug time 17:50:23.524 :: Before HeartBeat Count=1 Time=Fri Nov 4 2011 17:50:23 GMT+0100 AccountId=28699575 Session=4944431d-fc3a-41aa-b42c-ac63d2aed4a1
STOP LOGGING: More than 0 nested objects or properties. 
debug time 17:50:24.562 :: After HeartBeat Count=1 Result=5
debug time 17:53:23.759 :: Before HeartBeat Count=2 Time=Fri Nov 4 2011 17:53:23 GMT+0100 AccountId=28699575 Session=4944431d-fc3a-41aa-b42c-ac63d2aed4a1
debug ++ [int] eventPhase = 2
debug ++ [Boolean] bubbles = false
debug ++ [Boolean] cancelable = false
debug ++ [String] type = timer
debug +++ [int] repeatCount = 0
debug +++ [int] currentCount = 1
debug +++ [Boolean] running = true
debug +++ [int] delay = 180000
debug +++ [int] repeatCount = 0
debug +++ [int] currentCount = 1
debug +++ [Boolean] running = true
debug +++ [int] delay = 180000
debug time 17:53:24.752 :: After HeartBeat Count=2 Result=5
debug time 17:56:24.741 :: Before HeartBeat Count=3 Time=Fri Nov 4 2011 17:56:24 GMT+0100 AccountId=28699575 Session=4944431d-fc3a-41aa-b42c-ac63d2aed4a1
debug ++ [int] eventPhase = 2
debug ++ [Boolean] bubbles = false
debug ++ [Boolean] cancelable = false
debug ++ [String] type = timer
debug +++ [int] repeatCount = 0
debug +++ [int] currentCount = 2
debug +++ [Boolean] running = true
debug +++ [int] delay = 180000
debug +++ [int] repeatCount = 0
debug +++ [int] currentCount = 2
debug +++ [Boolean] running = true
debug +++ [int] delay = 180000
debug time 17:56:25.738 :: After HeartBeat Count=3 Result=5
debug time 17:59:24.741 :: Before HeartBeat Count=4 Time=Fri Nov 4 2011 17:59:24 GMT+0100 AccountId=28699575 Session=4944431d-fc3a-41aa-b42c-ac63d2aed4a1
debug ++ [int] eventPhase = 2
debug ++ [Boolean] bubbles = false
debug ++ [Boolean] cancelable = false
debug ++ [String] type = timer
debug +++ [int] repeatCount = 0
debug +++ [int] currentCount = 3
debug +++ [Boolean] running = true
debug +++ [int] delay = 180000
debug +++ [int] repeatCount = 0
debug +++ [int] currentCount = 3
debug +++ [Boolean] running = true
debug +++ [int] delay = 180000
debug time 17:59:25.738 :: After HeartBeat Count=4 Result=5
debug time 18:02:24.743 :: Before HeartBeat Count=5 Time=Fri Nov 4 2011 18:02:24 GMT+0100 AccountId=28699575 Session=4944431d-fc3a-41aa-b42c-ac63d2aed4a1
debug ++ [int] eventPhase = 2
debug ++ [Boolean] bubbles = false
debug ++ [Boolean] cancelable = false
debug ++ [String] type = timer
debug +++ [int] repeatCount = 0
debug +++ [int] currentCount = 4
debug +++ [Boolean] running = true
debug +++ [int] delay = 180000
debug +++ [int] repeatCount = 0
debug +++ [int] currentCount = 4
debug +++ [Boolean] running = true
debug +++ [int] delay = 180000
debug time 18:02:25.740 :: After HeartBeat Count=5 Result=5
debug time 18:05:25.745 :: Before HeartBeat Count=6 Time=Fri Nov 4 2011 18:05:25 GMT+0100 AccountId=28699575 Session=4944431d-fc3a-41aa-b42c-ac63d2aed4a1
debug ++ [int] eventPhase = 2
debug ++ [Boolean] bubbles = false
debug ++ [Boolean] cancelable = false
debug ++ [String] type = timer
debug +++ [int] repeatCount = 0
debug +++ [int] currentCount = 5
debug +++ [Boolean] running = true
debug +++ [int] delay = 180000
debug +++ [int] repeatCount = 0
debug +++ [int] currentCount = 5
debug +++ [Boolean] running = true
debug +++ [int] delay = 180000
debug time 18:05:26.742 :: After HeartBeat Count=6 Result=5
debug time 18:08:25.749 :: Before HeartBeat Count=7 Time=Fri Nov 4 2011 18:08:25 GMT+0100 AccountId=28699575 Session=4944431d-fc3a-41aa-b42c-ac63d2aed4a1
debug ++ [int] eventPhase = 2
debug ++ [Boolean] bubbles = false
debug ++ [Boolean] cancelable = false
debug ++ [String] type = timer
debug +++ [int] repeatCount = 0
debug +++ [int] currentCount = 6
debug +++ [Boolean] running = true
debug +++ [int] delay = 180000
debug +++ [int] repeatCount = 0
debug +++ [int] currentCount = 6
debug +++ [Boolean] running = true
debug +++ [int] delay = 180000
debug time 18:08:26.742 :: After HeartBeat Count=7 Result=5
debug time 18:11:26.746 :: Before HeartBeat Count=8 Time=Fri Nov 4 2011 18:11:26 GMT+0100 AccountId=28699575 Session=4944431d-fc3a-41aa-b42c-ac63d2aed4a1
debug ++ [int] eventPhase = 2
debug ++ [Boolean] bubbles = false
debug ++ [Boolean] cancelable = false
debug ++ [String] type = timer
debug +++ [int] repeatCount = 0
debug +++ [int] currentCount = 7
debug +++ [Boolean] running = true
debug +++ [int] delay = 180000
debug +++ [int] repeatCount = 0
debug +++ [int] currentCount = 7
debug +++ [Boolean] running = true
debug +++ [int] delay = 180000
debug time 18:11:27.744 :: After HeartBeat Count=8 Result=5
debug time 18:14:26.752 :: Before HeartBeat Count=9 Time=Fri Nov 4 2011 18:14:26 GMT+0100 AccountId=28699575 Session=4944431d-fc3a-41aa-b42c-ac63d2aed4a1
debug ++ [int] eventPhase = 2
debug ++ [Boolean] bubbles = false
debug ++ [Boolean] cancelable = false
debug ++ [String] type = timer
debug +++ [int] repeatCount = 0
debug +++ [int] currentCount = 8
debug +++ [Boolean] running = true
debug +++ [int] delay = 180000
debug +++ [int] repeatCount = 0
debug +++ [int] currentCount = 8
debug +++ [Boolean] running = true
debug +++ [int] delay = 180000
debug time 18:14:27.746 :: After HeartBeat Count=9 Result=5
debug time 18:17:26.805 :: Before HeartBeat Count=10 Time=Fri Nov 4 2011 18:17:26 GMT+0100 AccountId=28699575 Session=4944431d-fc3a-41aa-b42c-ac63d2aed4a1
debug ++ [int] eventPhase = 2
debug ++ [Boolean] bubbles = false
debug ++ [Boolean] cancelable = false
debug ++ [String] type = timer
debug +++ [int] repeatCount = 0
debug +++ [int] currentCount = 9
debug +++ [Boolean] running = true
debug +++ [int] delay = 180000
debug +++ [int] repeatCount = 0
debug +++ [int] currentCount = 9
debug +++ [Boolean] running = true
debug +++ [int] delay = 180000
debug time 18:17:27.802 :: After HeartBeat Count=10 Result=5
debug time 18:20:26.809 :: Before HeartBeat Count=11 Time=Fri Nov 4 2011 18:20:26 GMT+0100 AccountId=28699575 Session=4944431d-fc3a-41aa-b42c-ac63d2aed4a1
debug ++ [int] eventPhase = 2
debug ++ [Boolean] bubbles = false
debug ++ [Boolean] cancelable = false
debug ++ [String] type = timer
debug +++ [int] repeatCount = 0
debug +++ [int] currentCount = 10
debug +++ [Boolean] running = true
debug +++ [int] delay = 180000
debug +++ [int] repeatCount = 0
debug +++ [int] currentCount = 10
debug +++ [Boolean] running = true
debug +++ [int] delay = 180000
debug time 18:20:27.805 :: After HeartBeat Count=11 Result=5
debug time 18:23:27.808 :: Before HeartBeat Count=12 Time=Fri Nov 4 2011 18:23:27 GMT+0100 AccountId=28699575 Session=4944431d-fc3a-41aa-b42c-ac63d2aed4a1
debug ++ [int] eventPhase = 2
debug ++ [Boolean] bubbles = false
debug ++ [Boolean] cancelable = false
debug ++ [String] type = timer
debug +++ [int] repeatCount = 0
debug +++ [int] currentCount = 11
debug +++ [Boolean] running = true
debug +++ [int] delay = 180000
debug +++ [int] repeatCount = 0
debug +++ [int] currentCount = 11
debug +++ [Boolean] running = true
debug +++ [int] delay = 180000
debug time 18:23:28.805 :: After HeartBeat Count=12 Result=5
debug time 18:25:05.885 :: Performing heartbeat at Fri Nov 4 2011 18:25:05 GMT+0100
