debug time 17:24:36.910 :: Before HeartBeat Count=1 Time=Thu Mar 29 2012 17:24:36 GMT+0200 AccountId=29131007 Session=b68c9b59-6ae6-45b5-8774-d8eecd7828d6
STOP LOGGING: More than 0 nested objects or properties. 
debug time 17:24:37.308 :: After HeartBeat Count=1 Result=5
debug time 17:26:36.941 :: Before HeartBeat Count=2 Time=Thu Mar 29 2012 17:26:36 GMT+0200 AccountId=29131007 Session=b68c9b59-6ae6-45b5-8774-d8eecd7828d6
debug ++ [int] eventPhase = 2
debug ++ [Boolean] bubbles = false
debug ++ [Boolean] cancelable = false
debug ++ [String] type = timer
debug +++ [int] repeatCount = 0
debug +++ [int] currentCount = 1
debug +++ [Boolean] running = true
debug +++ [int] delay = 120000
debug +++ [int] repeatCount = 0
debug +++ [int] currentCount = 1
debug +++ [Boolean] running = true
debug +++ [int] delay = 120000
debug time 17:26:37.141 :: After HeartBeat Count=2 Result=5
debug time 17:28:36.985 :: Before HeartBeat Count=3 Time=Thu Mar 29 2012 17:28:36 GMT+0200 AccountId=29131007 Session=b68c9b59-6ae6-45b5-8774-d8eecd7828d6
debug ++ [int] eventPhase = 2
debug ++ [Boolean] bubbles = false
debug ++ [Boolean] cancelable = false
debug ++ [String] type = timer
debug +++ [int] repeatCount = 0
debug +++ [int] currentCount = 2
debug +++ [Boolean] running = true
debug +++ [int] delay = 120000
debug +++ [int] repeatCount = 0
debug +++ [int] currentCount = 2
debug +++ [Boolean] running = true
debug +++ [int] delay = 120000
debug time 17:28:37.290 :: After HeartBeat Count=3 Result=5
