debug time 14:45:57.746 :: Before HeartBeat Count=1 Time=Wed Apr 11 2012 14:45:57 GMT+0200 AccountId=29131007 Session=19d83cd0-26d1-4a6b-b0a6-799cba417344
STOP LOGGING: More than 0 nested objects or properties. 
debug time 14:45:58.102 :: After HeartBeat Count=1 Result=5
debug time 14:47:57.749 :: Before HeartBeat Count=2 Time=Wed Apr 11 2012 14:47:57 GMT+0200 AccountId=29131007 Session=19d83cd0-26d1-4a6b-b0a6-799cba417344
debug ++ [int] eventPhase = 2
debug ++ [Boolean] bubbles = false
debug ++ [Boolean] cancelable = false
debug ++ [String] type = timer
debug +++ [int] repeatCount = 0
debug +++ [int] currentCount = 1
debug +++ [Boolean] running = true
debug +++ [int] delay = 120000
debug +++ [int] repeatCount = 0
debug +++ [int] currentCount = 1
debug +++ [Boolean] running = true
debug +++ [int] delay = 120000
debug time 14:47:57.921 :: After HeartBeat Count=2 Result=5
debug time 14:49:58.544 :: Before HeartBeat Count=3 Time=Wed Apr 11 2012 14:49:58 GMT+0200 AccountId=29131007 Session=19d83cd0-26d1-4a6b-b0a6-799cba417344
debug ++ [int] eventPhase = 2
debug ++ [Boolean] bubbles = false
debug ++ [Boolean] cancelable = false
debug ++ [String] type = timer
debug +++ [int] repeatCount = 0
debug +++ [int] currentCount = 2
debug +++ [Boolean] running = true
debug +++ [int] delay = 120000
debug +++ [int] repeatCount = 0
debug +++ [int] currentCount = 2
debug +++ [Boolean] running = true
debug +++ [int] delay = 120000
debug time 14:49:58.730 :: After HeartBeat Count=3 Result=5
debug time 14:51:59.535 :: Before HeartBeat Count=4 Time=Wed Apr 11 2012 14:51:59 GMT+0200 AccountId=29131007 Session=19d83cd0-26d1-4a6b-b0a6-799cba417344
debug ++ [int] eventPhase = 2
debug ++ [Boolean] bubbles = false
debug ++ [Boolean] cancelable = false
debug ++ [String] type = timer
debug +++ [int] repeatCount = 0
debug +++ [int] currentCount = 3
debug +++ [Boolean] running = true
debug +++ [int] delay = 120000
debug +++ [int] repeatCount = 0
debug +++ [int] currentCount = 3
debug +++ [Boolean] running = true
debug +++ [int] delay = 120000
debug time 14:51:59.705 :: After HeartBeat Count=4 Result=5
debug time 14:53:59.550 :: Before HeartBeat Count=5 Time=Wed Apr 11 2012 14:53:59 GMT+0200 AccountId=29131007 Session=19d83cd0-26d1-4a6b-b0a6-799cba417344
debug ++ [int] eventPhase = 2
debug ++ [Boolean] bubbles = false
debug ++ [Boolean] cancelable = false
debug ++ [String] type = timer
debug +++ [int] repeatCount = 0
debug +++ [int] currentCount = 4
debug +++ [Boolean] running = true
debug +++ [int] delay = 120000
debug +++ [int] repeatCount = 0
debug +++ [int] currentCount = 4
debug +++ [Boolean] running = true
debug +++ [int] delay = 120000
debug time 14:53:59.728 :: After HeartBeat Count=5 Result=5
debug time 14:56:00.534 :: Before HeartBeat Count=6 Time=Wed Apr 11 2012 14:56:00 GMT+0200 AccountId=29131007 Session=19d83cd0-26d1-4a6b-b0a6-799cba417344
debug ++ [int] eventPhase = 2
debug ++ [Boolean] bubbles = false
debug ++ [Boolean] cancelable = false
debug ++ [String] type = timer
debug +++ [int] repeatCount = 0
debug +++ [int] currentCount = 5
debug +++ [Boolean] running = true
debug +++ [int] delay = 120000
debug +++ [int] repeatCount = 0
debug +++ [int] currentCount = 5
debug +++ [Boolean] running = true
debug +++ [int] delay = 120000
debug time 14:56:00.703 :: After HeartBeat Count=6 Result=5
debug time 14:58:00.534 :: Before HeartBeat Count=7 Time=Wed Apr 11 2012 14:58:00 GMT+0200 AccountId=29131007 Session=19d83cd0-26d1-4a6b-b0a6-799cba417344
debug ++ [int] eventPhase = 2
debug ++ [Boolean] bubbles = false
debug ++ [Boolean] cancelable = false
debug ++ [String] type = timer
debug +++ [int] repeatCount = 0
debug +++ [int] currentCount = 6
debug +++ [Boolean] running = true
debug +++ [int] delay = 120000
debug +++ [int] repeatCount = 0
debug +++ [int] currentCount = 6
debug +++ [Boolean] running = true
debug +++ [int] delay = 120000
debug time 14:58:00.703 :: After HeartBeat Count=7 Result=5
debug time 15:00:00.534 :: Before HeartBeat Count=8 Time=Wed Apr 11 2012 15:00:00 GMT+0200 AccountId=29131007 Session=19d83cd0-26d1-4a6b-b0a6-799cba417344
debug ++ [int] eventPhase = 2
debug ++ [Boolean] bubbles = false
debug ++ [Boolean] cancelable = false
debug ++ [String] type = timer
debug +++ [int] repeatCount = 0
debug +++ [int] currentCount = 7
debug +++ [Boolean] running = true
debug +++ [int] delay = 120000
debug +++ [int] repeatCount = 0
debug +++ [int] currentCount = 7
debug +++ [Boolean] running = true
debug +++ [int] delay = 120000
debug time 15:00:00.702 :: After HeartBeat Count=8 Result=5
debug time 15:02:00.544 :: Before HeartBeat Count=9 Time=Wed Apr 11 2012 15:02:00 GMT+0200 AccountId=29131007 Session=19d83cd0-26d1-4a6b-b0a6-799cba417344
debug ++ [int] eventPhase = 2
debug ++ [Boolean] bubbles = false
debug ++ [Boolean] cancelable = false
debug ++ [String] type = timer
debug +++ [int] repeatCount = 0
debug +++ [int] currentCount = 8
debug +++ [Boolean] running = true
debug +++ [int] delay = 120000
debug +++ [int] repeatCount = 0
debug +++ [int] currentCount = 8
debug +++ [Boolean] running = true
debug +++ [int] delay = 120000
debug time 15:02:00.728 :: After HeartBeat Count=9 Result=5
debug time 15:04:01.534 :: Before HeartBeat Count=10 Time=Wed Apr 11 2012 15:04:01 GMT+0200 AccountId=29131007 Session=19d83cd0-26d1-4a6b-b0a6-799cba417344
debug ++ [int] eventPhase = 2
debug ++ [Boolean] bubbles = false
debug ++ [Boolean] cancelable = false
debug ++ [String] type = timer
debug +++ [int] repeatCount = 0
debug +++ [int] currentCount = 9
debug +++ [Boolean] running = true
debug +++ [int] delay = 120000
debug +++ [int] repeatCount = 0
debug +++ [int] currentCount = 9
debug +++ [Boolean] running = true
debug +++ [int] delay = 120000
debug time 15:04:01.702 :: After HeartBeat Count=10 Result=5
debug time 15:06:02.536 :: Before HeartBeat Count=11 Time=Wed Apr 11 2012 15:06:02 GMT+0200 AccountId=29131007 Session=19d83cd0-26d1-4a6b-b0a6-799cba417344
debug ++ [int] eventPhase = 2
debug ++ [Boolean] bubbles = false
debug ++ [Boolean] cancelable = false
debug ++ [String] type = timer
debug +++ [int] repeatCount = 0
debug +++ [int] currentCount = 10
debug +++ [Boolean] running = true
debug +++ [int] delay = 120000
debug +++ [int] repeatCount = 0
debug +++ [int] currentCount = 10
debug +++ [Boolean] running = true
debug +++ [int] delay = 120000
debug time 15:06:02.705 :: After HeartBeat Count=11 Result=5
debug time 15:08:02.544 :: Before HeartBeat Count=12 Time=Wed Apr 11 2012 15:08:02 GMT+0200 AccountId=29131007 Session=19d83cd0-26d1-4a6b-b0a6-799cba417344
debug ++ [int] eventPhase = 2
debug ++ [Boolean] bubbles = false
debug ++ [Boolean] cancelable = false
debug ++ [String] type = timer
debug +++ [int] repeatCount = 0
debug +++ [int] currentCount = 11
debug +++ [Boolean] running = true
debug +++ [int] delay = 120000
debug +++ [int] repeatCount = 0
debug +++ [int] currentCount = 11
debug +++ [Boolean] running = true
debug +++ [int] delay = 120000
debug time 15:08:02.719 :: After HeartBeat Count=12 Result=5
debug time 15:10:03.534 :: Before HeartBeat Count=13 Time=Wed Apr 11 2012 15:10:03 GMT+0200 AccountId=29131007 Session=19d83cd0-26d1-4a6b-b0a6-799cba417344
debug ++ [int] eventPhase = 2
debug ++ [Boolean] bubbles = false
debug ++ [Boolean] cancelable = false
debug ++ [String] type = timer
debug +++ [int] repeatCount = 0
debug +++ [int] currentCount = 12
debug +++ [Boolean] running = true
debug +++ [int] delay = 120000
debug +++ [int] repeatCount = 0
debug +++ [int] currentCount = 12
debug +++ [Boolean] running = true
debug +++ [int] delay = 120000
debug time 15:10:03.703 :: After HeartBeat Count=13 Result=5
debug time 15:12:03.534 :: Before HeartBeat Count=14 Time=Wed Apr 11 2012 15:12:03 GMT+0200 AccountId=29131007 Session=19d83cd0-26d1-4a6b-b0a6-799cba417344
debug ++ [int] eventPhase = 2
debug ++ [Boolean] bubbles = false
debug ++ [Boolean] cancelable = false
debug ++ [String] type = timer
debug +++ [int] repeatCount = 0
debug +++ [int] currentCount = 13
debug +++ [Boolean] running = true
debug +++ [int] delay = 120000
debug +++ [int] repeatCount = 0
debug +++ [int] currentCount = 13
debug +++ [Boolean] running = true
debug +++ [int] delay = 120000
debug time 15:12:03.702 :: After HeartBeat Count=14 Result=5
debug time 15:14:03.534 :: Before HeartBeat Count=15 Time=Wed Apr 11 2012 15:14:03 GMT+0200 AccountId=29131007 Session=19d83cd0-26d1-4a6b-b0a6-799cba417344
debug ++ [int] eventPhase = 2
debug ++ [Boolean] bubbles = false
debug ++ [Boolean] cancelable = false
debug ++ [String] type = timer
debug +++ [int] repeatCount = 0
debug +++ [int] currentCount = 14
debug +++ [Boolean] running = true
debug +++ [int] delay = 120000
debug +++ [int] repeatCount = 0
debug +++ [int] currentCount = 14
debug +++ [Boolean] running = true
debug +++ [int] delay = 120000
debug time 15:14:03.702 :: After HeartBeat Count=15 Result=5
debug time 15:16:03.549 :: Before HeartBeat Count=16 Time=Wed Apr 11 2012 15:16:03 GMT+0200 AccountId=29131007 Session=19d83cd0-26d1-4a6b-b0a6-799cba417344
debug ++ [int] eventPhase = 2
debug ++ [Boolean] bubbles = false
debug ++ [Boolean] cancelable = false
debug ++ [String] type = timer
debug +++ [int] repeatCount = 0
debug +++ [int] currentCount = 15
debug +++ [Boolean] running = true
debug +++ [int] delay = 120000
debug +++ [int] repeatCount = 0
debug +++ [int] currentCount = 15
debug +++ [Boolean] running = true
debug +++ [int] delay = 120000
debug time 15:16:03.729 :: After HeartBeat Count=16 Result=5
debug time 15:18:04.534 :: Before HeartBeat Count=17 Time=Wed Apr 11 2012 15:18:04 GMT+0200 AccountId=29131007 Session=19d83cd0-26d1-4a6b-b0a6-799cba417344
debug ++ [int] eventPhase = 2
debug ++ [Boolean] bubbles = false
debug ++ [Boolean] cancelable = false
debug ++ [String] type = timer
debug +++ [int] repeatCount = 0
debug +++ [int] currentCount = 16
debug +++ [Boolean] running = true
debug +++ [int] delay = 120000
debug +++ [int] repeatCount = 0
debug +++ [int] currentCount = 16
debug +++ [Boolean] running = true
debug +++ [int] delay = 120000
debug time 15:18:04.703 :: After HeartBeat Count=17 Result=5
debug time 15:20:04.537 :: Before HeartBeat Count=18 Time=Wed Apr 11 2012 15:20:04 GMT+0200 AccountId=29131007 Session=19d83cd0-26d1-4a6b-b0a6-799cba417344
debug ++ [int] eventPhase = 2
debug ++ [Boolean] bubbles = false
debug ++ [Boolean] cancelable = false
debug ++ [String] type = timer
debug +++ [int] repeatCount = 0
debug +++ [int] currentCount = 17
debug +++ [Boolean] running = true
debug +++ [int] delay = 120000
debug +++ [int] repeatCount = 0
debug +++ [int] currentCount = 17
debug +++ [Boolean] running = true
debug +++ [int] delay = 120000
debug time 15:20:04.710 :: After HeartBeat Count=18 Result=5
debug time 15:22:05.534 :: Before HeartBeat Count=19 Time=Wed Apr 11 2012 15:22:05 GMT+0200 AccountId=29131007 Session=19d83cd0-26d1-4a6b-b0a6-799cba417344
debug ++ [int] eventPhase = 2
debug ++ [Boolean] bubbles = false
debug ++ [Boolean] cancelable = false
debug ++ [String] type = timer
debug +++ [int] repeatCount = 0
debug +++ [int] currentCount = 18
debug +++ [Boolean] running = true
debug +++ [int] delay = 120000
debug +++ [int] repeatCount = 0
debug +++ [int] currentCount = 18
debug +++ [Boolean] running = true
debug +++ [int] delay = 120000
debug time 15:22:05.702 :: After HeartBeat Count=19 Result=5
debug time 15:24:05.534 :: Before HeartBeat Count=20 Time=Wed Apr 11 2012 15:24:05 GMT+0200 AccountId=29131007 Session=19d83cd0-26d1-4a6b-b0a6-799cba417344
debug ++ [int] eventPhase = 2
debug ++ [Boolean] bubbles = false
debug ++ [Boolean] cancelable = false
debug ++ [String] type = timer
debug +++ [int] repeatCount = 0
debug +++ [int] currentCount = 19
debug +++ [Boolean] running = true
debug +++ [int] delay = 120000
debug +++ [int] repeatCount = 0
debug +++ [int] currentCount = 19
debug +++ [Boolean] running = true
debug +++ [int] delay = 120000
debug time 15:24:05.703 :: After HeartBeat Count=20 Result=5
debug time 15:26:05.534 :: Before HeartBeat Count=21 Time=Wed Apr 11 2012 15:26:05 GMT+0200 AccountId=29131007 Session=19d83cd0-26d1-4a6b-b0a6-799cba417344
debug ++ [int] eventPhase = 2
debug ++ [Boolean] bubbles = false
debug ++ [Boolean] cancelable = false
debug ++ [String] type = timer
debug +++ [int] repeatCount = 0
debug +++ [int] currentCount = 20
debug +++ [Boolean] running = true
debug +++ [int] delay = 120000
debug +++ [int] repeatCount = 0
debug +++ [int] currentCount = 20
debug +++ [Boolean] running = true
debug +++ [int] delay = 120000
debug time 15:26:05.702 :: After HeartBeat Count=21 Result=5
debug time 15:28:05.544 :: Before HeartBeat Count=22 Time=Wed Apr 11 2012 15:28:05 GMT+0200 AccountId=29131007 Session=19d83cd0-26d1-4a6b-b0a6-799cba417344
debug ++ [int] eventPhase = 2
debug ++ [Boolean] bubbles = false
debug ++ [Boolean] cancelable = false
debug ++ [String] type = timer
debug +++ [int] repeatCount = 0
debug +++ [int] currentCount = 21
debug +++ [Boolean] running = true
debug +++ [int] delay = 120000
debug +++ [int] repeatCount = 0
debug +++ [int] currentCount = 21
debug +++ [Boolean] running = true
debug +++ [int] delay = 120000
debug time 15:28:05.728 :: After HeartBeat Count=22 Result=5
debug time 15:30:06.534 :: Before HeartBeat Count=23 Time=Wed Apr 11 2012 15:30:06 GMT+0200 AccountId=29131007 Session=19d83cd0-26d1-4a6b-b0a6-799cba417344
debug ++ [int] eventPhase = 2
debug ++ [Boolean] bubbles = false
debug ++ [Boolean] cancelable = false
debug ++ [String] type = timer
debug +++ [int] repeatCount = 0
debug +++ [int] currentCount = 22
debug +++ [Boolean] running = true
debug +++ [int] delay = 120000
debug +++ [int] repeatCount = 0
debug +++ [int] currentCount = 22
debug +++ [Boolean] running = true
debug +++ [int] delay = 120000
debug time 15:30:06.704 :: After HeartBeat Count=23 Result=5
debug time 15:32:06.554 :: Before HeartBeat Count=24 Time=Wed Apr 11 2012 15:32:06 GMT+0200 AccountId=29131007 Session=19d83cd0-26d1-4a6b-b0a6-799cba417344
debug ++ [int] eventPhase = 2
debug ++ [Boolean] bubbles = false
debug ++ [Boolean] cancelable = false
debug ++ [String] type = timer
debug +++ [int] repeatCount = 0
debug +++ [int] currentCount = 23
debug +++ [Boolean] running = true
debug +++ [int] delay = 120000
debug +++ [int] repeatCount = 0
debug +++ [int] currentCount = 23
debug +++ [Boolean] running = true
debug +++ [int] delay = 120000
debug time 15:32:06.739 :: After HeartBeat Count=24 Result=5
debug time 15:34:07.534 :: Before HeartBeat Count=25 Time=Wed Apr 11 2012 15:34:07 GMT+0200 AccountId=29131007 Session=19d83cd0-26d1-4a6b-b0a6-799cba417344
debug ++ [int] eventPhase = 2
debug ++ [Boolean] bubbles = false
debug ++ [Boolean] cancelable = false
debug ++ [String] type = timer
debug +++ [int] repeatCount = 0
debug +++ [int] currentCount = 24
debug +++ [Boolean] running = true
debug +++ [int] delay = 120000
debug +++ [int] repeatCount = 0
debug +++ [int] currentCount = 24
debug +++ [Boolean] running = true
debug +++ [int] delay = 120000
debug time 15:34:07.703 :: After HeartBeat Count=25 Result=5
debug time 15:36:07.534 :: Before HeartBeat Count=26 Time=Wed Apr 11 2012 15:36:07 GMT+0200 AccountId=29131007 Session=19d83cd0-26d1-4a6b-b0a6-799cba417344
debug ++ [int] eventPhase = 2
debug ++ [Boolean] bubbles = false
debug ++ [Boolean] cancelable = false
debug ++ [String] type = timer
debug +++ [int] repeatCount = 0
debug +++ [int] currentCount = 25
debug +++ [Boolean] running = true
debug +++ [int] delay = 120000
debug +++ [int] repeatCount = 0
debug +++ [int] currentCount = 25
debug +++ [Boolean] running = true
debug +++ [int] delay = 120000
debug time 15:36:07.703 :: After HeartBeat Count=26 Result=5
debug time 15:38:07.539 :: Before HeartBeat Count=27 Time=Wed Apr 11 2012 15:38:07 GMT+0200 AccountId=29131007 Session=19d83cd0-26d1-4a6b-b0a6-799cba417344
debug ++ [int] eventPhase = 2
debug ++ [Boolean] bubbles = false
debug ++ [Boolean] cancelable = false
debug ++ [String] type = timer
debug +++ [int] repeatCount = 0
debug +++ [int] currentCount = 26
debug +++ [Boolean] running = true
debug +++ [int] delay = 120000
debug +++ [int] repeatCount = 0
debug +++ [int] currentCount = 26
debug +++ [Boolean] running = true
debug +++ [int] delay = 120000
debug time 15:38:07.711 :: After HeartBeat Count=27 Result=5
debug time 15:40:08.534 :: Before HeartBeat Count=28 Time=Wed Apr 11 2012 15:40:08 GMT+0200 AccountId=29131007 Session=19d83cd0-26d1-4a6b-b0a6-799cba417344
debug ++ [int] eventPhase = 2
debug ++ [Boolean] bubbles = false
debug ++ [Boolean] cancelable = false
debug ++ [String] type = timer
debug +++ [int] repeatCount = 0
debug +++ [int] currentCount = 27
debug +++ [Boolean] running = true
debug +++ [int] delay = 120000
debug +++ [int] repeatCount = 0
debug +++ [int] currentCount = 27
debug +++ [Boolean] running = true
debug +++ [int] delay = 120000
debug time 15:40:08.702 :: After HeartBeat Count=28 Result=5
debug time 15:42:08.534 :: Before HeartBeat Count=29 Time=Wed Apr 11 2012 15:42:08 GMT+0200 AccountId=29131007 Session=19d83cd0-26d1-4a6b-b0a6-799cba417344
debug ++ [int] eventPhase = 2
debug ++ [Boolean] bubbles = false
debug ++ [Boolean] cancelable = false
debug ++ [String] type = timer
debug +++ [int] repeatCount = 0
debug +++ [int] currentCount = 28
debug +++ [Boolean] running = true
debug +++ [int] delay = 120000
debug +++ [int] repeatCount = 0
debug +++ [int] currentCount = 28
debug +++ [Boolean] running = true
debug +++ [int] delay = 120000
debug time 15:42:08.704 :: After HeartBeat Count=29 Result=5
debug time 15:42:33.981 :: Performing heartbeat at Wed Apr 11 2012 15:42:33 GMT+0200
debug time 15:44:08.548 :: Before HeartBeat Count=30 Time=Wed Apr 11 2012 15:44:08 GMT+0200 AccountId=29131007 Session=19d83cd0-26d1-4a6b-b0a6-799cba417344
debug ++ [int] eventPhase = 2
debug ++ [Boolean] bubbles = false
debug ++ [Boolean] cancelable = false
debug ++ [String] type = timer
debug +++ [int] repeatCount = 0
debug +++ [int] currentCount = 29
debug +++ [Boolean] running = true
debug +++ [int] delay = 120000
debug +++ [int] repeatCount = 0
debug +++ [int] currentCount = 29
debug +++ [Boolean] running = true
debug +++ [int] delay = 120000
debug time 15:44:08.743 :: After HeartBeat Count=30 Result=5
debug time 15:46:08.577 :: Before HeartBeat Count=31 Time=Wed Apr 11 2012 15:46:08 GMT+0200 AccountId=29131007 Session=19d83cd0-26d1-4a6b-b0a6-799cba417344
debug ++ [int] eventPhase = 2
debug ++ [Boolean] bubbles = false
debug ++ [Boolean] cancelable = false
debug ++ [String] type = timer
debug +++ [int] repeatCount = 0
debug +++ [int] currentCount = 30
debug +++ [Boolean] running = true
debug +++ [int] delay = 120000
debug +++ [int] repeatCount = 0
debug +++ [int] currentCount = 30
debug +++ [Boolean] running = true
debug +++ [int] delay = 120000
debug time 15:46:08.773 :: After HeartBeat Count=31 Result=5
debug time 15:48:08.720 :: Before HeartBeat Count=32 Time=Wed Apr 11 2012 15:48:08 GMT+0200 AccountId=29131007 Session=19d83cd0-26d1-4a6b-b0a6-799cba417344
debug ++ [int] eventPhase = 2
debug ++ [Boolean] bubbles = false
debug ++ [Boolean] cancelable = false
debug ++ [String] type = timer
debug +++ [int] repeatCount = 0
debug +++ [int] currentCount = 31
debug +++ [Boolean] running = true
debug +++ [int] delay = 120000
debug +++ [int] repeatCount = 0
debug +++ [int] currentCount = 31
debug +++ [Boolean] running = true
debug +++ [int] delay = 120000
debug time 15:48:08.889 :: After HeartBeat Count=32 Result=5
debug time 15:50:08.778 :: Before HeartBeat Count=33 Time=Wed Apr 11 2012 15:50:08 GMT+0200 AccountId=29131007 Session=19d83cd0-26d1-4a6b-b0a6-799cba417344
debug ++ [int] eventPhase = 2
debug ++ [Boolean] bubbles = false
debug ++ [Boolean] cancelable = false
debug ++ [String] type = timer
debug +++ [int] repeatCount = 0
debug +++ [int] currentCount = 32
debug +++ [Boolean] running = true
debug +++ [int] delay = 120000
debug +++ [int] repeatCount = 0
debug +++ [int] currentCount = 32
debug +++ [Boolean] running = true
debug +++ [int] delay = 120000
debug time 15:50:08.980 :: After HeartBeat Count=33 Result=5
debug time 15:52:08.778 :: Before HeartBeat Count=34 Time=Wed Apr 11 2012 15:52:08 GMT+0200 AccountId=29131007 Session=19d83cd0-26d1-4a6b-b0a6-799cba417344
debug ++ [int] eventPhase = 2
debug ++ [Boolean] bubbles = false
debug ++ [Boolean] cancelable = false
debug ++ [String] type = timer
debug +++ [int] repeatCount = 0
debug +++ [int] currentCount = 33
debug +++ [Boolean] running = true
debug +++ [int] delay = 120000
debug +++ [int] repeatCount = 0
debug +++ [int] currentCount = 33
debug +++ [Boolean] running = true
debug +++ [int] delay = 120000
debug time 15:52:08.947 :: After HeartBeat Count=34 Result=5
debug time 15:54:09.795 :: Before HeartBeat Count=35 Time=Wed Apr 11 2012 15:54:09 GMT+0200 AccountId=29131007 Session=19d83cd0-26d1-4a6b-b0a6-799cba417344
debug ++ [int] eventPhase = 2
debug ++ [Boolean] bubbles = false
debug ++ [Boolean] cancelable = false
debug ++ [String] type = timer
debug +++ [int] repeatCount = 0
debug +++ [int] currentCount = 34
debug +++ [Boolean] running = true
debug +++ [int] delay = 120000
debug +++ [int] repeatCount = 0
debug +++ [int] currentCount = 34
debug +++ [Boolean] running = true
debug +++ [int] delay = 120000
debug time 15:54:09.964 :: After HeartBeat Count=35 Result=5
debug time 15:56:09.800 :: Before HeartBeat Count=36 Time=Wed Apr 11 2012 15:56:09 GMT+0200 AccountId=29131007 Session=19d83cd0-26d1-4a6b-b0a6-799cba417344
debug ++ [int] eventPhase = 2
debug ++ [Boolean] bubbles = false
debug ++ [Boolean] cancelable = false
debug ++ [String] type = timer
debug +++ [int] repeatCount = 0
debug +++ [int] currentCount = 35
debug +++ [Boolean] running = true
debug +++ [int] delay = 120000
debug +++ [int] repeatCount = 0
debug +++ [int] currentCount = 35
debug +++ [Boolean] running = true
debug +++ [int] delay = 120000
debug time 15:56:10.05 :: After HeartBeat Count=36 Result=5
debug time 15:58:10.775 :: Before HeartBeat Count=37 Time=Wed Apr 11 2012 15:58:10 GMT+0200 AccountId=29131007 Session=19d83cd0-26d1-4a6b-b0a6-799cba417344
debug ++ [int] eventPhase = 2
debug ++ [Boolean] bubbles = false
debug ++ [Boolean] cancelable = false
debug ++ [String] type = timer
debug +++ [int] repeatCount = 0
debug +++ [int] currentCount = 36
debug +++ [Boolean] running = true
debug +++ [int] delay = 120000
debug +++ [int] repeatCount = 0
debug +++ [int] currentCount = 36
debug +++ [Boolean] running = true
debug +++ [int] delay = 120000
debug time 15:58:10.944 :: After HeartBeat Count=37 Result=5
debug time 16:00:10.796 :: Before HeartBeat Count=38 Time=Wed Apr 11 2012 16:00:10 GMT+0200 AccountId=29131007 Session=19d83cd0-26d1-4a6b-b0a6-799cba417344
debug ++ [int] eventPhase = 2
debug ++ [Boolean] bubbles = false
debug ++ [Boolean] cancelable = false
debug ++ [String] type = timer
debug +++ [int] repeatCount = 0
debug +++ [int] currentCount = 37
debug +++ [Boolean] running = true
debug +++ [int] delay = 120000
debug +++ [int] repeatCount = 0
debug +++ [int] currentCount = 37
debug +++ [Boolean] running = true
debug +++ [int] delay = 120000
debug time 16:00:10.994 :: After HeartBeat Count=38 Result=5
debug time 16:02:10.805 :: Before HeartBeat Count=39 Time=Wed Apr 11 2012 16:02:10 GMT+0200 AccountId=29131007 Session=19d83cd0-26d1-4a6b-b0a6-799cba417344
debug ++ [int] eventPhase = 2
debug ++ [Boolean] bubbles = false
debug ++ [Boolean] cancelable = false
debug ++ [String] type = timer
debug +++ [int] repeatCount = 0
debug +++ [int] currentCount = 38
debug +++ [Boolean] running = true
debug +++ [int] delay = 120000
debug +++ [int] repeatCount = 0
debug +++ [int] currentCount = 38
debug +++ [Boolean] running = true
debug +++ [int] delay = 120000
debug time 16:02:10.999 :: After HeartBeat Count=39 Result=5
debug time 16:04:11.805 :: Before HeartBeat Count=40 Time=Wed Apr 11 2012 16:04:11 GMT+0200 AccountId=29131007 Session=19d83cd0-26d1-4a6b-b0a6-799cba417344
debug ++ [int] eventPhase = 2
debug ++ [Boolean] bubbles = false
debug ++ [Boolean] cancelable = false
debug ++ [String] type = timer
debug +++ [int] repeatCount = 0
debug +++ [int] currentCount = 39
debug +++ [Boolean] running = true
debug +++ [int] delay = 120000
debug +++ [int] repeatCount = 0
debug +++ [int] currentCount = 39
debug +++ [Boolean] running = true
debug +++ [int] delay = 120000
debug time 16:04:11.994 :: After HeartBeat Count=40 Result=5
debug time 16:06:12.805 :: Before HeartBeat Count=41 Time=Wed Apr 11 2012 16:06:12 GMT+0200 AccountId=29131007 Session=19d83cd0-26d1-4a6b-b0a6-799cba417344
debug ++ [int] eventPhase = 2
debug ++ [Boolean] bubbles = false
debug ++ [Boolean] cancelable = false
debug ++ [String] type = timer
debug +++ [int] repeatCount = 0
debug +++ [int] currentCount = 40
debug +++ [Boolean] running = true
debug +++ [int] delay = 120000
debug +++ [int] repeatCount = 0
debug +++ [int] currentCount = 40
debug +++ [Boolean] running = true
debug +++ [int] delay = 120000
debug time 16:06:12.999 :: After HeartBeat Count=41 Result=5
debug time 16:08:13.800 :: Before HeartBeat Count=42 Time=Wed Apr 11 2012 16:08:13 GMT+0200 AccountId=29131007 Session=19d83cd0-26d1-4a6b-b0a6-799cba417344
debug ++ [int] eventPhase = 2
debug ++ [Boolean] bubbles = false
debug ++ [Boolean] cancelable = false
debug ++ [String] type = timer
debug +++ [int] repeatCount = 0
debug +++ [int] currentCount = 41
debug +++ [Boolean] running = true
debug +++ [int] delay = 120000
debug +++ [int] repeatCount = 0
debug +++ [int] currentCount = 41
debug +++ [Boolean] running = true
debug +++ [int] delay = 120000
debug time 16:08:13.999 :: After HeartBeat Count=42 Result=5
debug time 16:10:14.773 :: Before HeartBeat Count=43 Time=Wed Apr 11 2012 16:10:14 GMT+0200 AccountId=29131007 Session=19d83cd0-26d1-4a6b-b0a6-799cba417344
debug ++ [int] eventPhase = 2
debug ++ [Boolean] bubbles = false
debug ++ [Boolean] cancelable = false
debug ++ [String] type = timer
debug +++ [int] repeatCount = 0
debug +++ [int] currentCount = 42
debug +++ [Boolean] running = true
debug +++ [int] delay = 120000
debug +++ [int] repeatCount = 0
debug +++ [int] currentCount = 42
debug +++ [Boolean] running = true
debug +++ [int] delay = 120000
debug time 16:10:14.943 :: After HeartBeat Count=43 Result=5
debug time 16:12:14.774 :: Before HeartBeat Count=44 Time=Wed Apr 11 2012 16:12:14 GMT+0200 AccountId=29131007 Session=19d83cd0-26d1-4a6b-b0a6-799cba417344
debug ++ [int] eventPhase = 2
debug ++ [Boolean] bubbles = false
debug ++ [Boolean] cancelable = false
debug ++ [String] type = timer
debug +++ [int] repeatCount = 0
debug +++ [int] currentCount = 43
debug +++ [Boolean] running = true
debug +++ [int] delay = 120000
debug +++ [int] repeatCount = 0
debug +++ [int] currentCount = 43
debug +++ [Boolean] running = true
debug +++ [int] delay = 120000
debug time 16:12:14.943 :: After HeartBeat Count=44 Result=5
debug time 16:14:14.800 :: Before HeartBeat Count=45 Time=Wed Apr 11 2012 16:14:14 GMT+0200 AccountId=29131007 Session=19d83cd0-26d1-4a6b-b0a6-799cba417344
debug ++ [int] eventPhase = 2
debug ++ [Boolean] bubbles = false
debug ++ [Boolean] cancelable = false
debug ++ [String] type = timer
debug +++ [int] repeatCount = 0
debug +++ [int] currentCount = 44
debug +++ [Boolean] running = true
debug +++ [int] delay = 120000
debug +++ [int] repeatCount = 0
debug +++ [int] currentCount = 44
debug +++ [Boolean] running = true
debug +++ [int] delay = 120000
debug time 16:14:14.999 :: After HeartBeat Count=45 Result=5
debug time 16:16:15.774 :: Before HeartBeat Count=46 Time=Wed Apr 11 2012 16:16:15 GMT+0200 AccountId=29131007 Session=19d83cd0-26d1-4a6b-b0a6-799cba417344
debug ++ [int] eventPhase = 2
debug ++ [Boolean] bubbles = false
debug ++ [Boolean] cancelable = false
debug ++ [String] type = timer
debug +++ [int] repeatCount = 0
debug +++ [int] currentCount = 45
debug +++ [Boolean] running = true
debug +++ [int] delay = 120000
debug +++ [int] repeatCount = 0
debug +++ [int] currentCount = 45
debug +++ [Boolean] running = true
debug +++ [int] delay = 120000
debug time 16:16:15.944 :: After HeartBeat Count=46 Result=5
debug time 16:18:15.775 :: Before HeartBeat Count=47 Time=Wed Apr 11 2012 16:18:15 GMT+0200 AccountId=29131007 Session=19d83cd0-26d1-4a6b-b0a6-799cba417344
debug ++ [int] eventPhase = 2
debug ++ [Boolean] bubbles = false
debug ++ [Boolean] cancelable = false
debug ++ [String] type = timer
debug +++ [int] repeatCount = 0
debug +++ [int] currentCount = 46
debug +++ [Boolean] running = true
debug +++ [int] delay = 120000
debug +++ [int] repeatCount = 0
debug +++ [int] currentCount = 46
debug +++ [Boolean] running = true
debug +++ [int] delay = 120000
debug time 16:18:15.944 :: After HeartBeat Count=47 Result=5
debug time 16:20:15.775 :: Before HeartBeat Count=48 Time=Wed Apr 11 2012 16:20:15 GMT+0200 AccountId=29131007 Session=19d83cd0-26d1-4a6b-b0a6-799cba417344
debug ++ [int] eventPhase = 2
debug ++ [Boolean] bubbles = false
debug ++ [Boolean] cancelable = false
debug ++ [String] type = timer
debug +++ [int] repeatCount = 0
debug +++ [int] currentCount = 47
debug +++ [Boolean] running = true
debug +++ [int] delay = 120000
debug +++ [int] repeatCount = 0
debug +++ [int] currentCount = 47
debug +++ [Boolean] running = true
debug +++ [int] delay = 120000
debug time 16:20:15.943 :: After HeartBeat Count=48 Result=5
debug time 16:22:15.798 :: Before HeartBeat Count=49 Time=Wed Apr 11 2012 16:22:15 GMT+0200 AccountId=29131007 Session=19d83cd0-26d1-4a6b-b0a6-799cba417344
debug ++ [int] eventPhase = 2
debug ++ [Boolean] bubbles = false
debug ++ [Boolean] cancelable = false
debug ++ [String] type = timer
debug +++ [int] repeatCount = 0
debug +++ [int] currentCount = 48
debug +++ [Boolean] running = true
debug +++ [int] delay = 120000
debug +++ [int] repeatCount = 0
debug +++ [int] currentCount = 48
debug +++ [Boolean] running = true
debug +++ [int] delay = 120000
debug time 16:22:15.996 :: After HeartBeat Count=49 Result=5
debug time 16:24:16.775 :: Before HeartBeat Count=50 Time=Wed Apr 11 2012 16:24:16 GMT+0200 AccountId=29131007 Session=19d83cd0-26d1-4a6b-b0a6-799cba417344
debug ++ [int] eventPhase = 2
debug ++ [Boolean] bubbles = false
debug ++ [Boolean] cancelable = false
debug ++ [String] type = timer
debug +++ [int] repeatCount = 0
debug +++ [int] currentCount = 49
debug +++ [Boolean] running = true
debug +++ [int] delay = 120000
debug +++ [int] repeatCount = 0
debug +++ [int] currentCount = 49
debug +++ [Boolean] running = true
debug +++ [int] delay = 120000
debug time 16:24:16.944 :: After HeartBeat Count=50 Result=5
debug time 16:26:16.775 :: Before HeartBeat Count=51 Time=Wed Apr 11 2012 16:26:16 GMT+0200 AccountId=29131007 Session=19d83cd0-26d1-4a6b-b0a6-799cba417344
debug ++ [int] eventPhase = 2
debug ++ [Boolean] bubbles = false
debug ++ [Boolean] cancelable = false
debug ++ [String] type = timer
debug +++ [int] repeatCount = 0
debug +++ [int] currentCount = 50
debug +++ [Boolean] running = true
debug +++ [int] delay = 120000
debug +++ [int] repeatCount = 0
debug +++ [int] currentCount = 50
debug +++ [Boolean] running = true
debug +++ [int] delay = 120000
debug time 16:26:16.945 :: After HeartBeat Count=51 Result=5
debug time 16:28:17.775 :: Before HeartBeat Count=52 Time=Wed Apr 11 2012 16:28:17 GMT+0200 AccountId=29131007 Session=19d83cd0-26d1-4a6b-b0a6-799cba417344
debug ++ [int] eventPhase = 2
debug ++ [Boolean] bubbles = false
debug ++ [Boolean] cancelable = false
debug ++ [String] type = timer
debug +++ [int] repeatCount = 0
debug +++ [int] currentCount = 51
debug +++ [Boolean] running = true
debug +++ [int] delay = 120000
debug +++ [int] repeatCount = 0
debug +++ [int] currentCount = 51
debug +++ [Boolean] running = true
debug +++ [int] delay = 120000
debug time 16:28:17.943 :: After HeartBeat Count=52 Result=5
debug time 16:30:17.775 :: Before HeartBeat Count=53 Time=Wed Apr 11 2012 16:30:17 GMT+0200 AccountId=29131007 Session=19d83cd0-26d1-4a6b-b0a6-799cba417344
debug ++ [int] eventPhase = 2
debug ++ [Boolean] bubbles = false
debug ++ [Boolean] cancelable = false
debug ++ [String] type = timer
debug +++ [int] repeatCount = 0
debug +++ [int] currentCount = 52
debug +++ [Boolean] running = true
debug +++ [int] delay = 120000
debug +++ [int] repeatCount = 0
debug +++ [int] currentCount = 52
debug +++ [Boolean] running = true
debug +++ [int] delay = 120000
debug time 16:30:17.944 :: After HeartBeat Count=53 Result=5
debug time 16:32:17.775 :: Before HeartBeat Count=54 Time=Wed Apr 11 2012 16:32:17 GMT+0200 AccountId=29131007 Session=19d83cd0-26d1-4a6b-b0a6-799cba417344
debug ++ [int] eventPhase = 2
debug ++ [Boolean] bubbles = false
debug ++ [Boolean] cancelable = false
debug ++ [String] type = timer
debug +++ [int] repeatCount = 0
debug +++ [int] currentCount = 53
debug +++ [Boolean] running = true
debug +++ [int] delay = 120000
debug +++ [int] repeatCount = 0
debug +++ [int] currentCount = 53
debug +++ [Boolean] running = true
debug +++ [int] delay = 120000
debug time 16:32:17.945 :: After HeartBeat Count=54 Result=5
debug time 16:34:17.775 :: Before HeartBeat Count=55 Time=Wed Apr 11 2012 16:34:17 GMT+0200 AccountId=29131007 Session=19d83cd0-26d1-4a6b-b0a6-799cba417344
debug ++ [int] eventPhase = 2
debug ++ [Boolean] bubbles = false
debug ++ [Boolean] cancelable = false
debug ++ [String] type = timer
debug +++ [int] repeatCount = 0
debug +++ [int] currentCount = 54
debug +++ [Boolean] running = true
debug +++ [int] delay = 120000
debug +++ [int] repeatCount = 0
debug +++ [int] currentCount = 54
debug +++ [Boolean] running = true
debug +++ [int] delay = 120000
debug time 16:34:17.944 :: After HeartBeat Count=55 Result=5
debug time 16:36:17.775 :: Before HeartBeat Count=56 Time=Wed Apr 11 2012 16:36:17 GMT+0200 AccountId=29131007 Session=19d83cd0-26d1-4a6b-b0a6-799cba417344
debug ++ [int] eventPhase = 2
debug ++ [Boolean] bubbles = false
debug ++ [Boolean] cancelable = false
debug ++ [String] type = timer
debug +++ [int] repeatCount = 0
debug +++ [int] currentCount = 55
debug +++ [Boolean] running = true
debug +++ [int] delay = 120000
debug +++ [int] repeatCount = 0
debug +++ [int] currentCount = 55
debug +++ [Boolean] running = true
debug +++ [int] delay = 120000
debug time 16:36:17.943 :: After HeartBeat Count=56 Result=5
debug time 16:38:17.811 :: Before HeartBeat Count=57 Time=Wed Apr 11 2012 16:38:17 GMT+0200 AccountId=29131007 Session=19d83cd0-26d1-4a6b-b0a6-799cba417344
debug ++ [int] eventPhase = 2
debug ++ [Boolean] bubbles = false
debug ++ [Boolean] cancelable = false
debug ++ [String] type = timer
debug +++ [int] repeatCount = 0
debug +++ [int] currentCount = 56
debug +++ [Boolean] running = true
debug +++ [int] delay = 120000
debug +++ [int] repeatCount = 0
debug +++ [int] currentCount = 56
debug +++ [Boolean] running = true
debug +++ [int] delay = 120000
debug time 16:38:18.10 :: After HeartBeat Count=57 Result=5
debug time 16:38:29.25 :: Performing heartbeat at Wed Apr 11 2012 16:38:29 GMT+0200
debug time 16:40:17.818 :: Before HeartBeat Count=58 Time=Wed Apr 11 2012 16:40:17 GMT+0200 AccountId=29131007 Session=19d83cd0-26d1-4a6b-b0a6-799cba417344
debug ++ [int] eventPhase = 2
debug ++ [Boolean] bubbles = false
debug ++ [Boolean] cancelable = false
debug ++ [String] type = timer
debug +++ [int] repeatCount = 0
debug +++ [int] currentCount = 57
debug +++ [Boolean] running = true
debug +++ [int] delay = 120000
debug +++ [int] repeatCount = 0
debug +++ [int] currentCount = 57
debug +++ [Boolean] running = true
debug +++ [int] delay = 120000
debug time 16:40:18.16 :: After HeartBeat Count=58 Result=5
