debug time 17:44:03.527 :: Before HeartBeat Count=1 Time=Fri Nov 18 2011 17:44:03 GMT+0100 AccountId=28699575 Session=27d5fd67-f8d3-4c52-a83b-a1fb6035bb11
STOP LOGGING: More than 0 nested objects or properties. 
debug time 17:44:04.469 :: After HeartBeat Count=1 Result=5
debug time 17:47:03.722 :: Before HeartBeat Count=2 Time=Fri Nov 18 2011 17:47:03 GMT+0100 AccountId=28699575 Session=27d5fd67-f8d3-4c52-a83b-a1fb6035bb11
debug ++ [int] eventPhase = 2
debug ++ [Boolean] bubbles = false
debug ++ [Boolean] cancelable = false
debug ++ [String] type = timer
debug +++ [int] repeatCount = 0
debug +++ [int] currentCount = 1
debug +++ [Boolean] running = true
debug +++ [int] delay = 180000
debug +++ [int] repeatCount = 0
debug +++ [int] currentCount = 1
debug +++ [Boolean] running = true
debug +++ [int] delay = 180000
debug time 17:47:04.718 :: After HeartBeat Count=2 Result=5
debug time 17:50:03.721 :: Before HeartBeat Count=3 Time=Fri Nov 18 2011 17:50:03 GMT+0100 AccountId=28699575 Session=27d5fd67-f8d3-4c52-a83b-a1fb6035bb11
debug ++ [int] eventPhase = 2
debug ++ [Boolean] bubbles = false
debug ++ [Boolean] cancelable = false
debug ++ [String] type = timer
debug +++ [int] repeatCount = 0
debug +++ [int] currentCount = 2
debug +++ [Boolean] running = true
debug +++ [int] delay = 180000
debug +++ [int] repeatCount = 0
debug +++ [int] currentCount = 2
debug +++ [Boolean] running = true
debug +++ [int] delay = 180000
debug time 17:50:04.717 :: After HeartBeat Count=3 Result=5
debug time 17:53:03.724 :: Before HeartBeat Count=4 Time=Fri Nov 18 2011 17:53:03 GMT+0100 AccountId=28699575 Session=27d5fd67-f8d3-4c52-a83b-a1fb6035bb11
debug ++ [int] eventPhase = 2
debug ++ [Boolean] bubbles = false
debug ++ [Boolean] cancelable = false
debug ++ [String] type = timer
debug +++ [int] repeatCount = 0
debug +++ [int] currentCount = 3
debug +++ [Boolean] running = true
debug +++ [int] delay = 180000
debug +++ [int] repeatCount = 0
debug +++ [int] currentCount = 3
debug +++ [Boolean] running = true
debug +++ [int] delay = 180000
debug time 17:53:04.718 :: After HeartBeat Count=4 Result=5
debug time 17:56:04.722 :: Before HeartBeat Count=5 Time=Fri Nov 18 2011 17:56:04 GMT+0100 AccountId=28699575 Session=27d5fd67-f8d3-4c52-a83b-a1fb6035bb11
debug ++ [int] eventPhase = 2
debug ++ [Boolean] bubbles = false
debug ++ [Boolean] cancelable = false
debug ++ [String] type = timer
debug +++ [int] repeatCount = 0
debug +++ [int] currentCount = 4
debug +++ [Boolean] running = true
debug +++ [int] delay = 180000
debug +++ [int] repeatCount = 0
debug +++ [int] currentCount = 4
debug +++ [Boolean] running = true
debug +++ [int] delay = 180000
debug time 17:56:05.718 :: After HeartBeat Count=5 Result=5
debug time 17:59:04.741 :: Before HeartBeat Count=6 Time=Fri Nov 18 2011 17:59:04 GMT+0100 AccountId=28699575 Session=27d5fd67-f8d3-4c52-a83b-a1fb6035bb11
debug ++ [int] eventPhase = 2
debug ++ [Boolean] bubbles = false
debug ++ [Boolean] cancelable = false
debug ++ [String] type = timer
debug +++ [int] repeatCount = 0
debug +++ [int] currentCount = 5
debug +++ [Boolean] running = true
debug +++ [int] delay = 180000
debug +++ [int] repeatCount = 0
debug +++ [int] currentCount = 5
debug +++ [Boolean] running = true
debug +++ [int] delay = 180000
debug time 17:59:05.722 :: After HeartBeat Count=6 Result=5
debug time 18:02:05.722 :: Before HeartBeat Count=7 Time=Fri Nov 18 2011 18:02:05 GMT+0100 AccountId=28699575 Session=27d5fd67-f8d3-4c52-a83b-a1fb6035bb11
debug ++ [int] eventPhase = 2
debug ++ [Boolean] bubbles = false
debug ++ [Boolean] cancelable = false
debug ++ [String] type = timer
debug +++ [int] repeatCount = 0
debug +++ [int] currentCount = 6
debug +++ [Boolean] running = true
debug +++ [int] delay = 180000
debug +++ [int] repeatCount = 0
debug +++ [int] currentCount = 6
debug +++ [Boolean] running = true
debug +++ [int] delay = 180000
debug time 18:02:06.718 :: After HeartBeat Count=7 Result=5
debug time 18:05:05.728 :: Before HeartBeat Count=8 Time=Fri Nov 18 2011 18:05:05 GMT+0100 AccountId=28699575 Session=27d5fd67-f8d3-4c52-a83b-a1fb6035bb11
debug ++ [int] eventPhase = 2
debug ++ [Boolean] bubbles = false
debug ++ [Boolean] cancelable = false
debug ++ [String] type = timer
debug +++ [int] repeatCount = 0
debug +++ [int] currentCount = 7
debug +++ [Boolean] running = true
debug +++ [int] delay = 180000
debug +++ [int] repeatCount = 0
debug +++ [int] currentCount = 7
debug +++ [Boolean] running = true
debug +++ [int] delay = 180000
debug time 18:05:06.718 :: After HeartBeat Count=8 Result=5
debug time 18:08:06.720 :: Before HeartBeat Count=9 Time=Fri Nov 18 2011 18:08:06 GMT+0100 AccountId=28699575 Session=27d5fd67-f8d3-4c52-a83b-a1fb6035bb11
debug ++ [int] eventPhase = 2
debug ++ [Boolean] bubbles = false
debug ++ [Boolean] cancelable = false
debug ++ [String] type = timer
debug +++ [int] repeatCount = 0
debug +++ [int] currentCount = 8
debug +++ [Boolean] running = true
debug +++ [int] delay = 180000
debug +++ [int] repeatCount = 0
debug +++ [int] currentCount = 8
debug +++ [Boolean] running = true
debug +++ [int] delay = 180000
debug time 18:08:07.717 :: After HeartBeat Count=9 Result=5
debug time 18:11:06.721 :: Before HeartBeat Count=10 Time=Fri Nov 18 2011 18:11:06 GMT+0100 AccountId=28699575 Session=27d5fd67-f8d3-4c52-a83b-a1fb6035bb11
debug ++ [int] eventPhase = 2
debug ++ [Boolean] bubbles = false
debug ++ [Boolean] cancelable = false
debug ++ [String] type = timer
debug +++ [int] repeatCount = 0
debug +++ [int] currentCount = 9
debug +++ [Boolean] running = true
debug +++ [int] delay = 180000
debug +++ [int] repeatCount = 0
debug +++ [int] currentCount = 9
debug +++ [Boolean] running = true
debug +++ [int] delay = 180000
debug time 18:11:07.718 :: After HeartBeat Count=10 Result=5
debug time 18:14:06.722 :: Before HeartBeat Count=11 Time=Fri Nov 18 2011 18:14:06 GMT+0100 AccountId=28699575 Session=27d5fd67-f8d3-4c52-a83b-a1fb6035bb11
debug ++ [int] eventPhase = 2
debug ++ [Boolean] bubbles = false
debug ++ [Boolean] cancelable = false
debug ++ [String] type = timer
debug +++ [int] repeatCount = 0
debug +++ [int] currentCount = 10
debug +++ [Boolean] running = true
debug +++ [int] delay = 180000
debug +++ [int] repeatCount = 0
debug +++ [int] currentCount = 10
debug +++ [Boolean] running = true
debug +++ [int] delay = 180000
debug time 18:14:07.718 :: After HeartBeat Count=11 Result=5
debug time 18:17:06.721 :: Before HeartBeat Count=12 Time=Fri Nov 18 2011 18:17:06 GMT+0100 AccountId=28699575 Session=27d5fd67-f8d3-4c52-a83b-a1fb6035bb11
debug ++ [int] eventPhase = 2
debug ++ [Boolean] bubbles = false
debug ++ [Boolean] cancelable = false
debug ++ [String] type = timer
debug +++ [int] repeatCount = 0
debug +++ [int] currentCount = 11
debug +++ [Boolean] running = true
debug +++ [int] delay = 180000
debug +++ [int] repeatCount = 0
debug +++ [int] currentCount = 11
debug +++ [Boolean] running = true
debug +++ [int] delay = 180000
debug time 18:17:07.717 :: After HeartBeat Count=12 Result=5
debug time 18:20:06.727 :: Before HeartBeat Count=13 Time=Fri Nov 18 2011 18:20:06 GMT+0100 AccountId=28699575 Session=27d5fd67-f8d3-4c52-a83b-a1fb6035bb11
debug ++ [int] eventPhase = 2
debug ++ [Boolean] bubbles = false
debug ++ [Boolean] cancelable = false
debug ++ [String] type = timer
debug +++ [int] repeatCount = 0
debug +++ [int] currentCount = 12
debug +++ [Boolean] running = true
debug +++ [int] delay = 180000
debug +++ [int] repeatCount = 0
debug +++ [int] currentCount = 12
debug +++ [Boolean] running = true
debug +++ [int] delay = 180000
debug time 18:20:06.947 :: After HeartBeat Count=13 Result=5
debug time 18:23:06.747 :: Before HeartBeat Count=14 Time=Fri Nov 18 2011 18:23:06 GMT+0100 AccountId=28699575 Session=27d5fd67-f8d3-4c52-a83b-a1fb6035bb11
debug ++ [int] eventPhase = 2
debug ++ [Boolean] bubbles = false
debug ++ [Boolean] cancelable = false
debug ++ [String] type = timer
debug +++ [int] repeatCount = 0
debug +++ [int] currentCount = 13
debug +++ [Boolean] running = true
debug +++ [int] delay = 180000
debug +++ [int] repeatCount = 0
debug +++ [int] currentCount = 13
debug +++ [Boolean] running = true
debug +++ [int] delay = 180000
debug time 18:23:06.948 :: After HeartBeat Count=14 Result=5
debug time 18:26:06.785 :: Before HeartBeat Count=15 Time=Fri Nov 18 2011 18:26:06 GMT+0100 AccountId=28699575 Session=27d5fd67-f8d3-4c52-a83b-a1fb6035bb11
debug ++ [int] eventPhase = 2
debug ++ [Boolean] bubbles = false
debug ++ [Boolean] cancelable = false
debug ++ [String] type = timer
debug +++ [int] repeatCount = 0
debug +++ [int] currentCount = 14
debug +++ [Boolean] running = true
debug +++ [int] delay = 180000
debug +++ [int] repeatCount = 0
debug +++ [int] currentCount = 14
debug +++ [Boolean] running = true
debug +++ [int] delay = 180000
debug time 18:26:06.990 :: After HeartBeat Count=15 Result=5
debug time 18:28:07.532 :: Performing heartbeat at Fri Nov 18 2011 18:28:07 GMT+0100
debug time 18:29:06.825 :: Before HeartBeat Count=16 Time=Fri Nov 18 2011 18:29:06 GMT+0100 AccountId=28699575 Session=27d5fd67-f8d3-4c52-a83b-a1fb6035bb11
debug ++ [int] eventPhase = 2
debug ++ [Boolean] bubbles = false
debug ++ [Boolean] cancelable = false
debug ++ [String] type = timer
debug +++ [int] repeatCount = 0
debug +++ [int] currentCount = 15
debug +++ [Boolean] running = true
debug +++ [int] delay = 180000
debug +++ [int] repeatCount = 0
debug +++ [int] currentCount = 15
debug +++ [Boolean] running = true
debug +++ [int] delay = 180000
debug time 18:29:07.24 :: After HeartBeat Count=16 Result=5
debug time 18:32:06.863 :: Before HeartBeat Count=17 Time=Fri Nov 18 2011 18:32:06 GMT+0100 AccountId=28699575 Session=27d5fd67-f8d3-4c52-a83b-a1fb6035bb11
debug ++ [int] eventPhase = 2
debug ++ [Boolean] bubbles = false
debug ++ [Boolean] cancelable = false
debug ++ [String] type = timer
debug +++ [int] repeatCount = 0
debug +++ [int] currentCount = 16
debug +++ [Boolean] running = true
debug +++ [int] delay = 180000
debug +++ [int] repeatCount = 0
debug +++ [int] currentCount = 16
debug +++ [Boolean] running = true
debug +++ [int] delay = 180000
debug time 18:32:07.67 :: After HeartBeat Count=17 Result=5
debug time 18:35:06.876 :: Before HeartBeat Count=18 Time=Fri Nov 18 2011 18:35:06 GMT+0100 AccountId=28699575 Session=27d5fd67-f8d3-4c52-a83b-a1fb6035bb11
debug ++ [int] eventPhase = 2
debug ++ [Boolean] bubbles = false
debug ++ [Boolean] cancelable = false
debug ++ [String] type = timer
debug +++ [int] repeatCount = 0
debug +++ [int] currentCount = 17
debug +++ [Boolean] running = true
debug +++ [int] delay = 180000
debug +++ [int] repeatCount = 0
debug +++ [int] currentCount = 17
debug +++ [Boolean] running = true
debug +++ [int] delay = 180000
debug time 18:35:07.108 :: After HeartBeat Count=18 Result=5
debug time 18:38:06.927 :: Before HeartBeat Count=19 Time=Fri Nov 18 2011 18:38:06 GMT+0100 AccountId=28699575 Session=27d5fd67-f8d3-4c52-a83b-a1fb6035bb11
debug ++ [int] eventPhase = 2
debug ++ [Boolean] bubbles = false
debug ++ [Boolean] cancelable = false
debug ++ [String] type = timer
debug +++ [int] repeatCount = 0
debug +++ [int] currentCount = 18
debug +++ [Boolean] running = true
debug +++ [int] delay = 180000
debug +++ [int] repeatCount = 0
debug +++ [int] currentCount = 18
debug +++ [Boolean] running = true
debug +++ [int] delay = 180000
debug time 18:38:07.154 :: After HeartBeat Count=19 Result=5
debug time 18:41:06.947 :: Before HeartBeat Count=20 Time=Fri Nov 18 2011 18:41:06 GMT+0100 AccountId=28699575 Session=27d5fd67-f8d3-4c52-a83b-a1fb6035bb11
debug ++ [int] eventPhase = 2
debug ++ [Boolean] bubbles = false
debug ++ [Boolean] cancelable = false
debug ++ [String] type = timer
debug +++ [int] repeatCount = 0
debug +++ [int] currentCount = 19
debug +++ [Boolean] running = true
debug +++ [int] delay = 180000
debug +++ [int] repeatCount = 0
debug +++ [int] currentCount = 19
debug +++ [Boolean] running = true
debug +++ [int] delay = 180000
debug time 18:41:07.154 :: After HeartBeat Count=20 Result=5
debug time 18:44:06.990 :: Before HeartBeat Count=21 Time=Fri Nov 18 2011 18:44:06 GMT+0100 AccountId=28699575 Session=27d5fd67-f8d3-4c52-a83b-a1fb6035bb11
debug ++ [int] eventPhase = 2
debug ++ [Boolean] bubbles = false
debug ++ [Boolean] cancelable = false
debug ++ [String] type = timer
debug +++ [int] repeatCount = 0
debug +++ [int] currentCount = 20
debug +++ [Boolean] running = true
debug +++ [int] delay = 180000
debug +++ [int] repeatCount = 0
debug +++ [int] currentCount = 20
debug +++ [Boolean] running = true
debug +++ [int] delay = 180000
debug time 18:44:07.192 :: After HeartBeat Count=21 Result=5
debug time 18:47:06.990 :: Before HeartBeat Count=22 Time=Fri Nov 18 2011 18:47:06 GMT+0100 AccountId=28699575 Session=27d5fd67-f8d3-4c52-a83b-a1fb6035bb11
debug ++ [int] eventPhase = 2
debug ++ [Boolean] bubbles = false
debug ++ [Boolean] cancelable = false
debug ++ [String] type = timer
debug +++ [int] repeatCount = 0
debug +++ [int] currentCount = 21
debug +++ [Boolean] running = true
debug +++ [int] delay = 180000
debug +++ [int] repeatCount = 0
debug +++ [int] currentCount = 21
debug +++ [Boolean] running = true
debug +++ [int] delay = 180000
debug time 18:47:07.191 :: After HeartBeat Count=22 Result=5
debug time 18:50:07.30 :: Before HeartBeat Count=23 Time=Fri Nov 18 2011 18:50:07 GMT+0100 AccountId=28699575 Session=27d5fd67-f8d3-4c52-a83b-a1fb6035bb11
debug ++ [int] eventPhase = 2
debug ++ [Boolean] bubbles = false
debug ++ [Boolean] cancelable = false
debug ++ [String] type = timer
debug +++ [int] repeatCount = 0
debug +++ [int] currentCount = 22
debug +++ [Boolean] running = true
debug +++ [int] delay = 180000
debug +++ [int] repeatCount = 0
debug +++ [int] currentCount = 22
debug +++ [Boolean] running = true
debug +++ [int] delay = 180000
debug time 18:50:07.232 :: After HeartBeat Count=23 Result=5
debug time 18:53:07.31 :: Before HeartBeat Count=24 Time=Fri Nov 18 2011 18:53:07 GMT+0100 AccountId=28699575 Session=27d5fd67-f8d3-4c52-a83b-a1fb6035bb11
debug ++ [int] eventPhase = 2
debug ++ [Boolean] bubbles = false
debug ++ [Boolean] cancelable = false
debug ++ [String] type = timer
debug +++ [int] repeatCount = 0
debug +++ [int] currentCount = 23
debug +++ [Boolean] running = true
debug +++ [int] delay = 180000
debug +++ [int] repeatCount = 0
debug +++ [int] currentCount = 23
debug +++ [Boolean] running = true
debug +++ [int] delay = 180000
debug time 18:53:07.233 :: After HeartBeat Count=24 Result=5
debug time 18:56:07.48 :: Before HeartBeat Count=25 Time=Fri Nov 18 2011 18:56:07 GMT+0100 AccountId=28699575 Session=27d5fd67-f8d3-4c52-a83b-a1fb6035bb11
debug ++ [int] eventPhase = 2
debug ++ [Boolean] bubbles = false
debug ++ [Boolean] cancelable = false
debug ++ [String] type = timer
debug +++ [int] repeatCount = 0
debug +++ [int] currentCount = 24
debug +++ [Boolean] running = true
debug +++ [int] delay = 180000
debug +++ [int] repeatCount = 0
debug +++ [int] currentCount = 24
debug +++ [Boolean] running = true
debug +++ [int] delay = 180000
debug time 18:56:07.275 :: After HeartBeat Count=25 Result=5
debug time 18:59:07.55 :: Before HeartBeat Count=26 Time=Fri Nov 18 2011 18:59:07 GMT+0100 AccountId=28699575 Session=27d5fd67-f8d3-4c52-a83b-a1fb6035bb11
debug ++ [int] eventPhase = 2
debug ++ [Boolean] bubbles = false
debug ++ [Boolean] cancelable = false
debug ++ [String] type = timer
debug +++ [int] repeatCount = 0
debug +++ [int] currentCount = 25
debug +++ [Boolean] running = true
debug +++ [int] delay = 180000
debug +++ [int] repeatCount = 0
debug +++ [int] currentCount = 25
debug +++ [Boolean] running = true
debug +++ [int] delay = 180000
debug time 18:59:07.286 :: After HeartBeat Count=26 Result=5
