debug time 23:08:09.391 :: Before HeartBeat Count=1 Time=Wed Nov 16 2011 23:08:09 GMT+0100 AccountId=28699575 Session=16123351-053e-4901-9ee5-1c7379e868aa
STOP LOGGING: More than 0 nested objects or properties. 
debug time 23:08:10.280 :: After HeartBeat Count=1 Result=5
debug time 23:11:09.428 :: Before HeartBeat Count=2 Time=Wed Nov 16 2011 23:11:09 GMT+0100 AccountId=28699575 Session=16123351-053e-4901-9ee5-1c7379e868aa
debug ++ [int] eventPhase = 2
debug ++ [Boolean] bubbles = false
debug ++ [Boolean] cancelable = false
debug ++ [String] type = timer
debug +++ [int] repeatCount = 0
debug +++ [int] currentCount = 1
debug +++ [Boolean] running = true
debug +++ [int] delay = 180000
debug +++ [int] repeatCount = 0
debug +++ [int] currentCount = 1
debug +++ [Boolean] running = true
debug +++ [int] delay = 180000
debug time 23:11:10.426 :: After HeartBeat Count=2 Result=5
debug time 23:14:09.430 :: Before HeartBeat Count=3 Time=Wed Nov 16 2011 23:14:09 GMT+0100 AccountId=28699575 Session=16123351-053e-4901-9ee5-1c7379e868aa
debug ++ [int] eventPhase = 2
debug ++ [Boolean] bubbles = false
debug ++ [Boolean] cancelable = false
debug ++ [String] type = timer
debug +++ [int] repeatCount = 0
debug +++ [int] currentCount = 2
debug +++ [Boolean] running = true
debug +++ [int] delay = 180000
debug +++ [int] repeatCount = 0
debug +++ [int] currentCount = 2
debug +++ [Boolean] running = true
debug +++ [int] delay = 180000
debug time 23:14:10.426 :: After HeartBeat Count=3 Result=5
debug time 23:17:10.430 :: Before HeartBeat Count=4 Time=Wed Nov 16 2011 23:17:10 GMT+0100 AccountId=28699575 Session=16123351-053e-4901-9ee5-1c7379e868aa
debug ++ [int] eventPhase = 2
debug ++ [Boolean] bubbles = false
debug ++ [Boolean] cancelable = false
debug ++ [String] type = timer
debug +++ [int] repeatCount = 0
debug +++ [int] currentCount = 3
debug +++ [Boolean] running = true
debug +++ [int] delay = 180000
debug +++ [int] repeatCount = 0
debug +++ [int] currentCount = 3
debug +++ [Boolean] running = true
debug +++ [int] delay = 180000
debug time 23:17:11.426 :: After HeartBeat Count=4 Result=5
debug time 23:20:10.467 :: Before HeartBeat Count=5 Time=Wed Nov 16 2011 23:20:10 GMT+0100 AccountId=28699575 Session=16123351-053e-4901-9ee5-1c7379e868aa
debug ++ [int] eventPhase = 2
debug ++ [Boolean] bubbles = false
debug ++ [Boolean] cancelable = false
debug ++ [String] type = timer
debug +++ [int] repeatCount = 0
debug +++ [int] currentCount = 4
debug +++ [Boolean] running = true
debug +++ [int] delay = 180000
debug +++ [int] repeatCount = 0
debug +++ [int] currentCount = 4
debug +++ [Boolean] running = true
debug +++ [int] delay = 180000
debug time 23:20:11.464 :: After HeartBeat Count=5 Result=5
debug time 23:23:10.472 :: Before HeartBeat Count=6 Time=Wed Nov 16 2011 23:23:10 GMT+0100 AccountId=28699575 Session=16123351-053e-4901-9ee5-1c7379e868aa
debug ++ [int] eventPhase = 2
debug ++ [Boolean] bubbles = false
debug ++ [Boolean] cancelable = false
debug ++ [String] type = timer
debug +++ [int] repeatCount = 0
debug +++ [int] currentCount = 5
debug +++ [Boolean] running = true
debug +++ [int] delay = 180000
debug +++ [int] repeatCount = 0
debug +++ [int] currentCount = 5
debug +++ [Boolean] running = true
debug +++ [int] delay = 180000
debug time 23:23:11.465 :: After HeartBeat Count=6 Result=5
debug time 23:26:11.469 :: Before HeartBeat Count=7 Time=Wed Nov 16 2011 23:26:11 GMT+0100 AccountId=28699575 Session=16123351-053e-4901-9ee5-1c7379e868aa
debug ++ [int] eventPhase = 2
debug ++ [Boolean] bubbles = false
debug ++ [Boolean] cancelable = false
debug ++ [String] type = timer
debug +++ [int] repeatCount = 0
debug +++ [int] currentCount = 6
debug +++ [Boolean] running = true
debug +++ [int] delay = 180000
debug +++ [int] repeatCount = 0
debug +++ [int] currentCount = 6
debug +++ [Boolean] running = true
debug +++ [int] delay = 180000
debug time 23:26:12.465 :: After HeartBeat Count=7 Result=5
debug time 23:29:12.468 :: Before HeartBeat Count=8 Time=Wed Nov 16 2011 23:29:12 GMT+0100 AccountId=28699575 Session=16123351-053e-4901-9ee5-1c7379e868aa
debug ++ [int] eventPhase = 2
debug ++ [Boolean] bubbles = false
debug ++ [Boolean] cancelable = false
debug ++ [String] type = timer
debug +++ [int] repeatCount = 0
debug +++ [int] currentCount = 7
debug +++ [Boolean] running = true
debug +++ [int] delay = 180000
debug +++ [int] repeatCount = 0
debug +++ [int] currentCount = 7
debug +++ [Boolean] running = true
debug +++ [int] delay = 180000
debug time 23:29:13.464 :: After HeartBeat Count=8 Result=5
debug time 23:32:13.473 :: Before HeartBeat Count=9 Time=Wed Nov 16 2011 23:32:13 GMT+0100 AccountId=28699575 Session=16123351-053e-4901-9ee5-1c7379e868aa
debug ++ [int] eventPhase = 2
debug ++ [Boolean] bubbles = false
debug ++ [Boolean] cancelable = false
debug ++ [String] type = timer
debug +++ [int] repeatCount = 0
debug +++ [int] currentCount = 8
debug +++ [Boolean] running = true
debug +++ [int] delay = 180000
debug +++ [int] repeatCount = 0
debug +++ [int] currentCount = 8
debug +++ [Boolean] running = true
debug +++ [int] delay = 180000
debug time 23:32:14.465 :: After HeartBeat Count=9 Result=5
debug time 23:35:13.489 :: Before HeartBeat Count=10 Time=Wed Nov 16 2011 23:35:13 GMT+0100 AccountId=28699575 Session=16123351-053e-4901-9ee5-1c7379e868aa
debug ++ [int] eventPhase = 2
debug ++ [Boolean] bubbles = false
debug ++ [Boolean] cancelable = false
debug ++ [String] type = timer
debug +++ [int] repeatCount = 0
debug +++ [int] currentCount = 9
debug +++ [Boolean] running = true
debug +++ [int] delay = 180000
debug +++ [int] repeatCount = 0
debug +++ [int] currentCount = 9
debug +++ [Boolean] running = true
debug +++ [int] delay = 180000
debug time 23:35:14.465 :: After HeartBeat Count=10 Result=5
debug time 23:38:14.467 :: Before HeartBeat Count=11 Time=Wed Nov 16 2011 23:38:14 GMT+0100 AccountId=28699575 Session=16123351-053e-4901-9ee5-1c7379e868aa
debug ++ [int] eventPhase = 2
debug ++ [Boolean] bubbles = false
debug ++ [Boolean] cancelable = false
debug ++ [String] type = timer
debug +++ [int] repeatCount = 0
debug +++ [int] currentCount = 10
debug +++ [Boolean] running = true
debug +++ [int] delay = 180000
debug +++ [int] repeatCount = 0
debug +++ [int] currentCount = 10
debug +++ [Boolean] running = true
debug +++ [int] delay = 180000
debug time 23:38:15.464 :: After HeartBeat Count=11 Result=5
debug time 23:41:02.701 :: Performing heartbeat at Wed Nov 16 2011 23:41:02 GMT+0100
debug time 23:41:14.479 :: Before HeartBeat Count=12 Time=Wed Nov 16 2011 23:41:14 GMT+0100 AccountId=28699575 Session=16123351-053e-4901-9ee5-1c7379e868aa
debug ++ [int] eventPhase = 2
debug ++ [Boolean] bubbles = false
debug ++ [Boolean] cancelable = false
debug ++ [String] type = timer
debug +++ [int] repeatCount = 0
debug +++ [int] currentCount = 11
debug +++ [Boolean] running = true
debug +++ [int] delay = 180000
debug +++ [int] repeatCount = 0
debug +++ [int] currentCount = 11
debug +++ [Boolean] running = true
debug +++ [int] delay = 180000
debug time 23:41:14.680 :: After HeartBeat Count=12 Result=5
