debug time 17:57:38.712 :: Before HeartBeat Count=1 Time=Thu Jan 26 2012 17:57:38 GMT+0100 AccountId=29131007 Session=d9ca15cd-1dde-4fbe-a762-3e605c6f6866
STOP LOGGING: More than 0 nested objects or properties. 
debug time 17:57:40.358 :: After HeartBeat Count=1 Result=5
debug time 17:59:38.748 :: Before HeartBeat Count=2 Time=Thu Jan 26 2012 17:59:38 GMT+0100 AccountId=29131007 Session=d9ca15cd-1dde-4fbe-a762-3e605c6f6866
debug ++ [int] eventPhase = 2
debug ++ [Boolean] bubbles = false
debug ++ [Boolean] cancelable = false
debug ++ [String] type = timer
debug +++ [int] repeatCount = 0
debug +++ [int] currentCount = 1
debug +++ [Boolean] running = true
debug +++ [int] delay = 120000
debug +++ [int] repeatCount = 0
debug +++ [int] currentCount = 1
debug +++ [Boolean] running = true
debug +++ [int] delay = 120000
debug time 17:59:38.954 :: After HeartBeat Count=2 Result=5
debug time 18:01:39.473 :: Before HeartBeat Count=3 Time=Thu Jan 26 2012 18:01:39 GMT+0100 AccountId=29131007 Session=d9ca15cd-1dde-4fbe-a762-3e605c6f6866
debug ++ [int] eventPhase = 2
debug ++ [Boolean] bubbles = false
debug ++ [Boolean] cancelable = false
debug ++ [String] type = timer
debug +++ [int] repeatCount = 0
debug +++ [int] currentCount = 2
debug +++ [Boolean] running = true
debug +++ [int] delay = 120000
debug +++ [int] repeatCount = 0
debug +++ [int] currentCount = 2
debug +++ [Boolean] running = true
debug +++ [int] delay = 120000
debug time 18:01:40.459 :: After HeartBeat Count=3 Result=5
debug time 18:03:40.455 :: Before HeartBeat Count=4 Time=Thu Jan 26 2012 18:03:40 GMT+0100 AccountId=29131007 Session=d9ca15cd-1dde-4fbe-a762-3e605c6f6866
debug ++ [int] eventPhase = 2
debug ++ [Boolean] bubbles = false
debug ++ [Boolean] cancelable = false
debug ++ [String] type = timer
debug +++ [int] repeatCount = 0
debug +++ [int] currentCount = 3
debug +++ [Boolean] running = true
debug +++ [int] delay = 120000
debug +++ [int] repeatCount = 0
debug +++ [int] currentCount = 3
debug +++ [Boolean] running = true
debug +++ [int] delay = 120000
debug time 18:03:41.453 :: After HeartBeat Count=4 Result=5
debug time 18:05:41.456 :: Before HeartBeat Count=5 Time=Thu Jan 26 2012 18:05:41 GMT+0100 AccountId=29131007 Session=d9ca15cd-1dde-4fbe-a762-3e605c6f6866
debug ++ [int] eventPhase = 2
debug ++ [Boolean] bubbles = false
debug ++ [Boolean] cancelable = false
debug ++ [String] type = timer
debug +++ [int] repeatCount = 0
debug +++ [int] currentCount = 4
debug +++ [Boolean] running = true
debug +++ [int] delay = 120000
debug +++ [int] repeatCount = 0
debug +++ [int] currentCount = 4
debug +++ [Boolean] running = true
debug +++ [int] delay = 120000
debug time 18:05:42.452 :: After HeartBeat Count=5 Result=5
debug time 18:07:41.453 :: Before HeartBeat Count=6 Time=Thu Jan 26 2012 18:07:41 GMT+0100 AccountId=29131007 Session=d9ca15cd-1dde-4fbe-a762-3e605c6f6866
debug ++ [int] eventPhase = 2
debug ++ [Boolean] bubbles = false
debug ++ [Boolean] cancelable = false
debug ++ [String] type = timer
debug +++ [int] repeatCount = 0
debug +++ [int] currentCount = 5
debug +++ [Boolean] running = true
debug +++ [int] delay = 120000
debug +++ [int] repeatCount = 0
debug +++ [int] currentCount = 5
debug +++ [Boolean] running = true
debug +++ [int] delay = 120000
debug time 18:07:42.449 :: After HeartBeat Count=6 Result=5
debug time 18:09:41.447 :: Before HeartBeat Count=7 Time=Thu Jan 26 2012 18:09:41 GMT+0100 AccountId=29131007 Session=d9ca15cd-1dde-4fbe-a762-3e605c6f6866
debug ++ [int] eventPhase = 2
debug ++ [Boolean] bubbles = false
debug ++ [Boolean] cancelable = false
debug ++ [String] type = timer
debug +++ [int] repeatCount = 0
debug +++ [int] currentCount = 6
debug +++ [Boolean] running = true
debug +++ [int] delay = 120000
debug +++ [int] repeatCount = 0
debug +++ [int] currentCount = 6
debug +++ [Boolean] running = true
debug +++ [int] delay = 120000
debug time 18:09:42.423 :: After HeartBeat Count=7 Result=5
debug time 18:11:42.427 :: Before HeartBeat Count=8 Time=Thu Jan 26 2012 18:11:42 GMT+0100 AccountId=29131007 Session=d9ca15cd-1dde-4fbe-a762-3e605c6f6866
debug ++ [int] eventPhase = 2
debug ++ [Boolean] bubbles = false
debug ++ [Boolean] cancelable = false
debug ++ [String] type = timer
debug +++ [int] repeatCount = 0
debug +++ [int] currentCount = 7
debug +++ [Boolean] running = true
debug +++ [int] delay = 120000
debug +++ [int] repeatCount = 0
debug +++ [int] currentCount = 7
debug +++ [Boolean] running = true
debug +++ [int] delay = 120000
debug time 18:11:43.423 :: After HeartBeat Count=8 Result=5
debug time 18:13:42.427 :: Before HeartBeat Count=9 Time=Thu Jan 26 2012 18:13:42 GMT+0100 AccountId=29131007 Session=d9ca15cd-1dde-4fbe-a762-3e605c6f6866
debug ++ [int] eventPhase = 2
debug ++ [Boolean] bubbles = false
debug ++ [Boolean] cancelable = false
debug ++ [String] type = timer
debug +++ [int] repeatCount = 0
debug +++ [int] currentCount = 8
debug +++ [Boolean] running = true
debug +++ [int] delay = 120000
debug +++ [int] repeatCount = 0
debug +++ [int] currentCount = 8
debug +++ [Boolean] running = true
debug +++ [int] delay = 120000
debug time 18:13:43.423 :: After HeartBeat Count=9 Result=5
debug time 18:15:42.427 :: Before HeartBeat Count=10 Time=Thu Jan 26 2012 18:15:42 GMT+0100 AccountId=29131007 Session=d9ca15cd-1dde-4fbe-a762-3e605c6f6866
debug ++ [int] eventPhase = 2
debug ++ [Boolean] bubbles = false
debug ++ [Boolean] cancelable = false
debug ++ [String] type = timer
debug +++ [int] repeatCount = 0
debug +++ [int] currentCount = 9
debug +++ [Boolean] running = true
debug +++ [int] delay = 120000
debug +++ [int] repeatCount = 0
debug +++ [int] currentCount = 9
debug +++ [Boolean] running = true
debug +++ [int] delay = 120000
debug time 18:15:43.424 :: After HeartBeat Count=10 Result=5
debug time 18:17:42.427 :: Before HeartBeat Count=11 Time=Thu Jan 26 2012 18:17:42 GMT+0100 AccountId=29131007 Session=d9ca15cd-1dde-4fbe-a762-3e605c6f6866
debug ++ [int] eventPhase = 2
debug ++ [Boolean] bubbles = false
debug ++ [Boolean] cancelable = false
debug ++ [String] type = timer
debug +++ [int] repeatCount = 0
debug +++ [int] currentCount = 10
debug +++ [Boolean] running = true
debug +++ [int] delay = 120000
debug +++ [int] repeatCount = 0
debug +++ [int] currentCount = 10
debug +++ [Boolean] running = true
debug +++ [int] delay = 120000
debug time 18:17:43.424 :: After HeartBeat Count=11 Result=5
debug time 18:19:43.428 :: Before HeartBeat Count=12 Time=Thu Jan 26 2012 18:19:43 GMT+0100 AccountId=29131007 Session=d9ca15cd-1dde-4fbe-a762-3e605c6f6866
debug ++ [int] eventPhase = 2
debug ++ [Boolean] bubbles = false
debug ++ [Boolean] cancelable = false
debug ++ [String] type = timer
debug +++ [int] repeatCount = 0
debug +++ [int] currentCount = 11
debug +++ [Boolean] running = true
debug +++ [int] delay = 120000
debug +++ [int] repeatCount = 0
debug +++ [int] currentCount = 11
debug +++ [Boolean] running = true
debug +++ [int] delay = 120000
debug time 18:19:44.423 :: After HeartBeat Count=12 Result=5
debug time 18:21:43.426 :: Before HeartBeat Count=13 Time=Thu Jan 26 2012 18:21:43 GMT+0100 AccountId=29131007 Session=d9ca15cd-1dde-4fbe-a762-3e605c6f6866
debug ++ [int] eventPhase = 2
debug ++ [Boolean] bubbles = false
debug ++ [Boolean] cancelable = false
debug ++ [String] type = timer
debug +++ [int] repeatCount = 0
debug +++ [int] currentCount = 12
debug +++ [Boolean] running = true
debug +++ [int] delay = 120000
debug +++ [int] repeatCount = 0
debug +++ [int] currentCount = 12
debug +++ [Boolean] running = true
debug +++ [int] delay = 120000
debug time 18:21:44.422 :: After HeartBeat Count=13 Result=5
debug time 18:23:44.425 :: Before HeartBeat Count=14 Time=Thu Jan 26 2012 18:23:44 GMT+0100 AccountId=29131007 Session=d9ca15cd-1dde-4fbe-a762-3e605c6f6866
debug ++ [int] eventPhase = 2
debug ++ [Boolean] bubbles = false
debug ++ [Boolean] cancelable = false
debug ++ [String] type = timer
debug +++ [int] repeatCount = 0
debug +++ [int] currentCount = 13
debug +++ [Boolean] running = true
debug +++ [int] delay = 120000
debug +++ [int] repeatCount = 0
debug +++ [int] currentCount = 13
debug +++ [Boolean] running = true
debug +++ [int] delay = 120000
debug time 18:23:45.423 :: After HeartBeat Count=14 Result=5
debug time 18:25:44.426 :: Before HeartBeat Count=15 Time=Thu Jan 26 2012 18:25:44 GMT+0100 AccountId=29131007 Session=d9ca15cd-1dde-4fbe-a762-3e605c6f6866
debug ++ [int] eventPhase = 2
debug ++ [Boolean] bubbles = false
debug ++ [Boolean] cancelable = false
debug ++ [String] type = timer
debug +++ [int] repeatCount = 0
debug +++ [int] currentCount = 14
debug +++ [Boolean] running = true
debug +++ [int] delay = 120000
debug +++ [int] repeatCount = 0
debug +++ [int] currentCount = 14
debug +++ [Boolean] running = true
debug +++ [int] delay = 120000
debug time 18:25:45.423 :: After HeartBeat Count=15 Result=5
debug time 18:27:45.427 :: Before HeartBeat Count=16 Time=Thu Jan 26 2012 18:27:45 GMT+0100 AccountId=29131007 Session=d9ca15cd-1dde-4fbe-a762-3e605c6f6866
debug ++ [int] eventPhase = 2
debug ++ [Boolean] bubbles = false
debug ++ [Boolean] cancelable = false
debug ++ [String] type = timer
debug +++ [int] repeatCount = 0
debug +++ [int] currentCount = 15
debug +++ [Boolean] running = true
debug +++ [int] delay = 120000
debug +++ [int] repeatCount = 0
debug +++ [int] currentCount = 15
debug +++ [Boolean] running = true
debug +++ [int] delay = 120000
debug time 18:27:46.423 :: After HeartBeat Count=16 Result=5
debug time 18:29:45.427 :: Before HeartBeat Count=17 Time=Thu Jan 26 2012 18:29:45 GMT+0100 AccountId=29131007 Session=d9ca15cd-1dde-4fbe-a762-3e605c6f6866
debug ++ [int] eventPhase = 2
debug ++ [Boolean] bubbles = false
debug ++ [Boolean] cancelable = false
debug ++ [String] type = timer
debug +++ [int] repeatCount = 0
debug +++ [int] currentCount = 16
debug +++ [Boolean] running = true
debug +++ [int] delay = 120000
debug +++ [int] repeatCount = 0
debug +++ [int] currentCount = 16
debug +++ [Boolean] running = true
debug +++ [int] delay = 120000
debug time 18:29:46.423 :: After HeartBeat Count=17 Result=5
debug time 18:31:45.424 :: Before HeartBeat Count=18 Time=Thu Jan 26 2012 18:31:45 GMT+0100 AccountId=29131007 Session=d9ca15cd-1dde-4fbe-a762-3e605c6f6866
debug ++ [int] eventPhase = 2
debug ++ [Boolean] bubbles = false
debug ++ [Boolean] cancelable = false
debug ++ [String] type = timer
debug +++ [int] repeatCount = 0
debug +++ [int] currentCount = 17
debug +++ [Boolean] running = true
debug +++ [int] delay = 120000
debug +++ [int] repeatCount = 0
debug +++ [int] currentCount = 17
debug +++ [Boolean] running = true
debug +++ [int] delay = 120000
debug time 18:31:46.420 :: After HeartBeat Count=18 Result=5
debug time 18:33:45.423 :: Before HeartBeat Count=19 Time=Thu Jan 26 2012 18:33:45 GMT+0100 AccountId=29131007 Session=d9ca15cd-1dde-4fbe-a762-3e605c6f6866
debug ++ [int] eventPhase = 2
debug ++ [Boolean] bubbles = false
debug ++ [Boolean] cancelable = false
debug ++ [String] type = timer
debug +++ [int] repeatCount = 0
debug +++ [int] currentCount = 18
debug +++ [Boolean] running = true
debug +++ [int] delay = 120000
debug +++ [int] repeatCount = 0
debug +++ [int] currentCount = 18
debug +++ [Boolean] running = true
debug +++ [int] delay = 120000
debug time 18:33:46.419 :: After HeartBeat Count=19 Result=5
debug time 18:35:45.448 :: Before HeartBeat Count=20 Time=Thu Jan 26 2012 18:35:45 GMT+0100 AccountId=29131007 Session=d9ca15cd-1dde-4fbe-a762-3e605c6f6866
debug ++ [int] eventPhase = 2
debug ++ [Boolean] bubbles = false
debug ++ [Boolean] cancelable = false
debug ++ [String] type = timer
debug +++ [int] repeatCount = 0
debug +++ [int] currentCount = 19
debug +++ [Boolean] running = true
debug +++ [int] delay = 120000
debug +++ [int] repeatCount = 0
debug +++ [int] currentCount = 19
debug +++ [Boolean] running = true
debug +++ [int] delay = 120000
debug time 18:35:46.425 :: After HeartBeat Count=20 Result=5
debug time 18:37:46.423 :: Before HeartBeat Count=21 Time=Thu Jan 26 2012 18:37:46 GMT+0100 AccountId=29131007 Session=d9ca15cd-1dde-4fbe-a762-3e605c6f6866
debug ++ [int] eventPhase = 2
debug ++ [Boolean] bubbles = false
debug ++ [Boolean] cancelable = false
debug ++ [String] type = timer
debug +++ [int] repeatCount = 0
debug +++ [int] currentCount = 20
debug +++ [Boolean] running = true
debug +++ [int] delay = 120000
debug +++ [int] repeatCount = 0
debug +++ [int] currentCount = 20
debug +++ [Boolean] running = true
debug +++ [int] delay = 120000
debug time 18:37:47.420 :: After HeartBeat Count=21 Result=5
debug time 18:39:46.422 :: Before HeartBeat Count=22 Time=Thu Jan 26 2012 18:39:46 GMT+0100 AccountId=29131007 Session=d9ca15cd-1dde-4fbe-a762-3e605c6f6866
debug ++ [int] eventPhase = 2
debug ++ [Boolean] bubbles = false
debug ++ [Boolean] cancelable = false
debug ++ [String] type = timer
debug +++ [int] repeatCount = 0
debug +++ [int] currentCount = 21
debug +++ [Boolean] running = true
debug +++ [int] delay = 120000
debug +++ [int] repeatCount = 0
debug +++ [int] currentCount = 21
debug +++ [Boolean] running = true
debug +++ [int] delay = 120000
debug time 18:39:47.419 :: After HeartBeat Count=22 Result=5
debug time 18:41:46.423 :: Before HeartBeat Count=23 Time=Thu Jan 26 2012 18:41:46 GMT+0100 AccountId=29131007 Session=d9ca15cd-1dde-4fbe-a762-3e605c6f6866
debug ++ [int] eventPhase = 2
debug ++ [Boolean] bubbles = false
debug ++ [Boolean] cancelable = false
debug ++ [String] type = timer
debug +++ [int] repeatCount = 0
debug +++ [int] currentCount = 22
debug +++ [Boolean] running = true
debug +++ [int] delay = 120000
debug +++ [int] repeatCount = 0
debug +++ [int] currentCount = 22
debug +++ [Boolean] running = true
debug +++ [int] delay = 120000
debug time 18:41:47.420 :: After HeartBeat Count=23 Result=5
debug time 18:43:46.444 :: Before HeartBeat Count=24 Time=Thu Jan 26 2012 18:43:46 GMT+0100 AccountId=29131007 Session=d9ca15cd-1dde-4fbe-a762-3e605c6f6866
debug ++ [int] eventPhase = 2
debug ++ [Boolean] bubbles = false
debug ++ [Boolean] cancelable = false
debug ++ [String] type = timer
debug +++ [int] repeatCount = 0
debug +++ [int] currentCount = 23
debug +++ [Boolean] running = true
debug +++ [int] delay = 120000
debug +++ [int] repeatCount = 0
debug +++ [int] currentCount = 23
debug +++ [Boolean] running = true
debug +++ [int] delay = 120000
debug time 18:43:47.425 :: After HeartBeat Count=24 Result=5
debug time 18:45:47.426 :: Before HeartBeat Count=25 Time=Thu Jan 26 2012 18:45:47 GMT+0100 AccountId=29131007 Session=d9ca15cd-1dde-4fbe-a762-3e605c6f6866
debug ++ [int] eventPhase = 2
debug ++ [Boolean] bubbles = false
debug ++ [Boolean] cancelable = false
debug ++ [String] type = timer
debug +++ [int] repeatCount = 0
debug +++ [int] currentCount = 24
debug +++ [Boolean] running = true
debug +++ [int] delay = 120000
debug +++ [int] repeatCount = 0
debug +++ [int] currentCount = 24
debug +++ [Boolean] running = true
debug +++ [int] delay = 120000
debug time 18:45:48.422 :: After HeartBeat Count=25 Result=5
debug time 18:46:38.498 :: Performing heartbeat at Thu Jan 26 2012 18:46:38 GMT+0100
debug time 18:47:47.442 :: Before HeartBeat Count=26 Time=Thu Jan 26 2012 18:47:47 GMT+0100 AccountId=29131007 Session=d9ca15cd-1dde-4fbe-a762-3e605c6f6866
debug ++ [int] eventPhase = 2
debug ++ [Boolean] bubbles = false
debug ++ [Boolean] cancelable = false
debug ++ [String] type = timer
debug +++ [int] repeatCount = 0
debug +++ [int] currentCount = 25
debug +++ [Boolean] running = true
debug +++ [int] delay = 120000
debug +++ [int] repeatCount = 0
debug +++ [int] currentCount = 25
debug +++ [Boolean] running = true
debug +++ [int] delay = 120000
debug time 18:47:47.645 :: After HeartBeat Count=26 Result=5
debug time 18:49:47.472 :: Before HeartBeat Count=27 Time=Thu Jan 26 2012 18:49:47 GMT+0100 AccountId=29131007 Session=d9ca15cd-1dde-4fbe-a762-3e605c6f6866
debug ++ [int] eventPhase = 2
debug ++ [Boolean] bubbles = false
debug ++ [Boolean] cancelable = false
debug ++ [String] type = timer
debug +++ [int] repeatCount = 0
debug +++ [int] currentCount = 26
debug +++ [Boolean] running = true
debug +++ [int] delay = 120000
debug +++ [int] repeatCount = 0
debug +++ [int] currentCount = 26
debug +++ [Boolean] running = true
debug +++ [int] delay = 120000
debug time 18:49:47.684 :: After HeartBeat Count=27 Result=5
debug time 18:51:47.503 :: Before HeartBeat Count=28 Time=Thu Jan 26 2012 18:51:47 GMT+0100 AccountId=29131007 Session=d9ca15cd-1dde-4fbe-a762-3e605c6f6866
debug ++ [int] eventPhase = 2
debug ++ [Boolean] bubbles = false
debug ++ [Boolean] cancelable = false
debug ++ [String] type = timer
debug +++ [int] repeatCount = 0
debug +++ [int] currentCount = 27
debug +++ [Boolean] running = true
debug +++ [int] delay = 120000
debug +++ [int] repeatCount = 0
debug +++ [int] currentCount = 27
debug +++ [Boolean] running = true
debug +++ [int] delay = 120000
debug time 18:51:47.708 :: After HeartBeat Count=28 Result=5
debug time 18:53:47.502 :: Before HeartBeat Count=29 Time=Thu Jan 26 2012 18:53:47 GMT+0100 AccountId=29131007 Session=d9ca15cd-1dde-4fbe-a762-3e605c6f6866
debug ++ [int] eventPhase = 2
debug ++ [Boolean] bubbles = false
debug ++ [Boolean] cancelable = false
debug ++ [String] type = timer
debug +++ [int] repeatCount = 0
debug +++ [int] currentCount = 28
debug +++ [Boolean] running = true
debug +++ [int] delay = 120000
debug +++ [int] repeatCount = 0
debug +++ [int] currentCount = 28
debug +++ [Boolean] running = true
debug +++ [int] delay = 120000
debug time 18:53:47.696 :: After HeartBeat Count=29 Result=5
debug time 18:55:47.500 :: Before HeartBeat Count=30 Time=Thu Jan 26 2012 18:55:47 GMT+0100 AccountId=29131007 Session=d9ca15cd-1dde-4fbe-a762-3e605c6f6866
debug ++ [int] eventPhase = 2
debug ++ [Boolean] bubbles = false
debug ++ [Boolean] cancelable = false
debug ++ [String] type = timer
debug +++ [int] repeatCount = 0
debug +++ [int] currentCount = 29
debug +++ [Boolean] running = true
debug +++ [int] delay = 120000
debug +++ [int] repeatCount = 0
debug +++ [int] currentCount = 29
debug +++ [Boolean] running = true
debug +++ [int] delay = 120000
debug time 18:55:47.694 :: After HeartBeat Count=30 Result=5
debug time 18:57:47.506 :: Before HeartBeat Count=31 Time=Thu Jan 26 2012 18:57:47 GMT+0100 AccountId=29131007 Session=d9ca15cd-1dde-4fbe-a762-3e605c6f6866
debug ++ [int] eventPhase = 2
debug ++ [Boolean] bubbles = false
debug ++ [Boolean] cancelable = false
debug ++ [String] type = timer
debug +++ [int] repeatCount = 0
debug +++ [int] currentCount = 30
debug +++ [Boolean] running = true
debug +++ [int] delay = 120000
debug +++ [int] repeatCount = 0
debug +++ [int] currentCount = 30
debug +++ [Boolean] running = true
debug +++ [int] delay = 120000
debug time 18:57:47.712 :: After HeartBeat Count=31 Result=5
debug time 18:59:47.966 :: Before HeartBeat Count=32 Time=Thu Jan 26 2012 18:59:47 GMT+0100 AccountId=29131007 Session=d9ca15cd-1dde-4fbe-a762-3e605c6f6866
debug ++ [int] eventPhase = 2
debug ++ [Boolean] bubbles = false
debug ++ [Boolean] cancelable = false
debug ++ [String] type = timer
debug +++ [int] repeatCount = 0
debug +++ [int] currentCount = 31
debug +++ [Boolean] running = true
debug +++ [int] delay = 120000
debug +++ [int] repeatCount = 0
debug +++ [int] currentCount = 31
debug +++ [Boolean] running = true
debug +++ [int] delay = 120000
debug time 18:59:48.953 :: After HeartBeat Count=32 Result=5
debug time 19:01:48.962 :: Before HeartBeat Count=33 Time=Thu Jan 26 2012 19:01:48 GMT+0100 AccountId=29131007 Session=d9ca15cd-1dde-4fbe-a762-3e605c6f6866
debug ++ [int] eventPhase = 2
debug ++ [Boolean] bubbles = false
debug ++ [Boolean] cancelable = false
debug ++ [String] type = timer
debug +++ [int] repeatCount = 0
debug +++ [int] currentCount = 32
debug +++ [Boolean] running = true
debug +++ [int] delay = 120000
debug +++ [int] repeatCount = 0
debug +++ [int] currentCount = 32
debug +++ [Boolean] running = true
debug +++ [int] delay = 120000
debug time 19:01:49.954 :: After HeartBeat Count=33 Result=5
debug time 19:03:48.970 :: Before HeartBeat Count=34 Time=Thu Jan 26 2012 19:03:48 GMT+0100 AccountId=29131007 Session=d9ca15cd-1dde-4fbe-a762-3e605c6f6866
debug ++ [int] eventPhase = 2
debug ++ [Boolean] bubbles = false
debug ++ [Boolean] cancelable = false
debug ++ [String] type = timer
debug +++ [int] repeatCount = 0
debug +++ [int] currentCount = 33
debug +++ [Boolean] running = true
debug +++ [int] delay = 120000
debug +++ [int] repeatCount = 0
debug +++ [int] currentCount = 33
debug +++ [Boolean] running = true
debug +++ [int] delay = 120000
debug time 19:03:49.955 :: After HeartBeat Count=34 Result=5
debug time 19:05:49.960 :: Before HeartBeat Count=35 Time=Thu Jan 26 2012 19:05:49 GMT+0100 AccountId=29131007 Session=d9ca15cd-1dde-4fbe-a762-3e605c6f6866
debug ++ [int] eventPhase = 2
debug ++ [Boolean] bubbles = false
debug ++ [Boolean] cancelable = false
debug ++ [String] type = timer
debug +++ [int] repeatCount = 0
debug +++ [int] currentCount = 34
debug +++ [Boolean] running = true
debug +++ [int] delay = 120000
debug +++ [int] repeatCount = 0
debug +++ [int] currentCount = 34
debug +++ [Boolean] running = true
debug +++ [int] delay = 120000
debug time 19:05:50.957 :: After HeartBeat Count=35 Result=5
debug time 19:07:49.961 :: Before HeartBeat Count=36 Time=Thu Jan 26 2012 19:07:49 GMT+0100 AccountId=29131007 Session=d9ca15cd-1dde-4fbe-a762-3e605c6f6866
debug ++ [int] eventPhase = 2
debug ++ [Boolean] bubbles = false
debug ++ [Boolean] cancelable = false
debug ++ [String] type = timer
debug +++ [int] repeatCount = 0
debug +++ [int] currentCount = 35
debug +++ [Boolean] running = true
debug +++ [int] delay = 120000
debug +++ [int] repeatCount = 0
debug +++ [int] currentCount = 35
debug +++ [Boolean] running = true
debug +++ [int] delay = 120000
debug time 19:07:50.958 :: After HeartBeat Count=36 Result=5
debug time 19:09:49.961 :: Before HeartBeat Count=37 Time=Thu Jan 26 2012 19:09:49 GMT+0100 AccountId=29131007 Session=d9ca15cd-1dde-4fbe-a762-3e605c6f6866
debug ++ [int] eventPhase = 2
debug ++ [Boolean] bubbles = false
debug ++ [Boolean] cancelable = false
debug ++ [String] type = timer
debug +++ [int] repeatCount = 0
debug +++ [int] currentCount = 36
debug +++ [Boolean] running = true
debug +++ [int] delay = 120000
debug +++ [int] repeatCount = 0
debug +++ [int] currentCount = 36
debug +++ [Boolean] running = true
debug +++ [int] delay = 120000
debug time 19:09:50.957 :: After HeartBeat Count=37 Result=5
debug time 19:11:49.960 :: Before HeartBeat Count=38 Time=Thu Jan 26 2012 19:11:49 GMT+0100 AccountId=29131007 Session=d9ca15cd-1dde-4fbe-a762-3e605c6f6866
debug ++ [int] eventPhase = 2
debug ++ [Boolean] bubbles = false
debug ++ [Boolean] cancelable = false
debug ++ [String] type = timer
debug +++ [int] repeatCount = 0
debug +++ [int] currentCount = 37
debug +++ [Boolean] running = true
debug +++ [int] delay = 120000
debug +++ [int] repeatCount = 0
debug +++ [int] currentCount = 37
debug +++ [Boolean] running = true
debug +++ [int] delay = 120000
debug time 19:11:50.956 :: After HeartBeat Count=38 Result=5
debug time 19:13:50.958 :: Before HeartBeat Count=39 Time=Thu Jan 26 2012 19:13:50 GMT+0100 AccountId=29131007 Session=d9ca15cd-1dde-4fbe-a762-3e605c6f6866
debug ++ [int] eventPhase = 2
debug ++ [Boolean] bubbles = false
debug ++ [Boolean] cancelable = false
debug ++ [String] type = timer
debug +++ [int] repeatCount = 0
debug +++ [int] currentCount = 38
debug +++ [Boolean] running = true
debug +++ [int] delay = 120000
debug +++ [int] repeatCount = 0
debug +++ [int] currentCount = 38
debug +++ [Boolean] running = true
debug +++ [int] delay = 120000
debug time 19:13:51.954 :: After HeartBeat Count=39 Result=5
debug time 19:15:50.958 :: Before HeartBeat Count=40 Time=Thu Jan 26 2012 19:15:50 GMT+0100 AccountId=29131007 Session=d9ca15cd-1dde-4fbe-a762-3e605c6f6866
debug ++ [int] eventPhase = 2
debug ++ [Boolean] bubbles = false
debug ++ [Boolean] cancelable = false
debug ++ [String] type = timer
debug +++ [int] repeatCount = 0
debug +++ [int] currentCount = 39
debug +++ [Boolean] running = true
debug +++ [int] delay = 120000
debug +++ [int] repeatCount = 0
debug +++ [int] currentCount = 39
debug +++ [Boolean] running = true
debug +++ [int] delay = 120000
debug time 19:15:51.954 :: After HeartBeat Count=40 Result=5
debug time 19:17:50.959 :: Before HeartBeat Count=41 Time=Thu Jan 26 2012 19:17:50 GMT+0100 AccountId=29131007 Session=d9ca15cd-1dde-4fbe-a762-3e605c6f6866
debug ++ [int] eventPhase = 2
debug ++ [Boolean] bubbles = false
debug ++ [Boolean] cancelable = false
debug ++ [String] type = timer
debug +++ [int] repeatCount = 0
debug +++ [int] currentCount = 40
debug +++ [Boolean] running = true
debug +++ [int] delay = 120000
debug +++ [int] repeatCount = 0
debug +++ [int] currentCount = 40
debug +++ [Boolean] running = true
debug +++ [int] delay = 120000
debug time 19:17:51.954 :: After HeartBeat Count=41 Result=5
debug time 19:19:50.957 :: Before HeartBeat Count=42 Time=Thu Jan 26 2012 19:19:50 GMT+0100 AccountId=29131007 Session=d9ca15cd-1dde-4fbe-a762-3e605c6f6866
debug ++ [int] eventPhase = 2
debug ++ [Boolean] bubbles = false
debug ++ [Boolean] cancelable = false
debug ++ [String] type = timer
debug +++ [int] repeatCount = 0
debug +++ [int] currentCount = 41
debug +++ [Boolean] running = true
debug +++ [int] delay = 120000
debug +++ [int] repeatCount = 0
debug +++ [int] currentCount = 41
debug +++ [Boolean] running = true
debug +++ [int] delay = 120000
debug time 19:19:51.953 :: After HeartBeat Count=42 Result=5
debug time 19:21:50.959 :: Before HeartBeat Count=43 Time=Thu Jan 26 2012 19:21:50 GMT+0100 AccountId=29131007 Session=d9ca15cd-1dde-4fbe-a762-3e605c6f6866
debug ++ [int] eventPhase = 2
debug ++ [Boolean] bubbles = false
debug ++ [Boolean] cancelable = false
debug ++ [String] type = timer
debug +++ [int] repeatCount = 0
debug +++ [int] currentCount = 42
debug +++ [Boolean] running = true
debug +++ [int] delay = 120000
debug +++ [int] repeatCount = 0
debug +++ [int] currentCount = 42
debug +++ [Boolean] running = true
debug +++ [int] delay = 120000
debug time 19:21:51.955 :: After HeartBeat Count=43 Result=5
debug time 19:23:51.38 :: Performing heartbeat at Thu Jan 26 2012 19:23:51 GMT+0100
debug time 19:23:51.857 :: Before HeartBeat Count=44 Time=Thu Jan 26 2012 19:23:51 GMT+0100 AccountId=29131007 Session=d9ca15cd-1dde-4fbe-a762-3e605c6f6866
debug ++ [int] eventPhase = 2
debug ++ [Boolean] bubbles = false
debug ++ [Boolean] cancelable = false
debug ++ [String] type = timer
debug +++ [int] repeatCount = 0
debug +++ [int] currentCount = 43
debug +++ [Boolean] running = true
debug +++ [int] delay = 120000
debug +++ [int] repeatCount = 0
debug +++ [int] currentCount = 43
debug +++ [Boolean] running = true
debug +++ [int] delay = 120000
debug time 19:23:52.429 :: After HeartBeat Count=44 Result=5
