debug time 23:44:05.418 :: Before HeartBeat Count=1 Time=Mon Jan 30 2012 23:44:05 GMT+0100 AccountId=29131007 Session=21a35ace-6161-41dc-84e0-e1ef8e66829c
STOP LOGGING: More than 0 nested objects or properties. 
debug time 23:44:06.158 :: After HeartBeat Count=1 Result=5
debug time 23:46:05.456 :: Before HeartBeat Count=2 Time=Mon Jan 30 2012 23:46:05 GMT+0100 AccountId=29131007 Session=21a35ace-6161-41dc-84e0-e1ef8e66829c
debug ++ [int] eventPhase = 2
debug ++ [Boolean] bubbles = false
debug ++ [Boolean] cancelable = false
debug ++ [String] type = timer
debug +++ [int] repeatCount = 0
debug +++ [int] currentCount = 1
debug +++ [Boolean] running = true
debug +++ [int] delay = 120000
debug +++ [int] repeatCount = 0
debug +++ [int] currentCount = 1
debug +++ [Boolean] running = true
debug +++ [int] delay = 120000
debug time 23:46:06.453 :: After HeartBeat Count=2 Result=5
debug time 23:48:05.457 :: Before HeartBeat Count=3 Time=Mon Jan 30 2012 23:48:05 GMT+0100 AccountId=29131007 Session=21a35ace-6161-41dc-84e0-e1ef8e66829c
debug ++ [int] eventPhase = 2
debug ++ [Boolean] bubbles = false
debug ++ [Boolean] cancelable = false
debug ++ [String] type = timer
debug +++ [int] repeatCount = 0
debug +++ [int] currentCount = 2
debug +++ [Boolean] running = true
debug +++ [int] delay = 120000
debug +++ [int] repeatCount = 0
debug +++ [int] currentCount = 2
debug +++ [Boolean] running = true
debug +++ [int] delay = 120000
debug time 23:48:06.453 :: After HeartBeat Count=3 Result=5
debug time 23:50:05.477 :: Before HeartBeat Count=4 Time=Mon Jan 30 2012 23:50:05 GMT+0100 AccountId=29131007 Session=21a35ace-6161-41dc-84e0-e1ef8e66829c
debug ++ [int] eventPhase = 2
debug ++ [Boolean] bubbles = false
debug ++ [Boolean] cancelable = false
debug ++ [String] type = timer
debug +++ [int] repeatCount = 0
debug +++ [int] currentCount = 3
debug +++ [Boolean] running = true
debug +++ [int] delay = 120000
debug +++ [int] repeatCount = 0
debug +++ [int] currentCount = 3
debug +++ [Boolean] running = true
debug +++ [int] delay = 120000
debug time 23:50:06.452 :: After HeartBeat Count=4 Result=5
debug time 23:52:06.455 :: Before HeartBeat Count=5 Time=Mon Jan 30 2012 23:52:06 GMT+0100 AccountId=29131007 Session=21a35ace-6161-41dc-84e0-e1ef8e66829c
debug ++ [int] eventPhase = 2
debug ++ [Boolean] bubbles = false
debug ++ [Boolean] cancelable = false
debug ++ [String] type = timer
debug +++ [int] repeatCount = 0
debug +++ [int] currentCount = 4
debug +++ [Boolean] running = true
debug +++ [int] delay = 120000
debug +++ [int] repeatCount = 0
debug +++ [int] currentCount = 4
debug +++ [Boolean] running = true
debug +++ [int] delay = 120000
debug time 23:52:07.451 :: After HeartBeat Count=5 Result=5
debug time 23:54:07.456 :: Before HeartBeat Count=6 Time=Mon Jan 30 2012 23:54:07 GMT+0100 AccountId=29131007 Session=21a35ace-6161-41dc-84e0-e1ef8e66829c
debug ++ [int] eventPhase = 2
debug ++ [Boolean] bubbles = false
debug ++ [Boolean] cancelable = false
debug ++ [String] type = timer
debug +++ [int] repeatCount = 0
debug +++ [int] currentCount = 5
debug +++ [Boolean] running = true
debug +++ [int] delay = 120000
debug +++ [int] repeatCount = 0
debug +++ [int] currentCount = 5
debug +++ [Boolean] running = true
debug +++ [int] delay = 120000
debug time 23:54:08.451 :: After HeartBeat Count=6 Result=5
debug time 23:56:08.455 :: Before HeartBeat Count=7 Time=Mon Jan 30 2012 23:56:08 GMT+0100 AccountId=29131007 Session=21a35ace-6161-41dc-84e0-e1ef8e66829c
debug ++ [int] eventPhase = 2
debug ++ [Boolean] bubbles = false
debug ++ [Boolean] cancelable = false
debug ++ [String] type = timer
debug +++ [int] repeatCount = 0
debug +++ [int] currentCount = 6
debug +++ [Boolean] running = true
debug +++ [int] delay = 120000
debug +++ [int] repeatCount = 0
debug +++ [int] currentCount = 6
debug +++ [Boolean] running = true
debug +++ [int] delay = 120000
debug time 23:56:09.452 :: After HeartBeat Count=7 Result=5
debug time 23:58:08.470 :: Before HeartBeat Count=8 Time=Mon Jan 30 2012 23:58:08 GMT+0100 AccountId=29131007 Session=21a35ace-6161-41dc-84e0-e1ef8e66829c
debug ++ [int] eventPhase = 2
debug ++ [Boolean] bubbles = false
debug ++ [Boolean] cancelable = false
debug ++ [String] type = timer
debug +++ [int] repeatCount = 0
debug +++ [int] currentCount = 7
debug +++ [Boolean] running = true
debug +++ [int] delay = 120000
debug +++ [int] repeatCount = 0
debug +++ [int] currentCount = 7
debug +++ [Boolean] running = true
debug +++ [int] delay = 120000
debug time 23:58:09.453 :: After HeartBeat Count=8 Result=5
debug time 00:00:09.458 :: Before HeartBeat Count=9 Time=Tue Jan 31 2012 00:00:09 GMT+0100 AccountId=29131007 Session=21a35ace-6161-41dc-84e0-e1ef8e66829c
debug ++ [int] eventPhase = 2
debug ++ [Boolean] bubbles = false
debug ++ [Boolean] cancelable = false
debug ++ [String] type = timer
debug +++ [int] repeatCount = 0
debug +++ [int] currentCount = 8
debug +++ [Boolean] running = true
debug +++ [int] delay = 120000
debug +++ [int] repeatCount = 0
debug +++ [int] currentCount = 8
debug +++ [Boolean] running = true
debug +++ [int] delay = 120000
debug time 00:00:10.452 :: After HeartBeat Count=9 Result=5
debug time 00:02:10.454 :: Before HeartBeat Count=10 Time=Tue Jan 31 2012 00:02:10 GMT+0100 AccountId=29131007 Session=21a35ace-6161-41dc-84e0-e1ef8e66829c
debug ++ [int] eventPhase = 2
debug ++ [Boolean] bubbles = false
debug ++ [Boolean] cancelable = false
debug ++ [String] type = timer
debug +++ [int] repeatCount = 0
debug +++ [int] currentCount = 9
debug +++ [Boolean] running = true
debug +++ [int] delay = 120000
debug +++ [int] repeatCount = 0
debug +++ [int] currentCount = 9
debug +++ [Boolean] running = true
debug +++ [int] delay = 120000
debug time 00:02:11.451 :: After HeartBeat Count=10 Result=5
debug time 00:04:10.467 :: Before HeartBeat Count=11 Time=Tue Jan 31 2012 00:04:10 GMT+0100 AccountId=29131007 Session=21a35ace-6161-41dc-84e0-e1ef8e66829c
debug ++ [int] eventPhase = 2
debug ++ [Boolean] bubbles = false
debug ++ [Boolean] cancelable = false
debug ++ [String] type = timer
debug +++ [int] repeatCount = 0
debug +++ [int] currentCount = 10
debug +++ [Boolean] running = true
debug +++ [int] delay = 120000
debug +++ [int] repeatCount = 0
debug +++ [int] currentCount = 10
debug +++ [Boolean] running = true
debug +++ [int] delay = 120000
debug time 00:04:11.451 :: After HeartBeat Count=11 Result=5
debug time 00:06:10.476 :: Before HeartBeat Count=12 Time=Tue Jan 31 2012 00:06:10 GMT+0100 AccountId=29131007 Session=21a35ace-6161-41dc-84e0-e1ef8e66829c
debug ++ [int] eventPhase = 2
debug ++ [Boolean] bubbles = false
debug ++ [Boolean] cancelable = false
debug ++ [String] type = timer
debug +++ [int] repeatCount = 0
debug +++ [int] currentCount = 11
debug +++ [Boolean] running = true
debug +++ [int] delay = 120000
debug +++ [int] repeatCount = 0
debug +++ [int] currentCount = 11
debug +++ [Boolean] running = true
debug +++ [int] delay = 120000
debug time 00:06:11.452 :: After HeartBeat Count=12 Result=5
debug time 00:08:11.476 :: Before HeartBeat Count=13 Time=Tue Jan 31 2012 00:08:11 GMT+0100 AccountId=29131007 Session=21a35ace-6161-41dc-84e0-e1ef8e66829c
debug ++ [int] eventPhase = 2
debug ++ [Boolean] bubbles = false
debug ++ [Boolean] cancelable = false
debug ++ [String] type = timer
debug +++ [int] repeatCount = 0
debug +++ [int] currentCount = 12
debug +++ [Boolean] running = true
debug +++ [int] delay = 120000
debug +++ [int] repeatCount = 0
debug +++ [int] currentCount = 12
debug +++ [Boolean] running = true
debug +++ [int] delay = 120000
debug time 00:08:12.453 :: After HeartBeat Count=13 Result=5
debug time 00:10:12.455 :: Before HeartBeat Count=14 Time=Tue Jan 31 2012 00:10:12 GMT+0100 AccountId=29131007 Session=21a35ace-6161-41dc-84e0-e1ef8e66829c
debug ++ [int] eventPhase = 2
debug ++ [Boolean] bubbles = false
debug ++ [Boolean] cancelable = false
debug ++ [String] type = timer
debug +++ [int] repeatCount = 0
debug +++ [int] currentCount = 13
debug +++ [Boolean] running = true
debug +++ [int] delay = 120000
debug +++ [int] repeatCount = 0
debug +++ [int] currentCount = 13
debug +++ [Boolean] running = true
debug +++ [int] delay = 120000
debug time 00:10:13.451 :: After HeartBeat Count=14 Result=5
debug time 00:12:13.455 :: Before HeartBeat Count=15 Time=Tue Jan 31 2012 00:12:13 GMT+0100 AccountId=29131007 Session=21a35ace-6161-41dc-84e0-e1ef8e66829c
debug ++ [int] eventPhase = 2
debug ++ [Boolean] bubbles = false
debug ++ [Boolean] cancelable = false
debug ++ [String] type = timer
debug +++ [int] repeatCount = 0
debug +++ [int] currentCount = 14
debug +++ [Boolean] running = true
debug +++ [int] delay = 120000
debug +++ [int] repeatCount = 0
debug +++ [int] currentCount = 14
debug +++ [Boolean] running = true
debug +++ [int] delay = 120000
debug time 00:12:14.450 :: After HeartBeat Count=15 Result=5
debug time 00:14:13.454 :: Before HeartBeat Count=16 Time=Tue Jan 31 2012 00:14:13 GMT+0100 AccountId=29131007 Session=21a35ace-6161-41dc-84e0-e1ef8e66829c
debug ++ [int] eventPhase = 2
debug ++ [Boolean] bubbles = false
debug ++ [Boolean] cancelable = false
debug ++ [String] type = timer
debug +++ [int] repeatCount = 0
debug +++ [int] currentCount = 15
debug +++ [Boolean] running = true
debug +++ [int] delay = 120000
debug +++ [int] repeatCount = 0
debug +++ [int] currentCount = 15
debug +++ [Boolean] running = true
debug +++ [int] delay = 120000
debug time 00:14:14.451 :: After HeartBeat Count=16 Result=5
debug time 00:16:13.453 :: Before HeartBeat Count=17 Time=Tue Jan 31 2012 00:16:13 GMT+0100 AccountId=29131007 Session=21a35ace-6161-41dc-84e0-e1ef8e66829c
debug ++ [int] eventPhase = 2
debug ++ [Boolean] bubbles = false
debug ++ [Boolean] cancelable = false
debug ++ [String] type = timer
debug +++ [int] repeatCount = 0
debug +++ [int] currentCount = 16
debug +++ [Boolean] running = true
debug +++ [int] delay = 120000
debug +++ [int] repeatCount = 0
debug +++ [int] currentCount = 16
debug +++ [Boolean] running = true
debug +++ [int] delay = 120000
debug time 00:16:14.449 :: After HeartBeat Count=17 Result=5
debug time 00:18:13.466 :: Before HeartBeat Count=18 Time=Tue Jan 31 2012 00:18:13 GMT+0100 AccountId=29131007 Session=21a35ace-6161-41dc-84e0-e1ef8e66829c
debug ++ [int] eventPhase = 2
debug ++ [Boolean] bubbles = false
debug ++ [Boolean] cancelable = false
debug ++ [String] type = timer
debug +++ [int] repeatCount = 0
debug +++ [int] currentCount = 17
debug +++ [Boolean] running = true
debug +++ [int] delay = 120000
debug +++ [int] repeatCount = 0
debug +++ [int] currentCount = 17
debug +++ [Boolean] running = true
debug +++ [int] delay = 120000
debug time 00:18:14.450 :: After HeartBeat Count=18 Result=5
debug time 00:20:14.452 :: Before HeartBeat Count=19 Time=Tue Jan 31 2012 00:20:14 GMT+0100 AccountId=29131007 Session=21a35ace-6161-41dc-84e0-e1ef8e66829c
debug ++ [int] eventPhase = 2
debug ++ [Boolean] bubbles = false
debug ++ [Boolean] cancelable = false
debug ++ [String] type = timer
debug +++ [int] repeatCount = 0
debug +++ [int] currentCount = 18
debug +++ [Boolean] running = true
debug +++ [int] delay = 120000
debug +++ [int] repeatCount = 0
debug +++ [int] currentCount = 18
debug +++ [Boolean] running = true
debug +++ [int] delay = 120000
debug time 00:20:15.450 :: After HeartBeat Count=19 Result=5
debug time 00:20:31.560 :: Performing heartbeat at Tue Jan 31 2012 00:20:31 GMT+0100
