debug time 18:15:23.765 :: Before HeartBeat Count=1 Time=Mon Jan 23 2012 18:15:23 GMT+0100 AccountId=29131007 Session=f62fe689-070e-489f-8d37-1fff0bec1322
STOP LOGGING: More than 0 nested objects or properties. 
debug time 18:15:24.536 :: After HeartBeat Count=1 Result=5
debug time 18:17:23.811 :: Before HeartBeat Count=2 Time=Mon Jan 23 2012 18:17:23 GMT+0100 AccountId=29131007 Session=f62fe689-070e-489f-8d37-1fff0bec1322
debug ++ [int] eventPhase = 2
debug ++ [Boolean] bubbles = false
debug ++ [Boolean] cancelable = false
debug ++ [String] type = timer
debug +++ [int] repeatCount = 0
debug +++ [int] currentCount = 1
debug +++ [Boolean] running = true
debug +++ [int] delay = 120000
debug +++ [int] repeatCount = 0
debug +++ [int] currentCount = 1
debug +++ [Boolean] running = true
debug +++ [int] delay = 120000
debug time 18:17:24.27 :: After HeartBeat Count=2 Result=5
debug time 18:19:24.517 :: Before HeartBeat Count=3 Time=Mon Jan 23 2012 18:19:24 GMT+0100 AccountId=29131007 Session=f62fe689-070e-489f-8d37-1fff0bec1322
debug ++ [int] eventPhase = 2
debug ++ [Boolean] bubbles = false
debug ++ [Boolean] cancelable = false
debug ++ [String] type = timer
debug +++ [int] repeatCount = 0
debug +++ [int] currentCount = 2
debug +++ [Boolean] running = true
debug +++ [int] delay = 120000
debug +++ [int] repeatCount = 0
debug +++ [int] currentCount = 2
debug +++ [Boolean] running = true
debug +++ [int] delay = 120000
debug time 18:19:25.513 :: After HeartBeat Count=3 Result=5
debug time 18:21:24.517 :: Before HeartBeat Count=4 Time=Mon Jan 23 2012 18:21:24 GMT+0100 AccountId=29131007 Session=f62fe689-070e-489f-8d37-1fff0bec1322
debug ++ [int] eventPhase = 2
debug ++ [Boolean] bubbles = false
debug ++ [Boolean] cancelable = false
debug ++ [String] type = timer
debug +++ [int] repeatCount = 0
debug +++ [int] currentCount = 3
debug +++ [Boolean] running = true
debug +++ [int] delay = 120000
debug +++ [int] repeatCount = 0
debug +++ [int] currentCount = 3
debug +++ [Boolean] running = true
debug +++ [int] delay = 120000
debug time 18:21:25.513 :: After HeartBeat Count=4 Result=5
debug time 18:23:24.517 :: Before HeartBeat Count=5 Time=Mon Jan 23 2012 18:23:24 GMT+0100 AccountId=29131007 Session=f62fe689-070e-489f-8d37-1fff0bec1322
debug ++ [int] eventPhase = 2
debug ++ [Boolean] bubbles = false
debug ++ [Boolean] cancelable = false
debug ++ [String] type = timer
debug +++ [int] repeatCount = 0
debug +++ [int] currentCount = 4
debug +++ [Boolean] running = true
debug +++ [int] delay = 120000
debug +++ [int] repeatCount = 0
debug +++ [int] currentCount = 4
debug +++ [Boolean] running = true
debug +++ [int] delay = 120000
debug time 18:23:25.513 :: After HeartBeat Count=5 Result=5
debug time 18:25:24.518 :: Before HeartBeat Count=6 Time=Mon Jan 23 2012 18:25:24 GMT+0100 AccountId=29131007 Session=f62fe689-070e-489f-8d37-1fff0bec1322
debug ++ [int] eventPhase = 2
debug ++ [Boolean] bubbles = false
debug ++ [Boolean] cancelable = false
debug ++ [String] type = timer
debug +++ [int] repeatCount = 0
debug +++ [int] currentCount = 5
debug +++ [Boolean] running = true
debug +++ [int] delay = 120000
debug +++ [int] repeatCount = 0
debug +++ [int] currentCount = 5
debug +++ [Boolean] running = true
debug +++ [int] delay = 120000
debug time 18:25:25.530 :: After HeartBeat Count=6 Result=5
debug time 18:27:25.517 :: Before HeartBeat Count=7 Time=Mon Jan 23 2012 18:27:25 GMT+0100 AccountId=29131007 Session=f62fe689-070e-489f-8d37-1fff0bec1322
debug ++ [int] eventPhase = 2
debug ++ [Boolean] bubbles = false
debug ++ [Boolean] cancelable = false
debug ++ [String] type = timer
debug +++ [int] repeatCount = 0
debug +++ [int] currentCount = 6
debug +++ [Boolean] running = true
debug +++ [int] delay = 120000
debug +++ [int] repeatCount = 0
debug +++ [int] currentCount = 6
debug +++ [Boolean] running = true
debug +++ [int] delay = 120000
debug time 18:27:26.519 :: After HeartBeat Count=7 Result=5
debug time 18:29:25.516 :: Before HeartBeat Count=8 Time=Mon Jan 23 2012 18:29:25 GMT+0100 AccountId=29131007 Session=f62fe689-070e-489f-8d37-1fff0bec1322
debug ++ [int] eventPhase = 2
debug ++ [Boolean] bubbles = false
debug ++ [Boolean] cancelable = false
debug ++ [String] type = timer
debug +++ [int] repeatCount = 0
debug +++ [int] currentCount = 7
debug +++ [Boolean] running = true
debug +++ [int] delay = 120000
debug +++ [int] repeatCount = 0
debug +++ [int] currentCount = 7
debug +++ [Boolean] running = true
debug +++ [int] delay = 120000
debug time 18:29:26.513 :: After HeartBeat Count=8 Result=5
debug time 18:31:25.522 :: Before HeartBeat Count=9 Time=Mon Jan 23 2012 18:31:25 GMT+0100 AccountId=29131007 Session=f62fe689-070e-489f-8d37-1fff0bec1322
debug ++ [int] eventPhase = 2
debug ++ [Boolean] bubbles = false
debug ++ [Boolean] cancelable = false
debug ++ [String] type = timer
debug +++ [int] repeatCount = 0
debug +++ [int] currentCount = 8
debug +++ [Boolean] running = true
debug +++ [int] delay = 120000
debug +++ [int] repeatCount = 0
debug +++ [int] currentCount = 8
debug +++ [Boolean] running = true
debug +++ [int] delay = 120000
debug time 18:31:26.513 :: After HeartBeat Count=9 Result=5
debug time 18:33:26.517 :: Before HeartBeat Count=10 Time=Mon Jan 23 2012 18:33:26 GMT+0100 AccountId=29131007 Session=f62fe689-070e-489f-8d37-1fff0bec1322
debug ++ [int] eventPhase = 2
debug ++ [Boolean] bubbles = false
debug ++ [Boolean] cancelable = false
debug ++ [String] type = timer
debug +++ [int] repeatCount = 0
debug +++ [int] currentCount = 9
debug +++ [Boolean] running = true
debug +++ [int] delay = 120000
debug +++ [int] repeatCount = 0
debug +++ [int] currentCount = 9
debug +++ [Boolean] running = true
debug +++ [int] delay = 120000
debug time 18:33:27.513 :: After HeartBeat Count=10 Result=5
debug time 18:35:26.517 :: Before HeartBeat Count=11 Time=Mon Jan 23 2012 18:35:26 GMT+0100 AccountId=29131007 Session=f62fe689-070e-489f-8d37-1fff0bec1322
debug ++ [int] eventPhase = 2
debug ++ [Boolean] bubbles = false
debug ++ [Boolean] cancelable = false
debug ++ [String] type = timer
debug +++ [int] repeatCount = 0
debug +++ [int] currentCount = 10
debug +++ [Boolean] running = true
debug +++ [int] delay = 120000
debug +++ [int] repeatCount = 0
debug +++ [int] currentCount = 10
debug +++ [Boolean] running = true
debug +++ [int] delay = 120000
debug time 18:35:27.513 :: After HeartBeat Count=11 Result=5
debug time 18:37:26.518 :: Before HeartBeat Count=12 Time=Mon Jan 23 2012 18:37:26 GMT+0100 AccountId=29131007 Session=f62fe689-070e-489f-8d37-1fff0bec1322
debug ++ [int] eventPhase = 2
debug ++ [Boolean] bubbles = false
debug ++ [Boolean] cancelable = false
debug ++ [String] type = timer
debug +++ [int] repeatCount = 0
debug +++ [int] currentCount = 11
debug +++ [Boolean] running = true
debug +++ [int] delay = 120000
debug +++ [int] repeatCount = 0
debug +++ [int] currentCount = 11
debug +++ [Boolean] running = true
debug +++ [int] delay = 120000
debug time 18:37:27.513 :: After HeartBeat Count=12 Result=5
debug time 18:39:27.517 :: Before HeartBeat Count=13 Time=Mon Jan 23 2012 18:39:27 GMT+0100 AccountId=29131007 Session=f62fe689-070e-489f-8d37-1fff0bec1322
debug ++ [int] eventPhase = 2
debug ++ [Boolean] bubbles = false
debug ++ [Boolean] cancelable = false
debug ++ [String] type = timer
debug +++ [int] repeatCount = 0
debug +++ [int] currentCount = 12
debug +++ [Boolean] running = true
debug +++ [int] delay = 120000
debug +++ [int] repeatCount = 0
debug +++ [int] currentCount = 12
debug +++ [Boolean] running = true
debug +++ [int] delay = 120000
debug time 18:39:28.513 :: After HeartBeat Count=13 Result=5
debug time 18:41:27.520 :: Before HeartBeat Count=14 Time=Mon Jan 23 2012 18:41:27 GMT+0100 AccountId=29131007 Session=f62fe689-070e-489f-8d37-1fff0bec1322
debug ++ [int] eventPhase = 2
debug ++ [Boolean] bubbles = false
debug ++ [Boolean] cancelable = false
debug ++ [String] type = timer
debug +++ [int] repeatCount = 0
debug +++ [int] currentCount = 13
debug +++ [Boolean] running = true
debug +++ [int] delay = 120000
debug +++ [int] repeatCount = 0
debug +++ [int] currentCount = 13
debug +++ [Boolean] running = true
debug +++ [int] delay = 120000
debug time 18:41:28.518 :: After HeartBeat Count=14 Result=5
debug time 18:43:28.518 :: Before HeartBeat Count=15 Time=Mon Jan 23 2012 18:43:28 GMT+0100 AccountId=29131007 Session=f62fe689-070e-489f-8d37-1fff0bec1322
debug ++ [int] eventPhase = 2
debug ++ [Boolean] bubbles = false
debug ++ [Boolean] cancelable = false
debug ++ [String] type = timer
debug +++ [int] repeatCount = 0
debug +++ [int] currentCount = 14
debug +++ [Boolean] running = true
debug +++ [int] delay = 120000
debug +++ [int] repeatCount = 0
debug +++ [int] currentCount = 14
debug +++ [Boolean] running = true
debug +++ [int] delay = 120000
debug time 18:43:29.513 :: After HeartBeat Count=15 Result=5
debug time 18:45:29.518 :: Before HeartBeat Count=16 Time=Mon Jan 23 2012 18:45:29 GMT+0100 AccountId=29131007 Session=f62fe689-070e-489f-8d37-1fff0bec1322
debug ++ [int] eventPhase = 2
debug ++ [Boolean] bubbles = false
debug ++ [Boolean] cancelable = false
debug ++ [String] type = timer
debug +++ [int] repeatCount = 0
debug +++ [int] currentCount = 15
debug +++ [Boolean] running = true
debug +++ [int] delay = 120000
debug +++ [int] repeatCount = 0
debug +++ [int] currentCount = 15
debug +++ [Boolean] running = true
debug +++ [int] delay = 120000
debug time 18:45:30.514 :: After HeartBeat Count=16 Result=5
debug time 18:47:30.516 :: Before HeartBeat Count=17 Time=Mon Jan 23 2012 18:47:30 GMT+0100 AccountId=29131007 Session=f62fe689-070e-489f-8d37-1fff0bec1322
debug ++ [int] eventPhase = 2
debug ++ [Boolean] bubbles = false
debug ++ [Boolean] cancelable = false
debug ++ [String] type = timer
debug +++ [int] repeatCount = 0
debug +++ [int] currentCount = 16
debug +++ [Boolean] running = true
debug +++ [int] delay = 120000
debug +++ [int] repeatCount = 0
debug +++ [int] currentCount = 16
debug +++ [Boolean] running = true
debug +++ [int] delay = 120000
debug time 18:47:31.514 :: After HeartBeat Count=17 Result=5
debug time 18:49:30.516 :: Before HeartBeat Count=18 Time=Mon Jan 23 2012 18:49:30 GMT+0100 AccountId=29131007 Session=f62fe689-070e-489f-8d37-1fff0bec1322
debug ++ [int] eventPhase = 2
debug ++ [Boolean] bubbles = false
debug ++ [Boolean] cancelable = false
debug ++ [String] type = timer
debug +++ [int] repeatCount = 0
debug +++ [int] currentCount = 17
debug +++ [Boolean] running = true
debug +++ [int] delay = 120000
debug +++ [int] repeatCount = 0
debug +++ [int] currentCount = 17
debug +++ [Boolean] running = true
debug +++ [int] delay = 120000
debug time 18:49:31.513 :: After HeartBeat Count=18 Result=5
debug time 18:51:30.537 :: Before HeartBeat Count=19 Time=Mon Jan 23 2012 18:51:30 GMT+0100 AccountId=29131007 Session=f62fe689-070e-489f-8d37-1fff0bec1322
debug ++ [int] eventPhase = 2
debug ++ [Boolean] bubbles = false
debug ++ [Boolean] cancelable = false
debug ++ [String] type = timer
debug +++ [int] repeatCount = 0
debug +++ [int] currentCount = 18
debug +++ [Boolean] running = true
debug +++ [int] delay = 120000
debug +++ [int] repeatCount = 0
debug +++ [int] currentCount = 18
debug +++ [Boolean] running = true
debug +++ [int] delay = 120000
debug time 18:51:31.518 :: After HeartBeat Count=19 Result=5
debug time 18:53:31.516 :: Before HeartBeat Count=20 Time=Mon Jan 23 2012 18:53:31 GMT+0100 AccountId=29131007 Session=f62fe689-070e-489f-8d37-1fff0bec1322
debug ++ [int] eventPhase = 2
debug ++ [Boolean] bubbles = false
debug ++ [Boolean] cancelable = false
debug ++ [String] type = timer
debug +++ [int] repeatCount = 0
debug +++ [int] currentCount = 19
debug +++ [Boolean] running = true
debug +++ [int] delay = 120000
debug +++ [int] repeatCount = 0
debug +++ [int] currentCount = 19
debug +++ [Boolean] running = true
debug +++ [int] delay = 120000
debug time 18:53:32.513 :: After HeartBeat Count=20 Result=5
debug time 18:55:31.516 :: Before HeartBeat Count=21 Time=Mon Jan 23 2012 18:55:31 GMT+0100 AccountId=29131007 Session=f62fe689-070e-489f-8d37-1fff0bec1322
debug ++ [int] eventPhase = 2
debug ++ [Boolean] bubbles = false
debug ++ [Boolean] cancelable = false
debug ++ [String] type = timer
debug +++ [int] repeatCount = 0
debug +++ [int] currentCount = 20
debug +++ [Boolean] running = true
debug +++ [int] delay = 120000
debug +++ [int] repeatCount = 0
debug +++ [int] currentCount = 20
debug +++ [Boolean] running = true
debug +++ [int] delay = 120000
debug time 18:55:32.513 :: After HeartBeat Count=21 Result=5
debug time 18:56:56.560 :: Performing heartbeat at Mon Jan 23 2012 18:56:56 GMT+0100
debug time 18:57:31.525 :: Before HeartBeat Count=22 Time=Mon Jan 23 2012 18:57:31 GMT+0100 AccountId=29131007 Session=f62fe689-070e-489f-8d37-1fff0bec1322
debug ++ [int] eventPhase = 2
debug ++ [Boolean] bubbles = false
debug ++ [Boolean] cancelable = false
debug ++ [String] type = timer
debug +++ [int] repeatCount = 0
debug +++ [int] currentCount = 21
debug +++ [Boolean] running = true
debug +++ [int] delay = 120000
debug +++ [int] repeatCount = 0
debug +++ [int] currentCount = 21
debug +++ [Boolean] running = true
debug +++ [int] delay = 120000
debug time 18:57:31.714 :: After HeartBeat Count=22 Result=5
debug time 18:59:31.533 :: Before HeartBeat Count=23 Time=Mon Jan 23 2012 18:59:31 GMT+0100 AccountId=29131007 Session=f62fe689-070e-489f-8d37-1fff0bec1322
debug ++ [int] eventPhase = 2
debug ++ [Boolean] bubbles = false
debug ++ [Boolean] cancelable = false
debug ++ [String] type = timer
debug +++ [int] repeatCount = 0
debug +++ [int] currentCount = 22
debug +++ [Boolean] running = true
debug +++ [int] delay = 120000
debug +++ [int] repeatCount = 0
debug +++ [int] currentCount = 22
debug +++ [Boolean] running = true
debug +++ [int] delay = 120000
debug time 18:59:31.730 :: After HeartBeat Count=23 Result=5
debug time 19:01:31.536 :: Before HeartBeat Count=24 Time=Mon Jan 23 2012 19:01:31 GMT+0100 AccountId=29131007 Session=f62fe689-070e-489f-8d37-1fff0bec1322
debug ++ [int] eventPhase = 2
debug ++ [Boolean] bubbles = false
debug ++ [Boolean] cancelable = false
debug ++ [String] type = timer
debug +++ [int] repeatCount = 0
debug +++ [int] currentCount = 23
debug +++ [Boolean] running = true
debug +++ [int] delay = 120000
debug +++ [int] repeatCount = 0
debug +++ [int] currentCount = 23
debug +++ [Boolean] running = true
debug +++ [int] delay = 120000
debug time 19:01:31.731 :: After HeartBeat Count=24 Result=5
debug time 19:03:31.548 :: Before HeartBeat Count=25 Time=Mon Jan 23 2012 19:03:31 GMT+0100 AccountId=29131007 Session=f62fe689-070e-489f-8d37-1fff0bec1322
debug ++ [int] eventPhase = 2
debug ++ [Boolean] bubbles = false
debug ++ [Boolean] cancelable = false
debug ++ [String] type = timer
debug +++ [int] repeatCount = 0
debug +++ [int] currentCount = 24
debug +++ [Boolean] running = true
debug +++ [int] delay = 120000
debug +++ [int] repeatCount = 0
debug +++ [int] currentCount = 24
debug +++ [Boolean] running = true
debug +++ [int] delay = 120000
debug time 19:03:31.763 :: After HeartBeat Count=25 Result=5
debug time 19:05:31.571 :: Before HeartBeat Count=26 Time=Mon Jan 23 2012 19:05:31 GMT+0100 AccountId=29131007 Session=f62fe689-070e-489f-8d37-1fff0bec1322
debug ++ [int] eventPhase = 2
debug ++ [Boolean] bubbles = false
debug ++ [Boolean] cancelable = false
debug ++ [String] type = timer
debug +++ [int] repeatCount = 0
debug +++ [int] currentCount = 25
debug +++ [Boolean] running = true
debug +++ [int] delay = 120000
debug +++ [int] repeatCount = 0
debug +++ [int] currentCount = 25
debug +++ [Boolean] running = true
debug +++ [int] delay = 120000
debug time 19:05:31.763 :: After HeartBeat Count=26 Result=5
debug time 19:07:31.571 :: Before HeartBeat Count=27 Time=Mon Jan 23 2012 19:07:31 GMT+0100 AccountId=29131007 Session=f62fe689-070e-489f-8d37-1fff0bec1322
debug ++ [int] eventPhase = 2
debug ++ [Boolean] bubbles = false
debug ++ [Boolean] cancelable = false
debug ++ [String] type = timer
debug +++ [int] repeatCount = 0
debug +++ [int] currentCount = 26
debug +++ [Boolean] running = true
debug +++ [int] delay = 120000
debug +++ [int] repeatCount = 0
debug +++ [int] currentCount = 26
debug +++ [Boolean] running = true
debug +++ [int] delay = 120000
debug time 19:07:31.764 :: After HeartBeat Count=27 Result=5
debug time 19:09:31.604 :: Before HeartBeat Count=28 Time=Mon Jan 23 2012 19:09:31 GMT+0100 AccountId=29131007 Session=f62fe689-070e-489f-8d37-1fff0bec1322
debug ++ [int] eventPhase = 2
debug ++ [Boolean] bubbles = false
debug ++ [Boolean] cancelable = false
debug ++ [String] type = timer
debug +++ [int] repeatCount = 0
debug +++ [int] currentCount = 27
debug +++ [Boolean] running = true
debug +++ [int] delay = 120000
debug +++ [int] repeatCount = 0
debug +++ [int] currentCount = 27
debug +++ [Boolean] running = true
debug +++ [int] delay = 120000
debug time 19:09:31.799 :: After HeartBeat Count=28 Result=5
debug time 19:11:31.616 :: Before HeartBeat Count=29 Time=Mon Jan 23 2012 19:11:31 GMT+0100 AccountId=29131007 Session=f62fe689-070e-489f-8d37-1fff0bec1322
debug ++ [int] eventPhase = 2
debug ++ [Boolean] bubbles = false
debug ++ [Boolean] cancelable = false
debug ++ [String] type = timer
debug +++ [int] repeatCount = 0
debug +++ [int] currentCount = 28
debug +++ [Boolean] running = true
debug +++ [int] delay = 120000
debug +++ [int] repeatCount = 0
debug +++ [int] currentCount = 28
debug +++ [Boolean] running = true
debug +++ [int] delay = 120000
debug time 19:11:31.831 :: After HeartBeat Count=29 Result=5
debug time 19:13:32.204 :: Before HeartBeat Count=30 Time=Mon Jan 23 2012 19:13:32 GMT+0100 AccountId=29131007 Session=f62fe689-070e-489f-8d37-1fff0bec1322
debug ++ [int] eventPhase = 2
debug ++ [Boolean] bubbles = false
debug ++ [Boolean] cancelable = false
debug ++ [String] type = timer
debug +++ [int] repeatCount = 0
debug +++ [int] currentCount = 29
debug +++ [Boolean] running = true
debug +++ [int] delay = 120000
debug +++ [int] repeatCount = 0
debug +++ [int] currentCount = 29
debug +++ [Boolean] running = true
debug +++ [int] delay = 120000
debug time 19:13:32.699 :: After HeartBeat Count=30 Result=5
debug time 19:15:32.230 :: Before HeartBeat Count=31 Time=Mon Jan 23 2012 19:15:32 GMT+0100 AccountId=29131007 Session=f62fe689-070e-489f-8d37-1fff0bec1322
debug ++ [int] eventPhase = 2
debug ++ [Boolean] bubbles = false
debug ++ [Boolean] cancelable = false
debug ++ [String] type = timer
debug +++ [int] repeatCount = 0
debug +++ [int] currentCount = 30
debug +++ [Boolean] running = true
debug +++ [int] delay = 120000
debug +++ [int] repeatCount = 0
debug +++ [int] currentCount = 30
debug +++ [Boolean] running = true
debug +++ [int] delay = 120000
debug time 19:15:32.433 :: After HeartBeat Count=31 Result=5
debug time 19:17:32.260 :: Before HeartBeat Count=32 Time=Mon Jan 23 2012 19:17:32 GMT+0100 AccountId=29131007 Session=f62fe689-070e-489f-8d37-1fff0bec1322
debug ++ [int] eventPhase = 2
debug ++ [Boolean] bubbles = false
debug ++ [Boolean] cancelable = false
debug ++ [String] type = timer
debug +++ [int] repeatCount = 0
debug +++ [int] currentCount = 31
debug +++ [Boolean] running = true
debug +++ [int] delay = 120000
debug +++ [int] repeatCount = 0
debug +++ [int] currentCount = 31
debug +++ [Boolean] running = true
debug +++ [int] delay = 120000
debug time 19:17:32.453 :: After HeartBeat Count=32 Result=5
debug time 19:19:32.527 :: Before HeartBeat Count=33 Time=Mon Jan 23 2012 19:19:32 GMT+0100 AccountId=29131007 Session=f62fe689-070e-489f-8d37-1fff0bec1322
debug ++ [int] eventPhase = 2
debug ++ [Boolean] bubbles = false
debug ++ [Boolean] cancelable = false
debug ++ [String] type = timer
debug +++ [int] repeatCount = 0
debug +++ [int] currentCount = 32
debug +++ [Boolean] running = true
debug +++ [int] delay = 120000
debug +++ [int] repeatCount = 0
debug +++ [int] currentCount = 32
debug +++ [Boolean] running = true
debug +++ [int] delay = 120000
debug time 19:19:32.717 :: After HeartBeat Count=33 Result=5
debug time 19:21:32.527 :: Before HeartBeat Count=34 Time=Mon Jan 23 2012 19:21:32 GMT+0100 AccountId=29131007 Session=f62fe689-070e-489f-8d37-1fff0bec1322
debug ++ [int] eventPhase = 2
debug ++ [Boolean] bubbles = false
debug ++ [Boolean] cancelable = false
debug ++ [String] type = timer
debug +++ [int] repeatCount = 0
debug +++ [int] currentCount = 33
debug +++ [Boolean] running = true
debug +++ [int] delay = 120000
debug +++ [int] repeatCount = 0
debug +++ [int] currentCount = 33
debug +++ [Boolean] running = true
debug +++ [int] delay = 120000
debug time 19:21:32.717 :: After HeartBeat Count=34 Result=5
debug time 19:23:32.527 :: Before HeartBeat Count=35 Time=Mon Jan 23 2012 19:23:32 GMT+0100 AccountId=29131007 Session=f62fe689-070e-489f-8d37-1fff0bec1322
debug ++ [int] eventPhase = 2
debug ++ [Boolean] bubbles = false
debug ++ [Boolean] cancelable = false
debug ++ [String] type = timer
debug +++ [int] repeatCount = 0
debug +++ [int] currentCount = 34
debug +++ [Boolean] running = true
debug +++ [int] delay = 120000
debug +++ [int] repeatCount = 0
debug +++ [int] currentCount = 34
debug +++ [Boolean] running = true
debug +++ [int] delay = 120000
debug time 19:23:32.707 :: After HeartBeat Count=35 Result=5
debug time 19:25:32.548 :: Before HeartBeat Count=36 Time=Mon Jan 23 2012 19:25:32 GMT+0100 AccountId=29131007 Session=f62fe689-070e-489f-8d37-1fff0bec1322
debug ++ [int] eventPhase = 2
debug ++ [Boolean] bubbles = false
debug ++ [Boolean] cancelable = false
debug ++ [String] type = timer
debug +++ [int] repeatCount = 0
debug +++ [int] currentCount = 35
debug +++ [Boolean] running = true
debug +++ [int] delay = 120000
debug +++ [int] repeatCount = 0
debug +++ [int] currentCount = 35
debug +++ [Boolean] running = true
debug +++ [int] delay = 120000
debug time 19:25:32.741 :: After HeartBeat Count=36 Result=5
debug time 19:27:33.526 :: Before HeartBeat Count=37 Time=Mon Jan 23 2012 19:27:33 GMT+0100 AccountId=29131007 Session=f62fe689-070e-489f-8d37-1fff0bec1322
debug ++ [int] eventPhase = 2
debug ++ [Boolean] bubbles = false
debug ++ [Boolean] cancelable = false
debug ++ [String] type = timer
debug +++ [int] repeatCount = 0
debug +++ [int] currentCount = 36
debug +++ [Boolean] running = true
debug +++ [int] delay = 120000
debug +++ [int] repeatCount = 0
debug +++ [int] currentCount = 36
debug +++ [Boolean] running = true
debug +++ [int] delay = 120000
debug time 19:27:33.716 :: After HeartBeat Count=37 Result=5
debug time 19:29:33.527 :: Before HeartBeat Count=38 Time=Mon Jan 23 2012 19:29:33 GMT+0100 AccountId=29131007 Session=f62fe689-070e-489f-8d37-1fff0bec1322
debug ++ [int] eventPhase = 2
debug ++ [Boolean] bubbles = false
debug ++ [Boolean] cancelable = false
debug ++ [String] type = timer
debug +++ [int] repeatCount = 0
debug +++ [int] currentCount = 37
debug +++ [Boolean] running = true
debug +++ [int] delay = 120000
debug +++ [int] repeatCount = 0
debug +++ [int] currentCount = 37
debug +++ [Boolean] running = true
debug +++ [int] delay = 120000
debug time 19:29:33.717 :: After HeartBeat Count=38 Result=5
debug time 19:31:34.529 :: Before HeartBeat Count=39 Time=Mon Jan 23 2012 19:31:34 GMT+0100 AccountId=29131007 Session=f62fe689-070e-489f-8d37-1fff0bec1322
debug ++ [int] eventPhase = 2
debug ++ [Boolean] bubbles = false
debug ++ [Boolean] cancelable = false
debug ++ [String] type = timer
debug +++ [int] repeatCount = 0
debug +++ [int] currentCount = 38
debug +++ [Boolean] running = true
debug +++ [int] delay = 120000
debug +++ [int] repeatCount = 0
debug +++ [int] currentCount = 38
debug +++ [Boolean] running = true
debug +++ [int] delay = 120000
debug time 19:31:34.718 :: After HeartBeat Count=39 Result=5
debug time 19:33:34.528 :: Before HeartBeat Count=40 Time=Mon Jan 23 2012 19:33:34 GMT+0100 AccountId=29131007 Session=f62fe689-070e-489f-8d37-1fff0bec1322
debug ++ [int] eventPhase = 2
debug ++ [Boolean] bubbles = false
debug ++ [Boolean] cancelable = false
debug ++ [String] type = timer
debug +++ [int] repeatCount = 0
debug +++ [int] currentCount = 39
debug +++ [Boolean] running = true
debug +++ [int] delay = 120000
debug +++ [int] repeatCount = 0
debug +++ [int] currentCount = 39
debug +++ [Boolean] running = true
debug +++ [int] delay = 120000
debug time 19:33:34.718 :: After HeartBeat Count=40 Result=5
debug time 19:35:35.526 :: Before HeartBeat Count=41 Time=Mon Jan 23 2012 19:35:35 GMT+0100 AccountId=29131007 Session=f62fe689-070e-489f-8d37-1fff0bec1322
debug ++ [int] eventPhase = 2
debug ++ [Boolean] bubbles = false
debug ++ [Boolean] cancelable = false
debug ++ [String] type = timer
debug +++ [int] repeatCount = 0
debug +++ [int] currentCount = 40
debug +++ [Boolean] running = true
debug +++ [int] delay = 120000
debug +++ [int] repeatCount = 0
debug +++ [int] currentCount = 40
debug +++ [Boolean] running = true
debug +++ [int] delay = 120000
debug time 19:35:35.716 :: After HeartBeat Count=41 Result=5
debug time 19:37:35.527 :: Before HeartBeat Count=42 Time=Mon Jan 23 2012 19:37:35 GMT+0100 AccountId=29131007 Session=f62fe689-070e-489f-8d37-1fff0bec1322
debug ++ [int] eventPhase = 2
debug ++ [Boolean] bubbles = false
debug ++ [Boolean] cancelable = false
debug ++ [String] type = timer
debug +++ [int] repeatCount = 0
debug +++ [int] currentCount = 41
debug +++ [Boolean] running = true
debug +++ [int] delay = 120000
debug +++ [int] repeatCount = 0
debug +++ [int] currentCount = 41
debug +++ [Boolean] running = true
debug +++ [int] delay = 120000
debug time 19:37:35.717 :: After HeartBeat Count=42 Result=5
debug time 19:39:35.527 :: Before HeartBeat Count=43 Time=Mon Jan 23 2012 19:39:35 GMT+0100 AccountId=29131007 Session=f62fe689-070e-489f-8d37-1fff0bec1322
debug ++ [int] eventPhase = 2
debug ++ [Boolean] bubbles = false
debug ++ [Boolean] cancelable = false
debug ++ [String] type = timer
debug +++ [int] repeatCount = 0
debug +++ [int] currentCount = 42
debug +++ [Boolean] running = true
debug +++ [int] delay = 120000
debug +++ [int] repeatCount = 0
debug +++ [int] currentCount = 42
debug +++ [Boolean] running = true
debug +++ [int] delay = 120000
debug time 19:39:35.712 :: After HeartBeat Count=43 Result=5
debug time 19:41:36.527 :: Before HeartBeat Count=44 Time=Mon Jan 23 2012 19:41:36 GMT+0100 AccountId=29131007 Session=f62fe689-070e-489f-8d37-1fff0bec1322
debug ++ [int] eventPhase = 2
debug ++ [Boolean] bubbles = false
debug ++ [Boolean] cancelable = false
debug ++ [String] type = timer
debug +++ [int] repeatCount = 0
debug +++ [int] currentCount = 43
debug +++ [Boolean] running = true
debug +++ [int] delay = 120000
debug +++ [int] repeatCount = 0
debug +++ [int] currentCount = 43
debug +++ [Boolean] running = true
debug +++ [int] delay = 120000
debug time 19:41:36.717 :: After HeartBeat Count=44 Result=5
debug time 19:43:13.137 :: Performing heartbeat at Mon Jan 23 2012 19:43:13 GMT+0100
