debug time 18:04:19.484 :: Before HeartBeat Count=1 Time=Tue Oct 18 2011 18:04:19 GMT+0200 AccountId=28699575 Session=12b7edce-32ee-40d2-b17d-122d66945dcd
STOP LOGGING: More than 0 nested objects or properties. 
debug time 18:04:20.79 :: After HeartBeat Count=1 Result=5
debug time 18:07:20.464 :: Before HeartBeat Count=2 Time=Tue Oct 18 2011 18:07:20 GMT+0200 AccountId=28699575 Session=12b7edce-32ee-40d2-b17d-122d66945dcd
debug ++ [int] eventPhase = 2
debug ++ [Boolean] bubbles = false
debug ++ [Boolean] cancelable = false
debug ++ [String] type = timer
debug +++ [int] repeatCount = 0
debug +++ [int] currentCount = 1
debug +++ [Boolean] running = true
debug +++ [int] delay = 180000
debug +++ [int] repeatCount = 0
debug +++ [int] currentCount = 1
debug +++ [Boolean] running = true
debug +++ [int] delay = 180000
debug time 18:07:21.461 :: After HeartBeat Count=2 Result=5
debug time 18:10:20.467 :: Before HeartBeat Count=3 Time=Tue Oct 18 2011 18:10:20 GMT+0200 AccountId=28699575 Session=12b7edce-32ee-40d2-b17d-122d66945dcd
debug ++ [int] eventPhase = 2
debug ++ [Boolean] bubbles = false
debug ++ [Boolean] cancelable = false
debug ++ [String] type = timer
debug +++ [int] repeatCount = 0
debug +++ [int] currentCount = 2
debug +++ [Boolean] running = true
debug +++ [int] delay = 180000
debug +++ [int] repeatCount = 0
debug +++ [int] currentCount = 2
debug +++ [Boolean] running = true
debug +++ [int] delay = 180000
debug time 18:10:21.461 :: After HeartBeat Count=3 Result=5
debug time 18:13:21.464 :: Before HeartBeat Count=4 Time=Tue Oct 18 2011 18:13:21 GMT+0200 AccountId=28699575 Session=12b7edce-32ee-40d2-b17d-122d66945dcd
debug ++ [int] eventPhase = 2
debug ++ [Boolean] bubbles = false
debug ++ [Boolean] cancelable = false
debug ++ [String] type = timer
debug +++ [int] repeatCount = 0
debug +++ [int] currentCount = 3
debug +++ [Boolean] running = true
debug +++ [int] delay = 180000
debug +++ [int] repeatCount = 0
debug +++ [int] currentCount = 3
debug +++ [Boolean] running = true
debug +++ [int] delay = 180000
debug time 18:13:22.461 :: After HeartBeat Count=4 Result=5
debug time 18:16:21.464 :: Before HeartBeat Count=5 Time=Tue Oct 18 2011 18:16:21 GMT+0200 AccountId=28699575 Session=12b7edce-32ee-40d2-b17d-122d66945dcd
debug ++ [int] eventPhase = 2
debug ++ [Boolean] bubbles = false
debug ++ [Boolean] cancelable = false
debug ++ [String] type = timer
debug +++ [int] repeatCount = 0
debug +++ [int] currentCount = 4
debug +++ [Boolean] running = true
debug +++ [int] delay = 180000
debug +++ [int] repeatCount = 0
debug +++ [int] currentCount = 4
debug +++ [Boolean] running = true
debug +++ [int] delay = 180000
debug time 18:16:22.461 :: After HeartBeat Count=5 Result=5
debug time 18:19:21.464 :: Before HeartBeat Count=6 Time=Tue Oct 18 2011 18:19:21 GMT+0200 AccountId=28699575 Session=12b7edce-32ee-40d2-b17d-122d66945dcd
debug ++ [int] eventPhase = 2
debug ++ [Boolean] bubbles = false
debug ++ [Boolean] cancelable = false
debug ++ [String] type = timer
debug +++ [int] repeatCount = 0
debug +++ [int] currentCount = 5
debug +++ [Boolean] running = true
debug +++ [int] delay = 180000
debug +++ [int] repeatCount = 0
debug +++ [int] currentCount = 5
debug +++ [Boolean] running = true
debug +++ [int] delay = 180000
debug time 18:19:22.461 :: After HeartBeat Count=6 Result=5
debug time 18:22:21.464 :: Before HeartBeat Count=7 Time=Tue Oct 18 2011 18:22:21 GMT+0200 AccountId=28699575 Session=12b7edce-32ee-40d2-b17d-122d66945dcd
debug ++ [int] eventPhase = 2
debug ++ [Boolean] bubbles = false
debug ++ [Boolean] cancelable = false
debug ++ [String] type = timer
debug +++ [int] repeatCount = 0
debug +++ [int] currentCount = 6
debug +++ [Boolean] running = true
debug +++ [int] delay = 180000
debug +++ [int] repeatCount = 0
debug +++ [int] currentCount = 6
debug +++ [Boolean] running = true
debug +++ [int] delay = 180000
debug time 18:22:22.461 :: After HeartBeat Count=7 Result=5
debug time 18:25:21.464 :: Before HeartBeat Count=8 Time=Tue Oct 18 2011 18:25:21 GMT+0200 AccountId=28699575 Session=12b7edce-32ee-40d2-b17d-122d66945dcd
debug ++ [int] eventPhase = 2
debug ++ [Boolean] bubbles = false
debug ++ [Boolean] cancelable = false
debug ++ [String] type = timer
debug +++ [int] repeatCount = 0
debug +++ [int] currentCount = 7
debug +++ [Boolean] running = true
debug +++ [int] delay = 180000
debug +++ [int] repeatCount = 0
debug +++ [int] currentCount = 7
debug +++ [Boolean] running = true
debug +++ [int] delay = 180000
debug time 18:25:22.461 :: After HeartBeat Count=8 Result=5
debug time 18:28:21.464 :: Before HeartBeat Count=9 Time=Tue Oct 18 2011 18:28:21 GMT+0200 AccountId=28699575 Session=12b7edce-32ee-40d2-b17d-122d66945dcd
debug ++ [int] eventPhase = 2
debug ++ [Boolean] bubbles = false
debug ++ [Boolean] cancelable = false
debug ++ [String] type = timer
debug +++ [int] repeatCount = 0
debug +++ [int] currentCount = 8
debug +++ [Boolean] running = true
debug +++ [int] delay = 180000
debug +++ [int] repeatCount = 0
debug +++ [int] currentCount = 8
debug +++ [Boolean] running = true
debug +++ [int] delay = 180000
debug time 18:28:22.461 :: After HeartBeat Count=9 Result=5
debug time 18:31:21.474 :: Before HeartBeat Count=10 Time=Tue Oct 18 2011 18:31:21 GMT+0200 AccountId=28699575 Session=12b7edce-32ee-40d2-b17d-122d66945dcd
debug ++ [int] eventPhase = 2
debug ++ [Boolean] bubbles = false
debug ++ [Boolean] cancelable = false
debug ++ [String] type = timer
debug +++ [int] repeatCount = 0
debug +++ [int] currentCount = 9
debug +++ [Boolean] running = true
debug +++ [int] delay = 180000
debug +++ [int] repeatCount = 0
debug +++ [int] currentCount = 9
debug +++ [Boolean] running = true
debug +++ [int] delay = 180000
debug time 18:31:22.461 :: After HeartBeat Count=10 Result=5
debug time 18:33:33.240 :: Performing heartbeat at Tue Oct 18 2011 18:33:33 GMT+0200
debug time 18:34:21.503 :: Before HeartBeat Count=11 Time=Tue Oct 18 2011 18:34:21 GMT+0200 AccountId=28699575 Session=12b7edce-32ee-40d2-b17d-122d66945dcd
debug ++ [int] eventPhase = 2
debug ++ [Boolean] bubbles = false
debug ++ [Boolean] cancelable = false
debug ++ [String] type = timer
debug +++ [int] repeatCount = 0
debug +++ [int] currentCount = 10
debug +++ [Boolean] running = true
debug +++ [int] delay = 180000
debug +++ [int] repeatCount = 0
debug +++ [int] currentCount = 10
debug +++ [Boolean] running = true
debug +++ [int] delay = 180000
debug time 18:34:21.708 :: After HeartBeat Count=11 Result=5
debug time 18:37:22.79 :: Before HeartBeat Count=12 Time=Tue Oct 18 2011 18:37:22 GMT+0200 AccountId=28699575 Session=12b7edce-32ee-40d2-b17d-122d66945dcd
debug ++ [int] eventPhase = 2
debug ++ [Boolean] bubbles = false
debug ++ [Boolean] cancelable = false
debug ++ [String] type = timer
debug +++ [int] repeatCount = 0
debug +++ [int] currentCount = 11
debug +++ [Boolean] running = true
debug +++ [int] delay = 180000
debug +++ [int] repeatCount = 0
debug +++ [int] currentCount = 11
debug +++ [Boolean] running = true
debug +++ [int] delay = 180000
debug time 18:37:23.74 :: After HeartBeat Count=12 Result=5
debug time 18:40:22.104 :: Before HeartBeat Count=13 Time=Tue Oct 18 2011 18:40:22 GMT+0200 AccountId=28699575 Session=12b7edce-32ee-40d2-b17d-122d66945dcd
debug ++ [int] eventPhase = 2
debug ++ [Boolean] bubbles = false
debug ++ [Boolean] cancelable = false
debug ++ [String] type = timer
debug +++ [int] repeatCount = 0
debug +++ [int] currentCount = 12
debug +++ [Boolean] running = true
debug +++ [int] delay = 180000
debug +++ [int] repeatCount = 0
debug +++ [int] currentCount = 12
debug +++ [Boolean] running = true
debug +++ [int] delay = 180000
debug time 18:40:23.75 :: After HeartBeat Count=13 Result=5
debug time 18:43:23.79 :: Before HeartBeat Count=14 Time=Tue Oct 18 2011 18:43:23 GMT+0200 AccountId=28699575 Session=12b7edce-32ee-40d2-b17d-122d66945dcd
debug ++ [int] eventPhase = 2
debug ++ [Boolean] bubbles = false
debug ++ [Boolean] cancelable = false
debug ++ [String] type = timer
debug +++ [int] repeatCount = 0
debug +++ [int] currentCount = 13
debug +++ [Boolean] running = true
debug +++ [int] delay = 180000
debug +++ [int] repeatCount = 0
debug +++ [int] currentCount = 13
debug +++ [Boolean] running = true
debug +++ [int] delay = 180000
debug time 18:43:24.75 :: After HeartBeat Count=14 Result=5
debug time 18:46:23.82 :: Before HeartBeat Count=15 Time=Tue Oct 18 2011 18:46:23 GMT+0200 AccountId=28699575 Session=12b7edce-32ee-40d2-b17d-122d66945dcd
debug ++ [int] eventPhase = 2
debug ++ [Boolean] bubbles = false
debug ++ [Boolean] cancelable = false
debug ++ [String] type = timer
debug +++ [int] repeatCount = 0
debug +++ [int] currentCount = 14
debug +++ [Boolean] running = true
debug +++ [int] delay = 180000
debug +++ [int] repeatCount = 0
debug +++ [int] currentCount = 14
debug +++ [Boolean] running = true
debug +++ [int] delay = 180000
debug time 18:46:24.75 :: After HeartBeat Count=15 Result=5
debug time 18:49:23.96 :: Before HeartBeat Count=16 Time=Tue Oct 18 2011 18:49:23 GMT+0200 AccountId=28699575 Session=12b7edce-32ee-40d2-b17d-122d66945dcd
debug ++ [int] eventPhase = 2
debug ++ [Boolean] bubbles = false
debug ++ [Boolean] cancelable = false
debug ++ [String] type = timer
debug +++ [int] repeatCount = 0
debug +++ [int] currentCount = 15
debug +++ [Boolean] running = true
debug +++ [int] delay = 180000
debug +++ [int] repeatCount = 0
debug +++ [int] currentCount = 15
debug +++ [Boolean] running = true
debug +++ [int] delay = 180000
debug time 18:49:24.75 :: After HeartBeat Count=16 Result=5
debug time 18:52:24.79 :: Before HeartBeat Count=17 Time=Tue Oct 18 2011 18:52:24 GMT+0200 AccountId=28699575 Session=12b7edce-32ee-40d2-b17d-122d66945dcd
debug ++ [int] eventPhase = 2
debug ++ [Boolean] bubbles = false
debug ++ [Boolean] cancelable = false
debug ++ [String] type = timer
debug +++ [int] repeatCount = 0
debug +++ [int] currentCount = 16
debug +++ [Boolean] running = true
debug +++ [int] delay = 180000
debug +++ [int] repeatCount = 0
debug +++ [int] currentCount = 16
debug +++ [Boolean] running = true
debug +++ [int] delay = 180000
debug time 18:52:25.75 :: After HeartBeat Count=17 Result=5
debug time 18:55:24.97 :: Before HeartBeat Count=18 Time=Tue Oct 18 2011 18:55:24 GMT+0200 AccountId=28699575 Session=12b7edce-32ee-40d2-b17d-122d66945dcd
debug ++ [int] eventPhase = 2
debug ++ [Boolean] bubbles = false
debug ++ [Boolean] cancelable = false
debug ++ [String] type = timer
debug +++ [int] repeatCount = 0
debug +++ [int] currentCount = 17
debug +++ [Boolean] running = true
debug +++ [int] delay = 180000
debug +++ [int] repeatCount = 0
debug +++ [int] currentCount = 17
debug +++ [Boolean] running = true
debug +++ [int] delay = 180000
debug time 18:55:25.75 :: After HeartBeat Count=18 Result=5
debug time 18:58:24.104 :: Before HeartBeat Count=19 Time=Tue Oct 18 2011 18:58:24 GMT+0200 AccountId=28699575 Session=12b7edce-32ee-40d2-b17d-122d66945dcd
debug ++ [int] eventPhase = 2
debug ++ [Boolean] bubbles = false
debug ++ [Boolean] cancelable = false
debug ++ [String] type = timer
debug +++ [int] repeatCount = 0
debug +++ [int] currentCount = 18
debug +++ [Boolean] running = true
debug +++ [int] delay = 180000
debug +++ [int] repeatCount = 0
debug +++ [int] currentCount = 18
debug +++ [Boolean] running = true
debug +++ [int] delay = 180000
debug time 18:58:25.75 :: After HeartBeat Count=19 Result=5
debug time 19:01:22.297 :: Performing heartbeat at Tue Oct 18 2011 19:01:22 GMT+0200
debug time 19:01:24.318 :: Before HeartBeat Count=20 Time=Tue Oct 18 2011 19:01:24 GMT+0200 AccountId=28699575 Session=12b7edce-32ee-40d2-b17d-122d66945dcd
debug ++ [int] eventPhase = 2
debug ++ [Boolean] bubbles = false
debug ++ [Boolean] cancelable = false
debug ++ [String] type = timer
debug +++ [int] repeatCount = 0
debug +++ [int] currentCount = 19
debug +++ [Boolean] running = true
debug +++ [int] delay = 180000
debug +++ [int] repeatCount = 0
debug +++ [int] currentCount = 19
debug +++ [Boolean] running = true
debug +++ [int] delay = 180000
debug time 19:01:24.699 :: After HeartBeat Count=20 Result=5
debug time 19:04:25.128 :: Before HeartBeat Count=21 Time=Tue Oct 18 2011 19:04:25 GMT+0200 AccountId=28699575 Session=12b7edce-32ee-40d2-b17d-122d66945dcd
debug ++ [int] eventPhase = 2
debug ++ [Boolean] bubbles = false
debug ++ [Boolean] cancelable = false
debug ++ [String] type = timer
debug +++ [int] repeatCount = 0
debug +++ [int] currentCount = 20
debug +++ [Boolean] running = true
debug +++ [int] delay = 180000
debug +++ [int] repeatCount = 0
debug +++ [int] currentCount = 20
debug +++ [Boolean] running = true
debug +++ [int] delay = 180000
debug time 19:04:25.304 :: After HeartBeat Count=21 Result=5
debug time 19:07:25.187 :: Before HeartBeat Count=22 Time=Tue Oct 18 2011 19:07:25 GMT+0200 AccountId=28699575 Session=12b7edce-32ee-40d2-b17d-122d66945dcd
debug ++ [int] eventPhase = 2
debug ++ [Boolean] bubbles = false
debug ++ [Boolean] cancelable = false
debug ++ [String] type = timer
debug +++ [int] repeatCount = 0
debug +++ [int] currentCount = 21
debug +++ [Boolean] running = true
debug +++ [int] delay = 180000
debug +++ [int] repeatCount = 0
debug +++ [int] currentCount = 21
debug +++ [Boolean] running = true
debug +++ [int] delay = 180000
debug time 19:07:26.178 :: After HeartBeat Count=22 Result=5
debug time 19:10:26.182 :: Before HeartBeat Count=23 Time=Tue Oct 18 2011 19:10:26 GMT+0200 AccountId=28699575 Session=12b7edce-32ee-40d2-b17d-122d66945dcd
debug ++ [int] eventPhase = 2
debug ++ [Boolean] bubbles = false
debug ++ [Boolean] cancelable = false
debug ++ [String] type = timer
debug +++ [int] repeatCount = 0
debug +++ [int] currentCount = 22
debug +++ [Boolean] running = true
debug +++ [int] delay = 180000
debug +++ [int] repeatCount = 0
debug +++ [int] currentCount = 22
debug +++ [Boolean] running = true
debug +++ [int] delay = 180000
debug time 19:10:27.178 :: After HeartBeat Count=23 Result=5
debug time 19:13:26.182 :: Before HeartBeat Count=24 Time=Tue Oct 18 2011 19:13:26 GMT+0200 AccountId=28699575 Session=12b7edce-32ee-40d2-b17d-122d66945dcd
debug ++ [int] eventPhase = 2
debug ++ [Boolean] bubbles = false
debug ++ [Boolean] cancelable = false
debug ++ [String] type = timer
debug +++ [int] repeatCount = 0
debug +++ [int] currentCount = 23
debug +++ [Boolean] running = true
debug +++ [int] delay = 180000
debug +++ [int] repeatCount = 0
debug +++ [int] currentCount = 23
debug +++ [Boolean] running = true
debug +++ [int] delay = 180000
debug time 19:13:27.178 :: After HeartBeat Count=24 Result=5
debug time 19:16:26.208 :: Before HeartBeat Count=25 Time=Tue Oct 18 2011 19:16:26 GMT+0200 AccountId=28699575 Session=12b7edce-32ee-40d2-b17d-122d66945dcd
debug ++ [int] eventPhase = 2
debug ++ [Boolean] bubbles = false
debug ++ [Boolean] cancelable = false
debug ++ [String] type = timer
debug +++ [int] repeatCount = 0
debug +++ [int] currentCount = 24
debug +++ [Boolean] running = true
debug +++ [int] delay = 180000
debug +++ [int] repeatCount = 0
debug +++ [int] currentCount = 24
debug +++ [Boolean] running = true
debug +++ [int] delay = 180000
debug time 19:16:27.183 :: After HeartBeat Count=25 Result=5
debug time 19:19:27.182 :: Before HeartBeat Count=26 Time=Tue Oct 18 2011 19:19:27 GMT+0200 AccountId=28699575 Session=12b7edce-32ee-40d2-b17d-122d66945dcd
debug ++ [int] eventPhase = 2
debug ++ [Boolean] bubbles = false
debug ++ [Boolean] cancelable = false
debug ++ [String] type = timer
debug +++ [int] repeatCount = 0
debug +++ [int] currentCount = 25
debug +++ [Boolean] running = true
debug +++ [int] delay = 180000
debug +++ [int] repeatCount = 0
debug +++ [int] currentCount = 25
debug +++ [Boolean] running = true
debug +++ [int] delay = 180000
debug time 19:19:28.178 :: After HeartBeat Count=26 Result=5
debug time 19:22:27.182 :: Before HeartBeat Count=27 Time=Tue Oct 18 2011 19:22:27 GMT+0200 AccountId=28699575 Session=12b7edce-32ee-40d2-b17d-122d66945dcd
debug ++ [int] eventPhase = 2
debug ++ [Boolean] bubbles = false
debug ++ [Boolean] cancelable = false
debug ++ [String] type = timer
debug +++ [int] repeatCount = 0
debug +++ [int] currentCount = 26
debug +++ [Boolean] running = true
debug +++ [int] delay = 180000
debug +++ [int] repeatCount = 0
debug +++ [int] currentCount = 26
debug +++ [Boolean] running = true
debug +++ [int] delay = 180000
debug time 19:22:28.178 :: After HeartBeat Count=27 Result=5
debug time 19:25:27.208 :: Before HeartBeat Count=28 Time=Tue Oct 18 2011 19:25:27 GMT+0200 AccountId=28699575 Session=12b7edce-32ee-40d2-b17d-122d66945dcd
debug ++ [int] eventPhase = 2
debug ++ [Boolean] bubbles = false
debug ++ [Boolean] cancelable = false
debug ++ [String] type = timer
debug +++ [int] repeatCount = 0
debug +++ [int] currentCount = 27
debug +++ [Boolean] running = true
debug +++ [int] delay = 180000
debug +++ [int] repeatCount = 0
debug +++ [int] currentCount = 27
debug +++ [Boolean] running = true
debug +++ [int] delay = 180000
debug time 19:25:28.178 :: After HeartBeat Count=28 Result=5
debug time 19:28:27.212 :: Before HeartBeat Count=29 Time=Tue Oct 18 2011 19:28:27 GMT+0200 AccountId=28699575 Session=12b7edce-32ee-40d2-b17d-122d66945dcd
debug ++ [int] eventPhase = 2
debug ++ [Boolean] bubbles = false
debug ++ [Boolean] cancelable = false
debug ++ [String] type = timer
debug +++ [int] repeatCount = 0
debug +++ [int] currentCount = 28
debug +++ [Boolean] running = true
debug +++ [int] delay = 180000
debug +++ [int] repeatCount = 0
debug +++ [int] currentCount = 28
debug +++ [Boolean] running = true
debug +++ [int] delay = 180000
debug time 19:28:28.183 :: After HeartBeat Count=29 Result=5
debug time 19:31:27.213 :: Before HeartBeat Count=30 Time=Tue Oct 18 2011 19:31:27 GMT+0200 AccountId=28699575 Session=12b7edce-32ee-40d2-b17d-122d66945dcd
debug ++ [int] eventPhase = 2
debug ++ [Boolean] bubbles = false
debug ++ [Boolean] cancelable = false
debug ++ [String] type = timer
debug +++ [int] repeatCount = 0
debug +++ [int] currentCount = 29
debug +++ [Boolean] running = true
debug +++ [int] delay = 180000
debug +++ [int] repeatCount = 0
debug +++ [int] currentCount = 29
debug +++ [Boolean] running = true
debug +++ [int] delay = 180000
debug time 19:31:28.178 :: After HeartBeat Count=30 Result=5
debug time 19:34:28.182 :: Before HeartBeat Count=31 Time=Tue Oct 18 2011 19:34:28 GMT+0200 AccountId=28699575 Session=12b7edce-32ee-40d2-b17d-122d66945dcd
debug ++ [int] eventPhase = 2
debug ++ [Boolean] bubbles = false
debug ++ [Boolean] cancelable = false
debug ++ [String] type = timer
debug +++ [int] repeatCount = 0
debug +++ [int] currentCount = 30
debug +++ [Boolean] running = true
debug +++ [int] delay = 180000
debug +++ [int] repeatCount = 0
debug +++ [int] currentCount = 30
debug +++ [Boolean] running = true
debug +++ [int] delay = 180000
debug time 19:34:29.178 :: After HeartBeat Count=31 Result=5
debug time 19:37:28.182 :: Before HeartBeat Count=32 Time=Tue Oct 18 2011 19:37:28 GMT+0200 AccountId=28699575 Session=12b7edce-32ee-40d2-b17d-122d66945dcd
debug ++ [int] eventPhase = 2
debug ++ [Boolean] bubbles = false
debug ++ [Boolean] cancelable = false
debug ++ [String] type = timer
debug +++ [int] repeatCount = 0
debug +++ [int] currentCount = 31
debug +++ [Boolean] running = true
debug +++ [int] delay = 180000
debug +++ [int] repeatCount = 0
debug +++ [int] currentCount = 31
debug +++ [Boolean] running = true
debug +++ [int] delay = 180000
debug time 19:37:29.178 :: After HeartBeat Count=32 Result=5
debug time 19:40:28.182 :: Before HeartBeat Count=33 Time=Tue Oct 18 2011 19:40:28 GMT+0200 AccountId=28699575 Session=12b7edce-32ee-40d2-b17d-122d66945dcd
debug ++ [int] eventPhase = 2
debug ++ [Boolean] bubbles = false
debug ++ [Boolean] cancelable = false
debug ++ [String] type = timer
debug +++ [int] repeatCount = 0
debug +++ [int] currentCount = 32
debug +++ [Boolean] running = true
debug +++ [int] delay = 180000
debug +++ [int] repeatCount = 0
debug +++ [int] currentCount = 32
debug +++ [Boolean] running = true
debug +++ [int] delay = 180000
debug time 19:40:29.178 :: After HeartBeat Count=33 Result=5
debug time 19:43:28.182 :: Before HeartBeat Count=34 Time=Tue Oct 18 2011 19:43:28 GMT+0200 AccountId=28699575 Session=12b7edce-32ee-40d2-b17d-122d66945dcd
debug ++ [int] eventPhase = 2
debug ++ [Boolean] bubbles = false
debug ++ [Boolean] cancelable = false
debug ++ [String] type = timer
debug +++ [int] repeatCount = 0
debug +++ [int] currentCount = 33
debug +++ [Boolean] running = true
debug +++ [int] delay = 180000
debug +++ [int] repeatCount = 0
debug +++ [int] currentCount = 33
debug +++ [Boolean] running = true
debug +++ [int] delay = 180000
debug time 19:43:29.178 :: After HeartBeat Count=34 Result=5
debug time 19:46:28.182 :: Before HeartBeat Count=35 Time=Tue Oct 18 2011 19:46:28 GMT+0200 AccountId=28699575 Session=12b7edce-32ee-40d2-b17d-122d66945dcd
debug ++ [int] eventPhase = 2
debug ++ [Boolean] bubbles = false
debug ++ [Boolean] cancelable = false
debug ++ [String] type = timer
debug +++ [int] repeatCount = 0
debug +++ [int] currentCount = 34
debug +++ [Boolean] running = true
debug +++ [int] delay = 180000
debug +++ [int] repeatCount = 0
debug +++ [int] currentCount = 34
debug +++ [Boolean] running = true
debug +++ [int] delay = 180000
debug time 19:46:29.178 :: After HeartBeat Count=35 Result=5
debug time 19:48:26.420 :: Performing heartbeat at Tue Oct 18 2011 19:48:26 GMT+0200
debug time 19:49:28.209 :: Before HeartBeat Count=36 Time=Tue Oct 18 2011 19:49:28 GMT+0200 AccountId=28699575 Session=12b7edce-32ee-40d2-b17d-122d66945dcd
debug ++ [int] eventPhase = 2
debug ++ [Boolean] bubbles = false
debug ++ [Boolean] cancelable = false
debug ++ [String] type = timer
debug +++ [int] repeatCount = 0
debug +++ [int] currentCount = 35
debug +++ [Boolean] running = true
debug +++ [int] delay = 180000
debug +++ [int] repeatCount = 0
debug +++ [int] currentCount = 35
debug +++ [Boolean] running = true
debug +++ [int] delay = 180000
debug time 19:49:28.431 :: After HeartBeat Count=36 Result=5
