debug time 21:53:36.111 :: Before HeartBeat Count=1 Time=Sun Jan 29 2012 21:53:36 GMT+0100 AccountId=29131007 Session=c913ddb1-e75f-4f9b-9619-bb332f5957b0
STOP LOGGING: More than 0 nested objects or properties. 
debug time 21:53:38.118 :: After HeartBeat Count=1 Result=5
debug time 21:55:36.132 :: Before HeartBeat Count=2 Time=Sun Jan 29 2012 21:55:36 GMT+0100 AccountId=29131007 Session=c913ddb1-e75f-4f9b-9619-bb332f5957b0
debug ++ [int] eventPhase = 2
debug ++ [Boolean] bubbles = false
debug ++ [Boolean] cancelable = false
debug ++ [String] type = timer
debug +++ [int] repeatCount = 0
debug +++ [int] currentCount = 1
debug +++ [Boolean] running = true
debug +++ [int] delay = 120000
debug +++ [int] repeatCount = 0
debug +++ [int] currentCount = 1
debug +++ [Boolean] running = true
debug +++ [int] delay = 120000
debug time 21:55:37.128 :: After HeartBeat Count=2 Result=5
debug time 21:57:36.132 :: Before HeartBeat Count=3 Time=Sun Jan 29 2012 21:57:36 GMT+0100 AccountId=29131007 Session=c913ddb1-e75f-4f9b-9619-bb332f5957b0
debug ++ [int] eventPhase = 2
debug ++ [Boolean] bubbles = false
debug ++ [Boolean] cancelable = false
debug ++ [String] type = timer
debug +++ [int] repeatCount = 0
debug +++ [int] currentCount = 2
debug +++ [Boolean] running = true
debug +++ [int] delay = 120000
debug +++ [int] repeatCount = 0
debug +++ [int] currentCount = 2
debug +++ [Boolean] running = true
debug +++ [int] delay = 120000
debug time 21:57:37.128 :: After HeartBeat Count=3 Result=5
debug time 21:59:36.151 :: Before HeartBeat Count=4 Time=Sun Jan 29 2012 21:59:36 GMT+0100 AccountId=29131007 Session=c913ddb1-e75f-4f9b-9619-bb332f5957b0
debug ++ [int] eventPhase = 2
debug ++ [Boolean] bubbles = false
debug ++ [Boolean] cancelable = false
debug ++ [String] type = timer
debug +++ [int] repeatCount = 0
debug +++ [int] currentCount = 3
debug +++ [Boolean] running = true
debug +++ [int] delay = 120000
debug +++ [int] repeatCount = 0
debug +++ [int] currentCount = 3
debug +++ [Boolean] running = true
debug +++ [int] delay = 120000
debug time 21:59:37.128 :: After HeartBeat Count=4 Result=5
debug time 22:01:37.133 :: Before HeartBeat Count=5 Time=Sun Jan 29 2012 22:01:37 GMT+0100 AccountId=29131007 Session=c913ddb1-e75f-4f9b-9619-bb332f5957b0
debug ++ [int] eventPhase = 2
debug ++ [Boolean] bubbles = false
debug ++ [Boolean] cancelable = false
debug ++ [String] type = timer
debug +++ [int] repeatCount = 0
debug +++ [int] currentCount = 4
debug +++ [Boolean] running = true
debug +++ [int] delay = 120000
debug +++ [int] repeatCount = 0
debug +++ [int] currentCount = 4
debug +++ [Boolean] running = true
debug +++ [int] delay = 120000
debug time 22:01:38.128 :: After HeartBeat Count=5 Result=5
debug time 22:03:38.132 :: Before HeartBeat Count=6 Time=Sun Jan 29 2012 22:03:38 GMT+0100 AccountId=29131007 Session=c913ddb1-e75f-4f9b-9619-bb332f5957b0
debug ++ [int] eventPhase = 2
debug ++ [Boolean] bubbles = false
debug ++ [Boolean] cancelable = false
debug ++ [String] type = timer
debug +++ [int] repeatCount = 0
debug +++ [int] currentCount = 5
debug +++ [Boolean] running = true
debug +++ [int] delay = 120000
debug +++ [int] repeatCount = 0
debug +++ [int] currentCount = 5
debug +++ [Boolean] running = true
debug +++ [int] delay = 120000
debug time 22:03:39.128 :: After HeartBeat Count=6 Result=5
debug time 22:05:38.132 :: Before HeartBeat Count=7 Time=Sun Jan 29 2012 22:05:38 GMT+0100 AccountId=29131007 Session=c913ddb1-e75f-4f9b-9619-bb332f5957b0
debug ++ [int] eventPhase = 2
debug ++ [Boolean] bubbles = false
debug ++ [Boolean] cancelable = false
debug ++ [String] type = timer
debug +++ [int] repeatCount = 0
debug +++ [int] currentCount = 6
debug +++ [Boolean] running = true
debug +++ [int] delay = 120000
debug +++ [int] repeatCount = 0
debug +++ [int] currentCount = 6
debug +++ [Boolean] running = true
debug +++ [int] delay = 120000
debug time 22:05:39.128 :: After HeartBeat Count=7 Result=5
debug time 22:07:38.132 :: Before HeartBeat Count=8 Time=Sun Jan 29 2012 22:07:38 GMT+0100 AccountId=29131007 Session=c913ddb1-e75f-4f9b-9619-bb332f5957b0
debug ++ [int] eventPhase = 2
debug ++ [Boolean] bubbles = false
debug ++ [Boolean] cancelable = false
debug ++ [String] type = timer
debug +++ [int] repeatCount = 0
debug +++ [int] currentCount = 7
debug +++ [Boolean] running = true
debug +++ [int] delay = 120000
debug +++ [int] repeatCount = 0
debug +++ [int] currentCount = 7
debug +++ [Boolean] running = true
debug +++ [int] delay = 120000
debug time 22:07:39.128 :: After HeartBeat Count=8 Result=5
debug time 22:09:39.132 :: Before HeartBeat Count=9 Time=Sun Jan 29 2012 22:09:39 GMT+0100 AccountId=29131007 Session=c913ddb1-e75f-4f9b-9619-bb332f5957b0
debug ++ [int] eventPhase = 2
debug ++ [Boolean] bubbles = false
debug ++ [Boolean] cancelable = false
debug ++ [String] type = timer
debug +++ [int] repeatCount = 0
debug +++ [int] currentCount = 8
debug +++ [Boolean] running = true
debug +++ [int] delay = 120000
debug +++ [int] repeatCount = 0
debug +++ [int] currentCount = 8
debug +++ [Boolean] running = true
debug +++ [int] delay = 120000
debug time 22:09:40.128 :: After HeartBeat Count=9 Result=5
debug time 22:11:39.132 :: Before HeartBeat Count=10 Time=Sun Jan 29 2012 22:11:39 GMT+0100 AccountId=29131007 Session=c913ddb1-e75f-4f9b-9619-bb332f5957b0
debug ++ [int] eventPhase = 2
debug ++ [Boolean] bubbles = false
debug ++ [Boolean] cancelable = false
debug ++ [String] type = timer
debug +++ [int] repeatCount = 0
debug +++ [int] currentCount = 9
debug +++ [Boolean] running = true
debug +++ [int] delay = 120000
debug +++ [int] repeatCount = 0
debug +++ [int] currentCount = 9
debug +++ [Boolean] running = true
debug +++ [int] delay = 120000
debug time 22:11:40.128 :: After HeartBeat Count=10 Result=5
debug time 22:13:39.155 :: Before HeartBeat Count=11 Time=Sun Jan 29 2012 22:13:39 GMT+0100 AccountId=29131007 Session=c913ddb1-e75f-4f9b-9619-bb332f5957b0
debug ++ [int] eventPhase = 2
debug ++ [Boolean] bubbles = false
debug ++ [Boolean] cancelable = false
debug ++ [String] type = timer
debug +++ [int] repeatCount = 0
debug +++ [int] currentCount = 10
debug +++ [Boolean] running = true
debug +++ [int] delay = 120000
debug +++ [int] repeatCount = 0
debug +++ [int] currentCount = 10
debug +++ [Boolean] running = true
debug +++ [int] delay = 120000
debug time 22:13:40.128 :: After HeartBeat Count=11 Result=5
debug time 22:15:40.131 :: Before HeartBeat Count=12 Time=Sun Jan 29 2012 22:15:40 GMT+0100 AccountId=29131007 Session=c913ddb1-e75f-4f9b-9619-bb332f5957b0
debug ++ [int] eventPhase = 2
debug ++ [Boolean] bubbles = false
debug ++ [Boolean] cancelable = false
debug ++ [String] type = timer
debug +++ [int] repeatCount = 0
debug +++ [int] currentCount = 11
debug +++ [Boolean] running = true
debug +++ [int] delay = 120000
debug +++ [int] repeatCount = 0
debug +++ [int] currentCount = 11
debug +++ [Boolean] running = true
debug +++ [int] delay = 120000
debug time 22:15:41.128 :: After HeartBeat Count=12 Result=5
debug time 22:17:40.160 :: Before HeartBeat Count=13 Time=Sun Jan 29 2012 22:17:40 GMT+0100 AccountId=29131007 Session=c913ddb1-e75f-4f9b-9619-bb332f5957b0
debug ++ [int] eventPhase = 2
debug ++ [Boolean] bubbles = false
debug ++ [Boolean] cancelable = false
debug ++ [String] type = timer
debug +++ [int] repeatCount = 0
debug +++ [int] currentCount = 12
debug +++ [Boolean] running = true
debug +++ [int] delay = 120000
debug +++ [int] repeatCount = 0
debug +++ [int] currentCount = 12
debug +++ [Boolean] running = true
debug +++ [int] delay = 120000
debug time 22:17:41.155 :: After HeartBeat Count=13 Result=5
debug time 22:19:40.185 :: Before HeartBeat Count=14 Time=Sun Jan 29 2012 22:19:40 GMT+0100 AccountId=29131007 Session=c913ddb1-e75f-4f9b-9619-bb332f5957b0
debug ++ [int] eventPhase = 2
debug ++ [Boolean] bubbles = false
debug ++ [Boolean] cancelable = false
debug ++ [String] type = timer
debug +++ [int] repeatCount = 0
debug +++ [int] currentCount = 13
debug +++ [Boolean] running = true
debug +++ [int] delay = 120000
debug +++ [int] repeatCount = 0
debug +++ [int] currentCount = 13
debug +++ [Boolean] running = true
debug +++ [int] delay = 120000
debug time 22:19:41.155 :: After HeartBeat Count=14 Result=5
debug time 22:21:41.157 :: Before HeartBeat Count=15 Time=Sun Jan 29 2012 22:21:41 GMT+0100 AccountId=29131007 Session=c913ddb1-e75f-4f9b-9619-bb332f5957b0
debug ++ [int] eventPhase = 2
debug ++ [Boolean] bubbles = false
debug ++ [Boolean] cancelable = false
debug ++ [String] type = timer
debug +++ [int] repeatCount = 0
debug +++ [int] currentCount = 14
debug +++ [Boolean] running = true
debug +++ [int] delay = 120000
debug +++ [int] repeatCount = 0
debug +++ [int] currentCount = 14
debug +++ [Boolean] running = true
debug +++ [int] delay = 120000
debug time 22:21:42.155 :: After HeartBeat Count=15 Result=5
debug time 22:23:41.158 :: Before HeartBeat Count=16 Time=Sun Jan 29 2012 22:23:41 GMT+0100 AccountId=29131007 Session=c913ddb1-e75f-4f9b-9619-bb332f5957b0
debug ++ [int] eventPhase = 2
debug ++ [Boolean] bubbles = false
debug ++ [Boolean] cancelable = false
debug ++ [String] type = timer
debug +++ [int] repeatCount = 0
debug +++ [int] currentCount = 15
debug +++ [Boolean] running = true
debug +++ [int] delay = 120000
debug +++ [int] repeatCount = 0
debug +++ [int] currentCount = 15
debug +++ [Boolean] running = true
debug +++ [int] delay = 120000
debug time 22:23:42.155 :: After HeartBeat Count=16 Result=5
debug time 22:25:41.158 :: Before HeartBeat Count=17 Time=Sun Jan 29 2012 22:25:41 GMT+0100 AccountId=29131007 Session=c913ddb1-e75f-4f9b-9619-bb332f5957b0
debug ++ [int] eventPhase = 2
debug ++ [Boolean] bubbles = false
debug ++ [Boolean] cancelable = false
debug ++ [String] type = timer
debug +++ [int] repeatCount = 0
debug +++ [int] currentCount = 16
debug +++ [Boolean] running = true
debug +++ [int] delay = 120000
debug +++ [int] repeatCount = 0
debug +++ [int] currentCount = 16
debug +++ [Boolean] running = true
debug +++ [int] delay = 120000
debug time 22:25:42.155 :: After HeartBeat Count=17 Result=5
debug time 22:27:41.158 :: Before HeartBeat Count=18 Time=Sun Jan 29 2012 22:27:41 GMT+0100 AccountId=29131007 Session=c913ddb1-e75f-4f9b-9619-bb332f5957b0
debug ++ [int] eventPhase = 2
debug ++ [Boolean] bubbles = false
debug ++ [Boolean] cancelable = false
debug ++ [String] type = timer
debug +++ [int] repeatCount = 0
debug +++ [int] currentCount = 17
debug +++ [Boolean] running = true
debug +++ [int] delay = 120000
debug +++ [int] repeatCount = 0
debug +++ [int] currentCount = 17
debug +++ [Boolean] running = true
debug +++ [int] delay = 120000
debug time 22:27:42.155 :: After HeartBeat Count=18 Result=5
debug time 22:29:41.159 :: Before HeartBeat Count=19 Time=Sun Jan 29 2012 22:29:41 GMT+0100 AccountId=29131007 Session=c913ddb1-e75f-4f9b-9619-bb332f5957b0
debug ++ [int] eventPhase = 2
debug ++ [Boolean] bubbles = false
debug ++ [Boolean] cancelable = false
debug ++ [String] type = timer
debug +++ [int] repeatCount = 0
debug +++ [int] currentCount = 18
debug +++ [Boolean] running = true
debug +++ [int] delay = 120000
debug +++ [int] repeatCount = 0
debug +++ [int] currentCount = 18
debug +++ [Boolean] running = true
debug +++ [int] delay = 120000
debug time 22:29:42.155 :: After HeartBeat Count=19 Result=5
debug time 22:31:01.236 :: Performing heartbeat at Sun Jan 29 2012 22:31:01 GMT+0100
