debug time 10:12:07.237 :: Before HeartBeat Count=1 Time=Fri Apr 13 2012 10:12:07 GMT+0200 AccountId=29131007 Session=063c3046-ffb0-4ffa-ac2f-288c53b1a381
STOP LOGGING: More than 0 nested objects or properties. 
debug time 10:12:07.645 :: After HeartBeat Count=1 Result=5
debug time 10:14:07.283 :: Before HeartBeat Count=2 Time=Fri Apr 13 2012 10:14:07 GMT+0200 AccountId=29131007 Session=063c3046-ffb0-4ffa-ac2f-288c53b1a381
debug ++ [int] eventPhase = 2
debug ++ [Boolean] bubbles = false
debug ++ [Boolean] cancelable = false
debug ++ [String] type = timer
debug +++ [int] repeatCount = 0
debug +++ [int] currentCount = 1
debug +++ [Boolean] running = true
debug +++ [int] delay = 120000
debug +++ [int] repeatCount = 0
debug +++ [int] currentCount = 1
debug +++ [Boolean] running = true
debug +++ [int] delay = 120000
debug time 10:14:07.529 :: After HeartBeat Count=2 Result=5
debug time 10:16:08.153 :: Before HeartBeat Count=3 Time=Fri Apr 13 2012 10:16:08 GMT+0200 AccountId=29131007 Session=063c3046-ffb0-4ffa-ac2f-288c53b1a381
debug ++ [int] eventPhase = 2
debug ++ [Boolean] bubbles = false
debug ++ [Boolean] cancelable = false
debug ++ [String] type = timer
debug +++ [int] repeatCount = 0
debug +++ [int] currentCount = 2
debug +++ [Boolean] running = true
debug +++ [int] delay = 120000
debug +++ [int] repeatCount = 0
debug +++ [int] currentCount = 2
debug +++ [Boolean] running = true
debug +++ [int] delay = 120000
debug time 10:16:08.350 :: After HeartBeat Count=3 Result=5
debug time 10:18:08.174 :: Before HeartBeat Count=4 Time=Fri Apr 13 2012 10:18:08 GMT+0200 AccountId=29131007 Session=063c3046-ffb0-4ffa-ac2f-288c53b1a381
debug ++ [int] eventPhase = 2
debug ++ [Boolean] bubbles = false
debug ++ [Boolean] cancelable = false
debug ++ [String] type = timer
debug +++ [int] repeatCount = 0
debug +++ [int] currentCount = 3
debug +++ [Boolean] running = true
debug +++ [int] delay = 120000
debug +++ [int] repeatCount = 0
debug +++ [int] currentCount = 3
debug +++ [Boolean] running = true
debug +++ [int] delay = 120000
debug time 10:18:08.370 :: After HeartBeat Count=4 Result=5
debug time 10:20:09.151 :: Before HeartBeat Count=5 Time=Fri Apr 13 2012 10:20:09 GMT+0200 AccountId=29131007 Session=063c3046-ffb0-4ffa-ac2f-288c53b1a381
debug ++ [int] eventPhase = 2
debug ++ [Boolean] bubbles = false
debug ++ [Boolean] cancelable = false
debug ++ [String] type = timer
debug +++ [int] repeatCount = 0
debug +++ [int] currentCount = 4
debug +++ [Boolean] running = true
debug +++ [int] delay = 120000
debug +++ [int] repeatCount = 0
debug +++ [int] currentCount = 4
debug +++ [Boolean] running = true
debug +++ [int] delay = 120000
debug time 10:20:09.346 :: After HeartBeat Count=5 Result=5
debug time 10:22:09.152 :: Before HeartBeat Count=6 Time=Fri Apr 13 2012 10:22:09 GMT+0200 AccountId=29131007 Session=063c3046-ffb0-4ffa-ac2f-288c53b1a381
debug ++ [int] eventPhase = 2
debug ++ [Boolean] bubbles = false
debug ++ [Boolean] cancelable = false
debug ++ [String] type = timer
debug +++ [int] repeatCount = 0
debug +++ [int] currentCount = 5
debug +++ [Boolean] running = true
debug +++ [int] delay = 120000
debug +++ [int] repeatCount = 0
debug +++ [int] currentCount = 5
debug +++ [Boolean] running = true
debug +++ [int] delay = 120000
debug time 10:22:09.347 :: After HeartBeat Count=6 Result=5
debug time 10:24:09.151 :: Before HeartBeat Count=7 Time=Fri Apr 13 2012 10:24:09 GMT+0200 AccountId=29131007 Session=063c3046-ffb0-4ffa-ac2f-288c53b1a381
debug ++ [int] eventPhase = 2
debug ++ [Boolean] bubbles = false
debug ++ [Boolean] cancelable = false
debug ++ [String] type = timer
debug +++ [int] repeatCount = 0
debug +++ [int] currentCount = 6
debug +++ [Boolean] running = true
debug +++ [int] delay = 120000
debug +++ [int] repeatCount = 0
debug +++ [int] currentCount = 6
debug +++ [Boolean] running = true
debug +++ [int] delay = 120000
debug time 10:24:09.320 :: After HeartBeat Count=7 Result=5
debug time 10:26:09.149 :: Before HeartBeat Count=8 Time=Fri Apr 13 2012 10:26:09 GMT+0200 AccountId=29131007 Session=063c3046-ffb0-4ffa-ac2f-288c53b1a381
debug ++ [int] eventPhase = 2
debug ++ [Boolean] bubbles = false
debug ++ [Boolean] cancelable = false
debug ++ [String] type = timer
debug +++ [int] repeatCount = 0
debug +++ [int] currentCount = 7
debug +++ [Boolean] running = true
debug +++ [int] delay = 120000
debug +++ [int] repeatCount = 0
debug +++ [int] currentCount = 7
debug +++ [Boolean] running = true
debug +++ [int] delay = 120000
debug time 10:26:09.318 :: After HeartBeat Count=8 Result=5
debug time 10:28:09.149 :: Before HeartBeat Count=9 Time=Fri Apr 13 2012 10:28:09 GMT+0200 AccountId=29131007 Session=063c3046-ffb0-4ffa-ac2f-288c53b1a381
debug ++ [int] eventPhase = 2
debug ++ [Boolean] bubbles = false
debug ++ [Boolean] cancelable = false
debug ++ [String] type = timer
debug +++ [int] repeatCount = 0
debug +++ [int] currentCount = 8
debug +++ [Boolean] running = true
debug +++ [int] delay = 120000
debug +++ [int] repeatCount = 0
debug +++ [int] currentCount = 8
debug +++ [Boolean] running = true
debug +++ [int] delay = 120000
debug time 10:28:09.318 :: After HeartBeat Count=9 Result=5
debug time 10:30:09.148 :: Before HeartBeat Count=10 Time=Fri Apr 13 2012 10:30:09 GMT+0200 AccountId=29131007 Session=063c3046-ffb0-4ffa-ac2f-288c53b1a381
debug ++ [int] eventPhase = 2
debug ++ [Boolean] bubbles = false
debug ++ [Boolean] cancelable = false
debug ++ [String] type = timer
debug +++ [int] repeatCount = 0
debug +++ [int] currentCount = 9
debug +++ [Boolean] running = true
debug +++ [int] delay = 120000
debug +++ [int] repeatCount = 0
debug +++ [int] currentCount = 9
debug +++ [Boolean] running = true
debug +++ [int] delay = 120000
debug time 10:30:09.317 :: After HeartBeat Count=10 Result=5
debug time 10:32:10.149 :: Before HeartBeat Count=11 Time=Fri Apr 13 2012 10:32:10 GMT+0200 AccountId=29131007 Session=063c3046-ffb0-4ffa-ac2f-288c53b1a381
debug ++ [int] eventPhase = 2
debug ++ [Boolean] bubbles = false
debug ++ [Boolean] cancelable = false
debug ++ [String] type = timer
debug +++ [int] repeatCount = 0
debug +++ [int] currentCount = 10
debug +++ [Boolean] running = true
debug +++ [int] delay = 120000
debug +++ [int] repeatCount = 0
debug +++ [int] currentCount = 10
debug +++ [Boolean] running = true
debug +++ [int] delay = 120000
debug time 10:32:10.317 :: After HeartBeat Count=11 Result=5
debug time 10:34:10.164 :: Before HeartBeat Count=12 Time=Fri Apr 13 2012 10:34:10 GMT+0200 AccountId=29131007 Session=063c3046-ffb0-4ffa-ac2f-288c53b1a381
debug ++ [int] eventPhase = 2
debug ++ [Boolean] bubbles = false
debug ++ [Boolean] cancelable = false
debug ++ [String] type = timer
debug +++ [int] repeatCount = 0
debug +++ [int] currentCount = 11
debug +++ [Boolean] running = true
debug +++ [int] delay = 120000
debug +++ [int] repeatCount = 0
debug +++ [int] currentCount = 11
debug +++ [Boolean] running = true
debug +++ [int] delay = 120000
debug time 10:34:10.348 :: After HeartBeat Count=12 Result=5
debug time 10:36:11.149 :: Before HeartBeat Count=13 Time=Fri Apr 13 2012 10:36:11 GMT+0200 AccountId=29131007 Session=063c3046-ffb0-4ffa-ac2f-288c53b1a381
debug ++ [int] eventPhase = 2
debug ++ [Boolean] bubbles = false
debug ++ [Boolean] cancelable = false
debug ++ [String] type = timer
debug +++ [int] repeatCount = 0
debug +++ [int] currentCount = 12
debug +++ [Boolean] running = true
debug +++ [int] delay = 120000
debug +++ [int] repeatCount = 0
debug +++ [int] currentCount = 12
debug +++ [Boolean] running = true
debug +++ [int] delay = 120000
debug time 10:36:11.317 :: After HeartBeat Count=13 Result=5
debug time 10:38:11.150 :: Before HeartBeat Count=14 Time=Fri Apr 13 2012 10:38:11 GMT+0200 AccountId=29131007 Session=063c3046-ffb0-4ffa-ac2f-288c53b1a381
debug ++ [int] eventPhase = 2
debug ++ [Boolean] bubbles = false
debug ++ [Boolean] cancelable = false
debug ++ [String] type = timer
debug +++ [int] repeatCount = 0
debug +++ [int] currentCount = 13
debug +++ [Boolean] running = true
debug +++ [int] delay = 120000
debug +++ [int] repeatCount = 0
debug +++ [int] currentCount = 13
debug +++ [Boolean] running = true
debug +++ [int] delay = 120000
debug time 10:38:11.319 :: After HeartBeat Count=14 Result=5
debug time 10:40:11.148 :: Before HeartBeat Count=15 Time=Fri Apr 13 2012 10:40:11 GMT+0200 AccountId=29131007 Session=063c3046-ffb0-4ffa-ac2f-288c53b1a381
debug ++ [int] eventPhase = 2
debug ++ [Boolean] bubbles = false
debug ++ [Boolean] cancelable = false
debug ++ [String] type = timer
debug +++ [int] repeatCount = 0
debug +++ [int] currentCount = 14
debug +++ [Boolean] running = true
debug +++ [int] delay = 120000
debug +++ [int] repeatCount = 0
debug +++ [int] currentCount = 14
debug +++ [Boolean] running = true
debug +++ [int] delay = 120000
debug time 10:40:11.317 :: After HeartBeat Count=15 Result=5
debug time 10:42:11.163 :: Before HeartBeat Count=16 Time=Fri Apr 13 2012 10:42:11 GMT+0200 AccountId=29131007 Session=063c3046-ffb0-4ffa-ac2f-288c53b1a381
debug ++ [int] eventPhase = 2
debug ++ [Boolean] bubbles = false
debug ++ [Boolean] cancelable = false
debug ++ [String] type = timer
debug +++ [int] repeatCount = 0
debug +++ [int] currentCount = 15
debug +++ [Boolean] running = true
debug +++ [int] delay = 120000
debug +++ [int] repeatCount = 0
debug +++ [int] currentCount = 15
debug +++ [Boolean] running = true
debug +++ [int] delay = 120000
debug time 10:42:11.342 :: After HeartBeat Count=16 Result=5
debug time 10:44:12.149 :: Before HeartBeat Count=17 Time=Fri Apr 13 2012 10:44:12 GMT+0200 AccountId=29131007 Session=063c3046-ffb0-4ffa-ac2f-288c53b1a381
debug ++ [int] eventPhase = 2
debug ++ [Boolean] bubbles = false
debug ++ [Boolean] cancelable = false
debug ++ [String] type = timer
debug +++ [int] repeatCount = 0
debug +++ [int] currentCount = 16
debug +++ [Boolean] running = true
debug +++ [int] delay = 120000
debug +++ [int] repeatCount = 0
debug +++ [int] currentCount = 16
debug +++ [Boolean] running = true
debug +++ [int] delay = 120000
debug time 10:44:12.317 :: After HeartBeat Count=17 Result=5
debug time 10:46:12.149 :: Before HeartBeat Count=18 Time=Fri Apr 13 2012 10:46:12 GMT+0200 AccountId=29131007 Session=063c3046-ffb0-4ffa-ac2f-288c53b1a381
debug ++ [int] eventPhase = 2
debug ++ [Boolean] bubbles = false
debug ++ [Boolean] cancelable = false
debug ++ [String] type = timer
debug +++ [int] repeatCount = 0
debug +++ [int] currentCount = 17
debug +++ [Boolean] running = true
debug +++ [int] delay = 120000
debug +++ [int] repeatCount = 0
debug +++ [int] currentCount = 17
debug +++ [Boolean] running = true
debug +++ [int] delay = 120000
debug time 10:46:12.318 :: After HeartBeat Count=18 Result=5
debug time 10:48:13.148 :: Before HeartBeat Count=19 Time=Fri Apr 13 2012 10:48:13 GMT+0200 AccountId=29131007 Session=063c3046-ffb0-4ffa-ac2f-288c53b1a381
debug ++ [int] eventPhase = 2
debug ++ [Boolean] bubbles = false
debug ++ [Boolean] cancelable = false
debug ++ [String] type = timer
debug +++ [int] repeatCount = 0
debug +++ [int] currentCount = 18
debug +++ [Boolean] running = true
debug +++ [int] delay = 120000
debug +++ [int] repeatCount = 0
debug +++ [int] currentCount = 18
debug +++ [Boolean] running = true
debug +++ [int] delay = 120000
debug time 10:48:13.316 :: After HeartBeat Count=19 Result=5
debug time 10:50:13.148 :: Before HeartBeat Count=20 Time=Fri Apr 13 2012 10:50:13 GMT+0200 AccountId=29131007 Session=063c3046-ffb0-4ffa-ac2f-288c53b1a381
debug ++ [int] eventPhase = 2
debug ++ [Boolean] bubbles = false
debug ++ [Boolean] cancelable = false
debug ++ [String] type = timer
debug +++ [int] repeatCount = 0
debug +++ [int] currentCount = 19
debug +++ [Boolean] running = true
debug +++ [int] delay = 120000
debug +++ [int] repeatCount = 0
debug +++ [int] currentCount = 19
debug +++ [Boolean] running = true
debug +++ [int] delay = 120000
debug time 10:50:13.317 :: After HeartBeat Count=20 Result=5
debug time 10:52:13.149 :: Before HeartBeat Count=21 Time=Fri Apr 13 2012 10:52:13 GMT+0200 AccountId=29131007 Session=063c3046-ffb0-4ffa-ac2f-288c53b1a381
debug ++ [int] eventPhase = 2
debug ++ [Boolean] bubbles = false
debug ++ [Boolean] cancelable = false
debug ++ [String] type = timer
debug +++ [int] repeatCount = 0
debug +++ [int] currentCount = 20
debug +++ [Boolean] running = true
debug +++ [int] delay = 120000
debug +++ [int] repeatCount = 0
debug +++ [int] currentCount = 20
debug +++ [Boolean] running = true
debug +++ [int] delay = 120000
debug time 10:52:13.318 :: After HeartBeat Count=21 Result=5
debug time 10:54:13.149 :: Before HeartBeat Count=22 Time=Fri Apr 13 2012 10:54:13 GMT+0200 AccountId=29131007 Session=063c3046-ffb0-4ffa-ac2f-288c53b1a381
debug ++ [int] eventPhase = 2
debug ++ [Boolean] bubbles = false
debug ++ [Boolean] cancelable = false
debug ++ [String] type = timer
debug +++ [int] repeatCount = 0
debug +++ [int] currentCount = 21
debug +++ [Boolean] running = true
debug +++ [int] delay = 120000
debug +++ [int] repeatCount = 0
debug +++ [int] currentCount = 21
debug +++ [Boolean] running = true
debug +++ [int] delay = 120000
debug time 10:54:13.317 :: After HeartBeat Count=22 Result=5
debug time 10:56:13.148 :: Before HeartBeat Count=23 Time=Fri Apr 13 2012 10:56:13 GMT+0200 AccountId=29131007 Session=063c3046-ffb0-4ffa-ac2f-288c53b1a381
debug ++ [int] eventPhase = 2
debug ++ [Boolean] bubbles = false
debug ++ [Boolean] cancelable = false
debug ++ [String] type = timer
debug +++ [int] repeatCount = 0
debug +++ [int] currentCount = 22
debug +++ [Boolean] running = true
debug +++ [int] delay = 120000
debug +++ [int] repeatCount = 0
debug +++ [int] currentCount = 22
debug +++ [Boolean] running = true
debug +++ [int] delay = 120000
debug time 10:56:13.317 :: After HeartBeat Count=23 Result=5
debug time 10:58:14.149 :: Before HeartBeat Count=24 Time=Fri Apr 13 2012 10:58:14 GMT+0200 AccountId=29131007 Session=063c3046-ffb0-4ffa-ac2f-288c53b1a381
debug ++ [int] eventPhase = 2
debug ++ [Boolean] bubbles = false
debug ++ [Boolean] cancelable = false
debug ++ [String] type = timer
debug +++ [int] repeatCount = 0
debug +++ [int] currentCount = 23
debug +++ [Boolean] running = true
debug +++ [int] delay = 120000
debug +++ [int] repeatCount = 0
debug +++ [int] currentCount = 23
debug +++ [Boolean] running = true
debug +++ [int] delay = 120000
debug time 10:58:14.318 :: After HeartBeat Count=24 Result=5
debug time 11:00:14.146 :: Before HeartBeat Count=25 Time=Fri Apr 13 2012 11:00:14 GMT+0200 AccountId=29131007 Session=063c3046-ffb0-4ffa-ac2f-288c53b1a381
debug ++ [int] eventPhase = 2
debug ++ [Boolean] bubbles = false
debug ++ [Boolean] cancelable = false
debug ++ [String] type = timer
debug +++ [int] repeatCount = 0
debug +++ [int] currentCount = 24
debug +++ [Boolean] running = true
debug +++ [int] delay = 120000
debug +++ [int] repeatCount = 0
debug +++ [int] currentCount = 24
debug +++ [Boolean] running = true
debug +++ [int] delay = 120000
debug time 11:00:14.315 :: After HeartBeat Count=25 Result=5
debug time 11:00:23.891 :: Performing heartbeat at Fri Apr 13 2012 11:00:23 GMT+0200
debug time 11:02:14.171 :: Before HeartBeat Count=26 Time=Fri Apr 13 2012 11:02:14 GMT+0200 AccountId=29131007 Session=063c3046-ffb0-4ffa-ac2f-288c53b1a381
debug ++ [int] eventPhase = 2
debug ++ [Boolean] bubbles = false
debug ++ [Boolean] cancelable = false
debug ++ [String] type = timer
debug +++ [int] repeatCount = 0
debug +++ [int] currentCount = 25
debug +++ [Boolean] running = true
debug +++ [int] delay = 120000
debug +++ [int] repeatCount = 0
debug +++ [int] currentCount = 25
debug +++ [Boolean] running = true
debug +++ [int] delay = 120000
debug time 11:02:14.363 :: After HeartBeat Count=26 Result=5
debug time 11:04:15.165 :: Before HeartBeat Count=27 Time=Fri Apr 13 2012 11:04:15 GMT+0200 AccountId=29131007 Session=063c3046-ffb0-4ffa-ac2f-288c53b1a381
debug ++ [int] eventPhase = 2
debug ++ [Boolean] bubbles = false
debug ++ [Boolean] cancelable = false
debug ++ [String] type = timer
debug +++ [int] repeatCount = 0
debug +++ [int] currentCount = 26
debug +++ [Boolean] running = true
debug +++ [int] delay = 120000
debug +++ [int] repeatCount = 0
debug +++ [int] currentCount = 26
debug +++ [Boolean] running = true
debug +++ [int] delay = 120000
debug time 11:04:15.334 :: After HeartBeat Count=27 Result=5
debug time 11:06:15.160 :: Before HeartBeat Count=28 Time=Fri Apr 13 2012 11:06:15 GMT+0200 AccountId=29131007 Session=063c3046-ffb0-4ffa-ac2f-288c53b1a381
debug ++ [int] eventPhase = 2
debug ++ [Boolean] bubbles = false
debug ++ [Boolean] cancelable = false
debug ++ [String] type = timer
debug +++ [int] repeatCount = 0
debug +++ [int] currentCount = 27
debug +++ [Boolean] running = true
debug +++ [int] delay = 120000
debug +++ [int] repeatCount = 0
debug +++ [int] currentCount = 27
debug +++ [Boolean] running = true
debug +++ [int] delay = 120000
debug time 11:06:15.329 :: After HeartBeat Count=28 Result=5
debug time 11:08:16.187 :: Before HeartBeat Count=29 Time=Fri Apr 13 2012 11:08:16 GMT+0200 AccountId=29131007 Session=063c3046-ffb0-4ffa-ac2f-288c53b1a381
debug ++ [int] eventPhase = 2
debug ++ [Boolean] bubbles = false
debug ++ [Boolean] cancelable = false
debug ++ [String] type = timer
debug +++ [int] repeatCount = 0
debug +++ [int] currentCount = 28
debug +++ [Boolean] running = true
debug +++ [int] delay = 120000
debug +++ [int] repeatCount = 0
debug +++ [int] currentCount = 28
debug +++ [Boolean] running = true
debug +++ [int] delay = 120000
debug time 11:08:16.391 :: After HeartBeat Count=29 Result=5
debug time 11:10:17.167 :: Before HeartBeat Count=30 Time=Fri Apr 13 2012 11:10:17 GMT+0200 AccountId=29131007 Session=063c3046-ffb0-4ffa-ac2f-288c53b1a381
debug ++ [int] eventPhase = 2
debug ++ [Boolean] bubbles = false
debug ++ [Boolean] cancelable = false
debug ++ [String] type = timer
debug +++ [int] repeatCount = 0
debug +++ [int] currentCount = 29
debug +++ [Boolean] running = true
debug +++ [int] delay = 120000
debug +++ [int] repeatCount = 0
debug +++ [int] currentCount = 29
debug +++ [Boolean] running = true
debug +++ [int] delay = 120000
debug time 11:10:17.339 :: After HeartBeat Count=30 Result=5
debug time 11:12:18.164 :: Before HeartBeat Count=31 Time=Fri Apr 13 2012 11:12:18 GMT+0200 AccountId=29131007 Session=063c3046-ffb0-4ffa-ac2f-288c53b1a381
debug ++ [int] eventPhase = 2
debug ++ [Boolean] bubbles = false
debug ++ [Boolean] cancelable = false
debug ++ [String] type = timer
debug +++ [int] repeatCount = 0
debug +++ [int] currentCount = 30
debug +++ [Boolean] running = true
debug +++ [int] delay = 120000
debug +++ [int] repeatCount = 0
debug +++ [int] currentCount = 30
debug +++ [Boolean] running = true
debug +++ [int] delay = 120000
debug time 11:12:18.333 :: After HeartBeat Count=31 Result=5
debug time 11:14:18.187 :: Before HeartBeat Count=32 Time=Fri Apr 13 2012 11:14:18 GMT+0200 AccountId=29131007 Session=063c3046-ffb0-4ffa-ac2f-288c53b1a381
debug ++ [int] eventPhase = 2
debug ++ [Boolean] bubbles = false
debug ++ [Boolean] cancelable = false
debug ++ [String] type = timer
debug +++ [int] repeatCount = 0
debug +++ [int] currentCount = 31
debug +++ [Boolean] running = true
debug +++ [int] delay = 120000
debug +++ [int] repeatCount = 0
debug +++ [int] currentCount = 31
debug +++ [Boolean] running = true
debug +++ [int] delay = 120000
debug time 11:14:18.381 :: After HeartBeat Count=32 Result=5
debug time 11:16:19.159 :: Before HeartBeat Count=33 Time=Fri Apr 13 2012 11:16:19 GMT+0200 AccountId=29131007 Session=063c3046-ffb0-4ffa-ac2f-288c53b1a381
debug ++ [int] eventPhase = 2
debug ++ [Boolean] bubbles = false
debug ++ [Boolean] cancelable = false
debug ++ [String] type = timer
debug +++ [int] repeatCount = 0
debug +++ [int] currentCount = 32
debug +++ [Boolean] running = true
debug +++ [int] delay = 120000
debug +++ [int] repeatCount = 0
debug +++ [int] currentCount = 32
debug +++ [Boolean] running = true
debug +++ [int] delay = 120000
debug time 11:16:19.328 :: After HeartBeat Count=33 Result=5
debug time 11:18:19.158 :: Before HeartBeat Count=34 Time=Fri Apr 13 2012 11:18:19 GMT+0200 AccountId=29131007 Session=063c3046-ffb0-4ffa-ac2f-288c53b1a381
debug ++ [int] eventPhase = 2
debug ++ [Boolean] bubbles = false
debug ++ [Boolean] cancelable = false
debug ++ [String] type = timer
debug +++ [int] repeatCount = 0
debug +++ [int] currentCount = 33
debug +++ [Boolean] running = true
debug +++ [int] delay = 120000
debug +++ [int] repeatCount = 0
debug +++ [int] currentCount = 33
debug +++ [Boolean] running = true
debug +++ [int] delay = 120000
debug time 11:18:19.327 :: After HeartBeat Count=34 Result=5
debug time 11:20:19.157 :: Before HeartBeat Count=35 Time=Fri Apr 13 2012 11:20:19 GMT+0200 AccountId=29131007 Session=063c3046-ffb0-4ffa-ac2f-288c53b1a381
debug ++ [int] eventPhase = 2
debug ++ [Boolean] bubbles = false
debug ++ [Boolean] cancelable = false
debug ++ [String] type = timer
debug +++ [int] repeatCount = 0
debug +++ [int] currentCount = 34
debug +++ [Boolean] running = true
debug +++ [int] delay = 120000
debug +++ [int] repeatCount = 0
debug +++ [int] currentCount = 34
debug +++ [Boolean] running = true
debug +++ [int] delay = 120000
debug time 11:20:19.326 :: After HeartBeat Count=35 Result=5
debug time 11:22:19.180 :: Before HeartBeat Count=36 Time=Fri Apr 13 2012 11:22:19 GMT+0200 AccountId=29131007 Session=063c3046-ffb0-4ffa-ac2f-288c53b1a381
debug ++ [int] eventPhase = 2
debug ++ [Boolean] bubbles = false
debug ++ [Boolean] cancelable = false
debug ++ [String] type = timer
debug +++ [int] repeatCount = 0
debug +++ [int] currentCount = 35
debug +++ [Boolean] running = true
debug +++ [int] delay = 120000
debug +++ [int] repeatCount = 0
debug +++ [int] currentCount = 35
debug +++ [Boolean] running = true
debug +++ [int] delay = 120000
debug time 11:22:19.384 :: After HeartBeat Count=36 Result=5
debug time 11:24:20.155 :: Before HeartBeat Count=37 Time=Fri Apr 13 2012 11:24:20 GMT+0200 AccountId=29131007 Session=063c3046-ffb0-4ffa-ac2f-288c53b1a381
debug ++ [int] eventPhase = 2
debug ++ [Boolean] bubbles = false
debug ++ [Boolean] cancelable = false
debug ++ [String] type = timer
debug +++ [int] repeatCount = 0
debug +++ [int] currentCount = 36
debug +++ [Boolean] running = true
debug +++ [int] delay = 120000
debug +++ [int] repeatCount = 0
debug +++ [int] currentCount = 36
debug +++ [Boolean] running = true
debug +++ [int] delay = 120000
debug time 11:24:20.323 :: After HeartBeat Count=37 Result=5
debug time 11:26:20.180 :: Before HeartBeat Count=38 Time=Fri Apr 13 2012 11:26:20 GMT+0200 AccountId=29131007 Session=063c3046-ffb0-4ffa-ac2f-288c53b1a381
debug ++ [int] eventPhase = 2
debug ++ [Boolean] bubbles = false
debug ++ [Boolean] cancelable = false
debug ++ [String] type = timer
debug +++ [int] repeatCount = 0
debug +++ [int] currentCount = 37
debug +++ [Boolean] running = true
debug +++ [int] delay = 120000
debug +++ [int] repeatCount = 0
debug +++ [int] currentCount = 37
debug +++ [Boolean] running = true
debug +++ [int] delay = 120000
debug time 11:26:20.358 :: After HeartBeat Count=38 Result=5
debug time 11:28:21.156 :: Before HeartBeat Count=39 Time=Fri Apr 13 2012 11:28:21 GMT+0200 AccountId=29131007 Session=063c3046-ffb0-4ffa-ac2f-288c53b1a381
debug ++ [int] eventPhase = 2
debug ++ [Boolean] bubbles = false
debug ++ [Boolean] cancelable = false
debug ++ [String] type = timer
debug +++ [int] repeatCount = 0
debug +++ [int] currentCount = 38
debug +++ [Boolean] running = true
debug +++ [int] delay = 120000
debug +++ [int] repeatCount = 0
debug +++ [int] currentCount = 38
debug +++ [Boolean] running = true
debug +++ [int] delay = 120000
debug time 11:28:21.326 :: After HeartBeat Count=39 Result=5
debug time 11:30:22.157 :: Before HeartBeat Count=40 Time=Fri Apr 13 2012 11:30:22 GMT+0200 AccountId=29131007 Session=063c3046-ffb0-4ffa-ac2f-288c53b1a381
debug ++ [int] eventPhase = 2
debug ++ [Boolean] bubbles = false
debug ++ [Boolean] cancelable = false
debug ++ [String] type = timer
debug +++ [int] repeatCount = 0
debug +++ [int] currentCount = 39
debug +++ [Boolean] running = true
debug +++ [int] delay = 120000
debug +++ [int] repeatCount = 0
debug +++ [int] currentCount = 39
debug +++ [Boolean] running = true
debug +++ [int] delay = 120000
debug time 11:30:22.326 :: After HeartBeat Count=40 Result=5
debug time 11:32:22.187 :: Before HeartBeat Count=41 Time=Fri Apr 13 2012 11:32:22 GMT+0200 AccountId=29131007 Session=063c3046-ffb0-4ffa-ac2f-288c53b1a381
debug ++ [int] eventPhase = 2
debug ++ [Boolean] bubbles = false
debug ++ [Boolean] cancelable = false
debug ++ [String] type = timer
debug +++ [int] repeatCount = 0
debug +++ [int] currentCount = 40
debug +++ [Boolean] running = true
debug +++ [int] delay = 120000
debug +++ [int] repeatCount = 0
debug +++ [int] currentCount = 40
debug +++ [Boolean] running = true
debug +++ [int] delay = 120000
debug time 11:32:22.386 :: After HeartBeat Count=41 Result=5
debug time 11:34:23.155 :: Before HeartBeat Count=42 Time=Fri Apr 13 2012 11:34:23 GMT+0200 AccountId=29131007 Session=063c3046-ffb0-4ffa-ac2f-288c53b1a381
debug ++ [int] eventPhase = 2
debug ++ [Boolean] bubbles = false
debug ++ [Boolean] cancelable = false
debug ++ [String] type = timer
debug +++ [int] repeatCount = 0
debug +++ [int] currentCount = 41
debug +++ [Boolean] running = true
debug +++ [int] delay = 120000
debug +++ [int] repeatCount = 0
debug +++ [int] currentCount = 41
debug +++ [Boolean] running = true
debug +++ [int] delay = 120000
debug time 11:34:23.323 :: After HeartBeat Count=42 Result=5
debug time 11:36:23.176 :: Before HeartBeat Count=43 Time=Fri Apr 13 2012 11:36:23 GMT+0200 AccountId=29131007 Session=063c3046-ffb0-4ffa-ac2f-288c53b1a381
debug ++ [int] eventPhase = 2
debug ++ [Boolean] bubbles = false
debug ++ [Boolean] cancelable = false
debug ++ [String] type = timer
debug +++ [int] repeatCount = 0
debug +++ [int] currentCount = 42
debug +++ [Boolean] running = true
debug +++ [int] delay = 120000
debug +++ [int] repeatCount = 0
debug +++ [int] currentCount = 42
debug +++ [Boolean] running = true
debug +++ [int] delay = 120000
debug time 11:36:23.345 :: After HeartBeat Count=43 Result=5
debug time 11:38:24.152 :: Before HeartBeat Count=44 Time=Fri Apr 13 2012 11:38:24 GMT+0200 AccountId=29131007 Session=063c3046-ffb0-4ffa-ac2f-288c53b1a381
debug ++ [int] eventPhase = 2
debug ++ [Boolean] bubbles = false
debug ++ [Boolean] cancelable = false
debug ++ [String] type = timer
debug +++ [int] repeatCount = 0
debug +++ [int] currentCount = 43
debug +++ [Boolean] running = true
debug +++ [int] delay = 120000
debug +++ [int] repeatCount = 0
debug +++ [int] currentCount = 43
debug +++ [Boolean] running = true
debug +++ [int] delay = 120000
debug time 11:38:24.321 :: After HeartBeat Count=44 Result=5
debug time 11:40:24.235 :: Before HeartBeat Count=45 Time=Fri Apr 13 2012 11:40:24 GMT+0200 AccountId=29131007 Session=063c3046-ffb0-4ffa-ac2f-288c53b1a381
debug ++ [int] eventPhase = 2
debug ++ [Boolean] bubbles = false
debug ++ [Boolean] cancelable = false
debug ++ [String] type = timer
debug +++ [int] repeatCount = 0
debug +++ [int] currentCount = 44
debug +++ [Boolean] running = true
debug +++ [int] delay = 120000
debug +++ [int] repeatCount = 0
debug +++ [int] currentCount = 44
debug +++ [Boolean] running = true
debug +++ [int] delay = 120000
debug time 11:40:24.404 :: After HeartBeat Count=45 Result=5
debug time 11:42:25.235 :: Before HeartBeat Count=46 Time=Fri Apr 13 2012 11:42:25 GMT+0200 AccountId=29131007 Session=063c3046-ffb0-4ffa-ac2f-288c53b1a381
debug ++ [int] eventPhase = 2
debug ++ [Boolean] bubbles = false
debug ++ [Boolean] cancelable = false
debug ++ [String] type = timer
debug +++ [int] repeatCount = 0
debug +++ [int] currentCount = 45
debug +++ [Boolean] running = true
debug +++ [int] delay = 120000
debug +++ [int] repeatCount = 0
debug +++ [int] currentCount = 45
debug +++ [Boolean] running = true
debug +++ [int] delay = 120000
debug time 11:42:25.404 :: After HeartBeat Count=46 Result=5
debug time 11:44:25.265 :: Before HeartBeat Count=47 Time=Fri Apr 13 2012 11:44:25 GMT+0200 AccountId=29131007 Session=063c3046-ffb0-4ffa-ac2f-288c53b1a381
debug ++ [int] eventPhase = 2
debug ++ [Boolean] bubbles = false
debug ++ [Boolean] cancelable = false
debug ++ [String] type = timer
debug +++ [int] repeatCount = 0
debug +++ [int] currentCount = 46
debug +++ [Boolean] running = true
debug +++ [int] delay = 120000
debug +++ [int] repeatCount = 0
debug +++ [int] currentCount = 46
debug +++ [Boolean] running = true
debug +++ [int] delay = 120000
debug time 11:44:25.459 :: After HeartBeat Count=47 Result=5
debug time 11:46:26.234 :: Before HeartBeat Count=48 Time=Fri Apr 13 2012 11:46:26 GMT+0200 AccountId=29131007 Session=063c3046-ffb0-4ffa-ac2f-288c53b1a381
debug ++ [int] eventPhase = 2
debug ++ [Boolean] bubbles = false
debug ++ [Boolean] cancelable = false
debug ++ [String] type = timer
debug +++ [int] repeatCount = 0
debug +++ [int] currentCount = 47
debug +++ [Boolean] running = true
debug +++ [int] delay = 120000
debug +++ [int] repeatCount = 0
debug +++ [int] currentCount = 47
debug +++ [Boolean] running = true
debug +++ [int] delay = 120000
debug time 11:46:26.403 :: After HeartBeat Count=48 Result=5
debug time 11:48:26.271 :: Before HeartBeat Count=49 Time=Fri Apr 13 2012 11:48:26 GMT+0200 AccountId=29131007 Session=063c3046-ffb0-4ffa-ac2f-288c53b1a381
debug ++ [int] eventPhase = 2
debug ++ [Boolean] bubbles = false
debug ++ [Boolean] cancelable = false
debug ++ [String] type = timer
debug +++ [int] repeatCount = 0
debug +++ [int] currentCount = 48
debug +++ [Boolean] running = true
debug +++ [int] delay = 120000
debug +++ [int] repeatCount = 0
debug +++ [int] currentCount = 48
debug +++ [Boolean] running = true
debug +++ [int] delay = 120000
debug time 11:48:26.470 :: After HeartBeat Count=49 Result=5
debug time 11:50:27.234 :: Before HeartBeat Count=50 Time=Fri Apr 13 2012 11:50:27 GMT+0200 AccountId=29131007 Session=063c3046-ffb0-4ffa-ac2f-288c53b1a381
debug ++ [int] eventPhase = 2
debug ++ [Boolean] bubbles = false
debug ++ [Boolean] cancelable = false
debug ++ [String] type = timer
debug +++ [int] repeatCount = 0
debug +++ [int] currentCount = 49
debug +++ [Boolean] running = true
debug +++ [int] delay = 120000
debug +++ [int] repeatCount = 0
debug +++ [int] currentCount = 49
debug +++ [Boolean] running = true
debug +++ [int] delay = 120000
debug time 11:50:27.403 :: After HeartBeat Count=50 Result=5
debug time 11:52:27.235 :: Before HeartBeat Count=51 Time=Fri Apr 13 2012 11:52:27 GMT+0200 AccountId=29131007 Session=063c3046-ffb0-4ffa-ac2f-288c53b1a381
debug ++ [int] eventPhase = 2
debug ++ [Boolean] bubbles = false
debug ++ [Boolean] cancelable = false
debug ++ [String] type = timer
debug +++ [int] repeatCount = 0
debug +++ [int] currentCount = 50
debug +++ [Boolean] running = true
debug +++ [int] delay = 120000
debug +++ [int] repeatCount = 0
debug +++ [int] currentCount = 50
debug +++ [Boolean] running = true
debug +++ [int] delay = 120000
debug time 11:52:27.404 :: After HeartBeat Count=51 Result=5
debug time 11:52:54.418 :: Performing heartbeat at Fri Apr 13 2012 11:52:54 GMT+0200
debug time 11:54:27.257 :: Before HeartBeat Count=52 Time=Fri Apr 13 2012 11:54:27 GMT+0200 AccountId=29131007 Session=063c3046-ffb0-4ffa-ac2f-288c53b1a381
debug ++ [int] eventPhase = 2
debug ++ [Boolean] bubbles = false
debug ++ [Boolean] cancelable = false
debug ++ [String] type = timer
debug +++ [int] repeatCount = 0
debug +++ [int] currentCount = 51
debug +++ [Boolean] running = true
debug +++ [int] delay = 120000
debug +++ [int] repeatCount = 0
debug +++ [int] currentCount = 51
debug +++ [Boolean] running = true
debug +++ [int] delay = 120000
debug time 11:54:27.451 :: After HeartBeat Count=52 Result=5
debug time 11:56:27.280 :: Before HeartBeat Count=53 Time=Fri Apr 13 2012 11:56:27 GMT+0200 AccountId=29131007 Session=063c3046-ffb0-4ffa-ac2f-288c53b1a381
debug ++ [int] eventPhase = 2
debug ++ [Boolean] bubbles = false
debug ++ [Boolean] cancelable = false
debug ++ [String] type = timer
debug +++ [int] repeatCount = 0
debug +++ [int] currentCount = 52
debug +++ [Boolean] running = true
debug +++ [int] delay = 120000
debug +++ [int] repeatCount = 0
debug +++ [int] currentCount = 52
debug +++ [Boolean] running = true
debug +++ [int] delay = 120000
debug time 11:56:27.478 :: After HeartBeat Count=53 Result=5
debug time 11:58:28.62 :: Before HeartBeat Count=54 Time=Fri Apr 13 2012 11:58:28 GMT+0200 AccountId=29131007 Session=063c3046-ffb0-4ffa-ac2f-288c53b1a381
debug ++ [int] eventPhase = 2
debug ++ [Boolean] bubbles = false
debug ++ [Boolean] cancelable = false
debug ++ [String] type = timer
debug +++ [int] repeatCount = 0
debug +++ [int] currentCount = 53
debug +++ [Boolean] running = true
debug +++ [int] delay = 120000
debug +++ [int] repeatCount = 0
debug +++ [int] currentCount = 53
debug +++ [Boolean] running = true
debug +++ [int] delay = 120000
debug time 11:58:28.232 :: After HeartBeat Count=54 Result=5
debug time 12:00:28.94 :: Before HeartBeat Count=55 Time=Fri Apr 13 2012 12:00:28 GMT+0200 AccountId=29131007 Session=063c3046-ffb0-4ffa-ac2f-288c53b1a381
debug ++ [int] eventPhase = 2
debug ++ [Boolean] bubbles = false
debug ++ [Boolean] cancelable = false
debug ++ [String] type = timer
debug +++ [int] repeatCount = 0
debug +++ [int] currentCount = 54
debug +++ [Boolean] running = true
debug +++ [int] delay = 120000
debug +++ [int] repeatCount = 0
debug +++ [int] currentCount = 54
debug +++ [Boolean] running = true
debug +++ [int] delay = 120000
debug time 12:00:28.288 :: After HeartBeat Count=55 Result=5
debug time 12:02:29.92 :: Before HeartBeat Count=56 Time=Fri Apr 13 2012 12:02:29 GMT+0200 AccountId=29131007 Session=063c3046-ffb0-4ffa-ac2f-288c53b1a381
debug ++ [int] eventPhase = 2
debug ++ [Boolean] bubbles = false
debug ++ [Boolean] cancelable = false
debug ++ [String] type = timer
debug +++ [int] repeatCount = 0
debug +++ [int] currentCount = 55
debug +++ [Boolean] running = true
debug +++ [int] delay = 120000
debug +++ [int] repeatCount = 0
debug +++ [int] currentCount = 55
debug +++ [Boolean] running = true
debug +++ [int] delay = 120000
debug time 12:02:29.291 :: After HeartBeat Count=56 Result=5
debug time 12:04:30.61 :: Before HeartBeat Count=57 Time=Fri Apr 13 2012 12:04:30 GMT+0200 AccountId=29131007 Session=063c3046-ffb0-4ffa-ac2f-288c53b1a381
debug ++ [int] eventPhase = 2
debug ++ [Boolean] bubbles = false
debug ++ [Boolean] cancelable = false
debug ++ [String] type = timer
debug +++ [int] repeatCount = 0
debug +++ [int] currentCount = 56
debug +++ [Boolean] running = true
debug +++ [int] delay = 120000
debug +++ [int] repeatCount = 0
debug +++ [int] currentCount = 56
debug +++ [Boolean] running = true
debug +++ [int] delay = 120000
debug time 12:04:30.229 :: After HeartBeat Count=57 Result=5
debug time 12:06:30.63 :: Before HeartBeat Count=58 Time=Fri Apr 13 2012 12:06:30 GMT+0200 AccountId=29131007 Session=063c3046-ffb0-4ffa-ac2f-288c53b1a381
debug ++ [int] eventPhase = 2
debug ++ [Boolean] bubbles = false
debug ++ [Boolean] cancelable = false
debug ++ [String] type = timer
debug +++ [int] repeatCount = 0
debug +++ [int] currentCount = 57
debug +++ [Boolean] running = true
debug +++ [int] delay = 120000
debug +++ [int] repeatCount = 0
debug +++ [int] currentCount = 57
debug +++ [Boolean] running = true
debug +++ [int] delay = 120000
debug time 12:06:30.232 :: After HeartBeat Count=58 Result=5
debug time 12:08:30.83 :: Before HeartBeat Count=59 Time=Fri Apr 13 2012 12:08:30 GMT+0200 AccountId=29131007 Session=063c3046-ffb0-4ffa-ac2f-288c53b1a381
debug ++ [int] eventPhase = 2
debug ++ [Boolean] bubbles = false
debug ++ [Boolean] cancelable = false
debug ++ [String] type = timer
debug +++ [int] repeatCount = 0
debug +++ [int] currentCount = 58
debug +++ [Boolean] running = true
debug +++ [int] delay = 120000
debug +++ [int] repeatCount = 0
debug +++ [int] currentCount = 58
debug +++ [Boolean] running = true
debug +++ [int] delay = 120000
debug time 12:08:30.252 :: After HeartBeat Count=59 Result=5
debug time 12:10:30.89 :: Before HeartBeat Count=60 Time=Fri Apr 13 2012 12:10:30 GMT+0200 AccountId=29131007 Session=063c3046-ffb0-4ffa-ac2f-288c53b1a381
debug ++ [int] eventPhase = 2
debug ++ [Boolean] bubbles = false
debug ++ [Boolean] cancelable = false
debug ++ [String] type = timer
debug +++ [int] repeatCount = 0
debug +++ [int] currentCount = 59
debug +++ [Boolean] running = true
debug +++ [int] delay = 120000
debug +++ [int] repeatCount = 0
debug +++ [int] currentCount = 59
debug +++ [Boolean] running = true
debug +++ [int] delay = 120000
debug time 12:10:30.266 :: After HeartBeat Count=60 Result=5
debug time 12:12:31.88 :: Before HeartBeat Count=61 Time=Fri Apr 13 2012 12:12:31 GMT+0200 AccountId=29131007 Session=063c3046-ffb0-4ffa-ac2f-288c53b1a381
debug ++ [int] eventPhase = 2
debug ++ [Boolean] bubbles = false
debug ++ [Boolean] cancelable = false
debug ++ [String] type = timer
debug +++ [int] repeatCount = 0
debug +++ [int] currentCount = 60
debug +++ [Boolean] running = true
debug +++ [int] delay = 120000
debug +++ [int] repeatCount = 0
debug +++ [int] currentCount = 60
debug +++ [Boolean] running = true
debug +++ [int] delay = 120000
debug time 12:12:31.287 :: After HeartBeat Count=61 Result=5
debug time 12:14:32.56 :: Before HeartBeat Count=62 Time=Fri Apr 13 2012 12:14:32 GMT+0200 AccountId=29131007 Session=063c3046-ffb0-4ffa-ac2f-288c53b1a381
debug ++ [int] eventPhase = 2
debug ++ [Boolean] bubbles = false
debug ++ [Boolean] cancelable = false
debug ++ [String] type = timer
debug +++ [int] repeatCount = 0
debug +++ [int] currentCount = 61
debug +++ [Boolean] running = true
debug +++ [int] delay = 120000
debug +++ [int] repeatCount = 0
debug +++ [int] currentCount = 61
debug +++ [Boolean] running = true
debug +++ [int] delay = 120000
debug time 12:14:32.224 :: After HeartBeat Count=62 Result=5
debug time 12:16:32.55 :: Before HeartBeat Count=63 Time=Fri Apr 13 2012 12:16:32 GMT+0200 AccountId=29131007 Session=063c3046-ffb0-4ffa-ac2f-288c53b1a381
debug ++ [int] eventPhase = 2
debug ++ [Boolean] bubbles = false
debug ++ [Boolean] cancelable = false
debug ++ [String] type = timer
debug +++ [int] repeatCount = 0
debug +++ [int] currentCount = 62
debug +++ [Boolean] running = true
debug +++ [int] delay = 120000
debug +++ [int] repeatCount = 0
debug +++ [int] currentCount = 62
debug +++ [Boolean] running = true
debug +++ [int] delay = 120000
debug time 12:16:32.223 :: After HeartBeat Count=63 Result=5
debug time 12:18:32.56 :: Before HeartBeat Count=64 Time=Fri Apr 13 2012 12:18:32 GMT+0200 AccountId=29131007 Session=063c3046-ffb0-4ffa-ac2f-288c53b1a381
debug ++ [int] eventPhase = 2
debug ++ [Boolean] bubbles = false
debug ++ [Boolean] cancelable = false
debug ++ [String] type = timer
debug +++ [int] repeatCount = 0
debug +++ [int] currentCount = 63
debug +++ [Boolean] running = true
debug +++ [int] delay = 120000
debug +++ [int] repeatCount = 0
debug +++ [int] currentCount = 63
debug +++ [Boolean] running = true
debug +++ [int] delay = 120000
debug time 12:18:32.224 :: After HeartBeat Count=64 Result=5
debug time 12:20:32.57 :: Before HeartBeat Count=65 Time=Fri Apr 13 2012 12:20:32 GMT+0200 AccountId=29131007 Session=063c3046-ffb0-4ffa-ac2f-288c53b1a381
debug ++ [int] eventPhase = 2
debug ++ [Boolean] bubbles = false
debug ++ [Boolean] cancelable = false
debug ++ [String] type = timer
debug +++ [int] repeatCount = 0
debug +++ [int] currentCount = 64
debug +++ [Boolean] running = true
debug +++ [int] delay = 120000
debug +++ [int] repeatCount = 0
debug +++ [int] currentCount = 64
debug +++ [Boolean] running = true
debug +++ [int] delay = 120000
debug time 12:20:32.225 :: After HeartBeat Count=65 Result=5
debug time 12:22:32.58 :: Before HeartBeat Count=66 Time=Fri Apr 13 2012 12:22:32 GMT+0200 AccountId=29131007 Session=063c3046-ffb0-4ffa-ac2f-288c53b1a381
debug ++ [int] eventPhase = 2
debug ++ [Boolean] bubbles = false
debug ++ [Boolean] cancelable = false
debug ++ [String] type = timer
debug +++ [int] repeatCount = 0
debug +++ [int] currentCount = 65
debug +++ [Boolean] running = true
debug +++ [int] delay = 120000
debug +++ [int] repeatCount = 0
debug +++ [int] currentCount = 65
debug +++ [Boolean] running = true
debug +++ [int] delay = 120000
debug time 12:22:32.226 :: After HeartBeat Count=66 Result=5
debug time 12:24:32.56 :: Before HeartBeat Count=67 Time=Fri Apr 13 2012 12:24:32 GMT+0200 AccountId=29131007 Session=063c3046-ffb0-4ffa-ac2f-288c53b1a381
debug ++ [int] eventPhase = 2
debug ++ [Boolean] bubbles = false
debug ++ [Boolean] cancelable = false
debug ++ [String] type = timer
debug +++ [int] repeatCount = 0
debug +++ [int] currentCount = 66
debug +++ [Boolean] running = true
debug +++ [int] delay = 120000
debug +++ [int] repeatCount = 0
debug +++ [int] currentCount = 66
debug +++ [Boolean] running = true
debug +++ [int] delay = 120000
debug time 12:24:32.224 :: After HeartBeat Count=67 Result=5
debug time 12:26:32.85 :: Before HeartBeat Count=68 Time=Fri Apr 13 2012 12:26:32 GMT+0200 AccountId=29131007 Session=063c3046-ffb0-4ffa-ac2f-288c53b1a381
debug ++ [int] eventPhase = 2
debug ++ [Boolean] bubbles = false
debug ++ [Boolean] cancelable = false
debug ++ [String] type = timer
debug +++ [int] repeatCount = 0
debug +++ [int] currentCount = 67
debug +++ [Boolean] running = true
debug +++ [int] delay = 120000
debug +++ [int] repeatCount = 0
debug +++ [int] currentCount = 67
debug +++ [Boolean] running = true
debug +++ [int] delay = 120000
debug time 12:26:32.280 :: After HeartBeat Count=68 Result=5
debug time 12:28:33.56 :: Before HeartBeat Count=69 Time=Fri Apr 13 2012 12:28:33 GMT+0200 AccountId=29131007 Session=063c3046-ffb0-4ffa-ac2f-288c53b1a381
debug ++ [int] eventPhase = 2
debug ++ [Boolean] bubbles = false
debug ++ [Boolean] cancelable = false
debug ++ [String] type = timer
debug +++ [int] repeatCount = 0
debug +++ [int] currentCount = 68
debug +++ [Boolean] running = true
debug +++ [int] delay = 120000
debug +++ [int] repeatCount = 0
debug +++ [int] currentCount = 68
debug +++ [Boolean] running = true
debug +++ [int] delay = 120000
debug time 12:28:33.226 :: After HeartBeat Count=69 Result=5
debug time 12:28:52.503 :: Performing heartbeat at Fri Apr 13 2012 12:28:52 GMT+0200
debug time 12:30:33.60 :: Before HeartBeat Count=70 Time=Fri Apr 13 2012 12:30:33 GMT+0200 AccountId=29131007 Session=063c3046-ffb0-4ffa-ac2f-288c53b1a381
debug ++ [int] eventPhase = 2
debug ++ [Boolean] bubbles = false
debug ++ [Boolean] cancelable = false
debug ++ [String] type = timer
debug +++ [int] repeatCount = 0
debug +++ [int] currentCount = 69
debug +++ [Boolean] running = true
debug +++ [int] delay = 120000
debug +++ [int] repeatCount = 0
debug +++ [int] currentCount = 69
debug +++ [Boolean] running = true
debug +++ [int] delay = 120000
debug time 12:30:33.257 :: After HeartBeat Count=70 Result=5
debug time 12:32:33.93 :: Before HeartBeat Count=71 Time=Fri Apr 13 2012 12:32:33 GMT+0200 AccountId=29131007 Session=063c3046-ffb0-4ffa-ac2f-288c53b1a381
debug ++ [int] eventPhase = 2
debug ++ [Boolean] bubbles = false
debug ++ [Boolean] cancelable = false
debug ++ [String] type = timer
debug +++ [int] repeatCount = 0
debug +++ [int] currentCount = 70
debug +++ [Boolean] running = true
debug +++ [int] delay = 120000
debug +++ [int] repeatCount = 0
debug +++ [int] currentCount = 70
debug +++ [Boolean] running = true
debug +++ [int] delay = 120000
debug time 12:32:33.302 :: After HeartBeat Count=71 Result=5
debug time 12:34:33.851 :: Before HeartBeat Count=72 Time=Fri Apr 13 2012 12:34:33 GMT+0200 AccountId=29131007 Session=063c3046-ffb0-4ffa-ac2f-288c53b1a381
debug ++ [int] eventPhase = 2
debug ++ [Boolean] bubbles = false
debug ++ [Boolean] cancelable = false
debug ++ [String] type = timer
debug +++ [int] repeatCount = 0
debug +++ [int] currentCount = 71
debug +++ [Boolean] running = true
debug +++ [int] delay = 120000
debug +++ [int] repeatCount = 0
debug +++ [int] currentCount = 71
debug +++ [Boolean] running = true
debug +++ [int] delay = 120000
debug time 12:34:34.23 :: After HeartBeat Count=72 Result=5
debug time 12:36:34.880 :: Before HeartBeat Count=73 Time=Fri Apr 13 2012 12:36:34 GMT+0200 AccountId=29131007 Session=063c3046-ffb0-4ffa-ac2f-288c53b1a381
debug ++ [int] eventPhase = 2
debug ++ [Boolean] bubbles = false
debug ++ [Boolean] cancelable = false
debug ++ [String] type = timer
debug +++ [int] repeatCount = 0
debug +++ [int] currentCount = 72
debug +++ [Boolean] running = true
debug +++ [int] delay = 120000
debug +++ [int] repeatCount = 0
debug +++ [int] currentCount = 72
debug +++ [Boolean] running = true
debug +++ [int] delay = 120000
debug time 12:36:35.75 :: After HeartBeat Count=73 Result=5
debug time 12:38:35.868 :: Before HeartBeat Count=74 Time=Fri Apr 13 2012 12:38:35 GMT+0200 AccountId=29131007 Session=063c3046-ffb0-4ffa-ac2f-288c53b1a381
debug ++ [int] eventPhase = 2
debug ++ [Boolean] bubbles = false
debug ++ [Boolean] cancelable = false
debug ++ [String] type = timer
debug +++ [int] repeatCount = 0
debug +++ [int] currentCount = 73
debug +++ [Boolean] running = true
debug +++ [int] delay = 120000
debug +++ [int] repeatCount = 0
debug +++ [int] currentCount = 73
debug +++ [Boolean] running = true
debug +++ [int] delay = 120000
debug time 12:38:36.38 :: After HeartBeat Count=74 Result=5
debug time 12:40:36.845 :: Before HeartBeat Count=75 Time=Fri Apr 13 2012 12:40:36 GMT+0200 AccountId=29131007 Session=063c3046-ffb0-4ffa-ac2f-288c53b1a381
debug ++ [int] eventPhase = 2
debug ++ [Boolean] bubbles = false
debug ++ [Boolean] cancelable = false
debug ++ [String] type = timer
debug +++ [int] repeatCount = 0
debug +++ [int] currentCount = 74
debug +++ [Boolean] running = true
debug +++ [int] delay = 120000
debug +++ [int] repeatCount = 0
debug +++ [int] currentCount = 74
debug +++ [Boolean] running = true
debug +++ [int] delay = 120000
debug time 12:40:37.13 :: After HeartBeat Count=75 Result=5
debug time 12:42:36.845 :: Before HeartBeat Count=76 Time=Fri Apr 13 2012 12:42:36 GMT+0200 AccountId=29131007 Session=063c3046-ffb0-4ffa-ac2f-288c53b1a381
debug ++ [int] eventPhase = 2
debug ++ [Boolean] bubbles = false
debug ++ [Boolean] cancelable = false
debug ++ [String] type = timer
debug +++ [int] repeatCount = 0
debug +++ [int] currentCount = 75
debug +++ [Boolean] running = true
debug +++ [int] delay = 120000
debug +++ [int] repeatCount = 0
debug +++ [int] currentCount = 75
debug +++ [Boolean] running = true
debug +++ [int] delay = 120000
debug time 12:42:37.13 :: After HeartBeat Count=76 Result=5
debug time 12:44:36.845 :: Before HeartBeat Count=77 Time=Fri Apr 13 2012 12:44:36 GMT+0200 AccountId=29131007 Session=063c3046-ffb0-4ffa-ac2f-288c53b1a381
debug ++ [int] eventPhase = 2
debug ++ [Boolean] bubbles = false
debug ++ [Boolean] cancelable = false
debug ++ [String] type = timer
debug +++ [int] repeatCount = 0
debug +++ [int] currentCount = 76
debug +++ [Boolean] running = true
debug +++ [int] delay = 120000
debug +++ [int] repeatCount = 0
debug +++ [int] currentCount = 76
debug +++ [Boolean] running = true
debug +++ [int] delay = 120000
debug time 12:44:37.14 :: After HeartBeat Count=77 Result=5
debug time 12:46:36.844 :: Before HeartBeat Count=78 Time=Fri Apr 13 2012 12:46:36 GMT+0200 AccountId=29131007 Session=063c3046-ffb0-4ffa-ac2f-288c53b1a381
debug ++ [int] eventPhase = 2
debug ++ [Boolean] bubbles = false
debug ++ [Boolean] cancelable = false
debug ++ [String] type = timer
debug +++ [int] repeatCount = 0
debug +++ [int] currentCount = 77
debug +++ [Boolean] running = true
debug +++ [int] delay = 120000
debug +++ [int] repeatCount = 0
debug +++ [int] currentCount = 77
debug +++ [Boolean] running = true
debug +++ [int] delay = 120000
debug time 12:46:37.13 :: After HeartBeat Count=78 Result=5
debug time 12:48:36.842 :: Before HeartBeat Count=79 Time=Fri Apr 13 2012 12:48:36 GMT+0200 AccountId=29131007 Session=063c3046-ffb0-4ffa-ac2f-288c53b1a381
debug ++ [int] eventPhase = 2
debug ++ [Boolean] bubbles = false
debug ++ [Boolean] cancelable = false
debug ++ [String] type = timer
debug +++ [int] repeatCount = 0
debug +++ [int] currentCount = 78
debug +++ [Boolean] running = true
debug +++ [int] delay = 120000
debug +++ [int] repeatCount = 0
debug +++ [int] currentCount = 78
debug +++ [Boolean] running = true
debug +++ [int] delay = 120000
debug time 12:48:37.11 :: After HeartBeat Count=79 Result=5
debug time 12:50:36.844 :: Before HeartBeat Count=80 Time=Fri Apr 13 2012 12:50:36 GMT+0200 AccountId=29131007 Session=063c3046-ffb0-4ffa-ac2f-288c53b1a381
debug ++ [int] eventPhase = 2
debug ++ [Boolean] bubbles = false
debug ++ [Boolean] cancelable = false
debug ++ [String] type = timer
debug +++ [int] repeatCount = 0
debug +++ [int] currentCount = 79
debug +++ [Boolean] running = true
debug +++ [int] delay = 120000
debug +++ [int] repeatCount = 0
debug +++ [int] currentCount = 79
debug +++ [Boolean] running = true
debug +++ [int] delay = 120000
debug time 12:50:37.13 :: After HeartBeat Count=80 Result=5
debug time 12:52:37.874 :: Before HeartBeat Count=81 Time=Fri Apr 13 2012 12:52:37 GMT+0200 AccountId=29131007 Session=063c3046-ffb0-4ffa-ac2f-288c53b1a381
debug ++ [int] eventPhase = 2
debug ++ [Boolean] bubbles = false
debug ++ [Boolean] cancelable = false
debug ++ [String] type = timer
debug +++ [int] repeatCount = 0
debug +++ [int] currentCount = 80
debug +++ [Boolean] running = true
debug +++ [int] delay = 120000
debug +++ [int] repeatCount = 0
debug +++ [int] currentCount = 80
debug +++ [Boolean] running = true
debug +++ [int] delay = 120000
debug time 12:52:38.78 :: After HeartBeat Count=81 Result=5
debug time 12:54:38.878 :: Before HeartBeat Count=82 Time=Fri Apr 13 2012 12:54:38 GMT+0200 AccountId=29131007 Session=063c3046-ffb0-4ffa-ac2f-288c53b1a381
debug ++ [int] eventPhase = 2
debug ++ [Boolean] bubbles = false
debug ++ [Boolean] cancelable = false
debug ++ [String] type = timer
debug +++ [int] repeatCount = 0
debug +++ [int] currentCount = 81
debug +++ [Boolean] running = true
debug +++ [int] delay = 120000
debug +++ [int] repeatCount = 0
debug +++ [int] currentCount = 81
debug +++ [Boolean] running = true
debug +++ [int] delay = 120000
debug time 12:54:39.73 :: After HeartBeat Count=82 Result=5
debug time 12:56:39.875 :: Before HeartBeat Count=83 Time=Fri Apr 13 2012 12:56:39 GMT+0200 AccountId=29131007 Session=063c3046-ffb0-4ffa-ac2f-288c53b1a381
debug ++ [int] eventPhase = 2
debug ++ [Boolean] bubbles = false
debug ++ [Boolean] cancelable = false
debug ++ [String] type = timer
debug +++ [int] repeatCount = 0
debug +++ [int] currentCount = 82
debug +++ [Boolean] running = true
debug +++ [int] delay = 120000
debug +++ [int] repeatCount = 0
debug +++ [int] currentCount = 82
debug +++ [Boolean] running = true
debug +++ [int] delay = 120000
debug time 12:56:40.74 :: After HeartBeat Count=83 Result=5
debug time 12:58:39.874 :: Before HeartBeat Count=84 Time=Fri Apr 13 2012 12:58:39 GMT+0200 AccountId=29131007 Session=063c3046-ffb0-4ffa-ac2f-288c53b1a381
debug ++ [int] eventPhase = 2
debug ++ [Boolean] bubbles = false
debug ++ [Boolean] cancelable = false
debug ++ [String] type = timer
debug +++ [int] repeatCount = 0
debug +++ [int] currentCount = 83
debug +++ [Boolean] running = true
debug +++ [int] delay = 120000
debug +++ [int] repeatCount = 0
debug +++ [int] currentCount = 83
debug +++ [Boolean] running = true
debug +++ [int] delay = 120000
debug time 12:58:40.74 :: After HeartBeat Count=84 Result=5
debug time 13:00:40.839 :: Before HeartBeat Count=85 Time=Fri Apr 13 2012 13:00:40 GMT+0200 AccountId=29131007 Session=063c3046-ffb0-4ffa-ac2f-288c53b1a381
debug ++ [int] eventPhase = 2
debug ++ [Boolean] bubbles = false
debug ++ [Boolean] cancelable = false
debug ++ [String] type = timer
debug +++ [int] repeatCount = 0
debug +++ [int] currentCount = 84
debug +++ [Boolean] running = true
debug +++ [int] delay = 120000
debug +++ [int] repeatCount = 0
debug +++ [int] currentCount = 84
debug +++ [Boolean] running = true
debug +++ [int] delay = 120000
debug time 13:00:41.07 :: After HeartBeat Count=85 Result=5
debug time 13:02:40.840 :: Before HeartBeat Count=86 Time=Fri Apr 13 2012 13:02:40 GMT+0200 AccountId=29131007 Session=063c3046-ffb0-4ffa-ac2f-288c53b1a381
debug ++ [int] eventPhase = 2
debug ++ [Boolean] bubbles = false
debug ++ [Boolean] cancelable = false
debug ++ [String] type = timer
debug +++ [int] repeatCount = 0
debug +++ [int] currentCount = 85
debug +++ [Boolean] running = true
debug +++ [int] delay = 120000
debug +++ [int] repeatCount = 0
debug +++ [int] currentCount = 85
debug +++ [Boolean] running = true
debug +++ [int] delay = 120000
debug time 13:02:41.09 :: After HeartBeat Count=86 Result=5
debug time 13:04:40.838 :: Before HeartBeat Count=87 Time=Fri Apr 13 2012 13:04:40 GMT+0200 AccountId=29131007 Session=063c3046-ffb0-4ffa-ac2f-288c53b1a381
debug ++ [int] eventPhase = 2
debug ++ [Boolean] bubbles = false
debug ++ [Boolean] cancelable = false
debug ++ [String] type = timer
debug +++ [int] repeatCount = 0
debug +++ [int] currentCount = 86
debug +++ [Boolean] running = true
debug +++ [int] delay = 120000
debug +++ [int] repeatCount = 0
debug +++ [int] currentCount = 86
debug +++ [Boolean] running = true
debug +++ [int] delay = 120000
debug time 13:04:41.09 :: After HeartBeat Count=87 Result=5
debug time 13:04:44.564 :: Performing heartbeat at Fri Apr 13 2012 13:04:44 GMT+0200
