debug time 17:00:58.865 :: Before HeartBeat Count=1 Time=Wed Apr 11 2012 17:00:58 GMT+0200 AccountId=29131007 Session=7e4cc06e-2d07-4752-8113-ffffcad68593
STOP LOGGING: More than 0 nested objects or properties. 
debug time 17:00:59.214 :: After HeartBeat Count=1 Result=5
debug time 17:02:58.884 :: Before HeartBeat Count=2 Time=Wed Apr 11 2012 17:02:58 GMT+0200 AccountId=29131007 Session=7e4cc06e-2d07-4752-8113-ffffcad68593
debug ++ [int] eventPhase = 2
debug ++ [Boolean] bubbles = false
debug ++ [Boolean] cancelable = false
debug ++ [String] type = timer
debug +++ [int] repeatCount = 0
debug +++ [int] currentCount = 1
debug +++ [Boolean] running = true
debug +++ [int] delay = 120000
debug +++ [int] repeatCount = 0
debug +++ [int] currentCount = 1
debug +++ [Boolean] running = true
debug +++ [int] delay = 120000
debug time 17:02:59.85 :: After HeartBeat Count=2 Result=5
debug time 17:04:59.776 :: Before HeartBeat Count=3 Time=Wed Apr 11 2012 17:04:59 GMT+0200 AccountId=29131007 Session=7e4cc06e-2d07-4752-8113-ffffcad68593
debug ++ [int] eventPhase = 2
debug ++ [Boolean] bubbles = false
debug ++ [Boolean] cancelable = false
debug ++ [String] type = timer
debug +++ [int] repeatCount = 0
debug +++ [int] currentCount = 2
debug +++ [Boolean] running = true
debug +++ [int] delay = 120000
debug +++ [int] repeatCount = 0
debug +++ [int] currentCount = 2
debug +++ [Boolean] running = true
debug +++ [int] delay = 120000
debug time 17:04:59.945 :: After HeartBeat Count=3 Result=5
debug time 17:07:00.776 :: Before HeartBeat Count=4 Time=Wed Apr 11 2012 17:07:00 GMT+0200 AccountId=29131007 Session=7e4cc06e-2d07-4752-8113-ffffcad68593
debug ++ [int] eventPhase = 2
debug ++ [Boolean] bubbles = false
debug ++ [Boolean] cancelable = false
debug ++ [String] type = timer
debug +++ [int] repeatCount = 0
debug +++ [int] currentCount = 3
debug +++ [Boolean] running = true
debug +++ [int] delay = 120000
debug +++ [int] repeatCount = 0
debug +++ [int] currentCount = 3
debug +++ [Boolean] running = true
debug +++ [int] delay = 120000
debug time 17:07:00.947 :: After HeartBeat Count=4 Result=5
debug time 17:09:01.773 :: Before HeartBeat Count=5 Time=Wed Apr 11 2012 17:09:01 GMT+0200 AccountId=29131007 Session=7e4cc06e-2d07-4752-8113-ffffcad68593
debug ++ [int] eventPhase = 2
debug ++ [Boolean] bubbles = false
debug ++ [Boolean] cancelable = false
debug ++ [String] type = timer
debug +++ [int] repeatCount = 0
debug +++ [int] currentCount = 4
debug +++ [Boolean] running = true
debug +++ [int] delay = 120000
debug +++ [int] repeatCount = 0
debug +++ [int] currentCount = 4
debug +++ [Boolean] running = true
debug +++ [int] delay = 120000
debug time 17:09:01.941 :: After HeartBeat Count=5 Result=5
debug time 17:11:01.784 :: Before HeartBeat Count=6 Time=Wed Apr 11 2012 17:11:01 GMT+0200 AccountId=29131007 Session=7e4cc06e-2d07-4752-8113-ffffcad68593
debug ++ [int] eventPhase = 2
debug ++ [Boolean] bubbles = false
debug ++ [Boolean] cancelable = false
debug ++ [String] type = timer
debug +++ [int] repeatCount = 0
debug +++ [int] currentCount = 5
debug +++ [Boolean] running = true
debug +++ [int] delay = 120000
debug +++ [int] repeatCount = 0
debug +++ [int] currentCount = 5
debug +++ [Boolean] running = true
debug +++ [int] delay = 120000
debug time 17:11:01.969 :: After HeartBeat Count=6 Result=5
debug time 17:13:02.774 :: Before HeartBeat Count=7 Time=Wed Apr 11 2012 17:13:02 GMT+0200 AccountId=29131007 Session=7e4cc06e-2d07-4752-8113-ffffcad68593
debug ++ [int] eventPhase = 2
debug ++ [Boolean] bubbles = false
debug ++ [Boolean] cancelable = false
debug ++ [String] type = timer
debug +++ [int] repeatCount = 0
debug +++ [int] currentCount = 6
debug +++ [Boolean] running = true
debug +++ [int] delay = 120000
debug +++ [int] repeatCount = 0
debug +++ [int] currentCount = 6
debug +++ [Boolean] running = true
debug +++ [int] delay = 120000
debug time 17:13:02.945 :: After HeartBeat Count=7 Result=5
debug time 17:15:02.774 :: Before HeartBeat Count=8 Time=Wed Apr 11 2012 17:15:02 GMT+0200 AccountId=29131007 Session=7e4cc06e-2d07-4752-8113-ffffcad68593
debug ++ [int] eventPhase = 2
debug ++ [Boolean] bubbles = false
debug ++ [Boolean] cancelable = false
debug ++ [String] type = timer
debug +++ [int] repeatCount = 0
debug +++ [int] currentCount = 7
debug +++ [Boolean] running = true
debug +++ [int] delay = 120000
debug +++ [int] repeatCount = 0
debug +++ [int] currentCount = 7
debug +++ [Boolean] running = true
debug +++ [int] delay = 120000
debug time 17:15:02.943 :: After HeartBeat Count=8 Result=5
debug time 17:17:02.774 :: Before HeartBeat Count=9 Time=Wed Apr 11 2012 17:17:02 GMT+0200 AccountId=29131007 Session=7e4cc06e-2d07-4752-8113-ffffcad68593
debug ++ [int] eventPhase = 2
debug ++ [Boolean] bubbles = false
debug ++ [Boolean] cancelable = false
debug ++ [String] type = timer
debug +++ [int] repeatCount = 0
debug +++ [int] currentCount = 8
debug +++ [Boolean] running = true
debug +++ [int] delay = 120000
debug +++ [int] repeatCount = 0
debug +++ [int] currentCount = 8
debug +++ [Boolean] running = true
debug +++ [int] delay = 120000
debug time 17:17:02.942 :: After HeartBeat Count=9 Result=5
debug time 17:19:02.773 :: Before HeartBeat Count=10 Time=Wed Apr 11 2012 17:19:02 GMT+0200 AccountId=29131007 Session=7e4cc06e-2d07-4752-8113-ffffcad68593
debug ++ [int] eventPhase = 2
debug ++ [Boolean] bubbles = false
debug ++ [Boolean] cancelable = false
debug ++ [String] type = timer
debug +++ [int] repeatCount = 0
debug +++ [int] currentCount = 9
debug +++ [Boolean] running = true
debug +++ [int] delay = 120000
debug +++ [int] repeatCount = 0
debug +++ [int] currentCount = 9
debug +++ [Boolean] running = true
debug +++ [int] delay = 120000
debug time 17:19:02.941 :: After HeartBeat Count=10 Result=5
debug time 17:21:02.773 :: Before HeartBeat Count=11 Time=Wed Apr 11 2012 17:21:02 GMT+0200 AccountId=29131007 Session=7e4cc06e-2d07-4752-8113-ffffcad68593
debug ++ [int] eventPhase = 2
debug ++ [Boolean] bubbles = false
debug ++ [Boolean] cancelable = false
debug ++ [String] type = timer
debug +++ [int] repeatCount = 0
debug +++ [int] currentCount = 10
debug +++ [Boolean] running = true
debug +++ [int] delay = 120000
debug +++ [int] repeatCount = 0
debug +++ [int] currentCount = 10
debug +++ [Boolean] running = true
debug +++ [int] delay = 120000
debug time 17:21:02.940 :: After HeartBeat Count=11 Result=5
debug time 17:23:03.783 :: Before HeartBeat Count=12 Time=Wed Apr 11 2012 17:23:03 GMT+0200 AccountId=29131007 Session=7e4cc06e-2d07-4752-8113-ffffcad68593
debug ++ [int] eventPhase = 2
debug ++ [Boolean] bubbles = false
debug ++ [Boolean] cancelable = false
debug ++ [String] type = timer
debug +++ [int] repeatCount = 0
debug +++ [int] currentCount = 11
debug +++ [Boolean] running = true
debug +++ [int] delay = 120000
debug +++ [int] repeatCount = 0
debug +++ [int] currentCount = 11
debug +++ [Boolean] running = true
debug +++ [int] delay = 120000
debug time 17:23:03.973 :: After HeartBeat Count=12 Result=5
debug time 17:25:03.783 :: Before HeartBeat Count=13 Time=Wed Apr 11 2012 17:25:03 GMT+0200 AccountId=29131007 Session=7e4cc06e-2d07-4752-8113-ffffcad68593
debug ++ [int] eventPhase = 2
debug ++ [Boolean] bubbles = false
debug ++ [Boolean] cancelable = false
debug ++ [String] type = timer
debug +++ [int] repeatCount = 0
debug +++ [int] currentCount = 12
debug +++ [Boolean] running = true
debug +++ [int] delay = 120000
debug +++ [int] repeatCount = 0
debug +++ [int] currentCount = 12
debug +++ [Boolean] running = true
debug +++ [int] delay = 120000
debug time 17:25:03.962 :: After HeartBeat Count=13 Result=5
debug time 17:27:04.773 :: Before HeartBeat Count=14 Time=Wed Apr 11 2012 17:27:04 GMT+0200 AccountId=29131007 Session=7e4cc06e-2d07-4752-8113-ffffcad68593
debug ++ [int] eventPhase = 2
debug ++ [Boolean] bubbles = false
debug ++ [Boolean] cancelable = false
debug ++ [String] type = timer
debug +++ [int] repeatCount = 0
debug +++ [int] currentCount = 13
debug +++ [Boolean] running = true
debug +++ [int] delay = 120000
debug +++ [int] repeatCount = 0
debug +++ [int] currentCount = 13
debug +++ [Boolean] running = true
debug +++ [int] delay = 120000
debug time 17:27:04.943 :: After HeartBeat Count=14 Result=5
debug time 17:29:04.774 :: Before HeartBeat Count=15 Time=Wed Apr 11 2012 17:29:04 GMT+0200 AccountId=29131007 Session=7e4cc06e-2d07-4752-8113-ffffcad68593
debug ++ [int] eventPhase = 2
debug ++ [Boolean] bubbles = false
debug ++ [Boolean] cancelable = false
debug ++ [String] type = timer
debug +++ [int] repeatCount = 0
debug +++ [int] currentCount = 14
debug +++ [Boolean] running = true
debug +++ [int] delay = 120000
debug +++ [int] repeatCount = 0
debug +++ [int] currentCount = 14
debug +++ [Boolean] running = true
debug +++ [int] delay = 120000
debug time 17:29:04.942 :: After HeartBeat Count=15 Result=5
debug time 17:31:04.774 :: Before HeartBeat Count=16 Time=Wed Apr 11 2012 17:31:04 GMT+0200 AccountId=29131007 Session=7e4cc06e-2d07-4752-8113-ffffcad68593
debug ++ [int] eventPhase = 2
debug ++ [Boolean] bubbles = false
debug ++ [Boolean] cancelable = false
debug ++ [String] type = timer
debug +++ [int] repeatCount = 0
debug +++ [int] currentCount = 15
debug +++ [Boolean] running = true
debug +++ [int] delay = 120000
debug +++ [int] repeatCount = 0
debug +++ [int] currentCount = 15
debug +++ [Boolean] running = true
debug +++ [int] delay = 120000
debug time 17:31:04.943 :: After HeartBeat Count=16 Result=5
debug time 17:33:04.774 :: Before HeartBeat Count=17 Time=Wed Apr 11 2012 17:33:04 GMT+0200 AccountId=29131007 Session=7e4cc06e-2d07-4752-8113-ffffcad68593
debug ++ [int] eventPhase = 2
debug ++ [Boolean] bubbles = false
debug ++ [Boolean] cancelable = false
debug ++ [String] type = timer
debug +++ [int] repeatCount = 0
debug +++ [int] currentCount = 16
debug +++ [Boolean] running = true
debug +++ [int] delay = 120000
debug +++ [int] repeatCount = 0
debug +++ [int] currentCount = 16
debug +++ [Boolean] running = true
debug +++ [int] delay = 120000
debug time 17:33:04.943 :: After HeartBeat Count=17 Result=5
debug time 17:35:04.774 :: Before HeartBeat Count=18 Time=Wed Apr 11 2012 17:35:04 GMT+0200 AccountId=29131007 Session=7e4cc06e-2d07-4752-8113-ffffcad68593
debug ++ [int] eventPhase = 2
debug ++ [Boolean] bubbles = false
debug ++ [Boolean] cancelable = false
debug ++ [String] type = timer
debug +++ [int] repeatCount = 0
debug +++ [int] currentCount = 17
debug +++ [Boolean] running = true
debug +++ [int] delay = 120000
debug +++ [int] repeatCount = 0
debug +++ [int] currentCount = 17
debug +++ [Boolean] running = true
debug +++ [int] delay = 120000
debug time 17:35:04.943 :: After HeartBeat Count=18 Result=5
debug time 17:37:05.773 :: Before HeartBeat Count=19 Time=Wed Apr 11 2012 17:37:05 GMT+0200 AccountId=29131007 Session=7e4cc06e-2d07-4752-8113-ffffcad68593
debug ++ [int] eventPhase = 2
debug ++ [Boolean] bubbles = false
debug ++ [Boolean] cancelable = false
debug ++ [String] type = timer
debug +++ [int] repeatCount = 0
debug +++ [int] currentCount = 18
debug +++ [Boolean] running = true
debug +++ [int] delay = 120000
debug +++ [int] repeatCount = 0
debug +++ [int] currentCount = 18
debug +++ [Boolean] running = true
debug +++ [int] delay = 120000
debug time 17:37:05.951 :: After HeartBeat Count=19 Result=5
debug time 17:39:05.784 :: Before HeartBeat Count=20 Time=Wed Apr 11 2012 17:39:05 GMT+0200 AccountId=29131007 Session=7e4cc06e-2d07-4752-8113-ffffcad68593
debug ++ [int] eventPhase = 2
debug ++ [Boolean] bubbles = false
debug ++ [Boolean] cancelable = false
debug ++ [String] type = timer
debug +++ [int] repeatCount = 0
debug +++ [int] currentCount = 19
debug +++ [Boolean] running = true
debug +++ [int] delay = 120000
debug +++ [int] repeatCount = 0
debug +++ [int] currentCount = 19
debug +++ [Boolean] running = true
debug +++ [int] delay = 120000
debug time 17:39:05.953 :: After HeartBeat Count=20 Result=5
debug time 17:39:19.136 :: Performing heartbeat at Wed Apr 11 2012 17:39:19 GMT+0200
debug time 17:41:05.814 :: Before HeartBeat Count=21 Time=Wed Apr 11 2012 17:41:05 GMT+0200 AccountId=29131007 Session=7e4cc06e-2d07-4752-8113-ffffcad68593
debug ++ [int] eventPhase = 2
debug ++ [Boolean] bubbles = false
debug ++ [Boolean] cancelable = false
debug ++ [String] type = timer
debug +++ [int] repeatCount = 0
debug +++ [int] currentCount = 20
debug +++ [Boolean] running = true
debug +++ [int] delay = 120000
debug +++ [int] repeatCount = 0
debug +++ [int] currentCount = 20
debug +++ [Boolean] running = true
debug +++ [int] delay = 120000
debug time 17:41:06.08 :: After HeartBeat Count=21 Result=5
debug time 17:43:06.804 :: Before HeartBeat Count=22 Time=Wed Apr 11 2012 17:43:06 GMT+0200 AccountId=29131007 Session=7e4cc06e-2d07-4752-8113-ffffcad68593
debug ++ [int] eventPhase = 2
debug ++ [Boolean] bubbles = false
debug ++ [Boolean] cancelable = false
debug ++ [String] type = timer
debug +++ [int] repeatCount = 0
debug +++ [int] currentCount = 21
debug +++ [Boolean] running = true
debug +++ [int] delay = 120000
debug +++ [int] repeatCount = 0
debug +++ [int] currentCount = 21
debug +++ [Boolean] running = true
debug +++ [int] delay = 120000
debug time 17:43:06.973 :: After HeartBeat Count=22 Result=5
debug time 17:45:06.821 :: Before HeartBeat Count=23 Time=Wed Apr 11 2012 17:45:06 GMT+0200 AccountId=29131007 Session=7e4cc06e-2d07-4752-8113-ffffcad68593
debug ++ [int] eventPhase = 2
debug ++ [Boolean] bubbles = false
debug ++ [Boolean] cancelable = false
debug ++ [String] type = timer
debug +++ [int] repeatCount = 0
debug +++ [int] currentCount = 22
debug +++ [Boolean] running = true
debug +++ [int] delay = 120000
debug +++ [int] repeatCount = 0
debug +++ [int] currentCount = 22
debug +++ [Boolean] running = true
debug +++ [int] delay = 120000
debug time 17:45:07.05 :: After HeartBeat Count=23 Result=5
debug time 17:47:07.806 :: Before HeartBeat Count=24 Time=Wed Apr 11 2012 17:47:07 GMT+0200 AccountId=29131007 Session=7e4cc06e-2d07-4752-8113-ffffcad68593
debug ++ [int] eventPhase = 2
debug ++ [Boolean] bubbles = false
debug ++ [Boolean] cancelable = false
debug ++ [String] type = timer
debug +++ [int] repeatCount = 0
debug +++ [int] currentCount = 23
debug +++ [Boolean] running = true
debug +++ [int] delay = 120000
debug +++ [int] repeatCount = 0
debug +++ [int] currentCount = 23
debug +++ [Boolean] running = true
debug +++ [int] delay = 120000
debug time 17:47:07.975 :: After HeartBeat Count=24 Result=5
debug time 17:49:07.806 :: Before HeartBeat Count=25 Time=Wed Apr 11 2012 17:49:07 GMT+0200 AccountId=29131007 Session=7e4cc06e-2d07-4752-8113-ffffcad68593
debug ++ [int] eventPhase = 2
debug ++ [Boolean] bubbles = false
debug ++ [Boolean] cancelable = false
debug ++ [String] type = timer
debug +++ [int] repeatCount = 0
debug +++ [int] currentCount = 24
debug +++ [Boolean] running = true
debug +++ [int] delay = 120000
debug +++ [int] repeatCount = 0
debug +++ [int] currentCount = 24
debug +++ [Boolean] running = true
debug +++ [int] delay = 120000
debug time 17:49:07.974 :: After HeartBeat Count=25 Result=5
debug time 17:51:07.806 :: Before HeartBeat Count=26 Time=Wed Apr 11 2012 17:51:07 GMT+0200 AccountId=29131007 Session=7e4cc06e-2d07-4752-8113-ffffcad68593
debug ++ [int] eventPhase = 2
debug ++ [Boolean] bubbles = false
debug ++ [Boolean] cancelable = false
debug ++ [String] type = timer
debug +++ [int] repeatCount = 0
debug +++ [int] currentCount = 25
debug +++ [Boolean] running = true
debug +++ [int] delay = 120000
debug +++ [int] repeatCount = 0
debug +++ [int] currentCount = 25
debug +++ [Boolean] running = true
debug +++ [int] delay = 120000
debug time 17:51:07.976 :: After HeartBeat Count=26 Result=5
debug time 17:53:08.804 :: Before HeartBeat Count=27 Time=Wed Apr 11 2012 17:53:08 GMT+0200 AccountId=29131007 Session=7e4cc06e-2d07-4752-8113-ffffcad68593
debug ++ [int] eventPhase = 2
debug ++ [Boolean] bubbles = false
debug ++ [Boolean] cancelable = false
debug ++ [String] type = timer
debug +++ [int] repeatCount = 0
debug +++ [int] currentCount = 26
debug +++ [Boolean] running = true
debug +++ [int] delay = 120000
debug +++ [int] repeatCount = 0
debug +++ [int] currentCount = 26
debug +++ [Boolean] running = true
debug +++ [int] delay = 120000
debug time 17:53:08.974 :: After HeartBeat Count=27 Result=5
debug time 17:55:08.808 :: Before HeartBeat Count=28 Time=Wed Apr 11 2012 17:55:08 GMT+0200 AccountId=29131007 Session=7e4cc06e-2d07-4752-8113-ffffcad68593
debug ++ [int] eventPhase = 2
debug ++ [Boolean] bubbles = false
debug ++ [Boolean] cancelable = false
debug ++ [String] type = timer
debug +++ [int] repeatCount = 0
debug +++ [int] currentCount = 27
debug +++ [Boolean] running = true
debug +++ [int] delay = 120000
debug +++ [int] repeatCount = 0
debug +++ [int] currentCount = 27
debug +++ [Boolean] running = true
debug +++ [int] delay = 120000
debug time 17:55:08.979 :: After HeartBeat Count=28 Result=5
debug time 17:57:09.805 :: Before HeartBeat Count=29 Time=Wed Apr 11 2012 17:57:09 GMT+0200 AccountId=29131007 Session=7e4cc06e-2d07-4752-8113-ffffcad68593
debug ++ [int] eventPhase = 2
debug ++ [Boolean] bubbles = false
debug ++ [Boolean] cancelable = false
debug ++ [String] type = timer
debug +++ [int] repeatCount = 0
debug +++ [int] currentCount = 28
debug +++ [Boolean] running = true
debug +++ [int] delay = 120000
debug +++ [int] repeatCount = 0
debug +++ [int] currentCount = 28
debug +++ [Boolean] running = true
debug +++ [int] delay = 120000
debug time 17:57:09.974 :: After HeartBeat Count=29 Result=5
debug time 17:59:09.821 :: Before HeartBeat Count=30 Time=Wed Apr 11 2012 17:59:09 GMT+0200 AccountId=29131007 Session=7e4cc06e-2d07-4752-8113-ffffcad68593
debug ++ [int] eventPhase = 2
debug ++ [Boolean] bubbles = false
debug ++ [Boolean] cancelable = false
debug ++ [String] type = timer
debug +++ [int] repeatCount = 0
debug +++ [int] currentCount = 29
debug +++ [Boolean] running = true
debug +++ [int] delay = 120000
debug +++ [int] repeatCount = 0
debug +++ [int] currentCount = 29
debug +++ [Boolean] running = true
debug +++ [int] delay = 120000
debug time 17:59:10.20 :: After HeartBeat Count=30 Result=5
debug time 18:01:10.805 :: Before HeartBeat Count=31 Time=Wed Apr 11 2012 18:01:10 GMT+0200 AccountId=29131007 Session=7e4cc06e-2d07-4752-8113-ffffcad68593
debug ++ [int] eventPhase = 2
debug ++ [Boolean] bubbles = false
debug ++ [Boolean] cancelable = false
debug ++ [String] type = timer
debug +++ [int] repeatCount = 0
debug +++ [int] currentCount = 30
debug +++ [Boolean] running = true
debug +++ [int] delay = 120000
debug +++ [int] repeatCount = 0
debug +++ [int] currentCount = 30
debug +++ [Boolean] running = true
debug +++ [int] delay = 120000
debug time 18:01:10.974 :: After HeartBeat Count=31 Result=5
debug time 18:03:10.807 :: Before HeartBeat Count=32 Time=Wed Apr 11 2012 18:03:10 GMT+0200 AccountId=29131007 Session=7e4cc06e-2d07-4752-8113-ffffcad68593
debug ++ [int] eventPhase = 2
debug ++ [Boolean] bubbles = false
debug ++ [Boolean] cancelable = false
debug ++ [String] type = timer
debug +++ [int] repeatCount = 0
debug +++ [int] currentCount = 31
debug +++ [Boolean] running = true
debug +++ [int] delay = 120000
debug +++ [int] repeatCount = 0
debug +++ [int] currentCount = 31
debug +++ [Boolean] running = true
debug +++ [int] delay = 120000
debug time 18:03:10.976 :: After HeartBeat Count=32 Result=5
debug time 18:05:11.805 :: Before HeartBeat Count=33 Time=Wed Apr 11 2012 18:05:11 GMT+0200 AccountId=29131007 Session=7e4cc06e-2d07-4752-8113-ffffcad68593
debug ++ [int] eventPhase = 2
debug ++ [Boolean] bubbles = false
debug ++ [Boolean] cancelable = false
debug ++ [String] type = timer
debug +++ [int] repeatCount = 0
debug +++ [int] currentCount = 32
debug +++ [Boolean] running = true
debug +++ [int] delay = 120000
debug +++ [int] repeatCount = 0
debug +++ [int] currentCount = 32
debug +++ [Boolean] running = true
debug +++ [int] delay = 120000
debug time 18:05:11.974 :: After HeartBeat Count=33 Result=5
debug time 18:07:11.805 :: Before HeartBeat Count=34 Time=Wed Apr 11 2012 18:07:11 GMT+0200 AccountId=29131007 Session=7e4cc06e-2d07-4752-8113-ffffcad68593
debug ++ [int] eventPhase = 2
debug ++ [Boolean] bubbles = false
debug ++ [Boolean] cancelable = false
debug ++ [String] type = timer
debug +++ [int] repeatCount = 0
debug +++ [int] currentCount = 33
debug +++ [Boolean] running = true
debug +++ [int] delay = 120000
debug +++ [int] repeatCount = 0
debug +++ [int] currentCount = 33
debug +++ [Boolean] running = true
debug +++ [int] delay = 120000
debug time 18:07:11.974 :: After HeartBeat Count=34 Result=5
debug time 18:09:11.805 :: Before HeartBeat Count=35 Time=Wed Apr 11 2012 18:09:11 GMT+0200 AccountId=29131007 Session=7e4cc06e-2d07-4752-8113-ffffcad68593
debug ++ [int] eventPhase = 2
debug ++ [Boolean] bubbles = false
debug ++ [Boolean] cancelable = false
debug ++ [String] type = timer
debug +++ [int] repeatCount = 0
debug +++ [int] currentCount = 34
debug +++ [Boolean] running = true
debug +++ [int] delay = 120000
debug +++ [int] repeatCount = 0
debug +++ [int] currentCount = 34
debug +++ [Boolean] running = true
debug +++ [int] delay = 120000
debug time 18:09:12.06 :: After HeartBeat Count=35 Result=5
debug time 18:11:11.804 :: Before HeartBeat Count=36 Time=Wed Apr 11 2012 18:11:11 GMT+0200 AccountId=29131007 Session=7e4cc06e-2d07-4752-8113-ffffcad68593
debug ++ [int] eventPhase = 2
debug ++ [Boolean] bubbles = false
debug ++ [Boolean] cancelable = false
debug ++ [String] type = timer
debug +++ [int] repeatCount = 0
debug +++ [int] currentCount = 35
debug +++ [Boolean] running = true
debug +++ [int] delay = 120000
debug +++ [int] repeatCount = 0
debug +++ [int] currentCount = 35
debug +++ [Boolean] running = true
debug +++ [int] delay = 120000
debug time 18:11:11.974 :: After HeartBeat Count=36 Result=5
debug time 18:13:11.804 :: Before HeartBeat Count=37 Time=Wed Apr 11 2012 18:13:11 GMT+0200 AccountId=29131007 Session=7e4cc06e-2d07-4752-8113-ffffcad68593
debug ++ [int] eventPhase = 2
debug ++ [Boolean] bubbles = false
debug ++ [Boolean] cancelable = false
debug ++ [String] type = timer
debug +++ [int] repeatCount = 0
debug +++ [int] currentCount = 36
debug +++ [Boolean] running = true
debug +++ [int] delay = 120000
debug +++ [int] repeatCount = 0
debug +++ [int] currentCount = 36
debug +++ [Boolean] running = true
debug +++ [int] delay = 120000
debug time 18:13:11.973 :: After HeartBeat Count=37 Result=5
debug time 18:15:11.804 :: Before HeartBeat Count=38 Time=Wed Apr 11 2012 18:15:11 GMT+0200 AccountId=29131007 Session=7e4cc06e-2d07-4752-8113-ffffcad68593
debug ++ [int] eventPhase = 2
debug ++ [Boolean] bubbles = false
debug ++ [Boolean] cancelable = false
debug ++ [String] type = timer
debug +++ [int] repeatCount = 0
debug +++ [int] currentCount = 37
debug +++ [Boolean] running = true
debug +++ [int] delay = 120000
debug +++ [int] repeatCount = 0
debug +++ [int] currentCount = 37
debug +++ [Boolean] running = true
debug +++ [int] delay = 120000
debug time 18:15:11.972 :: After HeartBeat Count=38 Result=5
debug time 18:17:11.804 :: Before HeartBeat Count=39 Time=Wed Apr 11 2012 18:17:11 GMT+0200 AccountId=29131007 Session=7e4cc06e-2d07-4752-8113-ffffcad68593
debug ++ [int] eventPhase = 2
debug ++ [Boolean] bubbles = false
debug ++ [Boolean] cancelable = false
debug ++ [String] type = timer
debug +++ [int] repeatCount = 0
debug +++ [int] currentCount = 38
debug +++ [Boolean] running = true
debug +++ [int] delay = 120000
debug +++ [int] repeatCount = 0
debug +++ [int] currentCount = 38
debug +++ [Boolean] running = true
debug +++ [int] delay = 120000
debug time 18:17:11.975 :: After HeartBeat Count=39 Result=5
debug time 18:19:11.806 :: Before HeartBeat Count=40 Time=Wed Apr 11 2012 18:19:11 GMT+0200 AccountId=29131007 Session=7e4cc06e-2d07-4752-8113-ffffcad68593
debug ++ [int] eventPhase = 2
debug ++ [Boolean] bubbles = false
debug ++ [Boolean] cancelable = false
debug ++ [String] type = timer
debug +++ [int] repeatCount = 0
debug +++ [int] currentCount = 39
debug +++ [Boolean] running = true
debug +++ [int] delay = 120000
debug +++ [int] repeatCount = 0
debug +++ [int] currentCount = 39
debug +++ [Boolean] running = true
debug +++ [int] delay = 120000
debug time 18:19:11.976 :: After HeartBeat Count=40 Result=5
debug time 18:21:11.806 :: Before HeartBeat Count=41 Time=Wed Apr 11 2012 18:21:11 GMT+0200 AccountId=29131007 Session=7e4cc06e-2d07-4752-8113-ffffcad68593
debug ++ [int] eventPhase = 2
debug ++ [Boolean] bubbles = false
debug ++ [Boolean] cancelable = false
debug ++ [String] type = timer
debug +++ [int] repeatCount = 0
debug +++ [int] currentCount = 40
debug +++ [Boolean] running = true
debug +++ [int] delay = 120000
debug +++ [int] repeatCount = 0
debug +++ [int] currentCount = 40
debug +++ [Boolean] running = true
debug +++ [int] delay = 120000
debug time 18:21:11.980 :: After HeartBeat Count=41 Result=5
debug time 18:23:12.805 :: Before HeartBeat Count=42 Time=Wed Apr 11 2012 18:23:12 GMT+0200 AccountId=29131007 Session=7e4cc06e-2d07-4752-8113-ffffcad68593
debug ++ [int] eventPhase = 2
debug ++ [Boolean] bubbles = false
debug ++ [Boolean] cancelable = false
debug ++ [String] type = timer
debug +++ [int] repeatCount = 0
debug +++ [int] currentCount = 41
debug +++ [Boolean] running = true
debug +++ [int] delay = 120000
debug +++ [int] repeatCount = 0
debug +++ [int] currentCount = 41
debug +++ [Boolean] running = true
debug +++ [int] delay = 120000
debug time 18:23:12.974 :: After HeartBeat Count=42 Result=5
debug time 18:25:12.806 :: Before HeartBeat Count=43 Time=Wed Apr 11 2012 18:25:12 GMT+0200 AccountId=29131007 Session=7e4cc06e-2d07-4752-8113-ffffcad68593
debug ++ [int] eventPhase = 2
debug ++ [Boolean] bubbles = false
debug ++ [Boolean] cancelable = false
debug ++ [String] type = timer
debug +++ [int] repeatCount = 0
debug +++ [int] currentCount = 42
debug +++ [Boolean] running = true
debug +++ [int] delay = 120000
debug +++ [int] repeatCount = 0
debug +++ [int] currentCount = 42
debug +++ [Boolean] running = true
debug +++ [int] delay = 120000
debug time 18:25:12.974 :: After HeartBeat Count=43 Result=5
debug time 18:25:23.822 :: Performing heartbeat at Wed Apr 11 2012 18:25:23 GMT+0200
