debug time 23:04:09.583 :: Before HeartBeat Count=1 Time=Tue Dec 13 2011 23:04:09 GMT+0100 AccountId=28699575 Session=4baf6883-c443-420f-a30d-91a03a45c928
STOP LOGGING: More than 0 nested objects or properties. 
debug time 23:04:10.601 :: After HeartBeat Count=1 Result=5
debug time 23:07:09.778 :: Before HeartBeat Count=2 Time=Tue Dec 13 2011 23:07:09 GMT+0100 AccountId=28699575 Session=4baf6883-c443-420f-a30d-91a03a45c928
debug ++ [int] eventPhase = 2
debug ++ [Boolean] bubbles = false
debug ++ [Boolean] cancelable = false
debug ++ [String] type = timer
debug +++ [int] repeatCount = 0
debug +++ [int] currentCount = 1
debug +++ [Boolean] running = true
debug +++ [int] delay = 180000
debug +++ [int] repeatCount = 0
debug +++ [int] currentCount = 1
debug +++ [Boolean] running = true
debug +++ [int] delay = 180000
debug time 23:07:10.774 :: After HeartBeat Count=2 Result=5
debug time 23:10:09.776 :: Before HeartBeat Count=3 Time=Tue Dec 13 2011 23:10:09 GMT+0100 AccountId=28699575 Session=4baf6883-c443-420f-a30d-91a03a45c928
debug ++ [int] eventPhase = 2
debug ++ [Boolean] bubbles = false
debug ++ [Boolean] cancelable = false
debug ++ [String] type = timer
debug +++ [int] repeatCount = 0
debug +++ [int] currentCount = 2
debug +++ [Boolean] running = true
debug +++ [int] delay = 180000
debug +++ [int] repeatCount = 0
debug +++ [int] currentCount = 2
debug +++ [Boolean] running = true
debug +++ [int] delay = 180000
debug time 23:10:10.773 :: After HeartBeat Count=3 Result=5
debug time 23:13:09.776 :: Before HeartBeat Count=4 Time=Tue Dec 13 2011 23:13:09 GMT+0100 AccountId=28699575 Session=4baf6883-c443-420f-a30d-91a03a45c928
debug ++ [int] eventPhase = 2
debug ++ [Boolean] bubbles = false
debug ++ [Boolean] cancelable = false
debug ++ [String] type = timer
debug +++ [int] repeatCount = 0
debug +++ [int] currentCount = 3
debug +++ [Boolean] running = true
debug +++ [int] delay = 180000
debug +++ [int] repeatCount = 0
debug +++ [int] currentCount = 3
debug +++ [Boolean] running = true
debug +++ [int] delay = 180000
debug time 23:13:10.774 :: After HeartBeat Count=4 Result=5
debug time 23:16:09.779 :: Before HeartBeat Count=5 Time=Tue Dec 13 2011 23:16:09 GMT+0100 AccountId=28699575 Session=4baf6883-c443-420f-a30d-91a03a45c928
debug ++ [int] eventPhase = 2
debug ++ [Boolean] bubbles = false
debug ++ [Boolean] cancelable = false
debug ++ [String] type = timer
debug +++ [int] repeatCount = 0
debug +++ [int] currentCount = 4
debug +++ [Boolean] running = true
debug +++ [int] delay = 180000
debug +++ [int] repeatCount = 0
debug +++ [int] currentCount = 4
debug +++ [Boolean] running = true
debug +++ [int] delay = 180000
debug time 23:16:10.776 :: After HeartBeat Count=5 Result=5
debug time 23:19:09.782 :: Before HeartBeat Count=6 Time=Tue Dec 13 2011 23:19:09 GMT+0100 AccountId=28699575 Session=4baf6883-c443-420f-a30d-91a03a45c928
debug ++ [int] eventPhase = 2
debug ++ [Boolean] bubbles = false
debug ++ [Boolean] cancelable = false
debug ++ [String] type = timer
debug +++ [int] repeatCount = 0
debug +++ [int] currentCount = 5
debug +++ [Boolean] running = true
debug +++ [int] delay = 180000
debug +++ [int] repeatCount = 0
debug +++ [int] currentCount = 5
debug +++ [Boolean] running = true
debug +++ [int] delay = 180000
debug time 23:19:10.779 :: After HeartBeat Count=6 Result=5
debug time 23:22:10.785 :: Before HeartBeat Count=7 Time=Tue Dec 13 2011 23:22:10 GMT+0100 AccountId=28699575 Session=4baf6883-c443-420f-a30d-91a03a45c928
debug ++ [int] eventPhase = 2
debug ++ [Boolean] bubbles = false
debug ++ [Boolean] cancelable = false
debug ++ [String] type = timer
debug +++ [int] repeatCount = 0
debug +++ [int] currentCount = 6
debug +++ [Boolean] running = true
debug +++ [int] delay = 180000
debug +++ [int] repeatCount = 0
debug +++ [int] currentCount = 6
debug +++ [Boolean] running = true
debug +++ [int] delay = 180000
debug time 23:22:11.782 :: After HeartBeat Count=7 Result=5
debug time 23:25:10.787 :: Before HeartBeat Count=8 Time=Tue Dec 13 2011 23:25:10 GMT+0100 AccountId=28699575 Session=4baf6883-c443-420f-a30d-91a03a45c928
debug ++ [int] eventPhase = 2
debug ++ [Boolean] bubbles = false
debug ++ [Boolean] cancelable = false
debug ++ [String] type = timer
debug +++ [int] repeatCount = 0
debug +++ [int] currentCount = 7
debug +++ [Boolean] running = true
debug +++ [int] delay = 180000
debug +++ [int] repeatCount = 0
debug +++ [int] currentCount = 7
debug +++ [Boolean] running = true
debug +++ [int] delay = 180000
debug time 23:25:11.784 :: After HeartBeat Count=8 Result=5
debug time 23:28:10.812 :: Before HeartBeat Count=9 Time=Tue Dec 13 2011 23:28:10 GMT+0100 AccountId=28699575 Session=4baf6883-c443-420f-a30d-91a03a45c928
debug ++ [int] eventPhase = 2
debug ++ [Boolean] bubbles = false
debug ++ [Boolean] cancelable = false
debug ++ [String] type = timer
debug +++ [int] repeatCount = 0
debug +++ [int] currentCount = 8
debug +++ [Boolean] running = true
debug +++ [int] delay = 180000
debug +++ [int] repeatCount = 0
debug +++ [int] currentCount = 8
debug +++ [Boolean] running = true
debug +++ [int] delay = 180000
debug time 23:28:11.787 :: After HeartBeat Count=9 Result=5
debug time 23:31:11.784 :: Before HeartBeat Count=10 Time=Tue Dec 13 2011 23:31:11 GMT+0100 AccountId=28699575 Session=4baf6883-c443-420f-a30d-91a03a45c928
debug ++ [int] eventPhase = 2
debug ++ [Boolean] bubbles = false
debug ++ [Boolean] cancelable = false
debug ++ [String] type = timer
debug +++ [int] repeatCount = 0
debug +++ [int] currentCount = 9
debug +++ [Boolean] running = true
debug +++ [int] delay = 180000
debug +++ [int] repeatCount = 0
debug +++ [int] currentCount = 9
debug +++ [Boolean] running = true
debug +++ [int] delay = 180000
debug time 23:31:12.783 :: After HeartBeat Count=10 Result=5
debug time 23:34:11.787 :: Before HeartBeat Count=11 Time=Tue Dec 13 2011 23:34:11 GMT+0100 AccountId=28699575 Session=4baf6883-c443-420f-a30d-91a03a45c928
debug ++ [int] eventPhase = 2
debug ++ [Boolean] bubbles = false
debug ++ [Boolean] cancelable = false
debug ++ [String] type = timer
debug +++ [int] repeatCount = 0
debug +++ [int] currentCount = 10
debug +++ [Boolean] running = true
debug +++ [int] delay = 180000
debug +++ [int] repeatCount = 0
debug +++ [int] currentCount = 10
debug +++ [Boolean] running = true
debug +++ [int] delay = 180000
debug time 23:34:12.783 :: After HeartBeat Count=11 Result=5
debug time 23:37:11.789 :: Before HeartBeat Count=12 Time=Tue Dec 13 2011 23:37:11 GMT+0100 AccountId=28699575 Session=4baf6883-c443-420f-a30d-91a03a45c928
debug ++ [int] eventPhase = 2
debug ++ [Boolean] bubbles = false
debug ++ [Boolean] cancelable = false
debug ++ [String] type = timer
debug +++ [int] repeatCount = 0
debug +++ [int] currentCount = 11
debug +++ [Boolean] running = true
debug +++ [int] delay = 180000
debug +++ [int] repeatCount = 0
debug +++ [int] currentCount = 11
debug +++ [Boolean] running = true
debug +++ [int] delay = 180000
debug time 23:37:12.785 :: After HeartBeat Count=12 Result=5
debug time 23:40:11.791 :: Before HeartBeat Count=13 Time=Tue Dec 13 2011 23:40:11 GMT+0100 AccountId=28699575 Session=4baf6883-c443-420f-a30d-91a03a45c928
debug ++ [int] eventPhase = 2
debug ++ [Boolean] bubbles = false
debug ++ [Boolean] cancelable = false
debug ++ [String] type = timer
debug +++ [int] repeatCount = 0
debug +++ [int] currentCount = 12
debug +++ [Boolean] running = true
debug +++ [int] delay = 180000
debug +++ [int] repeatCount = 0
debug +++ [int] currentCount = 12
debug +++ [Boolean] running = true
debug +++ [int] delay = 180000
debug time 23:40:12.788 :: After HeartBeat Count=13 Result=5
debug time 23:43:11.821 :: Before HeartBeat Count=14 Time=Tue Dec 13 2011 23:43:11 GMT+0100 AccountId=28699575 Session=4baf6883-c443-420f-a30d-91a03a45c928
debug ++ [int] eventPhase = 2
debug ++ [Boolean] bubbles = false
debug ++ [Boolean] cancelable = false
debug ++ [String] type = timer
debug +++ [int] repeatCount = 0
debug +++ [int] currentCount = 13
debug +++ [Boolean] running = true
debug +++ [int] delay = 180000
debug +++ [int] repeatCount = 0
debug +++ [int] currentCount = 13
debug +++ [Boolean] running = true
debug +++ [int] delay = 180000
debug time 23:43:12.797 :: After HeartBeat Count=14 Result=5
debug time 23:45:38.30 :: Performing heartbeat at Tue Dec 13 2011 23:45:38 GMT+0100
debug time 23:46:11.852 :: Before HeartBeat Count=15 Time=Tue Dec 13 2011 23:46:11 GMT+0100 AccountId=28699575 Session=4baf6883-c443-420f-a30d-91a03a45c928
debug ++ [int] eventPhase = 2
debug ++ [Boolean] bubbles = false
debug ++ [Boolean] cancelable = false
debug ++ [String] type = timer
debug +++ [int] repeatCount = 0
debug +++ [int] currentCount = 14
debug +++ [Boolean] running = true
debug +++ [int] delay = 180000
debug +++ [int] repeatCount = 0
debug +++ [int] currentCount = 14
debug +++ [Boolean] running = true
debug +++ [int] delay = 180000
debug time 23:46:12.54 :: After HeartBeat Count=15 Result=5
