debug time 16:46:09.555 :: Before HeartBeat Count=1 Time=Wed Dec 28 2011 16:46:09 GMT+0100 AccountId=28699575 Session=a352acb2-01fb-40df-a799-a859628d2dc0
STOP LOGGING: More than 0 nested objects or properties. 
debug time 16:46:10.651 :: After HeartBeat Count=1 Result=5
debug time 16:48:09.564 :: Before HeartBeat Count=2 Time=Wed Dec 28 2011 16:48:09 GMT+0100 AccountId=28699575 Session=a352acb2-01fb-40df-a799-a859628d2dc0
debug ++ [int] eventPhase = 2
debug ++ [Boolean] bubbles = false
debug ++ [Boolean] cancelable = false
debug ++ [String] type = timer
debug +++ [int] repeatCount = 0
debug +++ [int] currentCount = 1
debug +++ [Boolean] running = true
debug +++ [int] delay = 120000
debug +++ [int] repeatCount = 0
debug +++ [int] currentCount = 1
debug +++ [Boolean] running = true
debug +++ [int] delay = 120000
debug time 16:48:09.765 :: After HeartBeat Count=2 Result=5
debug time 16:50:10.115 :: Before HeartBeat Count=3 Time=Wed Dec 28 2011 16:50:10 GMT+0100 AccountId=28699575 Session=a352acb2-01fb-40df-a799-a859628d2dc0
debug ++ [int] eventPhase = 2
debug ++ [Boolean] bubbles = false
debug ++ [Boolean] cancelable = false
debug ++ [String] type = timer
debug +++ [int] repeatCount = 0
debug +++ [int] currentCount = 2
debug +++ [Boolean] running = true
debug +++ [int] delay = 120000
debug +++ [int] repeatCount = 0
debug +++ [int] currentCount = 2
debug +++ [Boolean] running = true
debug +++ [int] delay = 120000
debug time 16:50:11.96 :: After HeartBeat Count=3 Result=5
debug time 16:52:11.103 :: Before HeartBeat Count=4 Time=Wed Dec 28 2011 16:52:11 GMT+0100 AccountId=28699575 Session=a352acb2-01fb-40df-a799-a859628d2dc0
debug ++ [int] eventPhase = 2
debug ++ [Boolean] bubbles = false
debug ++ [Boolean] cancelable = false
debug ++ [String] type = timer
debug +++ [int] repeatCount = 0
debug +++ [int] currentCount = 3
debug +++ [Boolean] running = true
debug +++ [int] delay = 120000
debug +++ [int] repeatCount = 0
debug +++ [int] currentCount = 3
debug +++ [Boolean] running = true
debug +++ [int] delay = 120000
debug time 16:52:12.98 :: After HeartBeat Count=4 Result=5
debug time 16:54:11.106 :: Before HeartBeat Count=5 Time=Wed Dec 28 2011 16:54:11 GMT+0100 AccountId=28699575 Session=a352acb2-01fb-40df-a799-a859628d2dc0
debug ++ [int] eventPhase = 2
debug ++ [Boolean] bubbles = false
debug ++ [Boolean] cancelable = false
debug ++ [String] type = timer
debug +++ [int] repeatCount = 0
debug +++ [int] currentCount = 4
debug +++ [Boolean] running = true
debug +++ [int] delay = 120000
debug +++ [int] repeatCount = 0
debug +++ [int] currentCount = 4
debug +++ [Boolean] running = true
debug +++ [int] delay = 120000
debug time 16:54:12.99 :: After HeartBeat Count=5 Result=5
debug time 16:56:12.108 :: Before HeartBeat Count=6 Time=Wed Dec 28 2011 16:56:12 GMT+0100 AccountId=28699575 Session=a352acb2-01fb-40df-a799-a859628d2dc0
debug ++ [int] eventPhase = 2
debug ++ [Boolean] bubbles = false
debug ++ [Boolean] cancelable = false
debug ++ [String] type = timer
debug +++ [int] repeatCount = 0
debug +++ [int] currentCount = 5
debug +++ [Boolean] running = true
debug +++ [int] delay = 120000
debug +++ [int] repeatCount = 0
debug +++ [int] currentCount = 5
debug +++ [Boolean] running = true
debug +++ [int] delay = 120000
debug time 16:56:13.100 :: After HeartBeat Count=6 Result=5
debug time 16:58:12.125 :: Before HeartBeat Count=7 Time=Wed Dec 28 2011 16:58:12 GMT+0100 AccountId=28699575 Session=a352acb2-01fb-40df-a799-a859628d2dc0
debug ++ [int] eventPhase = 2
debug ++ [Boolean] bubbles = false
debug ++ [Boolean] cancelable = false
debug ++ [String] type = timer
debug +++ [int] repeatCount = 0
debug +++ [int] currentCount = 6
debug +++ [Boolean] running = true
debug +++ [int] delay = 120000
debug +++ [int] repeatCount = 0
debug +++ [int] currentCount = 6
debug +++ [Boolean] running = true
debug +++ [int] delay = 120000
debug time 16:58:13.102 :: After HeartBeat Count=7 Result=5
debug time 17:00:13.106 :: Before HeartBeat Count=8 Time=Wed Dec 28 2011 17:00:13 GMT+0100 AccountId=28699575 Session=a352acb2-01fb-40df-a799-a859628d2dc0
debug ++ [int] eventPhase = 2
debug ++ [Boolean] bubbles = false
debug ++ [Boolean] cancelable = false
debug ++ [String] type = timer
debug +++ [int] repeatCount = 0
debug +++ [int] currentCount = 7
debug +++ [Boolean] running = true
debug +++ [int] delay = 120000
debug +++ [int] repeatCount = 0
debug +++ [int] currentCount = 7
debug +++ [Boolean] running = true
debug +++ [int] delay = 120000
debug time 17:00:14.103 :: After HeartBeat Count=8 Result=5
debug time 17:02:13.123 :: Before HeartBeat Count=9 Time=Wed Dec 28 2011 17:02:13 GMT+0100 AccountId=28699575 Session=a352acb2-01fb-40df-a799-a859628d2dc0
debug ++ [int] eventPhase = 2
debug ++ [Boolean] bubbles = false
debug ++ [Boolean] cancelable = false
debug ++ [String] type = timer
debug +++ [int] repeatCount = 0
debug +++ [int] currentCount = 8
debug +++ [Boolean] running = true
debug +++ [int] delay = 120000
debug +++ [int] repeatCount = 0
debug +++ [int] currentCount = 8
debug +++ [Boolean] running = true
debug +++ [int] delay = 120000
debug time 17:02:14.104 :: After HeartBeat Count=9 Result=5
debug time 17:04:14.114 :: Before HeartBeat Count=10 Time=Wed Dec 28 2011 17:04:14 GMT+0100 AccountId=28699575 Session=a352acb2-01fb-40df-a799-a859628d2dc0
debug ++ [int] eventPhase = 2
debug ++ [Boolean] bubbles = false
debug ++ [Boolean] cancelable = false
debug ++ [String] type = timer
debug +++ [int] repeatCount = 0
debug +++ [int] currentCount = 9
debug +++ [Boolean] running = true
debug +++ [int] delay = 120000
debug +++ [int] repeatCount = 0
debug +++ [int] currentCount = 9
debug +++ [Boolean] running = true
debug +++ [int] delay = 120000
debug time 17:04:15.107 :: After HeartBeat Count=10 Result=5
debug time 17:06:15.111 :: Before HeartBeat Count=11 Time=Wed Dec 28 2011 17:06:15 GMT+0100 AccountId=28699575 Session=a352acb2-01fb-40df-a799-a859628d2dc0
debug ++ [int] eventPhase = 2
debug ++ [Boolean] bubbles = false
debug ++ [Boolean] cancelable = false
debug ++ [String] type = timer
debug +++ [int] repeatCount = 0
debug +++ [int] currentCount = 10
debug +++ [Boolean] running = true
debug +++ [int] delay = 120000
debug +++ [int] repeatCount = 0
debug +++ [int] currentCount = 10
debug +++ [Boolean] running = true
debug +++ [int] delay = 120000
debug time 17:06:16.108 :: After HeartBeat Count=11 Result=5
debug time 17:08:15.113 :: Before HeartBeat Count=12 Time=Wed Dec 28 2011 17:08:15 GMT+0100 AccountId=28699575 Session=a352acb2-01fb-40df-a799-a859628d2dc0
debug ++ [int] eventPhase = 2
debug ++ [Boolean] bubbles = false
debug ++ [Boolean] cancelable = false
debug ++ [String] type = timer
debug +++ [int] repeatCount = 0
debug +++ [int] currentCount = 11
debug +++ [Boolean] running = true
debug +++ [int] delay = 120000
debug +++ [int] repeatCount = 0
debug +++ [int] currentCount = 11
debug +++ [Boolean] running = true
debug +++ [int] delay = 120000
debug time 17:08:16.110 :: After HeartBeat Count=12 Result=5
debug time 17:10:15.115 :: Before HeartBeat Count=13 Time=Wed Dec 28 2011 17:10:15 GMT+0100 AccountId=28699575 Session=a352acb2-01fb-40df-a799-a859628d2dc0
debug ++ [int] eventPhase = 2
debug ++ [Boolean] bubbles = false
debug ++ [Boolean] cancelable = false
debug ++ [String] type = timer
debug +++ [int] repeatCount = 0
debug +++ [int] currentCount = 12
debug +++ [Boolean] running = true
debug +++ [int] delay = 120000
debug +++ [int] repeatCount = 0
debug +++ [int] currentCount = 12
debug +++ [Boolean] running = true
debug +++ [int] delay = 120000
debug time 17:10:16.111 :: After HeartBeat Count=13 Result=5
debug time 17:12:16.116 :: Before HeartBeat Count=14 Time=Wed Dec 28 2011 17:12:16 GMT+0100 AccountId=28699575 Session=a352acb2-01fb-40df-a799-a859628d2dc0
debug ++ [int] eventPhase = 2
debug ++ [Boolean] bubbles = false
debug ++ [Boolean] cancelable = false
debug ++ [String] type = timer
debug +++ [int] repeatCount = 0
debug +++ [int] currentCount = 13
debug +++ [Boolean] running = true
debug +++ [int] delay = 120000
debug +++ [int] repeatCount = 0
debug +++ [int] currentCount = 13
debug +++ [Boolean] running = true
debug +++ [int] delay = 120000
debug time 17:12:17.113 :: After HeartBeat Count=14 Result=5
debug time 17:14:16.118 :: Before HeartBeat Count=15 Time=Wed Dec 28 2011 17:14:16 GMT+0100 AccountId=28699575 Session=a352acb2-01fb-40df-a799-a859628d2dc0
debug ++ [int] eventPhase = 2
debug ++ [Boolean] bubbles = false
debug ++ [Boolean] cancelable = false
debug ++ [String] type = timer
debug +++ [int] repeatCount = 0
debug +++ [int] currentCount = 14
debug +++ [Boolean] running = true
debug +++ [int] delay = 120000
debug +++ [int] repeatCount = 0
debug +++ [int] currentCount = 14
debug +++ [Boolean] running = true
debug +++ [int] delay = 120000
debug time 17:14:17.114 :: After HeartBeat Count=15 Result=5
debug time 17:16:16.119 :: Before HeartBeat Count=16 Time=Wed Dec 28 2011 17:16:16 GMT+0100 AccountId=28699575 Session=a352acb2-01fb-40df-a799-a859628d2dc0
debug ++ [int] eventPhase = 2
debug ++ [Boolean] bubbles = false
debug ++ [Boolean] cancelable = false
debug ++ [String] type = timer
debug +++ [int] repeatCount = 0
debug +++ [int] currentCount = 15
debug +++ [Boolean] running = true
debug +++ [int] delay = 120000
debug +++ [int] repeatCount = 0
debug +++ [int] currentCount = 15
debug +++ [Boolean] running = true
debug +++ [int] delay = 120000
debug time 17:16:17.116 :: After HeartBeat Count=16 Result=5
debug time 17:18:16.125 :: Before HeartBeat Count=17 Time=Wed Dec 28 2011 17:18:16 GMT+0100 AccountId=28699575 Session=a352acb2-01fb-40df-a799-a859628d2dc0
debug ++ [int] eventPhase = 2
debug ++ [Boolean] bubbles = false
debug ++ [Boolean] cancelable = false
debug ++ [String] type = timer
debug +++ [int] repeatCount = 0
debug +++ [int] currentCount = 16
debug +++ [Boolean] running = true
debug +++ [int] delay = 120000
debug +++ [int] repeatCount = 0
debug +++ [int] currentCount = 16
debug +++ [Boolean] running = true
debug +++ [int] delay = 120000
debug time 17:18:17.118 :: After HeartBeat Count=17 Result=5
debug time 17:20:17.122 :: Before HeartBeat Count=18 Time=Wed Dec 28 2011 17:20:17 GMT+0100 AccountId=28699575 Session=a352acb2-01fb-40df-a799-a859628d2dc0
debug ++ [int] eventPhase = 2
debug ++ [Boolean] bubbles = false
debug ++ [Boolean] cancelable = false
debug ++ [String] type = timer
debug +++ [int] repeatCount = 0
debug +++ [int] currentCount = 17
debug +++ [Boolean] running = true
debug +++ [int] delay = 120000
debug +++ [int] repeatCount = 0
debug +++ [int] currentCount = 17
debug +++ [Boolean] running = true
debug +++ [int] delay = 120000
debug time 17:20:18.119 :: After HeartBeat Count=18 Result=5
debug time 17:22:17.124 :: Before HeartBeat Count=19 Time=Wed Dec 28 2011 17:22:17 GMT+0100 AccountId=28699575 Session=a352acb2-01fb-40df-a799-a859628d2dc0
debug ++ [int] eventPhase = 2
debug ++ [Boolean] bubbles = false
debug ++ [Boolean] cancelable = false
debug ++ [String] type = timer
debug +++ [int] repeatCount = 0
debug +++ [int] currentCount = 18
debug +++ [Boolean] running = true
debug +++ [int] delay = 120000
debug +++ [int] repeatCount = 0
debug +++ [int] currentCount = 18
debug +++ [Boolean] running = true
debug +++ [int] delay = 120000
debug time 17:22:18.121 :: After HeartBeat Count=19 Result=5
debug time 17:23:16.124 :: Performing heartbeat at Wed Dec 28 2011 17:23:16 GMT+0100
debug time 17:24:17.134 :: Before HeartBeat Count=20 Time=Wed Dec 28 2011 17:24:17 GMT+0100 AccountId=28699575 Session=a352acb2-01fb-40df-a799-a859628d2dc0
debug ++ [int] eventPhase = 2
debug ++ [Boolean] bubbles = false
debug ++ [Boolean] cancelable = false
debug ++ [String] type = timer
debug +++ [int] repeatCount = 0
debug +++ [int] currentCount = 19
debug +++ [Boolean] running = true
debug +++ [int] delay = 120000
debug +++ [int] repeatCount = 0
debug +++ [int] currentCount = 19
debug +++ [Boolean] running = true
debug +++ [int] delay = 120000
debug time 17:24:17.465 :: After HeartBeat Count=20 Result=5
debug time 17:26:17.598 :: Before HeartBeat Count=21 Time=Wed Dec 28 2011 17:26:17 GMT+0100 AccountId=28699575 Session=a352acb2-01fb-40df-a799-a859628d2dc0
debug ++ [int] eventPhase = 2
debug ++ [Boolean] bubbles = false
debug ++ [Boolean] cancelable = false
debug ++ [String] type = timer
debug +++ [int] repeatCount = 0
debug +++ [int] currentCount = 20
debug +++ [Boolean] running = true
debug +++ [int] delay = 120000
debug +++ [int] repeatCount = 0
debug +++ [int] currentCount = 20
debug +++ [Boolean] running = true
debug +++ [int] delay = 120000
debug time 17:26:18.595 :: After HeartBeat Count=21 Result=5
debug time 17:28:17.605 :: Before HeartBeat Count=22 Time=Wed Dec 28 2011 17:28:17 GMT+0100 AccountId=28699575 Session=a352acb2-01fb-40df-a799-a859628d2dc0
debug ++ [int] eventPhase = 2
debug ++ [Boolean] bubbles = false
debug ++ [Boolean] cancelable = false
debug ++ [String] type = timer
debug +++ [int] repeatCount = 0
debug +++ [int] currentCount = 21
debug +++ [Boolean] running = true
debug +++ [int] delay = 120000
debug +++ [int] repeatCount = 0
debug +++ [int] currentCount = 21
debug +++ [Boolean] running = true
debug +++ [int] delay = 120000
debug time 17:28:18.597 :: After HeartBeat Count=22 Result=5
debug time 17:30:17.622 :: Before HeartBeat Count=23 Time=Wed Dec 28 2011 17:30:17 GMT+0100 AccountId=28699575 Session=a352acb2-01fb-40df-a799-a859628d2dc0
debug ++ [int] eventPhase = 2
debug ++ [Boolean] bubbles = false
debug ++ [Boolean] cancelable = false
debug ++ [String] type = timer
debug +++ [int] repeatCount = 0
debug +++ [int] currentCount = 22
debug +++ [Boolean] running = true
debug +++ [int] delay = 120000
debug +++ [int] repeatCount = 0
debug +++ [int] currentCount = 22
debug +++ [Boolean] running = true
debug +++ [int] delay = 120000
debug time 17:30:18.598 :: After HeartBeat Count=23 Result=5
debug time 17:32:18.603 :: Before HeartBeat Count=24 Time=Wed Dec 28 2011 17:32:18 GMT+0100 AccountId=28699575 Session=a352acb2-01fb-40df-a799-a859628d2dc0
debug ++ [int] eventPhase = 2
debug ++ [Boolean] bubbles = false
debug ++ [Boolean] cancelable = false
debug ++ [String] type = timer
debug +++ [int] repeatCount = 0
debug +++ [int] currentCount = 23
debug +++ [Boolean] running = true
debug +++ [int] delay = 120000
debug +++ [int] repeatCount = 0
debug +++ [int] currentCount = 23
debug +++ [Boolean] running = true
debug +++ [int] delay = 120000
debug time 17:32:19.600 :: After HeartBeat Count=24 Result=5
debug time 17:34:18.604 :: Before HeartBeat Count=25 Time=Wed Dec 28 2011 17:34:18 GMT+0100 AccountId=28699575 Session=a352acb2-01fb-40df-a799-a859628d2dc0
debug ++ [int] eventPhase = 2
debug ++ [Boolean] bubbles = false
debug ++ [Boolean] cancelable = false
debug ++ [String] type = timer
debug +++ [int] repeatCount = 0
debug +++ [int] currentCount = 24
debug +++ [Boolean] running = true
debug +++ [int] delay = 120000
debug +++ [int] repeatCount = 0
debug +++ [int] currentCount = 24
debug +++ [Boolean] running = true
debug +++ [int] delay = 120000
debug time 17:34:19.601 :: After HeartBeat Count=25 Result=5
debug time 17:36:18.606 :: Before HeartBeat Count=26 Time=Wed Dec 28 2011 17:36:18 GMT+0100 AccountId=28699575 Session=a352acb2-01fb-40df-a799-a859628d2dc0
debug ++ [int] eventPhase = 2
debug ++ [Boolean] bubbles = false
debug ++ [Boolean] cancelable = false
debug ++ [String] type = timer
debug +++ [int] repeatCount = 0
debug +++ [int] currentCount = 25
debug +++ [Boolean] running = true
debug +++ [int] delay = 120000
debug +++ [int] repeatCount = 0
debug +++ [int] currentCount = 25
debug +++ [Boolean] running = true
debug +++ [int] delay = 120000
debug time 17:36:19.603 :: After HeartBeat Count=26 Result=5
debug time 17:38:19.608 :: Before HeartBeat Count=27 Time=Wed Dec 28 2011 17:38:19 GMT+0100 AccountId=28699575 Session=a352acb2-01fb-40df-a799-a859628d2dc0
debug ++ [int] eventPhase = 2
debug ++ [Boolean] bubbles = false
debug ++ [Boolean] cancelable = false
debug ++ [String] type = timer
debug +++ [int] repeatCount = 0
debug +++ [int] currentCount = 26
debug +++ [Boolean] running = true
debug +++ [int] delay = 120000
debug +++ [int] repeatCount = 0
debug +++ [int] currentCount = 26
debug +++ [Boolean] running = true
debug +++ [int] delay = 120000
debug time 17:38:20.605 :: After HeartBeat Count=27 Result=5
debug time 17:40:19.611 :: Before HeartBeat Count=28 Time=Wed Dec 28 2011 17:40:19 GMT+0100 AccountId=28699575 Session=a352acb2-01fb-40df-a799-a859628d2dc0
debug ++ [int] eventPhase = 2
debug ++ [Boolean] bubbles = false
debug ++ [Boolean] cancelable = false
debug ++ [String] type = timer
debug +++ [int] repeatCount = 0
debug +++ [int] currentCount = 27
debug +++ [Boolean] running = true
debug +++ [int] delay = 120000
debug +++ [int] repeatCount = 0
debug +++ [int] currentCount = 27
debug +++ [Boolean] running = true
debug +++ [int] delay = 120000
debug time 17:40:20.605 :: After HeartBeat Count=28 Result=5
debug time 17:42:20.634 :: Before HeartBeat Count=29 Time=Wed Dec 28 2011 17:42:20 GMT+0100 AccountId=28699575 Session=a352acb2-01fb-40df-a799-a859628d2dc0
debug ++ [int] eventPhase = 2
debug ++ [Boolean] bubbles = false
debug ++ [Boolean] cancelable = false
debug ++ [String] type = timer
debug +++ [int] repeatCount = 0
debug +++ [int] currentCount = 28
debug +++ [Boolean] running = true
debug +++ [int] delay = 120000
debug +++ [int] repeatCount = 0
debug +++ [int] currentCount = 28
debug +++ [Boolean] running = true
debug +++ [int] delay = 120000
debug time 17:42:21.608 :: After HeartBeat Count=29 Result=5
debug time 17:44:21.613 :: Before HeartBeat Count=30 Time=Wed Dec 28 2011 17:44:21 GMT+0100 AccountId=28699575 Session=a352acb2-01fb-40df-a799-a859628d2dc0
debug ++ [int] eventPhase = 2
debug ++ [Boolean] bubbles = false
debug ++ [Boolean] cancelable = false
debug ++ [String] type = timer
debug +++ [int] repeatCount = 0
debug +++ [int] currentCount = 29
debug +++ [Boolean] running = true
debug +++ [int] delay = 120000
debug +++ [int] repeatCount = 0
debug +++ [int] currentCount = 29
debug +++ [Boolean] running = true
debug +++ [int] delay = 120000
debug time 17:44:22.609 :: After HeartBeat Count=30 Result=5
debug time 17:46:21.615 :: Before HeartBeat Count=31 Time=Wed Dec 28 2011 17:46:21 GMT+0100 AccountId=28699575 Session=a352acb2-01fb-40df-a799-a859628d2dc0
debug ++ [int] eventPhase = 2
debug ++ [Boolean] bubbles = false
debug ++ [Boolean] cancelable = false
debug ++ [String] type = timer
debug +++ [int] repeatCount = 0
debug +++ [int] currentCount = 30
debug +++ [Boolean] running = true
debug +++ [int] delay = 120000
debug +++ [int] repeatCount = 0
debug +++ [int] currentCount = 30
debug +++ [Boolean] running = true
debug +++ [int] delay = 120000
debug time 17:46:22.611 :: After HeartBeat Count=31 Result=5
debug time 17:48:22.616 :: Before HeartBeat Count=32 Time=Wed Dec 28 2011 17:48:22 GMT+0100 AccountId=28699575 Session=a352acb2-01fb-40df-a799-a859628d2dc0
debug ++ [int] eventPhase = 2
debug ++ [Boolean] bubbles = false
debug ++ [Boolean] cancelable = false
debug ++ [String] type = timer
debug +++ [int] repeatCount = 0
debug +++ [int] currentCount = 31
debug +++ [Boolean] running = true
debug +++ [int] delay = 120000
debug +++ [int] repeatCount = 0
debug +++ [int] currentCount = 31
debug +++ [Boolean] running = true
debug +++ [int] delay = 120000
debug time 17:48:23.612 :: After HeartBeat Count=32 Result=5
debug time 17:50:22.618 :: Before HeartBeat Count=33 Time=Wed Dec 28 2011 17:50:22 GMT+0100 AccountId=28699575 Session=a352acb2-01fb-40df-a799-a859628d2dc0
debug ++ [int] eventPhase = 2
debug ++ [Boolean] bubbles = false
debug ++ [Boolean] cancelable = false
debug ++ [String] type = timer
debug +++ [int] repeatCount = 0
debug +++ [int] currentCount = 32
debug +++ [Boolean] running = true
debug +++ [int] delay = 120000
debug +++ [int] repeatCount = 0
debug +++ [int] currentCount = 32
debug +++ [Boolean] running = true
debug +++ [int] delay = 120000
debug time 17:50:23.614 :: After HeartBeat Count=33 Result=5
debug time 17:52:23.619 :: Before HeartBeat Count=34 Time=Wed Dec 28 2011 17:52:23 GMT+0100 AccountId=28699575 Session=a352acb2-01fb-40df-a799-a859628d2dc0
debug ++ [int] eventPhase = 2
debug ++ [Boolean] bubbles = false
debug ++ [Boolean] cancelable = false
debug ++ [String] type = timer
debug +++ [int] repeatCount = 0
debug +++ [int] currentCount = 33
debug +++ [Boolean] running = true
debug +++ [int] delay = 120000
debug +++ [int] repeatCount = 0
debug +++ [int] currentCount = 33
debug +++ [Boolean] running = true
debug +++ [int] delay = 120000
debug time 17:52:24.616 :: After HeartBeat Count=34 Result=5
debug time 17:54:23.646 :: Before HeartBeat Count=35 Time=Wed Dec 28 2011 17:54:23 GMT+0100 AccountId=28699575 Session=a352acb2-01fb-40df-a799-a859628d2dc0
debug ++ [int] eventPhase = 2
debug ++ [Boolean] bubbles = false
debug ++ [Boolean] cancelable = false
debug ++ [String] type = timer
debug +++ [int] repeatCount = 0
debug +++ [int] currentCount = 34
debug +++ [Boolean] running = true
debug +++ [int] delay = 120000
debug +++ [int] repeatCount = 0
debug +++ [int] currentCount = 34
debug +++ [Boolean] running = true
debug +++ [int] delay = 120000
debug time 17:54:24.617 :: After HeartBeat Count=35 Result=5
debug time 17:56:24.621 :: Before HeartBeat Count=36 Time=Wed Dec 28 2011 17:56:24 GMT+0100 AccountId=28699575 Session=a352acb2-01fb-40df-a799-a859628d2dc0
debug ++ [int] eventPhase = 2
debug ++ [Boolean] bubbles = false
debug ++ [Boolean] cancelable = false
debug ++ [String] type = timer
debug +++ [int] repeatCount = 0
debug +++ [int] currentCount = 35
debug +++ [Boolean] running = true
debug +++ [int] delay = 120000
debug +++ [int] repeatCount = 0
debug +++ [int] currentCount = 35
debug +++ [Boolean] running = true
debug +++ [int] delay = 120000
debug time 17:56:25.618 :: After HeartBeat Count=36 Result=5
debug time 17:58:24.623 :: Before HeartBeat Count=37 Time=Wed Dec 28 2011 17:58:24 GMT+0100 AccountId=28699575 Session=a352acb2-01fb-40df-a799-a859628d2dc0
debug ++ [int] eventPhase = 2
debug ++ [Boolean] bubbles = false
debug ++ [Boolean] cancelable = false
debug ++ [String] type = timer
debug +++ [int] repeatCount = 0
debug +++ [int] currentCount = 36
debug +++ [Boolean] running = true
debug +++ [int] delay = 120000
debug +++ [int] repeatCount = 0
debug +++ [int] currentCount = 36
debug +++ [Boolean] running = true
debug +++ [int] delay = 120000
debug time 17:58:25.620 :: After HeartBeat Count=37 Result=5
debug time 18:00:24.625 :: Before HeartBeat Count=38 Time=Wed Dec 28 2011 18:00:24 GMT+0100 AccountId=28699575 Session=a352acb2-01fb-40df-a799-a859628d2dc0
debug ++ [int] eventPhase = 2
debug ++ [Boolean] bubbles = false
debug ++ [Boolean] cancelable = false
debug ++ [String] type = timer
debug +++ [int] repeatCount = 0
debug +++ [int] currentCount = 37
debug +++ [Boolean] running = true
debug +++ [int] delay = 120000
debug +++ [int] repeatCount = 0
debug +++ [int] currentCount = 37
debug +++ [Boolean] running = true
debug +++ [int] delay = 120000
debug time 18:00:25.622 :: After HeartBeat Count=38 Result=5
debug time 18:02:24.626 :: Before HeartBeat Count=39 Time=Wed Dec 28 2011 18:02:24 GMT+0100 AccountId=28699575 Session=a352acb2-01fb-40df-a799-a859628d2dc0
debug ++ [int] eventPhase = 2
debug ++ [Boolean] bubbles = false
debug ++ [Boolean] cancelable = false
debug ++ [String] type = timer
debug +++ [int] repeatCount = 0
debug +++ [int] currentCount = 38
debug +++ [Boolean] running = true
debug +++ [int] delay = 120000
debug +++ [int] repeatCount = 0
debug +++ [int] currentCount = 38
debug +++ [Boolean] running = true
debug +++ [int] delay = 120000
debug time 18:02:25.624 :: After HeartBeat Count=39 Result=5
debug time 18:04:24.632 :: Before HeartBeat Count=40 Time=Wed Dec 28 2011 18:04:24 GMT+0100 AccountId=28699575 Session=a352acb2-01fb-40df-a799-a859628d2dc0
debug ++ [int] eventPhase = 2
debug ++ [Boolean] bubbles = false
debug ++ [Boolean] cancelable = false
debug ++ [String] type = timer
debug +++ [int] repeatCount = 0
debug +++ [int] currentCount = 39
debug +++ [Boolean] running = true
debug +++ [int] delay = 120000
debug +++ [int] repeatCount = 0
debug +++ [int] currentCount = 39
debug +++ [Boolean] running = true
debug +++ [int] delay = 120000
debug time 18:04:25.625 :: After HeartBeat Count=40 Result=5
debug time 18:06:25.631 :: Before HeartBeat Count=41 Time=Wed Dec 28 2011 18:06:25 GMT+0100 AccountId=28699575 Session=a352acb2-01fb-40df-a799-a859628d2dc0
debug ++ [int] eventPhase = 2
debug ++ [Boolean] bubbles = false
debug ++ [Boolean] cancelable = false
debug ++ [String] type = timer
debug +++ [int] repeatCount = 0
debug +++ [int] currentCount = 40
debug +++ [Boolean] running = true
debug +++ [int] delay = 120000
debug +++ [int] repeatCount = 0
debug +++ [int] currentCount = 40
debug +++ [Boolean] running = true
debug +++ [int] delay = 120000
debug time 18:06:26.627 :: After HeartBeat Count=41 Result=5
debug time 18:07:52.657 :: Performing heartbeat at Wed Dec 28 2011 18:07:52 GMT+0100
debug time 18:08:25.662 :: Before HeartBeat Count=42 Time=Wed Dec 28 2011 18:08:25 GMT+0100 AccountId=28699575 Session=a352acb2-01fb-40df-a799-a859628d2dc0
debug ++ [int] eventPhase = 2
debug ++ [Boolean] bubbles = false
debug ++ [Boolean] cancelable = false
debug ++ [String] type = timer
debug +++ [int] repeatCount = 0
debug +++ [int] currentCount = 41
debug +++ [Boolean] running = true
debug +++ [int] delay = 120000
debug +++ [int] repeatCount = 0
debug +++ [int] currentCount = 41
debug +++ [Boolean] running = true
debug +++ [int] delay = 120000
debug time 18:08:25.864 :: After HeartBeat Count=42 Result=5
debug time 18:10:25.699 :: Before HeartBeat Count=43 Time=Wed Dec 28 2011 18:10:25 GMT+0100 AccountId=28699575 Session=a352acb2-01fb-40df-a799-a859628d2dc0
debug ++ [int] eventPhase = 2
debug ++ [Boolean] bubbles = false
debug ++ [Boolean] cancelable = false
debug ++ [String] type = timer
debug +++ [int] repeatCount = 0
debug +++ [int] currentCount = 42
debug +++ [Boolean] running = true
debug +++ [int] delay = 120000
debug +++ [int] repeatCount = 0
debug +++ [int] currentCount = 42
debug +++ [Boolean] running = true
debug +++ [int] delay = 120000
debug time 18:10:25.903 :: After HeartBeat Count=43 Result=5
debug time 18:12:25.703 :: Before HeartBeat Count=44 Time=Wed Dec 28 2011 18:12:25 GMT+0100 AccountId=28699575 Session=a352acb2-01fb-40df-a799-a859628d2dc0
debug ++ [int] eventPhase = 2
debug ++ [Boolean] bubbles = false
debug ++ [Boolean] cancelable = false
debug ++ [String] type = timer
debug +++ [int] repeatCount = 0
debug +++ [int] currentCount = 43
debug +++ [Boolean] running = true
debug +++ [int] delay = 120000
debug +++ [int] repeatCount = 0
debug +++ [int] currentCount = 43
debug +++ [Boolean] running = true
debug +++ [int] delay = 120000
debug time 18:12:25.905 :: After HeartBeat Count=44 Result=5
debug time 18:14:25.776 :: Before HeartBeat Count=45 Time=Wed Dec 28 2011 18:14:25 GMT+0100 AccountId=28699575 Session=a352acb2-01fb-40df-a799-a859628d2dc0
debug ++ [int] eventPhase = 2
debug ++ [Boolean] bubbles = false
debug ++ [Boolean] cancelable = false
debug ++ [String] type = timer
debug +++ [int] repeatCount = 0
debug +++ [int] currentCount = 44
debug +++ [Boolean] running = true
debug +++ [int] delay = 120000
debug +++ [int] repeatCount = 0
debug +++ [int] currentCount = 44
debug +++ [Boolean] running = true
debug +++ [int] delay = 120000
debug time 18:14:25.989 :: After HeartBeat Count=45 Result=5
debug time 18:16:25.786 :: Before HeartBeat Count=46 Time=Wed Dec 28 2011 18:16:25 GMT+0100 AccountId=28699575 Session=a352acb2-01fb-40df-a799-a859628d2dc0
debug ++ [int] eventPhase = 2
debug ++ [Boolean] bubbles = false
debug ++ [Boolean] cancelable = false
debug ++ [String] type = timer
debug +++ [int] repeatCount = 0
debug +++ [int] currentCount = 45
debug +++ [Boolean] running = true
debug +++ [int] delay = 120000
debug +++ [int] repeatCount = 0
debug +++ [int] currentCount = 45
debug +++ [Boolean] running = true
debug +++ [int] delay = 120000
debug time 18:16:25.991 :: After HeartBeat Count=46 Result=5
debug time 18:18:25.788 :: Before HeartBeat Count=47 Time=Wed Dec 28 2011 18:18:25 GMT+0100 AccountId=28699575 Session=a352acb2-01fb-40df-a799-a859628d2dc0
debug ++ [int] eventPhase = 2
debug ++ [Boolean] bubbles = false
debug ++ [Boolean] cancelable = false
debug ++ [String] type = timer
debug +++ [int] repeatCount = 0
debug +++ [int] currentCount = 46
debug +++ [Boolean] running = true
debug +++ [int] delay = 120000
debug +++ [int] repeatCount = 0
debug +++ [int] currentCount = 46
debug +++ [Boolean] running = true
debug +++ [int] delay = 120000
debug time 18:18:25.993 :: After HeartBeat Count=47 Result=5
