debug time 17:59:09.417 :: Before HeartBeat Count=1 Time=Mon Oct 3 2011 17:59:09 GMT+0200 AccountId=28699575 Session=0b833370-f73d-493c-b1e6-1a46bdf315aa
STOP LOGGING: More than 0 nested objects or properties. 
debug time 17:59:10.469 :: After HeartBeat Count=1 Result=5
debug time 18:02:10.02 :: Before HeartBeat Count=2 Time=Mon Oct 3 2011 18:02:10 GMT+0200 AccountId=28699575 Session=0b833370-f73d-493c-b1e6-1a46bdf315aa
debug ++ [int] eventPhase = 2
debug ++ [Boolean] bubbles = false
debug ++ [Boolean] cancelable = false
debug ++ [String] type = timer
debug +++ [int] repeatCount = 0
debug +++ [int] currentCount = 1
debug +++ [Boolean] running = true
debug +++ [int] delay = 180000
debug +++ [int] repeatCount = 0
debug +++ [int] currentCount = 1
debug +++ [Boolean] running = true
debug +++ [int] delay = 180000
debug time 18:02:11.00 :: After HeartBeat Count=2 Result=5
debug time 18:05:10.05 :: Before HeartBeat Count=3 Time=Mon Oct 3 2011 18:05:10 GMT+0200 AccountId=28699575 Session=0b833370-f73d-493c-b1e6-1a46bdf315aa
debug ++ [int] eventPhase = 2
debug ++ [Boolean] bubbles = false
debug ++ [Boolean] cancelable = false
debug ++ [String] type = timer
debug +++ [int] repeatCount = 0
debug +++ [int] currentCount = 2
debug +++ [Boolean] running = true
debug +++ [int] delay = 180000
debug +++ [int] repeatCount = 0
debug +++ [int] currentCount = 2
debug +++ [Boolean] running = true
debug +++ [int] delay = 180000
debug time 18:05:11.03 :: After HeartBeat Count=3 Result=5
debug time 18:08:10.09 :: Before HeartBeat Count=4 Time=Mon Oct 3 2011 18:08:10 GMT+0200 AccountId=28699575 Session=0b833370-f73d-493c-b1e6-1a46bdf315aa
debug ++ [int] eventPhase = 2
debug ++ [Boolean] bubbles = false
debug ++ [Boolean] cancelable = false
debug ++ [String] type = timer
debug +++ [int] repeatCount = 0
debug +++ [int] currentCount = 3
debug +++ [Boolean] running = true
debug +++ [int] delay = 180000
debug +++ [int] repeatCount = 0
debug +++ [int] currentCount = 3
debug +++ [Boolean] running = true
debug +++ [int] delay = 180000
debug time 18:08:11.06 :: After HeartBeat Count=4 Result=5
debug time 18:11:10.10 :: Before HeartBeat Count=5 Time=Mon Oct 3 2011 18:11:10 GMT+0200 AccountId=28699575 Session=0b833370-f73d-493c-b1e6-1a46bdf315aa
debug ++ [int] eventPhase = 2
debug ++ [Boolean] bubbles = false
debug ++ [Boolean] cancelable = false
debug ++ [String] type = timer
debug +++ [int] repeatCount = 0
debug +++ [int] currentCount = 4
debug +++ [Boolean] running = true
debug +++ [int] delay = 180000
debug +++ [int] repeatCount = 0
debug +++ [int] currentCount = 4
debug +++ [Boolean] running = true
debug +++ [int] delay = 180000
debug time 18:11:11.09 :: After HeartBeat Count=5 Result=5
debug time 18:14:10.13 :: Before HeartBeat Count=6 Time=Mon Oct 3 2011 18:14:10 GMT+0200 AccountId=28699575 Session=0b833370-f73d-493c-b1e6-1a46bdf315aa
debug ++ [int] eventPhase = 2
debug ++ [Boolean] bubbles = false
debug ++ [Boolean] cancelable = false
debug ++ [String] type = timer
debug +++ [int] repeatCount = 0
debug +++ [int] currentCount = 5
debug +++ [Boolean] running = true
debug +++ [int] delay = 180000
debug +++ [int] repeatCount = 0
debug +++ [int] currentCount = 5
debug +++ [Boolean] running = true
debug +++ [int] delay = 180000
debug time 18:14:11.11 :: After HeartBeat Count=6 Result=5
debug time 18:17:10.13 :: Before HeartBeat Count=7 Time=Mon Oct 3 2011 18:17:10 GMT+0200 AccountId=28699575 Session=0b833370-f73d-493c-b1e6-1a46bdf315aa
debug ++ [int] eventPhase = 2
debug ++ [Boolean] bubbles = false
debug ++ [Boolean] cancelable = false
debug ++ [String] type = timer
debug +++ [int] repeatCount = 0
debug +++ [int] currentCount = 6
debug +++ [Boolean] running = true
debug +++ [int] delay = 180000
debug +++ [int] repeatCount = 0
debug +++ [int] currentCount = 6
debug +++ [Boolean] running = true
debug +++ [int] delay = 180000
debug time 18:17:11.12 :: After HeartBeat Count=7 Result=5
debug time 18:20:10.13 :: Before HeartBeat Count=8 Time=Mon Oct 3 2011 18:20:10 GMT+0200 AccountId=28699575 Session=0b833370-f73d-493c-b1e6-1a46bdf315aa
debug ++ [int] eventPhase = 2
debug ++ [Boolean] bubbles = false
debug ++ [Boolean] cancelable = false
debug ++ [String] type = timer
debug +++ [int] repeatCount = 0
debug +++ [int] currentCount = 7
debug +++ [Boolean] running = true
debug +++ [int] delay = 180000
debug +++ [int] repeatCount = 0
debug +++ [int] currentCount = 7
debug +++ [Boolean] running = true
debug +++ [int] delay = 180000
debug time 18:20:11.12 :: After HeartBeat Count=8 Result=5
debug time 18:23:10.18 :: Before HeartBeat Count=9 Time=Mon Oct 3 2011 18:23:10 GMT+0200 AccountId=28699575 Session=0b833370-f73d-493c-b1e6-1a46bdf315aa
debug ++ [int] eventPhase = 2
debug ++ [Boolean] bubbles = false
debug ++ [Boolean] cancelable = false
debug ++ [String] type = timer
debug +++ [int] repeatCount = 0
debug +++ [int] currentCount = 8
debug +++ [Boolean] running = true
debug +++ [int] delay = 180000
debug +++ [int] repeatCount = 0
debug +++ [int] currentCount = 8
debug +++ [Boolean] running = true
debug +++ [int] delay = 180000
debug time 18:23:11.16 :: After HeartBeat Count=9 Result=5
debug time 18:26:10.27 :: Before HeartBeat Count=10 Time=Mon Oct 3 2011 18:26:10 GMT+0200 AccountId=28699575 Session=0b833370-f73d-493c-b1e6-1a46bdf315aa
debug ++ [int] eventPhase = 2
debug ++ [Boolean] bubbles = false
debug ++ [Boolean] cancelable = false
debug ++ [String] type = timer
debug +++ [int] repeatCount = 0
debug +++ [int] currentCount = 9
debug +++ [Boolean] running = true
debug +++ [int] delay = 180000
debug +++ [int] repeatCount = 0
debug +++ [int] currentCount = 9
debug +++ [Boolean] running = true
debug +++ [int] delay = 180000
debug time 18:26:11.19 :: After HeartBeat Count=10 Result=5
debug time 18:29:11.23 :: Before HeartBeat Count=11 Time=Mon Oct 3 2011 18:29:11 GMT+0200 AccountId=28699575 Session=0b833370-f73d-493c-b1e6-1a46bdf315aa
debug ++ [int] eventPhase = 2
debug ++ [Boolean] bubbles = false
debug ++ [Boolean] cancelable = false
debug ++ [String] type = timer
debug +++ [int] repeatCount = 0
debug +++ [int] currentCount = 10
debug +++ [Boolean] running = true
debug +++ [int] delay = 180000
debug +++ [int] repeatCount = 0
debug +++ [int] currentCount = 10
debug +++ [Boolean] running = true
debug +++ [int] delay = 180000
debug time 18:29:12.21 :: After HeartBeat Count=11 Result=5
debug time 18:31:46.201 :: Performing heartbeat at Mon Oct 3 2011 18:31:46 GMT+0200
debug time 18:32:11.64 :: Before HeartBeat Count=12 Time=Mon Oct 3 2011 18:32:11 GMT+0200 AccountId=28699575 Session=0b833370-f73d-493c-b1e6-1a46bdf315aa
debug ++ [int] eventPhase = 2
debug ++ [Boolean] bubbles = false
debug ++ [Boolean] cancelable = false
debug ++ [String] type = timer
debug +++ [int] repeatCount = 0
debug +++ [int] currentCount = 11
debug +++ [Boolean] running = true
debug +++ [int] delay = 180000
debug +++ [int] repeatCount = 0
debug +++ [int] currentCount = 11
debug +++ [Boolean] running = true
debug +++ [int] delay = 180000
debug time 18:32:11.239 :: After HeartBeat Count=12 Result=5
debug time 18:35:11.633 :: Before HeartBeat Count=13 Time=Mon Oct 3 2011 18:35:11 GMT+0200 AccountId=28699575 Session=0b833370-f73d-493c-b1e6-1a46bdf315aa
debug ++ [int] eventPhase = 2
debug ++ [Boolean] bubbles = false
debug ++ [Boolean] cancelable = false
debug ++ [String] type = timer
debug +++ [int] repeatCount = 0
debug +++ [int] currentCount = 12
debug +++ [Boolean] running = true
debug +++ [int] delay = 180000
debug +++ [int] repeatCount = 0
debug +++ [int] currentCount = 12
debug +++ [Boolean] running = true
debug +++ [int] delay = 180000
debug time 18:35:12.631 :: After HeartBeat Count=13 Result=5
debug time 18:38:11.635 :: Before HeartBeat Count=14 Time=Mon Oct 3 2011 18:38:11 GMT+0200 AccountId=28699575 Session=0b833370-f73d-493c-b1e6-1a46bdf315aa
debug ++ [int] eventPhase = 2
debug ++ [Boolean] bubbles = false
debug ++ [Boolean] cancelable = false
debug ++ [String] type = timer
debug +++ [int] repeatCount = 0
debug +++ [int] currentCount = 13
debug +++ [Boolean] running = true
debug +++ [int] delay = 180000
debug +++ [int] repeatCount = 0
debug +++ [int] currentCount = 13
debug +++ [Boolean] running = true
debug +++ [int] delay = 180000
debug time 18:38:12.632 :: After HeartBeat Count=14 Result=5
debug time 18:41:11.653 :: Before HeartBeat Count=15 Time=Mon Oct 3 2011 18:41:11 GMT+0200 AccountId=28699575 Session=0b833370-f73d-493c-b1e6-1a46bdf315aa
debug ++ [int] eventPhase = 2
debug ++ [Boolean] bubbles = false
debug ++ [Boolean] cancelable = false
debug ++ [String] type = timer
debug +++ [int] repeatCount = 0
debug +++ [int] currentCount = 14
debug +++ [Boolean] running = true
debug +++ [int] delay = 180000
debug +++ [int] repeatCount = 0
debug +++ [int] currentCount = 14
debug +++ [Boolean] running = true
debug +++ [int] delay = 180000
debug time 18:41:12.634 :: After HeartBeat Count=15 Result=5
debug time 18:44:12.639 :: Before HeartBeat Count=16 Time=Mon Oct 3 2011 18:44:12 GMT+0200 AccountId=28699575 Session=0b833370-f73d-493c-b1e6-1a46bdf315aa
debug ++ [int] eventPhase = 2
debug ++ [Boolean] bubbles = false
debug ++ [Boolean] cancelable = false
debug ++ [String] type = timer
debug +++ [int] repeatCount = 0
debug +++ [int] currentCount = 15
debug +++ [Boolean] running = true
debug +++ [int] delay = 180000
debug +++ [int] repeatCount = 0
debug +++ [int] currentCount = 15
debug +++ [Boolean] running = true
debug +++ [int] delay = 180000
debug time 18:44:13.637 :: After HeartBeat Count=16 Result=5
debug time 18:47:12.643 :: Before HeartBeat Count=17 Time=Mon Oct 3 2011 18:47:12 GMT+0200 AccountId=28699575 Session=0b833370-f73d-493c-b1e6-1a46bdf315aa
debug ++ [int] eventPhase = 2
debug ++ [Boolean] bubbles = false
debug ++ [Boolean] cancelable = false
debug ++ [String] type = timer
debug +++ [int] repeatCount = 0
debug +++ [int] currentCount = 16
debug +++ [Boolean] running = true
debug +++ [int] delay = 180000
debug +++ [int] repeatCount = 0
debug +++ [int] currentCount = 16
debug +++ [Boolean] running = true
debug +++ [int] delay = 180000
debug time 18:47:13.640 :: After HeartBeat Count=17 Result=5
debug time 18:50:12.663 :: Before HeartBeat Count=18 Time=Mon Oct 3 2011 18:50:12 GMT+0200 AccountId=28699575 Session=0b833370-f73d-493c-b1e6-1a46bdf315aa
debug ++ [int] eventPhase = 2
debug ++ [Boolean] bubbles = false
debug ++ [Boolean] cancelable = false
debug ++ [String] type = timer
debug +++ [int] repeatCount = 0
debug +++ [int] currentCount = 17
debug +++ [Boolean] running = true
debug +++ [int] delay = 180000
debug +++ [int] repeatCount = 0
debug +++ [int] currentCount = 17
debug +++ [Boolean] running = true
debug +++ [int] delay = 180000
debug time 18:50:13.639 :: After HeartBeat Count=18 Result=5
debug time 18:53:13.646 :: Before HeartBeat Count=19 Time=Mon Oct 3 2011 18:53:13 GMT+0200 AccountId=28699575 Session=0b833370-f73d-493c-b1e6-1a46bdf315aa
debug ++ [int] eventPhase = 2
debug ++ [Boolean] bubbles = false
debug ++ [Boolean] cancelable = false
debug ++ [String] type = timer
debug +++ [int] repeatCount = 0
debug +++ [int] currentCount = 18
debug +++ [Boolean] running = true
debug +++ [int] delay = 180000
debug +++ [int] repeatCount = 0
debug +++ [int] currentCount = 18
debug +++ [Boolean] running = true
debug +++ [int] delay = 180000
debug time 18:53:14.642 :: After HeartBeat Count=19 Result=5
debug time 18:56:14.650 :: Before HeartBeat Count=20 Time=Mon Oct 3 2011 18:56:14 GMT+0200 AccountId=28699575 Session=0b833370-f73d-493c-b1e6-1a46bdf315aa
debug ++ [int] eventPhase = 2
debug ++ [Boolean] bubbles = false
debug ++ [Boolean] cancelable = false
debug ++ [String] type = timer
debug +++ [int] repeatCount = 0
debug +++ [int] currentCount = 19
debug +++ [Boolean] running = true
debug +++ [int] delay = 180000
debug +++ [int] repeatCount = 0
debug +++ [int] currentCount = 19
debug +++ [Boolean] running = true
debug +++ [int] delay = 180000
debug time 18:56:15.645 :: After HeartBeat Count=20 Result=5
debug time 18:59:15.650 :: Before HeartBeat Count=21 Time=Mon Oct 3 2011 18:59:15 GMT+0200 AccountId=28699575 Session=0b833370-f73d-493c-b1e6-1a46bdf315aa
debug ++ [int] eventPhase = 2
debug ++ [Boolean] bubbles = false
debug ++ [Boolean] cancelable = false
debug ++ [String] type = timer
debug +++ [int] repeatCount = 0
debug +++ [int] currentCount = 20
debug +++ [Boolean] running = true
debug +++ [int] delay = 180000
debug +++ [int] repeatCount = 0
debug +++ [int] currentCount = 20
debug +++ [Boolean] running = true
debug +++ [int] delay = 180000
debug time 18:59:16.647 :: After HeartBeat Count=21 Result=5
debug time 19:02:15.652 :: Before HeartBeat Count=22 Time=Mon Oct 3 2011 19:02:15 GMT+0200 AccountId=28699575 Session=0b833370-f73d-493c-b1e6-1a46bdf315aa
debug ++ [int] eventPhase = 2
debug ++ [Boolean] bubbles = false
debug ++ [Boolean] cancelable = false
debug ++ [String] type = timer
debug +++ [int] repeatCount = 0
debug +++ [int] currentCount = 21
debug +++ [Boolean] running = true
debug +++ [int] delay = 180000
debug +++ [int] repeatCount = 0
debug +++ [int] currentCount = 21
debug +++ [Boolean] running = true
debug +++ [int] delay = 180000
debug time 19:02:16.648 :: After HeartBeat Count=22 Result=5
debug time 19:05:15.655 :: Before HeartBeat Count=23 Time=Mon Oct 3 2011 19:05:15 GMT+0200 AccountId=28699575 Session=0b833370-f73d-493c-b1e6-1a46bdf315aa
debug ++ [int] eventPhase = 2
debug ++ [Boolean] bubbles = false
debug ++ [Boolean] cancelable = false
debug ++ [String] type = timer
debug +++ [int] repeatCount = 0
debug +++ [int] currentCount = 22
debug +++ [Boolean] running = true
debug +++ [int] delay = 180000
debug +++ [int] repeatCount = 0
debug +++ [int] currentCount = 22
debug +++ [Boolean] running = true
debug +++ [int] delay = 180000
debug time 19:05:16.652 :: After HeartBeat Count=23 Result=5
debug time 19:08:15.658 :: Before HeartBeat Count=24 Time=Mon Oct 3 2011 19:08:15 GMT+0200 AccountId=28699575 Session=0b833370-f73d-493c-b1e6-1a46bdf315aa
debug ++ [int] eventPhase = 2
debug ++ [Boolean] bubbles = false
debug ++ [Boolean] cancelable = false
debug ++ [String] type = timer
debug +++ [int] repeatCount = 0
debug +++ [int] currentCount = 23
debug +++ [Boolean] running = true
debug +++ [int] delay = 180000
debug +++ [int] repeatCount = 0
debug +++ [int] currentCount = 23
debug +++ [Boolean] running = true
debug +++ [int] delay = 180000
debug time 19:08:16.656 :: After HeartBeat Count=24 Result=5
debug time 19:11:15.661 :: Before HeartBeat Count=25 Time=Mon Oct 3 2011 19:11:15 GMT+0200 AccountId=28699575 Session=0b833370-f73d-493c-b1e6-1a46bdf315aa
debug ++ [int] eventPhase = 2
debug ++ [Boolean] bubbles = false
debug ++ [Boolean] cancelable = false
debug ++ [String] type = timer
debug +++ [int] repeatCount = 0
debug +++ [int] currentCount = 24
debug +++ [Boolean] running = true
debug +++ [int] delay = 180000
debug +++ [int] repeatCount = 0
debug +++ [int] currentCount = 24
debug +++ [Boolean] running = true
debug +++ [int] delay = 180000
debug time 19:11:16.658 :: After HeartBeat Count=25 Result=5
debug time 19:14:15.668 :: Before HeartBeat Count=26 Time=Mon Oct 3 2011 19:14:15 GMT+0200 AccountId=28699575 Session=0b833370-f73d-493c-b1e6-1a46bdf315aa
debug ++ [int] eventPhase = 2
debug ++ [Boolean] bubbles = false
debug ++ [Boolean] cancelable = false
debug ++ [String] type = timer
debug +++ [int] repeatCount = 0
debug +++ [int] currentCount = 25
debug +++ [Boolean] running = true
debug +++ [int] delay = 180000
debug +++ [int] repeatCount = 0
debug +++ [int] currentCount = 25
debug +++ [Boolean] running = true
debug +++ [int] delay = 180000
debug time 19:14:16.662 :: After HeartBeat Count=26 Result=5
debug time 19:17:16.667 :: Before HeartBeat Count=27 Time=Mon Oct 3 2011 19:17:16 GMT+0200 AccountId=28699575 Session=0b833370-f73d-493c-b1e6-1a46bdf315aa
debug ++ [int] eventPhase = 2
debug ++ [Boolean] bubbles = false
debug ++ [Boolean] cancelable = false
debug ++ [String] type = timer
debug +++ [int] repeatCount = 0
debug +++ [int] currentCount = 26
debug +++ [Boolean] running = true
debug +++ [int] delay = 180000
debug +++ [int] repeatCount = 0
debug +++ [int] currentCount = 26
debug +++ [Boolean] running = true
debug +++ [int] delay = 180000
debug time 19:17:17.664 :: After HeartBeat Count=27 Result=5
debug time 19:18:22.357 :: Performing heartbeat at Mon Oct 3 2011 19:18:22 GMT+0200
debug time 19:20:16.682 :: Before HeartBeat Count=28 Time=Mon Oct 3 2011 19:20:16 GMT+0200 AccountId=28699575 Session=0b833370-f73d-493c-b1e6-1a46bdf315aa
debug ++ [int] eventPhase = 2
debug ++ [Boolean] bubbles = false
debug ++ [Boolean] cancelable = false
debug ++ [String] type = timer
debug +++ [int] repeatCount = 0
debug +++ [int] currentCount = 27
debug +++ [Boolean] running = true
debug +++ [int] delay = 180000
debug +++ [int] repeatCount = 0
debug +++ [int] currentCount = 27
debug +++ [Boolean] running = true
debug +++ [int] delay = 180000
debug time 19:20:16.885 :: After HeartBeat Count=28 Result=5
