debug time 10:11:44.210 :: Before HeartBeat Count=1 Time=Mon Dec 19 2011 10:11:44 GMT+0100 AccountId=28699575 Session=8c44a867-6e2b-45f1-b59a-719cea7266fc
STOP LOGGING: More than 0 nested objects or properties. 
debug time 10:11:47.227 :: After HeartBeat Count=1 Result=5
debug time 10:13:45.64 :: Before HeartBeat Count=2 Time=Mon Dec 19 2011 10:13:45 GMT+0100 AccountId=28699575 Session=8c44a867-6e2b-45f1-b59a-719cea7266fc
debug ++ [int] eventPhase = 2
debug ++ [Boolean] bubbles = false
debug ++ [Boolean] cancelable = false
debug ++ [String] type = timer
debug +++ [int] repeatCount = 0
debug +++ [int] currentCount = 1
debug +++ [Boolean] running = true
debug +++ [int] delay = 120000
debug +++ [int] repeatCount = 0
debug +++ [int] currentCount = 1
debug +++ [Boolean] running = true
debug +++ [int] delay = 120000
debug time 10:13:46.61 :: After HeartBeat Count=2 Result=5
debug time 10:15:46.63 :: Before HeartBeat Count=3 Time=Mon Dec 19 2011 10:15:46 GMT+0100 AccountId=28699575 Session=8c44a867-6e2b-45f1-b59a-719cea7266fc
debug ++ [int] eventPhase = 2
debug ++ [Boolean] bubbles = false
debug ++ [Boolean] cancelable = false
debug ++ [String] type = timer
debug +++ [int] repeatCount = 0
debug +++ [int] currentCount = 2
debug +++ [Boolean] running = true
debug +++ [int] delay = 120000
debug +++ [int] repeatCount = 0
debug +++ [int] currentCount = 2
debug +++ [Boolean] running = true
debug +++ [int] delay = 120000
debug time 10:15:47.59 :: After HeartBeat Count=3 Result=5
debug time 10:17:46.64 :: Before HeartBeat Count=4 Time=Mon Dec 19 2011 10:17:46 GMT+0100 AccountId=28699575 Session=8c44a867-6e2b-45f1-b59a-719cea7266fc
debug ++ [int] eventPhase = 2
debug ++ [Boolean] bubbles = false
debug ++ [Boolean] cancelable = false
debug ++ [String] type = timer
debug +++ [int] repeatCount = 0
debug +++ [int] currentCount = 3
debug +++ [Boolean] running = true
debug +++ [int] delay = 120000
debug +++ [int] repeatCount = 0
debug +++ [int] currentCount = 3
debug +++ [Boolean] running = true
debug +++ [int] delay = 120000
debug time 10:17:47.60 :: After HeartBeat Count=4 Result=5
debug time 10:19:46.85 :: Before HeartBeat Count=5 Time=Mon Dec 19 2011 10:19:46 GMT+0100 AccountId=28699575 Session=8c44a867-6e2b-45f1-b59a-719cea7266fc
debug ++ [int] eventPhase = 2
debug ++ [Boolean] bubbles = false
debug ++ [Boolean] cancelable = false
debug ++ [String] type = timer
debug +++ [int] repeatCount = 0
debug +++ [int] currentCount = 4
debug +++ [Boolean] running = true
debug +++ [int] delay = 120000
debug +++ [int] repeatCount = 0
debug +++ [int] currentCount = 4
debug +++ [Boolean] running = true
debug +++ [int] delay = 120000
debug time 10:19:47.65 :: After HeartBeat Count=5 Result=5
debug time 10:21:47.69 :: Before HeartBeat Count=6 Time=Mon Dec 19 2011 10:21:47 GMT+0100 AccountId=28699575 Session=8c44a867-6e2b-45f1-b59a-719cea7266fc
debug ++ [int] eventPhase = 2
debug ++ [Boolean] bubbles = false
debug ++ [Boolean] cancelable = false
debug ++ [String] type = timer
debug +++ [int] repeatCount = 0
debug +++ [int] currentCount = 5
debug +++ [Boolean] running = true
debug +++ [int] delay = 120000
debug +++ [int] repeatCount = 0
debug +++ [int] currentCount = 5
debug +++ [Boolean] running = true
debug +++ [int] delay = 120000
debug time 10:21:48.61 :: After HeartBeat Count=6 Result=5
debug time 10:23:48.24 :: Before HeartBeat Count=7 Time=Mon Dec 19 2011 10:23:48 GMT+0100 AccountId=28699575 Session=8c44a867-6e2b-45f1-b59a-719cea7266fc
debug ++ [int] eventPhase = 2
debug ++ [Boolean] bubbles = false
debug ++ [Boolean] cancelable = false
debug ++ [String] type = timer
debug +++ [int] repeatCount = 0
debug +++ [int] currentCount = 6
debug +++ [Boolean] running = true
debug +++ [int] delay = 120000
debug +++ [int] repeatCount = 0
debug +++ [int] currentCount = 6
debug +++ [Boolean] running = true
debug +++ [int] delay = 120000
debug time 10:23:49.17 :: After HeartBeat Count=7 Result=5
debug time 10:25:48.26 :: Before HeartBeat Count=8 Time=Mon Dec 19 2011 10:25:48 GMT+0100 AccountId=28699575 Session=8c44a867-6e2b-45f1-b59a-719cea7266fc
debug ++ [int] eventPhase = 2
debug ++ [Boolean] bubbles = false
debug ++ [Boolean] cancelable = false
debug ++ [String] type = timer
debug +++ [int] repeatCount = 0
debug +++ [int] currentCount = 7
debug +++ [Boolean] running = true
debug +++ [int] delay = 120000
debug +++ [int] repeatCount = 0
debug +++ [int] currentCount = 7
debug +++ [Boolean] running = true
debug +++ [int] delay = 120000
debug time 10:25:49.19 :: After HeartBeat Count=8 Result=5
debug time 10:27:48.50 :: Before HeartBeat Count=9 Time=Mon Dec 19 2011 10:27:48 GMT+0100 AccountId=28699575 Session=8c44a867-6e2b-45f1-b59a-719cea7266fc
debug ++ [int] eventPhase = 2
debug ++ [Boolean] bubbles = false
debug ++ [Boolean] cancelable = false
debug ++ [String] type = timer
debug +++ [int] repeatCount = 0
debug +++ [int] currentCount = 8
debug +++ [Boolean] running = true
debug +++ [int] delay = 120000
debug +++ [int] repeatCount = 0
debug +++ [int] currentCount = 8
debug +++ [Boolean] running = true
debug +++ [int] delay = 120000
debug time 10:27:49.20 :: After HeartBeat Count=9 Result=5
debug time 10:29:49.29 :: Before HeartBeat Count=10 Time=Mon Dec 19 2011 10:29:49 GMT+0100 AccountId=28699575 Session=8c44a867-6e2b-45f1-b59a-719cea7266fc
debug ++ [int] eventPhase = 2
debug ++ [Boolean] bubbles = false
debug ++ [Boolean] cancelable = false
debug ++ [String] type = timer
debug +++ [int] repeatCount = 0
debug +++ [int] currentCount = 9
debug +++ [Boolean] running = true
debug +++ [int] delay = 120000
debug +++ [int] repeatCount = 0
debug +++ [int] currentCount = 9
debug +++ [Boolean] running = true
debug +++ [int] delay = 120000
debug time 10:29:50.21 :: After HeartBeat Count=10 Result=5
debug time 10:31:50.30 :: Before HeartBeat Count=11 Time=Mon Dec 19 2011 10:31:50 GMT+0100 AccountId=28699575 Session=8c44a867-6e2b-45f1-b59a-719cea7266fc
debug ++ [int] eventPhase = 2
debug ++ [Boolean] bubbles = false
debug ++ [Boolean] cancelable = false
debug ++ [String] type = timer
debug +++ [int] repeatCount = 0
debug +++ [int] currentCount = 10
debug +++ [Boolean] running = true
debug +++ [int] delay = 120000
debug +++ [int] repeatCount = 0
debug +++ [int] currentCount = 10
debug +++ [Boolean] running = true
debug +++ [int] delay = 120000
debug time 10:31:51.23 :: After HeartBeat Count=11 Result=5
debug time 10:33:50.30 :: Before HeartBeat Count=12 Time=Mon Dec 19 2011 10:33:50 GMT+0100 AccountId=28699575 Session=8c44a867-6e2b-45f1-b59a-719cea7266fc
debug ++ [int] eventPhase = 2
debug ++ [Boolean] bubbles = false
debug ++ [Boolean] cancelable = false
debug ++ [String] type = timer
debug +++ [int] repeatCount = 0
debug +++ [int] currentCount = 11
debug +++ [Boolean] running = true
debug +++ [int] delay = 120000
debug +++ [int] repeatCount = 0
debug +++ [int] currentCount = 11
debug +++ [Boolean] running = true
debug +++ [int] delay = 120000
debug time 10:33:51.24 :: After HeartBeat Count=12 Result=5
debug time 10:35:50.29 :: Before HeartBeat Count=13 Time=Mon Dec 19 2011 10:35:50 GMT+0100 AccountId=28699575 Session=8c44a867-6e2b-45f1-b59a-719cea7266fc
debug ++ [int] eventPhase = 2
debug ++ [Boolean] bubbles = false
debug ++ [Boolean] cancelable = false
debug ++ [String] type = timer
debug +++ [int] repeatCount = 0
debug +++ [int] currentCount = 12
debug +++ [Boolean] running = true
debug +++ [int] delay = 120000
debug +++ [int] repeatCount = 0
debug +++ [int] currentCount = 12
debug +++ [Boolean] running = true
debug +++ [int] delay = 120000
debug time 10:35:51.23 :: After HeartBeat Count=13 Result=5
debug time 10:37:50.28 :: Before HeartBeat Count=14 Time=Mon Dec 19 2011 10:37:50 GMT+0100 AccountId=28699575 Session=8c44a867-6e2b-45f1-b59a-719cea7266fc
debug ++ [int] eventPhase = 2
debug ++ [Boolean] bubbles = false
debug ++ [Boolean] cancelable = false
debug ++ [String] type = timer
debug +++ [int] repeatCount = 0
debug +++ [int] currentCount = 13
debug +++ [Boolean] running = true
debug +++ [int] delay = 120000
debug +++ [int] repeatCount = 0
debug +++ [int] currentCount = 13
debug +++ [Boolean] running = true
debug +++ [int] delay = 120000
debug time 10:37:51.22 :: After HeartBeat Count=14 Result=5
debug time 10:39:50.30 :: Before HeartBeat Count=15 Time=Mon Dec 19 2011 10:39:50 GMT+0100 AccountId=28699575 Session=8c44a867-6e2b-45f1-b59a-719cea7266fc
debug ++ [int] eventPhase = 2
debug ++ [Boolean] bubbles = false
debug ++ [Boolean] cancelable = false
debug ++ [String] type = timer
debug +++ [int] repeatCount = 0
debug +++ [int] currentCount = 14
debug +++ [Boolean] running = true
debug +++ [int] delay = 120000
debug +++ [int] repeatCount = 0
debug +++ [int] currentCount = 14
debug +++ [Boolean] running = true
debug +++ [int] delay = 120000
debug time 10:39:51.22 :: After HeartBeat Count=15 Result=5
debug time 10:41:51.28 :: Before HeartBeat Count=16 Time=Mon Dec 19 2011 10:41:51 GMT+0100 AccountId=28699575 Session=8c44a867-6e2b-45f1-b59a-719cea7266fc
debug ++ [int] eventPhase = 2
debug ++ [Boolean] bubbles = false
debug ++ [Boolean] cancelable = false
debug ++ [String] type = timer
debug +++ [int] repeatCount = 0
debug +++ [int] currentCount = 15
debug +++ [Boolean] running = true
debug +++ [int] delay = 120000
debug +++ [int] repeatCount = 0
debug +++ [int] currentCount = 15
debug +++ [Boolean] running = true
debug +++ [int] delay = 120000
debug time 10:41:52.21 :: After HeartBeat Count=16 Result=5
debug time 10:43:51.30 :: Before HeartBeat Count=17 Time=Mon Dec 19 2011 10:43:51 GMT+0100 AccountId=28699575 Session=8c44a867-6e2b-45f1-b59a-719cea7266fc
debug ++ [int] eventPhase = 2
debug ++ [Boolean] bubbles = false
debug ++ [Boolean] cancelable = false
debug ++ [String] type = timer
debug +++ [int] repeatCount = 0
debug +++ [int] currentCount = 16
debug +++ [Boolean] running = true
debug +++ [int] delay = 120000
debug +++ [int] repeatCount = 0
debug +++ [int] currentCount = 16
debug +++ [Boolean] running = true
debug +++ [int] delay = 120000
debug time 10:43:52.22 :: After HeartBeat Count=17 Result=5
debug time 10:45:51.57 :: Before HeartBeat Count=18 Time=Mon Dec 19 2011 10:45:51 GMT+0100 AccountId=28699575 Session=8c44a867-6e2b-45f1-b59a-719cea7266fc
debug ++ [int] eventPhase = 2
debug ++ [Boolean] bubbles = false
debug ++ [Boolean] cancelable = false
debug ++ [String] type = timer
debug +++ [int] repeatCount = 0
debug +++ [int] currentCount = 17
debug +++ [Boolean] running = true
debug +++ [int] delay = 120000
debug +++ [int] repeatCount = 0
debug +++ [int] currentCount = 17
debug +++ [Boolean] running = true
debug +++ [int] delay = 120000
debug time 10:45:52.28 :: After HeartBeat Count=18 Result=5
debug time 10:47:52.31 :: Before HeartBeat Count=19 Time=Mon Dec 19 2011 10:47:52 GMT+0100 AccountId=28699575 Session=8c44a867-6e2b-45f1-b59a-719cea7266fc
debug ++ [int] eventPhase = 2
debug ++ [Boolean] bubbles = false
debug ++ [Boolean] cancelable = false
debug ++ [String] type = timer
debug +++ [int] repeatCount = 0
debug +++ [int] currentCount = 18
debug +++ [Boolean] running = true
debug +++ [int] delay = 120000
debug +++ [int] repeatCount = 0
debug +++ [int] currentCount = 18
debug +++ [Boolean] running = true
debug +++ [int] delay = 120000
debug time 10:47:53.25 :: After HeartBeat Count=19 Result=5
debug time 10:49:52.34 :: Before HeartBeat Count=20 Time=Mon Dec 19 2011 10:49:52 GMT+0100 AccountId=28699575 Session=8c44a867-6e2b-45f1-b59a-719cea7266fc
debug ++ [int] eventPhase = 2
debug ++ [Boolean] bubbles = false
debug ++ [Boolean] cancelable = false
debug ++ [String] type = timer
debug +++ [int] repeatCount = 0
debug +++ [int] currentCount = 19
debug +++ [Boolean] running = true
debug +++ [int] delay = 120000
debug +++ [int] repeatCount = 0
debug +++ [int] currentCount = 19
debug +++ [Boolean] running = true
debug +++ [int] delay = 120000
debug time 10:49:53.27 :: After HeartBeat Count=20 Result=5
debug time 10:51:52.61 :: Before HeartBeat Count=21 Time=Mon Dec 19 2011 10:51:52 GMT+0100 AccountId=28699575 Session=8c44a867-6e2b-45f1-b59a-719cea7266fc
debug ++ [int] eventPhase = 2
debug ++ [Boolean] bubbles = false
debug ++ [Boolean] cancelable = false
debug ++ [String] type = timer
debug +++ [int] repeatCount = 0
debug +++ [int] currentCount = 20
debug +++ [Boolean] running = true
debug +++ [int] delay = 120000
debug +++ [int] repeatCount = 0
debug +++ [int] currentCount = 20
debug +++ [Boolean] running = true
debug +++ [int] delay = 120000
debug time 10:51:53.34 :: After HeartBeat Count=21 Result=5
debug time 10:53:53.36 :: Before HeartBeat Count=22 Time=Mon Dec 19 2011 10:53:53 GMT+0100 AccountId=28699575 Session=8c44a867-6e2b-45f1-b59a-719cea7266fc
debug ++ [int] eventPhase = 2
debug ++ [Boolean] bubbles = false
debug ++ [Boolean] cancelable = false
debug ++ [String] type = timer
debug +++ [int] repeatCount = 0
debug +++ [int] currentCount = 21
debug +++ [Boolean] running = true
debug +++ [int] delay = 120000
debug +++ [int] repeatCount = 0
debug +++ [int] currentCount = 21
debug +++ [Boolean] running = true
debug +++ [int] delay = 120000
debug time 10:53:54.29 :: After HeartBeat Count=22 Result=5
debug time 10:55:54.37 :: Before HeartBeat Count=23 Time=Mon Dec 19 2011 10:55:54 GMT+0100 AccountId=28699575 Session=8c44a867-6e2b-45f1-b59a-719cea7266fc
debug ++ [int] eventPhase = 2
debug ++ [Boolean] bubbles = false
debug ++ [Boolean] cancelable = false
debug ++ [String] type = timer
debug +++ [int] repeatCount = 0
debug +++ [int] currentCount = 22
debug +++ [Boolean] running = true
debug +++ [int] delay = 120000
debug +++ [int] repeatCount = 0
debug +++ [int] currentCount = 22
debug +++ [Boolean] running = true
debug +++ [int] delay = 120000
debug time 10:55:55.30 :: After HeartBeat Count=23 Result=5
debug time 10:57:54.35 :: Before HeartBeat Count=24 Time=Mon Dec 19 2011 10:57:54 GMT+0100 AccountId=28699575 Session=8c44a867-6e2b-45f1-b59a-719cea7266fc
debug ++ [int] eventPhase = 2
debug ++ [Boolean] bubbles = false
debug ++ [Boolean] cancelable = false
debug ++ [String] type = timer
debug +++ [int] repeatCount = 0
debug +++ [int] currentCount = 23
debug +++ [Boolean] running = true
debug +++ [int] delay = 120000
debug +++ [int] repeatCount = 0
debug +++ [int] currentCount = 23
debug +++ [Boolean] running = true
debug +++ [int] delay = 120000
debug time 10:57:55.28 :: After HeartBeat Count=24 Result=5
debug time 10:59:55.36 :: Before HeartBeat Count=25 Time=Mon Dec 19 2011 10:59:55 GMT+0100 AccountId=28699575 Session=8c44a867-6e2b-45f1-b59a-719cea7266fc
debug ++ [int] eventPhase = 2
debug ++ [Boolean] bubbles = false
debug ++ [Boolean] cancelable = false
debug ++ [String] type = timer
debug +++ [int] repeatCount = 0
debug +++ [int] currentCount = 24
debug +++ [Boolean] running = true
debug +++ [int] delay = 120000
debug +++ [int] repeatCount = 0
debug +++ [int] currentCount = 24
debug +++ [Boolean] running = true
debug +++ [int] delay = 120000
debug time 10:59:56.29 :: After HeartBeat Count=25 Result=5
debug time 11:01:55.26 :: Before HeartBeat Count=26 Time=Mon Dec 19 2011 11:01:55 GMT+0100 AccountId=28699575 Session=8c44a867-6e2b-45f1-b59a-719cea7266fc
debug ++ [int] eventPhase = 2
debug ++ [Boolean] bubbles = false
debug ++ [Boolean] cancelable = false
debug ++ [String] type = timer
debug +++ [int] repeatCount = 0
debug +++ [int] currentCount = 25
debug +++ [Boolean] running = true
debug +++ [int] delay = 120000
debug +++ [int] repeatCount = 0
debug +++ [int] currentCount = 25
debug +++ [Boolean] running = true
debug +++ [int] delay = 120000
debug time 11:01:56.18 :: After HeartBeat Count=26 Result=5
debug time 11:03:55.25 :: Before HeartBeat Count=27 Time=Mon Dec 19 2011 11:03:55 GMT+0100 AccountId=28699575 Session=8c44a867-6e2b-45f1-b59a-719cea7266fc
debug ++ [int] eventPhase = 2
debug ++ [Boolean] bubbles = false
debug ++ [Boolean] cancelable = false
debug ++ [String] type = timer
debug +++ [int] repeatCount = 0
debug +++ [int] currentCount = 26
debug +++ [Boolean] running = true
debug +++ [int] delay = 120000
debug +++ [int] repeatCount = 0
debug +++ [int] currentCount = 26
debug +++ [Boolean] running = true
debug +++ [int] delay = 120000
debug time 11:03:56.18 :: After HeartBeat Count=27 Result=5
debug time 11:05:56.27 :: Before HeartBeat Count=28 Time=Mon Dec 19 2011 11:05:56 GMT+0100 AccountId=28699575 Session=8c44a867-6e2b-45f1-b59a-719cea7266fc
debug ++ [int] eventPhase = 2
debug ++ [Boolean] bubbles = false
debug ++ [Boolean] cancelable = false
debug ++ [String] type = timer
debug +++ [int] repeatCount = 0
debug +++ [int] currentCount = 27
debug +++ [Boolean] running = true
debug +++ [int] delay = 120000
debug +++ [int] repeatCount = 0
debug +++ [int] currentCount = 27
debug +++ [Boolean] running = true
debug +++ [int] delay = 120000
debug time 11:05:57.24 :: After HeartBeat Count=28 Result=5
debug time 11:07:57.26 :: Before HeartBeat Count=29 Time=Mon Dec 19 2011 11:07:57 GMT+0100 AccountId=28699575 Session=8c44a867-6e2b-45f1-b59a-719cea7266fc
debug ++ [int] eventPhase = 2
debug ++ [Boolean] bubbles = false
debug ++ [Boolean] cancelable = false
debug ++ [String] type = timer
debug +++ [int] repeatCount = 0
debug +++ [int] currentCount = 28
debug +++ [Boolean] running = true
debug +++ [int] delay = 120000
debug +++ [int] repeatCount = 0
debug +++ [int] currentCount = 28
debug +++ [Boolean] running = true
debug +++ [int] delay = 120000
debug time 11:07:58.20 :: After HeartBeat Count=29 Result=5
debug time 11:09:57.37 :: Before HeartBeat Count=30 Time=Mon Dec 19 2011 11:09:57 GMT+0100 AccountId=28699575 Session=8c44a867-6e2b-45f1-b59a-719cea7266fc
debug ++ [int] eventPhase = 2
debug ++ [Boolean] bubbles = false
debug ++ [Boolean] cancelable = false
debug ++ [String] type = timer
debug +++ [int] repeatCount = 0
debug +++ [int] currentCount = 29
debug +++ [Boolean] running = true
debug +++ [int] delay = 120000
debug +++ [int] repeatCount = 0
debug +++ [int] currentCount = 29
debug +++ [Boolean] running = true
debug +++ [int] delay = 120000
debug time 11:09:58.21 :: After HeartBeat Count=30 Result=5
debug time 11:11:58.29 :: Before HeartBeat Count=31 Time=Mon Dec 19 2011 11:11:58 GMT+0100 AccountId=28699575 Session=8c44a867-6e2b-45f1-b59a-719cea7266fc
debug ++ [int] eventPhase = 2
debug ++ [Boolean] bubbles = false
debug ++ [Boolean] cancelable = false
debug ++ [String] type = timer
debug +++ [int] repeatCount = 0
debug +++ [int] currentCount = 30
debug +++ [Boolean] running = true
debug +++ [int] delay = 120000
debug +++ [int] repeatCount = 0
debug +++ [int] currentCount = 30
debug +++ [Boolean] running = true
debug +++ [int] delay = 120000
debug time 11:11:59.23 :: After HeartBeat Count=31 Result=5
