debug time 13:15:33.821 :: Before HeartBeat Count=1 Time=Sat Feb 4 2012 13:15:33 GMT+0100 AccountId=29131007 Session=a0bbe01c-c2c6-46ff-b3d7-5ce29d39c778
STOP LOGGING: More than 0 nested objects or properties. 
debug time 13:15:34.582 :: After HeartBeat Count=1 Result=5
debug time 13:17:33.847 :: Before HeartBeat Count=2 Time=Sat Feb 4 2012 13:17:33 GMT+0100 AccountId=29131007 Session=a0bbe01c-c2c6-46ff-b3d7-5ce29d39c778
debug ++ [int] eventPhase = 2
debug ++ [Boolean] bubbles = false
debug ++ [Boolean] cancelable = false
debug ++ [String] type = timer
debug +++ [int] repeatCount = 0
debug +++ [int] currentCount = 1
debug +++ [Boolean] running = true
debug +++ [int] delay = 120000
debug +++ [int] repeatCount = 0
debug +++ [int] currentCount = 1
debug +++ [Boolean] running = true
debug +++ [int] delay = 120000
debug time 13:17:34.83 :: After HeartBeat Count=2 Result=5
debug time 13:19:33.874 :: Before HeartBeat Count=3 Time=Sat Feb 4 2012 13:19:33 GMT+0100 AccountId=29131007 Session=a0bbe01c-c2c6-46ff-b3d7-5ce29d39c778
debug ++ [int] eventPhase = 2
debug ++ [Boolean] bubbles = false
debug ++ [Boolean] cancelable = false
debug ++ [String] type = timer
debug +++ [int] repeatCount = 0
debug +++ [int] currentCount = 2
debug +++ [Boolean] running = true
debug +++ [int] delay = 120000
debug +++ [int] repeatCount = 0
debug +++ [int] currentCount = 2
debug +++ [Boolean] running = true
debug +++ [int] delay = 120000
debug time 13:19:34.78 :: After HeartBeat Count=3 Result=5
debug time 13:21:33.876 :: Before HeartBeat Count=4 Time=Sat Feb 4 2012 13:21:33 GMT+0100 AccountId=29131007 Session=a0bbe01c-c2c6-46ff-b3d7-5ce29d39c778
debug ++ [int] eventPhase = 2
debug ++ [Boolean] bubbles = false
debug ++ [Boolean] cancelable = false
debug ++ [String] type = timer
debug +++ [int] repeatCount = 0
debug +++ [int] currentCount = 3
debug +++ [Boolean] running = true
debug +++ [int] delay = 120000
debug +++ [int] repeatCount = 0
debug +++ [int] currentCount = 3
debug +++ [Boolean] running = true
debug +++ [int] delay = 120000
debug time 13:21:34.79 :: After HeartBeat Count=4 Result=5
debug time 13:23:33.914 :: Before HeartBeat Count=5 Time=Sat Feb 4 2012 13:23:33 GMT+0100 AccountId=29131007 Session=a0bbe01c-c2c6-46ff-b3d7-5ce29d39c778
debug ++ [int] eventPhase = 2
debug ++ [Boolean] bubbles = false
debug ++ [Boolean] cancelable = false
debug ++ [String] type = timer
debug +++ [int] repeatCount = 0
debug +++ [int] currentCount = 4
debug +++ [Boolean] running = true
debug +++ [int] delay = 120000
debug +++ [int] repeatCount = 0
debug +++ [int] currentCount = 4
debug +++ [Boolean] running = true
debug +++ [int] delay = 120000
debug time 13:23:34.121 :: After HeartBeat Count=5 Result=5
debug time 13:25:33.916 :: Before HeartBeat Count=6 Time=Sat Feb 4 2012 13:25:33 GMT+0100 AccountId=29131007 Session=a0bbe01c-c2c6-46ff-b3d7-5ce29d39c778
debug ++ [int] eventPhase = 2
debug ++ [Boolean] bubbles = false
debug ++ [Boolean] cancelable = false
debug ++ [String] type = timer
debug +++ [int] repeatCount = 0
debug +++ [int] currentCount = 5
debug +++ [Boolean] running = true
debug +++ [int] delay = 120000
debug +++ [int] repeatCount = 0
debug +++ [int] currentCount = 5
debug +++ [Boolean] running = true
debug +++ [int] delay = 120000
debug time 13:25:34.127 :: After HeartBeat Count=6 Result=5
debug time 13:27:33.935 :: Before HeartBeat Count=7 Time=Sat Feb 4 2012 13:27:33 GMT+0100 AccountId=29131007 Session=a0bbe01c-c2c6-46ff-b3d7-5ce29d39c778
debug ++ [int] eventPhase = 2
debug ++ [Boolean] bubbles = false
debug ++ [Boolean] cancelable = false
debug ++ [String] type = timer
debug +++ [int] repeatCount = 0
debug +++ [int] currentCount = 6
debug +++ [Boolean] running = true
debug +++ [int] delay = 120000
debug +++ [int] repeatCount = 0
debug +++ [int] currentCount = 6
debug +++ [Boolean] running = true
debug +++ [int] delay = 120000
debug time 13:27:34.121 :: After HeartBeat Count=7 Result=5
debug time 13:29:33.958 :: Before HeartBeat Count=8 Time=Sat Feb 4 2012 13:29:33 GMT+0100 AccountId=29131007 Session=a0bbe01c-c2c6-46ff-b3d7-5ce29d39c778
debug ++ [int] eventPhase = 2
debug ++ [Boolean] bubbles = false
debug ++ [Boolean] cancelable = false
debug ++ [String] type = timer
debug +++ [int] repeatCount = 0
debug +++ [int] currentCount = 7
debug +++ [Boolean] running = true
debug +++ [int] delay = 120000
debug +++ [int] repeatCount = 0
debug +++ [int] currentCount = 7
debug +++ [Boolean] running = true
debug +++ [int] delay = 120000
debug time 13:29:34.161 :: After HeartBeat Count=8 Result=5
debug time 13:31:33.974 :: Before HeartBeat Count=9 Time=Sat Feb 4 2012 13:31:33 GMT+0100 AccountId=29131007 Session=a0bbe01c-c2c6-46ff-b3d7-5ce29d39c778
debug ++ [int] eventPhase = 2
debug ++ [Boolean] bubbles = false
debug ++ [Boolean] cancelable = false
debug ++ [String] type = timer
debug +++ [int] repeatCount = 0
debug +++ [int] currentCount = 8
debug +++ [Boolean] running = true
debug +++ [int] delay = 120000
debug +++ [int] repeatCount = 0
debug +++ [int] currentCount = 8
debug +++ [Boolean] running = true
debug +++ [int] delay = 120000
debug time 13:31:34.209 :: After HeartBeat Count=9 Result=5
debug time 13:33:34.15 :: Before HeartBeat Count=10 Time=Sat Feb 4 2012 13:33:34 GMT+0100 AccountId=29131007 Session=a0bbe01c-c2c6-46ff-b3d7-5ce29d39c778
debug ++ [int] eventPhase = 2
debug ++ [Boolean] bubbles = false
debug ++ [Boolean] cancelable = false
debug ++ [String] type = timer
debug +++ [int] repeatCount = 0
debug +++ [int] currentCount = 9
debug +++ [Boolean] running = true
debug +++ [int] delay = 120000
debug +++ [int] repeatCount = 0
debug +++ [int] currentCount = 9
debug +++ [Boolean] running = true
debug +++ [int] delay = 120000
debug time 13:33:34.219 :: After HeartBeat Count=10 Result=5
debug time 13:35:34.26 :: Before HeartBeat Count=11 Time=Sat Feb 4 2012 13:35:34 GMT+0100 AccountId=29131007 Session=a0bbe01c-c2c6-46ff-b3d7-5ce29d39c778
debug ++ [int] eventPhase = 2
debug ++ [Boolean] bubbles = false
debug ++ [Boolean] cancelable = false
debug ++ [String] type = timer
debug +++ [int] repeatCount = 0
debug +++ [int] currentCount = 10
debug +++ [Boolean] running = true
debug +++ [int] delay = 120000
debug +++ [int] repeatCount = 0
debug +++ [int] currentCount = 10
debug +++ [Boolean] running = true
debug +++ [int] delay = 120000
debug time 13:35:34.263 :: After HeartBeat Count=11 Result=5
debug time 13:37:34.30 :: Before HeartBeat Count=12 Time=Sat Feb 4 2012 13:37:34 GMT+0100 AccountId=29131007 Session=a0bbe01c-c2c6-46ff-b3d7-5ce29d39c778
debug ++ [int] eventPhase = 2
debug ++ [Boolean] bubbles = false
debug ++ [Boolean] cancelable = false
debug ++ [String] type = timer
debug +++ [int] repeatCount = 0
debug +++ [int] currentCount = 11
debug +++ [Boolean] running = true
debug +++ [int] delay = 120000
debug +++ [int] repeatCount = 0
debug +++ [int] currentCount = 11
debug +++ [Boolean] running = true
debug +++ [int] delay = 120000
debug time 13:37:34.380 :: After HeartBeat Count=12 Result=5
debug time 13:39:34.153 :: Before HeartBeat Count=13 Time=Sat Feb 4 2012 13:39:34 GMT+0100 AccountId=29131007 Session=a0bbe01c-c2c6-46ff-b3d7-5ce29d39c778
debug ++ [int] eventPhase = 2
debug ++ [Boolean] bubbles = false
debug ++ [Boolean] cancelable = false
debug ++ [String] type = timer
debug +++ [int] repeatCount = 0
debug +++ [int] currentCount = 12
debug +++ [Boolean] running = true
debug +++ [int] delay = 120000
debug +++ [int] repeatCount = 0
debug +++ [int] currentCount = 12
debug +++ [Boolean] running = true
debug +++ [int] delay = 120000
debug time 13:39:35.149 :: After HeartBeat Count=13 Result=5
debug time 13:41:34.151 :: Before HeartBeat Count=14 Time=Sat Feb 4 2012 13:41:34 GMT+0100 AccountId=29131007 Session=a0bbe01c-c2c6-46ff-b3d7-5ce29d39c778
debug ++ [int] eventPhase = 2
debug ++ [Boolean] bubbles = false
debug ++ [Boolean] cancelable = false
debug ++ [String] type = timer
debug +++ [int] repeatCount = 0
debug +++ [int] currentCount = 13
debug +++ [Boolean] running = true
debug +++ [int] delay = 120000
debug +++ [int] repeatCount = 0
debug +++ [int] currentCount = 13
debug +++ [Boolean] running = true
debug +++ [int] delay = 120000
debug time 13:41:35.148 :: After HeartBeat Count=14 Result=5
debug time 13:43:34.158 :: Before HeartBeat Count=15 Time=Sat Feb 4 2012 13:43:34 GMT+0100 AccountId=29131007 Session=a0bbe01c-c2c6-46ff-b3d7-5ce29d39c778
debug ++ [int] eventPhase = 2
debug ++ [Boolean] bubbles = false
debug ++ [Boolean] cancelable = false
debug ++ [String] type = timer
debug +++ [int] repeatCount = 0
debug +++ [int] currentCount = 14
debug +++ [Boolean] running = true
debug +++ [int] delay = 120000
debug +++ [int] repeatCount = 0
debug +++ [int] currentCount = 14
debug +++ [Boolean] running = true
debug +++ [int] delay = 120000
debug time 13:43:35.148 :: After HeartBeat Count=15 Result=5
debug time 13:45:34.166 :: Before HeartBeat Count=16 Time=Sat Feb 4 2012 13:45:34 GMT+0100 AccountId=29131007 Session=a0bbe01c-c2c6-46ff-b3d7-5ce29d39c778
debug ++ [int] eventPhase = 2
debug ++ [Boolean] bubbles = false
debug ++ [Boolean] cancelable = false
debug ++ [String] type = timer
debug +++ [int] repeatCount = 0
debug +++ [int] currentCount = 15
debug +++ [Boolean] running = true
debug +++ [int] delay = 120000
debug +++ [int] repeatCount = 0
debug +++ [int] currentCount = 15
debug +++ [Boolean] running = true
debug +++ [int] delay = 120000
debug time 13:45:35.149 :: After HeartBeat Count=16 Result=5
debug time 13:47:35.153 :: Before HeartBeat Count=17 Time=Sat Feb 4 2012 13:47:35 GMT+0100 AccountId=29131007 Session=a0bbe01c-c2c6-46ff-b3d7-5ce29d39c778
debug ++ [int] eventPhase = 2
debug ++ [Boolean] bubbles = false
debug ++ [Boolean] cancelable = false
debug ++ [String] type = timer
debug +++ [int] repeatCount = 0
debug +++ [int] currentCount = 16
debug +++ [Boolean] running = true
debug +++ [int] delay = 120000
debug +++ [int] repeatCount = 0
debug +++ [int] currentCount = 16
debug +++ [Boolean] running = true
debug +++ [int] delay = 120000
debug time 13:47:36.149 :: After HeartBeat Count=17 Result=5
debug time 13:49:35.152 :: Before HeartBeat Count=18 Time=Sat Feb 4 2012 13:49:35 GMT+0100 AccountId=29131007 Session=a0bbe01c-c2c6-46ff-b3d7-5ce29d39c778
debug ++ [int] eventPhase = 2
debug ++ [Boolean] bubbles = false
debug ++ [Boolean] cancelable = false
debug ++ [String] type = timer
debug +++ [int] repeatCount = 0
debug +++ [int] currentCount = 17
debug +++ [Boolean] running = true
debug +++ [int] delay = 120000
debug +++ [int] repeatCount = 0
debug +++ [int] currentCount = 17
debug +++ [Boolean] running = true
debug +++ [int] delay = 120000
debug time 13:49:36.149 :: After HeartBeat Count=18 Result=5
debug time 13:51:35.181 :: Before HeartBeat Count=19 Time=Sat Feb 4 2012 13:51:35 GMT+0100 AccountId=29131007 Session=a0bbe01c-c2c6-46ff-b3d7-5ce29d39c778
debug ++ [int] eventPhase = 2
debug ++ [Boolean] bubbles = false
debug ++ [Boolean] cancelable = false
debug ++ [String] type = timer
debug +++ [int] repeatCount = 0
debug +++ [int] currentCount = 18
debug +++ [Boolean] running = true
debug +++ [int] delay = 120000
debug +++ [int] repeatCount = 0
debug +++ [int] currentCount = 18
debug +++ [Boolean] running = true
debug +++ [int] delay = 120000
debug time 13:51:36.177 :: After HeartBeat Count=19 Result=5
debug time 13:53:35.181 :: Before HeartBeat Count=20 Time=Sat Feb 4 2012 13:53:35 GMT+0100 AccountId=29131007 Session=a0bbe01c-c2c6-46ff-b3d7-5ce29d39c778
debug ++ [int] eventPhase = 2
debug ++ [Boolean] bubbles = false
debug ++ [Boolean] cancelable = false
debug ++ [String] type = timer
debug +++ [int] repeatCount = 0
debug +++ [int] currentCount = 19
debug +++ [Boolean] running = true
debug +++ [int] delay = 120000
debug +++ [int] repeatCount = 0
debug +++ [int] currentCount = 19
debug +++ [Boolean] running = true
debug +++ [int] delay = 120000
debug time 13:53:36.175 :: After HeartBeat Count=20 Result=5
debug time 13:55:36.183 :: Before HeartBeat Count=21 Time=Sat Feb 4 2012 13:55:36 GMT+0100 AccountId=29131007 Session=a0bbe01c-c2c6-46ff-b3d7-5ce29d39c778
debug ++ [int] eventPhase = 2
debug ++ [Boolean] bubbles = false
debug ++ [Boolean] cancelable = false
debug ++ [String] type = timer
debug +++ [int] repeatCount = 0
debug +++ [int] currentCount = 20
debug +++ [Boolean] running = true
debug +++ [int] delay = 120000
debug +++ [int] repeatCount = 0
debug +++ [int] currentCount = 20
debug +++ [Boolean] running = true
debug +++ [int] delay = 120000
debug time 13:55:37.176 :: After HeartBeat Count=21 Result=5
debug time 13:57:36.183 :: Before HeartBeat Count=22 Time=Sat Feb 4 2012 13:57:36 GMT+0100 AccountId=29131007 Session=a0bbe01c-c2c6-46ff-b3d7-5ce29d39c778
debug ++ [int] eventPhase = 2
debug ++ [Boolean] bubbles = false
debug ++ [Boolean] cancelable = false
debug ++ [String] type = timer
debug +++ [int] repeatCount = 0
debug +++ [int] currentCount = 21
debug +++ [Boolean] running = true
debug +++ [int] delay = 120000
debug +++ [int] repeatCount = 0
debug +++ [int] currentCount = 21
debug +++ [Boolean] running = true
debug +++ [int] delay = 120000
debug time 13:57:37.176 :: After HeartBeat Count=22 Result=5
debug time 13:59:37.180 :: Before HeartBeat Count=23 Time=Sat Feb 4 2012 13:59:37 GMT+0100 AccountId=29131007 Session=a0bbe01c-c2c6-46ff-b3d7-5ce29d39c778
debug ++ [int] eventPhase = 2
debug ++ [Boolean] bubbles = false
debug ++ [Boolean] cancelable = false
debug ++ [String] type = timer
debug +++ [int] repeatCount = 0
debug +++ [int] currentCount = 22
debug +++ [Boolean] running = true
debug +++ [int] delay = 120000
debug +++ [int] repeatCount = 0
debug +++ [int] currentCount = 22
debug +++ [Boolean] running = true
debug +++ [int] delay = 120000
debug time 13:59:38.176 :: After HeartBeat Count=23 Result=5
debug time 14:01:37.180 :: Before HeartBeat Count=24 Time=Sat Feb 4 2012 14:01:37 GMT+0100 AccountId=29131007 Session=a0bbe01c-c2c6-46ff-b3d7-5ce29d39c778
debug ++ [int] eventPhase = 2
debug ++ [Boolean] bubbles = false
debug ++ [Boolean] cancelable = false
debug ++ [String] type = timer
debug +++ [int] repeatCount = 0
debug +++ [int] currentCount = 23
debug +++ [Boolean] running = true
debug +++ [int] delay = 120000
debug +++ [int] repeatCount = 0
debug +++ [int] currentCount = 23
debug +++ [Boolean] running = true
debug +++ [int] delay = 120000
debug time 14:01:38.175 :: After HeartBeat Count=24 Result=5
debug time 14:03:38.179 :: Before HeartBeat Count=25 Time=Sat Feb 4 2012 14:03:38 GMT+0100 AccountId=29131007 Session=a0bbe01c-c2c6-46ff-b3d7-5ce29d39c778
debug ++ [int] eventPhase = 2
debug ++ [Boolean] bubbles = false
debug ++ [Boolean] cancelable = false
debug ++ [String] type = timer
debug +++ [int] repeatCount = 0
debug +++ [int] currentCount = 24
debug +++ [Boolean] running = true
debug +++ [int] delay = 120000
debug +++ [int] repeatCount = 0
debug +++ [int] currentCount = 24
debug +++ [Boolean] running = true
debug +++ [int] delay = 120000
debug time 14:03:39.176 :: After HeartBeat Count=25 Result=5
debug time 14:05:38.180 :: Before HeartBeat Count=26 Time=Sat Feb 4 2012 14:05:38 GMT+0100 AccountId=29131007 Session=a0bbe01c-c2c6-46ff-b3d7-5ce29d39c778
debug ++ [int] eventPhase = 2
debug ++ [Boolean] bubbles = false
debug ++ [Boolean] cancelable = false
debug ++ [String] type = timer
debug +++ [int] repeatCount = 0
debug +++ [int] currentCount = 25
debug +++ [Boolean] running = true
debug +++ [int] delay = 120000
debug +++ [int] repeatCount = 0
debug +++ [int] currentCount = 25
debug +++ [Boolean] running = true
debug +++ [int] delay = 120000
debug time 14:05:39.177 :: After HeartBeat Count=26 Result=5
debug time 14:06:04.236 :: Performing heartbeat at Sat Feb 4 2012 14:06:04 GMT+0100
