debug time 17:01:01.56 :: Before HeartBeat Count=1 Time=Fri Apr 20 2012 17:01:01 GMT+0200 AccountId=29131007 Session=757eeab1-344b-4a58-aecd-a7829f71f894
STOP LOGGING: More than 0 nested objects or properties. 
debug time 17:01:01.437 :: After HeartBeat Count=1 Result=5
debug time 17:03:01.96 :: Before HeartBeat Count=2 Time=Fri Apr 20 2012 17:03:01 GMT+0200 AccountId=29131007 Session=757eeab1-344b-4a58-aecd-a7829f71f894
debug ++ [Boolean] bubbles = false
debug ++ [Boolean] cancelable = false
debug ++ [String] type = timer
debug +++ [Boolean] running = true
debug +++ [int] delay = 120000
debug +++ [int] currentCount = 1
debug +++ [int] repeatCount = 0
debug +++ [Boolean] running = true
debug +++ [int] delay = 120000
debug +++ [int] currentCount = 1
debug +++ [int] repeatCount = 0
debug ++ [int] eventPhase = 2
debug time 17:03:01.279 :: After HeartBeat Count=2 Result=5
debug time 17:05:01.467 :: Before HeartBeat Count=3 Time=Fri Apr 20 2012 17:05:01 GMT+0200 AccountId=29131007 Session=757eeab1-344b-4a58-aecd-a7829f71f894
debug ++ [Boolean] bubbles = false
debug ++ [Boolean] cancelable = false
debug ++ [String] type = timer
debug +++ [Boolean] running = true
debug +++ [int] delay = 120000
debug +++ [int] currentCount = 2
debug +++ [int] repeatCount = 0
debug +++ [Boolean] running = true
debug +++ [int] delay = 120000
debug +++ [int] currentCount = 2
debug +++ [int] repeatCount = 0
debug ++ [int] eventPhase = 2
debug time 17:05:01.636 :: After HeartBeat Count=3 Result=5
debug time 17:07:01.467 :: Before HeartBeat Count=4 Time=Fri Apr 20 2012 17:07:01 GMT+0200 AccountId=29131007 Session=757eeab1-344b-4a58-aecd-a7829f71f894
debug ++ [Boolean] bubbles = false
debug ++ [Boolean] cancelable = false
debug ++ [String] type = timer
debug +++ [Boolean] running = true
debug +++ [int] delay = 120000
debug +++ [int] currentCount = 3
debug +++ [int] repeatCount = 0
debug +++ [Boolean] running = true
debug +++ [int] delay = 120000
debug +++ [int] currentCount = 3
debug +++ [int] repeatCount = 0
debug ++ [int] eventPhase = 2
debug time 17:07:01.638 :: After HeartBeat Count=4 Result=5
debug time 17:09:01.467 :: Before HeartBeat Count=5 Time=Fri Apr 20 2012 17:09:01 GMT+0200 AccountId=29131007 Session=757eeab1-344b-4a58-aecd-a7829f71f894
debug ++ [Boolean] bubbles = false
debug ++ [Boolean] cancelable = false
debug ++ [String] type = timer
debug +++ [Boolean] running = true
debug +++ [int] delay = 120000
debug +++ [int] currentCount = 4
debug +++ [int] repeatCount = 0
debug +++ [Boolean] running = true
debug +++ [int] delay = 120000
debug +++ [int] currentCount = 4
debug +++ [int] repeatCount = 0
debug ++ [int] eventPhase = 2
debug time 17:09:01.637 :: After HeartBeat Count=5 Result=5
debug time 17:11:01.467 :: Before HeartBeat Count=6 Time=Fri Apr 20 2012 17:11:01 GMT+0200 AccountId=29131007 Session=757eeab1-344b-4a58-aecd-a7829f71f894
debug ++ [Boolean] bubbles = false
debug ++ [Boolean] cancelable = false
debug ++ [String] type = timer
debug +++ [Boolean] running = true
debug +++ [int] delay = 120000
debug +++ [int] currentCount = 5
debug +++ [int] repeatCount = 0
debug +++ [Boolean] running = true
debug +++ [int] delay = 120000
debug +++ [int] currentCount = 5
debug +++ [int] repeatCount = 0
debug ++ [int] eventPhase = 2
debug time 17:11:01.636 :: After HeartBeat Count=6 Result=5
debug time 17:13:01.468 :: Before HeartBeat Count=7 Time=Fri Apr 20 2012 17:13:01 GMT+0200 AccountId=29131007 Session=757eeab1-344b-4a58-aecd-a7829f71f894
debug ++ [Boolean] bubbles = false
debug ++ [Boolean] cancelable = false
debug ++ [String] type = timer
debug +++ [Boolean] running = true
debug +++ [int] delay = 120000
debug +++ [int] currentCount = 6
debug +++ [int] repeatCount = 0
debug +++ [Boolean] running = true
debug +++ [int] delay = 120000
debug +++ [int] currentCount = 6
debug +++ [int] repeatCount = 0
debug ++ [int] eventPhase = 2
debug time 17:13:01.637 :: After HeartBeat Count=7 Result=5
debug time 17:15:01.467 :: Before HeartBeat Count=8 Time=Fri Apr 20 2012 17:15:01 GMT+0200 AccountId=29131007 Session=757eeab1-344b-4a58-aecd-a7829f71f894
debug ++ [Boolean] bubbles = false
debug ++ [Boolean] cancelable = false
debug ++ [String] type = timer
debug +++ [Boolean] running = true
debug +++ [int] delay = 120000
debug +++ [int] currentCount = 7
debug +++ [int] repeatCount = 0
debug +++ [Boolean] running = true
debug +++ [int] delay = 120000
debug +++ [int] currentCount = 7
debug +++ [int] repeatCount = 0
debug ++ [int] eventPhase = 2
debug time 17:15:01.637 :: After HeartBeat Count=8 Result=5
debug time 17:17:01.467 :: Before HeartBeat Count=9 Time=Fri Apr 20 2012 17:17:01 GMT+0200 AccountId=29131007 Session=757eeab1-344b-4a58-aecd-a7829f71f894
debug ++ [Boolean] bubbles = false
debug ++ [Boolean] cancelable = false
debug ++ [String] type = timer
debug +++ [Boolean] running = true
debug +++ [int] delay = 120000
debug +++ [int] currentCount = 8
debug +++ [int] repeatCount = 0
debug +++ [Boolean] running = true
debug +++ [int] delay = 120000
debug +++ [int] currentCount = 8
debug +++ [int] repeatCount = 0
debug ++ [int] eventPhase = 2
debug time 17:17:01.635 :: After HeartBeat Count=9 Result=5
debug time 17:19:01.467 :: Before HeartBeat Count=10 Time=Fri Apr 20 2012 17:19:01 GMT+0200 AccountId=29131007 Session=757eeab1-344b-4a58-aecd-a7829f71f894
debug ++ [Boolean] bubbles = false
debug ++ [Boolean] cancelable = false
debug ++ [String] type = timer
debug +++ [Boolean] running = true
debug +++ [int] delay = 120000
debug +++ [int] currentCount = 9
debug +++ [int] repeatCount = 0
debug +++ [Boolean] running = true
debug +++ [int] delay = 120000
debug +++ [int] currentCount = 9
debug +++ [int] repeatCount = 0
debug ++ [int] eventPhase = 2
debug time 17:19:01.637 :: After HeartBeat Count=10 Result=5
debug time 17:21:02.468 :: Before HeartBeat Count=11 Time=Fri Apr 20 2012 17:21:02 GMT+0200 AccountId=29131007 Session=757eeab1-344b-4a58-aecd-a7829f71f894
debug ++ [Boolean] bubbles = false
debug ++ [Boolean] cancelable = false
debug ++ [String] type = timer
debug +++ [Boolean] running = true
debug +++ [int] delay = 120000
debug +++ [int] currentCount = 10
debug +++ [int] repeatCount = 0
debug +++ [Boolean] running = true
debug +++ [int] delay = 120000
debug +++ [int] currentCount = 10
debug +++ [int] repeatCount = 0
debug ++ [int] eventPhase = 2
debug time 17:21:02.639 :: After HeartBeat Count=11 Result=5
debug time 17:23:02.473 :: Before HeartBeat Count=12 Time=Fri Apr 20 2012 17:23:02 GMT+0200 AccountId=29131007 Session=757eeab1-344b-4a58-aecd-a7829f71f894
debug ++ [Boolean] bubbles = false
debug ++ [Boolean] cancelable = false
debug ++ [String] type = timer
debug +++ [Boolean] running = true
debug +++ [int] delay = 120000
debug +++ [int] currentCount = 11
debug +++ [int] repeatCount = 0
debug +++ [Boolean] running = true
debug +++ [int] delay = 120000
debug +++ [int] currentCount = 11
debug +++ [int] repeatCount = 0
debug ++ [int] eventPhase = 2
debug time 17:23:02.649 :: After HeartBeat Count=12 Result=5
debug time 17:25:03.467 :: Before HeartBeat Count=13 Time=Fri Apr 20 2012 17:25:03 GMT+0200 AccountId=29131007 Session=757eeab1-344b-4a58-aecd-a7829f71f894
debug ++ [Boolean] bubbles = false
debug ++ [Boolean] cancelable = false
debug ++ [String] type = timer
debug +++ [Boolean] running = true
debug +++ [int] delay = 120000
debug +++ [int] currentCount = 12
debug +++ [int] repeatCount = 0
debug +++ [Boolean] running = true
debug +++ [int] delay = 120000
debug +++ [int] currentCount = 12
debug +++ [int] repeatCount = 0
debug ++ [int] eventPhase = 2
debug time 17:25:03.637 :: After HeartBeat Count=13 Result=5
debug time 17:27:03.466 :: Before HeartBeat Count=14 Time=Fri Apr 20 2012 17:27:03 GMT+0200 AccountId=29131007 Session=757eeab1-344b-4a58-aecd-a7829f71f894
debug ++ [Boolean] bubbles = false
debug ++ [Boolean] cancelable = false
debug ++ [String] type = timer
debug +++ [Boolean] running = true
debug +++ [int] delay = 120000
debug +++ [int] currentCount = 13
debug +++ [int] repeatCount = 0
debug +++ [Boolean] running = true
debug +++ [int] delay = 120000
debug +++ [int] currentCount = 13
debug +++ [int] repeatCount = 0
debug ++ [int] eventPhase = 2
debug time 17:27:03.636 :: After HeartBeat Count=14 Result=5
debug time 17:29:03.468 :: Before HeartBeat Count=15 Time=Fri Apr 20 2012 17:29:03 GMT+0200 AccountId=29131007 Session=757eeab1-344b-4a58-aecd-a7829f71f894
debug ++ [Boolean] bubbles = false
debug ++ [Boolean] cancelable = false
debug ++ [String] type = timer
debug +++ [Boolean] running = true
debug +++ [int] delay = 120000
debug +++ [int] currentCount = 14
debug +++ [int] repeatCount = 0
debug +++ [Boolean] running = true
debug +++ [int] delay = 120000
debug +++ [int] currentCount = 14
debug +++ [int] repeatCount = 0
debug ++ [int] eventPhase = 2
debug time 17:29:03.637 :: After HeartBeat Count=15 Result=5
debug time 17:31:04.468 :: Before HeartBeat Count=16 Time=Fri Apr 20 2012 17:31:04 GMT+0200 AccountId=29131007 Session=757eeab1-344b-4a58-aecd-a7829f71f894
debug ++ [Boolean] bubbles = false
debug ++ [Boolean] cancelable = false
debug ++ [String] type = timer
debug +++ [Boolean] running = true
debug +++ [int] delay = 120000
debug +++ [int] currentCount = 15
debug +++ [int] repeatCount = 0
debug +++ [Boolean] running = true
debug +++ [int] delay = 120000
debug +++ [int] currentCount = 15
debug +++ [int] repeatCount = 0
debug ++ [int] eventPhase = 2
debug time 17:31:04.639 :: After HeartBeat Count=16 Result=5
debug time 17:32:38.93 :: Performing heartbeat at Fri Apr 20 2012 17:32:38 GMT+0200
debug time 17:33:04.484 :: Before HeartBeat Count=17 Time=Fri Apr 20 2012 17:33:04 GMT+0200 AccountId=29131007 Session=757eeab1-344b-4a58-aecd-a7829f71f894
debug ++ [Boolean] bubbles = false
debug ++ [Boolean] cancelable = false
debug ++ [String] type = timer
debug +++ [Boolean] running = true
debug +++ [int] delay = 120000
debug +++ [int] currentCount = 16
debug +++ [int] repeatCount = 0
debug +++ [Boolean] running = true
debug +++ [int] delay = 120000
debug +++ [int] currentCount = 16
debug +++ [int] repeatCount = 0
debug ++ [int] eventPhase = 2
debug time 17:33:04.681 :: After HeartBeat Count=17 Result=5
