debug time 21:28:36.245 :: Before HeartBeat Count=1 Time=Tue Jan 17 2012 21:28:36 GMT+0100 AccountId=29131007 Session=11a58064-76b5-416f-bfc0-d3ffa8a463ad
STOP LOGGING: More than 0 nested objects or properties. 
debug time 21:28:37.321 :: After HeartBeat Count=1 Result=5
debug time 21:30:36.253 :: Before HeartBeat Count=2 Time=Tue Jan 17 2012 21:30:36 GMT+0100 AccountId=29131007 Session=11a58064-76b5-416f-bfc0-d3ffa8a463ad
debug ++ [int] eventPhase = 2
debug ++ [Boolean] bubbles = false
debug ++ [Boolean] cancelable = false
debug ++ [String] type = timer
debug +++ [int] repeatCount = 0
debug +++ [int] currentCount = 1
debug +++ [Boolean] running = true
debug +++ [int] delay = 120000
debug +++ [int] repeatCount = 0
debug +++ [int] currentCount = 1
debug +++ [Boolean] running = true
debug +++ [int] delay = 120000
debug time 21:30:36.458 :: After HeartBeat Count=2 Result=5
debug time 21:32:36.284 :: Before HeartBeat Count=3 Time=Tue Jan 17 2012 21:32:36 GMT+0100 AccountId=29131007 Session=11a58064-76b5-416f-bfc0-d3ffa8a463ad
debug ++ [int] eventPhase = 2
debug ++ [Boolean] bubbles = false
debug ++ [Boolean] cancelable = false
debug ++ [String] type = timer
debug +++ [int] repeatCount = 0
debug +++ [int] currentCount = 2
debug +++ [Boolean] running = true
debug +++ [int] delay = 120000
debug +++ [int] repeatCount = 0
debug +++ [int] currentCount = 2
debug +++ [Boolean] running = true
debug +++ [int] delay = 120000
debug time 21:32:36.489 :: After HeartBeat Count=3 Result=5
debug time 21:34:36.284 :: Before HeartBeat Count=4 Time=Tue Jan 17 2012 21:34:36 GMT+0100 AccountId=29131007 Session=11a58064-76b5-416f-bfc0-d3ffa8a463ad
debug ++ [int] eventPhase = 2
debug ++ [Boolean] bubbles = false
debug ++ [Boolean] cancelable = false
debug ++ [String] type = timer
debug +++ [int] repeatCount = 0
debug +++ [int] currentCount = 3
debug +++ [Boolean] running = true
debug +++ [int] delay = 120000
debug +++ [int] repeatCount = 0
debug +++ [int] currentCount = 3
debug +++ [Boolean] running = true
debug +++ [int] delay = 120000
debug time 21:34:36.489 :: After HeartBeat Count=4 Result=5
debug time 21:36:36.306 :: Before HeartBeat Count=5 Time=Tue Jan 17 2012 21:36:36 GMT+0100 AccountId=29131007 Session=11a58064-76b5-416f-bfc0-d3ffa8a463ad
debug ++ [int] eventPhase = 2
debug ++ [Boolean] bubbles = false
debug ++ [Boolean] cancelable = false
debug ++ [String] type = timer
debug +++ [int] repeatCount = 0
debug +++ [int] currentCount = 4
debug +++ [Boolean] running = true
debug +++ [int] delay = 120000
debug +++ [int] repeatCount = 0
debug +++ [int] currentCount = 4
debug +++ [Boolean] running = true
debug +++ [int] delay = 120000
debug time 21:36:36.515 :: After HeartBeat Count=5 Result=5
debug time 21:38:36.327 :: Before HeartBeat Count=6 Time=Tue Jan 17 2012 21:38:36 GMT+0100 AccountId=29131007 Session=11a58064-76b5-416f-bfc0-d3ffa8a463ad
debug ++ [int] eventPhase = 2
debug ++ [Boolean] bubbles = false
debug ++ [Boolean] cancelable = false
debug ++ [String] type = timer
debug +++ [int] repeatCount = 0
debug +++ [int] currentCount = 5
debug +++ [Boolean] running = true
debug +++ [int] delay = 120000
debug +++ [int] repeatCount = 0
debug +++ [int] currentCount = 5
debug +++ [Boolean] running = true
debug +++ [int] delay = 120000
debug time 21:38:36.504 :: After HeartBeat Count=6 Result=5
debug time 21:40:36.327 :: Before HeartBeat Count=7 Time=Tue Jan 17 2012 21:40:36 GMT+0100 AccountId=29131007 Session=11a58064-76b5-416f-bfc0-d3ffa8a463ad
debug ++ [int] eventPhase = 2
debug ++ [Boolean] bubbles = false
debug ++ [Boolean] cancelable = false
debug ++ [String] type = timer
debug +++ [int] repeatCount = 0
debug +++ [int] currentCount = 6
debug +++ [Boolean] running = true
debug +++ [int] delay = 120000
debug +++ [int] repeatCount = 0
debug +++ [int] currentCount = 6
debug +++ [Boolean] running = true
debug +++ [int] delay = 120000
debug time 21:40:36.503 :: After HeartBeat Count=7 Result=5
debug time 21:42:36.362 :: Before HeartBeat Count=8 Time=Tue Jan 17 2012 21:42:36 GMT+0100 AccountId=29131007 Session=11a58064-76b5-416f-bfc0-d3ffa8a463ad
debug ++ [int] eventPhase = 2
debug ++ [Boolean] bubbles = false
debug ++ [Boolean] cancelable = false
debug ++ [String] type = timer
debug +++ [int] repeatCount = 0
debug +++ [int] currentCount = 7
debug +++ [Boolean] running = true
debug +++ [int] delay = 120000
debug +++ [int] repeatCount = 0
debug +++ [int] currentCount = 7
debug +++ [Boolean] running = true
debug +++ [int] delay = 120000
debug time 21:42:36.563 :: After HeartBeat Count=8 Result=5
debug time 21:44:36.870 :: Before HeartBeat Count=9 Time=Tue Jan 17 2012 21:44:36 GMT+0100 AccountId=29131007 Session=11a58064-76b5-416f-bfc0-d3ffa8a463ad
debug ++ [int] eventPhase = 2
debug ++ [Boolean] bubbles = false
debug ++ [Boolean] cancelable = false
debug ++ [String] type = timer
debug +++ [int] repeatCount = 0
debug +++ [int] currentCount = 8
debug +++ [Boolean] running = true
debug +++ [int] delay = 120000
debug +++ [int] repeatCount = 0
debug +++ [int] currentCount = 8
debug +++ [Boolean] running = true
debug +++ [int] delay = 120000
debug time 21:44:37.866 :: After HeartBeat Count=9 Result=5
debug time 21:46:36.904 :: Before HeartBeat Count=10 Time=Tue Jan 17 2012 21:46:36 GMT+0100 AccountId=29131007 Session=11a58064-76b5-416f-bfc0-d3ffa8a463ad
debug ++ [int] eventPhase = 2
debug ++ [Boolean] bubbles = false
debug ++ [Boolean] cancelable = false
debug ++ [String] type = timer
debug +++ [int] repeatCount = 0
debug +++ [int] currentCount = 9
debug +++ [Boolean] running = true
debug +++ [int] delay = 120000
debug +++ [int] repeatCount = 0
debug +++ [int] currentCount = 9
debug +++ [Boolean] running = true
debug +++ [int] delay = 120000
debug time 21:46:37.870 :: After HeartBeat Count=10 Result=5
debug time 21:48:37.869 :: Before HeartBeat Count=11 Time=Tue Jan 17 2012 21:48:37 GMT+0100 AccountId=29131007 Session=11a58064-76b5-416f-bfc0-d3ffa8a463ad
debug ++ [int] eventPhase = 2
debug ++ [Boolean] bubbles = false
debug ++ [Boolean] cancelable = false
debug ++ [String] type = timer
debug +++ [int] repeatCount = 0
debug +++ [int] currentCount = 10
debug +++ [Boolean] running = true
debug +++ [int] delay = 120000
debug +++ [int] repeatCount = 0
debug +++ [int] currentCount = 10
debug +++ [Boolean] running = true
debug +++ [int] delay = 120000
debug time 21:48:38.865 :: After HeartBeat Count=11 Result=5
debug time 21:50:37.895 :: Before HeartBeat Count=12 Time=Tue Jan 17 2012 21:50:37 GMT+0100 AccountId=29131007 Session=11a58064-76b5-416f-bfc0-d3ffa8a463ad
debug ++ [int] eventPhase = 2
debug ++ [Boolean] bubbles = false
debug ++ [Boolean] cancelable = false
debug ++ [String] type = timer
debug +++ [int] repeatCount = 0
debug +++ [int] currentCount = 11
debug +++ [Boolean] running = true
debug +++ [int] delay = 120000
debug +++ [int] repeatCount = 0
debug +++ [int] currentCount = 11
debug +++ [Boolean] running = true
debug +++ [int] delay = 120000
debug time 21:50:38.870 :: After HeartBeat Count=12 Result=5
debug time 21:52:38.869 :: Before HeartBeat Count=13 Time=Tue Jan 17 2012 21:52:38 GMT+0100 AccountId=29131007 Session=11a58064-76b5-416f-bfc0-d3ffa8a463ad
debug ++ [int] eventPhase = 2
debug ++ [Boolean] bubbles = false
debug ++ [Boolean] cancelable = false
debug ++ [String] type = timer
debug +++ [int] repeatCount = 0
debug +++ [int] currentCount = 12
debug +++ [Boolean] running = true
debug +++ [int] delay = 120000
debug +++ [int] repeatCount = 0
debug +++ [int] currentCount = 12
debug +++ [Boolean] running = true
debug +++ [int] delay = 120000
debug time 21:52:39.865 :: After HeartBeat Count=13 Result=5
debug time 21:54:38.870 :: Before HeartBeat Count=14 Time=Tue Jan 17 2012 21:54:38 GMT+0100 AccountId=29131007 Session=11a58064-76b5-416f-bfc0-d3ffa8a463ad
debug ++ [int] eventPhase = 2
debug ++ [Boolean] bubbles = false
debug ++ [Boolean] cancelable = false
debug ++ [String] type = timer
debug +++ [int] repeatCount = 0
debug +++ [int] currentCount = 13
debug +++ [Boolean] running = true
debug +++ [int] delay = 120000
debug +++ [int] repeatCount = 0
debug +++ [int] currentCount = 13
debug +++ [Boolean] running = true
debug +++ [int] delay = 120000
debug time 21:54:39.866 :: After HeartBeat Count=14 Result=5
debug time 21:56:38.870 :: Before HeartBeat Count=15 Time=Tue Jan 17 2012 21:56:38 GMT+0100 AccountId=29131007 Session=11a58064-76b5-416f-bfc0-d3ffa8a463ad
debug ++ [int] eventPhase = 2
debug ++ [Boolean] bubbles = false
debug ++ [Boolean] cancelable = false
debug ++ [String] type = timer
debug +++ [int] repeatCount = 0
debug +++ [int] currentCount = 14
debug +++ [Boolean] running = true
debug +++ [int] delay = 120000
debug +++ [int] repeatCount = 0
debug +++ [int] currentCount = 14
debug +++ [Boolean] running = true
debug +++ [int] delay = 120000
debug time 21:56:39.866 :: After HeartBeat Count=15 Result=5
debug time 21:58:38.870 :: Before HeartBeat Count=16 Time=Tue Jan 17 2012 21:58:38 GMT+0100 AccountId=29131007 Session=11a58064-76b5-416f-bfc0-d3ffa8a463ad
debug ++ [int] eventPhase = 2
debug ++ [Boolean] bubbles = false
debug ++ [Boolean] cancelable = false
debug ++ [String] type = timer
debug +++ [int] repeatCount = 0
debug +++ [int] currentCount = 15
debug +++ [Boolean] running = true
debug +++ [int] delay = 120000
debug +++ [int] repeatCount = 0
debug +++ [int] currentCount = 15
debug +++ [Boolean] running = true
debug +++ [int] delay = 120000
debug time 21:58:39.866 :: After HeartBeat Count=16 Result=5
debug time 22:00:38.870 :: Before HeartBeat Count=17 Time=Tue Jan 17 2012 22:00:38 GMT+0100 AccountId=29131007 Session=11a58064-76b5-416f-bfc0-d3ffa8a463ad
debug ++ [int] eventPhase = 2
debug ++ [Boolean] bubbles = false
debug ++ [Boolean] cancelable = false
debug ++ [String] type = timer
debug +++ [int] repeatCount = 0
debug +++ [int] currentCount = 16
debug +++ [Boolean] running = true
debug +++ [int] delay = 120000
debug +++ [int] repeatCount = 0
debug +++ [int] currentCount = 16
debug +++ [Boolean] running = true
debug +++ [int] delay = 120000
debug time 22:00:39.866 :: After HeartBeat Count=17 Result=5
debug time 22:02:38.874 :: Before HeartBeat Count=18 Time=Tue Jan 17 2012 22:02:38 GMT+0100 AccountId=29131007 Session=11a58064-76b5-416f-bfc0-d3ffa8a463ad
debug ++ [int] eventPhase = 2
debug ++ [Boolean] bubbles = false
debug ++ [Boolean] cancelable = false
debug ++ [String] type = timer
debug +++ [int] repeatCount = 0
debug +++ [int] currentCount = 17
debug +++ [Boolean] running = true
debug +++ [int] delay = 120000
debug +++ [int] repeatCount = 0
debug +++ [int] currentCount = 17
debug +++ [Boolean] running = true
debug +++ [int] delay = 120000
debug time 22:02:39.865 :: After HeartBeat Count=18 Result=5
debug time 22:04:39.869 :: Before HeartBeat Count=19 Time=Tue Jan 17 2012 22:04:39 GMT+0100 AccountId=29131007 Session=11a58064-76b5-416f-bfc0-d3ffa8a463ad
debug ++ [int] eventPhase = 2
debug ++ [Boolean] bubbles = false
debug ++ [Boolean] cancelable = false
debug ++ [String] type = timer
debug +++ [int] repeatCount = 0
debug +++ [int] currentCount = 18
debug +++ [Boolean] running = true
debug +++ [int] delay = 120000
debug +++ [int] repeatCount = 0
debug +++ [int] currentCount = 18
debug +++ [Boolean] running = true
debug +++ [int] delay = 120000
debug time 22:04:40.865 :: After HeartBeat Count=19 Result=5
debug time 22:06:39.869 :: Before HeartBeat Count=20 Time=Tue Jan 17 2012 22:06:39 GMT+0100 AccountId=29131007 Session=11a58064-76b5-416f-bfc0-d3ffa8a463ad
debug ++ [int] eventPhase = 2
debug ++ [Boolean] bubbles = false
debug ++ [Boolean] cancelable = false
debug ++ [String] type = timer
debug +++ [int] repeatCount = 0
debug +++ [int] currentCount = 19
debug +++ [Boolean] running = true
debug +++ [int] delay = 120000
debug +++ [int] repeatCount = 0
debug +++ [int] currentCount = 19
debug +++ [Boolean] running = true
debug +++ [int] delay = 120000
debug time 22:06:40.865 :: After HeartBeat Count=20 Result=5
debug time 22:08:40.869 :: Before HeartBeat Count=21 Time=Tue Jan 17 2012 22:08:40 GMT+0100 AccountId=29131007 Session=11a58064-76b5-416f-bfc0-d3ffa8a463ad
debug ++ [int] eventPhase = 2
debug ++ [Boolean] bubbles = false
debug ++ [Boolean] cancelable = false
debug ++ [String] type = timer
debug +++ [int] repeatCount = 0
debug +++ [int] currentCount = 20
debug +++ [Boolean] running = true
debug +++ [int] delay = 120000
debug +++ [int] repeatCount = 0
debug +++ [int] currentCount = 20
debug +++ [Boolean] running = true
debug +++ [int] delay = 120000
debug time 22:08:41.865 :: After HeartBeat Count=21 Result=5
debug time 22:10:40.870 :: Before HeartBeat Count=22 Time=Tue Jan 17 2012 22:10:40 GMT+0100 AccountId=29131007 Session=11a58064-76b5-416f-bfc0-d3ffa8a463ad
debug ++ [int] eventPhase = 2
debug ++ [Boolean] bubbles = false
debug ++ [Boolean] cancelable = false
debug ++ [String] type = timer
debug +++ [int] repeatCount = 0
debug +++ [int] currentCount = 21
debug +++ [Boolean] running = true
debug +++ [int] delay = 120000
debug +++ [int] repeatCount = 0
debug +++ [int] currentCount = 21
debug +++ [Boolean] running = true
debug +++ [int] delay = 120000
debug time 22:10:41.866 :: After HeartBeat Count=22 Result=5
debug time 22:12:40.870 :: Before HeartBeat Count=23 Time=Tue Jan 17 2012 22:12:40 GMT+0100 AccountId=29131007 Session=11a58064-76b5-416f-bfc0-d3ffa8a463ad
debug ++ [int] eventPhase = 2
debug ++ [Boolean] bubbles = false
debug ++ [Boolean] cancelable = false
debug ++ [String] type = timer
debug +++ [int] repeatCount = 0
debug +++ [int] currentCount = 22
debug +++ [Boolean] running = true
debug +++ [int] delay = 120000
debug +++ [int] repeatCount = 0
debug +++ [int] currentCount = 22
debug +++ [Boolean] running = true
debug +++ [int] delay = 120000
debug time 22:12:41.866 :: After HeartBeat Count=23 Result=5
debug time 22:14:40.870 :: Before HeartBeat Count=24 Time=Tue Jan 17 2012 22:14:40 GMT+0100 AccountId=29131007 Session=11a58064-76b5-416f-bfc0-d3ffa8a463ad
debug ++ [int] eventPhase = 2
debug ++ [Boolean] bubbles = false
debug ++ [Boolean] cancelable = false
debug ++ [String] type = timer
debug +++ [int] repeatCount = 0
debug +++ [int] currentCount = 23
debug +++ [Boolean] running = true
debug +++ [int] delay = 120000
debug +++ [int] repeatCount = 0
debug +++ [int] currentCount = 23
debug +++ [Boolean] running = true
debug +++ [int] delay = 120000
debug time 22:14:41.866 :: After HeartBeat Count=24 Result=5
debug time 22:16:18.348 :: Performing heartbeat at Tue Jan 17 2012 22:16:18 GMT+0100
debug time 22:16:40.899 :: Before HeartBeat Count=25 Time=Tue Jan 17 2012 22:16:40 GMT+0100 AccountId=29131007 Session=11a58064-76b5-416f-bfc0-d3ffa8a463ad
debug ++ [int] eventPhase = 2
debug ++ [Boolean] bubbles = false
debug ++ [Boolean] cancelable = false
debug ++ [String] type = timer
debug +++ [int] repeatCount = 0
debug +++ [int] currentCount = 24
debug +++ [Boolean] running = true
debug +++ [int] delay = 120000
debug +++ [int] repeatCount = 0
debug +++ [int] currentCount = 24
debug +++ [Boolean] running = true
debug +++ [int] delay = 120000
debug time 22:16:41.104 :: After HeartBeat Count=25 Result=5
debug time 22:18:40.915 :: Before HeartBeat Count=26 Time=Tue Jan 17 2012 22:18:40 GMT+0100 AccountId=29131007 Session=11a58064-76b5-416f-bfc0-d3ffa8a463ad
debug ++ [int] eventPhase = 2
debug ++ [Boolean] bubbles = false
debug ++ [Boolean] cancelable = false
debug ++ [String] type = timer
debug +++ [int] repeatCount = 0
debug +++ [int] currentCount = 25
debug +++ [Boolean] running = true
debug +++ [int] delay = 120000
debug +++ [int] repeatCount = 0
debug +++ [int] currentCount = 25
debug +++ [Boolean] running = true
debug +++ [int] delay = 120000
debug time 22:18:41.146 :: After HeartBeat Count=26 Result=5
debug time 22:20:41.768 :: Before HeartBeat Count=27 Time=Tue Jan 17 2012 22:20:41 GMT+0100 AccountId=29131007 Session=11a58064-76b5-416f-bfc0-d3ffa8a463ad
debug ++ [int] eventPhase = 2
debug ++ [Boolean] bubbles = false
debug ++ [Boolean] cancelable = false
debug ++ [String] type = timer
debug +++ [int] repeatCount = 0
debug +++ [int] currentCount = 26
debug +++ [Boolean] running = true
debug +++ [int] delay = 120000
debug +++ [int] repeatCount = 0
debug +++ [int] currentCount = 26
debug +++ [Boolean] running = true
debug +++ [int] delay = 120000
debug time 22:20:42.787 :: After HeartBeat Count=27 Result=5
debug time 22:22:41.774 :: Before HeartBeat Count=28 Time=Tue Jan 17 2012 22:22:41 GMT+0100 AccountId=29131007 Session=11a58064-76b5-416f-bfc0-d3ffa8a463ad
debug ++ [int] eventPhase = 2
debug ++ [Boolean] bubbles = false
debug ++ [Boolean] cancelable = false
debug ++ [String] type = timer
debug +++ [int] repeatCount = 0
debug +++ [int] currentCount = 27
debug +++ [Boolean] running = true
debug +++ [int] delay = 120000
debug +++ [int] repeatCount = 0
debug +++ [int] currentCount = 27
debug +++ [Boolean] running = true
debug +++ [int] delay = 120000
debug time 22:22:42.764 :: After HeartBeat Count=28 Result=5
debug time 22:24:42.768 :: Before HeartBeat Count=29 Time=Tue Jan 17 2012 22:24:42 GMT+0100 AccountId=29131007 Session=11a58064-76b5-416f-bfc0-d3ffa8a463ad
debug ++ [int] eventPhase = 2
debug ++ [Boolean] bubbles = false
debug ++ [Boolean] cancelable = false
debug ++ [String] type = timer
debug +++ [int] repeatCount = 0
debug +++ [int] currentCount = 28
debug +++ [Boolean] running = true
debug +++ [int] delay = 120000
debug +++ [int] repeatCount = 0
debug +++ [int] currentCount = 28
debug +++ [Boolean] running = true
debug +++ [int] delay = 120000
debug time 22:24:43.764 :: After HeartBeat Count=29 Result=5
debug time 22:26:42.769 :: Before HeartBeat Count=30 Time=Tue Jan 17 2012 22:26:42 GMT+0100 AccountId=29131007 Session=11a58064-76b5-416f-bfc0-d3ffa8a463ad
debug ++ [int] eventPhase = 2
debug ++ [Boolean] bubbles = false
debug ++ [Boolean] cancelable = false
debug ++ [String] type = timer
debug +++ [int] repeatCount = 0
debug +++ [int] currentCount = 29
debug +++ [Boolean] running = true
debug +++ [int] delay = 120000
debug +++ [int] repeatCount = 0
debug +++ [int] currentCount = 29
debug +++ [Boolean] running = true
debug +++ [int] delay = 120000
debug time 22:26:43.764 :: After HeartBeat Count=30 Result=5
debug time 22:28:43.771 :: Before HeartBeat Count=31 Time=Tue Jan 17 2012 22:28:43 GMT+0100 AccountId=29131007 Session=11a58064-76b5-416f-bfc0-d3ffa8a463ad
debug ++ [int] eventPhase = 2
debug ++ [Boolean] bubbles = false
debug ++ [Boolean] cancelable = false
debug ++ [String] type = timer
debug +++ [int] repeatCount = 0
debug +++ [int] currentCount = 30
debug +++ [Boolean] running = true
debug +++ [int] delay = 120000
debug +++ [int] repeatCount = 0
debug +++ [int] currentCount = 30
debug +++ [Boolean] running = true
debug +++ [int] delay = 120000
debug time 22:28:44.765 :: After HeartBeat Count=31 Result=5
debug time 22:30:44.769 :: Before HeartBeat Count=32 Time=Tue Jan 17 2012 22:30:44 GMT+0100 AccountId=29131007 Session=11a58064-76b5-416f-bfc0-d3ffa8a463ad
debug ++ [int] eventPhase = 2
debug ++ [Boolean] bubbles = false
debug ++ [Boolean] cancelable = false
debug ++ [String] type = timer
debug +++ [int] repeatCount = 0
debug +++ [int] currentCount = 31
debug +++ [Boolean] running = true
debug +++ [int] delay = 120000
debug +++ [int] repeatCount = 0
debug +++ [int] currentCount = 31
debug +++ [Boolean] running = true
debug +++ [int] delay = 120000
debug time 22:30:45.765 :: After HeartBeat Count=32 Result=5
debug time 22:32:45.770 :: Before HeartBeat Count=33 Time=Tue Jan 17 2012 22:32:45 GMT+0100 AccountId=29131007 Session=11a58064-76b5-416f-bfc0-d3ffa8a463ad
debug ++ [int] eventPhase = 2
debug ++ [Boolean] bubbles = false
debug ++ [Boolean] cancelable = false
debug ++ [String] type = timer
debug +++ [int] repeatCount = 0
debug +++ [int] currentCount = 32
debug +++ [Boolean] running = true
debug +++ [int] delay = 120000
debug +++ [int] repeatCount = 0
debug +++ [int] currentCount = 32
debug +++ [Boolean] running = true
debug +++ [int] delay = 120000
debug time 22:32:46.765 :: After HeartBeat Count=33 Result=5
debug time 22:34:45.800 :: Before HeartBeat Count=34 Time=Tue Jan 17 2012 22:34:45 GMT+0100 AccountId=29131007 Session=11a58064-76b5-416f-bfc0-d3ffa8a463ad
debug ++ [int] eventPhase = 2
debug ++ [Boolean] bubbles = false
debug ++ [Boolean] cancelable = false
debug ++ [String] type = timer
debug +++ [int] repeatCount = 0
debug +++ [int] currentCount = 33
debug +++ [Boolean] running = true
debug +++ [int] delay = 120000
debug +++ [int] repeatCount = 0
debug +++ [int] currentCount = 33
debug +++ [Boolean] running = true
debug +++ [int] delay = 120000
debug time 22:34:46.765 :: After HeartBeat Count=34 Result=5
debug time 22:36:46.769 :: Before HeartBeat Count=35 Time=Tue Jan 17 2012 22:36:46 GMT+0100 AccountId=29131007 Session=11a58064-76b5-416f-bfc0-d3ffa8a463ad
debug ++ [int] eventPhase = 2
debug ++ [Boolean] bubbles = false
debug ++ [Boolean] cancelable = false
debug ++ [String] type = timer
debug +++ [int] repeatCount = 0
debug +++ [int] currentCount = 34
debug +++ [Boolean] running = true
debug +++ [int] delay = 120000
debug +++ [int] repeatCount = 0
debug +++ [int] currentCount = 34
debug +++ [Boolean] running = true
debug +++ [int] delay = 120000
debug time 22:36:47.765 :: After HeartBeat Count=35 Result=5
debug time 22:38:46.798 :: Before HeartBeat Count=36 Time=Tue Jan 17 2012 22:38:46 GMT+0100 AccountId=29131007 Session=11a58064-76b5-416f-bfc0-d3ffa8a463ad
debug ++ [int] eventPhase = 2
debug ++ [Boolean] bubbles = false
debug ++ [Boolean] cancelable = false
debug ++ [String] type = timer
debug +++ [int] repeatCount = 0
debug +++ [int] currentCount = 35
debug +++ [Boolean] running = true
debug +++ [int] delay = 120000
debug +++ [int] repeatCount = 0
debug +++ [int] currentCount = 35
debug +++ [Boolean] running = true
debug +++ [int] delay = 120000
debug time 22:38:47.769 :: After HeartBeat Count=36 Result=5
debug time 22:40:47.768 :: Before HeartBeat Count=37 Time=Tue Jan 17 2012 22:40:47 GMT+0100 AccountId=29131007 Session=11a58064-76b5-416f-bfc0-d3ffa8a463ad
debug ++ [int] eventPhase = 2
debug ++ [Boolean] bubbles = false
debug ++ [Boolean] cancelable = false
debug ++ [String] type = timer
debug +++ [int] repeatCount = 0
debug +++ [int] currentCount = 36
debug +++ [Boolean] running = true
debug +++ [int] delay = 120000
debug +++ [int] repeatCount = 0
debug +++ [int] currentCount = 36
debug +++ [Boolean] running = true
debug +++ [int] delay = 120000
debug time 22:40:48.764 :: After HeartBeat Count=37 Result=5
debug time 22:42:47.799 :: Before HeartBeat Count=38 Time=Tue Jan 17 2012 22:42:47 GMT+0100 AccountId=29131007 Session=11a58064-76b5-416f-bfc0-d3ffa8a463ad
debug ++ [int] eventPhase = 2
debug ++ [Boolean] bubbles = false
debug ++ [Boolean] cancelable = false
debug ++ [String] type = timer
debug +++ [int] repeatCount = 0
debug +++ [int] currentCount = 37
debug +++ [Boolean] running = true
debug +++ [int] delay = 120000
debug +++ [int] repeatCount = 0
debug +++ [int] currentCount = 37
debug +++ [Boolean] running = true
debug +++ [int] delay = 120000
debug time 22:42:48.769 :: After HeartBeat Count=38 Result=5
debug time 22:44:48.772 :: Before HeartBeat Count=39 Time=Tue Jan 17 2012 22:44:48 GMT+0100 AccountId=29131007 Session=11a58064-76b5-416f-bfc0-d3ffa8a463ad
debug ++ [int] eventPhase = 2
debug ++ [Boolean] bubbles = false
debug ++ [Boolean] cancelable = false
debug ++ [String] type = timer
debug +++ [int] repeatCount = 0
debug +++ [int] currentCount = 38
debug +++ [Boolean] running = true
debug +++ [int] delay = 120000
debug +++ [int] repeatCount = 0
debug +++ [int] currentCount = 38
debug +++ [Boolean] running = true
debug +++ [int] delay = 120000
debug time 22:44:49.764 :: After HeartBeat Count=39 Result=5
debug time 22:46:49.770 :: Before HeartBeat Count=40 Time=Tue Jan 17 2012 22:46:49 GMT+0100 AccountId=29131007 Session=11a58064-76b5-416f-bfc0-d3ffa8a463ad
debug ++ [int] eventPhase = 2
debug ++ [Boolean] bubbles = false
debug ++ [Boolean] cancelable = false
debug ++ [String] type = timer
debug +++ [int] repeatCount = 0
debug +++ [int] currentCount = 39
debug +++ [Boolean] running = true
debug +++ [int] delay = 120000
debug +++ [int] repeatCount = 0
debug +++ [int] currentCount = 39
debug +++ [Boolean] running = true
debug +++ [int] delay = 120000
debug time 22:46:50.769 :: After HeartBeat Count=40 Result=5
debug time 22:48:50.769 :: Before HeartBeat Count=41 Time=Tue Jan 17 2012 22:48:50 GMT+0100 AccountId=29131007 Session=11a58064-76b5-416f-bfc0-d3ffa8a463ad
debug ++ [int] eventPhase = 2
debug ++ [Boolean] bubbles = false
debug ++ [Boolean] cancelable = false
debug ++ [String] type = timer
debug +++ [int] repeatCount = 0
debug +++ [int] currentCount = 40
debug +++ [Boolean] running = true
debug +++ [int] delay = 120000
debug +++ [int] repeatCount = 0
debug +++ [int] currentCount = 40
debug +++ [Boolean] running = true
debug +++ [int] delay = 120000
debug time 22:48:51.765 :: After HeartBeat Count=41 Result=5
debug time 22:50:50.769 :: Before HeartBeat Count=42 Time=Tue Jan 17 2012 22:50:50 GMT+0100 AccountId=29131007 Session=11a58064-76b5-416f-bfc0-d3ffa8a463ad
debug ++ [int] eventPhase = 2
debug ++ [Boolean] bubbles = false
debug ++ [Boolean] cancelable = false
debug ++ [String] type = timer
debug +++ [int] repeatCount = 0
debug +++ [int] currentCount = 41
debug +++ [Boolean] running = true
debug +++ [int] delay = 120000
debug +++ [int] repeatCount = 0
debug +++ [int] currentCount = 41
debug +++ [Boolean] running = true
debug +++ [int] delay = 120000
debug time 22:50:51.765 :: After HeartBeat Count=42 Result=5
debug time 22:51:43.834 :: Performing heartbeat at Tue Jan 17 2012 22:51:43 GMT+0100
debug time 22:52:50.773 :: Before HeartBeat Count=43 Time=Tue Jan 17 2012 22:52:50 GMT+0100 AccountId=29131007 Session=11a58064-76b5-416f-bfc0-d3ffa8a463ad
debug ++ [int] eventPhase = 2
debug ++ [Boolean] bubbles = false
debug ++ [Boolean] cancelable = false
debug ++ [String] type = timer
debug +++ [int] repeatCount = 0
debug +++ [int] currentCount = 42
debug +++ [Boolean] running = true
debug +++ [int] delay = 120000
debug +++ [int] repeatCount = 0
debug +++ [int] currentCount = 42
debug +++ [Boolean] running = true
debug +++ [int] delay = 120000
debug time 22:52:50.956 :: After HeartBeat Count=43 Result=5
debug time 22:54:50.796 :: Before HeartBeat Count=44 Time=Tue Jan 17 2012 22:54:50 GMT+0100 AccountId=29131007 Session=11a58064-76b5-416f-bfc0-d3ffa8a463ad
debug ++ [int] eventPhase = 2
debug ++ [Boolean] bubbles = false
debug ++ [Boolean] cancelable = false
debug ++ [String] type = timer
debug +++ [int] repeatCount = 0
debug +++ [int] currentCount = 43
debug +++ [Boolean] running = true
debug +++ [int] delay = 120000
debug +++ [int] repeatCount = 0
debug +++ [int] currentCount = 43
debug +++ [Boolean] running = true
debug +++ [int] delay = 120000
debug time 22:54:50.998 :: After HeartBeat Count=44 Result=5
debug time 22:56:50.795 :: Before HeartBeat Count=45 Time=Tue Jan 17 2012 22:56:50 GMT+0100 AccountId=29131007 Session=11a58064-76b5-416f-bfc0-d3ffa8a463ad
debug ++ [int] eventPhase = 2
debug ++ [Boolean] bubbles = false
debug ++ [Boolean] cancelable = false
debug ++ [String] type = timer
debug +++ [int] repeatCount = 0
debug +++ [int] currentCount = 44
debug +++ [Boolean] running = true
debug +++ [int] delay = 120000
debug +++ [int] repeatCount = 0
debug +++ [int] currentCount = 44
debug +++ [Boolean] running = true
debug +++ [int] delay = 120000
debug time 22:56:50.997 :: After HeartBeat Count=45 Result=5
debug time 22:58:50.826 :: Before HeartBeat Count=46 Time=Tue Jan 17 2012 22:58:50 GMT+0100 AccountId=29131007 Session=11a58064-76b5-416f-bfc0-d3ffa8a463ad
debug ++ [int] eventPhase = 2
debug ++ [Boolean] bubbles = false
debug ++ [Boolean] cancelable = false
debug ++ [String] type = timer
debug +++ [int] repeatCount = 0
debug +++ [int] currentCount = 45
debug +++ [Boolean] running = true
debug +++ [int] delay = 120000
debug +++ [int] repeatCount = 0
debug +++ [int] currentCount = 45
debug +++ [Boolean] running = true
debug +++ [int] delay = 120000
debug time 22:58:51.02 :: After HeartBeat Count=46 Result=5
debug time 23:00:50.842 :: Before HeartBeat Count=47 Time=Tue Jan 17 2012 23:00:50 GMT+0100 AccountId=29131007 Session=11a58064-76b5-416f-bfc0-d3ffa8a463ad
debug ++ [int] eventPhase = 2
debug ++ [Boolean] bubbles = false
debug ++ [Boolean] cancelable = false
debug ++ [String] type = timer
debug +++ [int] repeatCount = 0
debug +++ [int] currentCount = 46
debug +++ [Boolean] running = true
debug +++ [int] delay = 120000
debug +++ [int] repeatCount = 0
debug +++ [int] currentCount = 46
debug +++ [Boolean] running = true
debug +++ [int] delay = 120000
debug time 23:00:51.41 :: After HeartBeat Count=47 Result=5
debug time 23:02:50.860 :: Before HeartBeat Count=48 Time=Tue Jan 17 2012 23:02:50 GMT+0100 AccountId=29131007 Session=11a58064-76b5-416f-bfc0-d3ffa8a463ad
debug ++ [int] eventPhase = 2
debug ++ [Boolean] bubbles = false
debug ++ [Boolean] cancelable = false
debug ++ [String] type = timer
debug +++ [int] repeatCount = 0
debug +++ [int] currentCount = 47
debug +++ [Boolean] running = true
debug +++ [int] delay = 120000
debug +++ [int] repeatCount = 0
debug +++ [int] currentCount = 47
debug +++ [Boolean] running = true
debug +++ [int] delay = 120000
debug time 23:02:51.38 :: After HeartBeat Count=48 Result=5
debug time 23:04:50.862 :: Before HeartBeat Count=49 Time=Tue Jan 17 2012 23:04:50 GMT+0100 AccountId=29131007 Session=11a58064-76b5-416f-bfc0-d3ffa8a463ad
debug ++ [int] eventPhase = 2
debug ++ [Boolean] bubbles = false
debug ++ [Boolean] cancelable = false
debug ++ [String] type = timer
debug +++ [int] repeatCount = 0
debug +++ [int] currentCount = 48
debug +++ [Boolean] running = true
debug +++ [int] delay = 120000
debug +++ [int] repeatCount = 0
debug +++ [int] currentCount = 48
debug +++ [Boolean] running = true
debug +++ [int] delay = 120000
debug time 23:04:51.73 :: After HeartBeat Count=49 Result=5
debug time 23:06:50.888 :: Before HeartBeat Count=50 Time=Tue Jan 17 2012 23:06:50 GMT+0100 AccountId=29131007 Session=11a58064-76b5-416f-bfc0-d3ffa8a463ad
debug ++ [int] eventPhase = 2
debug ++ [Boolean] bubbles = false
debug ++ [Boolean] cancelable = false
debug ++ [String] type = timer
debug +++ [int] repeatCount = 0
debug +++ [int] currentCount = 49
debug +++ [Boolean] running = true
debug +++ [int] delay = 120000
debug +++ [int] repeatCount = 0
debug +++ [int] currentCount = 49
debug +++ [Boolean] running = true
debug +++ [int] delay = 120000
debug time 23:06:51.65 :: After HeartBeat Count=50 Result=5
debug time 23:08:50.917 :: Before HeartBeat Count=51 Time=Tue Jan 17 2012 23:08:50 GMT+0100 AccountId=29131007 Session=11a58064-76b5-416f-bfc0-d3ffa8a463ad
debug ++ [int] eventPhase = 2
debug ++ [Boolean] bubbles = false
debug ++ [Boolean] cancelable = false
debug ++ [String] type = timer
debug +++ [int] repeatCount = 0
debug +++ [int] currentCount = 50
debug +++ [Boolean] running = true
debug +++ [int] delay = 120000
debug +++ [int] repeatCount = 0
debug +++ [int] currentCount = 50
debug +++ [Boolean] running = true
debug +++ [int] delay = 120000
debug time 23:08:51.131 :: After HeartBeat Count=51 Result=5
debug time 23:10:50.929 :: Before HeartBeat Count=52 Time=Tue Jan 17 2012 23:10:50 GMT+0100 AccountId=29131007 Session=11a58064-76b5-416f-bfc0-d3ffa8a463ad
debug ++ [int] eventPhase = 2
debug ++ [Boolean] bubbles = false
debug ++ [Boolean] cancelable = false
debug ++ [String] type = timer
debug +++ [int] repeatCount = 0
debug +++ [int] currentCount = 51
debug +++ [Boolean] running = true
debug +++ [int] delay = 120000
debug +++ [int] repeatCount = 0
debug +++ [int] currentCount = 51
debug +++ [Boolean] running = true
debug +++ [int] delay = 120000
debug time 23:10:51.926 :: After HeartBeat Count=52 Result=5
debug time 23:12:50.932 :: Before HeartBeat Count=53 Time=Tue Jan 17 2012 23:12:50 GMT+0100 AccountId=29131007 Session=11a58064-76b5-416f-bfc0-d3ffa8a463ad
debug ++ [int] eventPhase = 2
debug ++ [Boolean] bubbles = false
debug ++ [Boolean] cancelable = false
debug ++ [String] type = timer
debug +++ [int] repeatCount = 0
debug +++ [int] currentCount = 52
debug +++ [Boolean] running = true
debug +++ [int] delay = 120000
debug +++ [int] repeatCount = 0
debug +++ [int] currentCount = 52
debug +++ [Boolean] running = true
debug +++ [int] delay = 120000
debug time 23:12:51.925 :: After HeartBeat Count=53 Result=5
debug time 23:14:50.948 :: Before HeartBeat Count=54 Time=Tue Jan 17 2012 23:14:50 GMT+0100 AccountId=29131007 Session=11a58064-76b5-416f-bfc0-d3ffa8a463ad
debug ++ [int] eventPhase = 2
debug ++ [Boolean] bubbles = false
debug ++ [Boolean] cancelable = false
debug ++ [String] type = timer
debug +++ [int] repeatCount = 0
debug +++ [int] currentCount = 53
debug +++ [Boolean] running = true
debug +++ [int] delay = 120000
debug +++ [int] repeatCount = 0
debug +++ [int] currentCount = 53
debug +++ [Boolean] running = true
debug +++ [int] delay = 120000
debug time 23:14:51.925 :: After HeartBeat Count=54 Result=5
debug time 23:16:51.930 :: Before HeartBeat Count=55 Time=Tue Jan 17 2012 23:16:51 GMT+0100 AccountId=29131007 Session=11a58064-76b5-416f-bfc0-d3ffa8a463ad
debug ++ [int] eventPhase = 2
debug ++ [Boolean] bubbles = false
debug ++ [Boolean] cancelable = false
debug ++ [String] type = timer
debug +++ [int] repeatCount = 0
debug +++ [int] currentCount = 54
debug +++ [Boolean] running = true
debug +++ [int] delay = 120000
debug +++ [int] repeatCount = 0
debug +++ [int] currentCount = 54
debug +++ [Boolean] running = true
debug +++ [int] delay = 120000
debug time 23:16:52.925 :: After HeartBeat Count=55 Result=5
debug time 23:18:51.936 :: Before HeartBeat Count=56 Time=Tue Jan 17 2012 23:18:51 GMT+0100 AccountId=29131007 Session=11a58064-76b5-416f-bfc0-d3ffa8a463ad
debug ++ [int] eventPhase = 2
debug ++ [Boolean] bubbles = false
debug ++ [Boolean] cancelable = false
debug ++ [String] type = timer
debug +++ [int] repeatCount = 0
debug +++ [int] currentCount = 55
debug +++ [Boolean] running = true
debug +++ [int] delay = 120000
debug +++ [int] repeatCount = 0
debug +++ [int] currentCount = 55
debug +++ [Boolean] running = true
debug +++ [int] delay = 120000
debug time 23:18:52.926 :: After HeartBeat Count=56 Result=5
debug time 23:20:51.943 :: Before HeartBeat Count=57 Time=Tue Jan 17 2012 23:20:51 GMT+0100 AccountId=29131007 Session=11a58064-76b5-416f-bfc0-d3ffa8a463ad
debug ++ [int] eventPhase = 2
debug ++ [Boolean] bubbles = false
debug ++ [Boolean] cancelable = false
debug ++ [String] type = timer
debug +++ [int] repeatCount = 0
debug +++ [int] currentCount = 56
debug +++ [Boolean] running = true
debug +++ [int] delay = 120000
debug +++ [int] repeatCount = 0
debug +++ [int] currentCount = 56
debug +++ [Boolean] running = true
debug +++ [int] delay = 120000
debug time 23:20:52.926 :: After HeartBeat Count=57 Result=5
debug time 23:22:52.932 :: Before HeartBeat Count=58 Time=Tue Jan 17 2012 23:22:52 GMT+0100 AccountId=29131007 Session=11a58064-76b5-416f-bfc0-d3ffa8a463ad
debug ++ [int] eventPhase = 2
debug ++ [Boolean] bubbles = false
debug ++ [Boolean] cancelable = false
debug ++ [String] type = timer
debug +++ [int] repeatCount = 0
debug +++ [int] currentCount = 57
debug +++ [Boolean] running = true
debug +++ [int] delay = 120000
debug +++ [int] repeatCount = 0
debug +++ [int] currentCount = 57
debug +++ [Boolean] running = true
debug +++ [int] delay = 120000
debug time 23:22:53.926 :: After HeartBeat Count=58 Result=5
debug time 23:24:53.935 :: Before HeartBeat Count=59 Time=Tue Jan 17 2012 23:24:53 GMT+0100 AccountId=29131007 Session=11a58064-76b5-416f-bfc0-d3ffa8a463ad
debug ++ [int] eventPhase = 2
debug ++ [Boolean] bubbles = false
debug ++ [Boolean] cancelable = false
debug ++ [String] type = timer
debug +++ [int] repeatCount = 0
debug +++ [int] currentCount = 58
debug +++ [Boolean] running = true
debug +++ [int] delay = 120000
debug +++ [int] repeatCount = 0
debug +++ [int] currentCount = 58
debug +++ [Boolean] running = true
debug +++ [int] delay = 120000
debug time 23:24:54.926 :: After HeartBeat Count=59 Result=5
debug time 23:26:54.931 :: Before HeartBeat Count=60 Time=Tue Jan 17 2012 23:26:54 GMT+0100 AccountId=29131007 Session=11a58064-76b5-416f-bfc0-d3ffa8a463ad
debug ++ [int] eventPhase = 2
debug ++ [Boolean] bubbles = false
debug ++ [Boolean] cancelable = false
debug ++ [String] type = timer
debug +++ [int] repeatCount = 0
debug +++ [int] currentCount = 59
debug +++ [Boolean] running = true
debug +++ [int] delay = 120000
debug +++ [int] repeatCount = 0
debug +++ [int] currentCount = 59
debug +++ [Boolean] running = true
debug +++ [int] delay = 120000
debug time 23:26:55.926 :: After HeartBeat Count=60 Result=5
debug time 23:28:54.936 :: Before HeartBeat Count=61 Time=Tue Jan 17 2012 23:28:54 GMT+0100 AccountId=29131007 Session=11a58064-76b5-416f-bfc0-d3ffa8a463ad
debug ++ [int] eventPhase = 2
debug ++ [Boolean] bubbles = false
debug ++ [Boolean] cancelable = false
debug ++ [String] type = timer
debug +++ [int] repeatCount = 0
debug +++ [int] currentCount = 60
debug +++ [Boolean] running = true
debug +++ [int] delay = 120000
debug +++ [int] repeatCount = 0
debug +++ [int] currentCount = 60
debug +++ [Boolean] running = true
debug +++ [int] delay = 120000
debug time 23:28:55.926 :: After HeartBeat Count=61 Result=5
debug time 23:30:54.960 :: Before HeartBeat Count=62 Time=Tue Jan 17 2012 23:30:54 GMT+0100 AccountId=29131007 Session=11a58064-76b5-416f-bfc0-d3ffa8a463ad
debug ++ [int] eventPhase = 2
debug ++ [Boolean] bubbles = false
debug ++ [Boolean] cancelable = false
debug ++ [String] type = timer
debug +++ [int] repeatCount = 0
debug +++ [int] currentCount = 61
debug +++ [Boolean] running = true
debug +++ [int] delay = 120000
debug +++ [int] repeatCount = 0
debug +++ [int] currentCount = 61
debug +++ [Boolean] running = true
debug +++ [int] delay = 120000
debug time 23:30:55.925 :: After HeartBeat Count=62 Result=5
debug time 23:32:55.932 :: Before HeartBeat Count=63 Time=Tue Jan 17 2012 23:32:55 GMT+0100 AccountId=29131007 Session=11a58064-76b5-416f-bfc0-d3ffa8a463ad
debug ++ [int] eventPhase = 2
debug ++ [Boolean] bubbles = false
debug ++ [Boolean] cancelable = false
debug ++ [String] type = timer
debug +++ [int] repeatCount = 0
debug +++ [int] currentCount = 62
debug +++ [Boolean] running = true
debug +++ [int] delay = 120000
debug +++ [int] repeatCount = 0
debug +++ [int] currentCount = 62
debug +++ [Boolean] running = true
debug +++ [int] delay = 120000
debug time 23:32:56.925 :: After HeartBeat Count=63 Result=5
debug time 23:34:56.930 :: Before HeartBeat Count=64 Time=Tue Jan 17 2012 23:34:56 GMT+0100 AccountId=29131007 Session=11a58064-76b5-416f-bfc0-d3ffa8a463ad
debug ++ [int] eventPhase = 2
debug ++ [Boolean] bubbles = false
debug ++ [Boolean] cancelable = false
debug ++ [String] type = timer
debug +++ [int] repeatCount = 0
debug +++ [int] currentCount = 63
debug +++ [Boolean] running = true
debug +++ [int] delay = 120000
debug +++ [int] repeatCount = 0
debug +++ [int] currentCount = 63
debug +++ [Boolean] running = true
debug +++ [int] delay = 120000
debug time 23:34:57.925 :: After HeartBeat Count=64 Result=5
debug time 23:36:56.931 :: Before HeartBeat Count=65 Time=Tue Jan 17 2012 23:36:56 GMT+0100 AccountId=29131007 Session=11a58064-76b5-416f-bfc0-d3ffa8a463ad
debug ++ [int] eventPhase = 2
debug ++ [Boolean] bubbles = false
debug ++ [Boolean] cancelable = false
debug ++ [String] type = timer
debug +++ [int] repeatCount = 0
debug +++ [int] currentCount = 64
debug +++ [Boolean] running = true
debug +++ [int] delay = 120000
debug +++ [int] repeatCount = 0
debug +++ [int] currentCount = 64
debug +++ [Boolean] running = true
debug +++ [int] delay = 120000
debug time 23:36:57.925 :: After HeartBeat Count=65 Result=5
debug time 23:38:56.935 :: Before HeartBeat Count=66 Time=Tue Jan 17 2012 23:38:56 GMT+0100 AccountId=29131007 Session=11a58064-76b5-416f-bfc0-d3ffa8a463ad
debug ++ [int] eventPhase = 2
debug ++ [Boolean] bubbles = false
debug ++ [Boolean] cancelable = false
debug ++ [String] type = timer
debug +++ [int] repeatCount = 0
debug +++ [int] currentCount = 65
debug +++ [Boolean] running = true
debug +++ [int] delay = 120000
debug +++ [int] repeatCount = 0
debug +++ [int] currentCount = 65
debug +++ [Boolean] running = true
debug +++ [int] delay = 120000
debug time 23:38:57.926 :: After HeartBeat Count=66 Result=5
debug time 23:40:57.931 :: Before HeartBeat Count=67 Time=Tue Jan 17 2012 23:40:57 GMT+0100 AccountId=29131007 Session=11a58064-76b5-416f-bfc0-d3ffa8a463ad
debug ++ [int] eventPhase = 2
debug ++ [Boolean] bubbles = false
debug ++ [Boolean] cancelable = false
debug ++ [String] type = timer
debug +++ [int] repeatCount = 0
debug +++ [int] currentCount = 66
debug +++ [Boolean] running = true
debug +++ [int] delay = 120000
debug +++ [int] repeatCount = 0
debug +++ [int] currentCount = 66
debug +++ [Boolean] running = true
debug +++ [int] delay = 120000
debug time 23:40:58.926 :: After HeartBeat Count=67 Result=5
debug time 23:42:57.931 :: Before HeartBeat Count=68 Time=Tue Jan 17 2012 23:42:57 GMT+0100 AccountId=29131007 Session=11a58064-76b5-416f-bfc0-d3ffa8a463ad
debug ++ [int] eventPhase = 2
debug ++ [Boolean] bubbles = false
debug ++ [Boolean] cancelable = false
debug ++ [String] type = timer
debug +++ [int] repeatCount = 0
debug +++ [int] currentCount = 67
debug +++ [Boolean] running = true
debug +++ [int] delay = 120000
debug +++ [int] repeatCount = 0
debug +++ [int] currentCount = 67
debug +++ [Boolean] running = true
debug +++ [int] delay = 120000
debug time 23:42:58.926 :: After HeartBeat Count=68 Result=5
debug time 23:44:31.978 :: Performing heartbeat at Tue Jan 17 2012 23:44:31 GMT+0100
debug time 23:44:57.948 :: Before HeartBeat Count=69 Time=Tue Jan 17 2012 23:44:57 GMT+0100 AccountId=29131007 Session=11a58064-76b5-416f-bfc0-d3ffa8a463ad
debug ++ [int] eventPhase = 2
debug ++ [Boolean] bubbles = false
debug ++ [Boolean] cancelable = false
debug ++ [String] type = timer
debug +++ [int] repeatCount = 0
debug +++ [int] currentCount = 68
debug +++ [Boolean] running = true
debug +++ [int] delay = 120000
debug +++ [int] repeatCount = 0
debug +++ [int] currentCount = 68
debug +++ [Boolean] running = true
debug +++ [int] delay = 120000
debug time 23:44:58.149 :: After HeartBeat Count=69 Result=5
