debug time 16:40:58.713 :: Before HeartBeat Count=1 Time=Fri Dec 2 2011 16:40:58 GMT+0100 AccountId=28699575 Session=f173011a-a8a6-4323-bc2f-8548709c1cef
STOP LOGGING: More than 0 nested objects or properties. 
debug time 16:40:59.566 :: After HeartBeat Count=1 Result=5
debug time 16:43:58.828 :: Before HeartBeat Count=2 Time=Fri Dec 2 2011 16:43:58 GMT+0100 AccountId=28699575 Session=f173011a-a8a6-4323-bc2f-8548709c1cef
debug ++ [int] eventPhase = 2
debug ++ [Boolean] bubbles = false
debug ++ [Boolean] cancelable = false
debug ++ [String] type = timer
debug +++ [int] repeatCount = 0
debug +++ [int] currentCount = 1
debug +++ [Boolean] running = true
debug +++ [int] delay = 180000
debug +++ [int] repeatCount = 0
debug +++ [int] currentCount = 1
debug +++ [Boolean] running = true
debug +++ [int] delay = 180000
debug time 16:43:59.825 :: After HeartBeat Count=2 Result=5
debug time 16:46:58.827 :: Before HeartBeat Count=3 Time=Fri Dec 2 2011 16:46:58 GMT+0100 AccountId=28699575 Session=f173011a-a8a6-4323-bc2f-8548709c1cef
debug ++ [int] eventPhase = 2
debug ++ [Boolean] bubbles = false
debug ++ [Boolean] cancelable = false
debug ++ [String] type = timer
debug +++ [int] repeatCount = 0
debug +++ [int] currentCount = 2
debug +++ [Boolean] running = true
debug +++ [int] delay = 180000
debug +++ [int] repeatCount = 0
debug +++ [int] currentCount = 2
debug +++ [Boolean] running = true
debug +++ [int] delay = 180000
debug time 16:46:59.824 :: After HeartBeat Count=3 Result=5
debug time 16:49:58.828 :: Before HeartBeat Count=4 Time=Fri Dec 2 2011 16:49:58 GMT+0100 AccountId=28699575 Session=f173011a-a8a6-4323-bc2f-8548709c1cef
debug ++ [int] eventPhase = 2
debug ++ [Boolean] bubbles = false
debug ++ [Boolean] cancelable = false
debug ++ [String] type = timer
debug +++ [int] repeatCount = 0
debug +++ [int] currentCount = 3
debug +++ [Boolean] running = true
debug +++ [int] delay = 180000
debug +++ [int] repeatCount = 0
debug +++ [int] currentCount = 3
debug +++ [Boolean] running = true
debug +++ [int] delay = 180000
debug time 16:49:59.825 :: After HeartBeat Count=4 Result=5
debug time 16:52:58.828 :: Before HeartBeat Count=5 Time=Fri Dec 2 2011 16:52:58 GMT+0100 AccountId=28699575 Session=f173011a-a8a6-4323-bc2f-8548709c1cef
debug ++ [int] eventPhase = 2
debug ++ [Boolean] bubbles = false
debug ++ [Boolean] cancelable = false
debug ++ [String] type = timer
debug +++ [int] repeatCount = 0
debug +++ [int] currentCount = 4
debug +++ [Boolean] running = true
debug +++ [int] delay = 180000
debug +++ [int] repeatCount = 0
debug +++ [int] currentCount = 4
debug +++ [Boolean] running = true
debug +++ [int] delay = 180000
debug time 16:52:59.825 :: After HeartBeat Count=5 Result=5
debug time 16:55:58.828 :: Before HeartBeat Count=6 Time=Fri Dec 2 2011 16:55:58 GMT+0100 AccountId=28699575 Session=f173011a-a8a6-4323-bc2f-8548709c1cef
debug ++ [int] eventPhase = 2
debug ++ [Boolean] bubbles = false
debug ++ [Boolean] cancelable = false
debug ++ [String] type = timer
debug +++ [int] repeatCount = 0
debug +++ [int] currentCount = 5
debug +++ [Boolean] running = true
debug +++ [int] delay = 180000
debug +++ [int] repeatCount = 0
debug +++ [int] currentCount = 5
debug +++ [Boolean] running = true
debug +++ [int] delay = 180000
debug time 16:55:59.824 :: After HeartBeat Count=6 Result=5
debug time 16:58:59.828 :: Before HeartBeat Count=7 Time=Fri Dec 2 2011 16:58:59 GMT+0100 AccountId=28699575 Session=f173011a-a8a6-4323-bc2f-8548709c1cef
debug ++ [int] eventPhase = 2
debug ++ [Boolean] bubbles = false
debug ++ [Boolean] cancelable = false
debug ++ [String] type = timer
debug +++ [int] repeatCount = 0
debug +++ [int] currentCount = 6
debug +++ [Boolean] running = true
debug +++ [int] delay = 180000
debug +++ [int] repeatCount = 0
debug +++ [int] currentCount = 6
debug +++ [Boolean] running = true
debug +++ [int] delay = 180000
debug time 16:59:00.825 :: After HeartBeat Count=7 Result=5
debug time 17:01:59.829 :: Before HeartBeat Count=8 Time=Fri Dec 2 2011 17:01:59 GMT+0100 AccountId=28699575 Session=f173011a-a8a6-4323-bc2f-8548709c1cef
debug ++ [int] eventPhase = 2
debug ++ [Boolean] bubbles = false
debug ++ [Boolean] cancelable = false
debug ++ [String] type = timer
debug +++ [int] repeatCount = 0
debug +++ [int] currentCount = 7
debug +++ [Boolean] running = true
debug +++ [int] delay = 180000
debug +++ [int] repeatCount = 0
debug +++ [int] currentCount = 7
debug +++ [Boolean] running = true
debug +++ [int] delay = 180000
debug time 17:02:00.825 :: After HeartBeat Count=8 Result=5
debug time 17:04:59.829 :: Before HeartBeat Count=9 Time=Fri Dec 2 2011 17:04:59 GMT+0100 AccountId=28699575 Session=f173011a-a8a6-4323-bc2f-8548709c1cef
debug ++ [int] eventPhase = 2
debug ++ [Boolean] bubbles = false
debug ++ [Boolean] cancelable = false
debug ++ [String] type = timer
debug +++ [int] repeatCount = 0
debug +++ [int] currentCount = 8
debug +++ [Boolean] running = true
debug +++ [int] delay = 180000
debug +++ [int] repeatCount = 0
debug +++ [int] currentCount = 8
debug +++ [Boolean] running = true
debug +++ [int] delay = 180000
debug time 17:05:00.824 :: After HeartBeat Count=9 Result=5
debug time 17:05:13.892 :: Performing heartbeat at Fri Dec 2 2011 17:05:13 GMT+0100
debug time 17:07:59.867 :: Before HeartBeat Count=10 Time=Fri Dec 2 2011 17:07:59 GMT+0100 AccountId=28699575 Session=f173011a-a8a6-4323-bc2f-8548709c1cef
debug ++ [int] eventPhase = 2
debug ++ [Boolean] bubbles = false
debug ++ [Boolean] cancelable = false
debug ++ [String] type = timer
debug +++ [int] repeatCount = 0
debug +++ [int] currentCount = 9
debug +++ [Boolean] running = true
debug +++ [int] delay = 180000
debug +++ [int] repeatCount = 0
debug +++ [int] currentCount = 9
debug +++ [Boolean] running = true
debug +++ [int] delay = 180000
debug time 17:08:00.68 :: After HeartBeat Count=10 Result=5
debug time 17:11:00.43 :: Before HeartBeat Count=11 Time=Fri Dec 2 2011 17:11:00 GMT+0100 AccountId=28699575 Session=f173011a-a8a6-4323-bc2f-8548709c1cef
debug ++ [int] eventPhase = 2
debug ++ [Boolean] bubbles = false
debug ++ [Boolean] cancelable = false
debug ++ [String] type = timer
debug +++ [int] repeatCount = 0
debug +++ [int] currentCount = 10
debug +++ [Boolean] running = true
debug +++ [int] delay = 180000
debug +++ [int] repeatCount = 0
debug +++ [int] currentCount = 10
debug +++ [Boolean] running = true
debug +++ [int] delay = 180000
debug time 17:11:01.40 :: After HeartBeat Count=11 Result=5
debug time 17:14:00.43 :: Before HeartBeat Count=12 Time=Fri Dec 2 2011 17:14:00 GMT+0100 AccountId=28699575 Session=f173011a-a8a6-4323-bc2f-8548709c1cef
debug ++ [int] eventPhase = 2
debug ++ [Boolean] bubbles = false
debug ++ [Boolean] cancelable = false
debug ++ [String] type = timer
debug +++ [int] repeatCount = 0
debug +++ [int] currentCount = 11
debug +++ [Boolean] running = true
debug +++ [int] delay = 180000
debug +++ [int] repeatCount = 0
debug +++ [int] currentCount = 11
debug +++ [Boolean] running = true
debug +++ [int] delay = 180000
debug time 17:14:01.40 :: After HeartBeat Count=12 Result=5
debug time 17:17:00.66 :: Before HeartBeat Count=13 Time=Fri Dec 2 2011 17:17:00 GMT+0100 AccountId=28699575 Session=f173011a-a8a6-4323-bc2f-8548709c1cef
debug ++ [int] eventPhase = 2
debug ++ [Boolean] bubbles = false
debug ++ [Boolean] cancelable = false
debug ++ [String] type = timer
debug +++ [int] repeatCount = 0
debug +++ [int] currentCount = 12
debug +++ [Boolean] running = true
debug +++ [int] delay = 180000
debug +++ [int] repeatCount = 0
debug +++ [int] currentCount = 12
debug +++ [Boolean] running = true
debug +++ [int] delay = 180000
debug time 17:17:01.39 :: After HeartBeat Count=13 Result=5
debug time 17:20:01.44 :: Before HeartBeat Count=14 Time=Fri Dec 2 2011 17:20:01 GMT+0100 AccountId=28699575 Session=f173011a-a8a6-4323-bc2f-8548709c1cef
debug ++ [int] eventPhase = 2
debug ++ [Boolean] bubbles = false
debug ++ [Boolean] cancelable = false
debug ++ [String] type = timer
debug +++ [int] repeatCount = 0
debug +++ [int] currentCount = 13
debug +++ [Boolean] running = true
debug +++ [int] delay = 180000
debug +++ [int] repeatCount = 0
debug +++ [int] currentCount = 13
debug +++ [Boolean] running = true
debug +++ [int] delay = 180000
debug time 17:20:02.40 :: After HeartBeat Count=14 Result=5
debug time 17:23:01.44 :: Before HeartBeat Count=15 Time=Fri Dec 2 2011 17:23:01 GMT+0100 AccountId=28699575 Session=f173011a-a8a6-4323-bc2f-8548709c1cef
debug ++ [int] eventPhase = 2
debug ++ [Boolean] bubbles = false
debug ++ [Boolean] cancelable = false
debug ++ [String] type = timer
debug +++ [int] repeatCount = 0
debug +++ [int] currentCount = 14
debug +++ [Boolean] running = true
debug +++ [int] delay = 180000
debug +++ [int] repeatCount = 0
debug +++ [int] currentCount = 14
debug +++ [Boolean] running = true
debug +++ [int] delay = 180000
debug time 17:23:02.40 :: After HeartBeat Count=15 Result=5
debug time 17:26:01.43 :: Before HeartBeat Count=16 Time=Fri Dec 2 2011 17:26:01 GMT+0100 AccountId=28699575 Session=f173011a-a8a6-4323-bc2f-8548709c1cef
debug ++ [int] eventPhase = 2
debug ++ [Boolean] bubbles = false
debug ++ [Boolean] cancelable = false
debug ++ [String] type = timer
debug +++ [int] repeatCount = 0
debug +++ [int] currentCount = 15
debug +++ [Boolean] running = true
debug +++ [int] delay = 180000
debug +++ [int] repeatCount = 0
debug +++ [int] currentCount = 15
debug +++ [Boolean] running = true
debug +++ [int] delay = 180000
debug time 17:26:02.39 :: After HeartBeat Count=16 Result=5
debug time 17:29:01.44 :: Before HeartBeat Count=17 Time=Fri Dec 2 2011 17:29:01 GMT+0100 AccountId=28699575 Session=f173011a-a8a6-4323-bc2f-8548709c1cef
debug ++ [int] eventPhase = 2
debug ++ [Boolean] bubbles = false
debug ++ [Boolean] cancelable = false
debug ++ [String] type = timer
debug +++ [int] repeatCount = 0
debug +++ [int] currentCount = 16
debug +++ [Boolean] running = true
debug +++ [int] delay = 180000
debug +++ [int] repeatCount = 0
debug +++ [int] currentCount = 16
debug +++ [Boolean] running = true
debug +++ [int] delay = 180000
debug time 17:29:02.40 :: After HeartBeat Count=17 Result=5
debug time 17:32:01.44 :: Before HeartBeat Count=18 Time=Fri Dec 2 2011 17:32:01 GMT+0100 AccountId=28699575 Session=f173011a-a8a6-4323-bc2f-8548709c1cef
debug ++ [int] eventPhase = 2
debug ++ [Boolean] bubbles = false
debug ++ [Boolean] cancelable = false
debug ++ [String] type = timer
debug +++ [int] repeatCount = 0
debug +++ [int] currentCount = 17
debug +++ [Boolean] running = true
debug +++ [int] delay = 180000
debug +++ [int] repeatCount = 0
debug +++ [int] currentCount = 17
debug +++ [Boolean] running = true
debug +++ [int] delay = 180000
debug time 17:32:02.40 :: After HeartBeat Count=18 Result=5
debug time 17:35:01.68 :: Before HeartBeat Count=19 Time=Fri Dec 2 2011 17:35:01 GMT+0100 AccountId=28699575 Session=f173011a-a8a6-4323-bc2f-8548709c1cef
debug ++ [int] eventPhase = 2
debug ++ [Boolean] bubbles = false
debug ++ [Boolean] cancelable = false
debug ++ [String] type = timer
debug +++ [int] repeatCount = 0
debug +++ [int] currentCount = 18
debug +++ [Boolean] running = true
debug +++ [int] delay = 180000
debug +++ [int] repeatCount = 0
debug +++ [int] currentCount = 18
debug +++ [Boolean] running = true
debug +++ [int] delay = 180000
debug time 17:35:02.44 :: After HeartBeat Count=19 Result=5
debug time 17:38:02.42 :: Before HeartBeat Count=20 Time=Fri Dec 2 2011 17:38:02 GMT+0100 AccountId=28699575 Session=f173011a-a8a6-4323-bc2f-8548709c1cef
debug ++ [int] eventPhase = 2
debug ++ [Boolean] bubbles = false
debug ++ [Boolean] cancelable = false
debug ++ [String] type = timer
debug +++ [int] repeatCount = 0
debug +++ [int] currentCount = 19
debug +++ [Boolean] running = true
debug +++ [int] delay = 180000
debug +++ [int] repeatCount = 0
debug +++ [int] currentCount = 19
debug +++ [Boolean] running = true
debug +++ [int] delay = 180000
debug time 17:38:03.40 :: After HeartBeat Count=20 Result=5
debug time 17:41:02.43 :: Before HeartBeat Count=21 Time=Fri Dec 2 2011 17:41:02 GMT+0100 AccountId=28699575 Session=f173011a-a8a6-4323-bc2f-8548709c1cef
debug ++ [int] eventPhase = 2
debug ++ [Boolean] bubbles = false
debug ++ [Boolean] cancelable = false
debug ++ [String] type = timer
debug +++ [int] repeatCount = 0
debug +++ [int] currentCount = 20
debug +++ [Boolean] running = true
debug +++ [int] delay = 180000
debug +++ [int] repeatCount = 0
debug +++ [int] currentCount = 20
debug +++ [Boolean] running = true
debug +++ [int] delay = 180000
debug time 17:41:03.40 :: After HeartBeat Count=21 Result=5
debug time 17:44:02.43 :: Before HeartBeat Count=22 Time=Fri Dec 2 2011 17:44:02 GMT+0100 AccountId=28699575 Session=f173011a-a8a6-4323-bc2f-8548709c1cef
debug ++ [int] eventPhase = 2
debug ++ [Boolean] bubbles = false
debug ++ [Boolean] cancelable = false
debug ++ [String] type = timer
debug +++ [int] repeatCount = 0
debug +++ [int] currentCount = 21
debug +++ [Boolean] running = true
debug +++ [int] delay = 180000
debug +++ [int] repeatCount = 0
debug +++ [int] currentCount = 21
debug +++ [Boolean] running = true
debug +++ [int] delay = 180000
debug time 17:44:03.39 :: After HeartBeat Count=22 Result=5
debug time 17:47:03.43 :: Before HeartBeat Count=23 Time=Fri Dec 2 2011 17:47:03 GMT+0100 AccountId=28699575 Session=f173011a-a8a6-4323-bc2f-8548709c1cef
debug ++ [int] eventPhase = 2
debug ++ [Boolean] bubbles = false
debug ++ [Boolean] cancelable = false
debug ++ [String] type = timer
debug +++ [int] repeatCount = 0
debug +++ [int] currentCount = 22
debug +++ [Boolean] running = true
debug +++ [int] delay = 180000
debug +++ [int] repeatCount = 0
debug +++ [int] currentCount = 22
debug +++ [Boolean] running = true
debug +++ [int] delay = 180000
debug time 17:47:04.39 :: After HeartBeat Count=23 Result=5
debug time 17:50:03.44 :: Before HeartBeat Count=24 Time=Fri Dec 2 2011 17:50:03 GMT+0100 AccountId=28699575 Session=f173011a-a8a6-4323-bc2f-8548709c1cef
debug ++ [int] eventPhase = 2
debug ++ [Boolean] bubbles = false
debug ++ [Boolean] cancelable = false
debug ++ [String] type = timer
debug +++ [int] repeatCount = 0
debug +++ [int] currentCount = 23
debug +++ [Boolean] running = true
debug +++ [int] delay = 180000
debug +++ [int] repeatCount = 0
debug +++ [int] currentCount = 23
debug +++ [Boolean] running = true
debug +++ [int] delay = 180000
debug time 17:50:04.40 :: After HeartBeat Count=24 Result=5
debug time 17:53:03.44 :: Before HeartBeat Count=25 Time=Fri Dec 2 2011 17:53:03 GMT+0100 AccountId=28699575 Session=f173011a-a8a6-4323-bc2f-8548709c1cef
debug ++ [int] eventPhase = 2
debug ++ [Boolean] bubbles = false
debug ++ [Boolean] cancelable = false
debug ++ [String] type = timer
debug +++ [int] repeatCount = 0
debug +++ [int] currentCount = 24
debug +++ [Boolean] running = true
debug +++ [int] delay = 180000
debug +++ [int] repeatCount = 0
debug +++ [int] currentCount = 24
debug +++ [Boolean] running = true
debug +++ [int] delay = 180000
debug time 17:53:04.40 :: After HeartBeat Count=25 Result=5
debug time 17:56:03.43 :: Before HeartBeat Count=26 Time=Fri Dec 2 2011 17:56:03 GMT+0100 AccountId=28699575 Session=f173011a-a8a6-4323-bc2f-8548709c1cef
debug ++ [int] eventPhase = 2
debug ++ [Boolean] bubbles = false
debug ++ [Boolean] cancelable = false
debug ++ [String] type = timer
debug +++ [int] repeatCount = 0
debug +++ [int] currentCount = 25
debug +++ [Boolean] running = true
debug +++ [int] delay = 180000
debug +++ [int] repeatCount = 0
debug +++ [int] currentCount = 25
debug +++ [Boolean] running = true
debug +++ [int] delay = 180000
debug time 17:56:04.39 :: After HeartBeat Count=26 Result=5
debug time 17:57:59.215 :: Performing heartbeat at Fri Dec 2 2011 17:57:59 GMT+0100
debug time 17:59:03.79 :: Before HeartBeat Count=27 Time=Fri Dec 2 2011 17:59:03 GMT+0100 AccountId=28699575 Session=f173011a-a8a6-4323-bc2f-8548709c1cef
debug ++ [int] eventPhase = 2
debug ++ [Boolean] bubbles = false
debug ++ [Boolean] cancelable = false
debug ++ [String] type = timer
debug +++ [int] repeatCount = 0
debug +++ [int] currentCount = 26
debug +++ [Boolean] running = true
debug +++ [int] delay = 180000
debug +++ [int] repeatCount = 0
debug +++ [int] currentCount = 26
debug +++ [Boolean] running = true
debug +++ [int] delay = 180000
debug time 17:59:03.281 :: After HeartBeat Count=27 Result=5
debug time 18:02:03.690 :: Before HeartBeat Count=28 Time=Fri Dec 2 2011 18:02:03 GMT+0100 AccountId=28699575 Session=f173011a-a8a6-4323-bc2f-8548709c1cef
debug ++ [int] eventPhase = 2
debug ++ [Boolean] bubbles = false
debug ++ [Boolean] cancelable = false
debug ++ [String] type = timer
debug +++ [int] repeatCount = 0
debug +++ [int] currentCount = 27
debug +++ [Boolean] running = true
debug +++ [int] delay = 180000
debug +++ [int] repeatCount = 0
debug +++ [int] currentCount = 27
debug +++ [Boolean] running = true
debug +++ [int] delay = 180000
debug time 18:02:04.687 :: After HeartBeat Count=28 Result=5
debug time 18:05:03.715 :: Before HeartBeat Count=29 Time=Fri Dec 2 2011 18:05:03 GMT+0100 AccountId=28699575 Session=f173011a-a8a6-4323-bc2f-8548709c1cef
debug ++ [int] eventPhase = 2
debug ++ [Boolean] bubbles = false
debug ++ [Boolean] cancelable = false
debug ++ [String] type = timer
debug +++ [int] repeatCount = 0
debug +++ [int] currentCount = 28
debug +++ [Boolean] running = true
debug +++ [int] delay = 180000
debug +++ [int] repeatCount = 0
debug +++ [int] currentCount = 28
debug +++ [Boolean] running = true
debug +++ [int] delay = 180000
debug time 18:05:04.691 :: After HeartBeat Count=29 Result=5
debug time 18:08:04.691 :: Before HeartBeat Count=30 Time=Fri Dec 2 2011 18:08:04 GMT+0100 AccountId=28699575 Session=f173011a-a8a6-4323-bc2f-8548709c1cef
debug ++ [int] eventPhase = 2
debug ++ [Boolean] bubbles = false
debug ++ [Boolean] cancelable = false
debug ++ [String] type = timer
debug +++ [int] repeatCount = 0
debug +++ [int] currentCount = 29
debug +++ [Boolean] running = true
debug +++ [int] delay = 180000
debug +++ [int] repeatCount = 0
debug +++ [int] currentCount = 29
debug +++ [Boolean] running = true
debug +++ [int] delay = 180000
debug time 18:08:05.687 :: After HeartBeat Count=30 Result=5
debug time 18:11:04.691 :: Before HeartBeat Count=31 Time=Fri Dec 2 2011 18:11:04 GMT+0100 AccountId=28699575 Session=f173011a-a8a6-4323-bc2f-8548709c1cef
debug ++ [int] eventPhase = 2
debug ++ [Boolean] bubbles = false
debug ++ [Boolean] cancelable = false
debug ++ [String] type = timer
debug +++ [int] repeatCount = 0
debug +++ [int] currentCount = 30
debug +++ [Boolean] running = true
debug +++ [int] delay = 180000
debug +++ [int] repeatCount = 0
debug +++ [int] currentCount = 30
debug +++ [Boolean] running = true
debug +++ [int] delay = 180000
debug time 18:11:05.687 :: After HeartBeat Count=31 Result=5
debug time 18:14:04.697 :: Before HeartBeat Count=32 Time=Fri Dec 2 2011 18:14:04 GMT+0100 AccountId=28699575 Session=f173011a-a8a6-4323-bc2f-8548709c1cef
debug ++ [int] eventPhase = 2
debug ++ [Boolean] bubbles = false
debug ++ [Boolean] cancelable = false
debug ++ [String] type = timer
debug +++ [int] repeatCount = 0
debug +++ [int] currentCount = 31
debug +++ [Boolean] running = true
debug +++ [int] delay = 180000
debug +++ [int] repeatCount = 0
debug +++ [int] currentCount = 31
debug +++ [Boolean] running = true
debug +++ [int] delay = 180000
debug time 18:14:05.686 :: After HeartBeat Count=32 Result=5
debug time 18:17:05.691 :: Before HeartBeat Count=33 Time=Fri Dec 2 2011 18:17:05 GMT+0100 AccountId=28699575 Session=f173011a-a8a6-4323-bc2f-8548709c1cef
debug ++ [int] eventPhase = 2
debug ++ [Boolean] bubbles = false
debug ++ [Boolean] cancelable = false
debug ++ [String] type = timer
debug +++ [int] repeatCount = 0
debug +++ [int] currentCount = 32
debug +++ [Boolean] running = true
debug +++ [int] delay = 180000
debug +++ [int] repeatCount = 0
debug +++ [int] currentCount = 32
debug +++ [Boolean] running = true
debug +++ [int] delay = 180000
debug time 18:17:06.692 :: After HeartBeat Count=33 Result=5
debug time 18:20:05.691 :: Before HeartBeat Count=34 Time=Fri Dec 2 2011 18:20:05 GMT+0100 AccountId=28699575 Session=f173011a-a8a6-4323-bc2f-8548709c1cef
debug ++ [int] eventPhase = 2
debug ++ [Boolean] bubbles = false
debug ++ [Boolean] cancelable = false
debug ++ [String] type = timer
debug +++ [int] repeatCount = 0
debug +++ [int] currentCount = 33
debug +++ [Boolean] running = true
debug +++ [int] delay = 180000
debug +++ [int] repeatCount = 0
debug +++ [int] currentCount = 33
debug +++ [Boolean] running = true
debug +++ [int] delay = 180000
debug time 18:20:06.687 :: After HeartBeat Count=34 Result=5
debug time 18:23:05.690 :: Before HeartBeat Count=35 Time=Fri Dec 2 2011 18:23:05 GMT+0100 AccountId=28699575 Session=f173011a-a8a6-4323-bc2f-8548709c1cef
debug ++ [int] eventPhase = 2
debug ++ [Boolean] bubbles = false
debug ++ [Boolean] cancelable = false
debug ++ [String] type = timer
debug +++ [int] repeatCount = 0
debug +++ [int] currentCount = 34
debug +++ [Boolean] running = true
debug +++ [int] delay = 180000
debug +++ [int] repeatCount = 0
debug +++ [int] currentCount = 34
debug +++ [Boolean] running = true
debug +++ [int] delay = 180000
debug time 18:23:06.686 :: After HeartBeat Count=35 Result=5
debug time 18:26:05.691 :: Before HeartBeat Count=36 Time=Fri Dec 2 2011 18:26:05 GMT+0100 AccountId=28699575 Session=f173011a-a8a6-4323-bc2f-8548709c1cef
debug ++ [int] eventPhase = 2
debug ++ [Boolean] bubbles = false
debug ++ [Boolean] cancelable = false
debug ++ [String] type = timer
debug +++ [int] repeatCount = 0
debug +++ [int] currentCount = 35
debug +++ [Boolean] running = true
debug +++ [int] delay = 180000
debug +++ [int] repeatCount = 0
debug +++ [int] currentCount = 35
debug +++ [Boolean] running = true
debug +++ [int] delay = 180000
debug time 18:26:06.686 :: After HeartBeat Count=36 Result=5
debug time 18:29:06.692 :: Before HeartBeat Count=37 Time=Fri Dec 2 2011 18:29:06 GMT+0100 AccountId=28699575 Session=f173011a-a8a6-4323-bc2f-8548709c1cef
debug ++ [int] eventPhase = 2
debug ++ [Boolean] bubbles = false
debug ++ [Boolean] cancelable = false
debug ++ [String] type = timer
debug +++ [int] repeatCount = 0
debug +++ [int] currentCount = 36
debug +++ [Boolean] running = true
debug +++ [int] delay = 180000
debug +++ [int] repeatCount = 0
debug +++ [int] currentCount = 36
debug +++ [Boolean] running = true
debug +++ [int] delay = 180000
debug time 18:29:07.687 :: After HeartBeat Count=37 Result=5
debug time 18:32:06.724 :: Before HeartBeat Count=38 Time=Fri Dec 2 2011 18:32:06 GMT+0100 AccountId=28699575 Session=f173011a-a8a6-4323-bc2f-8548709c1cef
debug ++ [int] eventPhase = 2
debug ++ [Boolean] bubbles = false
debug ++ [Boolean] cancelable = false
debug ++ [String] type = timer
debug +++ [int] repeatCount = 0
debug +++ [int] currentCount = 37
debug +++ [Boolean] running = true
debug +++ [int] delay = 180000
debug +++ [int] repeatCount = 0
debug +++ [int] currentCount = 37
debug +++ [Boolean] running = true
debug +++ [int] delay = 180000
debug time 18:32:07.686 :: After HeartBeat Count=38 Result=5
debug time 18:34:16.715 :: Performing heartbeat at Fri Dec 2 2011 18:34:16 GMT+0100
