debug time 21:44:10.248 :: Before HeartBeat Count=1 Time=Fri Feb 10 2012 21:44:10 GMT+0100 AccountId=29131007 Session=bb47bf1a-3992-4bbb-933b-272e3b0c2ee7
STOP LOGGING: More than 0 nested objects or properties. 
debug time 21:44:11.18 :: After HeartBeat Count=1 Result=5
debug time 21:46:10.264 :: Before HeartBeat Count=2 Time=Fri Feb 10 2012 21:46:10 GMT+0100 AccountId=29131007 Session=bb47bf1a-3992-4bbb-933b-272e3b0c2ee7
debug ++ [int] eventPhase = 2
debug ++ [Boolean] bubbles = false
debug ++ [Boolean] cancelable = false
debug ++ [String] type = timer
debug +++ [int] repeatCount = 0
debug +++ [int] currentCount = 1
debug +++ [Boolean] running = true
debug +++ [int] delay = 120000
debug +++ [int] repeatCount = 0
debug +++ [int] currentCount = 1
debug +++ [Boolean] running = true
debug +++ [int] delay = 120000
debug time 21:46:10.466 :: After HeartBeat Count=2 Result=5
debug time 21:48:10.658 :: Before HeartBeat Count=3 Time=Fri Feb 10 2012 21:48:10 GMT+0100 AccountId=29131007 Session=bb47bf1a-3992-4bbb-933b-272e3b0c2ee7
debug ++ [int] eventPhase = 2
debug ++ [Boolean] bubbles = false
debug ++ [Boolean] cancelable = false
debug ++ [String] type = timer
debug +++ [int] repeatCount = 0
debug +++ [int] currentCount = 2
debug +++ [Boolean] running = true
debug +++ [int] delay = 120000
debug +++ [int] repeatCount = 0
debug +++ [int] currentCount = 2
debug +++ [Boolean] running = true
debug +++ [int] delay = 120000
debug time 21:48:11.654 :: After HeartBeat Count=3 Result=5
debug time 21:50:10.658 :: Before HeartBeat Count=4 Time=Fri Feb 10 2012 21:50:10 GMT+0100 AccountId=29131007 Session=bb47bf1a-3992-4bbb-933b-272e3b0c2ee7
debug ++ [int] eventPhase = 2
debug ++ [Boolean] bubbles = false
debug ++ [Boolean] cancelable = false
debug ++ [String] type = timer
debug +++ [int] repeatCount = 0
debug +++ [int] currentCount = 3
debug +++ [Boolean] running = true
debug +++ [int] delay = 120000
debug +++ [int] repeatCount = 0
debug +++ [int] currentCount = 3
debug +++ [Boolean] running = true
debug +++ [int] delay = 120000
debug time 21:50:11.654 :: After HeartBeat Count=4 Result=5
debug time 21:52:10.658 :: Before HeartBeat Count=5 Time=Fri Feb 10 2012 21:52:10 GMT+0100 AccountId=29131007 Session=bb47bf1a-3992-4bbb-933b-272e3b0c2ee7
debug ++ [int] eventPhase = 2
debug ++ [Boolean] bubbles = false
debug ++ [Boolean] cancelable = false
debug ++ [String] type = timer
debug +++ [int] repeatCount = 0
debug +++ [int] currentCount = 4
debug +++ [Boolean] running = true
debug +++ [int] delay = 120000
debug +++ [int] repeatCount = 0
debug +++ [int] currentCount = 4
debug +++ [Boolean] running = true
debug +++ [int] delay = 120000
debug time 21:52:11.654 :: After HeartBeat Count=5 Result=5
debug time 21:54:10.658 :: Before HeartBeat Count=6 Time=Fri Feb 10 2012 21:54:10 GMT+0100 AccountId=29131007 Session=bb47bf1a-3992-4bbb-933b-272e3b0c2ee7
debug ++ [int] eventPhase = 2
debug ++ [Boolean] bubbles = false
debug ++ [Boolean] cancelable = false
debug ++ [String] type = timer
debug +++ [int] repeatCount = 0
debug +++ [int] currentCount = 5
debug +++ [Boolean] running = true
debug +++ [int] delay = 120000
debug +++ [int] repeatCount = 0
debug +++ [int] currentCount = 5
debug +++ [Boolean] running = true
debug +++ [int] delay = 120000
debug time 21:54:11.654 :: After HeartBeat Count=6 Result=5
debug time 21:56:11.657 :: Before HeartBeat Count=7 Time=Fri Feb 10 2012 21:56:11 GMT+0100 AccountId=29131007 Session=bb47bf1a-3992-4bbb-933b-272e3b0c2ee7
debug ++ [int] eventPhase = 2
debug ++ [Boolean] bubbles = false
debug ++ [Boolean] cancelable = false
debug ++ [String] type = timer
debug +++ [int] repeatCount = 0
debug +++ [int] currentCount = 6
debug +++ [Boolean] running = true
debug +++ [int] delay = 120000
debug +++ [int] repeatCount = 0
debug +++ [int] currentCount = 6
debug +++ [Boolean] running = true
debug +++ [int] delay = 120000
debug time 21:56:12.654 :: After HeartBeat Count=7 Result=5
debug time 21:58:11.672 :: Before HeartBeat Count=8 Time=Fri Feb 10 2012 21:58:11 GMT+0100 AccountId=29131007 Session=bb47bf1a-3992-4bbb-933b-272e3b0c2ee7
debug ++ [int] eventPhase = 2
debug ++ [Boolean] bubbles = false
debug ++ [Boolean] cancelable = false
debug ++ [String] type = timer
debug +++ [int] repeatCount = 0
debug +++ [int] currentCount = 7
debug +++ [Boolean] running = true
debug +++ [int] delay = 120000
debug +++ [int] repeatCount = 0
debug +++ [int] currentCount = 7
debug +++ [Boolean] running = true
debug +++ [int] delay = 120000
debug time 21:58:12.658 :: After HeartBeat Count=8 Result=5
debug time 22:00:12.657 :: Before HeartBeat Count=9 Time=Fri Feb 10 2012 22:00:12 GMT+0100 AccountId=29131007 Session=bb47bf1a-3992-4bbb-933b-272e3b0c2ee7
debug ++ [int] eventPhase = 2
debug ++ [Boolean] bubbles = false
debug ++ [Boolean] cancelable = false
debug ++ [String] type = timer
debug +++ [int] repeatCount = 0
debug +++ [int] currentCount = 8
debug +++ [Boolean] running = true
debug +++ [int] delay = 120000
debug +++ [int] repeatCount = 0
debug +++ [int] currentCount = 8
debug +++ [Boolean] running = true
debug +++ [int] delay = 120000
debug time 22:00:13.654 :: After HeartBeat Count=9 Result=5
debug time 22:02:12.658 :: Before HeartBeat Count=10 Time=Fri Feb 10 2012 22:02:12 GMT+0100 AccountId=29131007 Session=bb47bf1a-3992-4bbb-933b-272e3b0c2ee7
debug ++ [int] eventPhase = 2
debug ++ [Boolean] bubbles = false
debug ++ [Boolean] cancelable = false
debug ++ [String] type = timer
debug +++ [int] repeatCount = 0
debug +++ [int] currentCount = 9
debug +++ [Boolean] running = true
debug +++ [int] delay = 120000
debug +++ [int] repeatCount = 0
debug +++ [int] currentCount = 9
debug +++ [Boolean] running = true
debug +++ [int] delay = 120000
debug time 22:02:13.654 :: After HeartBeat Count=10 Result=5
debug time 22:04:12.658 :: Before HeartBeat Count=11 Time=Fri Feb 10 2012 22:04:12 GMT+0100 AccountId=29131007 Session=bb47bf1a-3992-4bbb-933b-272e3b0c2ee7
debug ++ [int] eventPhase = 2
debug ++ [Boolean] bubbles = false
debug ++ [Boolean] cancelable = false
debug ++ [String] type = timer
debug +++ [int] repeatCount = 0
debug +++ [int] currentCount = 10
debug +++ [Boolean] running = true
debug +++ [int] delay = 120000
debug +++ [int] repeatCount = 0
debug +++ [int] currentCount = 10
debug +++ [Boolean] running = true
debug +++ [int] delay = 120000
debug time 22:04:13.654 :: After HeartBeat Count=11 Result=5
debug time 22:06:12.658 :: Before HeartBeat Count=12 Time=Fri Feb 10 2012 22:06:12 GMT+0100 AccountId=29131007 Session=bb47bf1a-3992-4bbb-933b-272e3b0c2ee7
debug ++ [int] eventPhase = 2
debug ++ [Boolean] bubbles = false
debug ++ [Boolean] cancelable = false
debug ++ [String] type = timer
debug +++ [int] repeatCount = 0
debug +++ [int] currentCount = 11
debug +++ [Boolean] running = true
debug +++ [int] delay = 120000
debug +++ [int] repeatCount = 0
debug +++ [int] currentCount = 11
debug +++ [Boolean] running = true
debug +++ [int] delay = 120000
debug time 22:06:13.654 :: After HeartBeat Count=12 Result=5
debug time 22:08:12.659 :: Before HeartBeat Count=13 Time=Fri Feb 10 2012 22:08:12 GMT+0100 AccountId=29131007 Session=bb47bf1a-3992-4bbb-933b-272e3b0c2ee7
debug ++ [int] eventPhase = 2
debug ++ [Boolean] bubbles = false
debug ++ [Boolean] cancelable = false
debug ++ [String] type = timer
debug +++ [int] repeatCount = 0
debug +++ [int] currentCount = 12
debug +++ [Boolean] running = true
debug +++ [int] delay = 120000
debug +++ [int] repeatCount = 0
debug +++ [int] currentCount = 12
debug +++ [Boolean] running = true
debug +++ [int] delay = 120000
debug time 22:08:13.654 :: After HeartBeat Count=13 Result=5
debug time 22:10:13.657 :: Before HeartBeat Count=14 Time=Fri Feb 10 2012 22:10:13 GMT+0100 AccountId=29131007 Session=bb47bf1a-3992-4bbb-933b-272e3b0c2ee7
debug ++ [int] eventPhase = 2
debug ++ [Boolean] bubbles = false
debug ++ [Boolean] cancelable = false
debug ++ [String] type = timer
debug +++ [int] repeatCount = 0
debug +++ [int] currentCount = 13
debug +++ [Boolean] running = true
debug +++ [int] delay = 120000
debug +++ [int] repeatCount = 0
debug +++ [int] currentCount = 13
debug +++ [Boolean] running = true
debug +++ [int] delay = 120000
debug time 22:10:14.654 :: After HeartBeat Count=14 Result=5
debug time 22:12:13.657 :: Before HeartBeat Count=15 Time=Fri Feb 10 2012 22:12:13 GMT+0100 AccountId=29131007 Session=bb47bf1a-3992-4bbb-933b-272e3b0c2ee7
debug ++ [int] eventPhase = 2
debug ++ [Boolean] bubbles = false
debug ++ [Boolean] cancelable = false
debug ++ [String] type = timer
debug +++ [int] repeatCount = 0
debug +++ [int] currentCount = 14
debug +++ [Boolean] running = true
debug +++ [int] delay = 120000
debug +++ [int] repeatCount = 0
debug +++ [int] currentCount = 14
debug +++ [Boolean] running = true
debug +++ [int] delay = 120000
debug time 22:12:14.654 :: After HeartBeat Count=15 Result=5
debug time 22:14:13.656 :: Before HeartBeat Count=16 Time=Fri Feb 10 2012 22:14:13 GMT+0100 AccountId=29131007 Session=bb47bf1a-3992-4bbb-933b-272e3b0c2ee7
debug ++ [int] eventPhase = 2
debug ++ [Boolean] bubbles = false
debug ++ [Boolean] cancelable = false
debug ++ [String] type = timer
debug +++ [int] repeatCount = 0
debug +++ [int] currentCount = 15
debug +++ [Boolean] running = true
debug +++ [int] delay = 120000
debug +++ [int] repeatCount = 0
debug +++ [int] currentCount = 15
debug +++ [Boolean] running = true
debug +++ [int] delay = 120000
debug time 22:14:14.653 :: After HeartBeat Count=16 Result=5
debug time 22:16:13.657 :: Before HeartBeat Count=17 Time=Fri Feb 10 2012 22:16:13 GMT+0100 AccountId=29131007 Session=bb47bf1a-3992-4bbb-933b-272e3b0c2ee7
debug ++ [int] eventPhase = 2
debug ++ [Boolean] bubbles = false
debug ++ [Boolean] cancelable = false
debug ++ [String] type = timer
debug +++ [int] repeatCount = 0
debug +++ [int] currentCount = 16
debug +++ [Boolean] running = true
debug +++ [int] delay = 120000
debug +++ [int] repeatCount = 0
debug +++ [int] currentCount = 16
debug +++ [Boolean] running = true
debug +++ [int] delay = 120000
debug time 22:16:14.654 :: After HeartBeat Count=17 Result=5
debug time 22:18:13.661 :: Before HeartBeat Count=18 Time=Fri Feb 10 2012 22:18:13 GMT+0100 AccountId=29131007 Session=bb47bf1a-3992-4bbb-933b-272e3b0c2ee7
debug ++ [int] eventPhase = 2
debug ++ [Boolean] bubbles = false
debug ++ [Boolean] cancelable = false
debug ++ [String] type = timer
debug +++ [int] repeatCount = 0
debug +++ [int] currentCount = 17
debug +++ [Boolean] running = true
debug +++ [int] delay = 120000
debug +++ [int] repeatCount = 0
debug +++ [int] currentCount = 17
debug +++ [Boolean] running = true
debug +++ [int] delay = 120000
debug time 22:18:14.654 :: After HeartBeat Count=18 Result=5
debug time 22:18:21.878 :: Performing heartbeat at Fri Feb 10 2012 22:18:21 GMT+0100
debug time 22:20:13.692 :: Before HeartBeat Count=19 Time=Fri Feb 10 2012 22:20:13 GMT+0100 AccountId=29131007 Session=bb47bf1a-3992-4bbb-933b-272e3b0c2ee7
debug ++ [int] eventPhase = 2
debug ++ [Boolean] bubbles = false
debug ++ [Boolean] cancelable = false
debug ++ [String] type = timer
debug +++ [int] repeatCount = 0
debug +++ [int] currentCount = 18
debug +++ [Boolean] running = true
debug +++ [int] delay = 120000
debug +++ [int] repeatCount = 0
debug +++ [int] currentCount = 18
debug +++ [Boolean] running = true
debug +++ [int] delay = 120000
debug time 22:20:13.889 :: After HeartBeat Count=19 Result=5
debug time 22:22:13.701 :: Before HeartBeat Count=20 Time=Fri Feb 10 2012 22:22:13 GMT+0100 AccountId=29131007 Session=bb47bf1a-3992-4bbb-933b-272e3b0c2ee7
debug ++ [int] eventPhase = 2
debug ++ [Boolean] bubbles = false
debug ++ [Boolean] cancelable = false
debug ++ [String] type = timer
debug +++ [int] repeatCount = 0
debug +++ [int] currentCount = 19
debug +++ [Boolean] running = true
debug +++ [int] delay = 120000
debug +++ [int] repeatCount = 0
debug +++ [int] currentCount = 19
debug +++ [Boolean] running = true
debug +++ [int] delay = 120000
debug time 22:22:13.876 :: After HeartBeat Count=20 Result=5
debug time 22:24:14.640 :: Before HeartBeat Count=21 Time=Fri Feb 10 2012 22:24:14 GMT+0100 AccountId=29131007 Session=bb47bf1a-3992-4bbb-933b-272e3b0c2ee7
debug ++ [int] eventPhase = 2
debug ++ [Boolean] bubbles = false
debug ++ [Boolean] cancelable = false
debug ++ [String] type = timer
debug +++ [int] repeatCount = 0
debug +++ [int] currentCount = 20
debug +++ [Boolean] running = true
debug +++ [int] delay = 120000
debug +++ [int] repeatCount = 0
debug +++ [int] currentCount = 20
debug +++ [Boolean] running = true
debug +++ [int] delay = 120000
debug time 22:24:15.620 :: After HeartBeat Count=21 Result=5
debug time 22:26:15.637 :: Before HeartBeat Count=22 Time=Fri Feb 10 2012 22:26:15 GMT+0100 AccountId=29131007 Session=bb47bf1a-3992-4bbb-933b-272e3b0c2ee7
debug ++ [int] eventPhase = 2
debug ++ [Boolean] bubbles = false
debug ++ [Boolean] cancelable = false
debug ++ [String] type = timer
debug +++ [int] repeatCount = 0
debug +++ [int] currentCount = 21
debug +++ [Boolean] running = true
debug +++ [int] delay = 120000
debug +++ [int] repeatCount = 0
debug +++ [int] currentCount = 21
debug +++ [Boolean] running = true
debug +++ [int] delay = 120000
debug time 22:26:16.620 :: After HeartBeat Count=22 Result=5
debug time 22:28:16.623 :: Before HeartBeat Count=23 Time=Fri Feb 10 2012 22:28:16 GMT+0100 AccountId=29131007 Session=bb47bf1a-3992-4bbb-933b-272e3b0c2ee7
debug ++ [int] eventPhase = 2
debug ++ [Boolean] bubbles = false
debug ++ [Boolean] cancelable = false
debug ++ [String] type = timer
debug +++ [int] repeatCount = 0
debug +++ [int] currentCount = 22
debug +++ [Boolean] running = true
debug +++ [int] delay = 120000
debug +++ [int] repeatCount = 0
debug +++ [int] currentCount = 22
debug +++ [Boolean] running = true
debug +++ [int] delay = 120000
debug time 22:28:17.620 :: After HeartBeat Count=23 Result=5
debug time 22:30:16.623 :: Before HeartBeat Count=24 Time=Fri Feb 10 2012 22:30:16 GMT+0100 AccountId=29131007 Session=bb47bf1a-3992-4bbb-933b-272e3b0c2ee7
debug ++ [int] eventPhase = 2
debug ++ [Boolean] bubbles = false
debug ++ [Boolean] cancelable = false
debug ++ [String] type = timer
debug +++ [int] repeatCount = 0
debug +++ [int] currentCount = 23
debug +++ [Boolean] running = true
debug +++ [int] delay = 120000
debug +++ [int] repeatCount = 0
debug +++ [int] currentCount = 23
debug +++ [Boolean] running = true
debug +++ [int] delay = 120000
debug time 22:30:17.620 :: After HeartBeat Count=24 Result=5
debug time 22:32:16.623 :: Before HeartBeat Count=25 Time=Fri Feb 10 2012 22:32:16 GMT+0100 AccountId=29131007 Session=bb47bf1a-3992-4bbb-933b-272e3b0c2ee7
debug ++ [int] eventPhase = 2
debug ++ [Boolean] bubbles = false
debug ++ [Boolean] cancelable = false
debug ++ [String] type = timer
debug +++ [int] repeatCount = 0
debug +++ [int] currentCount = 24
debug +++ [Boolean] running = true
debug +++ [int] delay = 120000
debug +++ [int] repeatCount = 0
debug +++ [int] currentCount = 24
debug +++ [Boolean] running = true
debug +++ [int] delay = 120000
debug time 22:32:17.619 :: After HeartBeat Count=25 Result=5
debug time 22:34:17.623 :: Before HeartBeat Count=26 Time=Fri Feb 10 2012 22:34:17 GMT+0100 AccountId=29131007 Session=bb47bf1a-3992-4bbb-933b-272e3b0c2ee7
debug ++ [int] eventPhase = 2
debug ++ [Boolean] bubbles = false
debug ++ [Boolean] cancelable = false
debug ++ [String] type = timer
debug +++ [int] repeatCount = 0
debug +++ [int] currentCount = 25
debug +++ [Boolean] running = true
debug +++ [int] delay = 120000
debug +++ [int] repeatCount = 0
debug +++ [int] currentCount = 25
debug +++ [Boolean] running = true
debug +++ [int] delay = 120000
debug time 22:34:18.620 :: After HeartBeat Count=26 Result=5
debug time 22:36:17.624 :: Before HeartBeat Count=27 Time=Fri Feb 10 2012 22:36:17 GMT+0100 AccountId=29131007 Session=bb47bf1a-3992-4bbb-933b-272e3b0c2ee7
debug ++ [int] eventPhase = 2
debug ++ [Boolean] bubbles = false
debug ++ [Boolean] cancelable = false
debug ++ [String] type = timer
debug +++ [int] repeatCount = 0
debug +++ [int] currentCount = 26
debug +++ [Boolean] running = true
debug +++ [int] delay = 120000
debug +++ [int] repeatCount = 0
debug +++ [int] currentCount = 26
debug +++ [Boolean] running = true
debug +++ [int] delay = 120000
debug time 22:36:18.620 :: After HeartBeat Count=27 Result=5
debug time 22:38:17.624 :: Before HeartBeat Count=28 Time=Fri Feb 10 2012 22:38:17 GMT+0100 AccountId=29131007 Session=bb47bf1a-3992-4bbb-933b-272e3b0c2ee7
debug ++ [int] eventPhase = 2
debug ++ [Boolean] bubbles = false
debug ++ [Boolean] cancelable = false
debug ++ [String] type = timer
debug +++ [int] repeatCount = 0
debug +++ [int] currentCount = 27
debug +++ [Boolean] running = true
debug +++ [int] delay = 120000
debug +++ [int] repeatCount = 0
debug +++ [int] currentCount = 27
debug +++ [Boolean] running = true
debug +++ [int] delay = 120000
debug time 22:38:18.620 :: After HeartBeat Count=28 Result=5
debug time 22:40:17.647 :: Before HeartBeat Count=29 Time=Fri Feb 10 2012 22:40:17 GMT+0100 AccountId=29131007 Session=bb47bf1a-3992-4bbb-933b-272e3b0c2ee7
debug ++ [int] eventPhase = 2
debug ++ [Boolean] bubbles = false
debug ++ [Boolean] cancelable = false
debug ++ [String] type = timer
debug +++ [int] repeatCount = 0
debug +++ [int] currentCount = 28
debug +++ [Boolean] running = true
debug +++ [int] delay = 120000
debug +++ [int] repeatCount = 0
debug +++ [int] currentCount = 28
debug +++ [Boolean] running = true
debug +++ [int] delay = 120000
debug time 22:40:18.620 :: After HeartBeat Count=29 Result=5
debug time 22:42:18.623 :: Before HeartBeat Count=30 Time=Fri Feb 10 2012 22:42:18 GMT+0100 AccountId=29131007 Session=bb47bf1a-3992-4bbb-933b-272e3b0c2ee7
debug ++ [int] eventPhase = 2
debug ++ [Boolean] bubbles = false
debug ++ [Boolean] cancelable = false
debug ++ [String] type = timer
debug +++ [int] repeatCount = 0
debug +++ [int] currentCount = 29
debug +++ [Boolean] running = true
debug +++ [int] delay = 120000
debug +++ [int] repeatCount = 0
debug +++ [int] currentCount = 29
debug +++ [Boolean] running = true
debug +++ [int] delay = 120000
debug time 22:42:19.620 :: After HeartBeat Count=30 Result=5
debug time 22:44:18.623 :: Before HeartBeat Count=31 Time=Fri Feb 10 2012 22:44:18 GMT+0100 AccountId=29131007 Session=bb47bf1a-3992-4bbb-933b-272e3b0c2ee7
debug ++ [int] eventPhase = 2
debug ++ [Boolean] bubbles = false
debug ++ [Boolean] cancelable = false
debug ++ [String] type = timer
debug +++ [int] repeatCount = 0
debug +++ [int] currentCount = 30
debug +++ [Boolean] running = true
debug +++ [int] delay = 120000
debug +++ [int] repeatCount = 0
debug +++ [int] currentCount = 30
debug +++ [Boolean] running = true
debug +++ [int] delay = 120000
debug time 22:44:19.625 :: After HeartBeat Count=31 Result=5
debug time 22:46:18.623 :: Before HeartBeat Count=32 Time=Fri Feb 10 2012 22:46:18 GMT+0100 AccountId=29131007 Session=bb47bf1a-3992-4bbb-933b-272e3b0c2ee7
debug ++ [int] eventPhase = 2
debug ++ [Boolean] bubbles = false
debug ++ [Boolean] cancelable = false
debug ++ [String] type = timer
debug +++ [int] repeatCount = 0
debug +++ [int] currentCount = 31
debug +++ [Boolean] running = true
debug +++ [int] delay = 120000
debug +++ [int] repeatCount = 0
debug +++ [int] currentCount = 31
debug +++ [Boolean] running = true
debug +++ [int] delay = 120000
debug time 22:46:19.620 :: After HeartBeat Count=32 Result=5
debug time 22:48:18.622 :: Before HeartBeat Count=33 Time=Fri Feb 10 2012 22:48:18 GMT+0100 AccountId=29131007 Session=bb47bf1a-3992-4bbb-933b-272e3b0c2ee7
debug ++ [int] eventPhase = 2
debug ++ [Boolean] bubbles = false
debug ++ [Boolean] cancelable = false
debug ++ [String] type = timer
debug +++ [int] repeatCount = 0
debug +++ [int] currentCount = 32
debug +++ [Boolean] running = true
debug +++ [int] delay = 120000
debug +++ [int] repeatCount = 0
debug +++ [int] currentCount = 32
debug +++ [Boolean] running = true
debug +++ [int] delay = 120000
debug time 22:48:19.619 :: After HeartBeat Count=33 Result=5
debug time 22:50:18.623 :: Before HeartBeat Count=34 Time=Fri Feb 10 2012 22:50:18 GMT+0100 AccountId=29131007 Session=bb47bf1a-3992-4bbb-933b-272e3b0c2ee7
debug ++ [int] eventPhase = 2
debug ++ [Boolean] bubbles = false
debug ++ [Boolean] cancelable = false
debug ++ [String] type = timer
debug +++ [int] repeatCount = 0
debug +++ [int] currentCount = 33
debug +++ [Boolean] running = true
debug +++ [int] delay = 120000
debug +++ [int] repeatCount = 0
debug +++ [int] currentCount = 33
debug +++ [Boolean] running = true
debug +++ [int] delay = 120000
debug time 22:50:19.620 :: After HeartBeat Count=34 Result=5
debug time 22:52:18.623 :: Before HeartBeat Count=35 Time=Fri Feb 10 2012 22:52:18 GMT+0100 AccountId=29131007 Session=bb47bf1a-3992-4bbb-933b-272e3b0c2ee7
debug ++ [int] eventPhase = 2
debug ++ [Boolean] bubbles = false
debug ++ [Boolean] cancelable = false
debug ++ [String] type = timer
debug +++ [int] repeatCount = 0
debug +++ [int] currentCount = 34
debug +++ [Boolean] running = true
debug +++ [int] delay = 120000
debug +++ [int] repeatCount = 0
debug +++ [int] currentCount = 34
debug +++ [Boolean] running = true
debug +++ [int] delay = 120000
debug time 22:52:19.620 :: After HeartBeat Count=35 Result=5
debug time 22:54:18.623 :: Before HeartBeat Count=36 Time=Fri Feb 10 2012 22:54:18 GMT+0100 AccountId=29131007 Session=bb47bf1a-3992-4bbb-933b-272e3b0c2ee7
debug ++ [int] eventPhase = 2
debug ++ [Boolean] bubbles = false
debug ++ [Boolean] cancelable = false
debug ++ [String] type = timer
debug +++ [int] repeatCount = 0
debug +++ [int] currentCount = 35
debug +++ [Boolean] running = true
debug +++ [int] delay = 120000
debug +++ [int] repeatCount = 0
debug +++ [int] currentCount = 35
debug +++ [Boolean] running = true
debug +++ [int] delay = 120000
debug time 22:54:19.620 :: After HeartBeat Count=36 Result=5
debug time 22:56:18.623 :: Before HeartBeat Count=37 Time=Fri Feb 10 2012 22:56:18 GMT+0100 AccountId=29131007 Session=bb47bf1a-3992-4bbb-933b-272e3b0c2ee7
debug ++ [int] eventPhase = 2
debug ++ [Boolean] bubbles = false
debug ++ [Boolean] cancelable = false
debug ++ [String] type = timer
debug +++ [int] repeatCount = 0
debug +++ [int] currentCount = 36
debug +++ [Boolean] running = true
debug +++ [int] delay = 120000
debug +++ [int] repeatCount = 0
debug +++ [int] currentCount = 36
debug +++ [Boolean] running = true
debug +++ [int] delay = 120000
debug time 22:56:19.620 :: After HeartBeat Count=37 Result=5
debug time 22:58:18.643 :: Before HeartBeat Count=38 Time=Fri Feb 10 2012 22:58:18 GMT+0100 AccountId=29131007 Session=bb47bf1a-3992-4bbb-933b-272e3b0c2ee7
debug ++ [int] eventPhase = 2
debug ++ [Boolean] bubbles = false
debug ++ [Boolean] cancelable = false
debug ++ [String] type = timer
debug +++ [int] repeatCount = 0
debug +++ [int] currentCount = 37
debug +++ [Boolean] running = true
debug +++ [int] delay = 120000
debug +++ [int] repeatCount = 0
debug +++ [int] currentCount = 37
debug +++ [Boolean] running = true
debug +++ [int] delay = 120000
debug time 22:58:19.625 :: After HeartBeat Count=38 Result=5
debug time 23:00:19.623 :: Before HeartBeat Count=39 Time=Fri Feb 10 2012 23:00:19 GMT+0100 AccountId=29131007 Session=bb47bf1a-3992-4bbb-933b-272e3b0c2ee7
debug ++ [int] eventPhase = 2
debug ++ [Boolean] bubbles = false
debug ++ [Boolean] cancelable = false
debug ++ [String] type = timer
debug +++ [int] repeatCount = 0
debug +++ [int] currentCount = 38
debug +++ [Boolean] running = true
debug +++ [int] delay = 120000
debug +++ [int] repeatCount = 0
debug +++ [int] currentCount = 38
debug +++ [Boolean] running = true
debug +++ [int] delay = 120000
debug time 23:00:20.620 :: After HeartBeat Count=39 Result=5
debug time 23:02:19.624 :: Before HeartBeat Count=40 Time=Fri Feb 10 2012 23:02:19 GMT+0100 AccountId=29131007 Session=bb47bf1a-3992-4bbb-933b-272e3b0c2ee7
debug ++ [int] eventPhase = 2
debug ++ [Boolean] bubbles = false
debug ++ [Boolean] cancelable = false
debug ++ [String] type = timer
debug +++ [int] repeatCount = 0
debug +++ [int] currentCount = 39
debug +++ [Boolean] running = true
debug +++ [int] delay = 120000
debug +++ [int] repeatCount = 0
debug +++ [int] currentCount = 39
debug +++ [Boolean] running = true
debug +++ [int] delay = 120000
debug time 23:02:20.620 :: After HeartBeat Count=40 Result=5
debug time 23:03:49.430 :: Performing heartbeat at Fri Feb 10 2012 23:03:49 GMT+0100
debug time 23:04:19.659 :: Before HeartBeat Count=41 Time=Fri Feb 10 2012 23:04:19 GMT+0100 AccountId=29131007 Session=bb47bf1a-3992-4bbb-933b-272e3b0c2ee7
debug ++ [int] eventPhase = 2
debug ++ [Boolean] bubbles = false
debug ++ [Boolean] cancelable = false
debug ++ [String] type = timer
debug +++ [int] repeatCount = 0
debug +++ [int] currentCount = 40
debug +++ [Boolean] running = true
debug +++ [int] delay = 120000
debug +++ [int] repeatCount = 0
debug +++ [int] currentCount = 40
debug +++ [Boolean] running = true
debug +++ [int] delay = 120000
debug time 23:04:19.877 :: After HeartBeat Count=41 Result=5
