debug time 16:09:18.68 :: Before HeartBeat Count=1 Time=Sun Dec 11 2011 16:09:18 GMT+0100 AccountId=28699575 Session=cb135435-0714-4f79-beb3-e8d309de6547
STOP LOGGING: More than 0 nested objects or properties. 
debug time 16:09:20.180 :: After HeartBeat Count=1 Result=5
debug time 16:12:18.96 :: Before HeartBeat Count=2 Time=Sun Dec 11 2011 16:12:18 GMT+0100 AccountId=28699575 Session=cb135435-0714-4f79-beb3-e8d309de6547
debug ++ [int] eventPhase = 2
debug ++ [Boolean] bubbles = false
debug ++ [Boolean] cancelable = false
debug ++ [String] type = timer
debug +++ [int] repeatCount = 0
debug +++ [int] currentCount = 1
debug +++ [Boolean] running = true
debug +++ [int] delay = 180000
debug +++ [int] repeatCount = 0
debug +++ [int] currentCount = 1
debug +++ [Boolean] running = true
debug +++ [int] delay = 180000
debug time 16:12:18.297 :: After HeartBeat Count=2 Result=5
debug time 16:15:18.707 :: Before HeartBeat Count=3 Time=Sun Dec 11 2011 16:15:18 GMT+0100 AccountId=28699575 Session=cb135435-0714-4f79-beb3-e8d309de6547
debug ++ [int] eventPhase = 2
debug ++ [Boolean] bubbles = false
debug ++ [Boolean] cancelable = false
debug ++ [String] type = timer
debug +++ [int] repeatCount = 0
debug +++ [int] currentCount = 2
debug +++ [Boolean] running = true
debug +++ [int] delay = 180000
debug +++ [int] repeatCount = 0
debug +++ [int] currentCount = 2
debug +++ [Boolean] running = true
debug +++ [int] delay = 180000
debug time 16:15:18.888 :: After HeartBeat Count=3 Result=5
debug time 16:18:19.705 :: Before HeartBeat Count=4 Time=Sun Dec 11 2011 16:18:19 GMT+0100 AccountId=28699575 Session=cb135435-0714-4f79-beb3-e8d309de6547
debug ++ [int] eventPhase = 2
debug ++ [Boolean] bubbles = false
debug ++ [Boolean] cancelable = false
debug ++ [String] type = timer
debug +++ [int] repeatCount = 0
debug +++ [int] currentCount = 3
debug +++ [Boolean] running = true
debug +++ [int] delay = 180000
debug +++ [int] repeatCount = 0
debug +++ [int] currentCount = 3
debug +++ [Boolean] running = true
debug +++ [int] delay = 180000
debug time 16:18:19.887 :: After HeartBeat Count=4 Result=5
debug time 16:21:19.711 :: Before HeartBeat Count=5 Time=Sun Dec 11 2011 16:21:19 GMT+0100 AccountId=28699575 Session=cb135435-0714-4f79-beb3-e8d309de6547
debug ++ [int] eventPhase = 2
debug ++ [Boolean] bubbles = false
debug ++ [Boolean] cancelable = false
debug ++ [String] type = timer
debug +++ [int] repeatCount = 0
debug +++ [int] currentCount = 4
debug +++ [Boolean] running = true
debug +++ [int] delay = 180000
debug +++ [int] repeatCount = 0
debug +++ [int] currentCount = 4
debug +++ [Boolean] running = true
debug +++ [int] delay = 180000
debug time 16:21:19.891 :: After HeartBeat Count=5 Result=5
debug time 16:24:20.707 :: Before HeartBeat Count=6 Time=Sun Dec 11 2011 16:24:20 GMT+0100 AccountId=28699575 Session=cb135435-0714-4f79-beb3-e8d309de6547
debug ++ [int] eventPhase = 2
debug ++ [Boolean] bubbles = false
debug ++ [Boolean] cancelable = false
debug ++ [String] type = timer
debug +++ [int] repeatCount = 0
debug +++ [int] currentCount = 5
debug +++ [Boolean] running = true
debug +++ [int] delay = 180000
debug +++ [int] repeatCount = 0
debug +++ [int] currentCount = 5
debug +++ [Boolean] running = true
debug +++ [int] delay = 180000
debug time 16:24:20.887 :: After HeartBeat Count=6 Result=5
debug time 16:27:20.706 :: Before HeartBeat Count=7 Time=Sun Dec 11 2011 16:27:20 GMT+0100 AccountId=28699575 Session=cb135435-0714-4f79-beb3-e8d309de6547
debug ++ [int] eventPhase = 2
debug ++ [Boolean] bubbles = false
debug ++ [Boolean] cancelable = false
debug ++ [String] type = timer
debug +++ [int] repeatCount = 0
debug +++ [int] currentCount = 6
debug +++ [Boolean] running = true
debug +++ [int] delay = 180000
debug +++ [int] repeatCount = 0
debug +++ [int] currentCount = 6
debug +++ [Boolean] running = true
debug +++ [int] delay = 180000
debug time 16:27:20.888 :: After HeartBeat Count=7 Result=5
debug time 16:30:20.708 :: Before HeartBeat Count=8 Time=Sun Dec 11 2011 16:30:20 GMT+0100 AccountId=28699575 Session=cb135435-0714-4f79-beb3-e8d309de6547
debug ++ [int] eventPhase = 2
debug ++ [Boolean] bubbles = false
debug ++ [Boolean] cancelable = false
debug ++ [String] type = timer
debug +++ [int] repeatCount = 0
debug +++ [int] currentCount = 7
debug +++ [Boolean] running = true
debug +++ [int] delay = 180000
debug +++ [int] repeatCount = 0
debug +++ [int] currentCount = 7
debug +++ [Boolean] running = true
debug +++ [int] delay = 180000
debug time 16:30:20.888 :: After HeartBeat Count=8 Result=5
debug time 16:33:20.711 :: Before HeartBeat Count=9 Time=Sun Dec 11 2011 16:33:20 GMT+0100 AccountId=28699575 Session=cb135435-0714-4f79-beb3-e8d309de6547
debug ++ [int] eventPhase = 2
debug ++ [Boolean] bubbles = false
debug ++ [Boolean] cancelable = false
debug ++ [String] type = timer
debug +++ [int] repeatCount = 0
debug +++ [int] currentCount = 8
debug +++ [Boolean] running = true
debug +++ [int] delay = 180000
debug +++ [int] repeatCount = 0
debug +++ [int] currentCount = 8
debug +++ [Boolean] running = true
debug +++ [int] delay = 180000
debug time 16:33:20.891 :: After HeartBeat Count=9 Result=5
debug time 16:36:20.743 :: Before HeartBeat Count=10 Time=Sun Dec 11 2011 16:36:20 GMT+0100 AccountId=28699575 Session=cb135435-0714-4f79-beb3-e8d309de6547
debug ++ [int] eventPhase = 2
debug ++ [Boolean] bubbles = false
debug ++ [Boolean] cancelable = false
debug ++ [String] type = timer
debug +++ [int] repeatCount = 0
debug +++ [int] currentCount = 9
debug +++ [Boolean] running = true
debug +++ [int] delay = 180000
debug +++ [int] repeatCount = 0
debug +++ [int] currentCount = 9
debug +++ [Boolean] running = true
debug +++ [int] delay = 180000
debug time 16:36:20.923 :: After HeartBeat Count=10 Result=5
debug time 16:39:21.739 :: Before HeartBeat Count=11 Time=Sun Dec 11 2011 16:39:21 GMT+0100 AccountId=28699575 Session=cb135435-0714-4f79-beb3-e8d309de6547
debug ++ [int] eventPhase = 2
debug ++ [Boolean] bubbles = false
debug ++ [Boolean] cancelable = false
debug ++ [String] type = timer
debug +++ [int] repeatCount = 0
debug +++ [int] currentCount = 10
debug +++ [Boolean] running = true
debug +++ [int] delay = 180000
debug +++ [int] repeatCount = 0
debug +++ [int] currentCount = 10
debug +++ [Boolean] running = true
debug +++ [int] delay = 180000
debug time 16:39:21.951 :: After HeartBeat Count=11 Result=5
debug time 16:42:22.741 :: Before HeartBeat Count=12 Time=Sun Dec 11 2011 16:42:22 GMT+0100 AccountId=28699575 Session=cb135435-0714-4f79-beb3-e8d309de6547
debug ++ [int] eventPhase = 2
debug ++ [Boolean] bubbles = false
debug ++ [Boolean] cancelable = false
debug ++ [String] type = timer
debug +++ [int] repeatCount = 0
debug +++ [int] currentCount = 11
debug +++ [Boolean] running = true
debug +++ [int] delay = 180000
debug +++ [int] repeatCount = 0
debug +++ [int] currentCount = 11
debug +++ [Boolean] running = true
debug +++ [int] delay = 180000
debug time 16:42:22.955 :: After HeartBeat Count=12 Result=5
debug time 16:45:23.742 :: Before HeartBeat Count=13 Time=Sun Dec 11 2011 16:45:23 GMT+0100 AccountId=28699575 Session=cb135435-0714-4f79-beb3-e8d309de6547
debug ++ [int] eventPhase = 2
debug ++ [Boolean] bubbles = false
debug ++ [Boolean] cancelable = false
debug ++ [String] type = timer
debug +++ [int] repeatCount = 0
debug +++ [int] currentCount = 12
debug +++ [Boolean] running = true
debug +++ [int] delay = 180000
debug +++ [int] repeatCount = 0
debug +++ [int] currentCount = 12
debug +++ [Boolean] running = true
debug +++ [int] delay = 180000
debug time 16:45:23.956 :: After HeartBeat Count=13 Result=5
debug time 16:48:24.719 :: Before HeartBeat Count=14 Time=Sun Dec 11 2011 16:48:24 GMT+0100 AccountId=28699575 Session=cb135435-0714-4f79-beb3-e8d309de6547
debug ++ [int] eventPhase = 2
debug ++ [Boolean] bubbles = false
debug ++ [Boolean] cancelable = false
debug ++ [String] type = timer
debug +++ [int] repeatCount = 0
debug +++ [int] currentCount = 13
debug +++ [Boolean] running = true
debug +++ [int] delay = 180000
debug +++ [int] repeatCount = 0
debug +++ [int] currentCount = 13
debug +++ [Boolean] running = true
debug +++ [int] delay = 180000
debug time 16:48:24.900 :: After HeartBeat Count=14 Result=5
debug time 16:51:24.721 :: Before HeartBeat Count=15 Time=Sun Dec 11 2011 16:51:24 GMT+0100 AccountId=28699575 Session=cb135435-0714-4f79-beb3-e8d309de6547
debug ++ [int] eventPhase = 2
debug ++ [Boolean] bubbles = false
debug ++ [Boolean] cancelable = false
debug ++ [String] type = timer
debug +++ [int] repeatCount = 0
debug +++ [int] currentCount = 14
debug +++ [Boolean] running = true
debug +++ [int] delay = 180000
debug +++ [int] repeatCount = 0
debug +++ [int] currentCount = 14
debug +++ [Boolean] running = true
debug +++ [int] delay = 180000
debug time 16:51:24.900 :: After HeartBeat Count=15 Result=5
debug time 16:54:25.722 :: Before HeartBeat Count=16 Time=Sun Dec 11 2011 16:54:25 GMT+0100 AccountId=28699575 Session=cb135435-0714-4f79-beb3-e8d309de6547
debug ++ [int] eventPhase = 2
debug ++ [Boolean] bubbles = false
debug ++ [Boolean] cancelable = false
debug ++ [String] type = timer
debug +++ [int] repeatCount = 0
debug +++ [int] currentCount = 15
debug +++ [Boolean] running = true
debug +++ [int] delay = 180000
debug +++ [int] repeatCount = 0
debug +++ [int] currentCount = 15
debug +++ [Boolean] running = true
debug +++ [int] delay = 180000
debug time 16:54:25.903 :: After HeartBeat Count=16 Result=5
debug time 16:57:25.727 :: Before HeartBeat Count=17 Time=Sun Dec 11 2011 16:57:25 GMT+0100 AccountId=28699575 Session=cb135435-0714-4f79-beb3-e8d309de6547
debug ++ [int] eventPhase = 2
debug ++ [Boolean] bubbles = false
debug ++ [Boolean] cancelable = false
debug ++ [String] type = timer
debug +++ [int] repeatCount = 0
debug +++ [int] currentCount = 16
debug +++ [Boolean] running = true
debug +++ [int] delay = 180000
debug +++ [int] repeatCount = 0
debug +++ [int] currentCount = 16
debug +++ [Boolean] running = true
debug +++ [int] delay = 180000
debug time 16:57:25.908 :: After HeartBeat Count=17 Result=5
debug time 17:00:26.733 :: Before HeartBeat Count=18 Time=Sun Dec 11 2011 17:00:26 GMT+0100 AccountId=28699575 Session=cb135435-0714-4f79-beb3-e8d309de6547
debug ++ [int] eventPhase = 2
debug ++ [Boolean] bubbles = false
debug ++ [Boolean] cancelable = false
debug ++ [String] type = timer
debug +++ [int] repeatCount = 0
debug +++ [int] currentCount = 17
debug +++ [Boolean] running = true
debug +++ [int] delay = 180000
debug +++ [int] repeatCount = 0
debug +++ [int] currentCount = 17
debug +++ [Boolean] running = true
debug +++ [int] delay = 180000
debug time 17:00:27.132 :: After HeartBeat Count=18 Result=5
debug time 17:03:26.733 :: Before HeartBeat Count=19 Time=Sun Dec 11 2011 17:03:26 GMT+0100 AccountId=28699575 Session=cb135435-0714-4f79-beb3-e8d309de6547
debug ++ [int] eventPhase = 2
debug ++ [Boolean] bubbles = false
debug ++ [Boolean] cancelable = false
debug ++ [String] type = timer
debug +++ [int] repeatCount = 0
debug +++ [int] currentCount = 18
debug +++ [Boolean] running = true
debug +++ [int] delay = 180000
debug +++ [int] repeatCount = 0
debug +++ [int] currentCount = 18
debug +++ [Boolean] running = true
debug +++ [int] delay = 180000
debug time 17:03:27.203 :: After HeartBeat Count=19 Result=5
debug time 17:06:27.730 :: Before HeartBeat Count=20 Time=Sun Dec 11 2011 17:06:27 GMT+0100 AccountId=28699575 Session=cb135435-0714-4f79-beb3-e8d309de6547
debug ++ [int] eventPhase = 2
debug ++ [Boolean] bubbles = false
debug ++ [Boolean] cancelable = false
debug ++ [String] type = timer
debug +++ [int] repeatCount = 0
debug +++ [int] currentCount = 19
debug +++ [Boolean] running = true
debug +++ [int] delay = 180000
debug +++ [int] repeatCount = 0
debug +++ [int] currentCount = 19
debug +++ [Boolean] running = true
debug +++ [int] delay = 180000
debug time 17:06:27.991 :: After HeartBeat Count=20 Result=5
debug time 17:09:28.731 :: Before HeartBeat Count=21 Time=Sun Dec 11 2011 17:09:28 GMT+0100 AccountId=28699575 Session=cb135435-0714-4f79-beb3-e8d309de6547
debug ++ [int] eventPhase = 2
debug ++ [Boolean] bubbles = false
debug ++ [Boolean] cancelable = false
debug ++ [String] type = timer
debug +++ [int] repeatCount = 0
debug +++ [int] currentCount = 20
debug +++ [Boolean] running = true
debug +++ [int] delay = 180000
debug +++ [int] repeatCount = 0
debug +++ [int] currentCount = 20
debug +++ [Boolean] running = true
debug +++ [int] delay = 180000
debug time 17:09:28.921 :: After HeartBeat Count=21 Result=5
debug time 17:10:44.142 :: Performing heartbeat at Sun Dec 11 2011 17:10:44 GMT+0100
debug time 17:12:28.747 :: Before HeartBeat Count=22 Time=Sun Dec 11 2011 17:12:28 GMT+0100 AccountId=28699575 Session=cb135435-0714-4f79-beb3-e8d309de6547
debug ++ [int] eventPhase = 2
debug ++ [Boolean] bubbles = false
debug ++ [Boolean] cancelable = false
debug ++ [String] type = timer
debug +++ [int] repeatCount = 0
debug +++ [int] currentCount = 21
debug +++ [Boolean] running = true
debug +++ [int] delay = 180000
debug +++ [int] repeatCount = 0
debug +++ [int] currentCount = 21
debug +++ [Boolean] running = true
debug +++ [int] delay = 180000
debug time 17:12:28.950 :: After HeartBeat Count=22 Result=5
debug time 17:15:28.783 :: Before HeartBeat Count=23 Time=Sun Dec 11 2011 17:15:28 GMT+0100 AccountId=28699575 Session=cb135435-0714-4f79-beb3-e8d309de6547
debug ++ [int] eventPhase = 2
debug ++ [Boolean] bubbles = false
debug ++ [Boolean] cancelable = false
debug ++ [String] type = timer
debug +++ [int] repeatCount = 0
debug +++ [int] currentCount = 22
debug +++ [Boolean] running = true
debug +++ [int] delay = 180000
debug +++ [int] repeatCount = 0
debug +++ [int] currentCount = 22
debug +++ [Boolean] running = true
debug +++ [int] delay = 180000
debug time 17:15:29.111 :: After HeartBeat Count=23 Result=5
debug time 17:18:28.785 :: Before HeartBeat Count=24 Time=Sun Dec 11 2011 17:18:28 GMT+0100 AccountId=28699575 Session=cb135435-0714-4f79-beb3-e8d309de6547
debug ++ [int] eventPhase = 2
debug ++ [Boolean] bubbles = false
debug ++ [Boolean] cancelable = false
debug ++ [String] type = timer
debug +++ [int] repeatCount = 0
debug +++ [int] currentCount = 23
debug +++ [Boolean] running = true
debug +++ [int] delay = 180000
debug +++ [int] repeatCount = 0
debug +++ [int] currentCount = 23
debug +++ [Boolean] running = true
debug +++ [int] delay = 180000
debug time 17:18:28.962 :: After HeartBeat Count=24 Result=5
debug time 17:21:28.819 :: Before HeartBeat Count=25 Time=Sun Dec 11 2011 17:21:28 GMT+0100 AccountId=28699575 Session=cb135435-0714-4f79-beb3-e8d309de6547
debug ++ [int] eventPhase = 2
debug ++ [Boolean] bubbles = false
debug ++ [Boolean] cancelable = false
debug ++ [String] type = timer
debug +++ [int] repeatCount = 0
debug +++ [int] currentCount = 24
debug +++ [Boolean] running = true
debug +++ [int] delay = 180000
debug +++ [int] repeatCount = 0
debug +++ [int] currentCount = 24
debug +++ [Boolean] running = true
debug +++ [int] delay = 180000
debug time 17:21:29.07 :: After HeartBeat Count=25 Result=5
debug time 17:24:29.57 :: Before HeartBeat Count=26 Time=Sun Dec 11 2011 17:24:29 GMT+0100 AccountId=28699575 Session=cb135435-0714-4f79-beb3-e8d309de6547
debug ++ [int] eventPhase = 2
debug ++ [Boolean] bubbles = false
debug ++ [Boolean] cancelable = false
debug ++ [String] type = timer
debug +++ [int] repeatCount = 0
debug +++ [int] currentCount = 25
debug +++ [Boolean] running = true
debug +++ [int] delay = 180000
debug +++ [int] repeatCount = 0
debug +++ [int] currentCount = 25
debug +++ [Boolean] running = true
debug +++ [int] delay = 180000
debug time 17:24:29.237 :: After HeartBeat Count=26 Result=5
debug time 17:27:29.92 :: Before HeartBeat Count=27 Time=Sun Dec 11 2011 17:27:29 GMT+0100 AccountId=28699575 Session=cb135435-0714-4f79-beb3-e8d309de6547
debug ++ [int] eventPhase = 2
debug ++ [Boolean] bubbles = false
debug ++ [Boolean] cancelable = false
debug ++ [String] type = timer
debug +++ [int] repeatCount = 0
debug +++ [int] currentCount = 26
debug +++ [Boolean] running = true
debug +++ [int] delay = 180000
debug +++ [int] repeatCount = 0
debug +++ [int] currentCount = 26
debug +++ [Boolean] running = true
debug +++ [int] delay = 180000
debug time 17:27:29.306 :: After HeartBeat Count=27 Result=5
debug time 17:30:30.62 :: Before HeartBeat Count=28 Time=Sun Dec 11 2011 17:30:30 GMT+0100 AccountId=28699575 Session=cb135435-0714-4f79-beb3-e8d309de6547
debug ++ [int] eventPhase = 2
debug ++ [Boolean] bubbles = false
debug ++ [Boolean] cancelable = false
debug ++ [String] type = timer
debug +++ [int] repeatCount = 0
debug +++ [int] currentCount = 27
debug +++ [Boolean] running = true
debug +++ [int] delay = 180000
debug +++ [int] repeatCount = 0
debug +++ [int] currentCount = 27
debug +++ [Boolean] running = true
debug +++ [int] delay = 180000
debug time 17:30:30.243 :: After HeartBeat Count=28 Result=5
debug time 17:33:31.63 :: Before HeartBeat Count=29 Time=Sun Dec 11 2011 17:33:31 GMT+0100 AccountId=28699575 Session=cb135435-0714-4f79-beb3-e8d309de6547
debug ++ [int] eventPhase = 2
debug ++ [Boolean] bubbles = false
debug ++ [Boolean] cancelable = false
debug ++ [String] type = timer
debug +++ [int] repeatCount = 0
debug +++ [int] currentCount = 28
debug +++ [Boolean] running = true
debug +++ [int] delay = 180000
debug +++ [int] repeatCount = 0
debug +++ [int] currentCount = 28
debug +++ [Boolean] running = true
debug +++ [int] delay = 180000
debug time 17:33:31.244 :: After HeartBeat Count=29 Result=5
debug time 17:36:31.65 :: Before HeartBeat Count=30 Time=Sun Dec 11 2011 17:36:31 GMT+0100 AccountId=28699575 Session=cb135435-0714-4f79-beb3-e8d309de6547
debug ++ [int] eventPhase = 2
debug ++ [Boolean] bubbles = false
debug ++ [Boolean] cancelable = false
debug ++ [String] type = timer
debug +++ [int] repeatCount = 0
debug +++ [int] currentCount = 29
debug +++ [Boolean] running = true
debug +++ [int] delay = 180000
debug +++ [int] repeatCount = 0
debug +++ [int] currentCount = 29
debug +++ [Boolean] running = true
debug +++ [int] delay = 180000
debug time 17:36:31.265 :: After HeartBeat Count=30 Result=5
debug time 17:39:31.66 :: Before HeartBeat Count=31 Time=Sun Dec 11 2011 17:39:31 GMT+0100 AccountId=28699575 Session=cb135435-0714-4f79-beb3-e8d309de6547
debug ++ [int] eventPhase = 2
debug ++ [Boolean] bubbles = false
debug ++ [Boolean] cancelable = false
debug ++ [String] type = timer
debug +++ [int] repeatCount = 0
debug +++ [int] currentCount = 30
debug +++ [Boolean] running = true
debug +++ [int] delay = 180000
debug +++ [int] repeatCount = 0
debug +++ [int] currentCount = 30
debug +++ [Boolean] running = true
debug +++ [int] delay = 180000
debug time 17:39:31.247 :: After HeartBeat Count=31 Result=5
debug time 17:42:31.70 :: Before HeartBeat Count=32 Time=Sun Dec 11 2011 17:42:31 GMT+0100 AccountId=28699575 Session=cb135435-0714-4f79-beb3-e8d309de6547
debug ++ [int] eventPhase = 2
debug ++ [Boolean] bubbles = false
debug ++ [Boolean] cancelable = false
debug ++ [String] type = timer
debug +++ [int] repeatCount = 0
debug +++ [int] currentCount = 31
debug +++ [Boolean] running = true
debug +++ [int] delay = 180000
debug +++ [int] repeatCount = 0
debug +++ [int] currentCount = 31
debug +++ [Boolean] running = true
debug +++ [int] delay = 180000
debug time 17:42:31.251 :: After HeartBeat Count=32 Result=5
debug time 17:45:32.66 :: Before HeartBeat Count=33 Time=Sun Dec 11 2011 17:45:32 GMT+0100 AccountId=28699575 Session=cb135435-0714-4f79-beb3-e8d309de6547
debug ++ [int] eventPhase = 2
debug ++ [Boolean] bubbles = false
debug ++ [Boolean] cancelable = false
debug ++ [String] type = timer
debug +++ [int] repeatCount = 0
debug +++ [int] currentCount = 32
debug +++ [Boolean] running = true
debug +++ [int] delay = 180000
debug +++ [int] repeatCount = 0
debug +++ [int] currentCount = 32
debug +++ [Boolean] running = true
debug +++ [int] delay = 180000
debug time 17:45:32.246 :: After HeartBeat Count=33 Result=5
debug time 17:48:32.99 :: Before HeartBeat Count=34 Time=Sun Dec 11 2011 17:48:32 GMT+0100 AccountId=28699575 Session=cb135435-0714-4f79-beb3-e8d309de6547
debug ++ [int] eventPhase = 2
debug ++ [Boolean] bubbles = false
debug ++ [Boolean] cancelable = false
debug ++ [String] type = timer
debug +++ [int] repeatCount = 0
debug +++ [int] currentCount = 33
debug +++ [Boolean] running = true
debug +++ [int] delay = 180000
debug +++ [int] repeatCount = 0
debug +++ [int] currentCount = 33
debug +++ [Boolean] running = true
debug +++ [int] delay = 180000
debug time 17:48:32.312 :: After HeartBeat Count=34 Result=5
debug time 17:51:33.65 :: Before HeartBeat Count=35 Time=Sun Dec 11 2011 17:51:33 GMT+0100 AccountId=28699575 Session=cb135435-0714-4f79-beb3-e8d309de6547
debug ++ [int] eventPhase = 2
debug ++ [Boolean] bubbles = false
debug ++ [Boolean] cancelable = false
debug ++ [String] type = timer
debug +++ [int] repeatCount = 0
debug +++ [int] currentCount = 34
debug +++ [Boolean] running = true
debug +++ [int] delay = 180000
debug +++ [int] repeatCount = 0
debug +++ [int] currentCount = 34
debug +++ [Boolean] running = true
debug +++ [int] delay = 180000
debug time 17:51:33.246 :: After HeartBeat Count=35 Result=5
debug time 17:54:33.99 :: Before HeartBeat Count=36 Time=Sun Dec 11 2011 17:54:33 GMT+0100 AccountId=28699575 Session=cb135435-0714-4f79-beb3-e8d309de6547
debug ++ [int] eventPhase = 2
debug ++ [Boolean] bubbles = false
debug ++ [Boolean] cancelable = false
debug ++ [String] type = timer
debug +++ [int] repeatCount = 0
debug +++ [int] currentCount = 35
debug +++ [Boolean] running = true
debug +++ [int] delay = 180000
debug +++ [int] repeatCount = 0
debug +++ [int] currentCount = 35
debug +++ [Boolean] running = true
debug +++ [int] delay = 180000
debug time 17:54:33.319 :: After HeartBeat Count=36 Result=5
debug time 17:57:34.69 :: Before HeartBeat Count=37 Time=Sun Dec 11 2011 17:57:34 GMT+0100 AccountId=28699575 Session=cb135435-0714-4f79-beb3-e8d309de6547
debug ++ [int] eventPhase = 2
debug ++ [Boolean] bubbles = false
debug ++ [Boolean] cancelable = false
debug ++ [String] type = timer
debug +++ [int] repeatCount = 0
debug +++ [int] currentCount = 36
debug +++ [Boolean] running = true
debug +++ [int] delay = 180000
debug +++ [int] repeatCount = 0
debug +++ [int] currentCount = 36
debug +++ [Boolean] running = true
debug +++ [int] delay = 180000
debug time 17:57:34.249 :: After HeartBeat Count=37 Result=5
debug time 18:00:34.72 :: Before HeartBeat Count=38 Time=Sun Dec 11 2011 18:00:34 GMT+0100 AccountId=28699575 Session=cb135435-0714-4f79-beb3-e8d309de6547
debug ++ [int] eventPhase = 2
debug ++ [Boolean] bubbles = false
debug ++ [Boolean] cancelable = false
debug ++ [String] type = timer
debug +++ [int] repeatCount = 0
debug +++ [int] currentCount = 37
debug +++ [Boolean] running = true
debug +++ [int] delay = 180000
debug +++ [int] repeatCount = 0
debug +++ [int] currentCount = 37
debug +++ [Boolean] running = true
debug +++ [int] delay = 180000
debug time 18:00:34.252 :: After HeartBeat Count=38 Result=5
debug time 18:03:35.72 :: Before HeartBeat Count=39 Time=Sun Dec 11 2011 18:03:35 GMT+0100 AccountId=28699575 Session=cb135435-0714-4f79-beb3-e8d309de6547
debug ++ [int] eventPhase = 2
debug ++ [Boolean] bubbles = false
debug ++ [Boolean] cancelable = false
debug ++ [String] type = timer
debug +++ [int] repeatCount = 0
debug +++ [int] currentCount = 38
debug +++ [Boolean] running = true
debug +++ [int] delay = 180000
debug +++ [int] repeatCount = 0
debug +++ [int] currentCount = 38
debug +++ [Boolean] running = true
debug +++ [int] delay = 180000
debug time 18:03:35.255 :: After HeartBeat Count=39 Result=5
debug time 18:06:35.82 :: Before HeartBeat Count=40 Time=Sun Dec 11 2011 18:06:35 GMT+0100 AccountId=28699575 Session=cb135435-0714-4f79-beb3-e8d309de6547
debug ++ [int] eventPhase = 2
debug ++ [Boolean] bubbles = false
debug ++ [Boolean] cancelable = false
debug ++ [String] type = timer
debug +++ [int] repeatCount = 0
debug +++ [int] currentCount = 39
debug +++ [Boolean] running = true
debug +++ [int] delay = 180000
debug +++ [int] repeatCount = 0
debug +++ [int] currentCount = 39
debug +++ [Boolean] running = true
debug +++ [int] delay = 180000
debug time 18:06:35.326 :: After HeartBeat Count=40 Result=5
debug time 18:09:36.76 :: Before HeartBeat Count=41 Time=Sun Dec 11 2011 18:09:36 GMT+0100 AccountId=28699575 Session=cb135435-0714-4f79-beb3-e8d309de6547
debug ++ [int] eventPhase = 2
debug ++ [Boolean] bubbles = false
debug ++ [Boolean] cancelable = false
debug ++ [String] type = timer
debug +++ [int] repeatCount = 0
debug +++ [int] currentCount = 40
debug +++ [Boolean] running = true
debug +++ [int] delay = 180000
debug +++ [int] repeatCount = 0
debug +++ [int] currentCount = 40
debug +++ [Boolean] running = true
debug +++ [int] delay = 180000
debug time 18:09:36.279 :: After HeartBeat Count=41 Result=5
debug time 18:12:36.78 :: Before HeartBeat Count=42 Time=Sun Dec 11 2011 18:12:36 GMT+0100 AccountId=28699575 Session=cb135435-0714-4f79-beb3-e8d309de6547
debug ++ [int] eventPhase = 2
debug ++ [Boolean] bubbles = false
debug ++ [Boolean] cancelable = false
debug ++ [String] type = timer
debug +++ [int] repeatCount = 0
debug +++ [int] currentCount = 41
debug +++ [Boolean] running = true
debug +++ [int] delay = 180000
debug +++ [int] repeatCount = 0
debug +++ [int] currentCount = 41
debug +++ [Boolean] running = true
debug +++ [int] delay = 180000
debug time 18:12:36.269 :: After HeartBeat Count=42 Result=5
debug time 18:15:37.87 :: Before HeartBeat Count=43 Time=Sun Dec 11 2011 18:15:37 GMT+0100 AccountId=28699575 Session=cb135435-0714-4f79-beb3-e8d309de6547
debug ++ [int] eventPhase = 2
debug ++ [Boolean] bubbles = false
debug ++ [Boolean] cancelable = false
debug ++ [String] type = timer
debug +++ [int] repeatCount = 0
debug +++ [int] currentCount = 42
debug +++ [Boolean] running = true
debug +++ [int] delay = 180000
debug +++ [int] repeatCount = 0
debug +++ [int] currentCount = 42
debug +++ [Boolean] running = true
debug +++ [int] delay = 180000
debug time 18:15:37.267 :: After HeartBeat Count=43 Result=5
debug time 18:18:37.114 :: Before HeartBeat Count=44 Time=Sun Dec 11 2011 18:18:37 GMT+0100 AccountId=28699575 Session=cb135435-0714-4f79-beb3-e8d309de6547
debug ++ [int] eventPhase = 2
debug ++ [Boolean] bubbles = false
debug ++ [Boolean] cancelable = false
debug ++ [String] type = timer
debug +++ [int] repeatCount = 0
debug +++ [int] currentCount = 43
debug +++ [Boolean] running = true
debug +++ [int] delay = 180000
debug +++ [int] repeatCount = 0
debug +++ [int] currentCount = 43
debug +++ [Boolean] running = true
debug +++ [int] delay = 180000
debug time 18:18:37.327 :: After HeartBeat Count=44 Result=5
debug time 18:21:38.84 :: Before HeartBeat Count=45 Time=Sun Dec 11 2011 18:21:38 GMT+0100 AccountId=28699575 Session=cb135435-0714-4f79-beb3-e8d309de6547
debug ++ [int] eventPhase = 2
debug ++ [Boolean] bubbles = false
debug ++ [Boolean] cancelable = false
debug ++ [String] type = timer
debug +++ [int] repeatCount = 0
debug +++ [int] currentCount = 44
debug +++ [Boolean] running = true
debug +++ [int] delay = 180000
debug +++ [int] repeatCount = 0
debug +++ [int] currentCount = 44
debug +++ [Boolean] running = true
debug +++ [int] delay = 180000
debug time 18:21:38.294 :: After HeartBeat Count=45 Result=5
debug time 18:24:38.112 :: Before HeartBeat Count=46 Time=Sun Dec 11 2011 18:24:38 GMT+0100 AccountId=28699575 Session=cb135435-0714-4f79-beb3-e8d309de6547
debug ++ [int] eventPhase = 2
debug ++ [Boolean] bubbles = false
debug ++ [Boolean] cancelable = false
debug ++ [String] type = timer
debug +++ [int] repeatCount = 0
debug +++ [int] currentCount = 45
debug +++ [Boolean] running = true
debug +++ [int] delay = 180000
debug +++ [int] repeatCount = 0
debug +++ [int] currentCount = 45
debug +++ [Boolean] running = true
debug +++ [int] delay = 180000
debug time 18:24:38.315 :: After HeartBeat Count=46 Result=5
debug time 18:27:39.88 :: Before HeartBeat Count=47 Time=Sun Dec 11 2011 18:27:39 GMT+0100 AccountId=28699575 Session=cb135435-0714-4f79-beb3-e8d309de6547
debug ++ [int] eventPhase = 2
debug ++ [Boolean] bubbles = false
debug ++ [Boolean] cancelable = false
debug ++ [String] type = timer
debug +++ [int] repeatCount = 0
debug +++ [int] currentCount = 46
debug +++ [Boolean] running = true
debug +++ [int] delay = 180000
debug +++ [int] repeatCount = 0
debug +++ [int] currentCount = 46
debug +++ [Boolean] running = true
debug +++ [int] delay = 180000
debug time 18:27:39.268 :: After HeartBeat Count=47 Result=5
debug time 18:30:39.91 :: Before HeartBeat Count=48 Time=Sun Dec 11 2011 18:30:39 GMT+0100 AccountId=28699575 Session=cb135435-0714-4f79-beb3-e8d309de6547
debug ++ [int] eventPhase = 2
debug ++ [Boolean] bubbles = false
debug ++ [Boolean] cancelable = false
debug ++ [String] type = timer
debug +++ [int] repeatCount = 0
debug +++ [int] currentCount = 47
debug +++ [Boolean] running = true
debug +++ [int] delay = 180000
debug +++ [int] repeatCount = 0
debug +++ [int] currentCount = 47
debug +++ [Boolean] running = true
debug +++ [int] delay = 180000
debug time 18:30:39.474 :: After HeartBeat Count=48 Result=5
debug time 18:33:39.95 :: Before HeartBeat Count=49 Time=Sun Dec 11 2011 18:33:39 GMT+0100 AccountId=28699575 Session=cb135435-0714-4f79-beb3-e8d309de6547
debug ++ [int] eventPhase = 2
debug ++ [Boolean] bubbles = false
debug ++ [Boolean] cancelable = false
debug ++ [String] type = timer
debug +++ [int] repeatCount = 0
debug +++ [int] currentCount = 48
debug +++ [Boolean] running = true
debug +++ [int] delay = 180000
debug +++ [int] repeatCount = 0
debug +++ [int] currentCount = 48
debug +++ [Boolean] running = true
debug +++ [int] delay = 180000
debug time 18:33:39.275 :: After HeartBeat Count=49 Result=5
debug time 18:36:40.95 :: Before HeartBeat Count=50 Time=Sun Dec 11 2011 18:36:40 GMT+0100 AccountId=28699575 Session=cb135435-0714-4f79-beb3-e8d309de6547
debug ++ [int] eventPhase = 2
debug ++ [Boolean] bubbles = false
debug ++ [Boolean] cancelable = false
debug ++ [String] type = timer
debug +++ [int] repeatCount = 0
debug +++ [int] currentCount = 49
debug +++ [Boolean] running = true
debug +++ [int] delay = 180000
debug +++ [int] repeatCount = 0
debug +++ [int] currentCount = 49
debug +++ [Boolean] running = true
debug +++ [int] delay = 180000
debug time 18:36:40.274 :: After HeartBeat Count=50 Result=5
debug time 18:39:40.96 :: Before HeartBeat Count=51 Time=Sun Dec 11 2011 18:39:40 GMT+0100 AccountId=28699575 Session=cb135435-0714-4f79-beb3-e8d309de6547
debug ++ [int] eventPhase = 2
debug ++ [Boolean] bubbles = false
debug ++ [Boolean] cancelable = false
debug ++ [String] type = timer
debug +++ [int] repeatCount = 0
debug +++ [int] currentCount = 50
debug +++ [Boolean] running = true
debug +++ [int] delay = 180000
debug +++ [int] repeatCount = 0
debug +++ [int] currentCount = 50
debug +++ [Boolean] running = true
debug +++ [int] delay = 180000
debug time 18:39:40.276 :: After HeartBeat Count=51 Result=5
debug time 18:40:56.895 :: Performing heartbeat at Sun Dec 11 2011 18:40:56 GMT+0100
