debug time 14:38:10.75 :: Before HeartBeat Count=1 Time=Fri Apr 20 2012 14:38:10 GMT+0200 AccountId=29131007 Session=f0936333-241c-4c08-9513-55fcba9e88b1
STOP LOGGING: More than 0 nested objects or properties. 
debug time 14:38:10.581 :: After HeartBeat Count=1 Result=5
debug time 14:40:10.107 :: Before HeartBeat Count=2 Time=Fri Apr 20 2012 14:40:10 GMT+0200 AccountId=29131007 Session=f0936333-241c-4c08-9513-55fcba9e88b1
debug ++ [Boolean] bubbles = false
debug ++ [Boolean] cancelable = false
debug ++ [String] type = timer
debug +++ [Boolean] running = true
debug +++ [int] delay = 120000
debug +++ [int] currentCount = 1
debug +++ [int] repeatCount = 0
debug +++ [Boolean] running = true
debug +++ [int] delay = 120000
debug +++ [int] currentCount = 1
debug +++ [int] repeatCount = 0
debug ++ [int] eventPhase = 2
debug time 14:40:10.312 :: After HeartBeat Count=2 Result=5
debug time 14:42:10.116 :: Before HeartBeat Count=3 Time=Fri Apr 20 2012 14:42:10 GMT+0200 AccountId=29131007 Session=f0936333-241c-4c08-9513-55fcba9e88b1
debug ++ [Boolean] bubbles = false
debug ++ [Boolean] cancelable = false
debug ++ [String] type = timer
debug +++ [Boolean] running = true
debug +++ [int] delay = 120000
debug +++ [int] currentCount = 2
debug +++ [int] repeatCount = 0
debug +++ [Boolean] running = true
debug +++ [int] delay = 120000
debug +++ [int] currentCount = 2
debug +++ [int] repeatCount = 0
debug ++ [int] eventPhase = 2
debug time 14:42:10.296 :: After HeartBeat Count=3 Result=5
debug time 14:44:10.974 :: Before HeartBeat Count=4 Time=Fri Apr 20 2012 14:44:10 GMT+0200 AccountId=29131007 Session=f0936333-241c-4c08-9513-55fcba9e88b1
debug ++ [Boolean] bubbles = false
debug ++ [Boolean] cancelable = false
debug ++ [String] type = timer
debug +++ [Boolean] running = true
debug +++ [int] delay = 120000
debug +++ [int] currentCount = 3
debug +++ [int] repeatCount = 0
debug +++ [Boolean] running = true
debug +++ [int] delay = 120000
debug +++ [int] currentCount = 3
debug +++ [int] repeatCount = 0
debug ++ [int] eventPhase = 2
debug time 14:44:11.144 :: After HeartBeat Count=4 Result=5
debug time 14:46:11.972 :: Before HeartBeat Count=5 Time=Fri Apr 20 2012 14:46:11 GMT+0200 AccountId=29131007 Session=f0936333-241c-4c08-9513-55fcba9e88b1
debug ++ [Boolean] bubbles = false
debug ++ [Boolean] cancelable = false
debug ++ [String] type = timer
debug +++ [Boolean] running = true
debug +++ [int] delay = 120000
debug +++ [int] currentCount = 4
debug +++ [int] repeatCount = 0
debug +++ [Boolean] running = true
debug +++ [int] delay = 120000
debug +++ [int] currentCount = 4
debug +++ [int] repeatCount = 0
debug ++ [int] eventPhase = 2
debug time 14:46:12.141 :: After HeartBeat Count=5 Result=5
debug time 14:48:11.973 :: Before HeartBeat Count=6 Time=Fri Apr 20 2012 14:48:11 GMT+0200 AccountId=29131007 Session=f0936333-241c-4c08-9513-55fcba9e88b1
debug ++ [Boolean] bubbles = false
debug ++ [Boolean] cancelable = false
debug ++ [String] type = timer
debug +++ [Boolean] running = true
debug +++ [int] delay = 120000
debug +++ [int] currentCount = 5
debug +++ [int] repeatCount = 0
debug +++ [Boolean] running = true
debug +++ [int] delay = 120000
debug +++ [int] currentCount = 5
debug +++ [int] repeatCount = 0
debug ++ [int] eventPhase = 2
debug time 14:48:12.141 :: After HeartBeat Count=6 Result=5
debug time 14:50:11.972 :: Before HeartBeat Count=7 Time=Fri Apr 20 2012 14:50:11 GMT+0200 AccountId=29131007 Session=f0936333-241c-4c08-9513-55fcba9e88b1
debug ++ [Boolean] bubbles = false
debug ++ [Boolean] cancelable = false
debug ++ [String] type = timer
debug +++ [Boolean] running = true
debug +++ [int] delay = 120000
debug +++ [int] currentCount = 6
debug +++ [int] repeatCount = 0
debug +++ [Boolean] running = true
debug +++ [int] delay = 120000
debug +++ [int] currentCount = 6
debug +++ [int] repeatCount = 0
debug ++ [int] eventPhase = 2
debug time 14:50:12.141 :: After HeartBeat Count=7 Result=5
debug time 14:52:11.972 :: Before HeartBeat Count=8 Time=Fri Apr 20 2012 14:52:11 GMT+0200 AccountId=29131007 Session=f0936333-241c-4c08-9513-55fcba9e88b1
debug ++ [Boolean] bubbles = false
debug ++ [Boolean] cancelable = false
debug ++ [String] type = timer
debug +++ [Boolean] running = true
debug +++ [int] delay = 120000
debug +++ [int] currentCount = 7
debug +++ [int] repeatCount = 0
debug +++ [Boolean] running = true
debug +++ [int] delay = 120000
debug +++ [int] currentCount = 7
debug +++ [int] repeatCount = 0
debug ++ [int] eventPhase = 2
debug time 14:52:12.141 :: After HeartBeat Count=8 Result=5
debug time 14:54:11.972 :: Before HeartBeat Count=9 Time=Fri Apr 20 2012 14:54:11 GMT+0200 AccountId=29131007 Session=f0936333-241c-4c08-9513-55fcba9e88b1
debug ++ [Boolean] bubbles = false
debug ++ [Boolean] cancelable = false
debug ++ [String] type = timer
debug +++ [Boolean] running = true
debug +++ [int] delay = 120000
debug +++ [int] currentCount = 8
debug +++ [int] repeatCount = 0
debug +++ [Boolean] running = true
debug +++ [int] delay = 120000
debug +++ [int] currentCount = 8
debug +++ [int] repeatCount = 0
debug ++ [int] eventPhase = 2
debug time 14:54:12.141 :: After HeartBeat Count=9 Result=5
debug time 14:56:12.973 :: Before HeartBeat Count=10 Time=Fri Apr 20 2012 14:56:12 GMT+0200 AccountId=29131007 Session=f0936333-241c-4c08-9513-55fcba9e88b1
debug ++ [Boolean] bubbles = false
debug ++ [Boolean] cancelable = false
debug ++ [String] type = timer
debug +++ [Boolean] running = true
debug +++ [int] delay = 120000
debug +++ [int] currentCount = 9
debug +++ [int] repeatCount = 0
debug +++ [Boolean] running = true
debug +++ [int] delay = 120000
debug +++ [int] currentCount = 9
debug +++ [int] repeatCount = 0
debug ++ [int] eventPhase = 2
debug time 14:56:13.142 :: After HeartBeat Count=10 Result=5
debug time 14:58:12.973 :: Before HeartBeat Count=11 Time=Fri Apr 20 2012 14:58:12 GMT+0200 AccountId=29131007 Session=f0936333-241c-4c08-9513-55fcba9e88b1
debug ++ [Boolean] bubbles = false
debug ++ [Boolean] cancelable = false
debug ++ [String] type = timer
debug +++ [Boolean] running = true
debug +++ [int] delay = 120000
debug +++ [int] currentCount = 10
debug +++ [int] repeatCount = 0
debug +++ [Boolean] running = true
debug +++ [int] delay = 120000
debug +++ [int] currentCount = 10
debug +++ [int] repeatCount = 0
debug ++ [int] eventPhase = 2
debug time 14:58:13.141 :: After HeartBeat Count=11 Result=5
debug time 15:00:12.973 :: Before HeartBeat Count=12 Time=Fri Apr 20 2012 15:00:12 GMT+0200 AccountId=29131007 Session=f0936333-241c-4c08-9513-55fcba9e88b1
debug ++ [Boolean] bubbles = false
debug ++ [Boolean] cancelable = false
debug ++ [String] type = timer
debug +++ [Boolean] running = true
debug +++ [int] delay = 120000
debug +++ [int] currentCount = 11
debug +++ [int] repeatCount = 0
debug +++ [Boolean] running = true
debug +++ [int] delay = 120000
debug +++ [int] currentCount = 11
debug +++ [int] repeatCount = 0
debug ++ [int] eventPhase = 2
debug time 15:00:13.141 :: After HeartBeat Count=12 Result=5
debug time 15:02:12.973 :: Before HeartBeat Count=13 Time=Fri Apr 20 2012 15:02:12 GMT+0200 AccountId=29131007 Session=f0936333-241c-4c08-9513-55fcba9e88b1
debug ++ [Boolean] bubbles = false
debug ++ [Boolean] cancelable = false
debug ++ [String] type = timer
debug +++ [Boolean] running = true
debug +++ [int] delay = 120000
debug +++ [int] currentCount = 12
debug +++ [int] repeatCount = 0
debug +++ [Boolean] running = true
debug +++ [int] delay = 120000
debug +++ [int] currentCount = 12
debug +++ [int] repeatCount = 0
debug ++ [int] eventPhase = 2
debug time 15:02:13.142 :: After HeartBeat Count=13 Result=5
debug time 15:04:12.973 :: Before HeartBeat Count=14 Time=Fri Apr 20 2012 15:04:12 GMT+0200 AccountId=29131007 Session=f0936333-241c-4c08-9513-55fcba9e88b1
debug ++ [Boolean] bubbles = false
debug ++ [Boolean] cancelable = false
debug ++ [String] type = timer
debug +++ [Boolean] running = true
debug +++ [int] delay = 120000
debug +++ [int] currentCount = 13
debug +++ [int] repeatCount = 0
debug +++ [Boolean] running = true
debug +++ [int] delay = 120000
debug +++ [int] currentCount = 13
debug +++ [int] repeatCount = 0
debug ++ [int] eventPhase = 2
debug time 15:04:13.140 :: After HeartBeat Count=14 Result=5
debug time 15:06:13.973 :: Before HeartBeat Count=15 Time=Fri Apr 20 2012 15:06:13 GMT+0200 AccountId=29131007 Session=f0936333-241c-4c08-9513-55fcba9e88b1
debug ++ [Boolean] bubbles = false
debug ++ [Boolean] cancelable = false
debug ++ [String] type = timer
debug +++ [Boolean] running = true
debug +++ [int] delay = 120000
debug +++ [int] currentCount = 14
debug +++ [int] repeatCount = 0
debug +++ [Boolean] running = true
debug +++ [int] delay = 120000
debug +++ [int] currentCount = 14
debug +++ [int] repeatCount = 0
debug ++ [int] eventPhase = 2
debug time 15:06:14.147 :: After HeartBeat Count=15 Result=5
debug time 15:07:57.860 :: Performing heartbeat at Fri Apr 20 2012 15:07:57 GMT+0200
debug time 15:08:13.995 :: Before HeartBeat Count=16 Time=Fri Apr 20 2012 15:08:13 GMT+0200 AccountId=29131007 Session=f0936333-241c-4c08-9513-55fcba9e88b1
debug ++ [Boolean] bubbles = false
debug ++ [Boolean] cancelable = false
debug ++ [String] type = timer
debug +++ [Boolean] running = true
debug +++ [int] delay = 120000
debug +++ [int] currentCount = 15
debug +++ [int] repeatCount = 0
debug +++ [Boolean] running = true
debug +++ [int] delay = 120000
debug +++ [int] currentCount = 15
debug +++ [int] repeatCount = 0
debug ++ [int] eventPhase = 2
debug time 15:08:14.193 :: After HeartBeat Count=16 Result=5
debug time 15:10:14.257 :: Before HeartBeat Count=17 Time=Fri Apr 20 2012 15:10:14 GMT+0200 AccountId=29131007 Session=f0936333-241c-4c08-9513-55fcba9e88b1
debug ++ [Boolean] bubbles = false
debug ++ [Boolean] cancelable = false
debug ++ [String] type = timer
debug +++ [Boolean] running = true
debug +++ [int] delay = 120000
debug +++ [int] currentCount = 16
debug +++ [int] repeatCount = 0
debug +++ [Boolean] running = true
debug +++ [int] delay = 120000
debug +++ [int] currentCount = 16
debug +++ [int] repeatCount = 0
debug ++ [int] eventPhase = 2
debug time 15:10:14.425 :: After HeartBeat Count=17 Result=5
debug time 15:12:14.265 :: Before HeartBeat Count=18 Time=Fri Apr 20 2012 15:12:14 GMT+0200 AccountId=29131007 Session=f0936333-241c-4c08-9513-55fcba9e88b1
debug ++ [Boolean] bubbles = false
debug ++ [Boolean] cancelable = false
debug ++ [String] type = timer
debug +++ [Boolean] running = true
debug +++ [int] delay = 120000
debug +++ [int] currentCount = 17
debug +++ [int] repeatCount = 0
debug +++ [Boolean] running = true
debug +++ [int] delay = 120000
debug +++ [int] currentCount = 17
debug +++ [int] repeatCount = 0
debug ++ [int] eventPhase = 2
debug time 15:12:14.435 :: After HeartBeat Count=18 Result=5
debug time 15:14:15.268 :: Before HeartBeat Count=19 Time=Fri Apr 20 2012 15:14:15 GMT+0200 AccountId=29131007 Session=f0936333-241c-4c08-9513-55fcba9e88b1
debug ++ [Boolean] bubbles = false
debug ++ [Boolean] cancelable = false
debug ++ [String] type = timer
debug +++ [Boolean] running = true
debug +++ [int] delay = 120000
debug +++ [int] currentCount = 18
debug +++ [int] repeatCount = 0
debug +++ [Boolean] running = true
debug +++ [int] delay = 120000
debug +++ [int] currentCount = 18
debug +++ [int] repeatCount = 0
debug ++ [int] eventPhase = 2
debug time 15:14:15.441 :: After HeartBeat Count=19 Result=5
debug time 15:16:16.263 :: Before HeartBeat Count=20 Time=Fri Apr 20 2012 15:16:16 GMT+0200 AccountId=29131007 Session=f0936333-241c-4c08-9513-55fcba9e88b1
debug ++ [Boolean] bubbles = false
debug ++ [Boolean] cancelable = false
debug ++ [String] type = timer
debug +++ [Boolean] running = true
debug +++ [int] delay = 120000
debug +++ [int] currentCount = 19
debug +++ [int] repeatCount = 0
debug +++ [Boolean] running = true
debug +++ [int] delay = 120000
debug +++ [int] currentCount = 19
debug +++ [int] repeatCount = 0
debug ++ [int] eventPhase = 2
debug time 15:16:16.432 :: After HeartBeat Count=20 Result=5
debug time 15:18:16.263 :: Before HeartBeat Count=21 Time=Fri Apr 20 2012 15:18:16 GMT+0200 AccountId=29131007 Session=f0936333-241c-4c08-9513-55fcba9e88b1
debug ++ [Boolean] bubbles = false
debug ++ [Boolean] cancelable = false
debug ++ [String] type = timer
debug +++ [Boolean] running = true
debug +++ [int] delay = 120000
debug +++ [int] currentCount = 20
debug +++ [int] repeatCount = 0
debug +++ [Boolean] running = true
debug +++ [int] delay = 120000
debug +++ [int] currentCount = 20
debug +++ [int] repeatCount = 0
debug ++ [int] eventPhase = 2
debug time 15:18:16.432 :: After HeartBeat Count=21 Result=5
debug time 15:20:16.263 :: Before HeartBeat Count=22 Time=Fri Apr 20 2012 15:20:16 GMT+0200 AccountId=29131007 Session=f0936333-241c-4c08-9513-55fcba9e88b1
debug ++ [Boolean] bubbles = false
debug ++ [Boolean] cancelable = false
debug ++ [String] type = timer
debug +++ [Boolean] running = true
debug +++ [int] delay = 120000
debug +++ [int] currentCount = 21
debug +++ [int] repeatCount = 0
debug +++ [Boolean] running = true
debug +++ [int] delay = 120000
debug +++ [int] currentCount = 21
debug +++ [int] repeatCount = 0
debug ++ [int] eventPhase = 2
debug time 15:20:16.432 :: After HeartBeat Count=22 Result=5
debug time 15:22:16.268 :: Before HeartBeat Count=23 Time=Fri Apr 20 2012 15:22:16 GMT+0200 AccountId=29131007 Session=f0936333-241c-4c08-9513-55fcba9e88b1
debug ++ [Boolean] bubbles = false
debug ++ [Boolean] cancelable = false
debug ++ [String] type = timer
debug +++ [Boolean] running = true
debug +++ [int] delay = 120000
debug +++ [int] currentCount = 22
debug +++ [int] repeatCount = 0
debug +++ [Boolean] running = true
debug +++ [int] delay = 120000
debug +++ [int] currentCount = 22
debug +++ [int] repeatCount = 0
debug ++ [int] eventPhase = 2
debug time 15:22:16.441 :: After HeartBeat Count=23 Result=5
debug time 15:24:17.262 :: Before HeartBeat Count=24 Time=Fri Apr 20 2012 15:24:17 GMT+0200 AccountId=29131007 Session=f0936333-241c-4c08-9513-55fcba9e88b1
debug ++ [Boolean] bubbles = false
debug ++ [Boolean] cancelable = false
debug ++ [String] type = timer
debug +++ [Boolean] running = true
debug +++ [int] delay = 120000
debug +++ [int] currentCount = 23
debug +++ [int] repeatCount = 0
debug +++ [Boolean] running = true
debug +++ [int] delay = 120000
debug +++ [int] currentCount = 23
debug +++ [int] repeatCount = 0
debug ++ [int] eventPhase = 2
debug time 15:24:17.431 :: After HeartBeat Count=24 Result=5
debug time 15:26:17.262 :: Before HeartBeat Count=25 Time=Fri Apr 20 2012 15:26:17 GMT+0200 AccountId=29131007 Session=f0936333-241c-4c08-9513-55fcba9e88b1
debug ++ [Boolean] bubbles = false
debug ++ [Boolean] cancelable = false
debug ++ [String] type = timer
debug +++ [Boolean] running = true
debug +++ [int] delay = 120000
debug +++ [int] currentCount = 24
debug +++ [int] repeatCount = 0
debug +++ [Boolean] running = true
debug +++ [int] delay = 120000
debug +++ [int] currentCount = 24
debug +++ [int] repeatCount = 0
debug ++ [int] eventPhase = 2
debug time 15:26:17.430 :: After HeartBeat Count=25 Result=5
debug time 15:28:17.262 :: Before HeartBeat Count=26 Time=Fri Apr 20 2012 15:28:17 GMT+0200 AccountId=29131007 Session=f0936333-241c-4c08-9513-55fcba9e88b1
debug ++ [Boolean] bubbles = false
debug ++ [Boolean] cancelable = false
debug ++ [String] type = timer
debug +++ [Boolean] running = true
debug +++ [int] delay = 120000
debug +++ [int] currentCount = 25
debug +++ [int] repeatCount = 0
debug +++ [Boolean] running = true
debug +++ [int] delay = 120000
debug +++ [int] currentCount = 25
debug +++ [int] repeatCount = 0
debug ++ [int] eventPhase = 2
debug time 15:28:17.430 :: After HeartBeat Count=26 Result=5
debug time 15:30:17.263 :: Before HeartBeat Count=27 Time=Fri Apr 20 2012 15:30:17 GMT+0200 AccountId=29131007 Session=f0936333-241c-4c08-9513-55fcba9e88b1
debug ++ [Boolean] bubbles = false
debug ++ [Boolean] cancelable = false
debug ++ [String] type = timer
debug +++ [Boolean] running = true
debug +++ [int] delay = 120000
debug +++ [int] currentCount = 26
debug +++ [int] repeatCount = 0
debug +++ [Boolean] running = true
debug +++ [int] delay = 120000
debug +++ [int] currentCount = 26
debug +++ [int] repeatCount = 0
debug ++ [int] eventPhase = 2
debug time 15:30:17.432 :: After HeartBeat Count=27 Result=5
debug time 15:32:17.263 :: Before HeartBeat Count=28 Time=Fri Apr 20 2012 15:32:17 GMT+0200 AccountId=29131007 Session=f0936333-241c-4c08-9513-55fcba9e88b1
debug ++ [Boolean] bubbles = false
debug ++ [Boolean] cancelable = false
debug ++ [String] type = timer
debug +++ [Boolean] running = true
debug +++ [int] delay = 120000
debug +++ [int] currentCount = 27
debug +++ [int] repeatCount = 0
debug +++ [Boolean] running = true
debug +++ [int] delay = 120000
debug +++ [int] currentCount = 27
debug +++ [int] repeatCount = 0
debug ++ [int] eventPhase = 2
debug time 15:32:17.433 :: After HeartBeat Count=28 Result=5
debug time 15:34:18.263 :: Before HeartBeat Count=29 Time=Fri Apr 20 2012 15:34:18 GMT+0200 AccountId=29131007 Session=f0936333-241c-4c08-9513-55fcba9e88b1
debug ++ [Boolean] bubbles = false
debug ++ [Boolean] cancelable = false
debug ++ [String] type = timer
debug +++ [Boolean] running = true
debug +++ [int] delay = 120000
debug +++ [int] currentCount = 28
debug +++ [int] repeatCount = 0
debug +++ [Boolean] running = true
debug +++ [int] delay = 120000
debug +++ [int] currentCount = 28
debug +++ [int] repeatCount = 0
debug ++ [int] eventPhase = 2
debug time 15:34:18.431 :: After HeartBeat Count=29 Result=5
debug time 15:36:18.263 :: Before HeartBeat Count=30 Time=Fri Apr 20 2012 15:36:18 GMT+0200 AccountId=29131007 Session=f0936333-241c-4c08-9513-55fcba9e88b1
debug ++ [Boolean] bubbles = false
debug ++ [Boolean] cancelable = false
debug ++ [String] type = timer
debug +++ [Boolean] running = true
debug +++ [int] delay = 120000
debug +++ [int] currentCount = 29
debug +++ [int] repeatCount = 0
debug +++ [Boolean] running = true
debug +++ [int] delay = 120000
debug +++ [int] currentCount = 29
debug +++ [int] repeatCount = 0
debug ++ [int] eventPhase = 2
debug time 15:36:18.432 :: After HeartBeat Count=30 Result=5
debug time 15:38:19.263 :: Before HeartBeat Count=31 Time=Fri Apr 20 2012 15:38:19 GMT+0200 AccountId=29131007 Session=f0936333-241c-4c08-9513-55fcba9e88b1
debug ++ [Boolean] bubbles = false
debug ++ [Boolean] cancelable = false
debug ++ [String] type = timer
debug +++ [Boolean] running = true
debug +++ [int] delay = 120000
debug +++ [int] currentCount = 30
debug +++ [int] repeatCount = 0
debug +++ [Boolean] running = true
debug +++ [int] delay = 120000
debug +++ [int] currentCount = 30
debug +++ [int] repeatCount = 0
debug ++ [int] eventPhase = 2
debug time 15:38:19.431 :: After HeartBeat Count=31 Result=5
debug time 15:40:19.267 :: Before HeartBeat Count=32 Time=Fri Apr 20 2012 15:40:19 GMT+0200 AccountId=29131007 Session=f0936333-241c-4c08-9513-55fcba9e88b1
debug ++ [Boolean] bubbles = false
debug ++ [Boolean] cancelable = false
debug ++ [String] type = timer
debug +++ [Boolean] running = true
debug +++ [int] delay = 120000
debug +++ [int] currentCount = 31
debug +++ [int] repeatCount = 0
debug +++ [Boolean] running = true
debug +++ [int] delay = 120000
debug +++ [int] currentCount = 31
debug +++ [int] repeatCount = 0
debug ++ [int] eventPhase = 2
debug time 15:40:19.442 :: After HeartBeat Count=32 Result=5
debug time 15:42:20.264 :: Before HeartBeat Count=33 Time=Fri Apr 20 2012 15:42:20 GMT+0200 AccountId=29131007 Session=f0936333-241c-4c08-9513-55fcba9e88b1
debug ++ [Boolean] bubbles = false
debug ++ [Boolean] cancelable = false
debug ++ [String] type = timer
debug +++ [Boolean] running = true
debug +++ [int] delay = 120000
debug +++ [int] currentCount = 32
debug +++ [int] repeatCount = 0
debug +++ [Boolean] running = true
debug +++ [int] delay = 120000
debug +++ [int] currentCount = 32
debug +++ [int] repeatCount = 0
debug ++ [int] eventPhase = 2
debug time 15:42:20.435 :: After HeartBeat Count=33 Result=5
debug time 15:44:21.262 :: Before HeartBeat Count=34 Time=Fri Apr 20 2012 15:44:21 GMT+0200 AccountId=29131007 Session=f0936333-241c-4c08-9513-55fcba9e88b1
debug ++ [Boolean] bubbles = false
debug ++ [Boolean] cancelable = false
debug ++ [String] type = timer
debug +++ [Boolean] running = true
debug +++ [int] delay = 120000
debug +++ [int] currentCount = 33
debug +++ [int] repeatCount = 0
debug +++ [Boolean] running = true
debug +++ [int] delay = 120000
debug +++ [int] currentCount = 33
debug +++ [int] repeatCount = 0
debug ++ [int] eventPhase = 2
debug time 15:44:21.431 :: After HeartBeat Count=34 Result=5
debug time 15:46:22.261 :: Before HeartBeat Count=35 Time=Fri Apr 20 2012 15:46:22 GMT+0200 AccountId=29131007 Session=f0936333-241c-4c08-9513-55fcba9e88b1
debug ++ [Boolean] bubbles = false
debug ++ [Boolean] cancelable = false
debug ++ [String] type = timer
debug +++ [Boolean] running = true
debug +++ [int] delay = 120000
debug +++ [int] currentCount = 34
debug +++ [int] repeatCount = 0
debug +++ [Boolean] running = true
debug +++ [int] delay = 120000
debug +++ [int] currentCount = 34
debug +++ [int] repeatCount = 0
debug ++ [int] eventPhase = 2
debug time 15:46:22.430 :: After HeartBeat Count=35 Result=5
debug time 15:48:22.262 :: Before HeartBeat Count=36 Time=Fri Apr 20 2012 15:48:22 GMT+0200 AccountId=29131007 Session=f0936333-241c-4c08-9513-55fcba9e88b1
debug ++ [Boolean] bubbles = false
debug ++ [Boolean] cancelable = false
debug ++ [String] type = timer
debug +++ [Boolean] running = true
debug +++ [int] delay = 120000
debug +++ [int] currentCount = 35
debug +++ [int] repeatCount = 0
debug +++ [Boolean] running = true
debug +++ [int] delay = 120000
debug +++ [int] currentCount = 35
debug +++ [int] repeatCount = 0
debug ++ [int] eventPhase = 2
debug time 15:48:22.430 :: After HeartBeat Count=36 Result=5
debug time 15:50:22.263 :: Before HeartBeat Count=37 Time=Fri Apr 20 2012 15:50:22 GMT+0200 AccountId=29131007 Session=f0936333-241c-4c08-9513-55fcba9e88b1
debug ++ [Boolean] bubbles = false
debug ++ [Boolean] cancelable = false
debug ++ [String] type = timer
debug +++ [Boolean] running = true
debug +++ [int] delay = 120000
debug +++ [int] currentCount = 36
debug +++ [int] repeatCount = 0
debug +++ [Boolean] running = true
debug +++ [int] delay = 120000
debug +++ [int] currentCount = 36
debug +++ [int] repeatCount = 0
debug ++ [int] eventPhase = 2
debug time 15:50:22.431 :: After HeartBeat Count=37 Result=5
debug time 15:51:39.973 :: Performing heartbeat at Fri Apr 20 2012 15:51:39 GMT+0200
debug time 15:52:22.264 :: Before HeartBeat Count=38 Time=Fri Apr 20 2012 15:52:22 GMT+0200 AccountId=29131007 Session=f0936333-241c-4c08-9513-55fcba9e88b1
debug ++ [Boolean] bubbles = false
debug ++ [Boolean] cancelable = false
debug ++ [String] type = timer
debug +++ [Boolean] running = true
debug +++ [int] delay = 120000
debug +++ [int] currentCount = 37
debug +++ [int] repeatCount = 0
debug +++ [Boolean] running = true
debug +++ [int] delay = 120000
debug +++ [int] currentCount = 37
debug +++ [int] repeatCount = 0
debug ++ [int] eventPhase = 2
debug time 15:52:22.468 :: After HeartBeat Count=38 Result=5
debug time 15:54:22.407 :: Before HeartBeat Count=39 Time=Fri Apr 20 2012 15:54:22 GMT+0200 AccountId=29131007 Session=f0936333-241c-4c08-9513-55fcba9e88b1
debug ++ [Boolean] bubbles = false
debug ++ [Boolean] cancelable = false
debug ++ [String] type = timer
debug +++ [Boolean] running = true
debug +++ [int] delay = 120000
debug +++ [int] currentCount = 38
debug +++ [int] repeatCount = 0
debug +++ [Boolean] running = true
debug +++ [int] delay = 120000
debug +++ [int] currentCount = 38
debug +++ [int] repeatCount = 0
debug ++ [int] eventPhase = 2
debug time 15:54:22.575 :: After HeartBeat Count=39 Result=5
debug time 15:56:22.408 :: Before HeartBeat Count=40 Time=Fri Apr 20 2012 15:56:22 GMT+0200 AccountId=29131007 Session=f0936333-241c-4c08-9513-55fcba9e88b1
debug ++ [Boolean] bubbles = false
debug ++ [Boolean] cancelable = false
debug ++ [String] type = timer
debug +++ [Boolean] running = true
debug +++ [int] delay = 120000
debug +++ [int] currentCount = 39
debug +++ [int] repeatCount = 0
debug +++ [Boolean] running = true
debug +++ [int] delay = 120000
debug +++ [int] currentCount = 39
debug +++ [int] repeatCount = 0
debug ++ [int] eventPhase = 2
debug time 15:56:22.578 :: After HeartBeat Count=40 Result=5
debug time 15:58:23.407 :: Before HeartBeat Count=41 Time=Fri Apr 20 2012 15:58:23 GMT+0200 AccountId=29131007 Session=f0936333-241c-4c08-9513-55fcba9e88b1
debug ++ [Boolean] bubbles = false
debug ++ [Boolean] cancelable = false
debug ++ [String] type = timer
debug +++ [Boolean] running = true
debug +++ [int] delay = 120000
debug +++ [int] currentCount = 40
debug +++ [int] repeatCount = 0
debug +++ [Boolean] running = true
debug +++ [int] delay = 120000
debug +++ [int] currentCount = 40
debug +++ [int] repeatCount = 0
debug ++ [int] eventPhase = 2
debug time 15:58:23.575 :: After HeartBeat Count=41 Result=5
debug time 16:00:23.406 :: Before HeartBeat Count=42 Time=Fri Apr 20 2012 16:00:23 GMT+0200 AccountId=29131007 Session=f0936333-241c-4c08-9513-55fcba9e88b1
debug ++ [Boolean] bubbles = false
debug ++ [Boolean] cancelable = false
debug ++ [String] type = timer
debug +++ [Boolean] running = true
debug +++ [int] delay = 120000
debug +++ [int] currentCount = 41
debug +++ [int] repeatCount = 0
debug +++ [Boolean] running = true
debug +++ [int] delay = 120000
debug +++ [int] currentCount = 41
debug +++ [int] repeatCount = 0
debug ++ [int] eventPhase = 2
debug time 16:00:23.575 :: After HeartBeat Count=42 Result=5
debug time 16:02:23.406 :: Before HeartBeat Count=43 Time=Fri Apr 20 2012 16:02:23 GMT+0200 AccountId=29131007 Session=f0936333-241c-4c08-9513-55fcba9e88b1
debug ++ [Boolean] bubbles = false
debug ++ [Boolean] cancelable = false
debug ++ [String] type = timer
debug +++ [Boolean] running = true
debug +++ [int] delay = 120000
debug +++ [int] currentCount = 42
debug +++ [int] repeatCount = 0
debug +++ [Boolean] running = true
debug +++ [int] delay = 120000
debug +++ [int] currentCount = 42
debug +++ [int] repeatCount = 0
debug ++ [int] eventPhase = 2
debug time 16:02:23.573 :: After HeartBeat Count=43 Result=5
debug time 16:04:23.407 :: Before HeartBeat Count=44 Time=Fri Apr 20 2012 16:04:23 GMT+0200 AccountId=29131007 Session=f0936333-241c-4c08-9513-55fcba9e88b1
debug ++ [Boolean] bubbles = false
debug ++ [Boolean] cancelable = false
debug ++ [String] type = timer
debug +++ [Boolean] running = true
debug +++ [int] delay = 120000
debug +++ [int] currentCount = 43
debug +++ [int] repeatCount = 0
debug +++ [Boolean] running = true
debug +++ [int] delay = 120000
debug +++ [int] currentCount = 43
debug +++ [int] repeatCount = 0
debug ++ [int] eventPhase = 2
debug time 16:04:23.576 :: After HeartBeat Count=44 Result=5
debug time 16:06:23.407 :: Before HeartBeat Count=45 Time=Fri Apr 20 2012 16:06:23 GMT+0200 AccountId=29131007 Session=f0936333-241c-4c08-9513-55fcba9e88b1
debug ++ [Boolean] bubbles = false
debug ++ [Boolean] cancelable = false
debug ++ [String] type = timer
debug +++ [Boolean] running = true
debug +++ [int] delay = 120000
debug +++ [int] currentCount = 44
debug +++ [int] repeatCount = 0
debug +++ [Boolean] running = true
debug +++ [int] delay = 120000
debug +++ [int] currentCount = 44
debug +++ [int] repeatCount = 0
debug ++ [int] eventPhase = 2
debug time 16:06:23.575 :: After HeartBeat Count=45 Result=5
debug time 16:08:23.407 :: Before HeartBeat Count=46 Time=Fri Apr 20 2012 16:08:23 GMT+0200 AccountId=29131007 Session=f0936333-241c-4c08-9513-55fcba9e88b1
debug ++ [Boolean] bubbles = false
debug ++ [Boolean] cancelable = false
debug ++ [String] type = timer
debug +++ [Boolean] running = true
debug +++ [int] delay = 120000
debug +++ [int] currentCount = 45
debug +++ [int] repeatCount = 0
debug +++ [Boolean] running = true
debug +++ [int] delay = 120000
debug +++ [int] currentCount = 45
debug +++ [int] repeatCount = 0
debug ++ [int] eventPhase = 2
debug time 16:08:23.576 :: After HeartBeat Count=46 Result=5
debug time 16:10:23.409 :: Before HeartBeat Count=47 Time=Fri Apr 20 2012 16:10:23 GMT+0200 AccountId=29131007 Session=f0936333-241c-4c08-9513-55fcba9e88b1
debug ++ [Boolean] bubbles = false
debug ++ [Boolean] cancelable = false
debug ++ [String] type = timer
debug +++ [Boolean] running = true
debug +++ [int] delay = 120000
debug +++ [int] currentCount = 46
debug +++ [int] repeatCount = 0
debug +++ [Boolean] running = true
debug +++ [int] delay = 120000
debug +++ [int] currentCount = 46
debug +++ [int] repeatCount = 0
debug ++ [int] eventPhase = 2
debug time 16:10:23.580 :: After HeartBeat Count=47 Result=5
debug time 16:12:24.407 :: Before HeartBeat Count=48 Time=Fri Apr 20 2012 16:12:24 GMT+0200 AccountId=29131007 Session=f0936333-241c-4c08-9513-55fcba9e88b1
debug ++ [Boolean] bubbles = false
debug ++ [Boolean] cancelable = false
debug ++ [String] type = timer
debug +++ [Boolean] running = true
debug +++ [int] delay = 120000
debug +++ [int] currentCount = 47
debug +++ [int] repeatCount = 0
debug +++ [Boolean] running = true
debug +++ [int] delay = 120000
debug +++ [int] currentCount = 47
debug +++ [int] repeatCount = 0
debug ++ [int] eventPhase = 2
debug time 16:12:24.576 :: After HeartBeat Count=48 Result=5
debug time 16:14:24.406 :: Before HeartBeat Count=49 Time=Fri Apr 20 2012 16:14:24 GMT+0200 AccountId=29131007 Session=f0936333-241c-4c08-9513-55fcba9e88b1
debug ++ [Boolean] bubbles = false
debug ++ [Boolean] cancelable = false
debug ++ [String] type = timer
debug +++ [Boolean] running = true
debug +++ [int] delay = 120000
debug +++ [int] currentCount = 48
debug +++ [int] repeatCount = 0
debug +++ [Boolean] running = true
debug +++ [int] delay = 120000
debug +++ [int] currentCount = 48
debug +++ [int] repeatCount = 0
debug ++ [int] eventPhase = 2
debug time 16:14:24.574 :: After HeartBeat Count=49 Result=5
debug time 16:16:24.412 :: Before HeartBeat Count=50 Time=Fri Apr 20 2012 16:16:24 GMT+0200 AccountId=29131007 Session=f0936333-241c-4c08-9513-55fcba9e88b1
debug ++ [Boolean] bubbles = false
debug ++ [Boolean] cancelable = false
debug ++ [String] type = timer
debug +++ [Boolean] running = true
debug +++ [int] delay = 120000
debug +++ [int] currentCount = 49
debug +++ [int] repeatCount = 0
debug +++ [Boolean] running = true
debug +++ [int] delay = 120000
debug +++ [int] currentCount = 49
debug +++ [int] repeatCount = 0
debug ++ [int] eventPhase = 2
debug time 16:16:24.587 :: After HeartBeat Count=50 Result=5
debug time 16:18:25.411 :: Before HeartBeat Count=51 Time=Fri Apr 20 2012 16:18:25 GMT+0200 AccountId=29131007 Session=f0936333-241c-4c08-9513-55fcba9e88b1
debug ++ [Boolean] bubbles = false
debug ++ [Boolean] cancelable = false
debug ++ [String] type = timer
debug +++ [Boolean] running = true
debug +++ [int] delay = 120000
debug +++ [int] currentCount = 50
debug +++ [int] repeatCount = 0
debug +++ [Boolean] running = true
debug +++ [int] delay = 120000
debug +++ [int] currentCount = 50
debug +++ [int] repeatCount = 0
debug ++ [int] eventPhase = 2
debug time 16:18:25.585 :: After HeartBeat Count=51 Result=5
debug time 16:20:25.412 :: Before HeartBeat Count=52 Time=Fri Apr 20 2012 16:20:25 GMT+0200 AccountId=29131007 Session=f0936333-241c-4c08-9513-55fcba9e88b1
debug ++ [Boolean] bubbles = false
debug ++ [Boolean] cancelable = false
debug ++ [String] type = timer
debug +++ [Boolean] running = true
debug +++ [int] delay = 120000
debug +++ [int] currentCount = 51
debug +++ [int] repeatCount = 0
debug +++ [Boolean] running = true
debug +++ [int] delay = 120000
debug +++ [int] currentCount = 51
debug +++ [int] repeatCount = 0
debug ++ [int] eventPhase = 2
debug time 16:20:25.590 :: After HeartBeat Count=52 Result=5
debug time 16:22:26.409 :: Before HeartBeat Count=53 Time=Fri Apr 20 2012 16:22:26 GMT+0200 AccountId=29131007 Session=f0936333-241c-4c08-9513-55fcba9e88b1
debug ++ [Boolean] bubbles = false
debug ++ [Boolean] cancelable = false
debug ++ [String] type = timer
debug +++ [Boolean] running = true
debug +++ [int] delay = 120000
debug +++ [int] currentCount = 52
debug +++ [int] repeatCount = 0
debug +++ [Boolean] running = true
debug +++ [int] delay = 120000
debug +++ [int] currentCount = 52
debug +++ [int] repeatCount = 0
debug ++ [int] eventPhase = 2
debug time 16:22:26.579 :: After HeartBeat Count=53 Result=5
debug time 16:24:27.406 :: Before HeartBeat Count=54 Time=Fri Apr 20 2012 16:24:27 GMT+0200 AccountId=29131007 Session=f0936333-241c-4c08-9513-55fcba9e88b1
debug ++ [Boolean] bubbles = false
debug ++ [Boolean] cancelable = false
debug ++ [String] type = timer
debug +++ [Boolean] running = true
debug +++ [int] delay = 120000
debug +++ [int] currentCount = 53
debug +++ [int] repeatCount = 0
debug +++ [Boolean] running = true
debug +++ [int] delay = 120000
debug +++ [int] currentCount = 53
debug +++ [int] repeatCount = 0
debug ++ [int] eventPhase = 2
debug time 16:24:27.575 :: After HeartBeat Count=54 Result=5
debug time 16:26:27.406 :: Before HeartBeat Count=55 Time=Fri Apr 20 2012 16:26:27 GMT+0200 AccountId=29131007 Session=f0936333-241c-4c08-9513-55fcba9e88b1
debug ++ [Boolean] bubbles = false
debug ++ [Boolean] cancelable = false
debug ++ [String] type = timer
debug +++ [Boolean] running = true
debug +++ [int] delay = 120000
debug +++ [int] currentCount = 54
debug +++ [int] repeatCount = 0
debug +++ [Boolean] running = true
debug +++ [int] delay = 120000
debug +++ [int] currentCount = 54
debug +++ [int] repeatCount = 0
debug ++ [int] eventPhase = 2
debug time 16:26:27.576 :: After HeartBeat Count=55 Result=5
debug time 16:28:27.406 :: Before HeartBeat Count=56 Time=Fri Apr 20 2012 16:28:27 GMT+0200 AccountId=29131007 Session=f0936333-241c-4c08-9513-55fcba9e88b1
debug ++ [Boolean] bubbles = false
debug ++ [Boolean] cancelable = false
debug ++ [String] type = timer
debug +++ [Boolean] running = true
debug +++ [int] delay = 120000
debug +++ [int] currentCount = 55
debug +++ [int] repeatCount = 0
debug +++ [Boolean] running = true
debug +++ [int] delay = 120000
debug +++ [int] currentCount = 55
debug +++ [int] repeatCount = 0
debug ++ [int] eventPhase = 2
debug time 16:28:27.576 :: After HeartBeat Count=56 Result=5
debug time 16:30:27.407 :: Before HeartBeat Count=57 Time=Fri Apr 20 2012 16:30:27 GMT+0200 AccountId=29131007 Session=f0936333-241c-4c08-9513-55fcba9e88b1
debug ++ [Boolean] bubbles = false
debug ++ [Boolean] cancelable = false
debug ++ [String] type = timer
debug +++ [Boolean] running = true
debug +++ [int] delay = 120000
debug +++ [int] currentCount = 56
debug +++ [int] repeatCount = 0
debug +++ [Boolean] running = true
debug +++ [int] delay = 120000
debug +++ [int] currentCount = 56
debug +++ [int] repeatCount = 0
debug ++ [int] eventPhase = 2
debug time 16:30:27.575 :: After HeartBeat Count=57 Result=5
debug time 16:32:27.406 :: Before HeartBeat Count=58 Time=Fri Apr 20 2012 16:32:27 GMT+0200 AccountId=29131007 Session=f0936333-241c-4c08-9513-55fcba9e88b1
debug ++ [Boolean] bubbles = false
debug ++ [Boolean] cancelable = false
debug ++ [String] type = timer
debug +++ [Boolean] running = true
debug +++ [int] delay = 120000
debug +++ [int] currentCount = 57
debug +++ [int] repeatCount = 0
debug +++ [Boolean] running = true
debug +++ [int] delay = 120000
debug +++ [int] currentCount = 57
debug +++ [int] repeatCount = 0
debug ++ [int] eventPhase = 2
debug time 16:32:27.575 :: After HeartBeat Count=58 Result=5
debug time 16:33:39.197 :: Performing heartbeat at Fri Apr 20 2012 16:33:39 GMT+0200
debug time 16:34:27.410 :: Before HeartBeat Count=59 Time=Fri Apr 20 2012 16:34:27 GMT+0200 AccountId=29131007 Session=f0936333-241c-4c08-9513-55fcba9e88b1
debug ++ [Boolean] bubbles = false
debug ++ [Boolean] cancelable = false
debug ++ [String] type = timer
debug +++ [Boolean] running = true
debug +++ [int] delay = 120000
debug +++ [int] currentCount = 58
debug +++ [int] repeatCount = 0
debug +++ [Boolean] running = true
debug +++ [int] delay = 120000
debug +++ [int] currentCount = 58
debug +++ [int] repeatCount = 0
debug ++ [int] eventPhase = 2
debug time 16:34:27.607 :: After HeartBeat Count=59 Result=5
debug time 16:36:27.435 :: Before HeartBeat Count=60 Time=Fri Apr 20 2012 16:36:27 GMT+0200 AccountId=29131007 Session=f0936333-241c-4c08-9513-55fcba9e88b1
debug ++ [Boolean] bubbles = false
debug ++ [Boolean] cancelable = false
debug ++ [String] type = timer
debug +++ [Boolean] running = true
debug +++ [int] delay = 120000
debug +++ [int] currentCount = 59
debug +++ [int] repeatCount = 0
debug +++ [Boolean] running = true
debug +++ [int] delay = 120000
debug +++ [int] currentCount = 59
debug +++ [int] repeatCount = 0
debug ++ [int] eventPhase = 2
debug time 16:36:27.612 :: After HeartBeat Count=60 Result=5
debug time 16:38:27.450 :: Before HeartBeat Count=61 Time=Fri Apr 20 2012 16:38:27 GMT+0200 AccountId=29131007 Session=f0936333-241c-4c08-9513-55fcba9e88b1
debug ++ [Boolean] bubbles = false
debug ++ [Boolean] cancelable = false
debug ++ [String] type = timer
debug +++ [Boolean] running = true
debug +++ [int] delay = 120000
debug +++ [int] currentCount = 60
debug +++ [int] repeatCount = 0
debug +++ [Boolean] running = true
debug +++ [int] delay = 120000
debug +++ [int] currentCount = 60
debug +++ [int] repeatCount = 0
debug ++ [int] eventPhase = 2
debug time 16:38:27.646 :: After HeartBeat Count=61 Result=5
debug time 16:40:27.609 :: Before HeartBeat Count=62 Time=Fri Apr 20 2012 16:40:27 GMT+0200 AccountId=29131007 Session=f0936333-241c-4c08-9513-55fcba9e88b1
debug ++ [Boolean] bubbles = false
debug ++ [Boolean] cancelable = false
debug ++ [String] type = timer
debug +++ [Boolean] running = true
debug +++ [int] delay = 120000
debug +++ [int] currentCount = 61
debug +++ [int] repeatCount = 0
debug +++ [Boolean] running = true
debug +++ [int] delay = 120000
debug +++ [int] currentCount = 61
debug +++ [int] repeatCount = 0
debug ++ [int] eventPhase = 2
debug time 16:40:27.780 :: After HeartBeat Count=62 Result=5
debug time 16:42:28.607 :: Before HeartBeat Count=63 Time=Fri Apr 20 2012 16:42:28 GMT+0200 AccountId=29131007 Session=f0936333-241c-4c08-9513-55fcba9e88b1
debug ++ [Boolean] bubbles = false
debug ++ [Boolean] cancelable = false
debug ++ [String] type = timer
debug +++ [Boolean] running = true
debug +++ [int] delay = 120000
debug +++ [int] currentCount = 62
debug +++ [int] repeatCount = 0
debug +++ [Boolean] running = true
debug +++ [int] delay = 120000
debug +++ [int] currentCount = 62
debug +++ [int] repeatCount = 0
debug ++ [int] eventPhase = 2
debug time 16:42:28.775 :: After HeartBeat Count=63 Result=5
debug time 16:44:28.612 :: Before HeartBeat Count=64 Time=Fri Apr 20 2012 16:44:28 GMT+0200 AccountId=29131007 Session=f0936333-241c-4c08-9513-55fcba9e88b1
debug ++ [Boolean] bubbles = false
debug ++ [Boolean] cancelable = false
debug ++ [String] type = timer
debug +++ [Boolean] running = true
debug +++ [int] delay = 120000
debug +++ [int] currentCount = 63
debug +++ [int] repeatCount = 0
debug +++ [Boolean] running = true
debug +++ [int] delay = 120000
debug +++ [int] currentCount = 63
debug +++ [int] repeatCount = 0
debug ++ [int] eventPhase = 2
debug time 16:44:28.785 :: After HeartBeat Count=64 Result=5
debug time 16:46:29.195 :: Before HeartBeat Count=65 Time=Fri Apr 20 2012 16:46:29 GMT+0200 AccountId=29131007 Session=f0936333-241c-4c08-9513-55fcba9e88b1
debug ++ [Boolean] bubbles = false
debug ++ [Boolean] cancelable = false
debug ++ [String] type = timer
debug +++ [Boolean] running = true
debug +++ [int] delay = 120000
debug +++ [int] currentCount = 64
debug +++ [int] repeatCount = 0
debug +++ [Boolean] running = true
debug +++ [int] delay = 120000
debug +++ [int] currentCount = 64
debug +++ [int] repeatCount = 0
debug ++ [int] eventPhase = 2
debug time 16:46:29.376 :: After HeartBeat Count=65 Result=5
