debug time 12:51:24.161 :: Before HeartBeat Count=1 Time=Thu Apr 19 2012 12:51:24 GMT+0200 AccountId=29131007 Session=c97ef498-3b22-436b-8c38-326387278b51
STOP LOGGING: More than 0 nested objects or properties. 
debug time 12:51:24.433 :: After HeartBeat Count=1 Result=5
debug time 12:53:24.184 :: Before HeartBeat Count=2 Time=Thu Apr 19 2012 12:53:24 GMT+0200 AccountId=29131007 Session=c97ef498-3b22-436b-8c38-326387278b51
debug ++ [Boolean] bubbles = false
debug ++ [Boolean] cancelable = false
debug ++ [String] type = timer
debug +++ [Boolean] running = true
debug +++ [int] delay = 120000
debug +++ [int] currentCount = 1
debug +++ [int] repeatCount = 0
debug +++ [Boolean] running = true
debug +++ [int] delay = 120000
debug +++ [int] currentCount = 1
debug +++ [int] repeatCount = 0
debug ++ [int] eventPhase = 2
debug time 12:53:24.360 :: After HeartBeat Count=2 Result=5
debug time 12:55:24.276 :: Before HeartBeat Count=3 Time=Thu Apr 19 2012 12:55:24 GMT+0200 AccountId=29131007 Session=c97ef498-3b22-436b-8c38-326387278b51
debug ++ [Boolean] bubbles = false
debug ++ [Boolean] cancelable = false
debug ++ [String] type = timer
debug +++ [Boolean] running = true
debug +++ [int] delay = 120000
debug +++ [int] currentCount = 2
debug +++ [int] repeatCount = 0
debug +++ [Boolean] running = true
debug +++ [int] delay = 120000
debug +++ [int] currentCount = 2
debug +++ [int] repeatCount = 0
debug ++ [int] eventPhase = 2
debug time 12:55:24.444 :: After HeartBeat Count=3 Result=5
debug time 12:57:24.277 :: Before HeartBeat Count=4 Time=Thu Apr 19 2012 12:57:24 GMT+0200 AccountId=29131007 Session=c97ef498-3b22-436b-8c38-326387278b51
debug ++ [Boolean] bubbles = false
debug ++ [Boolean] cancelable = false
debug ++ [String] type = timer
debug +++ [Boolean] running = true
debug +++ [int] delay = 120000
debug +++ [int] currentCount = 3
debug +++ [int] repeatCount = 0
debug +++ [Boolean] running = true
debug +++ [int] delay = 120000
debug +++ [int] currentCount = 3
debug +++ [int] repeatCount = 0
debug ++ [int] eventPhase = 2
debug time 12:57:24.450 :: After HeartBeat Count=4 Result=5
debug time 12:59:25.277 :: Before HeartBeat Count=5 Time=Thu Apr 19 2012 12:59:25 GMT+0200 AccountId=29131007 Session=c97ef498-3b22-436b-8c38-326387278b51
debug ++ [Boolean] bubbles = false
debug ++ [Boolean] cancelable = false
debug ++ [String] type = timer
debug +++ [Boolean] running = true
debug +++ [int] delay = 120000
debug +++ [int] currentCount = 4
debug +++ [int] repeatCount = 0
debug +++ [Boolean] running = true
debug +++ [int] delay = 120000
debug +++ [int] currentCount = 4
debug +++ [int] repeatCount = 0
debug ++ [int] eventPhase = 2
debug time 12:59:25.445 :: After HeartBeat Count=5 Result=5
debug time 13:01:25.278 :: Before HeartBeat Count=6 Time=Thu Apr 19 2012 13:01:25 GMT+0200 AccountId=29131007 Session=c97ef498-3b22-436b-8c38-326387278b51
debug ++ [Boolean] bubbles = false
debug ++ [Boolean] cancelable = false
debug ++ [String] type = timer
debug +++ [Boolean] running = true
debug +++ [int] delay = 120000
debug +++ [int] currentCount = 5
debug +++ [int] repeatCount = 0
debug +++ [Boolean] running = true
debug +++ [int] delay = 120000
debug +++ [int] currentCount = 5
debug +++ [int] repeatCount = 0
debug ++ [int] eventPhase = 2
debug time 13:01:25.445 :: After HeartBeat Count=6 Result=5
debug time 13:03:25.278 :: Before HeartBeat Count=7 Time=Thu Apr 19 2012 13:03:25 GMT+0200 AccountId=29131007 Session=c97ef498-3b22-436b-8c38-326387278b51
debug ++ [Boolean] bubbles = false
debug ++ [Boolean] cancelable = false
debug ++ [String] type = timer
debug +++ [Boolean] running = true
debug +++ [int] delay = 120000
debug +++ [int] currentCount = 6
debug +++ [int] repeatCount = 0
debug +++ [Boolean] running = true
debug +++ [int] delay = 120000
debug +++ [int] currentCount = 6
debug +++ [int] repeatCount = 0
debug ++ [int] eventPhase = 2
debug time 13:03:25.446 :: After HeartBeat Count=7 Result=5
debug time 13:05:26.276 :: Before HeartBeat Count=8 Time=Thu Apr 19 2012 13:05:26 GMT+0200 AccountId=29131007 Session=c97ef498-3b22-436b-8c38-326387278b51
debug ++ [Boolean] bubbles = false
debug ++ [Boolean] cancelable = false
debug ++ [String] type = timer
debug +++ [Boolean] running = true
debug +++ [int] delay = 120000
debug +++ [int] currentCount = 7
debug +++ [int] repeatCount = 0
debug +++ [Boolean] running = true
debug +++ [int] delay = 120000
debug +++ [int] currentCount = 7
debug +++ [int] repeatCount = 0
debug ++ [int] eventPhase = 2
debug time 13:05:26.444 :: After HeartBeat Count=8 Result=5
debug time 13:07:26.277 :: Before HeartBeat Count=9 Time=Thu Apr 19 2012 13:07:26 GMT+0200 AccountId=29131007 Session=c97ef498-3b22-436b-8c38-326387278b51
debug ++ [Boolean] bubbles = false
debug ++ [Boolean] cancelable = false
debug ++ [String] type = timer
debug +++ [Boolean] running = true
debug +++ [int] delay = 120000
debug +++ [int] currentCount = 8
debug +++ [int] repeatCount = 0
debug +++ [Boolean] running = true
debug +++ [int] delay = 120000
debug +++ [int] currentCount = 8
debug +++ [int] repeatCount = 0
debug ++ [int] eventPhase = 2
debug time 13:07:26.445 :: After HeartBeat Count=9 Result=5
debug time 13:09:27.276 :: Before HeartBeat Count=10 Time=Thu Apr 19 2012 13:09:27 GMT+0200 AccountId=29131007 Session=c97ef498-3b22-436b-8c38-326387278b51
debug ++ [Boolean] bubbles = false
debug ++ [Boolean] cancelable = false
debug ++ [String] type = timer
debug +++ [Boolean] running = true
debug +++ [int] delay = 120000
debug +++ [int] currentCount = 9
debug +++ [int] repeatCount = 0
debug +++ [Boolean] running = true
debug +++ [int] delay = 120000
debug +++ [int] currentCount = 9
debug +++ [int] repeatCount = 0
debug ++ [int] eventPhase = 2
debug time 13:09:27.445 :: After HeartBeat Count=10 Result=5
debug time 13:11:27.276 :: Before HeartBeat Count=11 Time=Thu Apr 19 2012 13:11:27 GMT+0200 AccountId=29131007 Session=c97ef498-3b22-436b-8c38-326387278b51
debug ++ [Boolean] bubbles = false
debug ++ [Boolean] cancelable = false
debug ++ [String] type = timer
debug +++ [Boolean] running = true
debug +++ [int] delay = 120000
debug +++ [int] currentCount = 10
debug +++ [int] repeatCount = 0
debug +++ [Boolean] running = true
debug +++ [int] delay = 120000
debug +++ [int] currentCount = 10
debug +++ [int] repeatCount = 0
debug ++ [int] eventPhase = 2
debug time 13:11:27.443 :: After HeartBeat Count=11 Result=5
debug time 13:13:27.277 :: Before HeartBeat Count=12 Time=Thu Apr 19 2012 13:13:27 GMT+0200 AccountId=29131007 Session=c97ef498-3b22-436b-8c38-326387278b51
debug ++ [Boolean] bubbles = false
debug ++ [Boolean] cancelable = false
debug ++ [String] type = timer
debug +++ [Boolean] running = true
debug +++ [int] delay = 120000
debug +++ [int] currentCount = 11
debug +++ [int] repeatCount = 0
debug +++ [Boolean] running = true
debug +++ [int] delay = 120000
debug +++ [int] currentCount = 11
debug +++ [int] repeatCount = 0
debug ++ [int] eventPhase = 2
debug time 13:13:27.444 :: After HeartBeat Count=12 Result=5
debug time 13:15:27.281 :: Before HeartBeat Count=13 Time=Thu Apr 19 2012 13:15:27 GMT+0200 AccountId=29131007 Session=c97ef498-3b22-436b-8c38-326387278b51
debug ++ [Boolean] bubbles = false
debug ++ [Boolean] cancelable = false
debug ++ [String] type = timer
debug +++ [Boolean] running = true
debug +++ [int] delay = 120000
debug +++ [int] currentCount = 12
debug +++ [int] repeatCount = 0
debug +++ [Boolean] running = true
debug +++ [int] delay = 120000
debug +++ [int] currentCount = 12
debug +++ [int] repeatCount = 0
debug ++ [int] eventPhase = 2
debug time 13:15:27.454 :: After HeartBeat Count=13 Result=5
debug time 13:17:28.277 :: Before HeartBeat Count=14 Time=Thu Apr 19 2012 13:17:28 GMT+0200 AccountId=29131007 Session=c97ef498-3b22-436b-8c38-326387278b51
debug ++ [Boolean] bubbles = false
debug ++ [Boolean] cancelable = false
debug ++ [String] type = timer
debug +++ [Boolean] running = true
debug +++ [int] delay = 120000
debug +++ [int] currentCount = 13
debug +++ [int] repeatCount = 0
debug +++ [Boolean] running = true
debug +++ [int] delay = 120000
debug +++ [int] currentCount = 13
debug +++ [int] repeatCount = 0
debug ++ [int] eventPhase = 2
debug time 13:17:28.444 :: After HeartBeat Count=14 Result=5
debug time 13:19:28.277 :: Before HeartBeat Count=15 Time=Thu Apr 19 2012 13:19:28 GMT+0200 AccountId=29131007 Session=c97ef498-3b22-436b-8c38-326387278b51
debug ++ [Boolean] bubbles = false
debug ++ [Boolean] cancelable = false
debug ++ [String] type = timer
debug +++ [Boolean] running = true
debug +++ [int] delay = 120000
debug +++ [int] currentCount = 14
debug +++ [int] repeatCount = 0
debug +++ [Boolean] running = true
debug +++ [int] delay = 120000
debug +++ [int] currentCount = 14
debug +++ [int] repeatCount = 0
debug ++ [int] eventPhase = 2
debug time 13:19:28.444 :: After HeartBeat Count=15 Result=5
debug time 13:21:28.276 :: Before HeartBeat Count=16 Time=Thu Apr 19 2012 13:21:28 GMT+0200 AccountId=29131007 Session=c97ef498-3b22-436b-8c38-326387278b51
debug ++ [Boolean] bubbles = false
debug ++ [Boolean] cancelable = false
debug ++ [String] type = timer
debug +++ [Boolean] running = true
debug +++ [int] delay = 120000
debug +++ [int] currentCount = 15
debug +++ [int] repeatCount = 0
debug +++ [Boolean] running = true
debug +++ [int] delay = 120000
debug +++ [int] currentCount = 15
debug +++ [int] repeatCount = 0
debug ++ [int] eventPhase = 2
debug time 13:21:28.445 :: After HeartBeat Count=16 Result=5
debug time 13:23:28.276 :: Before HeartBeat Count=17 Time=Thu Apr 19 2012 13:23:28 GMT+0200 AccountId=29131007 Session=c97ef498-3b22-436b-8c38-326387278b51
debug ++ [Boolean] bubbles = false
debug ++ [Boolean] cancelable = false
debug ++ [String] type = timer
debug +++ [Boolean] running = true
debug +++ [int] delay = 120000
debug +++ [int] currentCount = 16
debug +++ [int] repeatCount = 0
debug +++ [Boolean] running = true
debug +++ [int] delay = 120000
debug +++ [int] currentCount = 16
debug +++ [int] repeatCount = 0
debug ++ [int] eventPhase = 2
debug time 13:23:28.444 :: After HeartBeat Count=17 Result=5
debug time 13:25:28.276 :: Before HeartBeat Count=18 Time=Thu Apr 19 2012 13:25:28 GMT+0200 AccountId=29131007 Session=c97ef498-3b22-436b-8c38-326387278b51
debug ++ [Boolean] bubbles = false
debug ++ [Boolean] cancelable = false
debug ++ [String] type = timer
debug +++ [Boolean] running = true
debug +++ [int] delay = 120000
debug +++ [int] currentCount = 17
debug +++ [int] repeatCount = 0
debug +++ [Boolean] running = true
debug +++ [int] delay = 120000
debug +++ [int] currentCount = 17
debug +++ [int] repeatCount = 0
debug ++ [int] eventPhase = 2
debug time 13:25:28.444 :: After HeartBeat Count=18 Result=5
debug time 13:27:28.276 :: Before HeartBeat Count=19 Time=Thu Apr 19 2012 13:27:28 GMT+0200 AccountId=29131007 Session=c97ef498-3b22-436b-8c38-326387278b51
debug ++ [Boolean] bubbles = false
debug ++ [Boolean] cancelable = false
debug ++ [String] type = timer
debug +++ [Boolean] running = true
debug +++ [int] delay = 120000
debug +++ [int] currentCount = 18
debug +++ [int] repeatCount = 0
debug +++ [Boolean] running = true
debug +++ [int] delay = 120000
debug +++ [int] currentCount = 18
debug +++ [int] repeatCount = 0
debug ++ [int] eventPhase = 2
debug time 13:27:28.444 :: After HeartBeat Count=19 Result=5
debug time 13:29:12.270 :: Performing heartbeat at Thu Apr 19 2012 13:29:12 GMT+0200
debug time 13:29:28.303 :: Before HeartBeat Count=20 Time=Thu Apr 19 2012 13:29:28 GMT+0200 AccountId=29131007 Session=c97ef498-3b22-436b-8c38-326387278b51
debug ++ [Boolean] bubbles = false
debug ++ [Boolean] cancelable = false
debug ++ [String] type = timer
debug +++ [Boolean] running = true
debug +++ [int] delay = 120000
debug +++ [int] currentCount = 19
debug +++ [int] repeatCount = 0
debug +++ [Boolean] running = true
debug +++ [int] delay = 120000
debug +++ [int] currentCount = 19
debug +++ [int] repeatCount = 0
debug ++ [int] eventPhase = 2
debug time 13:29:28.477 :: After HeartBeat Count=20 Result=5
