debug time 18:31:33.596 :: Before HeartBeat Count=1 Time=Tue Feb 7 2012 18:31:33 GMT+0100 AccountId=29131007 Session=d8d25849-e1e2-491c-94ca-86722278f24e
STOP LOGGING: More than 0 nested objects or properties. 
debug time 18:31:34.551 :: After HeartBeat Count=1 Result=5
debug time 18:33:33.599 :: Before HeartBeat Count=2 Time=Tue Feb 7 2012 18:33:33 GMT+0100 AccountId=29131007 Session=d8d25849-e1e2-491c-94ca-86722278f24e
debug ++ [int] eventPhase = 2
debug ++ [Boolean] bubbles = false
debug ++ [Boolean] cancelable = false
debug ++ [String] type = timer
debug +++ [int] repeatCount = 0
debug +++ [int] currentCount = 1
debug +++ [Boolean] running = true
debug +++ [int] delay = 120000
debug +++ [int] repeatCount = 0
debug +++ [int] currentCount = 1
debug +++ [Boolean] running = true
debug +++ [int] delay = 120000
debug time 18:33:33.830 :: After HeartBeat Count=2 Result=5
debug time 18:35:33.624 :: Before HeartBeat Count=3 Time=Tue Feb 7 2012 18:35:33 GMT+0100 AccountId=29131007 Session=d8d25849-e1e2-491c-94ca-86722278f24e
debug ++ [int] eventPhase = 2
debug ++ [Boolean] bubbles = false
debug ++ [Boolean] cancelable = false
debug ++ [String] type = timer
debug +++ [int] repeatCount = 0
debug +++ [int] currentCount = 2
debug +++ [Boolean] running = true
debug +++ [int] delay = 120000
debug +++ [int] repeatCount = 0
debug +++ [int] currentCount = 2
debug +++ [Boolean] running = true
debug +++ [int] delay = 120000
debug time 18:35:33.816 :: After HeartBeat Count=3 Result=5
debug time 18:37:33.788 :: Before HeartBeat Count=4 Time=Tue Feb 7 2012 18:37:33 GMT+0100 AccountId=29131007 Session=d8d25849-e1e2-491c-94ca-86722278f24e
debug ++ [int] eventPhase = 2
debug ++ [Boolean] bubbles = false
debug ++ [Boolean] cancelable = false
debug ++ [String] type = timer
debug +++ [int] repeatCount = 0
debug +++ [int] currentCount = 3
debug +++ [Boolean] running = true
debug +++ [int] delay = 120000
debug +++ [int] repeatCount = 0
debug +++ [int] currentCount = 3
debug +++ [Boolean] running = true
debug +++ [int] delay = 120000
debug time 18:37:34.784 :: After HeartBeat Count=4 Result=5
debug time 18:39:33.792 :: Before HeartBeat Count=5 Time=Tue Feb 7 2012 18:39:33 GMT+0100 AccountId=29131007 Session=d8d25849-e1e2-491c-94ca-86722278f24e
debug ++ [int] eventPhase = 2
debug ++ [Boolean] bubbles = false
debug ++ [Boolean] cancelable = false
debug ++ [String] type = timer
debug +++ [int] repeatCount = 0
debug +++ [int] currentCount = 4
debug +++ [Boolean] running = true
debug +++ [int] delay = 120000
debug +++ [int] repeatCount = 0
debug +++ [int] currentCount = 4
debug +++ [Boolean] running = true
debug +++ [int] delay = 120000
debug time 18:39:34.784 :: After HeartBeat Count=5 Result=5
debug time 18:41:33.794 :: Before HeartBeat Count=6 Time=Tue Feb 7 2012 18:41:33 GMT+0100 AccountId=29131007 Session=d8d25849-e1e2-491c-94ca-86722278f24e
debug ++ [int] eventPhase = 2
debug ++ [Boolean] bubbles = false
debug ++ [Boolean] cancelable = false
debug ++ [String] type = timer
debug +++ [int] repeatCount = 0
debug +++ [int] currentCount = 5
debug +++ [Boolean] running = true
debug +++ [int] delay = 120000
debug +++ [int] repeatCount = 0
debug +++ [int] currentCount = 5
debug +++ [Boolean] running = true
debug +++ [int] delay = 120000
debug time 18:41:34.785 :: After HeartBeat Count=6 Result=5
debug time 18:43:33.793 :: Before HeartBeat Count=7 Time=Tue Feb 7 2012 18:43:33 GMT+0100 AccountId=29131007 Session=d8d25849-e1e2-491c-94ca-86722278f24e
debug ++ [int] eventPhase = 2
debug ++ [Boolean] bubbles = false
debug ++ [Boolean] cancelable = false
debug ++ [String] type = timer
debug +++ [int] repeatCount = 0
debug +++ [int] currentCount = 6
debug +++ [Boolean] running = true
debug +++ [int] delay = 120000
debug +++ [int] repeatCount = 0
debug +++ [int] currentCount = 6
debug +++ [Boolean] running = true
debug +++ [int] delay = 120000
debug time 18:43:34.784 :: After HeartBeat Count=7 Result=5
debug time 18:45:34.788 :: Before HeartBeat Count=8 Time=Tue Feb 7 2012 18:45:34 GMT+0100 AccountId=29131007 Session=d8d25849-e1e2-491c-94ca-86722278f24e
debug ++ [int] eventPhase = 2
debug ++ [Boolean] bubbles = false
debug ++ [Boolean] cancelable = false
debug ++ [String] type = timer
debug +++ [int] repeatCount = 0
debug +++ [int] currentCount = 7
debug +++ [Boolean] running = true
debug +++ [int] delay = 120000
debug +++ [int] repeatCount = 0
debug +++ [int] currentCount = 7
debug +++ [Boolean] running = true
debug +++ [int] delay = 120000
debug time 18:45:35.784 :: After HeartBeat Count=8 Result=5
debug time 18:47:35.788 :: Before HeartBeat Count=9 Time=Tue Feb 7 2012 18:47:35 GMT+0100 AccountId=29131007 Session=d8d25849-e1e2-491c-94ca-86722278f24e
debug ++ [int] eventPhase = 2
debug ++ [Boolean] bubbles = false
debug ++ [Boolean] cancelable = false
debug ++ [String] type = timer
debug +++ [int] repeatCount = 0
debug +++ [int] currentCount = 8
debug +++ [Boolean] running = true
debug +++ [int] delay = 120000
debug +++ [int] repeatCount = 0
debug +++ [int] currentCount = 8
debug +++ [Boolean] running = true
debug +++ [int] delay = 120000
debug time 18:47:36.784 :: After HeartBeat Count=9 Result=5
debug time 18:49:35.788 :: Before HeartBeat Count=10 Time=Tue Feb 7 2012 18:49:35 GMT+0100 AccountId=29131007 Session=d8d25849-e1e2-491c-94ca-86722278f24e
debug ++ [int] eventPhase = 2
debug ++ [Boolean] bubbles = false
debug ++ [Boolean] cancelable = false
debug ++ [String] type = timer
debug +++ [int] repeatCount = 0
debug +++ [int] currentCount = 9
debug +++ [Boolean] running = true
debug +++ [int] delay = 120000
debug +++ [int] repeatCount = 0
debug +++ [int] currentCount = 9
debug +++ [Boolean] running = true
debug +++ [int] delay = 120000
debug time 18:49:36.784 :: After HeartBeat Count=10 Result=5
debug time 18:51:35.808 :: Before HeartBeat Count=11 Time=Tue Feb 7 2012 18:51:35 GMT+0100 AccountId=29131007 Session=d8d25849-e1e2-491c-94ca-86722278f24e
debug ++ [int] eventPhase = 2
debug ++ [Boolean] bubbles = false
debug ++ [Boolean] cancelable = false
debug ++ [String] type = timer
debug +++ [int] repeatCount = 0
debug +++ [int] currentCount = 10
debug +++ [Boolean] running = true
debug +++ [int] delay = 120000
debug +++ [int] repeatCount = 0
debug +++ [int] currentCount = 10
debug +++ [Boolean] running = true
debug +++ [int] delay = 120000
debug time 18:51:36.784 :: After HeartBeat Count=11 Result=5
debug time 18:53:36.787 :: Before HeartBeat Count=12 Time=Tue Feb 7 2012 18:53:36 GMT+0100 AccountId=29131007 Session=d8d25849-e1e2-491c-94ca-86722278f24e
debug ++ [int] eventPhase = 2
debug ++ [Boolean] bubbles = false
debug ++ [Boolean] cancelable = false
debug ++ [String] type = timer
debug +++ [int] repeatCount = 0
debug +++ [int] currentCount = 11
debug +++ [Boolean] running = true
debug +++ [int] delay = 120000
debug +++ [int] repeatCount = 0
debug +++ [int] currentCount = 11
debug +++ [Boolean] running = true
debug +++ [int] delay = 120000
debug time 18:53:37.784 :: After HeartBeat Count=12 Result=5
debug time 18:55:36.805 :: Before HeartBeat Count=13 Time=Tue Feb 7 2012 18:55:36 GMT+0100 AccountId=29131007 Session=d8d25849-e1e2-491c-94ca-86722278f24e
debug ++ [int] eventPhase = 2
debug ++ [Boolean] bubbles = false
debug ++ [Boolean] cancelable = false
debug ++ [String] type = timer
debug +++ [int] repeatCount = 0
debug +++ [int] currentCount = 12
debug +++ [Boolean] running = true
debug +++ [int] delay = 120000
debug +++ [int] repeatCount = 0
debug +++ [int] currentCount = 12
debug +++ [Boolean] running = true
debug +++ [int] delay = 120000
debug time 18:55:37.784 :: After HeartBeat Count=13 Result=5
debug time 18:57:36.808 :: Before HeartBeat Count=14 Time=Tue Feb 7 2012 18:57:36 GMT+0100 AccountId=29131007 Session=d8d25849-e1e2-491c-94ca-86722278f24e
debug ++ [int] eventPhase = 2
debug ++ [Boolean] bubbles = false
debug ++ [Boolean] cancelable = false
debug ++ [String] type = timer
debug +++ [int] repeatCount = 0
debug +++ [int] currentCount = 13
debug +++ [Boolean] running = true
debug +++ [int] delay = 120000
debug +++ [int] repeatCount = 0
debug +++ [int] currentCount = 13
debug +++ [Boolean] running = true
debug +++ [int] delay = 120000
debug time 18:57:37.784 :: After HeartBeat Count=14 Result=5
debug time 18:59:37.792 :: Before HeartBeat Count=15 Time=Tue Feb 7 2012 18:59:37 GMT+0100 AccountId=29131007 Session=d8d25849-e1e2-491c-94ca-86722278f24e
debug ++ [int] eventPhase = 2
debug ++ [Boolean] bubbles = false
debug ++ [Boolean] cancelable = false
debug ++ [String] type = timer
debug +++ [int] repeatCount = 0
debug +++ [int] currentCount = 14
debug +++ [Boolean] running = true
debug +++ [int] delay = 120000
debug +++ [int] repeatCount = 0
debug +++ [int] currentCount = 14
debug +++ [Boolean] running = true
debug +++ [int] delay = 120000
debug time 18:59:38.785 :: After HeartBeat Count=15 Result=5
debug time 19:01:38.787 :: Before HeartBeat Count=16 Time=Tue Feb 7 2012 19:01:38 GMT+0100 AccountId=29131007 Session=d8d25849-e1e2-491c-94ca-86722278f24e
debug ++ [int] eventPhase = 2
debug ++ [Boolean] bubbles = false
debug ++ [Boolean] cancelable = false
debug ++ [String] type = timer
debug +++ [int] repeatCount = 0
debug +++ [int] currentCount = 15
debug +++ [Boolean] running = true
debug +++ [int] delay = 120000
debug +++ [int] repeatCount = 0
debug +++ [int] currentCount = 15
debug +++ [Boolean] running = true
debug +++ [int] delay = 120000
debug time 19:01:39.785 :: After HeartBeat Count=16 Result=5
debug time 19:03:38.787 :: Before HeartBeat Count=17 Time=Tue Feb 7 2012 19:03:38 GMT+0100 AccountId=29131007 Session=d8d25849-e1e2-491c-94ca-86722278f24e
debug ++ [int] eventPhase = 2
debug ++ [Boolean] bubbles = false
debug ++ [Boolean] cancelable = false
debug ++ [String] type = timer
debug +++ [int] repeatCount = 0
debug +++ [int] currentCount = 16
debug +++ [Boolean] running = true
debug +++ [int] delay = 120000
debug +++ [int] repeatCount = 0
debug +++ [int] currentCount = 16
debug +++ [Boolean] running = true
debug +++ [int] delay = 120000
debug time 19:03:39.784 :: After HeartBeat Count=17 Result=5
debug time 19:05:38.787 :: Before HeartBeat Count=18 Time=Tue Feb 7 2012 19:05:38 GMT+0100 AccountId=29131007 Session=d8d25849-e1e2-491c-94ca-86722278f24e
debug ++ [int] eventPhase = 2
debug ++ [Boolean] bubbles = false
debug ++ [Boolean] cancelable = false
debug ++ [String] type = timer
debug +++ [int] repeatCount = 0
debug +++ [int] currentCount = 17
debug +++ [Boolean] running = true
debug +++ [int] delay = 120000
debug +++ [int] repeatCount = 0
debug +++ [int] currentCount = 17
debug +++ [Boolean] running = true
debug +++ [int] delay = 120000
debug time 19:05:39.784 :: After HeartBeat Count=18 Result=5
debug time 19:07:38.788 :: Before HeartBeat Count=19 Time=Tue Feb 7 2012 19:07:38 GMT+0100 AccountId=29131007 Session=d8d25849-e1e2-491c-94ca-86722278f24e
debug ++ [int] eventPhase = 2
debug ++ [Boolean] bubbles = false
debug ++ [Boolean] cancelable = false
debug ++ [String] type = timer
debug +++ [int] repeatCount = 0
debug +++ [int] currentCount = 18
debug +++ [Boolean] running = true
debug +++ [int] delay = 120000
debug +++ [int] repeatCount = 0
debug +++ [int] currentCount = 18
debug +++ [Boolean] running = true
debug +++ [int] delay = 120000
debug time 19:07:39.784 :: After HeartBeat Count=19 Result=5
debug time 19:09:38.788 :: Before HeartBeat Count=20 Time=Tue Feb 7 2012 19:09:38 GMT+0100 AccountId=29131007 Session=d8d25849-e1e2-491c-94ca-86722278f24e
debug ++ [int] eventPhase = 2
debug ++ [Boolean] bubbles = false
debug ++ [Boolean] cancelable = false
debug ++ [String] type = timer
debug +++ [int] repeatCount = 0
debug +++ [int] currentCount = 19
debug +++ [Boolean] running = true
debug +++ [int] delay = 120000
debug +++ [int] repeatCount = 0
debug +++ [int] currentCount = 19
debug +++ [Boolean] running = true
debug +++ [int] delay = 120000
debug time 19:09:39.784 :: After HeartBeat Count=20 Result=5
debug time 19:11:39.788 :: Before HeartBeat Count=21 Time=Tue Feb 7 2012 19:11:39 GMT+0100 AccountId=29131007 Session=d8d25849-e1e2-491c-94ca-86722278f24e
debug ++ [int] eventPhase = 2
debug ++ [Boolean] bubbles = false
debug ++ [Boolean] cancelable = false
debug ++ [String] type = timer
debug +++ [int] repeatCount = 0
debug +++ [int] currentCount = 20
debug +++ [Boolean] running = true
debug +++ [int] delay = 120000
debug +++ [int] repeatCount = 0
debug +++ [int] currentCount = 20
debug +++ [Boolean] running = true
debug +++ [int] delay = 120000
debug time 19:11:40.784 :: After HeartBeat Count=21 Result=5
debug time 19:13:39.788 :: Before HeartBeat Count=22 Time=Tue Feb 7 2012 19:13:39 GMT+0100 AccountId=29131007 Session=d8d25849-e1e2-491c-94ca-86722278f24e
debug ++ [int] eventPhase = 2
debug ++ [Boolean] bubbles = false
debug ++ [Boolean] cancelable = false
debug ++ [String] type = timer
debug +++ [int] repeatCount = 0
debug +++ [int] currentCount = 21
debug +++ [Boolean] running = true
debug +++ [int] delay = 120000
debug +++ [int] repeatCount = 0
debug +++ [int] currentCount = 21
debug +++ [Boolean] running = true
debug +++ [int] delay = 120000
debug time 19:13:40.784 :: After HeartBeat Count=22 Result=5
debug time 19:15:39.789 :: Before HeartBeat Count=23 Time=Tue Feb 7 2012 19:15:39 GMT+0100 AccountId=29131007 Session=d8d25849-e1e2-491c-94ca-86722278f24e
debug ++ [int] eventPhase = 2
debug ++ [Boolean] bubbles = false
debug ++ [Boolean] cancelable = false
debug ++ [String] type = timer
debug +++ [int] repeatCount = 0
debug +++ [int] currentCount = 22
debug +++ [Boolean] running = true
debug +++ [int] delay = 120000
debug +++ [int] repeatCount = 0
debug +++ [int] currentCount = 22
debug +++ [Boolean] running = true
debug +++ [int] delay = 120000
debug time 19:15:40.784 :: After HeartBeat Count=23 Result=5
debug time 19:17:40.787 :: Before HeartBeat Count=24 Time=Tue Feb 7 2012 19:17:40 GMT+0100 AccountId=29131007 Session=d8d25849-e1e2-491c-94ca-86722278f24e
debug ++ [int] eventPhase = 2
debug ++ [Boolean] bubbles = false
debug ++ [Boolean] cancelable = false
debug ++ [String] type = timer
debug +++ [int] repeatCount = 0
debug +++ [int] currentCount = 23
debug +++ [Boolean] running = true
debug +++ [int] delay = 120000
debug +++ [int] repeatCount = 0
debug +++ [int] currentCount = 23
debug +++ [Boolean] running = true
debug +++ [int] delay = 120000
debug time 19:17:41.792 :: After HeartBeat Count=24 Result=5
debug time 19:19:40.787 :: Before HeartBeat Count=25 Time=Tue Feb 7 2012 19:19:40 GMT+0100 AccountId=29131007 Session=d8d25849-e1e2-491c-94ca-86722278f24e
debug ++ [int] eventPhase = 2
debug ++ [Boolean] bubbles = false
debug ++ [Boolean] cancelable = false
debug ++ [String] type = timer
debug +++ [int] repeatCount = 0
debug +++ [int] currentCount = 24
debug +++ [Boolean] running = true
debug +++ [int] delay = 120000
debug +++ [int] repeatCount = 0
debug +++ [int] currentCount = 24
debug +++ [Boolean] running = true
debug +++ [int] delay = 120000
debug time 19:19:41.784 :: After HeartBeat Count=25 Result=5
debug time 19:20:06.995 :: Performing heartbeat at Tue Feb 7 2012 19:20:06 GMT+0100
