debug time 19:38:19.146 :: Before HeartBeat Count=1 Time=Sat Feb 4 2012 19:38:19 GMT+0100 AccountId=29131007 Session=653319d6-143b-4237-b373-5c988882e478
STOP LOGGING: More than 0 nested objects or properties. 
debug time 19:38:19.905 :: After HeartBeat Count=1 Result=5
debug time 19:40:19.191 :: Before HeartBeat Count=2 Time=Sat Feb 4 2012 19:40:19 GMT+0100 AccountId=29131007 Session=653319d6-143b-4237-b373-5c988882e478
debug ++ [int] eventPhase = 2
debug ++ [Boolean] bubbles = false
debug ++ [Boolean] cancelable = false
debug ++ [String] type = timer
debug +++ [int] repeatCount = 0
debug +++ [int] currentCount = 1
debug +++ [Boolean] running = true
debug +++ [int] delay = 120000
debug +++ [int] repeatCount = 0
debug +++ [int] currentCount = 1
debug +++ [Boolean] running = true
debug +++ [int] delay = 120000
debug time 19:40:19.395 :: After HeartBeat Count=2 Result=5
debug time 19:42:19.253 :: Before HeartBeat Count=3 Time=Sat Feb 4 2012 19:42:19 GMT+0100 AccountId=29131007 Session=653319d6-143b-4237-b373-5c988882e478
debug ++ [int] eventPhase = 2
debug ++ [Boolean] bubbles = false
debug ++ [Boolean] cancelable = false
debug ++ [String] type = timer
debug +++ [int] repeatCount = 0
debug +++ [int] currentCount = 2
debug +++ [Boolean] running = true
debug +++ [int] delay = 120000
debug +++ [int] repeatCount = 0
debug +++ [int] currentCount = 2
debug +++ [Boolean] running = true
debug +++ [int] delay = 120000
debug time 19:42:20.249 :: After HeartBeat Count=3 Result=5
debug time 19:44:19.254 :: Before HeartBeat Count=4 Time=Sat Feb 4 2012 19:44:19 GMT+0100 AccountId=29131007 Session=653319d6-143b-4237-b373-5c988882e478
debug ++ [int] eventPhase = 2
debug ++ [Boolean] bubbles = false
debug ++ [Boolean] cancelable = false
debug ++ [String] type = timer
debug +++ [int] repeatCount = 0
debug +++ [int] currentCount = 3
debug +++ [Boolean] running = true
debug +++ [int] delay = 120000
debug +++ [int] repeatCount = 0
debug +++ [int] currentCount = 3
debug +++ [Boolean] running = true
debug +++ [int] delay = 120000
debug time 19:44:20.249 :: After HeartBeat Count=4 Result=5
debug time 19:46:19.291 :: Before HeartBeat Count=5 Time=Sat Feb 4 2012 19:46:19 GMT+0100 AccountId=29131007 Session=653319d6-143b-4237-b373-5c988882e478
debug ++ [int] eventPhase = 2
debug ++ [Boolean] bubbles = false
debug ++ [Boolean] cancelable = false
debug ++ [String] type = timer
debug +++ [int] repeatCount = 0
debug +++ [int] currentCount = 4
debug +++ [Boolean] running = true
debug +++ [int] delay = 120000
debug +++ [int] repeatCount = 0
debug +++ [int] currentCount = 4
debug +++ [Boolean] running = true
debug +++ [int] delay = 120000
debug time 19:46:20.281 :: After HeartBeat Count=5 Result=5
debug time 19:48:19.343 :: Before HeartBeat Count=6 Time=Sat Feb 4 2012 19:48:19 GMT+0100 AccountId=29131007 Session=653319d6-143b-4237-b373-5c988882e478
debug ++ [int] eventPhase = 2
debug ++ [Boolean] bubbles = false
debug ++ [Boolean] cancelable = false
debug ++ [String] type = timer
debug +++ [int] repeatCount = 0
debug +++ [int] currentCount = 5
debug +++ [Boolean] running = true
debug +++ [int] delay = 120000
debug +++ [int] repeatCount = 0
debug +++ [int] currentCount = 5
debug +++ [Boolean] running = true
debug +++ [int] delay = 120000
debug time 19:48:20.312 :: After HeartBeat Count=6 Result=5
debug time 19:50:20.318 :: Before HeartBeat Count=7 Time=Sat Feb 4 2012 19:50:20 GMT+0100 AccountId=29131007 Session=653319d6-143b-4237-b373-5c988882e478
debug ++ [int] eventPhase = 2
debug ++ [Boolean] bubbles = false
debug ++ [Boolean] cancelable = false
debug ++ [String] type = timer
debug +++ [int] repeatCount = 0
debug +++ [int] currentCount = 6
debug +++ [Boolean] running = true
debug +++ [int] delay = 120000
debug +++ [int] repeatCount = 0
debug +++ [int] currentCount = 6
debug +++ [Boolean] running = true
debug +++ [int] delay = 120000
debug time 19:50:21.314 :: After HeartBeat Count=7 Result=5
debug time 19:52:21.320 :: Before HeartBeat Count=8 Time=Sat Feb 4 2012 19:52:21 GMT+0100 AccountId=29131007 Session=653319d6-143b-4237-b373-5c988882e478
debug ++ [int] eventPhase = 2
debug ++ [Boolean] bubbles = false
debug ++ [Boolean] cancelable = false
debug ++ [String] type = timer
debug +++ [int] repeatCount = 0
debug +++ [int] currentCount = 7
debug +++ [Boolean] running = true
debug +++ [int] delay = 120000
debug +++ [int] repeatCount = 0
debug +++ [int] currentCount = 7
debug +++ [Boolean] running = true
debug +++ [int] delay = 120000
debug time 19:52:22.316 :: After HeartBeat Count=8 Result=5
debug time 19:54:21.345 :: Before HeartBeat Count=9 Time=Sat Feb 4 2012 19:54:21 GMT+0100 AccountId=29131007 Session=653319d6-143b-4237-b373-5c988882e478
debug ++ [int] eventPhase = 2
debug ++ [Boolean] bubbles = false
debug ++ [Boolean] cancelable = false
debug ++ [String] type = timer
debug +++ [int] repeatCount = 0
debug +++ [int] currentCount = 8
debug +++ [Boolean] running = true
debug +++ [int] delay = 120000
debug +++ [int] repeatCount = 0
debug +++ [int] currentCount = 8
debug +++ [Boolean] running = true
debug +++ [int] delay = 120000
debug time 19:54:22.315 :: After HeartBeat Count=9 Result=5
debug time 19:56:22.318 :: Before HeartBeat Count=10 Time=Sat Feb 4 2012 19:56:22 GMT+0100 AccountId=29131007 Session=653319d6-143b-4237-b373-5c988882e478
debug ++ [int] eventPhase = 2
debug ++ [Boolean] bubbles = false
debug ++ [Boolean] cancelable = false
debug ++ [String] type = timer
debug +++ [int] repeatCount = 0
debug +++ [int] currentCount = 9
debug +++ [Boolean] running = true
debug +++ [int] delay = 120000
debug +++ [int] repeatCount = 0
debug +++ [int] currentCount = 9
debug +++ [Boolean] running = true
debug +++ [int] delay = 120000
debug time 19:56:23.316 :: After HeartBeat Count=10 Result=5
debug time 19:58:22.319 :: Before HeartBeat Count=11 Time=Sat Feb 4 2012 19:58:22 GMT+0100 AccountId=29131007 Session=653319d6-143b-4237-b373-5c988882e478
debug ++ [int] eventPhase = 2
debug ++ [Boolean] bubbles = false
debug ++ [Boolean] cancelable = false
debug ++ [String] type = timer
debug +++ [int] repeatCount = 0
debug +++ [int] currentCount = 10
debug +++ [Boolean] running = true
debug +++ [int] delay = 120000
debug +++ [int] repeatCount = 0
debug +++ [int] currentCount = 10
debug +++ [Boolean] running = true
debug +++ [int] delay = 120000
debug time 19:58:23.315 :: After HeartBeat Count=11 Result=5
debug time 20:00:23.320 :: Before HeartBeat Count=12 Time=Sat Feb 4 2012 20:00:23 GMT+0100 AccountId=29131007 Session=653319d6-143b-4237-b373-5c988882e478
debug ++ [int] eventPhase = 2
debug ++ [Boolean] bubbles = false
debug ++ [Boolean] cancelable = false
debug ++ [String] type = timer
debug +++ [int] repeatCount = 0
debug +++ [int] currentCount = 11
debug +++ [Boolean] running = true
debug +++ [int] delay = 120000
debug +++ [int] repeatCount = 0
debug +++ [int] currentCount = 11
debug +++ [Boolean] running = true
debug +++ [int] delay = 120000
debug time 20:00:24.316 :: After HeartBeat Count=12 Result=5
debug time 20:02:23.321 :: Before HeartBeat Count=13 Time=Sat Feb 4 2012 20:02:23 GMT+0100 AccountId=29131007 Session=653319d6-143b-4237-b373-5c988882e478
debug ++ [int] eventPhase = 2
debug ++ [Boolean] bubbles = false
debug ++ [Boolean] cancelable = false
debug ++ [String] type = timer
debug +++ [int] repeatCount = 0
debug +++ [int] currentCount = 12
debug +++ [Boolean] running = true
debug +++ [int] delay = 120000
debug +++ [int] repeatCount = 0
debug +++ [int] currentCount = 12
debug +++ [Boolean] running = true
debug +++ [int] delay = 120000
debug time 20:02:24.316 :: After HeartBeat Count=13 Result=5
debug time 20:04:23.350 :: Before HeartBeat Count=14 Time=Sat Feb 4 2012 20:04:23 GMT+0100 AccountId=29131007 Session=653319d6-143b-4237-b373-5c988882e478
debug ++ [int] eventPhase = 2
debug ++ [Boolean] bubbles = false
debug ++ [Boolean] cancelable = false
debug ++ [String] type = timer
debug +++ [int] repeatCount = 0
debug +++ [int] currentCount = 13
debug +++ [Boolean] running = true
debug +++ [int] delay = 120000
debug +++ [int] repeatCount = 0
debug +++ [int] currentCount = 13
debug +++ [Boolean] running = true
debug +++ [int] delay = 120000
debug time 20:04:24.318 :: After HeartBeat Count=14 Result=5
debug time 20:06:24.322 :: Before HeartBeat Count=15 Time=Sat Feb 4 2012 20:06:24 GMT+0100 AccountId=29131007 Session=653319d6-143b-4237-b373-5c988882e478
debug ++ [int] eventPhase = 2
debug ++ [Boolean] bubbles = false
debug ++ [Boolean] cancelable = false
debug ++ [String] type = timer
debug +++ [int] repeatCount = 0
debug +++ [int] currentCount = 14
debug +++ [Boolean] running = true
debug +++ [int] delay = 120000
debug +++ [int] repeatCount = 0
debug +++ [int] currentCount = 14
debug +++ [Boolean] running = true
debug +++ [int] delay = 120000
debug time 20:06:25.318 :: After HeartBeat Count=15 Result=5
debug time 20:08:24.324 :: Before HeartBeat Count=16 Time=Sat Feb 4 2012 20:08:24 GMT+0100 AccountId=29131007 Session=653319d6-143b-4237-b373-5c988882e478
debug ++ [int] eventPhase = 2
debug ++ [Boolean] bubbles = false
debug ++ [Boolean] cancelable = false
debug ++ [String] type = timer
debug +++ [int] repeatCount = 0
debug +++ [int] currentCount = 15
debug +++ [Boolean] running = true
debug +++ [int] delay = 120000
debug +++ [int] repeatCount = 0
debug +++ [int] currentCount = 15
debug +++ [Boolean] running = true
debug +++ [int] delay = 120000
debug time 20:08:25.319 :: After HeartBeat Count=16 Result=5
debug time 20:10:24.349 :: Before HeartBeat Count=17 Time=Sat Feb 4 2012 20:10:24 GMT+0100 AccountId=29131007 Session=653319d6-143b-4237-b373-5c988882e478
debug ++ [int] eventPhase = 2
debug ++ [Boolean] bubbles = false
debug ++ [Boolean] cancelable = false
debug ++ [String] type = timer
debug +++ [int] repeatCount = 0
debug +++ [int] currentCount = 16
debug +++ [Boolean] running = true
debug +++ [int] delay = 120000
debug +++ [int] repeatCount = 0
debug +++ [int] currentCount = 16
debug +++ [Boolean] running = true
debug +++ [int] delay = 120000
debug time 20:10:25.319 :: After HeartBeat Count=17 Result=5
debug time 20:12:25.324 :: Before HeartBeat Count=18 Time=Sat Feb 4 2012 20:12:25 GMT+0100 AccountId=29131007 Session=653319d6-143b-4237-b373-5c988882e478
debug ++ [int] eventPhase = 2
debug ++ [Boolean] bubbles = false
debug ++ [Boolean] cancelable = false
debug ++ [String] type = timer
debug +++ [int] repeatCount = 0
debug +++ [int] currentCount = 17
debug +++ [Boolean] running = true
debug +++ [int] delay = 120000
debug +++ [int] repeatCount = 0
debug +++ [int] currentCount = 17
debug +++ [Boolean] running = true
debug +++ [int] delay = 120000
debug time 20:12:26.320 :: After HeartBeat Count=18 Result=5
debug time 20:13:57.389 :: Performing heartbeat at Sat Feb 4 2012 20:13:57 GMT+0100
debug time 20:14:25.342 :: Before HeartBeat Count=19 Time=Sat Feb 4 2012 20:14:25 GMT+0100 AccountId=29131007 Session=653319d6-143b-4237-b373-5c988882e478
debug ++ [int] eventPhase = 2
debug ++ [Boolean] bubbles = false
debug ++ [Boolean] cancelable = false
debug ++ [String] type = timer
debug +++ [int] repeatCount = 0
debug +++ [int] currentCount = 18
debug +++ [Boolean] running = true
debug +++ [int] delay = 120000
debug +++ [int] repeatCount = 0
debug +++ [int] currentCount = 18
debug +++ [Boolean] running = true
debug +++ [int] delay = 120000
debug time 20:14:25.534 :: After HeartBeat Count=19 Result=5
