debug time 18:26:21.893 :: Before HeartBeat Count=1 Time=Mon Jan 30 2012 18:26:21 GMT+0100 AccountId=29131007 Session=f7d52f6a-04f1-4e6b-84d2-f98f2e362448
STOP LOGGING: More than 0 nested objects or properties. 
debug time 18:26:23.668 :: After HeartBeat Count=1 Result=5
debug time 18:28:22.695 :: Before HeartBeat Count=2 Time=Mon Jan 30 2012 18:28:22 GMT+0100 AccountId=29131007 Session=f7d52f6a-04f1-4e6b-84d2-f98f2e362448
debug ++ [int] eventPhase = 2
debug ++ [Boolean] bubbles = false
debug ++ [Boolean] cancelable = false
debug ++ [String] type = timer
debug +++ [int] repeatCount = 0
debug +++ [int] currentCount = 1
debug +++ [Boolean] running = true
debug +++ [int] delay = 120000
debug +++ [int] repeatCount = 0
debug +++ [int] currentCount = 1
debug +++ [Boolean] running = true
debug +++ [int] delay = 120000
debug time 18:28:23.692 :: After HeartBeat Count=2 Result=5
debug time 18:30:22.697 :: Before HeartBeat Count=3 Time=Mon Jan 30 2012 18:30:22 GMT+0100 AccountId=29131007 Session=f7d52f6a-04f1-4e6b-84d2-f98f2e362448
debug ++ [int] eventPhase = 2
debug ++ [Boolean] bubbles = false
debug ++ [Boolean] cancelable = false
debug ++ [String] type = timer
debug +++ [int] repeatCount = 0
debug +++ [int] currentCount = 2
debug +++ [Boolean] running = true
debug +++ [int] delay = 120000
debug +++ [int] repeatCount = 0
debug +++ [int] currentCount = 2
debug +++ [Boolean] running = true
debug +++ [int] delay = 120000
debug time 18:30:23.692 :: After HeartBeat Count=3 Result=5
debug time 18:32:23.697 :: Before HeartBeat Count=4 Time=Mon Jan 30 2012 18:32:23 GMT+0100 AccountId=29131007 Session=f7d52f6a-04f1-4e6b-84d2-f98f2e362448
debug ++ [int] eventPhase = 2
debug ++ [Boolean] bubbles = false
debug ++ [Boolean] cancelable = false
debug ++ [String] type = timer
debug +++ [int] repeatCount = 0
debug +++ [int] currentCount = 3
debug +++ [Boolean] running = true
debug +++ [int] delay = 120000
debug +++ [int] repeatCount = 0
debug +++ [int] currentCount = 3
debug +++ [Boolean] running = true
debug +++ [int] delay = 120000
debug time 18:32:24.693 :: After HeartBeat Count=4 Result=5
debug time 18:34:23.727 :: Before HeartBeat Count=5 Time=Mon Jan 30 2012 18:34:23 GMT+0100 AccountId=29131007 Session=f7d52f6a-04f1-4e6b-84d2-f98f2e362448
debug ++ [int] eventPhase = 2
debug ++ [Boolean] bubbles = false
debug ++ [Boolean] cancelable = false
debug ++ [String] type = timer
debug +++ [int] repeatCount = 0
debug +++ [int] currentCount = 4
debug +++ [Boolean] running = true
debug +++ [int] delay = 120000
debug +++ [int] repeatCount = 0
debug +++ [int] currentCount = 4
debug +++ [Boolean] running = true
debug +++ [int] delay = 120000
debug time 18:34:24.693 :: After HeartBeat Count=5 Result=5
debug time 18:36:24.697 :: Before HeartBeat Count=6 Time=Mon Jan 30 2012 18:36:24 GMT+0100 AccountId=29131007 Session=f7d52f6a-04f1-4e6b-84d2-f98f2e362448
debug ++ [int] eventPhase = 2
debug ++ [Boolean] bubbles = false
debug ++ [Boolean] cancelable = false
debug ++ [String] type = timer
debug +++ [int] repeatCount = 0
debug +++ [int] currentCount = 5
debug +++ [Boolean] running = true
debug +++ [int] delay = 120000
debug +++ [int] repeatCount = 0
debug +++ [int] currentCount = 5
debug +++ [Boolean] running = true
debug +++ [int] delay = 120000
debug time 18:36:25.693 :: After HeartBeat Count=6 Result=5
debug time 18:38:25.697 :: Before HeartBeat Count=7 Time=Mon Jan 30 2012 18:38:25 GMT+0100 AccountId=29131007 Session=f7d52f6a-04f1-4e6b-84d2-f98f2e362448
debug ++ [int] eventPhase = 2
debug ++ [Boolean] bubbles = false
debug ++ [Boolean] cancelable = false
debug ++ [String] type = timer
debug +++ [int] repeatCount = 0
debug +++ [int] currentCount = 6
debug +++ [Boolean] running = true
debug +++ [int] delay = 120000
debug +++ [int] repeatCount = 0
debug +++ [int] currentCount = 6
debug +++ [Boolean] running = true
debug +++ [int] delay = 120000
debug time 18:38:26.693 :: After HeartBeat Count=7 Result=5
debug time 18:40:25.698 :: Before HeartBeat Count=8 Time=Mon Jan 30 2012 18:40:25 GMT+0100 AccountId=29131007 Session=f7d52f6a-04f1-4e6b-84d2-f98f2e362448
debug ++ [int] eventPhase = 2
debug ++ [Boolean] bubbles = false
debug ++ [Boolean] cancelable = false
debug ++ [String] type = timer
debug +++ [int] repeatCount = 0
debug +++ [int] currentCount = 7
debug +++ [Boolean] running = true
debug +++ [int] delay = 120000
debug +++ [int] repeatCount = 0
debug +++ [int] currentCount = 7
debug +++ [Boolean] running = true
debug +++ [int] delay = 120000
debug time 18:40:26.693 :: After HeartBeat Count=8 Result=5
debug time 18:42:25.722 :: Before HeartBeat Count=9 Time=Mon Jan 30 2012 18:42:25 GMT+0100 AccountId=29131007 Session=f7d52f6a-04f1-4e6b-84d2-f98f2e362448
debug ++ [int] eventPhase = 2
debug ++ [Boolean] bubbles = false
debug ++ [Boolean] cancelable = false
debug ++ [String] type = timer
debug +++ [int] repeatCount = 0
debug +++ [int] currentCount = 8
debug +++ [Boolean] running = true
debug +++ [int] delay = 120000
debug +++ [int] repeatCount = 0
debug +++ [int] currentCount = 8
debug +++ [Boolean] running = true
debug +++ [int] delay = 120000
debug time 18:42:26.698 :: After HeartBeat Count=9 Result=5
debug time 18:44:26.696 :: Before HeartBeat Count=10 Time=Mon Jan 30 2012 18:44:26 GMT+0100 AccountId=29131007 Session=f7d52f6a-04f1-4e6b-84d2-f98f2e362448
debug ++ [int] eventPhase = 2
debug ++ [Boolean] bubbles = false
debug ++ [Boolean] cancelable = false
debug ++ [String] type = timer
debug +++ [int] repeatCount = 0
debug +++ [int] currentCount = 9
debug +++ [Boolean] running = true
debug +++ [int] delay = 120000
debug +++ [int] repeatCount = 0
debug +++ [int] currentCount = 9
debug +++ [Boolean] running = true
debug +++ [int] delay = 120000
debug time 18:44:27.693 :: After HeartBeat Count=10 Result=5
debug time 18:46:26.695 :: Before HeartBeat Count=11 Time=Mon Jan 30 2012 18:46:26 GMT+0100 AccountId=29131007 Session=f7d52f6a-04f1-4e6b-84d2-f98f2e362448
debug ++ [int] eventPhase = 2
debug ++ [Boolean] bubbles = false
debug ++ [Boolean] cancelable = false
debug ++ [String] type = timer
debug +++ [int] repeatCount = 0
debug +++ [int] currentCount = 10
debug +++ [Boolean] running = true
debug +++ [int] delay = 120000
debug +++ [int] repeatCount = 0
debug +++ [int] currentCount = 10
debug +++ [Boolean] running = true
debug +++ [int] delay = 120000
debug time 18:46:27.692 :: After HeartBeat Count=11 Result=5
debug time 18:48:26.695 :: Before HeartBeat Count=12 Time=Mon Jan 30 2012 18:48:26 GMT+0100 AccountId=29131007 Session=f7d52f6a-04f1-4e6b-84d2-f98f2e362448
debug ++ [int] eventPhase = 2
debug ++ [Boolean] bubbles = false
debug ++ [Boolean] cancelable = false
debug ++ [String] type = timer
debug +++ [int] repeatCount = 0
debug +++ [int] currentCount = 11
debug +++ [Boolean] running = true
debug +++ [int] delay = 120000
debug +++ [int] repeatCount = 0
debug +++ [int] currentCount = 11
debug +++ [Boolean] running = true
debug +++ [int] delay = 120000
debug time 18:48:27.692 :: After HeartBeat Count=12 Result=5
debug time 18:50:26.717 :: Before HeartBeat Count=13 Time=Mon Jan 30 2012 18:50:26 GMT+0100 AccountId=29131007 Session=f7d52f6a-04f1-4e6b-84d2-f98f2e362448
debug ++ [int] eventPhase = 2
debug ++ [Boolean] bubbles = false
debug ++ [Boolean] cancelable = false
debug ++ [String] type = timer
debug +++ [int] repeatCount = 0
debug +++ [int] currentCount = 12
debug +++ [Boolean] running = true
debug +++ [int] delay = 120000
debug +++ [int] repeatCount = 0
debug +++ [int] currentCount = 12
debug +++ [Boolean] running = true
debug +++ [int] delay = 120000
debug time 18:50:27.693 :: After HeartBeat Count=13 Result=5
debug time 18:52:27.697 :: Before HeartBeat Count=14 Time=Mon Jan 30 2012 18:52:27 GMT+0100 AccountId=29131007 Session=f7d52f6a-04f1-4e6b-84d2-f98f2e362448
debug ++ [int] eventPhase = 2
debug ++ [Boolean] bubbles = false
debug ++ [Boolean] cancelable = false
debug ++ [String] type = timer
debug +++ [int] repeatCount = 0
debug +++ [int] currentCount = 13
debug +++ [Boolean] running = true
debug +++ [int] delay = 120000
debug +++ [int] repeatCount = 0
debug +++ [int] currentCount = 13
debug +++ [Boolean] running = true
debug +++ [int] delay = 120000
debug time 18:52:28.693 :: After HeartBeat Count=14 Result=5
debug time 18:54:27.697 :: Before HeartBeat Count=15 Time=Mon Jan 30 2012 18:54:27 GMT+0100 AccountId=29131007 Session=f7d52f6a-04f1-4e6b-84d2-f98f2e362448
debug ++ [int] eventPhase = 2
debug ++ [Boolean] bubbles = false
debug ++ [Boolean] cancelable = false
debug ++ [String] type = timer
debug +++ [int] repeatCount = 0
debug +++ [int] currentCount = 14
debug +++ [Boolean] running = true
debug +++ [int] delay = 120000
debug +++ [int] repeatCount = 0
debug +++ [int] currentCount = 14
debug +++ [Boolean] running = true
debug +++ [int] delay = 120000
debug time 18:54:28.693 :: After HeartBeat Count=15 Result=5
debug time 18:56:27.697 :: Before HeartBeat Count=16 Time=Mon Jan 30 2012 18:56:27 GMT+0100 AccountId=29131007 Session=f7d52f6a-04f1-4e6b-84d2-f98f2e362448
debug ++ [int] eventPhase = 2
debug ++ [Boolean] bubbles = false
debug ++ [Boolean] cancelable = false
debug ++ [String] type = timer
debug +++ [int] repeatCount = 0
debug +++ [int] currentCount = 15
debug +++ [Boolean] running = true
debug +++ [int] delay = 120000
debug +++ [int] repeatCount = 0
debug +++ [int] currentCount = 15
debug +++ [Boolean] running = true
debug +++ [int] delay = 120000
debug time 18:56:28.693 :: After HeartBeat Count=16 Result=5
debug time 18:58:27.697 :: Before HeartBeat Count=17 Time=Mon Jan 30 2012 18:58:27 GMT+0100 AccountId=29131007 Session=f7d52f6a-04f1-4e6b-84d2-f98f2e362448
debug ++ [int] eventPhase = 2
debug ++ [Boolean] bubbles = false
debug ++ [Boolean] cancelable = false
debug ++ [String] type = timer
debug +++ [int] repeatCount = 0
debug +++ [int] currentCount = 16
debug +++ [Boolean] running = true
debug +++ [int] delay = 120000
debug +++ [int] repeatCount = 0
debug +++ [int] currentCount = 16
debug +++ [Boolean] running = true
debug +++ [int] delay = 120000
debug time 18:58:28.693 :: After HeartBeat Count=17 Result=5
debug time 19:00:27.722 :: Before HeartBeat Count=18 Time=Mon Jan 30 2012 19:00:27 GMT+0100 AccountId=29131007 Session=f7d52f6a-04f1-4e6b-84d2-f98f2e362448
debug ++ [int] eventPhase = 2
debug ++ [Boolean] bubbles = false
debug ++ [Boolean] cancelable = false
debug ++ [String] type = timer
debug +++ [int] repeatCount = 0
debug +++ [int] currentCount = 17
debug +++ [Boolean] running = true
debug +++ [int] delay = 120000
debug +++ [int] repeatCount = 0
debug +++ [int] currentCount = 17
debug +++ [Boolean] running = true
debug +++ [int] delay = 120000
debug time 19:00:28.693 :: After HeartBeat Count=18 Result=5
debug time 19:02:28.695 :: Before HeartBeat Count=19 Time=Mon Jan 30 2012 19:02:28 GMT+0100 AccountId=29131007 Session=f7d52f6a-04f1-4e6b-84d2-f98f2e362448
debug ++ [int] eventPhase = 2
debug ++ [Boolean] bubbles = false
debug ++ [Boolean] cancelable = false
debug ++ [String] type = timer
debug +++ [int] repeatCount = 0
debug +++ [int] currentCount = 18
debug +++ [Boolean] running = true
debug +++ [int] delay = 120000
debug +++ [int] repeatCount = 0
debug +++ [int] currentCount = 18
debug +++ [Boolean] running = true
debug +++ [int] delay = 120000
debug time 19:02:29.692 :: After HeartBeat Count=19 Result=5
debug time 19:03:25.748 :: Performing heartbeat at Mon Jan 30 2012 19:03:25 GMT+0100
debug time 19:04:28.842 :: Before HeartBeat Count=20 Time=Mon Jan 30 2012 19:04:28 GMT+0100 AccountId=29131007 Session=f7d52f6a-04f1-4e6b-84d2-f98f2e362448
debug ++ [int] eventPhase = 2
debug ++ [Boolean] bubbles = false
debug ++ [Boolean] cancelable = false
debug ++ [String] type = timer
debug +++ [int] repeatCount = 0
debug +++ [int] currentCount = 19
debug +++ [Boolean] running = true
debug +++ [int] delay = 120000
debug +++ [int] repeatCount = 0
debug +++ [int] currentCount = 19
debug +++ [Boolean] running = true
debug +++ [int] delay = 120000
debug time 19:04:29.833 :: After HeartBeat Count=20 Result=5
debug time 19:06:28.845 :: Before HeartBeat Count=21 Time=Mon Jan 30 2012 19:06:28 GMT+0100 AccountId=29131007 Session=f7d52f6a-04f1-4e6b-84d2-f98f2e362448
debug ++ [int] eventPhase = 2
debug ++ [Boolean] bubbles = false
debug ++ [Boolean] cancelable = false
debug ++ [String] type = timer
debug +++ [int] repeatCount = 0
debug +++ [int] currentCount = 20
debug +++ [Boolean] running = true
debug +++ [int] delay = 120000
debug +++ [int] repeatCount = 0
debug +++ [int] currentCount = 20
debug +++ [Boolean] running = true
debug +++ [int] delay = 120000
debug time 19:06:29.834 :: After HeartBeat Count=21 Result=5
debug time 19:08:28.877 :: Before HeartBeat Count=22 Time=Mon Jan 30 2012 19:08:28 GMT+0100 AccountId=29131007 Session=f7d52f6a-04f1-4e6b-84d2-f98f2e362448
debug ++ [int] eventPhase = 2
debug ++ [Boolean] bubbles = false
debug ++ [Boolean] cancelable = false
debug ++ [String] type = timer
debug +++ [int] repeatCount = 0
debug +++ [int] currentCount = 21
debug +++ [Boolean] running = true
debug +++ [int] delay = 120000
debug +++ [int] repeatCount = 0
debug +++ [int] currentCount = 21
debug +++ [Boolean] running = true
debug +++ [int] delay = 120000
debug time 19:08:29.70 :: After HeartBeat Count=22 Result=5
debug time 19:10:28.885 :: Before HeartBeat Count=23 Time=Mon Jan 30 2012 19:10:28 GMT+0100 AccountId=29131007 Session=f7d52f6a-04f1-4e6b-84d2-f98f2e362448
debug ++ [int] eventPhase = 2
debug ++ [Boolean] bubbles = false
debug ++ [Boolean] cancelable = false
debug ++ [String] type = timer
debug +++ [int] repeatCount = 0
debug +++ [int] currentCount = 22
debug +++ [Boolean] running = true
debug +++ [int] delay = 120000
debug +++ [int] repeatCount = 0
debug +++ [int] currentCount = 22
debug +++ [Boolean] running = true
debug +++ [int] delay = 120000
debug time 19:10:29.78 :: After HeartBeat Count=23 Result=5
debug time 19:12:28.886 :: Before HeartBeat Count=24 Time=Mon Jan 30 2012 19:12:28 GMT+0100 AccountId=29131007 Session=f7d52f6a-04f1-4e6b-84d2-f98f2e362448
debug ++ [int] eventPhase = 2
debug ++ [Boolean] bubbles = false
debug ++ [Boolean] cancelable = false
debug ++ [String] type = timer
debug +++ [int] repeatCount = 0
debug +++ [int] currentCount = 23
debug +++ [Boolean] running = true
debug +++ [int] delay = 120000
debug +++ [int] repeatCount = 0
debug +++ [int] currentCount = 23
debug +++ [Boolean] running = true
debug +++ [int] delay = 120000
debug time 19:12:29.78 :: After HeartBeat Count=24 Result=5
debug time 19:14:28.916 :: Before HeartBeat Count=25 Time=Mon Jan 30 2012 19:14:28 GMT+0100 AccountId=29131007 Session=f7d52f6a-04f1-4e6b-84d2-f98f2e362448
debug ++ [int] eventPhase = 2
debug ++ [Boolean] bubbles = false
debug ++ [Boolean] cancelable = false
debug ++ [String] type = timer
debug +++ [int] repeatCount = 0
debug +++ [int] currentCount = 24
debug +++ [Boolean] running = true
debug +++ [int] delay = 120000
debug +++ [int] repeatCount = 0
debug +++ [int] currentCount = 24
debug +++ [Boolean] running = true
debug +++ [int] delay = 120000
debug time 19:14:29.111 :: After HeartBeat Count=25 Result=5
debug time 19:16:28.932 :: Before HeartBeat Count=26 Time=Mon Jan 30 2012 19:16:28 GMT+0100 AccountId=29131007 Session=f7d52f6a-04f1-4e6b-84d2-f98f2e362448
debug ++ [int] eventPhase = 2
debug ++ [Boolean] bubbles = false
debug ++ [Boolean] cancelable = false
debug ++ [String] type = timer
debug +++ [int] repeatCount = 0
debug +++ [int] currentCount = 25
debug +++ [Boolean] running = true
debug +++ [int] delay = 120000
debug +++ [int] repeatCount = 0
debug +++ [int] currentCount = 25
debug +++ [Boolean] running = true
debug +++ [int] delay = 120000
debug time 19:16:29.150 :: After HeartBeat Count=26 Result=5
debug time 19:18:28.951 :: Before HeartBeat Count=27 Time=Mon Jan 30 2012 19:18:28 GMT+0100 AccountId=29131007 Session=f7d52f6a-04f1-4e6b-84d2-f98f2e362448
debug ++ [int] eventPhase = 2
debug ++ [Boolean] bubbles = false
debug ++ [Boolean] cancelable = false
debug ++ [String] type = timer
debug +++ [int] repeatCount = 0
debug +++ [int] currentCount = 26
debug +++ [Boolean] running = true
debug +++ [int] delay = 120000
debug +++ [int] repeatCount = 0
debug +++ [int] currentCount = 26
debug +++ [Boolean] running = true
debug +++ [int] delay = 120000
debug time 19:18:29.144 :: After HeartBeat Count=27 Result=5
debug time 19:20:28.970 :: Before HeartBeat Count=28 Time=Mon Jan 30 2012 19:20:28 GMT+0100 AccountId=29131007 Session=f7d52f6a-04f1-4e6b-84d2-f98f2e362448
debug ++ [int] eventPhase = 2
debug ++ [Boolean] bubbles = false
debug ++ [Boolean] cancelable = false
debug ++ [String] type = timer
debug +++ [int] repeatCount = 0
debug +++ [int] currentCount = 27
debug +++ [Boolean] running = true
debug +++ [int] delay = 120000
debug +++ [int] repeatCount = 0
debug +++ [int] currentCount = 27
debug +++ [Boolean] running = true
debug +++ [int] delay = 120000
debug time 19:20:29.163 :: After HeartBeat Count=28 Result=5
debug time 19:22:28.971 :: Before HeartBeat Count=29 Time=Mon Jan 30 2012 19:22:28 GMT+0100 AccountId=29131007 Session=f7d52f6a-04f1-4e6b-84d2-f98f2e362448
debug ++ [int] eventPhase = 2
debug ++ [Boolean] bubbles = false
debug ++ [Boolean] cancelable = false
debug ++ [String] type = timer
debug +++ [int] repeatCount = 0
debug +++ [int] currentCount = 28
debug +++ [Boolean] running = true
debug +++ [int] delay = 120000
debug +++ [int] repeatCount = 0
debug +++ [int] currentCount = 28
debug +++ [Boolean] running = true
debug +++ [int] delay = 120000
debug time 19:22:29.164 :: After HeartBeat Count=29 Result=5
debug time 19:24:28.983 :: Before HeartBeat Count=30 Time=Mon Jan 30 2012 19:24:28 GMT+0100 AccountId=29131007 Session=f7d52f6a-04f1-4e6b-84d2-f98f2e362448
debug ++ [int] eventPhase = 2
debug ++ [Boolean] bubbles = false
debug ++ [Boolean] cancelable = false
debug ++ [String] type = timer
debug +++ [int] repeatCount = 0
debug +++ [int] currentCount = 29
debug +++ [Boolean] running = true
debug +++ [int] delay = 120000
debug +++ [int] repeatCount = 0
debug +++ [int] currentCount = 29
debug +++ [Boolean] running = true
debug +++ [int] delay = 120000
debug time 19:24:29.176 :: After HeartBeat Count=30 Result=5
debug time 19:26:28.992 :: Before HeartBeat Count=31 Time=Mon Jan 30 2012 19:26:28 GMT+0100 AccountId=29131007 Session=f7d52f6a-04f1-4e6b-84d2-f98f2e362448
debug ++ [int] eventPhase = 2
debug ++ [Boolean] bubbles = false
debug ++ [Boolean] cancelable = false
debug ++ [String] type = timer
debug +++ [int] repeatCount = 0
debug +++ [int] currentCount = 30
debug +++ [Boolean] running = true
debug +++ [int] delay = 120000
debug +++ [int] repeatCount = 0
debug +++ [int] currentCount = 30
debug +++ [Boolean] running = true
debug +++ [int] delay = 120000
debug time 19:26:29.988 :: After HeartBeat Count=31 Result=5
debug time 19:28:29.17 :: Before HeartBeat Count=32 Time=Mon Jan 30 2012 19:28:29 GMT+0100 AccountId=29131007 Session=f7d52f6a-04f1-4e6b-84d2-f98f2e362448
debug ++ [int] eventPhase = 2
debug ++ [Boolean] bubbles = false
debug ++ [Boolean] cancelable = false
debug ++ [String] type = timer
debug +++ [int] repeatCount = 0
debug +++ [int] currentCount = 31
debug +++ [Boolean] running = true
debug +++ [int] delay = 120000
debug +++ [int] repeatCount = 0
debug +++ [int] currentCount = 31
debug +++ [Boolean] running = true
debug +++ [int] delay = 120000
debug time 19:28:29.993 :: After HeartBeat Count=32 Result=5
debug time 19:30:29.992 :: Before HeartBeat Count=33 Time=Mon Jan 30 2012 19:30:29 GMT+0100 AccountId=29131007 Session=f7d52f6a-04f1-4e6b-84d2-f98f2e362448
debug ++ [int] eventPhase = 2
debug ++ [Boolean] bubbles = false
debug ++ [Boolean] cancelable = false
debug ++ [String] type = timer
debug +++ [int] repeatCount = 0
debug +++ [int] currentCount = 32
debug +++ [Boolean] running = true
debug +++ [int] delay = 120000
debug +++ [int] repeatCount = 0
debug +++ [int] currentCount = 32
debug +++ [Boolean] running = true
debug +++ [int] delay = 120000
debug time 19:30:30.988 :: After HeartBeat Count=33 Result=5
debug time 19:32:30.11 :: Before HeartBeat Count=34 Time=Mon Jan 30 2012 19:32:30 GMT+0100 AccountId=29131007 Session=f7d52f6a-04f1-4e6b-84d2-f98f2e362448
debug ++ [int] eventPhase = 2
debug ++ [Boolean] bubbles = false
debug ++ [Boolean] cancelable = false
debug ++ [String] type = timer
debug +++ [int] repeatCount = 0
debug +++ [int] currentCount = 33
debug +++ [Boolean] running = true
debug +++ [int] delay = 120000
debug +++ [int] repeatCount = 0
debug +++ [int] currentCount = 33
debug +++ [Boolean] running = true
debug +++ [int] delay = 120000
debug time 19:32:30.988 :: After HeartBeat Count=34 Result=5
debug time 19:34:30.991 :: Before HeartBeat Count=35 Time=Mon Jan 30 2012 19:34:30 GMT+0100 AccountId=29131007 Session=f7d52f6a-04f1-4e6b-84d2-f98f2e362448
debug ++ [int] eventPhase = 2
debug ++ [Boolean] bubbles = false
debug ++ [Boolean] cancelable = false
debug ++ [String] type = timer
debug +++ [int] repeatCount = 0
debug +++ [int] currentCount = 34
debug +++ [Boolean] running = true
debug +++ [int] delay = 120000
debug +++ [int] repeatCount = 0
debug +++ [int] currentCount = 34
debug +++ [Boolean] running = true
debug +++ [int] delay = 120000
debug time 19:34:31.987 :: After HeartBeat Count=35 Result=5
debug time 19:36:31.14 :: Before HeartBeat Count=36 Time=Mon Jan 30 2012 19:36:31 GMT+0100 AccountId=29131007 Session=f7d52f6a-04f1-4e6b-84d2-f98f2e362448
debug ++ [int] eventPhase = 2
debug ++ [Boolean] bubbles = false
debug ++ [Boolean] cancelable = false
debug ++ [String] type = timer
debug +++ [int] repeatCount = 0
debug +++ [int] currentCount = 35
debug +++ [Boolean] running = true
debug +++ [int] delay = 120000
debug +++ [int] repeatCount = 0
debug +++ [int] currentCount = 35
debug +++ [Boolean] running = true
debug +++ [int] delay = 120000
debug time 19:36:31.987 :: After HeartBeat Count=36 Result=5
debug time 19:38:31.991 :: Before HeartBeat Count=37 Time=Mon Jan 30 2012 19:38:31 GMT+0100 AccountId=29131007 Session=f7d52f6a-04f1-4e6b-84d2-f98f2e362448
debug ++ [int] eventPhase = 2
debug ++ [Boolean] bubbles = false
debug ++ [Boolean] cancelable = false
debug ++ [String] type = timer
debug +++ [int] repeatCount = 0
debug +++ [int] currentCount = 36
debug +++ [Boolean] running = true
debug +++ [int] delay = 120000
debug +++ [int] repeatCount = 0
debug +++ [int] currentCount = 36
debug +++ [Boolean] running = true
debug +++ [int] delay = 120000
debug time 19:38:32.988 :: After HeartBeat Count=37 Result=5
debug time 19:40:32.17 :: Before HeartBeat Count=38 Time=Mon Jan 30 2012 19:40:32 GMT+0100 AccountId=29131007 Session=f7d52f6a-04f1-4e6b-84d2-f98f2e362448
debug ++ [int] eventPhase = 2
debug ++ [Boolean] bubbles = false
debug ++ [Boolean] cancelable = false
debug ++ [String] type = timer
debug +++ [int] repeatCount = 0
debug +++ [int] currentCount = 37
debug +++ [Boolean] running = true
debug +++ [int] delay = 120000
debug +++ [int] repeatCount = 0
debug +++ [int] currentCount = 37
debug +++ [Boolean] running = true
debug +++ [int] delay = 120000
debug time 19:40:32.988 :: After HeartBeat Count=38 Result=5
debug time 19:42:32.993 :: Before HeartBeat Count=39 Time=Mon Jan 30 2012 19:42:32 GMT+0100 AccountId=29131007 Session=f7d52f6a-04f1-4e6b-84d2-f98f2e362448
debug ++ [int] eventPhase = 2
debug ++ [Boolean] bubbles = false
debug ++ [Boolean] cancelable = false
debug ++ [String] type = timer
debug +++ [int] repeatCount = 0
debug +++ [int] currentCount = 38
debug +++ [Boolean] running = true
debug +++ [int] delay = 120000
debug +++ [int] repeatCount = 0
debug +++ [int] currentCount = 38
debug +++ [Boolean] running = true
debug +++ [int] delay = 120000
debug time 19:42:33.988 :: After HeartBeat Count=39 Result=5
debug time 19:44:33.992 :: Before HeartBeat Count=40 Time=Mon Jan 30 2012 19:44:33 GMT+0100 AccountId=29131007 Session=f7d52f6a-04f1-4e6b-84d2-f98f2e362448
debug ++ [int] eventPhase = 2
debug ++ [Boolean] bubbles = false
debug ++ [Boolean] cancelable = false
debug ++ [String] type = timer
debug +++ [int] repeatCount = 0
debug +++ [int] currentCount = 39
debug +++ [Boolean] running = true
debug +++ [int] delay = 120000
debug +++ [int] repeatCount = 0
debug +++ [int] currentCount = 39
debug +++ [Boolean] running = true
debug +++ [int] delay = 120000
debug time 19:44:34.988 :: After HeartBeat Count=40 Result=5
debug time 19:46:33.992 :: Before HeartBeat Count=41 Time=Mon Jan 30 2012 19:46:33 GMT+0100 AccountId=29131007 Session=f7d52f6a-04f1-4e6b-84d2-f98f2e362448
debug ++ [int] eventPhase = 2
debug ++ [Boolean] bubbles = false
debug ++ [Boolean] cancelable = false
debug ++ [String] type = timer
debug +++ [int] repeatCount = 0
debug +++ [int] currentCount = 40
debug +++ [Boolean] running = true
debug +++ [int] delay = 120000
debug +++ [int] repeatCount = 0
debug +++ [int] currentCount = 40
debug +++ [Boolean] running = true
debug +++ [int] delay = 120000
debug time 19:46:34.988 :: After HeartBeat Count=41 Result=5
debug time 19:48:33.992 :: Before HeartBeat Count=42 Time=Mon Jan 30 2012 19:48:33 GMT+0100 AccountId=29131007 Session=f7d52f6a-04f1-4e6b-84d2-f98f2e362448
debug ++ [int] eventPhase = 2
debug ++ [Boolean] bubbles = false
debug ++ [Boolean] cancelable = false
debug ++ [String] type = timer
debug +++ [int] repeatCount = 0
debug +++ [int] currentCount = 41
debug +++ [Boolean] running = true
debug +++ [int] delay = 120000
debug +++ [int] repeatCount = 0
debug +++ [int] currentCount = 41
debug +++ [Boolean] running = true
debug +++ [int] delay = 120000
debug time 19:48:34.988 :: After HeartBeat Count=42 Result=5
debug time 19:50:33.991 :: Before HeartBeat Count=43 Time=Mon Jan 30 2012 19:50:33 GMT+0100 AccountId=29131007 Session=f7d52f6a-04f1-4e6b-84d2-f98f2e362448
debug ++ [int] eventPhase = 2
debug ++ [Boolean] bubbles = false
debug ++ [Boolean] cancelable = false
debug ++ [String] type = timer
debug +++ [int] repeatCount = 0
debug +++ [int] currentCount = 42
debug +++ [Boolean] running = true
debug +++ [int] delay = 120000
debug +++ [int] repeatCount = 0
debug +++ [int] currentCount = 42
debug +++ [Boolean] running = true
debug +++ [int] delay = 120000
debug time 19:50:34.988 :: After HeartBeat Count=43 Result=5
debug time 19:52:33.991 :: Before HeartBeat Count=44 Time=Mon Jan 30 2012 19:52:33 GMT+0100 AccountId=29131007 Session=f7d52f6a-04f1-4e6b-84d2-f98f2e362448
debug ++ [int] eventPhase = 2
debug ++ [Boolean] bubbles = false
debug ++ [Boolean] cancelable = false
debug ++ [String] type = timer
debug +++ [int] repeatCount = 0
debug +++ [int] currentCount = 43
debug +++ [Boolean] running = true
debug +++ [int] delay = 120000
debug +++ [int] repeatCount = 0
debug +++ [int] currentCount = 43
debug +++ [Boolean] running = true
debug +++ [int] delay = 120000
debug time 19:52:34.987 :: After HeartBeat Count=44 Result=5
debug time 19:54:34.992 :: Before HeartBeat Count=45 Time=Mon Jan 30 2012 19:54:34 GMT+0100 AccountId=29131007 Session=f7d52f6a-04f1-4e6b-84d2-f98f2e362448
debug ++ [int] eventPhase = 2
debug ++ [Boolean] bubbles = false
debug ++ [Boolean] cancelable = false
debug ++ [String] type = timer
debug +++ [int] repeatCount = 0
debug +++ [int] currentCount = 44
debug +++ [Boolean] running = true
debug +++ [int] delay = 120000
debug +++ [int] repeatCount = 0
debug +++ [int] currentCount = 44
debug +++ [Boolean] running = true
debug +++ [int] delay = 120000
debug time 19:54:35.987 :: After HeartBeat Count=45 Result=5
debug time 19:56:35.992 :: Before HeartBeat Count=46 Time=Mon Jan 30 2012 19:56:35 GMT+0100 AccountId=29131007 Session=f7d52f6a-04f1-4e6b-84d2-f98f2e362448
debug ++ [int] eventPhase = 2
debug ++ [Boolean] bubbles = false
debug ++ [Boolean] cancelable = false
debug ++ [String] type = timer
debug +++ [int] repeatCount = 0
debug +++ [int] currentCount = 45
debug +++ [Boolean] running = true
debug +++ [int] delay = 120000
debug +++ [int] repeatCount = 0
debug +++ [int] currentCount = 45
debug +++ [Boolean] running = true
debug +++ [int] delay = 120000
debug time 19:56:36.988 :: After HeartBeat Count=46 Result=5
debug time 19:58:36.12 :: Before HeartBeat Count=47 Time=Mon Jan 30 2012 19:58:36 GMT+0100 AccountId=29131007 Session=f7d52f6a-04f1-4e6b-84d2-f98f2e362448
debug ++ [int] eventPhase = 2
debug ++ [Boolean] bubbles = false
debug ++ [Boolean] cancelable = false
debug ++ [String] type = timer
debug +++ [int] repeatCount = 0
debug +++ [int] currentCount = 46
debug +++ [Boolean] running = true
debug +++ [int] delay = 120000
debug +++ [int] repeatCount = 0
debug +++ [int] currentCount = 46
debug +++ [Boolean] running = true
debug +++ [int] delay = 120000
debug time 19:58:36.993 :: After HeartBeat Count=47 Result=5
debug time 20:00:36.992 :: Before HeartBeat Count=48 Time=Mon Jan 30 2012 20:00:36 GMT+0100 AccountId=29131007 Session=f7d52f6a-04f1-4e6b-84d2-f98f2e362448
debug ++ [int] eventPhase = 2
debug ++ [Boolean] bubbles = false
debug ++ [Boolean] cancelable = false
debug ++ [String] type = timer
debug +++ [int] repeatCount = 0
debug +++ [int] currentCount = 47
debug +++ [Boolean] running = true
debug +++ [int] delay = 120000
debug +++ [int] repeatCount = 0
debug +++ [int] currentCount = 47
debug +++ [Boolean] running = true
debug +++ [int] delay = 120000
debug time 20:00:37.988 :: After HeartBeat Count=48 Result=5
debug time 20:02:37.18 :: Before HeartBeat Count=49 Time=Mon Jan 30 2012 20:02:37 GMT+0100 AccountId=29131007 Session=f7d52f6a-04f1-4e6b-84d2-f98f2e362448
debug ++ [int] eventPhase = 2
debug ++ [Boolean] bubbles = false
debug ++ [Boolean] cancelable = false
debug ++ [String] type = timer
debug +++ [int] repeatCount = 0
debug +++ [int] currentCount = 48
debug +++ [Boolean] running = true
debug +++ [int] delay = 120000
debug +++ [int] repeatCount = 0
debug +++ [int] currentCount = 48
debug +++ [Boolean] running = true
debug +++ [int] delay = 120000
debug time 20:02:37.988 :: After HeartBeat Count=49 Result=5
debug time 20:04:37.992 :: Before HeartBeat Count=50 Time=Mon Jan 30 2012 20:04:37 GMT+0100 AccountId=29131007 Session=f7d52f6a-04f1-4e6b-84d2-f98f2e362448
debug ++ [int] eventPhase = 2
debug ++ [Boolean] bubbles = false
debug ++ [Boolean] cancelable = false
debug ++ [String] type = timer
debug +++ [int] repeatCount = 0
debug +++ [int] currentCount = 49
debug +++ [Boolean] running = true
debug +++ [int] delay = 120000
debug +++ [int] repeatCount = 0
debug +++ [int] currentCount = 49
debug +++ [Boolean] running = true
debug +++ [int] delay = 120000
debug time 20:04:38.988 :: After HeartBeat Count=50 Result=5
debug time 20:05:15.119 :: Performing heartbeat at Mon Jan 30 2012 20:05:15 GMT+0100
