debug time 15:24:49.392 :: Before HeartBeat Count=1 Time=Sat Oct 15 2011 15:24:49 GMT+0200 AccountId=28699575 Session=d71f5402-1b59-4ecd-ba29-0cdee7751960
STOP LOGGING: More than 0 nested objects or properties. 
debug time 15:24:50.24 :: After HeartBeat Count=1 Result=5
debug time 15:27:50.343 :: Before HeartBeat Count=2 Time=Sat Oct 15 2011 15:27:50 GMT+0200 AccountId=28699575 Session=d71f5402-1b59-4ecd-ba29-0cdee7751960
debug ++ [int] eventPhase = 2
debug ++ [Boolean] bubbles = false
debug ++ [Boolean] cancelable = false
debug ++ [String] type = timer
debug +++ [int] repeatCount = 0
debug +++ [int] currentCount = 1
debug +++ [Boolean] running = true
debug +++ [int] delay = 180000
debug +++ [int] repeatCount = 0
debug +++ [int] currentCount = 1
debug +++ [Boolean] running = true
debug +++ [int] delay = 180000
debug time 15:27:51.339 :: After HeartBeat Count=2 Result=5
debug time 15:30:50.344 :: Before HeartBeat Count=3 Time=Sat Oct 15 2011 15:30:50 GMT+0200 AccountId=28699575 Session=d71f5402-1b59-4ecd-ba29-0cdee7751960
debug ++ [int] eventPhase = 2
debug ++ [Boolean] bubbles = false
debug ++ [Boolean] cancelable = false
debug ++ [String] type = timer
debug +++ [int] repeatCount = 0
debug +++ [int] currentCount = 2
debug +++ [Boolean] running = true
debug +++ [int] delay = 180000
debug +++ [int] repeatCount = 0
debug +++ [int] currentCount = 2
debug +++ [Boolean] running = true
debug +++ [int] delay = 180000
debug time 15:30:51.341 :: After HeartBeat Count=3 Result=5
debug time 15:33:50.346 :: Before HeartBeat Count=4 Time=Sat Oct 15 2011 15:33:50 GMT+0200 AccountId=28699575 Session=d71f5402-1b59-4ecd-ba29-0cdee7751960
debug ++ [int] eventPhase = 2
debug ++ [Boolean] bubbles = false
debug ++ [Boolean] cancelable = false
debug ++ [String] type = timer
debug +++ [int] repeatCount = 0
debug +++ [int] currentCount = 3
debug +++ [Boolean] running = true
debug +++ [int] delay = 180000
debug +++ [int] repeatCount = 0
debug +++ [int] currentCount = 3
debug +++ [Boolean] running = true
debug +++ [int] delay = 180000
debug time 15:33:51.344 :: After HeartBeat Count=4 Result=5
debug time 15:36:50.348 :: Before HeartBeat Count=5 Time=Sat Oct 15 2011 15:36:50 GMT+0200 AccountId=28699575 Session=d71f5402-1b59-4ecd-ba29-0cdee7751960
debug ++ [int] eventPhase = 2
debug ++ [Boolean] bubbles = false
debug ++ [Boolean] cancelable = false
debug ++ [String] type = timer
debug +++ [int] repeatCount = 0
debug +++ [int] currentCount = 4
debug +++ [Boolean] running = true
debug +++ [int] delay = 180000
debug +++ [int] repeatCount = 0
debug +++ [int] currentCount = 4
debug +++ [Boolean] running = true
debug +++ [int] delay = 180000
debug time 15:36:51.345 :: After HeartBeat Count=5 Result=5
debug time 15:39:50.349 :: Before HeartBeat Count=6 Time=Sat Oct 15 2011 15:39:50 GMT+0200 AccountId=28699575 Session=d71f5402-1b59-4ecd-ba29-0cdee7751960
debug ++ [int] eventPhase = 2
debug ++ [Boolean] bubbles = false
debug ++ [Boolean] cancelable = false
debug ++ [String] type = timer
debug +++ [int] repeatCount = 0
debug +++ [int] currentCount = 5
debug +++ [Boolean] running = true
debug +++ [int] delay = 180000
debug +++ [int] repeatCount = 0
debug +++ [int] currentCount = 5
debug +++ [Boolean] running = true
debug +++ [int] delay = 180000
debug time 15:39:51.346 :: After HeartBeat Count=6 Result=5
debug time 15:42:50.351 :: Before HeartBeat Count=7 Time=Sat Oct 15 2011 15:42:50 GMT+0200 AccountId=28699575 Session=d71f5402-1b59-4ecd-ba29-0cdee7751960
debug ++ [int] eventPhase = 2
debug ++ [Boolean] bubbles = false
debug ++ [Boolean] cancelable = false
debug ++ [String] type = timer
debug +++ [int] repeatCount = 0
debug +++ [int] currentCount = 6
debug +++ [Boolean] running = true
debug +++ [int] delay = 180000
debug +++ [int] repeatCount = 0
debug +++ [int] currentCount = 6
debug +++ [Boolean] running = true
debug +++ [int] delay = 180000
debug time 15:42:51.347 :: After HeartBeat Count=7 Result=5
debug time 15:45:50.368 :: Before HeartBeat Count=8 Time=Sat Oct 15 2011 15:45:50 GMT+0200 AccountId=28699575 Session=d71f5402-1b59-4ecd-ba29-0cdee7751960
debug ++ [int] eventPhase = 2
debug ++ [Boolean] bubbles = false
debug ++ [Boolean] cancelable = false
debug ++ [String] type = timer
debug +++ [int] repeatCount = 0
debug +++ [int] currentCount = 7
debug +++ [Boolean] running = true
debug +++ [int] delay = 180000
debug +++ [int] repeatCount = 0
debug +++ [int] currentCount = 7
debug +++ [Boolean] running = true
debug +++ [int] delay = 180000
debug time 15:45:51.355 :: After HeartBeat Count=8 Result=5
debug time 15:48:51.355 :: Before HeartBeat Count=9 Time=Sat Oct 15 2011 15:48:51 GMT+0200 AccountId=28699575 Session=d71f5402-1b59-4ecd-ba29-0cdee7751960
debug ++ [int] eventPhase = 2
debug ++ [Boolean] bubbles = false
debug ++ [Boolean] cancelable = false
debug ++ [String] type = timer
debug +++ [int] repeatCount = 0
debug +++ [int] currentCount = 8
debug +++ [Boolean] running = true
debug +++ [int] delay = 180000
debug +++ [int] repeatCount = 0
debug +++ [int] currentCount = 8
debug +++ [Boolean] running = true
debug +++ [int] delay = 180000
debug time 15:48:52.351 :: After HeartBeat Count=9 Result=5
debug time 15:51:52.356 :: Before HeartBeat Count=10 Time=Sat Oct 15 2011 15:51:52 GMT+0200 AccountId=28699575 Session=d71f5402-1b59-4ecd-ba29-0cdee7751960
debug ++ [int] eventPhase = 2
debug ++ [Boolean] bubbles = false
debug ++ [Boolean] cancelable = false
debug ++ [String] type = timer
debug +++ [int] repeatCount = 0
debug +++ [int] currentCount = 9
debug +++ [Boolean] running = true
debug +++ [int] delay = 180000
debug +++ [int] repeatCount = 0
debug +++ [int] currentCount = 9
debug +++ [Boolean] running = true
debug +++ [int] delay = 180000
debug time 15:51:53.353 :: After HeartBeat Count=10 Result=5
debug time 15:52:48.404 :: Performing heartbeat at Sat Oct 15 2011 15:52:48 GMT+0200
debug time 15:54:52.386 :: Before HeartBeat Count=11 Time=Sat Oct 15 2011 15:54:52 GMT+0200 AccountId=28699575 Session=d71f5402-1b59-4ecd-ba29-0cdee7751960
debug ++ [int] eventPhase = 2
debug ++ [Boolean] bubbles = false
debug ++ [Boolean] cancelable = false
debug ++ [String] type = timer
debug +++ [int] repeatCount = 0
debug +++ [int] currentCount = 10
debug +++ [Boolean] running = true
debug +++ [int] delay = 180000
debug +++ [int] repeatCount = 0
debug +++ [int] currentCount = 10
debug +++ [Boolean] running = true
debug +++ [int] delay = 180000
debug time 15:54:52.565 :: After HeartBeat Count=11 Result=5
debug time 15:57:52.427 :: Before HeartBeat Count=12 Time=Sat Oct 15 2011 15:57:52 GMT+0200 AccountId=28699575 Session=d71f5402-1b59-4ecd-ba29-0cdee7751960
debug ++ [int] eventPhase = 2
debug ++ [Boolean] bubbles = false
debug ++ [Boolean] cancelable = false
debug ++ [String] type = timer
debug +++ [int] repeatCount = 0
debug +++ [int] currentCount = 11
debug +++ [Boolean] running = true
debug +++ [int] delay = 180000
debug +++ [int] repeatCount = 0
debug +++ [int] currentCount = 11
debug +++ [Boolean] running = true
debug +++ [int] delay = 180000
debug time 15:57:52.613 :: After HeartBeat Count=12 Result=5
debug time 16:00:53.36 :: Before HeartBeat Count=13 Time=Sat Oct 15 2011 16:00:53 GMT+0200 AccountId=28699575 Session=d71f5402-1b59-4ecd-ba29-0cdee7751960
debug ++ [int] eventPhase = 2
debug ++ [Boolean] bubbles = false
debug ++ [Boolean] cancelable = false
debug ++ [String] type = timer
debug +++ [int] repeatCount = 0
debug +++ [int] currentCount = 12
debug +++ [Boolean] running = true
debug +++ [int] delay = 180000
debug +++ [int] repeatCount = 0
debug +++ [int] currentCount = 12
debug +++ [Boolean] running = true
debug +++ [int] delay = 180000
debug time 16:00:53.219 :: After HeartBeat Count=13 Result=5
debug time 16:03:53.37 :: Before HeartBeat Count=14 Time=Sat Oct 15 2011 16:03:53 GMT+0200 AccountId=28699575 Session=d71f5402-1b59-4ecd-ba29-0cdee7751960
debug ++ [int] eventPhase = 2
debug ++ [Boolean] bubbles = false
debug ++ [Boolean] cancelable = false
debug ++ [String] type = timer
debug +++ [int] repeatCount = 0
debug +++ [int] currentCount = 13
debug +++ [Boolean] running = true
debug +++ [int] delay = 180000
debug +++ [int] repeatCount = 0
debug +++ [int] currentCount = 13
debug +++ [Boolean] running = true
debug +++ [int] delay = 180000
debug time 16:03:53.222 :: After HeartBeat Count=14 Result=5
debug time 16:06:53.39 :: Before HeartBeat Count=15 Time=Sat Oct 15 2011 16:06:53 GMT+0200 AccountId=28699575 Session=d71f5402-1b59-4ecd-ba29-0cdee7751960
debug ++ [int] eventPhase = 2
debug ++ [Boolean] bubbles = false
debug ++ [Boolean] cancelable = false
debug ++ [String] type = timer
debug +++ [int] repeatCount = 0
debug +++ [int] currentCount = 14
debug +++ [Boolean] running = true
debug +++ [int] delay = 180000
debug +++ [int] repeatCount = 0
debug +++ [int] currentCount = 14
debug +++ [Boolean] running = true
debug +++ [int] delay = 180000
debug time 16:06:53.233 :: After HeartBeat Count=15 Result=5
debug time 16:09:53.67 :: Before HeartBeat Count=16 Time=Sat Oct 15 2011 16:09:53 GMT+0200 AccountId=28699575 Session=d71f5402-1b59-4ecd-ba29-0cdee7751960
debug ++ [int] eventPhase = 2
debug ++ [Boolean] bubbles = false
debug ++ [Boolean] cancelable = false
debug ++ [String] type = timer
debug +++ [int] repeatCount = 0
debug +++ [int] currentCount = 15
debug +++ [Boolean] running = true
debug +++ [int] delay = 180000
debug +++ [int] repeatCount = 0
debug +++ [int] currentCount = 15
debug +++ [Boolean] running = true
debug +++ [int] delay = 180000
debug time 16:09:53.271 :: After HeartBeat Count=16 Result=5
debug time 16:12:53.72 :: Before HeartBeat Count=17 Time=Sat Oct 15 2011 16:12:53 GMT+0200 AccountId=28699575 Session=d71f5402-1b59-4ecd-ba29-0cdee7751960
debug ++ [int] eventPhase = 2
debug ++ [Boolean] bubbles = false
debug ++ [Boolean] cancelable = false
debug ++ [String] type = timer
debug +++ [int] repeatCount = 0
debug +++ [int] currentCount = 16
debug +++ [Boolean] running = true
debug +++ [int] delay = 180000
debug +++ [int] repeatCount = 0
debug +++ [int] currentCount = 16
debug +++ [Boolean] running = true
debug +++ [int] delay = 180000
debug time 16:12:53.272 :: After HeartBeat Count=17 Result=5
debug time 16:15:54.43 :: Before HeartBeat Count=18 Time=Sat Oct 15 2011 16:15:54 GMT+0200 AccountId=28699575 Session=d71f5402-1b59-4ecd-ba29-0cdee7751960
debug ++ [int] eventPhase = 2
debug ++ [Boolean] bubbles = false
debug ++ [Boolean] cancelable = false
debug ++ [String] type = timer
debug +++ [int] repeatCount = 0
debug +++ [int] currentCount = 17
debug +++ [Boolean] running = true
debug +++ [int] delay = 180000
debug +++ [int] repeatCount = 0
debug +++ [int] currentCount = 17
debug +++ [Boolean] running = true
debug +++ [int] delay = 180000
debug time 16:15:54.259 :: After HeartBeat Count=18 Result=5
debug time 16:18:54.45 :: Before HeartBeat Count=19 Time=Sat Oct 15 2011 16:18:54 GMT+0200 AccountId=28699575 Session=d71f5402-1b59-4ecd-ba29-0cdee7751960
debug ++ [int] eventPhase = 2
debug ++ [Boolean] bubbles = false
debug ++ [Boolean] cancelable = false
debug ++ [String] type = timer
debug +++ [int] repeatCount = 0
debug +++ [int] currentCount = 18
debug +++ [Boolean] running = true
debug +++ [int] delay = 180000
debug +++ [int] repeatCount = 0
debug +++ [int] currentCount = 18
debug +++ [Boolean] running = true
debug +++ [int] delay = 180000
debug time 16:18:54.228 :: After HeartBeat Count=19 Result=5
debug time 16:21:54.47 :: Before HeartBeat Count=20 Time=Sat Oct 15 2011 16:21:54 GMT+0200 AccountId=28699575 Session=d71f5402-1b59-4ecd-ba29-0cdee7751960
debug ++ [int] eventPhase = 2
debug ++ [Boolean] bubbles = false
debug ++ [Boolean] cancelable = false
debug ++ [String] type = timer
debug +++ [int] repeatCount = 0
debug +++ [int] currentCount = 19
debug +++ [Boolean] running = true
debug +++ [int] delay = 180000
debug +++ [int] repeatCount = 0
debug +++ [int] currentCount = 19
debug +++ [Boolean] running = true
debug +++ [int] delay = 180000
debug time 16:21:54.231 :: After HeartBeat Count=20 Result=5
debug time 16:24:27.805 :: Performing heartbeat at Sat Oct 15 2011 16:24:27 GMT+0200
debug time 16:24:54.65 :: Before HeartBeat Count=21 Time=Sat Oct 15 2011 16:24:54 GMT+0200 AccountId=28699575 Session=d71f5402-1b59-4ecd-ba29-0cdee7751960
debug ++ [int] eventPhase = 2
debug ++ [Boolean] bubbles = false
debug ++ [Boolean] cancelable = false
debug ++ [String] type = timer
debug +++ [int] repeatCount = 0
debug +++ [int] currentCount = 20
debug +++ [Boolean] running = true
debug +++ [int] delay = 180000
debug +++ [int] repeatCount = 0
debug +++ [int] currentCount = 20
debug +++ [Boolean] running = true
debug +++ [int] delay = 180000
debug time 16:24:54.295 :: After HeartBeat Count=21 Result=5
debug time 16:27:54.551 :: Before HeartBeat Count=22 Time=Sat Oct 15 2011 16:27:54 GMT+0200 AccountId=28699575 Session=d71f5402-1b59-4ecd-ba29-0cdee7751960
debug ++ [int] eventPhase = 2
debug ++ [Boolean] bubbles = false
debug ++ [Boolean] cancelable = false
debug ++ [String] type = timer
debug +++ [int] repeatCount = 0
debug +++ [int] currentCount = 21
debug +++ [Boolean] running = true
debug +++ [int] delay = 180000
debug +++ [int] repeatCount = 0
debug +++ [int] currentCount = 21
debug +++ [Boolean] running = true
debug +++ [int] delay = 180000
debug time 16:27:54.734 :: After HeartBeat Count=22 Result=5
debug time 16:30:54.583 :: Before HeartBeat Count=23 Time=Sat Oct 15 2011 16:30:54 GMT+0200 AccountId=28699575 Session=d71f5402-1b59-4ecd-ba29-0cdee7751960
debug ++ [int] eventPhase = 2
debug ++ [Boolean] bubbles = false
debug ++ [Boolean] cancelable = false
debug ++ [String] type = timer
debug +++ [int] repeatCount = 0
debug +++ [int] currentCount = 22
debug +++ [Boolean] running = true
debug +++ [int] delay = 180000
debug +++ [int] repeatCount = 0
debug +++ [int] currentCount = 22
debug +++ [Boolean] running = true
debug +++ [int] delay = 180000
debug time 16:30:54.802 :: After HeartBeat Count=23 Result=5
debug time 16:33:55.576 :: Before HeartBeat Count=24 Time=Sat Oct 15 2011 16:33:55 GMT+0200 AccountId=28699575 Session=d71f5402-1b59-4ecd-ba29-0cdee7751960
debug ++ [int] eventPhase = 2
debug ++ [Boolean] bubbles = false
debug ++ [Boolean] cancelable = false
debug ++ [String] type = timer
debug +++ [int] repeatCount = 0
debug +++ [int] currentCount = 23
debug +++ [Boolean] running = true
debug +++ [int] delay = 180000
debug +++ [int] repeatCount = 0
debug +++ [int] currentCount = 23
debug +++ [Boolean] running = true
debug +++ [int] delay = 180000
debug time 16:33:55.759 :: After HeartBeat Count=24 Result=5
debug time 16:36:56.555 :: Before HeartBeat Count=25 Time=Sat Oct 15 2011 16:36:56 GMT+0200 AccountId=28699575 Session=d71f5402-1b59-4ecd-ba29-0cdee7751960
debug ++ [int] eventPhase = 2
debug ++ [Boolean] bubbles = false
debug ++ [Boolean] cancelable = false
debug ++ [String] type = timer
debug +++ [int] repeatCount = 0
debug +++ [int] currentCount = 24
debug +++ [Boolean] running = true
debug +++ [int] delay = 180000
debug +++ [int] repeatCount = 0
debug +++ [int] currentCount = 24
debug +++ [Boolean] running = true
debug +++ [int] delay = 180000
debug time 16:36:56.741 :: After HeartBeat Count=25 Result=5
debug time 16:39:56.558 :: Before HeartBeat Count=26 Time=Sat Oct 15 2011 16:39:56 GMT+0200 AccountId=28699575 Session=d71f5402-1b59-4ecd-ba29-0cdee7751960
debug ++ [int] eventPhase = 2
debug ++ [Boolean] bubbles = false
debug ++ [Boolean] cancelable = false
debug ++ [String] type = timer
debug +++ [int] repeatCount = 0
debug +++ [int] currentCount = 25
debug +++ [Boolean] running = true
debug +++ [int] delay = 180000
debug +++ [int] repeatCount = 0
debug +++ [int] currentCount = 25
debug +++ [Boolean] running = true
debug +++ [int] delay = 180000
debug time 16:39:56.741 :: After HeartBeat Count=26 Result=5
debug time 16:42:56.563 :: Before HeartBeat Count=27 Time=Sat Oct 15 2011 16:42:56 GMT+0200 AccountId=28699575 Session=d71f5402-1b59-4ecd-ba29-0cdee7751960
debug ++ [int] eventPhase = 2
debug ++ [Boolean] bubbles = false
debug ++ [Boolean] cancelable = false
debug ++ [String] type = timer
debug +++ [int] repeatCount = 0
debug +++ [int] currentCount = 26
debug +++ [Boolean] running = true
debug +++ [int] delay = 180000
debug +++ [int] repeatCount = 0
debug +++ [int] currentCount = 26
debug +++ [Boolean] running = true
debug +++ [int] delay = 180000
debug time 16:42:56.747 :: After HeartBeat Count=27 Result=5
debug time 16:45:57.586 :: Before HeartBeat Count=28 Time=Sat Oct 15 2011 16:45:57 GMT+0200 AccountId=28699575 Session=d71f5402-1b59-4ecd-ba29-0cdee7751960
debug ++ [int] eventPhase = 2
debug ++ [Boolean] bubbles = false
debug ++ [Boolean] cancelable = false
debug ++ [String] type = timer
debug +++ [int] repeatCount = 0
debug +++ [int] currentCount = 27
debug +++ [Boolean] running = true
debug +++ [int] delay = 180000
debug +++ [int] repeatCount = 0
debug +++ [int] currentCount = 27
debug +++ [Boolean] running = true
debug +++ [int] delay = 180000
debug time 16:45:57.770 :: After HeartBeat Count=28 Result=5
debug time 16:48:58.563 :: Before HeartBeat Count=29 Time=Sat Oct 15 2011 16:48:58 GMT+0200 AccountId=28699575 Session=d71f5402-1b59-4ecd-ba29-0cdee7751960
debug ++ [int] eventPhase = 2
debug ++ [Boolean] bubbles = false
debug ++ [Boolean] cancelable = false
debug ++ [String] type = timer
debug +++ [int] repeatCount = 0
debug +++ [int] currentCount = 28
debug +++ [Boolean] running = true
debug +++ [int] delay = 180000
debug +++ [int] repeatCount = 0
debug +++ [int] currentCount = 28
debug +++ [Boolean] running = true
debug +++ [int] delay = 180000
debug time 16:48:58.746 :: After HeartBeat Count=29 Result=5
debug time 16:51:58.568 :: Before HeartBeat Count=30 Time=Sat Oct 15 2011 16:51:58 GMT+0200 AccountId=28699575 Session=d71f5402-1b59-4ecd-ba29-0cdee7751960
debug ++ [int] eventPhase = 2
debug ++ [Boolean] bubbles = false
debug ++ [Boolean] cancelable = false
debug ++ [String] type = timer
debug +++ [int] repeatCount = 0
debug +++ [int] currentCount = 29
debug +++ [Boolean] running = true
debug +++ [int] delay = 180000
debug +++ [int] repeatCount = 0
debug +++ [int] currentCount = 29
debug +++ [Boolean] running = true
debug +++ [int] delay = 180000
debug time 16:51:58.754 :: After HeartBeat Count=30 Result=5
debug time 16:54:58.590 :: Before HeartBeat Count=31 Time=Sat Oct 15 2011 16:54:58 GMT+0200 AccountId=28699575 Session=d71f5402-1b59-4ecd-ba29-0cdee7751960
debug ++ [int] eventPhase = 2
debug ++ [Boolean] bubbles = false
debug ++ [Boolean] cancelable = false
debug ++ [String] type = timer
debug +++ [int] repeatCount = 0
debug +++ [int] currentCount = 30
debug +++ [Boolean] running = true
debug +++ [int] delay = 180000
debug +++ [int] repeatCount = 0
debug +++ [int] currentCount = 30
debug +++ [Boolean] running = true
debug +++ [int] delay = 180000
debug time 16:54:58.773 :: After HeartBeat Count=31 Result=5
debug time 16:57:53.481 :: Performing heartbeat at Sat Oct 15 2011 16:57:53 GMT+0200
debug time 16:57:58.629 :: Before HeartBeat Count=32 Time=Sat Oct 15 2011 16:57:58 GMT+0200 AccountId=28699575 Session=d71f5402-1b59-4ecd-ba29-0cdee7751960
debug ++ [int] eventPhase = 2
debug ++ [Boolean] bubbles = false
debug ++ [Boolean] cancelable = false
debug ++ [String] type = timer
debug +++ [int] repeatCount = 0
debug +++ [int] currentCount = 31
debug +++ [Boolean] running = true
debug +++ [int] delay = 180000
debug +++ [int] repeatCount = 0
debug +++ [int] currentCount = 31
debug +++ [Boolean] running = true
debug +++ [int] delay = 180000
debug time 16:57:58.819 :: After HeartBeat Count=32 Result=5
debug time 17:00:58.973 :: Before HeartBeat Count=33 Time=Sat Oct 15 2011 17:00:58 GMT+0200 AccountId=28699575 Session=d71f5402-1b59-4ecd-ba29-0cdee7751960
debug ++ [int] eventPhase = 2
debug ++ [Boolean] bubbles = false
debug ++ [Boolean] cancelable = false
debug ++ [String] type = timer
debug +++ [int] repeatCount = 0
debug +++ [int] currentCount = 32
debug +++ [Boolean] running = true
debug +++ [int] delay = 180000
debug +++ [int] repeatCount = 0
debug +++ [int] currentCount = 32
debug +++ [Boolean] running = true
debug +++ [int] delay = 180000
debug time 17:00:59.157 :: After HeartBeat Count=33 Result=5
debug time 17:03:59.14 :: Before HeartBeat Count=34 Time=Sat Oct 15 2011 17:03:59 GMT+0200 AccountId=28699575 Session=d71f5402-1b59-4ecd-ba29-0cdee7751960
debug ++ [int] eventPhase = 2
debug ++ [Boolean] bubbles = false
debug ++ [Boolean] cancelable = false
debug ++ [String] type = timer
debug +++ [int] repeatCount = 0
debug +++ [int] currentCount = 33
debug +++ [Boolean] running = true
debug +++ [int] delay = 180000
debug +++ [int] repeatCount = 0
debug +++ [int] currentCount = 33
debug +++ [Boolean] running = true
debug +++ [int] delay = 180000
debug time 17:03:59.190 :: After HeartBeat Count=34 Result=5
debug time 17:07:00.19 :: Before HeartBeat Count=35 Time=Sat Oct 15 2011 17:07:00 GMT+0200 AccountId=28699575 Session=d71f5402-1b59-4ecd-ba29-0cdee7751960
debug ++ [int] eventPhase = 2
debug ++ [Boolean] bubbles = false
debug ++ [Boolean] cancelable = false
debug ++ [String] type = timer
debug +++ [int] repeatCount = 0
debug +++ [int] currentCount = 34
debug +++ [Boolean] running = true
debug +++ [int] delay = 180000
debug +++ [int] repeatCount = 0
debug +++ [int] currentCount = 34
debug +++ [Boolean] running = true
debug +++ [int] delay = 180000
debug time 17:07:00.201 :: After HeartBeat Count=35 Result=5
debug time 17:10:01.16 :: Before HeartBeat Count=36 Time=Sat Oct 15 2011 17:10:01 GMT+0200 AccountId=28699575 Session=d71f5402-1b59-4ecd-ba29-0cdee7751960
debug ++ [int] eventPhase = 2
debug ++ [Boolean] bubbles = false
debug ++ [Boolean] cancelable = false
debug ++ [String] type = timer
debug +++ [int] repeatCount = 0
debug +++ [int] currentCount = 35
debug +++ [Boolean] running = true
debug +++ [int] delay = 180000
debug +++ [int] repeatCount = 0
debug +++ [int] currentCount = 35
debug +++ [Boolean] running = true
debug +++ [int] delay = 180000
debug time 17:10:01.200 :: After HeartBeat Count=36 Result=5
debug time 17:13:01.24 :: Before HeartBeat Count=37 Time=Sat Oct 15 2011 17:13:01 GMT+0200 AccountId=28699575 Session=d71f5402-1b59-4ecd-ba29-0cdee7751960
debug ++ [int] eventPhase = 2
debug ++ [Boolean] bubbles = false
debug ++ [Boolean] cancelable = false
debug ++ [String] type = timer
debug +++ [int] repeatCount = 0
debug +++ [int] currentCount = 36
debug +++ [Boolean] running = true
debug +++ [int] delay = 180000
debug +++ [int] repeatCount = 0
debug +++ [int] currentCount = 36
debug +++ [Boolean] running = true
debug +++ [int] delay = 180000
debug time 17:13:01.209 :: After HeartBeat Count=37 Result=5
debug time 17:16:02.22 :: Before HeartBeat Count=38 Time=Sat Oct 15 2011 17:16:02 GMT+0200 AccountId=28699575 Session=d71f5402-1b59-4ecd-ba29-0cdee7751960
debug ++ [int] eventPhase = 2
debug ++ [Boolean] bubbles = false
debug ++ [Boolean] cancelable = false
debug ++ [String] type = timer
debug +++ [int] repeatCount = 0
debug +++ [int] currentCount = 37
debug +++ [Boolean] running = true
debug +++ [int] delay = 180000
debug +++ [int] repeatCount = 0
debug +++ [int] currentCount = 37
debug +++ [Boolean] running = true
debug +++ [int] delay = 180000
debug time 17:16:02.205 :: After HeartBeat Count=38 Result=5
debug time 17:19:03.22 :: Before HeartBeat Count=39 Time=Sat Oct 15 2011 17:19:03 GMT+0200 AccountId=28699575 Session=d71f5402-1b59-4ecd-ba29-0cdee7751960
debug ++ [int] eventPhase = 2
debug ++ [Boolean] bubbles = false
debug ++ [Boolean] cancelable = false
debug ++ [String] type = timer
debug +++ [int] repeatCount = 0
debug +++ [int] currentCount = 38
debug +++ [Boolean] running = true
debug +++ [int] delay = 180000
debug +++ [int] repeatCount = 0
debug +++ [int] currentCount = 38
debug +++ [Boolean] running = true
debug +++ [int] delay = 180000
debug time 17:19:03.206 :: After HeartBeat Count=39 Result=5
debug time 17:22:03.24 :: Before HeartBeat Count=40 Time=Sat Oct 15 2011 17:22:03 GMT+0200 AccountId=28699575 Session=d71f5402-1b59-4ecd-ba29-0cdee7751960
debug ++ [int] eventPhase = 2
debug ++ [Boolean] bubbles = false
debug ++ [Boolean] cancelable = false
debug ++ [String] type = timer
debug +++ [int] repeatCount = 0
debug +++ [int] currentCount = 39
debug +++ [Boolean] running = true
debug +++ [int] delay = 180000
debug +++ [int] repeatCount = 0
debug +++ [int] currentCount = 39
debug +++ [Boolean] running = true
debug +++ [int] delay = 180000
debug time 17:22:03.206 :: After HeartBeat Count=40 Result=5
debug time 17:25:03.51 :: Before HeartBeat Count=41 Time=Sat Oct 15 2011 17:25:03 GMT+0200 AccountId=28699575 Session=d71f5402-1b59-4ecd-ba29-0cdee7751960
debug ++ [int] eventPhase = 2
debug ++ [Boolean] bubbles = false
debug ++ [Boolean] cancelable = false
debug ++ [String] type = timer
debug +++ [int] repeatCount = 0
debug +++ [int] currentCount = 40
debug +++ [Boolean] running = true
debug +++ [int] delay = 180000
debug +++ [int] repeatCount = 0
debug +++ [int] currentCount = 40
debug +++ [Boolean] running = true
debug +++ [int] delay = 180000
debug time 17:25:03.264 :: After HeartBeat Count=41 Result=5
debug time 17:28:04.27 :: Before HeartBeat Count=42 Time=Sat Oct 15 2011 17:28:04 GMT+0200 AccountId=28699575 Session=d71f5402-1b59-4ecd-ba29-0cdee7751960
debug ++ [int] eventPhase = 2
debug ++ [Boolean] bubbles = false
debug ++ [Boolean] cancelable = false
debug ++ [String] type = timer
debug +++ [int] repeatCount = 0
debug +++ [int] currentCount = 41
debug +++ [Boolean] running = true
debug +++ [int] delay = 180000
debug +++ [int] repeatCount = 0
debug +++ [int] currentCount = 41
debug +++ [Boolean] running = true
debug +++ [int] delay = 180000
debug time 17:28:04.210 :: After HeartBeat Count=42 Result=5
debug time 17:31:04.61 :: Before HeartBeat Count=43 Time=Sat Oct 15 2011 17:31:04 GMT+0200 AccountId=28699575 Session=d71f5402-1b59-4ecd-ba29-0cdee7751960
debug ++ [int] eventPhase = 2
debug ++ [Boolean] bubbles = false
debug ++ [Boolean] cancelable = false
debug ++ [String] type = timer
debug +++ [int] repeatCount = 0
debug +++ [int] currentCount = 42
debug +++ [Boolean] running = true
debug +++ [int] delay = 180000
debug +++ [int] repeatCount = 0
debug +++ [int] currentCount = 42
debug +++ [Boolean] running = true
debug +++ [int] delay = 180000
debug time 17:31:04.274 :: After HeartBeat Count=43 Result=5
debug time 17:34:05.30 :: Before HeartBeat Count=44 Time=Sat Oct 15 2011 17:34:05 GMT+0200 AccountId=28699575 Session=d71f5402-1b59-4ecd-ba29-0cdee7751960
debug ++ [int] eventPhase = 2
debug ++ [Boolean] bubbles = false
debug ++ [Boolean] cancelable = false
debug ++ [String] type = timer
debug +++ [int] repeatCount = 0
debug +++ [int] currentCount = 43
debug +++ [Boolean] running = true
debug +++ [int] delay = 180000
debug +++ [int] repeatCount = 0
debug +++ [int] currentCount = 43
debug +++ [Boolean] running = true
debug +++ [int] delay = 180000
debug time 17:34:05.213 :: After HeartBeat Count=44 Result=5
debug time 17:37:05.57 :: Before HeartBeat Count=45 Time=Sat Oct 15 2011 17:37:05 GMT+0200 AccountId=28699575 Session=d71f5402-1b59-4ecd-ba29-0cdee7751960
debug ++ [int] eventPhase = 2
debug ++ [Boolean] bubbles = false
debug ++ [Boolean] cancelable = false
debug ++ [String] type = timer
debug +++ [int] repeatCount = 0
debug +++ [int] currentCount = 44
debug +++ [Boolean] running = true
debug +++ [int] delay = 180000
debug +++ [int] repeatCount = 0
debug +++ [int] currentCount = 44
debug +++ [Boolean] running = true
debug +++ [int] delay = 180000
debug time 17:37:05.270 :: After HeartBeat Count=45 Result=5
debug time 17:37:36.843 :: Performing heartbeat at Sat Oct 15 2011 17:37:36 GMT+0200
