debug time 17:37:33.344 :: Before HeartBeat Count=1 Time=Fri Feb 24 2012 17:37:33 GMT+0100 AccountId=29131007 Session=5dcd79d4-280b-4fe9-976c-3372ed886efd
STOP LOGGING: More than 0 nested objects or properties. 
debug time 17:37:33.798 :: After HeartBeat Count=1 Result=5
debug time 17:39:34.271 :: Before HeartBeat Count=2 Time=Fri Feb 24 2012 17:39:34 GMT+0100 AccountId=29131007 Session=5dcd79d4-280b-4fe9-976c-3372ed886efd
debug ++ [int] eventPhase = 2
debug ++ [Boolean] bubbles = false
debug ++ [Boolean] cancelable = false
debug ++ [String] type = timer
debug +++ [int] repeatCount = 0
debug +++ [int] currentCount = 1
debug +++ [Boolean] running = true
debug +++ [int] delay = 120000
debug +++ [int] repeatCount = 0
debug +++ [int] currentCount = 1
debug +++ [Boolean] running = true
debug +++ [int] delay = 120000
debug time 17:39:35.269 :: After HeartBeat Count=2 Result=5
debug time 17:41:34.272 :: Before HeartBeat Count=3 Time=Fri Feb 24 2012 17:41:34 GMT+0100 AccountId=29131007 Session=5dcd79d4-280b-4fe9-976c-3372ed886efd
debug ++ [int] eventPhase = 2
debug ++ [Boolean] bubbles = false
debug ++ [Boolean] cancelable = false
debug ++ [String] type = timer
debug +++ [int] repeatCount = 0
debug +++ [int] currentCount = 2
debug +++ [Boolean] running = true
debug +++ [int] delay = 120000
debug +++ [int] repeatCount = 0
debug +++ [int] currentCount = 2
debug +++ [Boolean] running = true
debug +++ [int] delay = 120000
debug time 17:41:35.269 :: After HeartBeat Count=3 Result=5
debug time 17:43:34.274 :: Before HeartBeat Count=4 Time=Fri Feb 24 2012 17:43:34 GMT+0100 AccountId=29131007 Session=5dcd79d4-280b-4fe9-976c-3372ed886efd
debug ++ [int] eventPhase = 2
debug ++ [Boolean] bubbles = false
debug ++ [Boolean] cancelable = false
debug ++ [String] type = timer
debug +++ [int] repeatCount = 0
debug +++ [int] currentCount = 3
debug +++ [Boolean] running = true
debug +++ [int] delay = 120000
debug +++ [int] repeatCount = 0
debug +++ [int] currentCount = 3
debug +++ [Boolean] running = true
debug +++ [int] delay = 120000
debug time 17:43:35.269 :: After HeartBeat Count=4 Result=5
debug time 17:45:35.289 :: Before HeartBeat Count=5 Time=Fri Feb 24 2012 17:45:35 GMT+0100 AccountId=29131007 Session=5dcd79d4-280b-4fe9-976c-3372ed886efd
debug ++ [int] eventPhase = 2
debug ++ [Boolean] bubbles = false
debug ++ [Boolean] cancelable = false
debug ++ [String] type = timer
debug +++ [int] repeatCount = 0
debug +++ [int] currentCount = 4
debug +++ [Boolean] running = true
debug +++ [int] delay = 120000
debug +++ [int] repeatCount = 0
debug +++ [int] currentCount = 4
debug +++ [Boolean] running = true
debug +++ [int] delay = 120000
debug time 17:45:36.269 :: After HeartBeat Count=5 Result=5
debug time 17:47:36.272 :: Before HeartBeat Count=6 Time=Fri Feb 24 2012 17:47:36 GMT+0100 AccountId=29131007 Session=5dcd79d4-280b-4fe9-976c-3372ed886efd
debug ++ [int] eventPhase = 2
debug ++ [Boolean] bubbles = false
debug ++ [Boolean] cancelable = false
debug ++ [String] type = timer
debug +++ [int] repeatCount = 0
debug +++ [int] currentCount = 5
debug +++ [Boolean] running = true
debug +++ [int] delay = 120000
debug +++ [int] repeatCount = 0
debug +++ [int] currentCount = 5
debug +++ [Boolean] running = true
debug +++ [int] delay = 120000
debug time 17:47:37.269 :: After HeartBeat Count=6 Result=5
debug time 17:49:36.276 :: Before HeartBeat Count=7 Time=Fri Feb 24 2012 17:49:36 GMT+0100 AccountId=29131007 Session=5dcd79d4-280b-4fe9-976c-3372ed886efd
debug ++ [int] eventPhase = 2
debug ++ [Boolean] bubbles = false
debug ++ [Boolean] cancelable = false
debug ++ [String] type = timer
debug +++ [int] repeatCount = 0
debug +++ [int] currentCount = 6
debug +++ [Boolean] running = true
debug +++ [int] delay = 120000
debug +++ [int] repeatCount = 0
debug +++ [int] currentCount = 6
debug +++ [Boolean] running = true
debug +++ [int] delay = 120000
debug time 17:49:37.270 :: After HeartBeat Count=7 Result=5
debug time 17:51:37.274 :: Before HeartBeat Count=8 Time=Fri Feb 24 2012 17:51:37 GMT+0100 AccountId=29131007 Session=5dcd79d4-280b-4fe9-976c-3372ed886efd
debug ++ [int] eventPhase = 2
debug ++ [Boolean] bubbles = false
debug ++ [Boolean] cancelable = false
debug ++ [String] type = timer
debug +++ [int] repeatCount = 0
debug +++ [int] currentCount = 7
debug +++ [Boolean] running = true
debug +++ [int] delay = 120000
debug +++ [int] repeatCount = 0
debug +++ [int] currentCount = 7
debug +++ [Boolean] running = true
debug +++ [int] delay = 120000
debug time 17:51:38.270 :: After HeartBeat Count=8 Result=5
debug time 17:53:38.276 :: Before HeartBeat Count=9 Time=Fri Feb 24 2012 17:53:38 GMT+0100 AccountId=29131007 Session=5dcd79d4-280b-4fe9-976c-3372ed886efd
debug ++ [int] eventPhase = 2
debug ++ [Boolean] bubbles = false
debug ++ [Boolean] cancelable = false
debug ++ [String] type = timer
debug +++ [int] repeatCount = 0
debug +++ [int] currentCount = 8
debug +++ [Boolean] running = true
debug +++ [int] delay = 120000
debug +++ [int] repeatCount = 0
debug +++ [int] currentCount = 8
debug +++ [Boolean] running = true
debug +++ [int] delay = 120000
debug time 17:53:39.270 :: After HeartBeat Count=9 Result=5
debug time 17:55:39.273 :: Before HeartBeat Count=10 Time=Fri Feb 24 2012 17:55:39 GMT+0100 AccountId=29131007 Session=5dcd79d4-280b-4fe9-976c-3372ed886efd
debug ++ [int] eventPhase = 2
debug ++ [Boolean] bubbles = false
debug ++ [Boolean] cancelable = false
debug ++ [String] type = timer
debug +++ [int] repeatCount = 0
debug +++ [int] currentCount = 9
debug +++ [Boolean] running = true
debug +++ [int] delay = 120000
debug +++ [int] repeatCount = 0
debug +++ [int] currentCount = 9
debug +++ [Boolean] running = true
debug +++ [int] delay = 120000
debug time 17:55:40.270 :: After HeartBeat Count=10 Result=5
debug time 17:57:39.273 :: Before HeartBeat Count=11 Time=Fri Feb 24 2012 17:57:39 GMT+0100 AccountId=29131007 Session=5dcd79d4-280b-4fe9-976c-3372ed886efd
debug ++ [int] eventPhase = 2
debug ++ [Boolean] bubbles = false
debug ++ [Boolean] cancelable = false
debug ++ [String] type = timer
debug +++ [int] repeatCount = 0
debug +++ [int] currentCount = 10
debug +++ [Boolean] running = true
debug +++ [int] delay = 120000
debug +++ [int] repeatCount = 0
debug +++ [int] currentCount = 10
debug +++ [Boolean] running = true
debug +++ [int] delay = 120000
debug time 17:57:40.269 :: After HeartBeat Count=11 Result=5
debug time 17:59:40.272 :: Before HeartBeat Count=12 Time=Fri Feb 24 2012 17:59:40 GMT+0100 AccountId=29131007 Session=5dcd79d4-280b-4fe9-976c-3372ed886efd
debug ++ [int] eventPhase = 2
debug ++ [Boolean] bubbles = false
debug ++ [Boolean] cancelable = false
debug ++ [String] type = timer
debug +++ [int] repeatCount = 0
debug +++ [int] currentCount = 11
debug +++ [Boolean] running = true
debug +++ [int] delay = 120000
debug +++ [int] repeatCount = 0
debug +++ [int] currentCount = 11
debug +++ [Boolean] running = true
debug +++ [int] delay = 120000
debug time 17:59:41.269 :: After HeartBeat Count=12 Result=5
debug time 18:01:40.272 :: Before HeartBeat Count=13 Time=Fri Feb 24 2012 18:01:40 GMT+0100 AccountId=29131007 Session=5dcd79d4-280b-4fe9-976c-3372ed886efd
debug ++ [int] eventPhase = 2
debug ++ [Boolean] bubbles = false
debug ++ [Boolean] cancelable = false
debug ++ [String] type = timer
debug +++ [int] repeatCount = 0
debug +++ [int] currentCount = 12
debug +++ [Boolean] running = true
debug +++ [int] delay = 120000
debug +++ [int] repeatCount = 0
debug +++ [int] currentCount = 12
debug +++ [Boolean] running = true
debug +++ [int] delay = 120000
debug time 18:01:41.269 :: After HeartBeat Count=13 Result=5
debug time 18:03:40.273 :: Before HeartBeat Count=14 Time=Fri Feb 24 2012 18:03:40 GMT+0100 AccountId=29131007 Session=5dcd79d4-280b-4fe9-976c-3372ed886efd
debug ++ [int] eventPhase = 2
debug ++ [Boolean] bubbles = false
debug ++ [Boolean] cancelable = false
debug ++ [String] type = timer
debug +++ [int] repeatCount = 0
debug +++ [int] currentCount = 13
debug +++ [Boolean] running = true
debug +++ [int] delay = 120000
debug +++ [int] repeatCount = 0
debug +++ [int] currentCount = 13
debug +++ [Boolean] running = true
debug +++ [int] delay = 120000
debug time 18:03:41.269 :: After HeartBeat Count=14 Result=5
debug time 18:05:41.276 :: Before HeartBeat Count=15 Time=Fri Feb 24 2012 18:05:41 GMT+0100 AccountId=29131007 Session=5dcd79d4-280b-4fe9-976c-3372ed886efd
debug ++ [int] eventPhase = 2
debug ++ [Boolean] bubbles = false
debug ++ [Boolean] cancelable = false
debug ++ [String] type = timer
debug +++ [int] repeatCount = 0
debug +++ [int] currentCount = 14
debug +++ [Boolean] running = true
debug +++ [int] delay = 120000
debug +++ [int] repeatCount = 0
debug +++ [int] currentCount = 14
debug +++ [Boolean] running = true
debug +++ [int] delay = 120000
debug time 18:05:42.269 :: After HeartBeat Count=15 Result=5
debug time 18:07:42.271 :: Before HeartBeat Count=16 Time=Fri Feb 24 2012 18:07:42 GMT+0100 AccountId=29131007 Session=5dcd79d4-280b-4fe9-976c-3372ed886efd
debug ++ [int] eventPhase = 2
debug ++ [Boolean] bubbles = false
debug ++ [Boolean] cancelable = false
debug ++ [String] type = timer
debug +++ [int] repeatCount = 0
debug +++ [int] currentCount = 15
debug +++ [Boolean] running = true
debug +++ [int] delay = 120000
debug +++ [int] repeatCount = 0
debug +++ [int] currentCount = 15
debug +++ [Boolean] running = true
debug +++ [int] delay = 120000
debug time 18:07:43.269 :: After HeartBeat Count=16 Result=5
debug time 18:09:42.272 :: Before HeartBeat Count=17 Time=Fri Feb 24 2012 18:09:42 GMT+0100 AccountId=29131007 Session=5dcd79d4-280b-4fe9-976c-3372ed886efd
debug ++ [int] eventPhase = 2
debug ++ [Boolean] bubbles = false
debug ++ [Boolean] cancelable = false
debug ++ [String] type = timer
debug +++ [int] repeatCount = 0
debug +++ [int] currentCount = 16
debug +++ [Boolean] running = true
debug +++ [int] delay = 120000
debug +++ [int] repeatCount = 0
debug +++ [int] currentCount = 16
debug +++ [Boolean] running = true
debug +++ [int] delay = 120000
debug time 18:09:43.270 :: After HeartBeat Count=17 Result=5
debug time 18:11:42.293 :: Before HeartBeat Count=18 Time=Fri Feb 24 2012 18:11:42 GMT+0100 AccountId=29131007 Session=5dcd79d4-280b-4fe9-976c-3372ed886efd
debug ++ [int] eventPhase = 2
debug ++ [Boolean] bubbles = false
debug ++ [Boolean] cancelable = false
debug ++ [String] type = timer
debug +++ [int] repeatCount = 0
debug +++ [int] currentCount = 17
debug +++ [Boolean] running = true
debug +++ [int] delay = 120000
debug +++ [int] repeatCount = 0
debug +++ [int] currentCount = 17
debug +++ [Boolean] running = true
debug +++ [int] delay = 120000
debug time 18:11:43.270 :: After HeartBeat Count=18 Result=5
debug time 18:13:43.273 :: Before HeartBeat Count=19 Time=Fri Feb 24 2012 18:13:43 GMT+0100 AccountId=29131007 Session=5dcd79d4-280b-4fe9-976c-3372ed886efd
debug ++ [int] eventPhase = 2
debug ++ [Boolean] bubbles = false
debug ++ [Boolean] cancelable = false
debug ++ [String] type = timer
debug +++ [int] repeatCount = 0
debug +++ [int] currentCount = 18
debug +++ [Boolean] running = true
debug +++ [int] delay = 120000
debug +++ [int] repeatCount = 0
debug +++ [int] currentCount = 18
debug +++ [Boolean] running = true
debug +++ [int] delay = 120000
debug time 18:13:44.270 :: After HeartBeat Count=19 Result=5
debug time 18:15:43.272 :: Before HeartBeat Count=20 Time=Fri Feb 24 2012 18:15:43 GMT+0100 AccountId=29131007 Session=5dcd79d4-280b-4fe9-976c-3372ed886efd
debug ++ [int] eventPhase = 2
debug ++ [Boolean] bubbles = false
debug ++ [Boolean] cancelable = false
debug ++ [String] type = timer
debug +++ [int] repeatCount = 0
debug +++ [int] currentCount = 19
debug +++ [Boolean] running = true
debug +++ [int] delay = 120000
debug +++ [int] repeatCount = 0
debug +++ [int] currentCount = 19
debug +++ [Boolean] running = true
debug +++ [int] delay = 120000
debug time 18:15:44.269 :: After HeartBeat Count=20 Result=5
debug time 18:17:43.300 :: Before HeartBeat Count=21 Time=Fri Feb 24 2012 18:17:43 GMT+0100 AccountId=29131007 Session=5dcd79d4-280b-4fe9-976c-3372ed886efd
debug ++ [int] eventPhase = 2
debug ++ [Boolean] bubbles = false
debug ++ [Boolean] cancelable = false
debug ++ [String] type = timer
debug +++ [int] repeatCount = 0
debug +++ [int] currentCount = 20
debug +++ [Boolean] running = true
debug +++ [int] delay = 120000
debug +++ [int] repeatCount = 0
debug +++ [int] currentCount = 20
debug +++ [Boolean] running = true
debug +++ [int] delay = 120000
debug time 18:17:44.294 :: After HeartBeat Count=21 Result=5
debug time 18:19:44.297 :: Before HeartBeat Count=22 Time=Fri Feb 24 2012 18:19:44 GMT+0100 AccountId=29131007 Session=5dcd79d4-280b-4fe9-976c-3372ed886efd
debug ++ [int] eventPhase = 2
debug ++ [Boolean] bubbles = false
debug ++ [Boolean] cancelable = false
debug ++ [String] type = timer
debug +++ [int] repeatCount = 0
debug +++ [int] currentCount = 21
debug +++ [Boolean] running = true
debug +++ [int] delay = 120000
debug +++ [int] repeatCount = 0
debug +++ [int] currentCount = 21
debug +++ [Boolean] running = true
debug +++ [int] delay = 120000
debug time 18:19:45.294 :: After HeartBeat Count=22 Result=5
debug time 18:21:44.298 :: Before HeartBeat Count=23 Time=Fri Feb 24 2012 18:21:44 GMT+0100 AccountId=29131007 Session=5dcd79d4-280b-4fe9-976c-3372ed886efd
debug ++ [int] eventPhase = 2
debug ++ [Boolean] bubbles = false
debug ++ [Boolean] cancelable = false
debug ++ [String] type = timer
debug +++ [int] repeatCount = 0
debug +++ [int] currentCount = 22
debug +++ [Boolean] running = true
debug +++ [int] delay = 120000
debug +++ [int] repeatCount = 0
debug +++ [int] currentCount = 22
debug +++ [Boolean] running = true
debug +++ [int] delay = 120000
debug time 18:21:45.294 :: After HeartBeat Count=23 Result=5
debug time 18:23:32.343 :: Performing heartbeat at Fri Feb 24 2012 18:23:32 GMT+0100
debug time 18:23:44.305 :: Before HeartBeat Count=24 Time=Fri Feb 24 2012 18:23:44 GMT+0100 AccountId=29131007 Session=5dcd79d4-280b-4fe9-976c-3372ed886efd
debug ++ [int] eventPhase = 2
debug ++ [Boolean] bubbles = false
debug ++ [Boolean] cancelable = false
debug ++ [String] type = timer
debug +++ [int] repeatCount = 0
debug +++ [int] currentCount = 23
debug +++ [Boolean] running = true
debug +++ [int] delay = 120000
debug +++ [int] repeatCount = 0
debug +++ [int] currentCount = 23
debug +++ [Boolean] running = true
debug +++ [int] delay = 120000
debug time 18:23:44.501 :: After HeartBeat Count=24 Result=5
debug time 18:25:44.318 :: Before HeartBeat Count=25 Time=Fri Feb 24 2012 18:25:44 GMT+0100 AccountId=29131007 Session=5dcd79d4-280b-4fe9-976c-3372ed886efd
debug ++ [int] eventPhase = 2
debug ++ [Boolean] bubbles = false
debug ++ [Boolean] cancelable = false
debug ++ [String] type = timer
debug +++ [int] repeatCount = 0
debug +++ [int] currentCount = 24
debug +++ [Boolean] running = true
debug +++ [int] delay = 120000
debug +++ [int] repeatCount = 0
debug +++ [int] currentCount = 24
debug +++ [Boolean] running = true
debug +++ [int] delay = 120000
debug time 18:25:44.511 :: After HeartBeat Count=25 Result=5
debug time 18:27:45.265 :: Before HeartBeat Count=26 Time=Fri Feb 24 2012 18:27:45 GMT+0100 AccountId=29131007 Session=5dcd79d4-280b-4fe9-976c-3372ed886efd
debug ++ [int] eventPhase = 2
debug ++ [Boolean] bubbles = false
debug ++ [Boolean] cancelable = false
debug ++ [String] type = timer
debug +++ [int] repeatCount = 0
debug +++ [int] currentCount = 25
debug +++ [Boolean] running = true
debug +++ [int] delay = 120000
debug +++ [int] repeatCount = 0
debug +++ [int] currentCount = 25
debug +++ [Boolean] running = true
debug +++ [int] delay = 120000
debug time 18:27:46.262 :: After HeartBeat Count=26 Result=5
debug time 18:29:45.286 :: Before HeartBeat Count=27 Time=Fri Feb 24 2012 18:29:45 GMT+0100 AccountId=29131007 Session=5dcd79d4-280b-4fe9-976c-3372ed886efd
debug ++ [int] eventPhase = 2
debug ++ [Boolean] bubbles = false
debug ++ [Boolean] cancelable = false
debug ++ [String] type = timer
debug +++ [int] repeatCount = 0
debug +++ [int] currentCount = 26
debug +++ [Boolean] running = true
debug +++ [int] delay = 120000
debug +++ [int] repeatCount = 0
debug +++ [int] currentCount = 26
debug +++ [Boolean] running = true
debug +++ [int] delay = 120000
debug time 18:29:46.267 :: After HeartBeat Count=27 Result=5
debug time 18:31:46.265 :: Before HeartBeat Count=28 Time=Fri Feb 24 2012 18:31:46 GMT+0100 AccountId=29131007 Session=5dcd79d4-280b-4fe9-976c-3372ed886efd
debug ++ [int] eventPhase = 2
debug ++ [Boolean] bubbles = false
debug ++ [Boolean] cancelable = false
debug ++ [String] type = timer
debug +++ [int] repeatCount = 0
debug +++ [int] currentCount = 27
debug +++ [Boolean] running = true
debug +++ [int] delay = 120000
debug +++ [int] repeatCount = 0
debug +++ [int] currentCount = 27
debug +++ [Boolean] running = true
debug +++ [int] delay = 120000
debug time 18:31:47.262 :: After HeartBeat Count=28 Result=5
debug time 18:33:46.265 :: Before HeartBeat Count=29 Time=Fri Feb 24 2012 18:33:46 GMT+0100 AccountId=29131007 Session=5dcd79d4-280b-4fe9-976c-3372ed886efd
debug ++ [int] eventPhase = 2
debug ++ [Boolean] bubbles = false
debug ++ [Boolean] cancelable = false
debug ++ [String] type = timer
debug +++ [int] repeatCount = 0
debug +++ [int] currentCount = 28
debug +++ [Boolean] running = true
debug +++ [int] delay = 120000
debug +++ [int] repeatCount = 0
debug +++ [int] currentCount = 28
debug +++ [Boolean] running = true
debug +++ [int] delay = 120000
debug time 18:33:47.261 :: After HeartBeat Count=29 Result=5
debug time 18:35:46.265 :: Before HeartBeat Count=30 Time=Fri Feb 24 2012 18:35:46 GMT+0100 AccountId=29131007 Session=5dcd79d4-280b-4fe9-976c-3372ed886efd
debug ++ [int] eventPhase = 2
debug ++ [Boolean] bubbles = false
debug ++ [Boolean] cancelable = false
debug ++ [String] type = timer
debug +++ [int] repeatCount = 0
debug +++ [int] currentCount = 29
debug +++ [Boolean] running = true
debug +++ [int] delay = 120000
debug +++ [int] repeatCount = 0
debug +++ [int] currentCount = 29
debug +++ [Boolean] running = true
debug +++ [int] delay = 120000
debug time 18:35:47.261 :: After HeartBeat Count=30 Result=5
debug time 18:37:46.270 :: Before HeartBeat Count=31 Time=Fri Feb 24 2012 18:37:46 GMT+0100 AccountId=29131007 Session=5dcd79d4-280b-4fe9-976c-3372ed886efd
debug ++ [int] eventPhase = 2
debug ++ [Boolean] bubbles = false
debug ++ [Boolean] cancelable = false
debug ++ [String] type = timer
debug +++ [int] repeatCount = 0
debug +++ [int] currentCount = 30
debug +++ [Boolean] running = true
debug +++ [int] delay = 120000
debug +++ [int] repeatCount = 0
debug +++ [int] currentCount = 30
debug +++ [Boolean] running = true
debug +++ [int] delay = 120000
debug time 18:37:47.261 :: After HeartBeat Count=31 Result=5
debug time 18:39:47.264 :: Before HeartBeat Count=32 Time=Fri Feb 24 2012 18:39:47 GMT+0100 AccountId=29131007 Session=5dcd79d4-280b-4fe9-976c-3372ed886efd
debug ++ [int] eventPhase = 2
debug ++ [Boolean] bubbles = false
debug ++ [Boolean] cancelable = false
debug ++ [String] type = timer
debug +++ [int] repeatCount = 0
debug +++ [int] currentCount = 31
debug +++ [Boolean] running = true
debug +++ [int] delay = 120000
debug +++ [int] repeatCount = 0
debug +++ [int] currentCount = 31
debug +++ [Boolean] running = true
debug +++ [int] delay = 120000
debug time 18:39:48.261 :: After HeartBeat Count=32 Result=5
debug time 18:41:47.265 :: Before HeartBeat Count=33 Time=Fri Feb 24 2012 18:41:47 GMT+0100 AccountId=29131007 Session=5dcd79d4-280b-4fe9-976c-3372ed886efd
debug ++ [int] eventPhase = 2
debug ++ [Boolean] bubbles = false
debug ++ [Boolean] cancelable = false
debug ++ [String] type = timer
debug +++ [int] repeatCount = 0
debug +++ [int] currentCount = 32
debug +++ [Boolean] running = true
debug +++ [int] delay = 120000
debug +++ [int] repeatCount = 0
debug +++ [int] currentCount = 32
debug +++ [Boolean] running = true
debug +++ [int] delay = 120000
debug time 18:41:48.261 :: After HeartBeat Count=33 Result=5
debug time 18:43:48.265 :: Before HeartBeat Count=34 Time=Fri Feb 24 2012 18:43:48 GMT+0100 AccountId=29131007 Session=5dcd79d4-280b-4fe9-976c-3372ed886efd
debug ++ [int] eventPhase = 2
debug ++ [Boolean] bubbles = false
debug ++ [Boolean] cancelable = false
debug ++ [String] type = timer
debug +++ [int] repeatCount = 0
debug +++ [int] currentCount = 33
debug +++ [Boolean] running = true
debug +++ [int] delay = 120000
debug +++ [int] repeatCount = 0
debug +++ [int] currentCount = 33
debug +++ [Boolean] running = true
debug +++ [int] delay = 120000
debug time 18:43:49.262 :: After HeartBeat Count=34 Result=5
debug time 18:45:48.266 :: Before HeartBeat Count=35 Time=Fri Feb 24 2012 18:45:48 GMT+0100 AccountId=29131007 Session=5dcd79d4-280b-4fe9-976c-3372ed886efd
debug ++ [int] eventPhase = 2
debug ++ [Boolean] bubbles = false
debug ++ [Boolean] cancelable = false
debug ++ [String] type = timer
debug +++ [int] repeatCount = 0
debug +++ [int] currentCount = 34
debug +++ [Boolean] running = true
debug +++ [int] delay = 120000
debug +++ [int] repeatCount = 0
debug +++ [int] currentCount = 34
debug +++ [Boolean] running = true
debug +++ [int] delay = 120000
debug time 18:45:49.262 :: After HeartBeat Count=35 Result=5
debug time 18:47:48.265 :: Before HeartBeat Count=36 Time=Fri Feb 24 2012 18:47:48 GMT+0100 AccountId=29131007 Session=5dcd79d4-280b-4fe9-976c-3372ed886efd
debug ++ [int] eventPhase = 2
debug ++ [Boolean] bubbles = false
debug ++ [Boolean] cancelable = false
debug ++ [String] type = timer
debug +++ [int] repeatCount = 0
debug +++ [int] currentCount = 35
debug +++ [Boolean] running = true
debug +++ [int] delay = 120000
debug +++ [int] repeatCount = 0
debug +++ [int] currentCount = 35
debug +++ [Boolean] running = true
debug +++ [int] delay = 120000
debug time 18:47:49.262 :: After HeartBeat Count=36 Result=5
debug time 18:48:59.453 :: Performing heartbeat at Fri Feb 24 2012 18:48:59 GMT+0100
debug time 18:49:48.274 :: Before HeartBeat Count=37 Time=Fri Feb 24 2012 18:49:48 GMT+0100 AccountId=29131007 Session=5dcd79d4-280b-4fe9-976c-3372ed886efd
debug ++ [int] eventPhase = 2
debug ++ [Boolean] bubbles = false
debug ++ [Boolean] cancelable = false
debug ++ [String] type = timer
debug +++ [int] repeatCount = 0
debug +++ [int] currentCount = 36
debug +++ [Boolean] running = true
debug +++ [int] delay = 120000
debug +++ [int] repeatCount = 0
debug +++ [int] currentCount = 36
debug +++ [Boolean] running = true
debug +++ [int] delay = 120000
debug time 18:49:48.474 :: After HeartBeat Count=37 Result=5
