debug time 17:39:23.558 :: Before HeartBeat Count=1 Time=Fri Jan 6 2012 17:39:23 GMT+0100 AccountId=29131007 Session=bcfe603c-6142-426f-8718-dfd5f77c7501
STOP LOGGING: More than 0 nested objects or properties. 
debug time 17:39:24.474 :: After HeartBeat Count=1 Result=5
debug time 17:41:23.567 :: Before HeartBeat Count=2 Time=Fri Jan 6 2012 17:41:23 GMT+0100 AccountId=29131007 Session=bcfe603c-6142-426f-8718-dfd5f77c7501
debug ++ [int] eventPhase = 2
debug ++ [Boolean] bubbles = false
debug ++ [Boolean] cancelable = false
debug ++ [String] type = timer
debug +++ [int] repeatCount = 0
debug +++ [int] currentCount = 1
debug +++ [Boolean] running = true
debug +++ [int] delay = 120000
debug +++ [int] repeatCount = 0
debug +++ [int] currentCount = 1
debug +++ [Boolean] running = true
debug +++ [int] delay = 120000
debug time 17:41:23.768 :: After HeartBeat Count=2 Result=5
debug time 17:43:23.662 :: Before HeartBeat Count=3 Time=Fri Jan 6 2012 17:43:23 GMT+0100 AccountId=29131007 Session=bcfe603c-6142-426f-8718-dfd5f77c7501
debug ++ [int] eventPhase = 2
debug ++ [Boolean] bubbles = false
debug ++ [Boolean] cancelable = false
debug ++ [String] type = timer
debug +++ [int] repeatCount = 0
debug +++ [int] currentCount = 2
debug +++ [Boolean] running = true
debug +++ [int] delay = 120000
debug +++ [int] repeatCount = 0
debug +++ [int] currentCount = 2
debug +++ [Boolean] running = true
debug +++ [int] delay = 120000
debug time 17:43:24.658 :: After HeartBeat Count=3 Result=5
debug time 17:45:23.684 :: Before HeartBeat Count=4 Time=Fri Jan 6 2012 17:45:23 GMT+0100 AccountId=29131007 Session=bcfe603c-6142-426f-8718-dfd5f77c7501
debug ++ [int] eventPhase = 2
debug ++ [Boolean] bubbles = false
debug ++ [Boolean] cancelable = false
debug ++ [String] type = timer
debug +++ [int] repeatCount = 0
debug +++ [int] currentCount = 3
debug +++ [Boolean] running = true
debug +++ [int] delay = 120000
debug +++ [int] repeatCount = 0
debug +++ [int] currentCount = 3
debug +++ [Boolean] running = true
debug +++ [int] delay = 120000
debug time 17:45:24.656 :: After HeartBeat Count=4 Result=5
debug time 17:47:24.680 :: Before HeartBeat Count=5 Time=Fri Jan 6 2012 17:47:24 GMT+0100 AccountId=29131007 Session=bcfe603c-6142-426f-8718-dfd5f77c7501
debug ++ [int] eventPhase = 2
debug ++ [Boolean] bubbles = false
debug ++ [Boolean] cancelable = false
debug ++ [String] type = timer
debug +++ [int] repeatCount = 0
debug +++ [int] currentCount = 4
debug +++ [Boolean] running = true
debug +++ [int] delay = 120000
debug +++ [int] repeatCount = 0
debug +++ [int] currentCount = 4
debug +++ [Boolean] running = true
debug +++ [int] delay = 120000
debug time 17:47:25.655 :: After HeartBeat Count=5 Result=5
debug time 17:49:25.657 :: Before HeartBeat Count=6 Time=Fri Jan 6 2012 17:49:25 GMT+0100 AccountId=29131007 Session=bcfe603c-6142-426f-8718-dfd5f77c7501
debug ++ [int] eventPhase = 2
debug ++ [Boolean] bubbles = false
debug ++ [Boolean] cancelable = false
debug ++ [String] type = timer
debug +++ [int] repeatCount = 0
debug +++ [int] currentCount = 5
debug +++ [Boolean] running = true
debug +++ [int] delay = 120000
debug +++ [int] repeatCount = 0
debug +++ [int] currentCount = 5
debug +++ [Boolean] running = true
debug +++ [int] delay = 120000
debug time 17:49:26.654 :: After HeartBeat Count=6 Result=5
debug time 17:51:25.657 :: Before HeartBeat Count=7 Time=Fri Jan 6 2012 17:51:25 GMT+0100 AccountId=29131007 Session=bcfe603c-6142-426f-8718-dfd5f77c7501
debug ++ [int] eventPhase = 2
debug ++ [Boolean] bubbles = false
debug ++ [Boolean] cancelable = false
debug ++ [String] type = timer
debug +++ [int] repeatCount = 0
debug +++ [int] currentCount = 6
debug +++ [Boolean] running = true
debug +++ [int] delay = 120000
debug +++ [int] repeatCount = 0
debug +++ [int] currentCount = 6
debug +++ [Boolean] running = true
debug +++ [int] delay = 120000
debug time 17:51:26.653 :: After HeartBeat Count=7 Result=5
debug time 17:53:26.656 :: Before HeartBeat Count=8 Time=Fri Jan 6 2012 17:53:26 GMT+0100 AccountId=29131007 Session=bcfe603c-6142-426f-8718-dfd5f77c7501
debug ++ [int] eventPhase = 2
debug ++ [Boolean] bubbles = false
debug ++ [Boolean] cancelable = false
debug ++ [String] type = timer
debug +++ [int] repeatCount = 0
debug +++ [int] currentCount = 7
debug +++ [Boolean] running = true
debug +++ [int] delay = 120000
debug +++ [int] repeatCount = 0
debug +++ [int] currentCount = 7
debug +++ [Boolean] running = true
debug +++ [int] delay = 120000
debug time 17:53:27.653 :: After HeartBeat Count=8 Result=5
debug time 17:55:26.651 :: Before HeartBeat Count=9 Time=Fri Jan 6 2012 17:55:26 GMT+0100 AccountId=29131007 Session=bcfe603c-6142-426f-8718-dfd5f77c7501
debug ++ [int] eventPhase = 2
debug ++ [Boolean] bubbles = false
debug ++ [Boolean] cancelable = false
debug ++ [String] type = timer
debug +++ [int] repeatCount = 0
debug +++ [int] currentCount = 8
debug +++ [Boolean] running = true
debug +++ [int] delay = 120000
debug +++ [int] repeatCount = 0
debug +++ [int] currentCount = 8
debug +++ [Boolean] running = true
debug +++ [int] delay = 120000
debug time 17:55:27.648 :: After HeartBeat Count=9 Result=5
debug time 17:57:27.653 :: Before HeartBeat Count=10 Time=Fri Jan 6 2012 17:57:27 GMT+0100 AccountId=29131007 Session=bcfe603c-6142-426f-8718-dfd5f77c7501
debug ++ [int] eventPhase = 2
debug ++ [Boolean] bubbles = false
debug ++ [Boolean] cancelable = false
debug ++ [String] type = timer
debug +++ [int] repeatCount = 0
debug +++ [int] currentCount = 9
debug +++ [Boolean] running = true
debug +++ [int] delay = 120000
debug +++ [int] repeatCount = 0
debug +++ [int] currentCount = 9
debug +++ [Boolean] running = true
debug +++ [int] delay = 120000
debug time 17:57:28.650 :: After HeartBeat Count=10 Result=5
debug time 17:59:27.654 :: Before HeartBeat Count=11 Time=Fri Jan 6 2012 17:59:27 GMT+0100 AccountId=29131007 Session=bcfe603c-6142-426f-8718-dfd5f77c7501
debug ++ [int] eventPhase = 2
debug ++ [Boolean] bubbles = false
debug ++ [Boolean] cancelable = false
debug ++ [String] type = timer
debug +++ [int] repeatCount = 0
debug +++ [int] currentCount = 10
debug +++ [Boolean] running = true
debug +++ [int] delay = 120000
debug +++ [int] repeatCount = 0
debug +++ [int] currentCount = 10
debug +++ [Boolean] running = true
debug +++ [int] delay = 120000
debug time 17:59:28.650 :: After HeartBeat Count=11 Result=5
debug time 18:01:27.653 :: Before HeartBeat Count=12 Time=Fri Jan 6 2012 18:01:27 GMT+0100 AccountId=29131007 Session=bcfe603c-6142-426f-8718-dfd5f77c7501
debug ++ [int] eventPhase = 2
debug ++ [Boolean] bubbles = false
debug ++ [Boolean] cancelable = false
debug ++ [String] type = timer
debug +++ [int] repeatCount = 0
debug +++ [int] currentCount = 11
debug +++ [Boolean] running = true
debug +++ [int] delay = 120000
debug +++ [int] repeatCount = 0
debug +++ [int] currentCount = 11
debug +++ [Boolean] running = true
debug +++ [int] delay = 120000
debug time 18:01:28.649 :: After HeartBeat Count=12 Result=5
debug time 18:03:27.653 :: Before HeartBeat Count=13 Time=Fri Jan 6 2012 18:03:27 GMT+0100 AccountId=29131007 Session=bcfe603c-6142-426f-8718-dfd5f77c7501
debug ++ [int] eventPhase = 2
debug ++ [Boolean] bubbles = false
debug ++ [Boolean] cancelable = false
debug ++ [String] type = timer
debug +++ [int] repeatCount = 0
debug +++ [int] currentCount = 12
debug +++ [Boolean] running = true
debug +++ [int] delay = 120000
debug +++ [int] repeatCount = 0
debug +++ [int] currentCount = 12
debug +++ [Boolean] running = true
debug +++ [int] delay = 120000
debug time 18:03:28.649 :: After HeartBeat Count=13 Result=5
debug time 18:05:28.651 :: Before HeartBeat Count=14 Time=Fri Jan 6 2012 18:05:28 GMT+0100 AccountId=29131007 Session=bcfe603c-6142-426f-8718-dfd5f77c7501
debug ++ [int] eventPhase = 2
debug ++ [Boolean] bubbles = false
debug ++ [Boolean] cancelable = false
debug ++ [String] type = timer
debug +++ [int] repeatCount = 0
debug +++ [int] currentCount = 13
debug +++ [Boolean] running = true
debug +++ [int] delay = 120000
debug +++ [int] repeatCount = 0
debug +++ [int] currentCount = 13
debug +++ [Boolean] running = true
debug +++ [int] delay = 120000
debug time 18:05:29.648 :: After HeartBeat Count=14 Result=5
debug time 18:07:28.652 :: Before HeartBeat Count=15 Time=Fri Jan 6 2012 18:07:28 GMT+0100 AccountId=29131007 Session=bcfe603c-6142-426f-8718-dfd5f77c7501
debug ++ [int] eventPhase = 2
debug ++ [Boolean] bubbles = false
debug ++ [Boolean] cancelable = false
debug ++ [String] type = timer
debug +++ [int] repeatCount = 0
debug +++ [int] currentCount = 14
debug +++ [Boolean] running = true
debug +++ [int] delay = 120000
debug +++ [int] repeatCount = 0
debug +++ [int] currentCount = 14
debug +++ [Boolean] running = true
debug +++ [int] delay = 120000
debug time 18:07:29.648 :: After HeartBeat Count=15 Result=5
debug time 18:09:28.673 :: Before HeartBeat Count=16 Time=Fri Jan 6 2012 18:09:28 GMT+0100 AccountId=29131007 Session=bcfe603c-6142-426f-8718-dfd5f77c7501
debug ++ [int] eventPhase = 2
debug ++ [Boolean] bubbles = false
debug ++ [Boolean] cancelable = false
debug ++ [String] type = timer
debug +++ [int] repeatCount = 0
debug +++ [int] currentCount = 15
debug +++ [Boolean] running = true
debug +++ [int] delay = 120000
debug +++ [int] repeatCount = 0
debug +++ [int] currentCount = 15
debug +++ [Boolean] running = true
debug +++ [int] delay = 120000
debug time 18:09:29.650 :: After HeartBeat Count=16 Result=5
debug time 18:11:29.656 :: Before HeartBeat Count=17 Time=Fri Jan 6 2012 18:11:29 GMT+0100 AccountId=29131007 Session=bcfe603c-6142-426f-8718-dfd5f77c7501
debug ++ [int] eventPhase = 2
debug ++ [Boolean] bubbles = false
debug ++ [Boolean] cancelable = false
debug ++ [String] type = timer
debug +++ [int] repeatCount = 0
debug +++ [int] currentCount = 16
debug +++ [Boolean] running = true
debug +++ [int] delay = 120000
debug +++ [int] repeatCount = 0
debug +++ [int] currentCount = 16
debug +++ [Boolean] running = true
debug +++ [int] delay = 120000
debug time 18:11:30.650 :: After HeartBeat Count=17 Result=5
debug time 18:13:30.654 :: Before HeartBeat Count=18 Time=Fri Jan 6 2012 18:13:30 GMT+0100 AccountId=29131007 Session=bcfe603c-6142-426f-8718-dfd5f77c7501
debug ++ [int] eventPhase = 2
debug ++ [Boolean] bubbles = false
debug ++ [Boolean] cancelable = false
debug ++ [String] type = timer
debug +++ [int] repeatCount = 0
debug +++ [int] currentCount = 17
debug +++ [Boolean] running = true
debug +++ [int] delay = 120000
debug +++ [int] repeatCount = 0
debug +++ [int] currentCount = 17
debug +++ [Boolean] running = true
debug +++ [int] delay = 120000
debug time 18:13:31.651 :: After HeartBeat Count=18 Result=5
debug time 18:15:30.674 :: Before HeartBeat Count=19 Time=Fri Jan 6 2012 18:15:30 GMT+0100 AccountId=29131007 Session=bcfe603c-6142-426f-8718-dfd5f77c7501
debug ++ [int] eventPhase = 2
debug ++ [Boolean] bubbles = false
debug ++ [Boolean] cancelable = false
debug ++ [String] type = timer
debug +++ [int] repeatCount = 0
debug +++ [int] currentCount = 18
debug +++ [Boolean] running = true
debug +++ [int] delay = 120000
debug +++ [int] repeatCount = 0
debug +++ [int] currentCount = 18
debug +++ [Boolean] running = true
debug +++ [int] delay = 120000
debug time 18:15:31.656 :: After HeartBeat Count=19 Result=5
debug time 18:17:31.656 :: Before HeartBeat Count=20 Time=Fri Jan 6 2012 18:17:31 GMT+0100 AccountId=29131007 Session=bcfe603c-6142-426f-8718-dfd5f77c7501
debug ++ [int] eventPhase = 2
debug ++ [Boolean] bubbles = false
debug ++ [Boolean] cancelable = false
debug ++ [String] type = timer
debug +++ [int] repeatCount = 0
debug +++ [int] currentCount = 19
debug +++ [Boolean] running = true
debug +++ [int] delay = 120000
debug +++ [int] repeatCount = 0
debug +++ [int] currentCount = 19
debug +++ [Boolean] running = true
debug +++ [int] delay = 120000
debug time 18:17:32.652 :: After HeartBeat Count=20 Result=5
debug time 18:19:31.656 :: Before HeartBeat Count=21 Time=Fri Jan 6 2012 18:19:31 GMT+0100 AccountId=29131007 Session=bcfe603c-6142-426f-8718-dfd5f77c7501
debug ++ [int] eventPhase = 2
debug ++ [Boolean] bubbles = false
debug ++ [Boolean] cancelable = false
debug ++ [String] type = timer
debug +++ [int] repeatCount = 0
debug +++ [int] currentCount = 20
debug +++ [Boolean] running = true
debug +++ [int] delay = 120000
debug +++ [int] repeatCount = 0
debug +++ [int] currentCount = 20
debug +++ [Boolean] running = true
debug +++ [int] delay = 120000
debug time 18:19:32.652 :: After HeartBeat Count=21 Result=5
debug time 18:21:32.654 :: Before HeartBeat Count=22 Time=Fri Jan 6 2012 18:21:32 GMT+0100 AccountId=29131007 Session=bcfe603c-6142-426f-8718-dfd5f77c7501
debug ++ [int] eventPhase = 2
debug ++ [Boolean] bubbles = false
debug ++ [Boolean] cancelable = false
debug ++ [String] type = timer
debug +++ [int] repeatCount = 0
debug +++ [int] currentCount = 21
debug +++ [Boolean] running = true
debug +++ [int] delay = 120000
debug +++ [int] repeatCount = 0
debug +++ [int] currentCount = 21
debug +++ [Boolean] running = true
debug +++ [int] delay = 120000
debug time 18:21:33.652 :: After HeartBeat Count=22 Result=5
debug time 18:21:57.700 :: Performing heartbeat at Fri Jan 6 2012 18:21:57 GMT+0100
debug time 18:23:32.656 :: Before HeartBeat Count=23 Time=Fri Jan 6 2012 18:23:32 GMT+0100 AccountId=29131007 Session=bcfe603c-6142-426f-8718-dfd5f77c7501
debug ++ [int] eventPhase = 2
debug ++ [Boolean] bubbles = false
debug ++ [Boolean] cancelable = false
debug ++ [String] type = timer
debug +++ [int] repeatCount = 0
debug +++ [int] currentCount = 22
debug +++ [Boolean] running = true
debug +++ [int] delay = 120000
debug +++ [int] repeatCount = 0
debug +++ [int] currentCount = 22
debug +++ [Boolean] running = true
debug +++ [int] delay = 120000
debug time 18:23:32.860 :: After HeartBeat Count=23 Result=5
debug time 18:25:32.657 :: Before HeartBeat Count=24 Time=Fri Jan 6 2012 18:25:32 GMT+0100 AccountId=29131007 Session=bcfe603c-6142-426f-8718-dfd5f77c7501
debug ++ [int] eventPhase = 2
debug ++ [Boolean] bubbles = false
debug ++ [Boolean] cancelable = false
debug ++ [String] type = timer
debug +++ [int] repeatCount = 0
debug +++ [int] currentCount = 23
debug +++ [Boolean] running = true
debug +++ [int] delay = 120000
debug +++ [int] repeatCount = 0
debug +++ [int] currentCount = 23
debug +++ [Boolean] running = true
debug +++ [int] delay = 120000
debug time 18:25:32.861 :: After HeartBeat Count=24 Result=5
debug time 18:27:32.675 :: Before HeartBeat Count=25 Time=Fri Jan 6 2012 18:27:32 GMT+0100 AccountId=29131007 Session=bcfe603c-6142-426f-8718-dfd5f77c7501
debug ++ [int] eventPhase = 2
debug ++ [Boolean] bubbles = false
debug ++ [Boolean] cancelable = false
debug ++ [String] type = timer
debug +++ [int] repeatCount = 0
debug +++ [int] currentCount = 24
debug +++ [Boolean] running = true
debug +++ [int] delay = 120000
debug +++ [int] repeatCount = 0
debug +++ [int] currentCount = 24
debug +++ [Boolean] running = true
debug +++ [int] delay = 120000
debug time 18:27:32.903 :: After HeartBeat Count=25 Result=5
debug time 18:29:32.702 :: Before HeartBeat Count=26 Time=Fri Jan 6 2012 18:29:32 GMT+0100 AccountId=29131007 Session=bcfe603c-6142-426f-8718-dfd5f77c7501
debug ++ [int] eventPhase = 2
debug ++ [Boolean] bubbles = false
debug ++ [Boolean] cancelable = false
debug ++ [String] type = timer
debug +++ [int] repeatCount = 0
debug +++ [int] currentCount = 25
debug +++ [Boolean] running = true
debug +++ [int] delay = 120000
debug +++ [int] repeatCount = 0
debug +++ [int] currentCount = 25
debug +++ [Boolean] running = true
debug +++ [int] delay = 120000
debug time 18:29:32.903 :: After HeartBeat Count=26 Result=5
debug time 18:31:32.729 :: Before HeartBeat Count=27 Time=Fri Jan 6 2012 18:31:32 GMT+0100 AccountId=29131007 Session=bcfe603c-6142-426f-8718-dfd5f77c7501
debug ++ [int] eventPhase = 2
debug ++ [Boolean] bubbles = false
debug ++ [Boolean] cancelable = false
debug ++ [String] type = timer
debug +++ [int] repeatCount = 0
debug +++ [int] currentCount = 26
debug +++ [Boolean] running = true
debug +++ [int] delay = 120000
debug +++ [int] repeatCount = 0
debug +++ [int] currentCount = 26
debug +++ [Boolean] running = true
debug +++ [int] delay = 120000
debug time 18:31:32.911 :: After HeartBeat Count=27 Result=5
debug time 18:33:32.748 :: Before HeartBeat Count=28 Time=Fri Jan 6 2012 18:33:32 GMT+0100 AccountId=29131007 Session=bcfe603c-6142-426f-8718-dfd5f77c7501
debug ++ [int] eventPhase = 2
debug ++ [Boolean] bubbles = false
debug ++ [Boolean] cancelable = false
debug ++ [String] type = timer
debug +++ [int] repeatCount = 0
debug +++ [int] currentCount = 27
debug +++ [Boolean] running = true
debug +++ [int] delay = 120000
debug +++ [int] repeatCount = 0
debug +++ [int] currentCount = 27
debug +++ [Boolean] running = true
debug +++ [int] delay = 120000
debug time 18:33:32.953 :: After HeartBeat Count=28 Result=5
debug time 18:35:32.750 :: Before HeartBeat Count=29 Time=Fri Jan 6 2012 18:35:32 GMT+0100 AccountId=29131007 Session=bcfe603c-6142-426f-8718-dfd5f77c7501
debug ++ [int] eventPhase = 2
debug ++ [Boolean] bubbles = false
debug ++ [Boolean] cancelable = false
debug ++ [String] type = timer
debug +++ [int] repeatCount = 0
debug +++ [int] currentCount = 28
debug +++ [Boolean] running = true
debug +++ [int] delay = 120000
debug +++ [int] repeatCount = 0
debug +++ [int] currentCount = 28
debug +++ [Boolean] running = true
debug +++ [int] delay = 120000
debug time 18:35:32.953 :: After HeartBeat Count=29 Result=5
