debug time 18:33:44.214 :: Before HeartBeat Count=1 Time=Tue Jan 31 2012 18:33:44 GMT+0100 AccountId=29131007 Session=538ffe1f-fbce-40ae-bc50-11c8a1d051f2
STOP LOGGING: More than 0 nested objects or properties. 
debug time 18:33:45.753 :: After HeartBeat Count=1 Result=5
debug time 18:35:44.221 :: Before HeartBeat Count=2 Time=Tue Jan 31 2012 18:35:44 GMT+0100 AccountId=29131007 Session=538ffe1f-fbce-40ae-bc50-11c8a1d051f2
debug ++ [int] eventPhase = 2
debug ++ [Boolean] bubbles = false
debug ++ [Boolean] cancelable = false
debug ++ [String] type = timer
debug +++ [int] repeatCount = 0
debug +++ [int] currentCount = 1
debug +++ [Boolean] running = true
debug +++ [int] delay = 120000
debug +++ [int] repeatCount = 0
debug +++ [int] currentCount = 1
debug +++ [Boolean] running = true
debug +++ [int] delay = 120000
debug time 18:35:44.431 :: After HeartBeat Count=2 Result=5
debug time 18:37:44.411 :: Before HeartBeat Count=3 Time=Tue Jan 31 2012 18:37:44 GMT+0100 AccountId=29131007 Session=538ffe1f-fbce-40ae-bc50-11c8a1d051f2
debug ++ [int] eventPhase = 2
debug ++ [Boolean] bubbles = false
debug ++ [Boolean] cancelable = false
debug ++ [String] type = timer
debug +++ [int] repeatCount = 0
debug +++ [int] currentCount = 2
debug +++ [Boolean] running = true
debug +++ [int] delay = 120000
debug +++ [int] repeatCount = 0
debug +++ [int] currentCount = 2
debug +++ [Boolean] running = true
debug +++ [int] delay = 120000
debug time 18:37:45.391 :: After HeartBeat Count=3 Result=5
debug time 18:39:45.396 :: Before HeartBeat Count=4 Time=Tue Jan 31 2012 18:39:45 GMT+0100 AccountId=29131007 Session=538ffe1f-fbce-40ae-bc50-11c8a1d051f2
debug ++ [int] eventPhase = 2
debug ++ [Boolean] bubbles = false
debug ++ [Boolean] cancelable = false
debug ++ [String] type = timer
debug +++ [int] repeatCount = 0
debug +++ [int] currentCount = 3
debug +++ [Boolean] running = true
debug +++ [int] delay = 120000
debug +++ [int] repeatCount = 0
debug +++ [int] currentCount = 3
debug +++ [Boolean] running = true
debug +++ [int] delay = 120000
debug time 18:39:46.391 :: After HeartBeat Count=4 Result=5
debug time 18:41:46.396 :: Before HeartBeat Count=5 Time=Tue Jan 31 2012 18:41:46 GMT+0100 AccountId=29131007 Session=538ffe1f-fbce-40ae-bc50-11c8a1d051f2
debug ++ [int] eventPhase = 2
debug ++ [Boolean] bubbles = false
debug ++ [Boolean] cancelable = false
debug ++ [String] type = timer
debug +++ [int] repeatCount = 0
debug +++ [int] currentCount = 4
debug +++ [Boolean] running = true
debug +++ [int] delay = 120000
debug +++ [int] repeatCount = 0
debug +++ [int] currentCount = 4
debug +++ [Boolean] running = true
debug +++ [int] delay = 120000
debug time 18:41:47.391 :: After HeartBeat Count=5 Result=5
debug time 18:43:46.396 :: Before HeartBeat Count=6 Time=Tue Jan 31 2012 18:43:46 GMT+0100 AccountId=29131007 Session=538ffe1f-fbce-40ae-bc50-11c8a1d051f2
debug ++ [int] eventPhase = 2
debug ++ [Boolean] bubbles = false
debug ++ [Boolean] cancelable = false
debug ++ [String] type = timer
debug +++ [int] repeatCount = 0
debug +++ [int] currentCount = 5
debug +++ [Boolean] running = true
debug +++ [int] delay = 120000
debug +++ [int] repeatCount = 0
debug +++ [int] currentCount = 5
debug +++ [Boolean] running = true
debug +++ [int] delay = 120000
debug time 18:43:47.391 :: After HeartBeat Count=6 Result=5
debug time 18:45:46.402 :: Before HeartBeat Count=7 Time=Tue Jan 31 2012 18:45:46 GMT+0100 AccountId=29131007 Session=538ffe1f-fbce-40ae-bc50-11c8a1d051f2
debug ++ [int] eventPhase = 2
debug ++ [Boolean] bubbles = false
debug ++ [Boolean] cancelable = false
debug ++ [String] type = timer
debug +++ [int] repeatCount = 0
debug +++ [int] currentCount = 6
debug +++ [Boolean] running = true
debug +++ [int] delay = 120000
debug +++ [int] repeatCount = 0
debug +++ [int] currentCount = 6
debug +++ [Boolean] running = true
debug +++ [int] delay = 120000
debug time 18:45:47.391 :: After HeartBeat Count=7 Result=5
debug time 18:47:47.395 :: Before HeartBeat Count=8 Time=Tue Jan 31 2012 18:47:47 GMT+0100 AccountId=29131007 Session=538ffe1f-fbce-40ae-bc50-11c8a1d051f2
debug ++ [int] eventPhase = 2
debug ++ [Boolean] bubbles = false
debug ++ [Boolean] cancelable = false
debug ++ [String] type = timer
debug +++ [int] repeatCount = 0
debug +++ [int] currentCount = 7
debug +++ [Boolean] running = true
debug +++ [int] delay = 120000
debug +++ [int] repeatCount = 0
debug +++ [int] currentCount = 7
debug +++ [Boolean] running = true
debug +++ [int] delay = 120000
debug time 18:47:48.392 :: After HeartBeat Count=8 Result=5
debug time 18:49:47.394 :: Before HeartBeat Count=9 Time=Tue Jan 31 2012 18:49:47 GMT+0100 AccountId=29131007 Session=538ffe1f-fbce-40ae-bc50-11c8a1d051f2
debug ++ [int] eventPhase = 2
debug ++ [Boolean] bubbles = false
debug ++ [Boolean] cancelable = false
debug ++ [String] type = timer
debug +++ [int] repeatCount = 0
debug +++ [int] currentCount = 8
debug +++ [Boolean] running = true
debug +++ [int] delay = 120000
debug +++ [int] repeatCount = 0
debug +++ [int] currentCount = 8
debug +++ [Boolean] running = true
debug +++ [int] delay = 120000
debug time 18:49:48.391 :: After HeartBeat Count=9 Result=5
debug time 18:51:47.395 :: Before HeartBeat Count=10 Time=Tue Jan 31 2012 18:51:47 GMT+0100 AccountId=29131007 Session=538ffe1f-fbce-40ae-bc50-11c8a1d051f2
debug ++ [int] eventPhase = 2
debug ++ [Boolean] bubbles = false
debug ++ [Boolean] cancelable = false
debug ++ [String] type = timer
debug +++ [int] repeatCount = 0
debug +++ [int] currentCount = 9
debug +++ [Boolean] running = true
debug +++ [int] delay = 120000
debug +++ [int] repeatCount = 0
debug +++ [int] currentCount = 9
debug +++ [Boolean] running = true
debug +++ [int] delay = 120000
debug time 18:51:48.391 :: After HeartBeat Count=10 Result=5
debug time 18:53:47.394 :: Before HeartBeat Count=11 Time=Tue Jan 31 2012 18:53:47 GMT+0100 AccountId=29131007 Session=538ffe1f-fbce-40ae-bc50-11c8a1d051f2
debug ++ [int] eventPhase = 2
debug ++ [Boolean] bubbles = false
debug ++ [Boolean] cancelable = false
debug ++ [String] type = timer
debug +++ [int] repeatCount = 0
debug +++ [int] currentCount = 10
debug +++ [Boolean] running = true
debug +++ [int] delay = 120000
debug +++ [int] repeatCount = 0
debug +++ [int] currentCount = 10
debug +++ [Boolean] running = true
debug +++ [int] delay = 120000
debug time 18:53:48.391 :: After HeartBeat Count=11 Result=5
debug time 18:55:47.395 :: Before HeartBeat Count=12 Time=Tue Jan 31 2012 18:55:47 GMT+0100 AccountId=29131007 Session=538ffe1f-fbce-40ae-bc50-11c8a1d051f2
debug ++ [int] eventPhase = 2
debug ++ [Boolean] bubbles = false
debug ++ [Boolean] cancelable = false
debug ++ [String] type = timer
debug +++ [int] repeatCount = 0
debug +++ [int] currentCount = 11
debug +++ [Boolean] running = true
debug +++ [int] delay = 120000
debug +++ [int] repeatCount = 0
debug +++ [int] currentCount = 11
debug +++ [Boolean] running = true
debug +++ [int] delay = 120000
debug time 18:55:48.391 :: After HeartBeat Count=12 Result=5
debug time 18:57:48.400 :: Before HeartBeat Count=13 Time=Tue Jan 31 2012 18:57:48 GMT+0100 AccountId=29131007 Session=538ffe1f-fbce-40ae-bc50-11c8a1d051f2
debug ++ [int] eventPhase = 2
debug ++ [Boolean] bubbles = false
debug ++ [Boolean] cancelable = false
debug ++ [String] type = timer
debug +++ [int] repeatCount = 0
debug +++ [int] currentCount = 12
debug +++ [Boolean] running = true
debug +++ [int] delay = 120000
debug +++ [int] repeatCount = 0
debug +++ [int] currentCount = 12
debug +++ [Boolean] running = true
debug +++ [int] delay = 120000
debug time 18:57:49.391 :: After HeartBeat Count=13 Result=5
debug time 18:59:48.421 :: Before HeartBeat Count=14 Time=Tue Jan 31 2012 18:59:48 GMT+0100 AccountId=29131007 Session=538ffe1f-fbce-40ae-bc50-11c8a1d051f2
debug ++ [int] eventPhase = 2
debug ++ [Boolean] bubbles = false
debug ++ [Boolean] cancelable = false
debug ++ [String] type = timer
debug +++ [int] repeatCount = 0
debug +++ [int] currentCount = 13
debug +++ [Boolean] running = true
debug +++ [int] delay = 120000
debug +++ [int] repeatCount = 0
debug +++ [int] currentCount = 13
debug +++ [Boolean] running = true
debug +++ [int] delay = 120000
debug time 18:59:49.391 :: After HeartBeat Count=14 Result=5
debug time 19:01:49.395 :: Before HeartBeat Count=15 Time=Tue Jan 31 2012 19:01:49 GMT+0100 AccountId=29131007 Session=538ffe1f-fbce-40ae-bc50-11c8a1d051f2
debug ++ [int] eventPhase = 2
debug ++ [Boolean] bubbles = false
debug ++ [Boolean] cancelable = false
debug ++ [String] type = timer
debug +++ [int] repeatCount = 0
debug +++ [int] currentCount = 14
debug +++ [Boolean] running = true
debug +++ [int] delay = 120000
debug +++ [int] repeatCount = 0
debug +++ [int] currentCount = 14
debug +++ [Boolean] running = true
debug +++ [int] delay = 120000
debug time 19:01:50.391 :: After HeartBeat Count=15 Result=5
debug time 19:03:50.396 :: Before HeartBeat Count=16 Time=Tue Jan 31 2012 19:03:50 GMT+0100 AccountId=29131007 Session=538ffe1f-fbce-40ae-bc50-11c8a1d051f2
debug ++ [int] eventPhase = 2
debug ++ [Boolean] bubbles = false
debug ++ [Boolean] cancelable = false
debug ++ [String] type = timer
debug +++ [int] repeatCount = 0
debug +++ [int] currentCount = 15
debug +++ [Boolean] running = true
debug +++ [int] delay = 120000
debug +++ [int] repeatCount = 0
debug +++ [int] currentCount = 15
debug +++ [Boolean] running = true
debug +++ [int] delay = 120000
debug time 19:03:51.391 :: After HeartBeat Count=16 Result=5
debug time 19:05:51.396 :: Before HeartBeat Count=17 Time=Tue Jan 31 2012 19:05:51 GMT+0100 AccountId=29131007 Session=538ffe1f-fbce-40ae-bc50-11c8a1d051f2
debug ++ [int] eventPhase = 2
debug ++ [Boolean] bubbles = false
debug ++ [Boolean] cancelable = false
debug ++ [String] type = timer
debug +++ [int] repeatCount = 0
debug +++ [int] currentCount = 16
debug +++ [Boolean] running = true
debug +++ [int] delay = 120000
debug +++ [int] repeatCount = 0
debug +++ [int] currentCount = 16
debug +++ [Boolean] running = true
debug +++ [int] delay = 120000
debug time 19:05:52.392 :: After HeartBeat Count=17 Result=5
debug time 19:07:51.395 :: Before HeartBeat Count=18 Time=Tue Jan 31 2012 19:07:51 GMT+0100 AccountId=29131007 Session=538ffe1f-fbce-40ae-bc50-11c8a1d051f2
debug ++ [int] eventPhase = 2
debug ++ [Boolean] bubbles = false
debug ++ [Boolean] cancelable = false
debug ++ [String] type = timer
debug +++ [int] repeatCount = 0
debug +++ [int] currentCount = 17
debug +++ [Boolean] running = true
debug +++ [int] delay = 120000
debug +++ [int] repeatCount = 0
debug +++ [int] currentCount = 17
debug +++ [Boolean] running = true
debug +++ [int] delay = 120000
debug time 19:07:52.391 :: After HeartBeat Count=18 Result=5
debug time 19:09:52.395 :: Before HeartBeat Count=19 Time=Tue Jan 31 2012 19:09:52 GMT+0100 AccountId=29131007 Session=538ffe1f-fbce-40ae-bc50-11c8a1d051f2
debug ++ [int] eventPhase = 2
debug ++ [Boolean] bubbles = false
debug ++ [Boolean] cancelable = false
debug ++ [String] type = timer
debug +++ [int] repeatCount = 0
debug +++ [int] currentCount = 18
debug +++ [Boolean] running = true
debug +++ [int] delay = 120000
debug +++ [int] repeatCount = 0
debug +++ [int] currentCount = 18
debug +++ [Boolean] running = true
debug +++ [int] delay = 120000
debug time 19:09:53.391 :: After HeartBeat Count=19 Result=5
debug time 19:11:00.243 :: Performing heartbeat at Tue Jan 31 2012 19:11:00 GMT+0100
debug time 19:11:52.421 :: Before HeartBeat Count=20 Time=Tue Jan 31 2012 19:11:52 GMT+0100 AccountId=29131007 Session=538ffe1f-fbce-40ae-bc50-11c8a1d051f2
debug ++ [int] eventPhase = 2
debug ++ [Boolean] bubbles = false
debug ++ [Boolean] cancelable = false
debug ++ [String] type = timer
debug +++ [int] repeatCount = 0
debug +++ [int] currentCount = 19
debug +++ [Boolean] running = true
debug +++ [int] delay = 120000
debug +++ [int] repeatCount = 0
debug +++ [int] currentCount = 19
debug +++ [Boolean] running = true
debug +++ [int] delay = 120000
debug time 19:11:52.643 :: After HeartBeat Count=20 Result=5
debug time 19:13:52.734 :: Before HeartBeat Count=21 Time=Tue Jan 31 2012 19:13:52 GMT+0100 AccountId=29131007 Session=538ffe1f-fbce-40ae-bc50-11c8a1d051f2
debug ++ [int] eventPhase = 2
debug ++ [Boolean] bubbles = false
debug ++ [Boolean] cancelable = false
debug ++ [String] type = timer
debug +++ [int] repeatCount = 0
debug +++ [int] currentCount = 20
debug +++ [Boolean] running = true
debug +++ [int] delay = 120000
debug +++ [int] repeatCount = 0
debug +++ [int] currentCount = 20
debug +++ [Boolean] running = true
debug +++ [int] delay = 120000
debug time 19:13:53.730 :: After HeartBeat Count=21 Result=5
debug time 19:15:52.734 :: Before HeartBeat Count=22 Time=Tue Jan 31 2012 19:15:52 GMT+0100 AccountId=29131007 Session=538ffe1f-fbce-40ae-bc50-11c8a1d051f2
debug ++ [int] eventPhase = 2
debug ++ [Boolean] bubbles = false
debug ++ [Boolean] cancelable = false
debug ++ [String] type = timer
debug +++ [int] repeatCount = 0
debug +++ [int] currentCount = 21
debug +++ [Boolean] running = true
debug +++ [int] delay = 120000
debug +++ [int] repeatCount = 0
debug +++ [int] currentCount = 21
debug +++ [Boolean] running = true
debug +++ [int] delay = 120000
debug time 19:15:53.730 :: After HeartBeat Count=22 Result=5
debug time 19:17:52.735 :: Before HeartBeat Count=23 Time=Tue Jan 31 2012 19:17:52 GMT+0100 AccountId=29131007 Session=538ffe1f-fbce-40ae-bc50-11c8a1d051f2
debug ++ [int] eventPhase = 2
debug ++ [Boolean] bubbles = false
debug ++ [Boolean] cancelable = false
debug ++ [String] type = timer
debug +++ [int] repeatCount = 0
debug +++ [int] currentCount = 22
debug +++ [Boolean] running = true
debug +++ [int] delay = 120000
debug +++ [int] repeatCount = 0
debug +++ [int] currentCount = 22
debug +++ [Boolean] running = true
debug +++ [int] delay = 120000
debug time 19:17:53.730 :: After HeartBeat Count=23 Result=5
debug time 19:19:52.760 :: Before HeartBeat Count=24 Time=Tue Jan 31 2012 19:19:52 GMT+0100 AccountId=29131007 Session=538ffe1f-fbce-40ae-bc50-11c8a1d051f2
debug ++ [int] eventPhase = 2
debug ++ [Boolean] bubbles = false
debug ++ [Boolean] cancelable = false
debug ++ [String] type = timer
debug +++ [int] repeatCount = 0
debug +++ [int] currentCount = 23
debug +++ [Boolean] running = true
debug +++ [int] delay = 120000
debug +++ [int] repeatCount = 0
debug +++ [int] currentCount = 23
debug +++ [Boolean] running = true
debug +++ [int] delay = 120000
debug time 19:19:53.730 :: After HeartBeat Count=24 Result=5
debug time 19:21:53.734 :: Before HeartBeat Count=25 Time=Tue Jan 31 2012 19:21:53 GMT+0100 AccountId=29131007 Session=538ffe1f-fbce-40ae-bc50-11c8a1d051f2
debug ++ [int] eventPhase = 2
debug ++ [Boolean] bubbles = false
debug ++ [Boolean] cancelable = false
debug ++ [String] type = timer
debug +++ [int] repeatCount = 0
debug +++ [int] currentCount = 24
debug +++ [Boolean] running = true
debug +++ [int] delay = 120000
debug +++ [int] repeatCount = 0
debug +++ [int] currentCount = 24
debug +++ [Boolean] running = true
debug +++ [int] delay = 120000
debug time 19:21:54.730 :: After HeartBeat Count=25 Result=5
debug time 19:23:54.735 :: Before HeartBeat Count=26 Time=Tue Jan 31 2012 19:23:54 GMT+0100 AccountId=29131007 Session=538ffe1f-fbce-40ae-bc50-11c8a1d051f2
debug ++ [int] eventPhase = 2
debug ++ [Boolean] bubbles = false
debug ++ [Boolean] cancelable = false
debug ++ [String] type = timer
debug +++ [int] repeatCount = 0
debug +++ [int] currentCount = 25
debug +++ [Boolean] running = true
debug +++ [int] delay = 120000
debug +++ [int] repeatCount = 0
debug +++ [int] currentCount = 25
debug +++ [Boolean] running = true
debug +++ [int] delay = 120000
debug time 19:23:55.731 :: After HeartBeat Count=26 Result=5
debug time 19:25:54.734 :: Before HeartBeat Count=27 Time=Tue Jan 31 2012 19:25:54 GMT+0100 AccountId=29131007 Session=538ffe1f-fbce-40ae-bc50-11c8a1d051f2
debug ++ [int] eventPhase = 2
debug ++ [Boolean] bubbles = false
debug ++ [Boolean] cancelable = false
debug ++ [String] type = timer
debug +++ [int] repeatCount = 0
debug +++ [int] currentCount = 26
debug +++ [Boolean] running = true
debug +++ [int] delay = 120000
debug +++ [int] repeatCount = 0
debug +++ [int] currentCount = 26
debug +++ [Boolean] running = true
debug +++ [int] delay = 120000
debug time 19:25:55.730 :: After HeartBeat Count=27 Result=5
debug time 19:27:54.734 :: Before HeartBeat Count=28 Time=Tue Jan 31 2012 19:27:54 GMT+0100 AccountId=29131007 Session=538ffe1f-fbce-40ae-bc50-11c8a1d051f2
debug ++ [int] eventPhase = 2
debug ++ [Boolean] bubbles = false
debug ++ [Boolean] cancelable = false
debug ++ [String] type = timer
debug +++ [int] repeatCount = 0
debug +++ [int] currentCount = 27
debug +++ [Boolean] running = true
debug +++ [int] delay = 120000
debug +++ [int] repeatCount = 0
debug +++ [int] currentCount = 27
debug +++ [Boolean] running = true
debug +++ [int] delay = 120000
debug time 19:27:55.730 :: After HeartBeat Count=28 Result=5
debug time 19:29:54.760 :: Before HeartBeat Count=29 Time=Tue Jan 31 2012 19:29:54 GMT+0100 AccountId=29131007 Session=538ffe1f-fbce-40ae-bc50-11c8a1d051f2
debug ++ [int] eventPhase = 2
debug ++ [Boolean] bubbles = false
debug ++ [Boolean] cancelable = false
debug ++ [String] type = timer
debug +++ [int] repeatCount = 0
debug +++ [int] currentCount = 28
debug +++ [Boolean] running = true
debug +++ [int] delay = 120000
debug +++ [int] repeatCount = 0
debug +++ [int] currentCount = 28
debug +++ [Boolean] running = true
debug +++ [int] delay = 120000
debug time 19:29:55.735 :: After HeartBeat Count=29 Result=5
debug time 19:31:55.733 :: Before HeartBeat Count=30 Time=Tue Jan 31 2012 19:31:55 GMT+0100 AccountId=29131007 Session=538ffe1f-fbce-40ae-bc50-11c8a1d051f2
debug ++ [int] eventPhase = 2
debug ++ [Boolean] bubbles = false
debug ++ [Boolean] cancelable = false
debug ++ [String] type = timer
debug +++ [int] repeatCount = 0
debug +++ [int] currentCount = 29
debug +++ [Boolean] running = true
debug +++ [int] delay = 120000
debug +++ [int] repeatCount = 0
debug +++ [int] currentCount = 29
debug +++ [Boolean] running = true
debug +++ [int] delay = 120000
debug time 19:31:56.730 :: After HeartBeat Count=30 Result=5
debug time 19:33:55.929 :: Before HeartBeat Count=31 Time=Tue Jan 31 2012 19:33:55 GMT+0100 AccountId=29131007 Session=538ffe1f-fbce-40ae-bc50-11c8a1d051f2
debug ++ [int] eventPhase = 2
debug ++ [Boolean] bubbles = false
debug ++ [Boolean] cancelable = false
debug ++ [String] type = timer
debug +++ [int] repeatCount = 0
debug +++ [int] currentCount = 30
debug +++ [Boolean] running = true
debug +++ [int] delay = 120000
debug +++ [int] repeatCount = 0
debug +++ [int] currentCount = 30
debug +++ [Boolean] running = true
debug +++ [int] delay = 120000
debug time 19:33:56.903 :: After HeartBeat Count=31 Result=5
debug time 19:35:56.902 :: Before HeartBeat Count=32 Time=Tue Jan 31 2012 19:35:56 GMT+0100 AccountId=29131007 Session=538ffe1f-fbce-40ae-bc50-11c8a1d051f2
debug ++ [int] eventPhase = 2
debug ++ [Boolean] bubbles = false
debug ++ [Boolean] cancelable = false
debug ++ [String] type = timer
debug +++ [int] repeatCount = 0
debug +++ [int] currentCount = 31
debug +++ [Boolean] running = true
debug +++ [int] delay = 120000
debug +++ [int] repeatCount = 0
debug +++ [int] currentCount = 31
debug +++ [Boolean] running = true
debug +++ [int] delay = 120000
debug time 19:35:57.898 :: After HeartBeat Count=32 Result=5
debug time 19:37:56.902 :: Before HeartBeat Count=33 Time=Tue Jan 31 2012 19:37:56 GMT+0100 AccountId=29131007 Session=538ffe1f-fbce-40ae-bc50-11c8a1d051f2
debug ++ [int] eventPhase = 2
debug ++ [Boolean] bubbles = false
debug ++ [Boolean] cancelable = false
debug ++ [String] type = timer
debug +++ [int] repeatCount = 0
debug +++ [int] currentCount = 32
debug +++ [Boolean] running = true
debug +++ [int] delay = 120000
debug +++ [int] repeatCount = 0
debug +++ [int] currentCount = 32
debug +++ [Boolean] running = true
debug +++ [int] delay = 120000
debug time 19:37:57.898 :: After HeartBeat Count=33 Result=5
debug time 19:39:56.903 :: Before HeartBeat Count=34 Time=Tue Jan 31 2012 19:39:56 GMT+0100 AccountId=29131007 Session=538ffe1f-fbce-40ae-bc50-11c8a1d051f2
debug ++ [int] eventPhase = 2
debug ++ [Boolean] bubbles = false
debug ++ [Boolean] cancelable = false
debug ++ [String] type = timer
debug +++ [int] repeatCount = 0
debug +++ [int] currentCount = 33
debug +++ [Boolean] running = true
debug +++ [int] delay = 120000
debug +++ [int] repeatCount = 0
debug +++ [int] currentCount = 33
debug +++ [Boolean] running = true
debug +++ [int] delay = 120000
debug time 19:39:57.899 :: After HeartBeat Count=34 Result=5
debug time 19:41:56.903 :: Before HeartBeat Count=35 Time=Tue Jan 31 2012 19:41:56 GMT+0100 AccountId=29131007 Session=538ffe1f-fbce-40ae-bc50-11c8a1d051f2
debug ++ [int] eventPhase = 2
debug ++ [Boolean] bubbles = false
debug ++ [Boolean] cancelable = false
debug ++ [String] type = timer
debug +++ [int] repeatCount = 0
debug +++ [int] currentCount = 34
debug +++ [Boolean] running = true
debug +++ [int] delay = 120000
debug +++ [int] repeatCount = 0
debug +++ [int] currentCount = 34
debug +++ [Boolean] running = true
debug +++ [int] delay = 120000
debug time 19:41:57.898 :: After HeartBeat Count=35 Result=5
debug time 19:43:57.119 :: Before HeartBeat Count=36 Time=Tue Jan 31 2012 19:43:57 GMT+0100 AccountId=29131007 Session=538ffe1f-fbce-40ae-bc50-11c8a1d051f2
debug ++ [int] eventPhase = 2
debug ++ [Boolean] bubbles = false
debug ++ [Boolean] cancelable = false
debug ++ [String] type = timer
debug +++ [int] repeatCount = 0
debug +++ [int] currentCount = 35
debug +++ [Boolean] running = true
debug +++ [int] delay = 120000
debug +++ [int] repeatCount = 0
debug +++ [int] currentCount = 35
debug +++ [Boolean] running = true
debug +++ [int] delay = 120000
debug time 19:43:57.328 :: After HeartBeat Count=36 Result=5
debug time 19:45:58.103 :: Before HeartBeat Count=37 Time=Tue Jan 31 2012 19:45:58 GMT+0100 AccountId=29131007 Session=538ffe1f-fbce-40ae-bc50-11c8a1d051f2
debug ++ [int] eventPhase = 2
debug ++ [Boolean] bubbles = false
debug ++ [Boolean] cancelable = false
debug ++ [String] type = timer
debug +++ [int] repeatCount = 0
debug +++ [int] currentCount = 36
debug +++ [Boolean] running = true
debug +++ [int] delay = 120000
debug +++ [int] repeatCount = 0
debug +++ [int] currentCount = 36
debug +++ [Boolean] running = true
debug +++ [int] delay = 120000
debug time 19:45:58.283 :: After HeartBeat Count=37 Result=5
debug time 19:47:58.103 :: Before HeartBeat Count=38 Time=Tue Jan 31 2012 19:47:58 GMT+0100 AccountId=29131007 Session=538ffe1f-fbce-40ae-bc50-11c8a1d051f2
debug ++ [int] eventPhase = 2
debug ++ [Boolean] bubbles = false
debug ++ [Boolean] cancelable = false
debug ++ [String] type = timer
debug +++ [int] repeatCount = 0
debug +++ [int] currentCount = 37
debug +++ [Boolean] running = true
debug +++ [int] delay = 120000
debug +++ [int] repeatCount = 0
debug +++ [int] currentCount = 37
debug +++ [Boolean] running = true
debug +++ [int] delay = 120000
debug time 19:47:58.282 :: After HeartBeat Count=38 Result=5
debug time 19:49:58.103 :: Before HeartBeat Count=39 Time=Tue Jan 31 2012 19:49:58 GMT+0100 AccountId=29131007 Session=538ffe1f-fbce-40ae-bc50-11c8a1d051f2
debug ++ [int] eventPhase = 2
debug ++ [Boolean] bubbles = false
debug ++ [Boolean] cancelable = false
debug ++ [String] type = timer
debug +++ [int] repeatCount = 0
debug +++ [int] currentCount = 38
debug +++ [Boolean] running = true
debug +++ [int] delay = 120000
debug +++ [int] repeatCount = 0
debug +++ [int] currentCount = 38
debug +++ [Boolean] running = true
debug +++ [int] delay = 120000
debug time 19:49:58.282 :: After HeartBeat Count=39 Result=5
debug time 19:51:58.103 :: Before HeartBeat Count=40 Time=Tue Jan 31 2012 19:51:58 GMT+0100 AccountId=29131007 Session=538ffe1f-fbce-40ae-bc50-11c8a1d051f2
debug ++ [int] eventPhase = 2
debug ++ [Boolean] bubbles = false
debug ++ [Boolean] cancelable = false
debug ++ [String] type = timer
debug +++ [int] repeatCount = 0
debug +++ [int] currentCount = 39
debug +++ [Boolean] running = true
debug +++ [int] delay = 120000
debug +++ [int] repeatCount = 0
debug +++ [int] currentCount = 39
debug +++ [Boolean] running = true
debug +++ [int] delay = 120000
debug time 19:51:58.282 :: After HeartBeat Count=40 Result=5
debug time 19:53:58.103 :: Before HeartBeat Count=41 Time=Tue Jan 31 2012 19:53:58 GMT+0100 AccountId=29131007 Session=538ffe1f-fbce-40ae-bc50-11c8a1d051f2
debug ++ [int] eventPhase = 2
debug ++ [Boolean] bubbles = false
debug ++ [Boolean] cancelable = false
debug ++ [String] type = timer
debug +++ [int] repeatCount = 0
debug +++ [int] currentCount = 40
debug +++ [Boolean] running = true
debug +++ [int] delay = 120000
debug +++ [int] repeatCount = 0
debug +++ [int] currentCount = 40
debug +++ [Boolean] running = true
debug +++ [int] delay = 120000
debug time 19:53:58.294 :: After HeartBeat Count=41 Result=5
debug time 19:55:58.109 :: Before HeartBeat Count=42 Time=Tue Jan 31 2012 19:55:58 GMT+0100 AccountId=29131007 Session=538ffe1f-fbce-40ae-bc50-11c8a1d051f2
debug ++ [int] eventPhase = 2
debug ++ [Boolean] bubbles = false
debug ++ [Boolean] cancelable = false
debug ++ [String] type = timer
debug +++ [int] repeatCount = 0
debug +++ [int] currentCount = 41
debug +++ [Boolean] running = true
debug +++ [int] delay = 120000
debug +++ [int] repeatCount = 0
debug +++ [int] currentCount = 41
debug +++ [Boolean] running = true
debug +++ [int] delay = 120000
debug time 19:55:58.288 :: After HeartBeat Count=42 Result=5
debug time 19:56:03.611 :: Performing heartbeat at Tue Jan 31 2012 19:56:03 GMT+0100
debug time 19:57:58.133 :: Before HeartBeat Count=43 Time=Tue Jan 31 2012 19:57:58 GMT+0100 AccountId=29131007 Session=538ffe1f-fbce-40ae-bc50-11c8a1d051f2
debug ++ [int] eventPhase = 2
debug ++ [Boolean] bubbles = false
debug ++ [Boolean] cancelable = false
debug ++ [String] type = timer
debug +++ [int] repeatCount = 0
debug +++ [int] currentCount = 42
debug +++ [Boolean] running = true
debug +++ [int] delay = 120000
debug +++ [int] repeatCount = 0
debug +++ [int] currentCount = 42
debug +++ [Boolean] running = true
debug +++ [int] delay = 120000
debug time 19:57:58.309 :: After HeartBeat Count=43 Result=5
