debug time 18:15:16.28 :: Before HeartBeat Count=1 Time=Thu Feb 9 2012 18:15:16 GMT+0100 AccountId=29131007 Session=5bb0c613-9c83-4c03-832f-bea614218695
STOP LOGGING: More than 0 nested objects or properties. 
debug time 18:15:16.751 :: After HeartBeat Count=1 Result=5
debug time 18:17:16.37 :: Before HeartBeat Count=2 Time=Thu Feb 9 2012 18:17:16 GMT+0100 AccountId=29131007 Session=5bb0c613-9c83-4c03-832f-bea614218695
debug ++ [int] eventPhase = 2
debug ++ [Boolean] bubbles = false
debug ++ [Boolean] cancelable = false
debug ++ [String] type = timer
debug +++ [int] repeatCount = 0
debug +++ [int] currentCount = 1
debug +++ [Boolean] running = true
debug +++ [int] delay = 120000
debug +++ [int] repeatCount = 0
debug +++ [int] currentCount = 1
debug +++ [Boolean] running = true
debug +++ [int] delay = 120000
debug time 18:17:16.216 :: After HeartBeat Count=2 Result=5
debug time 18:19:16.385 :: Before HeartBeat Count=3 Time=Thu Feb 9 2012 18:19:16 GMT+0100 AccountId=29131007 Session=5bb0c613-9c83-4c03-832f-bea614218695
debug ++ [int] eventPhase = 2
debug ++ [Boolean] bubbles = false
debug ++ [Boolean] cancelable = false
debug ++ [String] type = timer
debug +++ [int] repeatCount = 0
debug +++ [int] currentCount = 2
debug +++ [Boolean] running = true
debug +++ [int] delay = 120000
debug +++ [int] repeatCount = 0
debug +++ [int] currentCount = 2
debug +++ [Boolean] running = true
debug +++ [int] delay = 120000
debug time 18:19:16.556 :: After HeartBeat Count=3 Result=5
debug time 18:21:16.389 :: Before HeartBeat Count=4 Time=Thu Feb 9 2012 18:21:16 GMT+0100 AccountId=29131007 Session=5bb0c613-9c83-4c03-832f-bea614218695
debug ++ [int] eventPhase = 2
debug ++ [Boolean] bubbles = false
debug ++ [Boolean] cancelable = false
debug ++ [String] type = timer
debug +++ [int] repeatCount = 0
debug +++ [int] currentCount = 3
debug +++ [Boolean] running = true
debug +++ [int] delay = 120000
debug +++ [int] repeatCount = 0
debug +++ [int] currentCount = 3
debug +++ [Boolean] running = true
debug +++ [int] delay = 120000
debug time 18:21:16.562 :: After HeartBeat Count=4 Result=5
debug time 18:23:17.366 :: Before HeartBeat Count=5 Time=Thu Feb 9 2012 18:23:17 GMT+0100 AccountId=29131007 Session=5bb0c613-9c83-4c03-832f-bea614218695
debug ++ [int] eventPhase = 2
debug ++ [Boolean] bubbles = false
debug ++ [Boolean] cancelable = false
debug ++ [String] type = timer
debug +++ [int] repeatCount = 0
debug +++ [int] currentCount = 4
debug +++ [Boolean] running = true
debug +++ [int] delay = 120000
debug +++ [int] repeatCount = 0
debug +++ [int] currentCount = 4
debug +++ [Boolean] running = true
debug +++ [int] delay = 120000
debug time 18:23:17.536 :: After HeartBeat Count=5 Result=5
debug time 18:25:17.368 :: Before HeartBeat Count=6 Time=Thu Feb 9 2012 18:25:17 GMT+0100 AccountId=29131007 Session=5bb0c613-9c83-4c03-832f-bea614218695
debug ++ [int] eventPhase = 2
debug ++ [Boolean] bubbles = false
debug ++ [Boolean] cancelable = false
debug ++ [String] type = timer
debug +++ [int] repeatCount = 0
debug +++ [int] currentCount = 5
debug +++ [Boolean] running = true
debug +++ [int] delay = 120000
debug +++ [int] repeatCount = 0
debug +++ [int] currentCount = 5
debug +++ [Boolean] running = true
debug +++ [int] delay = 120000
debug time 18:25:17.540 :: After HeartBeat Count=6 Result=5
debug time 18:27:17.393 :: Before HeartBeat Count=7 Time=Thu Feb 9 2012 18:27:17 GMT+0100 AccountId=29131007 Session=5bb0c613-9c83-4c03-832f-bea614218695
debug ++ [int] eventPhase = 2
debug ++ [Boolean] bubbles = false
debug ++ [Boolean] cancelable = false
debug ++ [String] type = timer
debug +++ [int] repeatCount = 0
debug +++ [int] currentCount = 6
debug +++ [Boolean] running = true
debug +++ [int] delay = 120000
debug +++ [int] repeatCount = 0
debug +++ [int] currentCount = 6
debug +++ [Boolean] running = true
debug +++ [int] delay = 120000
debug time 18:27:17.597 :: After HeartBeat Count=7 Result=5
debug time 18:29:18.373 :: Before HeartBeat Count=8 Time=Thu Feb 9 2012 18:29:18 GMT+0100 AccountId=29131007 Session=5bb0c613-9c83-4c03-832f-bea614218695
debug ++ [int] eventPhase = 2
debug ++ [Boolean] bubbles = false
debug ++ [Boolean] cancelable = false
debug ++ [String] type = timer
debug +++ [int] repeatCount = 0
debug +++ [int] currentCount = 7
debug +++ [Boolean] running = true
debug +++ [int] delay = 120000
debug +++ [int] repeatCount = 0
debug +++ [int] currentCount = 7
debug +++ [Boolean] running = true
debug +++ [int] delay = 120000
debug time 18:29:18.543 :: After HeartBeat Count=8 Result=5
debug time 18:31:18.389 :: Before HeartBeat Count=9 Time=Thu Feb 9 2012 18:31:18 GMT+0100 AccountId=29131007 Session=5bb0c613-9c83-4c03-832f-bea614218695
debug ++ [int] eventPhase = 2
debug ++ [Boolean] bubbles = false
debug ++ [Boolean] cancelable = false
debug ++ [String] type = timer
debug +++ [int] repeatCount = 0
debug +++ [int] currentCount = 8
debug +++ [Boolean] running = true
debug +++ [int] delay = 120000
debug +++ [int] repeatCount = 0
debug +++ [int] currentCount = 8
debug +++ [Boolean] running = true
debug +++ [int] delay = 120000
debug time 18:31:18.560 :: After HeartBeat Count=9 Result=5
debug time 18:33:19.371 :: Before HeartBeat Count=10 Time=Thu Feb 9 2012 18:33:19 GMT+0100 AccountId=29131007 Session=5bb0c613-9c83-4c03-832f-bea614218695
debug ++ [int] eventPhase = 2
debug ++ [Boolean] bubbles = false
debug ++ [Boolean] cancelable = false
debug ++ [String] type = timer
debug +++ [int] repeatCount = 0
debug +++ [int] currentCount = 9
debug +++ [Boolean] running = true
debug +++ [int] delay = 120000
debug +++ [int] repeatCount = 0
debug +++ [int] currentCount = 9
debug +++ [Boolean] running = true
debug +++ [int] delay = 120000
debug time 18:33:19.543 :: After HeartBeat Count=10 Result=5
debug time 18:35:20.372 :: Before HeartBeat Count=11 Time=Thu Feb 9 2012 18:35:20 GMT+0100 AccountId=29131007 Session=5bb0c613-9c83-4c03-832f-bea614218695
debug ++ [int] eventPhase = 2
debug ++ [Boolean] bubbles = false
debug ++ [Boolean] cancelable = false
debug ++ [String] type = timer
debug +++ [int] repeatCount = 0
debug +++ [int] currentCount = 10
debug +++ [Boolean] running = true
debug +++ [int] delay = 120000
debug +++ [int] repeatCount = 0
debug +++ [int] currentCount = 10
debug +++ [Boolean] running = true
debug +++ [int] delay = 120000
debug time 18:35:20.542 :: After HeartBeat Count=11 Result=5
debug time 18:37:20.403 :: Before HeartBeat Count=12 Time=Thu Feb 9 2012 18:37:20 GMT+0100 AccountId=29131007 Session=5bb0c613-9c83-4c03-832f-bea614218695
debug ++ [int] eventPhase = 2
debug ++ [Boolean] bubbles = false
debug ++ [Boolean] cancelable = false
debug ++ [String] type = timer
debug +++ [int] repeatCount = 0
debug +++ [int] currentCount = 11
debug +++ [Boolean] running = true
debug +++ [int] delay = 120000
debug +++ [int] repeatCount = 0
debug +++ [int] currentCount = 11
debug +++ [Boolean] running = true
debug +++ [int] delay = 120000
debug time 18:37:20.590 :: After HeartBeat Count=12 Result=5
debug time 18:39:21.400 :: Before HeartBeat Count=13 Time=Thu Feb 9 2012 18:39:21 GMT+0100 AccountId=29131007 Session=5bb0c613-9c83-4c03-832f-bea614218695
debug ++ [int] eventPhase = 2
debug ++ [Boolean] bubbles = false
debug ++ [Boolean] cancelable = false
debug ++ [String] type = timer
debug +++ [int] repeatCount = 0
debug +++ [int] currentCount = 12
debug +++ [Boolean] running = true
debug +++ [int] delay = 120000
debug +++ [int] repeatCount = 0
debug +++ [int] currentCount = 12
debug +++ [Boolean] running = true
debug +++ [int] delay = 120000
debug time 18:39:21.571 :: After HeartBeat Count=13 Result=5
debug time 18:41:22.374 :: Before HeartBeat Count=14 Time=Thu Feb 9 2012 18:41:22 GMT+0100 AccountId=29131007 Session=5bb0c613-9c83-4c03-832f-bea614218695
debug ++ [int] eventPhase = 2
debug ++ [Boolean] bubbles = false
debug ++ [Boolean] cancelable = false
debug ++ [String] type = timer
debug +++ [int] repeatCount = 0
debug +++ [int] currentCount = 13
debug +++ [Boolean] running = true
debug +++ [int] delay = 120000
debug +++ [int] repeatCount = 0
debug +++ [int] currentCount = 13
debug +++ [Boolean] running = true
debug +++ [int] delay = 120000
debug time 18:41:22.553 :: After HeartBeat Count=14 Result=5
debug time 18:43:22.374 :: Before HeartBeat Count=15 Time=Thu Feb 9 2012 18:43:22 GMT+0100 AccountId=29131007 Session=5bb0c613-9c83-4c03-832f-bea614218695
debug ++ [int] eventPhase = 2
debug ++ [Boolean] bubbles = false
debug ++ [Boolean] cancelable = false
debug ++ [String] type = timer
debug +++ [int] repeatCount = 0
debug +++ [int] currentCount = 14
debug +++ [Boolean] running = true
debug +++ [int] delay = 120000
debug +++ [int] repeatCount = 0
debug +++ [int] currentCount = 14
debug +++ [Boolean] running = true
debug +++ [int] delay = 120000
debug time 18:43:22.544 :: After HeartBeat Count=15 Result=5
debug time 18:44:56.756 :: Performing heartbeat at Thu Feb 9 2012 18:44:56 GMT+0100
debug time 18:45:22.391 :: Before HeartBeat Count=16 Time=Thu Feb 9 2012 18:45:22 GMT+0100 AccountId=29131007 Session=5bb0c613-9c83-4c03-832f-bea614218695
debug ++ [int] eventPhase = 2
debug ++ [Boolean] bubbles = false
debug ++ [Boolean] cancelable = false
debug ++ [String] type = timer
debug +++ [int] repeatCount = 0
debug +++ [int] currentCount = 15
debug +++ [Boolean] running = true
debug +++ [int] delay = 120000
debug +++ [int] repeatCount = 0
debug +++ [int] currentCount = 15
debug +++ [Boolean] running = true
debug +++ [int] delay = 120000
debug time 18:45:22.566 :: After HeartBeat Count=16 Result=5
