debug time 18:20:54.443 :: Before HeartBeat Count=1 Time=Tue Nov 29 2011 18:20:54 GMT+0100 AccountId=28699575 Session=4ad231a4-cff6-48f7-8d6a-7cb580efbbe1
STOP LOGGING: More than 0 nested objects or properties. 
debug time 18:20:56.113 :: After HeartBeat Count=1 Result=5
debug time 18:23:54.473 :: Before HeartBeat Count=2 Time=Tue Nov 29 2011 18:23:54 GMT+0100 AccountId=28699575 Session=4ad231a4-cff6-48f7-8d6a-7cb580efbbe1
debug ++ [int] eventPhase = 2
debug ++ [Boolean] bubbles = false
debug ++ [Boolean] cancelable = false
debug ++ [String] type = timer
debug +++ [int] repeatCount = 0
debug +++ [int] currentCount = 1
debug +++ [Boolean] running = true
debug +++ [int] delay = 180000
debug +++ [int] repeatCount = 0
debug +++ [int] currentCount = 1
debug +++ [Boolean] running = true
debug +++ [int] delay = 180000
debug time 18:23:54.673 :: After HeartBeat Count=2 Result=5
debug time 18:26:55.285 :: Before HeartBeat Count=3 Time=Tue Nov 29 2011 18:26:55 GMT+0100 AccountId=28699575 Session=4ad231a4-cff6-48f7-8d6a-7cb580efbbe1
debug ++ [int] eventPhase = 2
debug ++ [Boolean] bubbles = false
debug ++ [Boolean] cancelable = false
debug ++ [String] type = timer
debug +++ [int] repeatCount = 0
debug +++ [int] currentCount = 2
debug +++ [Boolean] running = true
debug +++ [int] delay = 180000
debug +++ [int] repeatCount = 0
debug +++ [int] currentCount = 2
debug +++ [Boolean] running = true
debug +++ [int] delay = 180000
debug time 18:26:56.281 :: After HeartBeat Count=3 Result=5
debug time 18:29:55.283 :: Before HeartBeat Count=4 Time=Tue Nov 29 2011 18:29:55 GMT+0100 AccountId=28699575 Session=4ad231a4-cff6-48f7-8d6a-7cb580efbbe1
debug ++ [int] eventPhase = 2
debug ++ [Boolean] bubbles = false
debug ++ [Boolean] cancelable = false
debug ++ [String] type = timer
debug +++ [int] repeatCount = 0
debug +++ [int] currentCount = 3
debug +++ [Boolean] running = true
debug +++ [int] delay = 180000
debug +++ [int] repeatCount = 0
debug +++ [int] currentCount = 3
debug +++ [Boolean] running = true
debug +++ [int] delay = 180000
debug time 18:29:56.280 :: After HeartBeat Count=4 Result=5
debug time 18:32:55.284 :: Before HeartBeat Count=5 Time=Tue Nov 29 2011 18:32:55 GMT+0100 AccountId=28699575 Session=4ad231a4-cff6-48f7-8d6a-7cb580efbbe1
debug ++ [int] eventPhase = 2
debug ++ [Boolean] bubbles = false
debug ++ [Boolean] cancelable = false
debug ++ [String] type = timer
debug +++ [int] repeatCount = 0
debug +++ [int] currentCount = 4
debug +++ [Boolean] running = true
debug +++ [int] delay = 180000
debug +++ [int] repeatCount = 0
debug +++ [int] currentCount = 4
debug +++ [Boolean] running = true
debug +++ [int] delay = 180000
debug time 18:32:56.280 :: After HeartBeat Count=5 Result=5
debug time 18:35:55.285 :: Before HeartBeat Count=6 Time=Tue Nov 29 2011 18:35:55 GMT+0100 AccountId=28699575 Session=4ad231a4-cff6-48f7-8d6a-7cb580efbbe1
debug ++ [int] eventPhase = 2
debug ++ [Boolean] bubbles = false
debug ++ [Boolean] cancelable = false
debug ++ [String] type = timer
debug +++ [int] repeatCount = 0
debug +++ [int] currentCount = 5
debug +++ [Boolean] running = true
debug +++ [int] delay = 180000
debug +++ [int] repeatCount = 0
debug +++ [int] currentCount = 5
debug +++ [Boolean] running = true
debug +++ [int] delay = 180000
debug time 18:35:56.281 :: After HeartBeat Count=6 Result=5
debug time 18:38:55.284 :: Before HeartBeat Count=7 Time=Tue Nov 29 2011 18:38:55 GMT+0100 AccountId=28699575 Session=4ad231a4-cff6-48f7-8d6a-7cb580efbbe1
debug ++ [int] eventPhase = 2
debug ++ [Boolean] bubbles = false
debug ++ [Boolean] cancelable = false
debug ++ [String] type = timer
debug +++ [int] repeatCount = 0
debug +++ [int] currentCount = 6
debug +++ [Boolean] running = true
debug +++ [int] delay = 180000
debug +++ [int] repeatCount = 0
debug +++ [int] currentCount = 6
debug +++ [Boolean] running = true
debug +++ [int] delay = 180000
debug time 18:38:56.280 :: After HeartBeat Count=7 Result=5
debug time 18:41:55.309 :: Before HeartBeat Count=8 Time=Tue Nov 29 2011 18:41:55 GMT+0100 AccountId=28699575 Session=4ad231a4-cff6-48f7-8d6a-7cb580efbbe1
debug ++ [int] eventPhase = 2
debug ++ [Boolean] bubbles = false
debug ++ [Boolean] cancelable = false
debug ++ [String] type = timer
debug +++ [int] repeatCount = 0
debug +++ [int] currentCount = 7
debug +++ [Boolean] running = true
debug +++ [int] delay = 180000
debug +++ [int] repeatCount = 0
debug +++ [int] currentCount = 7
debug +++ [Boolean] running = true
debug +++ [int] delay = 180000
debug time 18:41:56.280 :: After HeartBeat Count=8 Result=5
debug time 18:44:56.285 :: Before HeartBeat Count=9 Time=Tue Nov 29 2011 18:44:56 GMT+0100 AccountId=28699575 Session=4ad231a4-cff6-48f7-8d6a-7cb580efbbe1
debug ++ [int] eventPhase = 2
debug ++ [Boolean] bubbles = false
debug ++ [Boolean] cancelable = false
debug ++ [String] type = timer
debug +++ [int] repeatCount = 0
debug +++ [int] currentCount = 8
debug +++ [Boolean] running = true
debug +++ [int] delay = 180000
debug +++ [int] repeatCount = 0
debug +++ [int] currentCount = 8
debug +++ [Boolean] running = true
debug +++ [int] delay = 180000
debug time 18:44:57.281 :: After HeartBeat Count=9 Result=5
debug time 18:47:56.285 :: Before HeartBeat Count=10 Time=Tue Nov 29 2011 18:47:56 GMT+0100 AccountId=28699575 Session=4ad231a4-cff6-48f7-8d6a-7cb580efbbe1
debug ++ [int] eventPhase = 2
debug ++ [Boolean] bubbles = false
debug ++ [Boolean] cancelable = false
debug ++ [String] type = timer
debug +++ [int] repeatCount = 0
debug +++ [int] currentCount = 9
debug +++ [Boolean] running = true
debug +++ [int] delay = 180000
debug +++ [int] repeatCount = 0
debug +++ [int] currentCount = 9
debug +++ [Boolean] running = true
debug +++ [int] delay = 180000
debug time 18:47:57.280 :: After HeartBeat Count=10 Result=5
debug time 18:50:57.283 :: Before HeartBeat Count=11 Time=Tue Nov 29 2011 18:50:57 GMT+0100 AccountId=28699575 Session=4ad231a4-cff6-48f7-8d6a-7cb580efbbe1
debug ++ [int] eventPhase = 2
debug ++ [Boolean] bubbles = false
debug ++ [Boolean] cancelable = false
debug ++ [String] type = timer
debug +++ [int] repeatCount = 0
debug +++ [int] currentCount = 10
debug +++ [Boolean] running = true
debug +++ [int] delay = 180000
debug +++ [int] repeatCount = 0
debug +++ [int] currentCount = 10
debug +++ [Boolean] running = true
debug +++ [int] delay = 180000
debug time 18:50:58.280 :: After HeartBeat Count=11 Result=5
debug time 18:53:29.328 :: Performing heartbeat at Tue Nov 29 2011 18:53:29 GMT+0100
debug time 18:53:57.320 :: Before HeartBeat Count=12 Time=Tue Nov 29 2011 18:53:57 GMT+0100 AccountId=28699575 Session=4ad231a4-cff6-48f7-8d6a-7cb580efbbe1
debug ++ [int] eventPhase = 2
debug ++ [Boolean] bubbles = false
debug ++ [Boolean] cancelable = false
debug ++ [String] type = timer
debug +++ [int] repeatCount = 0
debug +++ [int] currentCount = 11
debug +++ [Boolean] running = true
debug +++ [int] delay = 180000
debug +++ [int] repeatCount = 0
debug +++ [int] currentCount = 11
debug +++ [Boolean] running = true
debug +++ [int] delay = 180000
debug time 18:53:57.522 :: After HeartBeat Count=12 Result=5
debug time 18:56:58.72 :: Before HeartBeat Count=13 Time=Tue Nov 29 2011 18:56:58 GMT+0100 AccountId=28699575 Session=4ad231a4-cff6-48f7-8d6a-7cb580efbbe1
debug ++ [int] eventPhase = 2
debug ++ [Boolean] bubbles = false
debug ++ [Boolean] cancelable = false
debug ++ [String] type = timer
debug +++ [int] repeatCount = 0
debug +++ [int] currentCount = 12
debug +++ [Boolean] running = true
debug +++ [int] delay = 180000
debug +++ [int] repeatCount = 0
debug +++ [int] currentCount = 12
debug +++ [Boolean] running = true
debug +++ [int] delay = 180000
debug time 18:56:59.67 :: After HeartBeat Count=13 Result=5
debug time 18:59:59.71 :: Before HeartBeat Count=14 Time=Tue Nov 29 2011 18:59:59 GMT+0100 AccountId=28699575 Session=4ad231a4-cff6-48f7-8d6a-7cb580efbbe1
debug ++ [int] eventPhase = 2
debug ++ [Boolean] bubbles = false
debug ++ [Boolean] cancelable = false
debug ++ [String] type = timer
debug +++ [int] repeatCount = 0
debug +++ [int] currentCount = 13
debug +++ [Boolean] running = true
debug +++ [int] delay = 180000
debug +++ [int] repeatCount = 0
debug +++ [int] currentCount = 13
debug +++ [Boolean] running = true
debug +++ [int] delay = 180000
debug time 19:00:00.67 :: After HeartBeat Count=14 Result=5
debug time 19:02:59.81 :: Before HeartBeat Count=15 Time=Tue Nov 29 2011 19:02:59 GMT+0100 AccountId=28699575 Session=4ad231a4-cff6-48f7-8d6a-7cb580efbbe1
debug ++ [int] eventPhase = 2
debug ++ [Boolean] bubbles = false
debug ++ [Boolean] cancelable = false
debug ++ [String] type = timer
debug +++ [int] repeatCount = 0
debug +++ [int] currentCount = 14
debug +++ [Boolean] running = true
debug +++ [int] delay = 180000
debug +++ [int] repeatCount = 0
debug +++ [int] currentCount = 14
debug +++ [Boolean] running = true
debug +++ [int] delay = 180000
debug time 19:03:00.68 :: After HeartBeat Count=15 Result=5
debug time 19:05:59.98 :: Before HeartBeat Count=16 Time=Tue Nov 29 2011 19:05:59 GMT+0100 AccountId=28699575 Session=4ad231a4-cff6-48f7-8d6a-7cb580efbbe1
debug ++ [int] eventPhase = 2
debug ++ [Boolean] bubbles = false
debug ++ [Boolean] cancelable = false
debug ++ [String] type = timer
debug +++ [int] repeatCount = 0
debug +++ [int] currentCount = 15
debug +++ [Boolean] running = true
debug +++ [int] delay = 180000
debug +++ [int] repeatCount = 0
debug +++ [int] currentCount = 15
debug +++ [Boolean] running = true
debug +++ [int] delay = 180000
debug time 19:06:00.73 :: After HeartBeat Count=16 Result=5
debug time 19:09:00.102 :: Before HeartBeat Count=17 Time=Tue Nov 29 2011 19:09:00 GMT+0100 AccountId=28699575 Session=4ad231a4-cff6-48f7-8d6a-7cb580efbbe1
debug ++ [int] eventPhase = 2
debug ++ [Boolean] bubbles = false
debug ++ [Boolean] cancelable = false
debug ++ [String] type = timer
debug +++ [int] repeatCount = 0
debug +++ [int] currentCount = 16
debug +++ [Boolean] running = true
debug +++ [int] delay = 180000
debug +++ [int] repeatCount = 0
debug +++ [int] currentCount = 16
debug +++ [Boolean] running = true
debug +++ [int] delay = 180000
debug time 19:09:01.72 :: After HeartBeat Count=17 Result=5
debug time 19:12:01.97 :: Before HeartBeat Count=18 Time=Tue Nov 29 2011 19:12:01 GMT+0100 AccountId=28699575 Session=4ad231a4-cff6-48f7-8d6a-7cb580efbbe1
debug ++ [int] eventPhase = 2
debug ++ [Boolean] bubbles = false
debug ++ [Boolean] cancelable = false
debug ++ [String] type = timer
debug +++ [int] repeatCount = 0
debug +++ [int] currentCount = 17
debug +++ [Boolean] running = true
debug +++ [int] delay = 180000
debug +++ [int] repeatCount = 0
debug +++ [int] currentCount = 17
debug +++ [Boolean] running = true
debug +++ [int] delay = 180000
debug time 19:12:02.73 :: After HeartBeat Count=18 Result=5
debug time 19:15:02.90 :: Before HeartBeat Count=19 Time=Tue Nov 29 2011 19:15:02 GMT+0100 AccountId=28699575 Session=4ad231a4-cff6-48f7-8d6a-7cb580efbbe1
debug ++ [int] eventPhase = 2
debug ++ [Boolean] bubbles = false
debug ++ [Boolean] cancelable = false
debug ++ [String] type = timer
debug +++ [int] repeatCount = 0
debug +++ [int] currentCount = 18
debug +++ [Boolean] running = true
debug +++ [int] delay = 180000
debug +++ [int] repeatCount = 0
debug +++ [int] currentCount = 18
debug +++ [Boolean] running = true
debug +++ [int] delay = 180000
debug time 19:15:03.67 :: After HeartBeat Count=19 Result=5
debug time 19:18:03.97 :: Before HeartBeat Count=20 Time=Tue Nov 29 2011 19:18:03 GMT+0100 AccountId=28699575 Session=4ad231a4-cff6-48f7-8d6a-7cb580efbbe1
debug ++ [int] eventPhase = 2
debug ++ [Boolean] bubbles = false
debug ++ [Boolean] cancelable = false
debug ++ [String] type = timer
debug +++ [int] repeatCount = 0
debug +++ [int] currentCount = 19
debug +++ [Boolean] running = true
debug +++ [int] delay = 180000
debug +++ [int] repeatCount = 0
debug +++ [int] currentCount = 19
debug +++ [Boolean] running = true
debug +++ [int] delay = 180000
debug time 19:18:04.72 :: After HeartBeat Count=20 Result=5
debug time 19:21:04.103 :: Before HeartBeat Count=21 Time=Tue Nov 29 2011 19:21:04 GMT+0100 AccountId=28699575 Session=4ad231a4-cff6-48f7-8d6a-7cb580efbbe1
debug ++ [int] eventPhase = 2
debug ++ [Boolean] bubbles = false
debug ++ [Boolean] cancelable = false
debug ++ [String] type = timer
debug +++ [int] repeatCount = 0
debug +++ [int] currentCount = 20
debug +++ [Boolean] running = true
debug +++ [int] delay = 180000
debug +++ [int] repeatCount = 0
debug +++ [int] currentCount = 20
debug +++ [Boolean] running = true
debug +++ [int] delay = 180000
debug time 19:21:05.73 :: After HeartBeat Count=21 Result=5
debug time 19:24:05.71 :: Before HeartBeat Count=22 Time=Tue Nov 29 2011 19:24:05 GMT+0100 AccountId=28699575 Session=4ad231a4-cff6-48f7-8d6a-7cb580efbbe1
debug ++ [int] eventPhase = 2
debug ++ [Boolean] bubbles = false
debug ++ [Boolean] cancelable = false
debug ++ [String] type = timer
debug +++ [int] repeatCount = 0
debug +++ [int] currentCount = 21
debug +++ [Boolean] running = true
debug +++ [int] delay = 180000
debug +++ [int] repeatCount = 0
debug +++ [int] currentCount = 21
debug +++ [Boolean] running = true
debug +++ [int] delay = 180000
debug time 19:24:06.67 :: After HeartBeat Count=22 Result=5
debug time 19:27:05.72 :: Before HeartBeat Count=23 Time=Tue Nov 29 2011 19:27:05 GMT+0100 AccountId=28699575 Session=4ad231a4-cff6-48f7-8d6a-7cb580efbbe1
debug ++ [int] eventPhase = 2
debug ++ [Boolean] bubbles = false
debug ++ [Boolean] cancelable = false
debug ++ [String] type = timer
debug +++ [int] repeatCount = 0
debug +++ [int] currentCount = 22
debug +++ [Boolean] running = true
debug +++ [int] delay = 180000
debug +++ [int] repeatCount = 0
debug +++ [int] currentCount = 22
debug +++ [Boolean] running = true
debug +++ [int] delay = 180000
debug time 19:27:06.67 :: After HeartBeat Count=23 Result=5
debug time 19:30:05.338 :: Before HeartBeat Count=24 Time=Tue Nov 29 2011 19:30:05 GMT+0100 AccountId=28699575 Session=4ad231a4-cff6-48f7-8d6a-7cb580efbbe1
debug ++ [int] eventPhase = 2
debug ++ [Boolean] bubbles = false
debug ++ [Boolean] cancelable = false
debug ++ [String] type = timer
debug +++ [int] repeatCount = 0
debug +++ [int] currentCount = 23
debug +++ [Boolean] running = true
debug +++ [int] delay = 180000
debug +++ [int] repeatCount = 0
debug +++ [int] currentCount = 23
debug +++ [Boolean] running = true
debug +++ [int] delay = 180000
debug time 19:30:06.334 :: After HeartBeat Count=24 Result=5
debug time 19:33:05.338 :: Before HeartBeat Count=25 Time=Tue Nov 29 2011 19:33:05 GMT+0100 AccountId=28699575 Session=4ad231a4-cff6-48f7-8d6a-7cb580efbbe1
debug ++ [int] eventPhase = 2
debug ++ [Boolean] bubbles = false
debug ++ [Boolean] cancelable = false
debug ++ [String] type = timer
debug +++ [int] repeatCount = 0
debug +++ [int] currentCount = 24
debug +++ [Boolean] running = true
debug +++ [int] delay = 180000
debug +++ [int] repeatCount = 0
debug +++ [int] currentCount = 24
debug +++ [Boolean] running = true
debug +++ [int] delay = 180000
debug time 19:33:06.334 :: After HeartBeat Count=25 Result=5
debug time 19:36:05.338 :: Before HeartBeat Count=26 Time=Tue Nov 29 2011 19:36:05 GMT+0100 AccountId=28699575 Session=4ad231a4-cff6-48f7-8d6a-7cb580efbbe1
debug ++ [int] eventPhase = 2
debug ++ [Boolean] bubbles = false
debug ++ [Boolean] cancelable = false
debug ++ [String] type = timer
debug +++ [int] repeatCount = 0
debug +++ [int] currentCount = 25
debug +++ [Boolean] running = true
debug +++ [int] delay = 180000
debug +++ [int] repeatCount = 0
debug +++ [int] currentCount = 25
debug +++ [Boolean] running = true
debug +++ [int] delay = 180000
debug time 19:36:06.333 :: After HeartBeat Count=26 Result=5
debug time 19:36:43.509 :: Performing heartbeat at Tue Nov 29 2011 19:36:43 GMT+0100
debug time 19:39:05.358 :: Before HeartBeat Count=27 Time=Tue Nov 29 2011 19:39:05 GMT+0100 AccountId=28699575 Session=4ad231a4-cff6-48f7-8d6a-7cb580efbbe1
debug ++ [int] eventPhase = 2
debug ++ [Boolean] bubbles = false
debug ++ [Boolean] cancelable = false
debug ++ [String] type = timer
debug +++ [int] repeatCount = 0
debug +++ [int] currentCount = 26
debug +++ [Boolean] running = true
debug +++ [int] delay = 180000
debug +++ [int] repeatCount = 0
debug +++ [int] currentCount = 26
debug +++ [Boolean] running = true
debug +++ [int] delay = 180000
debug time 19:39:05.555 :: After HeartBeat Count=27 Result=5
debug time 19:42:05.424 :: Before HeartBeat Count=28 Time=Tue Nov 29 2011 19:42:05 GMT+0100 AccountId=28699575 Session=4ad231a4-cff6-48f7-8d6a-7cb580efbbe1
debug ++ [int] eventPhase = 2
debug ++ [Boolean] bubbles = false
debug ++ [Boolean] cancelable = false
debug ++ [String] type = timer
debug +++ [int] repeatCount = 0
debug +++ [int] currentCount = 27
debug +++ [Boolean] running = true
debug +++ [int] delay = 180000
debug +++ [int] repeatCount = 0
debug +++ [int] currentCount = 27
debug +++ [Boolean] running = true
debug +++ [int] delay = 180000
debug time 19:42:05.600 :: After HeartBeat Count=28 Result=5
debug time 19:45:05.731 :: Before HeartBeat Count=29 Time=Tue Nov 29 2011 19:45:05 GMT+0100 AccountId=28699575 Session=4ad231a4-cff6-48f7-8d6a-7cb580efbbe1
debug ++ [int] eventPhase = 2
debug ++ [Boolean] bubbles = false
debug ++ [Boolean] cancelable = false
debug ++ [String] type = timer
debug +++ [int] repeatCount = 0
debug +++ [int] currentCount = 28
debug +++ [Boolean] running = true
debug +++ [int] delay = 180000
debug +++ [int] repeatCount = 0
debug +++ [int] currentCount = 28
debug +++ [Boolean] running = true
debug +++ [int] delay = 180000
debug time 19:45:05.908 :: After HeartBeat Count=29 Result=5
debug time 19:48:06.723 :: Before HeartBeat Count=30 Time=Tue Nov 29 2011 19:48:06 GMT+0100 AccountId=28699575 Session=4ad231a4-cff6-48f7-8d6a-7cb580efbbe1
debug ++ [int] eventPhase = 2
debug ++ [Boolean] bubbles = false
debug ++ [Boolean] cancelable = false
debug ++ [String] type = timer
debug +++ [int] repeatCount = 0
debug +++ [int] currentCount = 29
debug +++ [Boolean] running = true
debug +++ [int] delay = 180000
debug +++ [int] repeatCount = 0
debug +++ [int] currentCount = 29
debug +++ [Boolean] running = true
debug +++ [int] delay = 180000
debug time 19:48:06.902 :: After HeartBeat Count=30 Result=5
debug time 19:51:06.745 :: Before HeartBeat Count=31 Time=Tue Nov 29 2011 19:51:06 GMT+0100 AccountId=28699575 Session=4ad231a4-cff6-48f7-8d6a-7cb580efbbe1
debug ++ [int] eventPhase = 2
debug ++ [Boolean] bubbles = false
debug ++ [Boolean] cancelable = false
debug ++ [String] type = timer
debug +++ [int] repeatCount = 0
debug +++ [int] currentCount = 30
debug +++ [Boolean] running = true
debug +++ [int] delay = 180000
debug +++ [int] repeatCount = 0
debug +++ [int] currentCount = 30
debug +++ [Boolean] running = true
debug +++ [int] delay = 180000
debug time 19:51:06.925 :: After HeartBeat Count=31 Result=5
debug time 19:54:07.723 :: Before HeartBeat Count=32 Time=Tue Nov 29 2011 19:54:07 GMT+0100 AccountId=28699575 Session=4ad231a4-cff6-48f7-8d6a-7cb580efbbe1
debug ++ [int] eventPhase = 2
debug ++ [Boolean] bubbles = false
debug ++ [Boolean] cancelable = false
debug ++ [String] type = timer
debug +++ [int] repeatCount = 0
debug +++ [int] currentCount = 31
debug +++ [Boolean] running = true
debug +++ [int] delay = 180000
debug +++ [int] repeatCount = 0
debug +++ [int] currentCount = 31
debug +++ [Boolean] running = true
debug +++ [int] delay = 180000
debug time 19:54:07.902 :: After HeartBeat Count=32 Result=5
debug time 19:57:08.724 :: Before HeartBeat Count=33 Time=Tue Nov 29 2011 19:57:08 GMT+0100 AccountId=28699575 Session=4ad231a4-cff6-48f7-8d6a-7cb580efbbe1
debug ++ [int] eventPhase = 2
debug ++ [Boolean] bubbles = false
debug ++ [Boolean] cancelable = false
debug ++ [String] type = timer
debug +++ [int] repeatCount = 0
debug +++ [int] currentCount = 32
debug +++ [Boolean] running = true
debug +++ [int] delay = 180000
debug +++ [int] repeatCount = 0
debug +++ [int] currentCount = 32
debug +++ [Boolean] running = true
debug +++ [int] delay = 180000
debug time 19:57:08.903 :: After HeartBeat Count=33 Result=5
debug time 20:00:09.724 :: Before HeartBeat Count=34 Time=Tue Nov 29 2011 20:00:09 GMT+0100 AccountId=28699575 Session=4ad231a4-cff6-48f7-8d6a-7cb580efbbe1
debug ++ [int] eventPhase = 2
debug ++ [Boolean] bubbles = false
debug ++ [Boolean] cancelable = false
debug ++ [String] type = timer
debug +++ [int] repeatCount = 0
debug +++ [int] currentCount = 33
debug +++ [Boolean] running = true
debug +++ [int] delay = 180000
debug +++ [int] repeatCount = 0
debug +++ [int] currentCount = 33
debug +++ [Boolean] running = true
debug +++ [int] delay = 180000
debug time 20:00:09.903 :: After HeartBeat Count=34 Result=5
debug time 20:03:09.729 :: Before HeartBeat Count=35 Time=Tue Nov 29 2011 20:03:09 GMT+0100 AccountId=28699575 Session=4ad231a4-cff6-48f7-8d6a-7cb580efbbe1
debug ++ [int] eventPhase = 2
debug ++ [Boolean] bubbles = false
debug ++ [Boolean] cancelable = false
debug ++ [String] type = timer
debug +++ [int] repeatCount = 0
debug +++ [int] currentCount = 34
debug +++ [Boolean] running = true
debug +++ [int] delay = 180000
debug +++ [int] repeatCount = 0
debug +++ [int] currentCount = 34
debug +++ [Boolean] running = true
debug +++ [int] delay = 180000
debug time 20:03:09.906 :: After HeartBeat Count=35 Result=5
debug time 20:06:09.745 :: Before HeartBeat Count=36 Time=Tue Nov 29 2011 20:06:09 GMT+0100 AccountId=28699575 Session=4ad231a4-cff6-48f7-8d6a-7cb580efbbe1
debug ++ [int] eventPhase = 2
debug ++ [Boolean] bubbles = false
debug ++ [Boolean] cancelable = false
debug ++ [String] type = timer
debug +++ [int] repeatCount = 0
debug +++ [int] currentCount = 35
debug +++ [Boolean] running = true
debug +++ [int] delay = 180000
debug +++ [int] repeatCount = 0
debug +++ [int] currentCount = 35
debug +++ [Boolean] running = true
debug +++ [int] delay = 180000
debug time 20:06:09.924 :: After HeartBeat Count=36 Result=5
debug time 20:09:10.724 :: Before HeartBeat Count=37 Time=Tue Nov 29 2011 20:09:10 GMT+0100 AccountId=28699575 Session=4ad231a4-cff6-48f7-8d6a-7cb580efbbe1
debug ++ [int] eventPhase = 2
debug ++ [Boolean] bubbles = false
debug ++ [Boolean] cancelable = false
debug ++ [String] type = timer
debug +++ [int] repeatCount = 0
debug +++ [int] currentCount = 36
debug +++ [Boolean] running = true
debug +++ [int] delay = 180000
debug +++ [int] repeatCount = 0
debug +++ [int] currentCount = 36
debug +++ [Boolean] running = true
debug +++ [int] delay = 180000
debug time 20:09:10.904 :: After HeartBeat Count=37 Result=5
debug time 20:10:24.684 :: Performing heartbeat at Tue Nov 29 2011 20:10:24 GMT+0100
debug time 20:12:10.749 :: Before HeartBeat Count=38 Time=Tue Nov 29 2011 20:12:10 GMT+0100 AccountId=28699575 Session=4ad231a4-cff6-48f7-8d6a-7cb580efbbe1
debug ++ [int] eventPhase = 2
debug ++ [Boolean] bubbles = false
debug ++ [Boolean] cancelable = false
debug ++ [String] type = timer
debug +++ [int] repeatCount = 0
debug +++ [int] currentCount = 37
debug +++ [Boolean] running = true
debug +++ [int] delay = 180000
debug +++ [int] repeatCount = 0
debug +++ [int] currentCount = 37
debug +++ [Boolean] running = true
debug +++ [int] delay = 180000
debug time 20:12:10.934 :: After HeartBeat Count=38 Result=5
debug time 20:15:10.784 :: Before HeartBeat Count=39 Time=Tue Nov 29 2011 20:15:10 GMT+0100 AccountId=28699575 Session=4ad231a4-cff6-48f7-8d6a-7cb580efbbe1
debug ++ [int] eventPhase = 2
debug ++ [Boolean] bubbles = false
debug ++ [Boolean] cancelable = false
debug ++ [String] type = timer
debug +++ [int] repeatCount = 0
debug +++ [int] currentCount = 38
debug +++ [Boolean] running = true
debug +++ [int] delay = 180000
debug +++ [int] repeatCount = 0
debug +++ [int] currentCount = 38
debug +++ [Boolean] running = true
debug +++ [int] delay = 180000
debug time 20:15:10.983 :: After HeartBeat Count=39 Result=5
