debug time 10:25:58.109 :: Before HeartBeat Count=1 Time=Tue Apr 10 2012 10:25:58 GMT+0200 AccountId=29131007 Session=f5237552-fd7a-4685-aa65-9e65bf1c30f8
STOP LOGGING: More than 0 nested objects or properties. 
debug time 10:25:58.490 :: After HeartBeat Count=1 Result=5
debug time 10:27:58.122 :: Before HeartBeat Count=2 Time=Tue Apr 10 2012 10:27:58 GMT+0200 AccountId=29131007 Session=f5237552-fd7a-4685-aa65-9e65bf1c30f8
debug ++ [int] eventPhase = 2
debug ++ [Boolean] bubbles = false
debug ++ [Boolean] cancelable = false
debug ++ [String] type = timer
debug +++ [int] repeatCount = 0
debug +++ [int] currentCount = 1
debug +++ [Boolean] running = true
debug +++ [int] delay = 120000
debug +++ [int] repeatCount = 0
debug +++ [int] currentCount = 1
debug +++ [Boolean] running = true
debug +++ [int] delay = 120000
debug time 10:27:58.325 :: After HeartBeat Count=2 Result=5
debug time 10:29:58.329 :: Before HeartBeat Count=3 Time=Tue Apr 10 2012 10:29:58 GMT+0200 AccountId=29131007 Session=f5237552-fd7a-4685-aa65-9e65bf1c30f8
debug ++ [int] eventPhase = 2
debug ++ [Boolean] bubbles = false
debug ++ [Boolean] cancelable = false
debug ++ [String] type = timer
debug +++ [int] repeatCount = 0
debug +++ [int] currentCount = 2
debug +++ [Boolean] running = true
debug +++ [int] delay = 120000
debug +++ [int] repeatCount = 0
debug +++ [int] currentCount = 2
debug +++ [Boolean] running = true
debug +++ [int] delay = 120000
debug time 10:29:58.501 :: After HeartBeat Count=3 Result=5
debug time 10:31:59.327 :: Before HeartBeat Count=4 Time=Tue Apr 10 2012 10:31:59 GMT+0200 AccountId=29131007 Session=f5237552-fd7a-4685-aa65-9e65bf1c30f8
debug ++ [int] eventPhase = 2
debug ++ [Boolean] bubbles = false
debug ++ [Boolean] cancelable = false
debug ++ [String] type = timer
debug +++ [int] repeatCount = 0
debug +++ [int] currentCount = 3
debug +++ [Boolean] running = true
debug +++ [int] delay = 120000
debug +++ [int] repeatCount = 0
debug +++ [int] currentCount = 3
debug +++ [Boolean] running = true
debug +++ [int] delay = 120000
debug time 10:31:59.496 :: After HeartBeat Count=4 Result=5
debug time 10:33:59.338 :: Before HeartBeat Count=5 Time=Tue Apr 10 2012 10:33:59 GMT+0200 AccountId=29131007 Session=f5237552-fd7a-4685-aa65-9e65bf1c30f8
debug ++ [int] eventPhase = 2
debug ++ [Boolean] bubbles = false
debug ++ [Boolean] cancelable = false
debug ++ [String] type = timer
debug +++ [int] repeatCount = 0
debug +++ [int] currentCount = 4
debug +++ [Boolean] running = true
debug +++ [int] delay = 120000
debug +++ [int] repeatCount = 0
debug +++ [int] currentCount = 4
debug +++ [Boolean] running = true
debug +++ [int] delay = 120000
debug time 10:33:59.523 :: After HeartBeat Count=5 Result=5
debug time 10:36:00.328 :: Before HeartBeat Count=6 Time=Tue Apr 10 2012 10:36:00 GMT+0200 AccountId=29131007 Session=f5237552-fd7a-4685-aa65-9e65bf1c30f8
debug ++ [int] eventPhase = 2
debug ++ [Boolean] bubbles = false
debug ++ [Boolean] cancelable = false
debug ++ [String] type = timer
debug +++ [int] repeatCount = 0
debug +++ [int] currentCount = 5
debug +++ [Boolean] running = true
debug +++ [int] delay = 120000
debug +++ [int] repeatCount = 0
debug +++ [int] currentCount = 5
debug +++ [Boolean] running = true
debug +++ [int] delay = 120000
debug time 10:36:00.497 :: After HeartBeat Count=6 Result=5
debug time 10:38:00.341 :: Before HeartBeat Count=7 Time=Tue Apr 10 2012 10:38:00 GMT+0200 AccountId=29131007 Session=f5237552-fd7a-4685-aa65-9e65bf1c30f8
debug ++ [int] eventPhase = 2
debug ++ [Boolean] bubbles = false
debug ++ [Boolean] cancelable = false
debug ++ [String] type = timer
debug +++ [int] repeatCount = 0
debug +++ [int] currentCount = 6
debug +++ [Boolean] running = true
debug +++ [int] delay = 120000
debug +++ [int] repeatCount = 0
debug +++ [int] currentCount = 6
debug +++ [Boolean] running = true
debug +++ [int] delay = 120000
debug time 10:38:00.524 :: After HeartBeat Count=7 Result=5
debug time 10:40:01.328 :: Before HeartBeat Count=8 Time=Tue Apr 10 2012 10:40:01 GMT+0200 AccountId=29131007 Session=f5237552-fd7a-4685-aa65-9e65bf1c30f8
debug ++ [int] eventPhase = 2
debug ++ [Boolean] bubbles = false
debug ++ [Boolean] cancelable = false
debug ++ [String] type = timer
debug +++ [int] repeatCount = 0
debug +++ [int] currentCount = 7
debug +++ [Boolean] running = true
debug +++ [int] delay = 120000
debug +++ [int] repeatCount = 0
debug +++ [int] currentCount = 7
debug +++ [Boolean] running = true
debug +++ [int] delay = 120000
debug time 10:40:01.497 :: After HeartBeat Count=8 Result=5
debug time 10:42:01.338 :: Before HeartBeat Count=9 Time=Tue Apr 10 2012 10:42:01 GMT+0200 AccountId=29131007 Session=f5237552-fd7a-4685-aa65-9e65bf1c30f8
debug ++ [int] eventPhase = 2
debug ++ [Boolean] bubbles = false
debug ++ [Boolean] cancelable = false
debug ++ [String] type = timer
debug +++ [int] repeatCount = 0
debug +++ [int] currentCount = 8
debug +++ [Boolean] running = true
debug +++ [int] delay = 120000
debug +++ [int] repeatCount = 0
debug +++ [int] currentCount = 8
debug +++ [Boolean] running = true
debug +++ [int] delay = 120000
debug time 10:42:01.527 :: After HeartBeat Count=9 Result=5
debug time 10:44:01.353 :: Before HeartBeat Count=10 Time=Tue Apr 10 2012 10:44:01 GMT+0200 AccountId=29131007 Session=f5237552-fd7a-4685-aa65-9e65bf1c30f8
debug ++ [int] eventPhase = 2
debug ++ [Boolean] bubbles = false
debug ++ [Boolean] cancelable = false
debug ++ [String] type = timer
debug +++ [int] repeatCount = 0
debug +++ [int] currentCount = 9
debug +++ [Boolean] running = true
debug +++ [int] delay = 120000
debug +++ [int] repeatCount = 0
debug +++ [int] currentCount = 9
debug +++ [Boolean] running = true
debug +++ [int] delay = 120000
debug time 10:44:01.522 :: After HeartBeat Count=10 Result=5
debug time 10:46:02.329 :: Before HeartBeat Count=11 Time=Tue Apr 10 2012 10:46:02 GMT+0200 AccountId=29131007 Session=f5237552-fd7a-4685-aa65-9e65bf1c30f8
debug ++ [int] eventPhase = 2
debug ++ [Boolean] bubbles = false
debug ++ [Boolean] cancelable = false
debug ++ [String] type = timer
debug +++ [int] repeatCount = 0
debug +++ [int] currentCount = 10
debug +++ [Boolean] running = true
debug +++ [int] delay = 120000
debug +++ [int] repeatCount = 0
debug +++ [int] currentCount = 10
debug +++ [Boolean] running = true
debug +++ [int] delay = 120000
debug time 10:46:02.499 :: After HeartBeat Count=11 Result=5
debug time 10:48:02.329 :: Before HeartBeat Count=12 Time=Tue Apr 10 2012 10:48:02 GMT+0200 AccountId=29131007 Session=f5237552-fd7a-4685-aa65-9e65bf1c30f8
debug ++ [int] eventPhase = 2
debug ++ [Boolean] bubbles = false
debug ++ [Boolean] cancelable = false
debug ++ [String] type = timer
debug +++ [int] repeatCount = 0
debug +++ [int] currentCount = 11
debug +++ [Boolean] running = true
debug +++ [int] delay = 120000
debug +++ [int] repeatCount = 0
debug +++ [int] currentCount = 11
debug +++ [Boolean] running = true
debug +++ [int] delay = 120000
debug time 10:48:02.500 :: After HeartBeat Count=12 Result=5
debug time 10:50:03.328 :: Before HeartBeat Count=13 Time=Tue Apr 10 2012 10:50:03 GMT+0200 AccountId=29131007 Session=f5237552-fd7a-4685-aa65-9e65bf1c30f8
debug ++ [int] eventPhase = 2
debug ++ [Boolean] bubbles = false
debug ++ [Boolean] cancelable = false
debug ++ [String] type = timer
debug +++ [int] repeatCount = 0
debug +++ [int] currentCount = 12
debug +++ [Boolean] running = true
debug +++ [int] delay = 120000
debug +++ [int] repeatCount = 0
debug +++ [int] currentCount = 12
debug +++ [Boolean] running = true
debug +++ [int] delay = 120000
debug time 10:50:03.497 :: After HeartBeat Count=13 Result=5
debug time 10:51:03.470 :: Performing heartbeat at Tue Apr 10 2012 10:51:03 GMT+0200
debug time 10:52:03.343 :: Before HeartBeat Count=14 Time=Tue Apr 10 2012 10:52:03 GMT+0200 AccountId=29131007 Session=f5237552-fd7a-4685-aa65-9e65bf1c30f8
debug ++ [int] eventPhase = 2
debug ++ [Boolean] bubbles = false
debug ++ [Boolean] cancelable = false
debug ++ [String] type = timer
debug +++ [int] repeatCount = 0
debug +++ [int] currentCount = 13
debug +++ [Boolean] running = true
debug +++ [int] delay = 120000
debug +++ [int] repeatCount = 0
debug +++ [int] currentCount = 13
debug +++ [Boolean] running = true
debug +++ [int] delay = 120000
debug time 10:52:03.515 :: After HeartBeat Count=14 Result=5
debug time 10:54:04.109 :: Before HeartBeat Count=15 Time=Tue Apr 10 2012 10:54:04 GMT+0200 AccountId=29131007 Session=f5237552-fd7a-4685-aa65-9e65bf1c30f8
debug ++ [int] eventPhase = 2
debug ++ [Boolean] bubbles = false
debug ++ [Boolean] cancelable = false
debug ++ [String] type = timer
debug +++ [int] repeatCount = 0
debug +++ [int] currentCount = 14
debug +++ [Boolean] running = true
debug +++ [int] delay = 120000
debug +++ [int] repeatCount = 0
debug +++ [int] currentCount = 14
debug +++ [Boolean] running = true
debug +++ [int] delay = 120000
debug time 10:54:04.294 :: After HeartBeat Count=15 Result=5
debug time 10:56:04.113 :: Before HeartBeat Count=16 Time=Tue Apr 10 2012 10:56:04 GMT+0200 AccountId=29131007 Session=f5237552-fd7a-4685-aa65-9e65bf1c30f8
debug ++ [int] eventPhase = 2
debug ++ [Boolean] bubbles = false
debug ++ [Boolean] cancelable = false
debug ++ [String] type = timer
debug +++ [int] repeatCount = 0
debug +++ [int] currentCount = 15
debug +++ [Boolean] running = true
debug +++ [int] delay = 120000
debug +++ [int] repeatCount = 0
debug +++ [int] currentCount = 15
debug +++ [Boolean] running = true
debug +++ [int] delay = 120000
debug time 10:56:04.298 :: After HeartBeat Count=16 Result=5
debug time 10:58:05.106 :: Before HeartBeat Count=17 Time=Tue Apr 10 2012 10:58:05 GMT+0200 AccountId=29131007 Session=f5237552-fd7a-4685-aa65-9e65bf1c30f8
debug ++ [int] eventPhase = 2
debug ++ [Boolean] bubbles = false
debug ++ [Boolean] cancelable = false
debug ++ [String] type = timer
debug +++ [int] repeatCount = 0
debug +++ [int] currentCount = 16
debug +++ [Boolean] running = true
debug +++ [int] delay = 120000
debug +++ [int] repeatCount = 0
debug +++ [int] currentCount = 16
debug +++ [Boolean] running = true
debug +++ [int] delay = 120000
debug time 10:58:05.295 :: After HeartBeat Count=17 Result=5
debug time 11:00:05.112 :: Before HeartBeat Count=18 Time=Tue Apr 10 2012 11:00:05 GMT+0200 AccountId=29131007 Session=f5237552-fd7a-4685-aa65-9e65bf1c30f8
debug ++ [int] eventPhase = 2
debug ++ [Boolean] bubbles = false
debug ++ [Boolean] cancelable = false
debug ++ [String] type = timer
debug +++ [int] repeatCount = 0
debug +++ [int] currentCount = 17
debug +++ [Boolean] running = true
debug +++ [int] delay = 120000
debug +++ [int] repeatCount = 0
debug +++ [int] currentCount = 17
debug +++ [Boolean] running = true
debug +++ [int] delay = 120000
debug time 11:00:05.295 :: After HeartBeat Count=18 Result=5
debug time 11:02:05.114 :: Before HeartBeat Count=19 Time=Tue Apr 10 2012 11:02:05 GMT+0200 AccountId=29131007 Session=f5237552-fd7a-4685-aa65-9e65bf1c30f8
debug ++ [int] eventPhase = 2
debug ++ [Boolean] bubbles = false
debug ++ [Boolean] cancelable = false
debug ++ [String] type = timer
debug +++ [int] repeatCount = 0
debug +++ [int] currentCount = 18
debug +++ [Boolean] running = true
debug +++ [int] delay = 120000
debug +++ [int] repeatCount = 0
debug +++ [int] currentCount = 18
debug +++ [Boolean] running = true
debug +++ [int] delay = 120000
debug time 11:02:05.303 :: After HeartBeat Count=19 Result=5
debug time 11:04:06.115 :: Before HeartBeat Count=20 Time=Tue Apr 10 2012 11:04:06 GMT+0200 AccountId=29131007 Session=f5237552-fd7a-4685-aa65-9e65bf1c30f8
debug ++ [int] eventPhase = 2
debug ++ [Boolean] bubbles = false
debug ++ [Boolean] cancelable = false
debug ++ [String] type = timer
debug +++ [int] repeatCount = 0
debug +++ [int] currentCount = 19
debug +++ [Boolean] running = true
debug +++ [int] delay = 120000
debug +++ [int] repeatCount = 0
debug +++ [int] currentCount = 19
debug +++ [Boolean] running = true
debug +++ [int] delay = 120000
debug time 11:04:06.306 :: After HeartBeat Count=20 Result=5
debug time 11:06:07.107 :: Before HeartBeat Count=21 Time=Tue Apr 10 2012 11:06:07 GMT+0200 AccountId=29131007 Session=f5237552-fd7a-4685-aa65-9e65bf1c30f8
debug ++ [int] eventPhase = 2
debug ++ [Boolean] bubbles = false
debug ++ [Boolean] cancelable = false
debug ++ [String] type = timer
debug +++ [int] repeatCount = 0
debug +++ [int] currentCount = 20
debug +++ [Boolean] running = true
debug +++ [int] delay = 120000
debug +++ [int] repeatCount = 0
debug +++ [int] currentCount = 20
debug +++ [Boolean] running = true
debug +++ [int] delay = 120000
debug time 11:06:07.309 :: After HeartBeat Count=21 Result=5
debug time 11:08:07.108 :: Before HeartBeat Count=22 Time=Tue Apr 10 2012 11:08:07 GMT+0200 AccountId=29131007 Session=f5237552-fd7a-4685-aa65-9e65bf1c30f8
debug ++ [int] eventPhase = 2
debug ++ [Boolean] bubbles = false
debug ++ [Boolean] cancelable = false
debug ++ [String] type = timer
debug +++ [int] repeatCount = 0
debug +++ [int] currentCount = 21
debug +++ [Boolean] running = true
debug +++ [int] delay = 120000
debug +++ [int] repeatCount = 0
debug +++ [int] currentCount = 21
debug +++ [Boolean] running = true
debug +++ [int] delay = 120000
debug time 11:08:07.304 :: After HeartBeat Count=22 Result=5
debug time 11:10:08.95 :: Before HeartBeat Count=23 Time=Tue Apr 10 2012 11:10:08 GMT+0200 AccountId=29131007 Session=f5237552-fd7a-4685-aa65-9e65bf1c30f8
debug ++ [int] eventPhase = 2
debug ++ [Boolean] bubbles = false
debug ++ [Boolean] cancelable = false
debug ++ [String] type = timer
debug +++ [int] repeatCount = 0
debug +++ [int] currentCount = 22
debug +++ [Boolean] running = true
debug +++ [int] delay = 120000
debug +++ [int] repeatCount = 0
debug +++ [int] currentCount = 22
debug +++ [Boolean] running = true
debug +++ [int] delay = 120000
debug time 11:10:08.287 :: After HeartBeat Count=23 Result=5
debug time 11:12:08.96 :: Before HeartBeat Count=24 Time=Tue Apr 10 2012 11:12:08 GMT+0200 AccountId=29131007 Session=f5237552-fd7a-4685-aa65-9e65bf1c30f8
debug ++ [int] eventPhase = 2
debug ++ [Boolean] bubbles = false
debug ++ [Boolean] cancelable = false
debug ++ [String] type = timer
debug +++ [int] repeatCount = 0
debug +++ [int] currentCount = 23
debug +++ [Boolean] running = true
debug +++ [int] delay = 120000
debug +++ [int] repeatCount = 0
debug +++ [int] currentCount = 23
debug +++ [Boolean] running = true
debug +++ [int] delay = 120000
debug time 11:12:08.266 :: After HeartBeat Count=24 Result=5
debug time 11:14:08.96 :: Before HeartBeat Count=25 Time=Tue Apr 10 2012 11:14:08 GMT+0200 AccountId=29131007 Session=f5237552-fd7a-4685-aa65-9e65bf1c30f8
debug ++ [int] eventPhase = 2
debug ++ [Boolean] bubbles = false
debug ++ [Boolean] cancelable = false
debug ++ [String] type = timer
debug +++ [int] repeatCount = 0
debug +++ [int] currentCount = 24
debug +++ [Boolean] running = true
debug +++ [int] delay = 120000
debug +++ [int] repeatCount = 0
debug +++ [int] currentCount = 24
debug +++ [Boolean] running = true
debug +++ [int] delay = 120000
debug time 11:14:08.265 :: After HeartBeat Count=25 Result=5
debug time 11:16:08.96 :: Before HeartBeat Count=26 Time=Tue Apr 10 2012 11:16:08 GMT+0200 AccountId=29131007 Session=f5237552-fd7a-4685-aa65-9e65bf1c30f8
debug ++ [int] eventPhase = 2
debug ++ [Boolean] bubbles = false
debug ++ [Boolean] cancelable = false
debug ++ [String] type = timer
debug +++ [int] repeatCount = 0
debug +++ [int] currentCount = 25
debug +++ [Boolean] running = true
debug +++ [int] delay = 120000
debug +++ [int] repeatCount = 0
debug +++ [int] currentCount = 25
debug +++ [Boolean] running = true
debug +++ [int] delay = 120000
debug time 11:16:08.265 :: After HeartBeat Count=26 Result=5
debug time 11:18:08.99 :: Before HeartBeat Count=27 Time=Tue Apr 10 2012 11:18:08 GMT+0200 AccountId=29131007 Session=f5237552-fd7a-4685-aa65-9e65bf1c30f8
debug ++ [int] eventPhase = 2
debug ++ [Boolean] bubbles = false
debug ++ [Boolean] cancelable = false
debug ++ [String] type = timer
debug +++ [int] repeatCount = 0
debug +++ [int] currentCount = 26
debug +++ [Boolean] running = true
debug +++ [int] delay = 120000
debug +++ [int] repeatCount = 0
debug +++ [int] currentCount = 26
debug +++ [Boolean] running = true
debug +++ [int] delay = 120000
debug time 11:18:08.270 :: After HeartBeat Count=27 Result=5
debug time 11:20:09.96 :: Before HeartBeat Count=28 Time=Tue Apr 10 2012 11:20:09 GMT+0200 AccountId=29131007 Session=f5237552-fd7a-4685-aa65-9e65bf1c30f8
debug ++ [int] eventPhase = 2
debug ++ [Boolean] bubbles = false
debug ++ [Boolean] cancelable = false
debug ++ [String] type = timer
debug +++ [int] repeatCount = 0
debug +++ [int] currentCount = 27
debug +++ [Boolean] running = true
debug +++ [int] delay = 120000
debug +++ [int] repeatCount = 0
debug +++ [int] currentCount = 27
debug +++ [Boolean] running = true
debug +++ [int] delay = 120000
debug time 11:20:09.264 :: After HeartBeat Count=28 Result=5
debug time 11:22:09.97 :: Before HeartBeat Count=29 Time=Tue Apr 10 2012 11:22:09 GMT+0200 AccountId=29131007 Session=f5237552-fd7a-4685-aa65-9e65bf1c30f8
debug ++ [int] eventPhase = 2
debug ++ [Boolean] bubbles = false
debug ++ [Boolean] cancelable = false
debug ++ [String] type = timer
debug +++ [int] repeatCount = 0
debug +++ [int] currentCount = 28
debug +++ [Boolean] running = true
debug +++ [int] delay = 120000
debug +++ [int] repeatCount = 0
debug +++ [int] currentCount = 28
debug +++ [Boolean] running = true
debug +++ [int] delay = 120000
debug time 11:22:09.265 :: After HeartBeat Count=29 Result=5
debug time 11:24:10.96 :: Before HeartBeat Count=30 Time=Tue Apr 10 2012 11:24:10 GMT+0200 AccountId=29131007 Session=f5237552-fd7a-4685-aa65-9e65bf1c30f8
debug ++ [int] eventPhase = 2
debug ++ [Boolean] bubbles = false
debug ++ [Boolean] cancelable = false
debug ++ [String] type = timer
debug +++ [int] repeatCount = 0
debug +++ [int] currentCount = 29
debug +++ [Boolean] running = true
debug +++ [int] delay = 120000
debug +++ [int] repeatCount = 0
debug +++ [int] currentCount = 29
debug +++ [Boolean] running = true
debug +++ [int] delay = 120000
debug time 11:24:10.265 :: After HeartBeat Count=30 Result=5
debug time 11:26:10.96 :: Before HeartBeat Count=31 Time=Tue Apr 10 2012 11:26:10 GMT+0200 AccountId=29131007 Session=f5237552-fd7a-4685-aa65-9e65bf1c30f8
debug ++ [int] eventPhase = 2
debug ++ [Boolean] bubbles = false
debug ++ [Boolean] cancelable = false
debug ++ [String] type = timer
debug +++ [int] repeatCount = 0
debug +++ [int] currentCount = 30
debug +++ [Boolean] running = true
debug +++ [int] delay = 120000
debug +++ [int] repeatCount = 0
debug +++ [int] currentCount = 30
debug +++ [Boolean] running = true
debug +++ [int] delay = 120000
debug time 11:26:10.264 :: After HeartBeat Count=31 Result=5
debug time 11:28:10.96 :: Before HeartBeat Count=32 Time=Tue Apr 10 2012 11:28:10 GMT+0200 AccountId=29131007 Session=f5237552-fd7a-4685-aa65-9e65bf1c30f8
debug ++ [int] eventPhase = 2
debug ++ [Boolean] bubbles = false
debug ++ [Boolean] cancelable = false
debug ++ [String] type = timer
debug +++ [int] repeatCount = 0
debug +++ [int] currentCount = 31
debug +++ [Boolean] running = true
debug +++ [int] delay = 120000
debug +++ [int] repeatCount = 0
debug +++ [int] currentCount = 31
debug +++ [Boolean] running = true
debug +++ [int] delay = 120000
debug time 11:28:10.264 :: After HeartBeat Count=32 Result=5
debug time 11:30:10.111 :: Before HeartBeat Count=33 Time=Tue Apr 10 2012 11:30:10 GMT+0200 AccountId=29131007 Session=f5237552-fd7a-4685-aa65-9e65bf1c30f8
debug ++ [int] eventPhase = 2
debug ++ [Boolean] bubbles = false
debug ++ [Boolean] cancelable = false
debug ++ [String] type = timer
debug +++ [int] repeatCount = 0
debug +++ [int] currentCount = 32
debug +++ [Boolean] running = true
debug +++ [int] delay = 120000
debug +++ [int] repeatCount = 0
debug +++ [int] currentCount = 32
debug +++ [Boolean] running = true
debug +++ [int] delay = 120000
debug time 11:30:10.296 :: After HeartBeat Count=33 Result=5
debug time 11:32:11.106 :: Before HeartBeat Count=34 Time=Tue Apr 10 2012 11:32:11 GMT+0200 AccountId=29131007 Session=f5237552-fd7a-4685-aa65-9e65bf1c30f8
debug ++ [int] eventPhase = 2
debug ++ [Boolean] bubbles = false
debug ++ [Boolean] cancelable = false
debug ++ [String] type = timer
debug +++ [int] repeatCount = 0
debug +++ [int] currentCount = 33
debug +++ [Boolean] running = true
debug +++ [int] delay = 120000
debug +++ [int] repeatCount = 0
debug +++ [int] currentCount = 33
debug +++ [Boolean] running = true
debug +++ [int] delay = 120000
debug time 11:32:11.292 :: After HeartBeat Count=34 Result=5
debug time 11:34:11.106 :: Before HeartBeat Count=35 Time=Tue Apr 10 2012 11:34:11 GMT+0200 AccountId=29131007 Session=f5237552-fd7a-4685-aa65-9e65bf1c30f8
debug ++ [int] eventPhase = 2
debug ++ [Boolean] bubbles = false
debug ++ [Boolean] cancelable = false
debug ++ [String] type = timer
debug +++ [int] repeatCount = 0
debug +++ [int] currentCount = 34
debug +++ [Boolean] running = true
debug +++ [int] delay = 120000
debug +++ [int] repeatCount = 0
debug +++ [int] currentCount = 34
debug +++ [Boolean] running = true
debug +++ [int] delay = 120000
debug time 11:34:11.295 :: After HeartBeat Count=35 Result=5
debug time 11:34:39.880 :: Performing heartbeat at Tue Apr 10 2012 11:34:39 GMT+0200
debug time 11:36:11.107 :: Before HeartBeat Count=36 Time=Tue Apr 10 2012 11:36:11 GMT+0200 AccountId=29131007 Session=f5237552-fd7a-4685-aa65-9e65bf1c30f8
debug ++ [int] eventPhase = 2
debug ++ [Boolean] bubbles = false
debug ++ [Boolean] cancelable = false
debug ++ [String] type = timer
debug +++ [int] repeatCount = 0
debug +++ [int] currentCount = 35
debug +++ [Boolean] running = true
debug +++ [int] delay = 120000
debug +++ [int] repeatCount = 0
debug +++ [int] currentCount = 35
debug +++ [Boolean] running = true
debug +++ [int] delay = 120000
debug time 11:36:11.301 :: After HeartBeat Count=36 Result=5
debug time 11:38:12.85 :: Before HeartBeat Count=37 Time=Tue Apr 10 2012 11:38:12 GMT+0200 AccountId=29131007 Session=f5237552-fd7a-4685-aa65-9e65bf1c30f8
debug ++ [int] eventPhase = 2
debug ++ [Boolean] bubbles = false
debug ++ [Boolean] cancelable = false
debug ++ [String] type = timer
debug +++ [int] repeatCount = 0
debug +++ [int] currentCount = 36
debug +++ [Boolean] running = true
debug +++ [int] delay = 120000
debug +++ [int] repeatCount = 0
debug +++ [int] currentCount = 36
debug +++ [Boolean] running = true
debug +++ [int] delay = 120000
debug time 11:38:12.254 :: After HeartBeat Count=37 Result=5
debug time 11:40:12.86 :: Before HeartBeat Count=38 Time=Tue Apr 10 2012 11:40:12 GMT+0200 AccountId=29131007 Session=f5237552-fd7a-4685-aa65-9e65bf1c30f8
debug ++ [int] eventPhase = 2
debug ++ [Boolean] bubbles = false
debug ++ [Boolean] cancelable = false
debug ++ [String] type = timer
debug +++ [int] repeatCount = 0
debug +++ [int] currentCount = 37
debug +++ [Boolean] running = true
debug +++ [int] delay = 120000
debug +++ [int] repeatCount = 0
debug +++ [int] currentCount = 37
debug +++ [Boolean] running = true
debug +++ [int] delay = 120000
debug time 11:40:12.256 :: After HeartBeat Count=38 Result=5
debug time 11:42:12.245 :: Before HeartBeat Count=39 Time=Tue Apr 10 2012 11:42:12 GMT+0200 AccountId=29131007 Session=f5237552-fd7a-4685-aa65-9e65bf1c30f8
debug ++ [int] eventPhase = 2
debug ++ [Boolean] bubbles = false
debug ++ [Boolean] cancelable = false
debug ++ [String] type = timer
debug +++ [int] repeatCount = 0
debug +++ [int] currentCount = 38
debug +++ [Boolean] running = true
debug +++ [int] delay = 120000
debug +++ [int] repeatCount = 0
debug +++ [int] currentCount = 38
debug +++ [Boolean] running = true
debug +++ [int] delay = 120000
debug time 11:42:12.415 :: After HeartBeat Count=39 Result=5
debug time 11:44:13.252 :: Before HeartBeat Count=40 Time=Tue Apr 10 2012 11:44:13 GMT+0200 AccountId=29131007 Session=f5237552-fd7a-4685-aa65-9e65bf1c30f8
debug ++ [int] eventPhase = 2
debug ++ [Boolean] bubbles = false
debug ++ [Boolean] cancelable = false
debug ++ [String] type = timer
debug +++ [int] repeatCount = 0
debug +++ [int] currentCount = 39
debug +++ [Boolean] running = true
debug +++ [int] delay = 120000
debug +++ [int] repeatCount = 0
debug +++ [int] currentCount = 39
debug +++ [Boolean] running = true
debug +++ [int] delay = 120000
debug time 11:44:13.435 :: After HeartBeat Count=40 Result=5
debug time 11:46:14.220 :: Before HeartBeat Count=41 Time=Tue Apr 10 2012 11:46:14 GMT+0200 AccountId=29131007 Session=f5237552-fd7a-4685-aa65-9e65bf1c30f8
debug ++ [int] eventPhase = 2
debug ++ [Boolean] bubbles = false
debug ++ [Boolean] cancelable = false
debug ++ [String] type = timer
debug +++ [int] repeatCount = 0
debug +++ [int] currentCount = 40
debug +++ [Boolean] running = true
debug +++ [int] delay = 120000
debug +++ [int] repeatCount = 0
debug +++ [int] currentCount = 40
debug +++ [Boolean] running = true
debug +++ [int] delay = 120000
debug time 11:46:14.388 :: After HeartBeat Count=41 Result=5
debug time 11:48:14.245 :: Before HeartBeat Count=42 Time=Tue Apr 10 2012 11:48:14 GMT+0200 AccountId=29131007 Session=f5237552-fd7a-4685-aa65-9e65bf1c30f8
debug ++ [int] eventPhase = 2
debug ++ [Boolean] bubbles = false
debug ++ [Boolean] cancelable = false
debug ++ [String] type = timer
debug +++ [int] repeatCount = 0
debug +++ [int] currentCount = 41
debug +++ [Boolean] running = true
debug +++ [int] delay = 120000
debug +++ [int] repeatCount = 0
debug +++ [int] currentCount = 41
debug +++ [Boolean] running = true
debug +++ [int] delay = 120000
debug time 11:48:14.442 :: After HeartBeat Count=42 Result=5
debug time 11:50:15.233 :: Before HeartBeat Count=43 Time=Tue Apr 10 2012 11:50:15 GMT+0200 AccountId=29131007 Session=f5237552-fd7a-4685-aa65-9e65bf1c30f8
debug ++ [int] eventPhase = 2
debug ++ [Boolean] bubbles = false
debug ++ [Boolean] cancelable = false
debug ++ [String] type = timer
debug +++ [int] repeatCount = 0
debug +++ [int] currentCount = 42
debug +++ [Boolean] running = true
debug +++ [int] delay = 120000
debug +++ [int] repeatCount = 0
debug +++ [int] currentCount = 42
debug +++ [Boolean] running = true
debug +++ [int] delay = 120000
debug time 11:50:15.432 :: After HeartBeat Count=43 Result=5
debug time 11:52:16.245 :: Before HeartBeat Count=44 Time=Tue Apr 10 2012 11:52:16 GMT+0200 AccountId=29131007 Session=f5237552-fd7a-4685-aa65-9e65bf1c30f8
debug ++ [int] eventPhase = 2
debug ++ [Boolean] bubbles = false
debug ++ [Boolean] cancelable = false
debug ++ [String] type = timer
debug +++ [int] repeatCount = 0
debug +++ [int] currentCount = 43
debug +++ [Boolean] running = true
debug +++ [int] delay = 120000
debug +++ [int] repeatCount = 0
debug +++ [int] currentCount = 43
debug +++ [Boolean] running = true
debug +++ [int] delay = 120000
debug time 11:52:16.444 :: After HeartBeat Count=44 Result=5
debug time 11:54:17.245 :: Before HeartBeat Count=45 Time=Tue Apr 10 2012 11:54:17 GMT+0200 AccountId=29131007 Session=f5237552-fd7a-4685-aa65-9e65bf1c30f8
debug ++ [int] eventPhase = 2
debug ++ [Boolean] bubbles = false
debug ++ [Boolean] cancelable = false
debug ++ [String] type = timer
debug +++ [int] repeatCount = 0
debug +++ [int] currentCount = 44
debug +++ [Boolean] running = true
debug +++ [int] delay = 120000
debug +++ [int] repeatCount = 0
debug +++ [int] currentCount = 44
debug +++ [Boolean] running = true
debug +++ [int] delay = 120000
debug time 11:54:17.442 :: After HeartBeat Count=45 Result=5
debug time 11:56:18.220 :: Before HeartBeat Count=46 Time=Tue Apr 10 2012 11:56:18 GMT+0200 AccountId=29131007 Session=f5237552-fd7a-4685-aa65-9e65bf1c30f8
debug ++ [int] eventPhase = 2
debug ++ [Boolean] bubbles = false
debug ++ [Boolean] cancelable = false
debug ++ [String] type = timer
debug +++ [int] repeatCount = 0
debug +++ [int] currentCount = 45
debug +++ [Boolean] running = true
debug +++ [int] delay = 120000
debug +++ [int] repeatCount = 0
debug +++ [int] currentCount = 45
debug +++ [Boolean] running = true
debug +++ [int] delay = 120000
debug time 11:56:18.389 :: After HeartBeat Count=46 Result=5
debug time 11:58:18.247 :: Before HeartBeat Count=47 Time=Tue Apr 10 2012 11:58:18 GMT+0200 AccountId=29131007 Session=f5237552-fd7a-4685-aa65-9e65bf1c30f8
debug ++ [int] eventPhase = 2
debug ++ [Boolean] bubbles = false
debug ++ [Boolean] cancelable = false
debug ++ [String] type = timer
debug +++ [int] repeatCount = 0
debug +++ [int] currentCount = 46
debug +++ [Boolean] running = true
debug +++ [int] delay = 120000
debug +++ [int] repeatCount = 0
debug +++ [int] currentCount = 46
debug +++ [Boolean] running = true
debug +++ [int] delay = 120000
debug time 11:58:18.446 :: After HeartBeat Count=47 Result=5
debug time 12:00:19.252 :: Before HeartBeat Count=48 Time=Tue Apr 10 2012 12:00:19 GMT+0200 AccountId=29131007 Session=f5237552-fd7a-4685-aa65-9e65bf1c30f8
debug ++ [int] eventPhase = 2
debug ++ [Boolean] bubbles = false
debug ++ [Boolean] cancelable = false
debug ++ [String] type = timer
debug +++ [int] repeatCount = 0
debug +++ [int] currentCount = 47
debug +++ [Boolean] running = true
debug +++ [int] delay = 120000
debug +++ [int] repeatCount = 0
debug +++ [int] currentCount = 47
debug +++ [Boolean] running = true
debug +++ [int] delay = 120000
debug time 12:00:19.452 :: After HeartBeat Count=48 Result=5
debug time 12:02:20.220 :: Before HeartBeat Count=49 Time=Tue Apr 10 2012 12:02:20 GMT+0200 AccountId=29131007 Session=f5237552-fd7a-4685-aa65-9e65bf1c30f8
debug ++ [int] eventPhase = 2
debug ++ [Boolean] bubbles = false
debug ++ [Boolean] cancelable = false
debug ++ [String] type = timer
debug +++ [int] repeatCount = 0
debug +++ [int] currentCount = 48
debug +++ [Boolean] running = true
debug +++ [int] delay = 120000
debug +++ [int] repeatCount = 0
debug +++ [int] currentCount = 48
debug +++ [Boolean] running = true
debug +++ [int] delay = 120000
debug time 12:02:20.390 :: After HeartBeat Count=49 Result=5
debug time 12:03:48.802 :: Performing heartbeat at Tue Apr 10 2012 12:03:48 GMT+0200
debug time 12:04:20.259 :: Before HeartBeat Count=50 Time=Tue Apr 10 2012 12:04:20 GMT+0200 AccountId=29131007 Session=f5237552-fd7a-4685-aa65-9e65bf1c30f8
debug ++ [int] eventPhase = 2
debug ++ [Boolean] bubbles = false
debug ++ [Boolean] cancelable = false
debug ++ [String] type = timer
debug +++ [int] repeatCount = 0
debug +++ [int] currentCount = 49
debug +++ [Boolean] running = true
debug +++ [int] delay = 120000
debug +++ [int] repeatCount = 0
debug +++ [int] currentCount = 49
debug +++ [Boolean] running = true
debug +++ [int] delay = 120000
debug time 12:04:20.441 :: After HeartBeat Count=50 Result=5
debug time 12:06:20.260 :: Before HeartBeat Count=51 Time=Tue Apr 10 2012 12:06:20 GMT+0200 AccountId=29131007 Session=f5237552-fd7a-4685-aa65-9e65bf1c30f8
debug ++ [int] eventPhase = 2
debug ++ [Boolean] bubbles = false
debug ++ [Boolean] cancelable = false
debug ++ [String] type = timer
debug +++ [int] repeatCount = 0
debug +++ [int] currentCount = 50
debug +++ [Boolean] running = true
debug +++ [int] delay = 120000
debug +++ [int] repeatCount = 0
debug +++ [int] currentCount = 50
debug +++ [Boolean] running = true
debug +++ [int] delay = 120000
debug time 12:06:20.433 :: After HeartBeat Count=51 Result=5
debug time 12:08:20.259 :: Before HeartBeat Count=52 Time=Tue Apr 10 2012 12:08:20 GMT+0200 AccountId=29131007 Session=f5237552-fd7a-4685-aa65-9e65bf1c30f8
debug ++ [int] eventPhase = 2
debug ++ [Boolean] bubbles = false
debug ++ [Boolean] cancelable = false
debug ++ [String] type = timer
debug +++ [int] repeatCount = 0
debug +++ [int] currentCount = 51
debug +++ [Boolean] running = true
debug +++ [int] delay = 120000
debug +++ [int] repeatCount = 0
debug +++ [int] currentCount = 51
debug +++ [Boolean] running = true
debug +++ [int] delay = 120000
debug time 12:08:20.430 :: After HeartBeat Count=52 Result=5
debug time 12:10:20.273 :: Before HeartBeat Count=53 Time=Tue Apr 10 2012 12:10:20 GMT+0200 AccountId=29131007 Session=f5237552-fd7a-4685-aa65-9e65bf1c30f8
debug ++ [int] eventPhase = 2
debug ++ [Boolean] bubbles = false
debug ++ [Boolean] cancelable = false
debug ++ [String] type = timer
debug +++ [int] repeatCount = 0
debug +++ [int] currentCount = 52
debug +++ [Boolean] running = true
debug +++ [int] delay = 120000
debug +++ [int] repeatCount = 0
debug +++ [int] currentCount = 52
debug +++ [Boolean] running = true
debug +++ [int] delay = 120000
debug time 12:10:20.445 :: After HeartBeat Count=53 Result=5
debug time 12:12:20.283 :: Before HeartBeat Count=54 Time=Tue Apr 10 2012 12:12:20 GMT+0200 AccountId=29131007 Session=f5237552-fd7a-4685-aa65-9e65bf1c30f8
debug ++ [int] eventPhase = 2
debug ++ [Boolean] bubbles = false
debug ++ [Boolean] cancelable = false
debug ++ [String] type = timer
debug +++ [int] repeatCount = 0
debug +++ [int] currentCount = 53
debug +++ [Boolean] running = true
debug +++ [int] delay = 120000
debug +++ [int] repeatCount = 0
debug +++ [int] currentCount = 53
debug +++ [Boolean] running = true
debug +++ [int] delay = 120000
debug time 12:12:20.451 :: After HeartBeat Count=54 Result=5
debug time 12:14:20.311 :: Before HeartBeat Count=55 Time=Tue Apr 10 2012 12:14:20 GMT+0200 AccountId=29131007 Session=f5237552-fd7a-4685-aa65-9e65bf1c30f8
debug ++ [int] eventPhase = 2
debug ++ [Boolean] bubbles = false
debug ++ [Boolean] cancelable = false
debug ++ [String] type = timer
debug +++ [int] repeatCount = 0
debug +++ [int] currentCount = 54
debug +++ [Boolean] running = true
debug +++ [int] delay = 120000
debug +++ [int] repeatCount = 0
debug +++ [int] currentCount = 54
debug +++ [Boolean] running = true
debug +++ [int] delay = 120000
debug time 12:14:20.505 :: After HeartBeat Count=55 Result=5
debug time 12:16:20.313 :: Before HeartBeat Count=56 Time=Tue Apr 10 2012 12:16:20 GMT+0200 AccountId=29131007 Session=f5237552-fd7a-4685-aa65-9e65bf1c30f8
debug ++ [int] eventPhase = 2
debug ++ [Boolean] bubbles = false
debug ++ [Boolean] cancelable = false
debug ++ [String] type = timer
debug +++ [int] repeatCount = 0
debug +++ [int] currentCount = 55
debug +++ [Boolean] running = true
debug +++ [int] delay = 120000
debug +++ [int] repeatCount = 0
debug +++ [int] currentCount = 55
debug +++ [Boolean] running = true
debug +++ [int] delay = 120000
debug time 12:16:20.489 :: After HeartBeat Count=56 Result=5
debug time 12:18:20.326 :: Before HeartBeat Count=57 Time=Tue Apr 10 2012 12:18:20 GMT+0200 AccountId=29131007 Session=f5237552-fd7a-4685-aa65-9e65bf1c30f8
debug ++ [int] eventPhase = 2
debug ++ [Boolean] bubbles = false
debug ++ [Boolean] cancelable = false
debug ++ [String] type = timer
debug +++ [int] repeatCount = 0
debug +++ [int] currentCount = 56
debug +++ [Boolean] running = true
debug +++ [int] delay = 120000
debug +++ [int] repeatCount = 0
debug +++ [int] currentCount = 56
debug +++ [Boolean] running = true
debug +++ [int] delay = 120000
debug time 12:18:20.545 :: After HeartBeat Count=57 Result=5
debug time 12:20:20.356 :: Before HeartBeat Count=58 Time=Tue Apr 10 2012 12:20:20 GMT+0200 AccountId=29131007 Session=f5237552-fd7a-4685-aa65-9e65bf1c30f8
debug ++ [int] eventPhase = 2
debug ++ [Boolean] bubbles = false
debug ++ [Boolean] cancelable = false
debug ++ [String] type = timer
debug +++ [int] repeatCount = 0
debug +++ [int] currentCount = 57
debug +++ [Boolean] running = true
debug +++ [int] delay = 120000
debug +++ [int] repeatCount = 0
debug +++ [int] currentCount = 57
debug +++ [Boolean] running = true
debug +++ [int] delay = 120000
debug time 12:20:20.527 :: After HeartBeat Count=58 Result=5
debug time 12:22:20.358 :: Before HeartBeat Count=59 Time=Tue Apr 10 2012 12:22:20 GMT+0200 AccountId=29131007 Session=f5237552-fd7a-4685-aa65-9e65bf1c30f8
debug ++ [int] eventPhase = 2
debug ++ [Boolean] bubbles = false
debug ++ [Boolean] cancelable = false
debug ++ [String] type = timer
debug +++ [int] repeatCount = 0
debug +++ [int] currentCount = 58
debug +++ [Boolean] running = true
debug +++ [int] delay = 120000
debug +++ [int] repeatCount = 0
debug +++ [int] currentCount = 58
debug +++ [Boolean] running = true
debug +++ [int] delay = 120000
debug time 12:22:20.537 :: After HeartBeat Count=59 Result=5
debug time 12:24:20.358 :: Before HeartBeat Count=60 Time=Tue Apr 10 2012 12:24:20 GMT+0200 AccountId=29131007 Session=f5237552-fd7a-4685-aa65-9e65bf1c30f8
debug ++ [int] eventPhase = 2
debug ++ [Boolean] bubbles = false
debug ++ [Boolean] cancelable = false
debug ++ [String] type = timer
debug +++ [int] repeatCount = 0
debug +++ [int] currentCount = 59
debug +++ [Boolean] running = true
debug +++ [int] delay = 120000
debug +++ [int] repeatCount = 0
debug +++ [int] currentCount = 59
debug +++ [Boolean] running = true
debug +++ [int] delay = 120000
debug time 12:24:20.528 :: After HeartBeat Count=60 Result=5
debug time 12:26:20.358 :: Before HeartBeat Count=61 Time=Tue Apr 10 2012 12:26:20 GMT+0200 AccountId=29131007 Session=f5237552-fd7a-4685-aa65-9e65bf1c30f8
debug ++ [int] eventPhase = 2
debug ++ [Boolean] bubbles = false
debug ++ [Boolean] cancelable = false
debug ++ [String] type = timer
debug +++ [int] repeatCount = 0
debug +++ [int] currentCount = 60
debug +++ [Boolean] running = true
debug +++ [int] delay = 120000
debug +++ [int] repeatCount = 0
debug +++ [int] currentCount = 60
debug +++ [Boolean] running = true
debug +++ [int] delay = 120000
debug time 12:26:20.530 :: After HeartBeat Count=61 Result=5
debug time 12:28:20.364 :: Before HeartBeat Count=62 Time=Tue Apr 10 2012 12:28:20 GMT+0200 AccountId=29131007 Session=f5237552-fd7a-4685-aa65-9e65bf1c30f8
debug ++ [int] eventPhase = 2
debug ++ [Boolean] bubbles = false
debug ++ [Boolean] cancelable = false
debug ++ [String] type = timer
debug +++ [int] repeatCount = 0
debug +++ [int] currentCount = 61
debug +++ [Boolean] running = true
debug +++ [int] delay = 120000
debug +++ [int] repeatCount = 0
debug +++ [int] currentCount = 61
debug +++ [Boolean] running = true
debug +++ [int] delay = 120000
debug time 12:28:20.559 :: After HeartBeat Count=62 Result=5
debug time 12:30:20.398 :: Before HeartBeat Count=63 Time=Tue Apr 10 2012 12:30:20 GMT+0200 AccountId=29131007 Session=f5237552-fd7a-4685-aa65-9e65bf1c30f8
debug ++ [int] eventPhase = 2
debug ++ [Boolean] bubbles = false
debug ++ [Boolean] cancelable = false
debug ++ [String] type = timer
debug +++ [int] repeatCount = 0
debug +++ [int] currentCount = 62
debug +++ [Boolean] running = true
debug +++ [int] delay = 120000
debug +++ [int] repeatCount = 0
debug +++ [int] currentCount = 62
debug +++ [Boolean] running = true
debug +++ [int] delay = 120000
debug time 12:30:20.593 :: After HeartBeat Count=63 Result=5
debug time 12:32:20.397 :: Before HeartBeat Count=64 Time=Tue Apr 10 2012 12:32:20 GMT+0200 AccountId=29131007 Session=f5237552-fd7a-4685-aa65-9e65bf1c30f8
debug ++ [int] eventPhase = 2
debug ++ [Boolean] bubbles = false
debug ++ [Boolean] cancelable = false
debug ++ [String] type = timer
debug +++ [int] repeatCount = 0
debug +++ [int] currentCount = 63
debug +++ [Boolean] running = true
debug +++ [int] delay = 120000
debug +++ [int] repeatCount = 0
debug +++ [int] currentCount = 63
debug +++ [Boolean] running = true
debug +++ [int] delay = 120000
debug time 12:32:20.583 :: After HeartBeat Count=64 Result=5
debug time 12:34:20.409 :: Before HeartBeat Count=65 Time=Tue Apr 10 2012 12:34:20 GMT+0200 AccountId=29131007 Session=f5237552-fd7a-4685-aa65-9e65bf1c30f8
debug ++ [int] eventPhase = 2
debug ++ [Boolean] bubbles = false
debug ++ [Boolean] cancelable = false
debug ++ [String] type = timer
debug +++ [int] repeatCount = 0
debug +++ [int] currentCount = 64
debug +++ [Boolean] running = true
debug +++ [int] delay = 120000
debug +++ [int] repeatCount = 0
debug +++ [int] currentCount = 64
debug +++ [Boolean] running = true
debug +++ [int] delay = 120000
debug time 12:34:20.586 :: After HeartBeat Count=65 Result=5
debug time 12:36:20.429 :: Before HeartBeat Count=66 Time=Tue Apr 10 2012 12:36:20 GMT+0200 AccountId=29131007 Session=f5237552-fd7a-4685-aa65-9e65bf1c30f8
debug ++ [int] eventPhase = 2
debug ++ [Boolean] bubbles = false
debug ++ [Boolean] cancelable = false
debug ++ [String] type = timer
debug +++ [int] repeatCount = 0
debug +++ [int] currentCount = 65
debug +++ [Boolean] running = true
debug +++ [int] delay = 120000
debug +++ [int] repeatCount = 0
debug +++ [int] currentCount = 65
debug +++ [Boolean] running = true
debug +++ [int] delay = 120000
debug time 12:36:20.647 :: After HeartBeat Count=66 Result=5
debug time 12:38:21.391 :: Before HeartBeat Count=67 Time=Tue Apr 10 2012 12:38:21 GMT+0200 AccountId=29131007 Session=f5237552-fd7a-4685-aa65-9e65bf1c30f8
debug ++ [int] eventPhase = 2
debug ++ [Boolean] bubbles = false
debug ++ [Boolean] cancelable = false
debug ++ [String] type = timer
debug +++ [int] repeatCount = 0
debug +++ [int] currentCount = 66
debug +++ [Boolean] running = true
debug +++ [int] delay = 120000
debug +++ [int] repeatCount = 0
debug +++ [int] currentCount = 66
debug +++ [Boolean] running = true
debug +++ [int] delay = 120000
debug time 12:38:21.565 :: After HeartBeat Count=67 Result=5
debug time 12:40:22.386 :: Before HeartBeat Count=68 Time=Tue Apr 10 2012 12:40:22 GMT+0200 AccountId=29131007 Session=f5237552-fd7a-4685-aa65-9e65bf1c30f8
debug ++ [int] eventPhase = 2
debug ++ [Boolean] bubbles = false
debug ++ [Boolean] cancelable = false
debug ++ [String] type = timer
debug +++ [int] repeatCount = 0
debug +++ [int] currentCount = 67
debug +++ [Boolean] running = true
debug +++ [int] delay = 120000
debug +++ [int] repeatCount = 0
debug +++ [int] currentCount = 67
debug +++ [Boolean] running = true
debug +++ [int] delay = 120000
debug time 12:40:22.555 :: After HeartBeat Count=68 Result=5
debug time 12:42:22.412 :: Before HeartBeat Count=69 Time=Tue Apr 10 2012 12:42:22 GMT+0200 AccountId=29131007 Session=f5237552-fd7a-4685-aa65-9e65bf1c30f8
debug ++ [int] eventPhase = 2
debug ++ [Boolean] bubbles = false
debug ++ [Boolean] cancelable = false
debug ++ [String] type = timer
debug +++ [int] repeatCount = 0
debug +++ [int] currentCount = 68
debug +++ [Boolean] running = true
debug +++ [int] delay = 120000
debug +++ [int] repeatCount = 0
debug +++ [int] currentCount = 68
debug +++ [Boolean] running = true
debug +++ [int] delay = 120000
debug time 12:42:22.611 :: After HeartBeat Count=69 Result=5
debug time 12:44:22.417 :: Before HeartBeat Count=70 Time=Tue Apr 10 2012 12:44:22 GMT+0200 AccountId=29131007 Session=f5237552-fd7a-4685-aa65-9e65bf1c30f8
debug ++ [int] eventPhase = 2
debug ++ [Boolean] bubbles = false
debug ++ [Boolean] cancelable = false
debug ++ [String] type = timer
debug +++ [int] repeatCount = 0
debug +++ [int] currentCount = 69
debug +++ [Boolean] running = true
debug +++ [int] delay = 120000
debug +++ [int] repeatCount = 0
debug +++ [int] currentCount = 69
debug +++ [Boolean] running = true
debug +++ [int] delay = 120000
debug time 12:44:22.611 :: After HeartBeat Count=70 Result=5
debug time 12:46:23.389 :: Before HeartBeat Count=71 Time=Tue Apr 10 2012 12:46:23 GMT+0200 AccountId=29131007 Session=f5237552-fd7a-4685-aa65-9e65bf1c30f8
debug ++ [int] eventPhase = 2
debug ++ [Boolean] bubbles = false
debug ++ [Boolean] cancelable = false
debug ++ [String] type = timer
debug +++ [int] repeatCount = 0
debug +++ [int] currentCount = 70
debug +++ [Boolean] running = true
debug +++ [int] delay = 120000
debug +++ [int] repeatCount = 0
debug +++ [int] currentCount = 70
debug +++ [Boolean] running = true
debug +++ [int] delay = 120000
debug time 12:46:23.558 :: After HeartBeat Count=71 Result=5
debug time 12:48:24.388 :: Before HeartBeat Count=72 Time=Tue Apr 10 2012 12:48:24 GMT+0200 AccountId=29131007 Session=f5237552-fd7a-4685-aa65-9e65bf1c30f8
debug ++ [int] eventPhase = 2
debug ++ [Boolean] bubbles = false
debug ++ [Boolean] cancelable = false
debug ++ [String] type = timer
debug +++ [int] repeatCount = 0
debug +++ [int] currentCount = 71
debug +++ [Boolean] running = true
debug +++ [int] delay = 120000
debug +++ [int] repeatCount = 0
debug +++ [int] currentCount = 71
debug +++ [Boolean] running = true
debug +++ [int] delay = 120000
debug time 12:48:24.556 :: After HeartBeat Count=72 Result=5
debug time 12:50:25.387 :: Before HeartBeat Count=73 Time=Tue Apr 10 2012 12:50:25 GMT+0200 AccountId=29131007 Session=f5237552-fd7a-4685-aa65-9e65bf1c30f8
debug ++ [int] eventPhase = 2
debug ++ [Boolean] bubbles = false
debug ++ [Boolean] cancelable = false
debug ++ [String] type = timer
debug +++ [int] repeatCount = 0
debug +++ [int] currentCount = 72
debug +++ [Boolean] running = true
debug +++ [int] delay = 120000
debug +++ [int] repeatCount = 0
debug +++ [int] currentCount = 72
debug +++ [Boolean] running = true
debug +++ [int] delay = 120000
debug time 12:50:25.556 :: After HeartBeat Count=73 Result=5
debug time 12:52:25.387 :: Before HeartBeat Count=74 Time=Tue Apr 10 2012 12:52:25 GMT+0200 AccountId=29131007 Session=f5237552-fd7a-4685-aa65-9e65bf1c30f8
debug ++ [int] eventPhase = 2
debug ++ [Boolean] bubbles = false
debug ++ [Boolean] cancelable = false
debug ++ [String] type = timer
debug +++ [int] repeatCount = 0
debug +++ [int] currentCount = 73
debug +++ [Boolean] running = true
debug +++ [int] delay = 120000
debug +++ [int] repeatCount = 0
debug +++ [int] currentCount = 73
debug +++ [Boolean] running = true
debug +++ [int] delay = 120000
debug time 12:52:25.556 :: After HeartBeat Count=74 Result=5
debug time 12:54:25.387 :: Before HeartBeat Count=75 Time=Tue Apr 10 2012 12:54:25 GMT+0200 AccountId=29131007 Session=f5237552-fd7a-4685-aa65-9e65bf1c30f8
debug ++ [int] eventPhase = 2
debug ++ [Boolean] bubbles = false
debug ++ [Boolean] cancelable = false
debug ++ [String] type = timer
debug +++ [int] repeatCount = 0
debug +++ [int] currentCount = 74
debug +++ [Boolean] running = true
debug +++ [int] delay = 120000
debug +++ [int] repeatCount = 0
debug +++ [int] currentCount = 74
debug +++ [Boolean] running = true
debug +++ [int] delay = 120000
debug time 12:54:25.556 :: After HeartBeat Count=75 Result=5
debug time 12:56:25.387 :: Before HeartBeat Count=76 Time=Tue Apr 10 2012 12:56:25 GMT+0200 AccountId=29131007 Session=f5237552-fd7a-4685-aa65-9e65bf1c30f8
debug ++ [int] eventPhase = 2
debug ++ [Boolean] bubbles = false
debug ++ [Boolean] cancelable = false
debug ++ [String] type = timer
debug +++ [int] repeatCount = 0
debug +++ [int] currentCount = 75
debug +++ [Boolean] running = true
debug +++ [int] delay = 120000
debug +++ [int] repeatCount = 0
debug +++ [int] currentCount = 75
debug +++ [Boolean] running = true
debug +++ [int] delay = 120000
debug time 12:56:25.556 :: After HeartBeat Count=76 Result=5
debug time 12:58:25.387 :: Before HeartBeat Count=77 Time=Tue Apr 10 2012 12:58:25 GMT+0200 AccountId=29131007 Session=f5237552-fd7a-4685-aa65-9e65bf1c30f8
debug ++ [int] eventPhase = 2
debug ++ [Boolean] bubbles = false
debug ++ [Boolean] cancelable = false
debug ++ [String] type = timer
debug +++ [int] repeatCount = 0
debug +++ [int] currentCount = 76
debug +++ [Boolean] running = true
debug +++ [int] delay = 120000
debug +++ [int] repeatCount = 0
debug +++ [int] currentCount = 76
debug +++ [Boolean] running = true
debug +++ [int] delay = 120000
debug time 12:58:25.555 :: After HeartBeat Count=77 Result=5
debug time 13:00:26.386 :: Before HeartBeat Count=78 Time=Tue Apr 10 2012 13:00:26 GMT+0200 AccountId=29131007 Session=f5237552-fd7a-4685-aa65-9e65bf1c30f8
debug ++ [int] eventPhase = 2
debug ++ [Boolean] bubbles = false
debug ++ [Boolean] cancelable = false
debug ++ [String] type = timer
debug +++ [int] repeatCount = 0
debug +++ [int] currentCount = 77
debug +++ [Boolean] running = true
debug +++ [int] delay = 120000
debug +++ [int] repeatCount = 0
debug +++ [int] currentCount = 77
debug +++ [Boolean] running = true
debug +++ [int] delay = 120000
debug time 13:00:26.555 :: After HeartBeat Count=78 Result=5
debug time 13:01:15.846 :: Performing heartbeat at Tue Apr 10 2012 13:01:15 GMT+0200
debug time 13:02:26.394 :: Before HeartBeat Count=79 Time=Tue Apr 10 2012 13:02:26 GMT+0200 AccountId=29131007 Session=f5237552-fd7a-4685-aa65-9e65bf1c30f8
debug ++ [int] eventPhase = 2
debug ++ [Boolean] bubbles = false
debug ++ [Boolean] cancelable = false
debug ++ [String] type = timer
debug +++ [int] repeatCount = 0
debug +++ [int] currentCount = 78
debug +++ [Boolean] running = true
debug +++ [int] delay = 120000
debug +++ [int] repeatCount = 0
debug +++ [int] currentCount = 78
debug +++ [Boolean] running = true
debug +++ [int] delay = 120000
debug time 13:02:26.611 :: After HeartBeat Count=79 Result=5
debug time 13:04:27.194 :: Before HeartBeat Count=80 Time=Tue Apr 10 2012 13:04:27 GMT+0200 AccountId=29131007 Session=f5237552-fd7a-4685-aa65-9e65bf1c30f8
debug ++ [int] eventPhase = 2
debug ++ [Boolean] bubbles = false
debug ++ [Boolean] cancelable = false
debug ++ [String] type = timer
debug +++ [int] repeatCount = 0
debug +++ [int] currentCount = 79
debug +++ [Boolean] running = true
debug +++ [int] delay = 120000
debug +++ [int] repeatCount = 0
debug +++ [int] currentCount = 79
debug +++ [Boolean] running = true
debug +++ [int] delay = 120000
debug time 13:04:27.363 :: After HeartBeat Count=80 Result=5
debug time 13:06:27.216 :: Before HeartBeat Count=81 Time=Tue Apr 10 2012 13:06:27 GMT+0200 AccountId=29131007 Session=f5237552-fd7a-4685-aa65-9e65bf1c30f8
debug ++ [int] eventPhase = 2
debug ++ [Boolean] bubbles = false
debug ++ [Boolean] cancelable = false
debug ++ [String] type = timer
debug +++ [int] repeatCount = 0
debug +++ [int] currentCount = 80
debug +++ [Boolean] running = true
debug +++ [int] delay = 120000
debug +++ [int] repeatCount = 0
debug +++ [int] currentCount = 80
debug +++ [Boolean] running = true
debug +++ [int] delay = 120000
debug time 13:06:27.415 :: After HeartBeat Count=81 Result=5
debug time 13:08:27.221 :: Before HeartBeat Count=82 Time=Tue Apr 10 2012 13:08:27 GMT+0200 AccountId=29131007 Session=f5237552-fd7a-4685-aa65-9e65bf1c30f8
debug ++ [int] eventPhase = 2
debug ++ [Boolean] bubbles = false
debug ++ [Boolean] cancelable = false
debug ++ [String] type = timer
debug +++ [int] repeatCount = 0
debug +++ [int] currentCount = 81
debug +++ [Boolean] running = true
debug +++ [int] delay = 120000
debug +++ [int] repeatCount = 0
debug +++ [int] currentCount = 81
debug +++ [Boolean] running = true
debug +++ [int] delay = 120000
debug time 13:08:27.420 :: After HeartBeat Count=82 Result=5
debug time 13:10:28.194 :: Before HeartBeat Count=83 Time=Tue Apr 10 2012 13:10:28 GMT+0200 AccountId=29131007 Session=f5237552-fd7a-4685-aa65-9e65bf1c30f8
debug ++ [int] eventPhase = 2
debug ++ [Boolean] bubbles = false
debug ++ [Boolean] cancelable = false
debug ++ [String] type = timer
debug +++ [int] repeatCount = 0
debug +++ [int] currentCount = 82
debug +++ [Boolean] running = true
debug +++ [int] delay = 120000
debug +++ [int] repeatCount = 0
debug +++ [int] currentCount = 82
debug +++ [Boolean] running = true
debug +++ [int] delay = 120000
debug time 13:10:28.363 :: After HeartBeat Count=83 Result=5
debug time 13:12:28.194 :: Before HeartBeat Count=84 Time=Tue Apr 10 2012 13:12:28 GMT+0200 AccountId=29131007 Session=f5237552-fd7a-4685-aa65-9e65bf1c30f8
debug ++ [int] eventPhase = 2
debug ++ [Boolean] bubbles = false
debug ++ [Boolean] cancelable = false
debug ++ [String] type = timer
debug +++ [int] repeatCount = 0
debug +++ [int] currentCount = 83
debug +++ [Boolean] running = true
debug +++ [int] delay = 120000
debug +++ [int] repeatCount = 0
debug +++ [int] currentCount = 83
debug +++ [Boolean] running = true
debug +++ [int] delay = 120000
debug time 13:12:28.363 :: After HeartBeat Count=84 Result=5
debug time 13:14:29.194 :: Before HeartBeat Count=85 Time=Tue Apr 10 2012 13:14:29 GMT+0200 AccountId=29131007 Session=f5237552-fd7a-4685-aa65-9e65bf1c30f8
debug ++ [int] eventPhase = 2
debug ++ [Boolean] bubbles = false
debug ++ [Boolean] cancelable = false
debug ++ [String] type = timer
debug +++ [int] repeatCount = 0
debug +++ [int] currentCount = 84
debug +++ [Boolean] running = true
debug +++ [int] delay = 120000
debug +++ [int] repeatCount = 0
debug +++ [int] currentCount = 84
debug +++ [Boolean] running = true
debug +++ [int] delay = 120000
debug time 13:14:29.363 :: After HeartBeat Count=85 Result=5
debug time 13:16:29.194 :: Before HeartBeat Count=86 Time=Tue Apr 10 2012 13:16:29 GMT+0200 AccountId=29131007 Session=f5237552-fd7a-4685-aa65-9e65bf1c30f8
debug ++ [int] eventPhase = 2
debug ++ [Boolean] bubbles = false
debug ++ [Boolean] cancelable = false
debug ++ [String] type = timer
debug +++ [int] repeatCount = 0
debug +++ [int] currentCount = 85
debug +++ [Boolean] running = true
debug +++ [int] delay = 120000
debug +++ [int] repeatCount = 0
debug +++ [int] currentCount = 85
debug +++ [Boolean] running = true
debug +++ [int] delay = 120000
debug time 13:16:29.363 :: After HeartBeat Count=86 Result=5
debug time 13:18:29.230 :: Before HeartBeat Count=87 Time=Tue Apr 10 2012 13:18:29 GMT+0200 AccountId=29131007 Session=f5237552-fd7a-4685-aa65-9e65bf1c30f8
debug ++ [int] eventPhase = 2
debug ++ [Boolean] bubbles = false
debug ++ [Boolean] cancelable = false
debug ++ [String] type = timer
debug +++ [int] repeatCount = 0
debug +++ [int] currentCount = 86
debug +++ [Boolean] running = true
debug +++ [int] delay = 120000
debug +++ [int] repeatCount = 0
debug +++ [int] currentCount = 86
debug +++ [Boolean] running = true
debug +++ [int] delay = 120000
debug time 13:18:29.428 :: After HeartBeat Count=87 Result=5
debug time 13:20:30.193 :: Before HeartBeat Count=88 Time=Tue Apr 10 2012 13:20:30 GMT+0200 AccountId=29131007 Session=f5237552-fd7a-4685-aa65-9e65bf1c30f8
debug ++ [int] eventPhase = 2
debug ++ [Boolean] bubbles = false
debug ++ [Boolean] cancelable = false
debug ++ [String] type = timer
debug +++ [int] repeatCount = 0
debug +++ [int] currentCount = 87
debug +++ [Boolean] running = true
debug +++ [int] delay = 120000
debug +++ [int] repeatCount = 0
debug +++ [int] currentCount = 87
debug +++ [Boolean] running = true
debug +++ [int] delay = 120000
debug time 13:20:30.361 :: After HeartBeat Count=88 Result=5
debug time 13:22:30.194 :: Before HeartBeat Count=89 Time=Tue Apr 10 2012 13:22:30 GMT+0200 AccountId=29131007 Session=f5237552-fd7a-4685-aa65-9e65bf1c30f8
debug ++ [int] eventPhase = 2
debug ++ [Boolean] bubbles = false
debug ++ [Boolean] cancelable = false
debug ++ [String] type = timer
debug +++ [int] repeatCount = 0
debug +++ [int] currentCount = 88
debug +++ [Boolean] running = true
debug +++ [int] delay = 120000
debug +++ [int] repeatCount = 0
debug +++ [int] currentCount = 88
debug +++ [Boolean] running = true
debug +++ [int] delay = 120000
debug time 13:22:30.364 :: After HeartBeat Count=89 Result=5
debug time 13:24:30.193 :: Before HeartBeat Count=90 Time=Tue Apr 10 2012 13:24:30 GMT+0200 AccountId=29131007 Session=f5237552-fd7a-4685-aa65-9e65bf1c30f8
debug ++ [int] eventPhase = 2
debug ++ [Boolean] bubbles = false
debug ++ [Boolean] cancelable = false
debug ++ [String] type = timer
debug +++ [int] repeatCount = 0
debug +++ [int] currentCount = 89
debug +++ [Boolean] running = true
debug +++ [int] delay = 120000
debug +++ [int] repeatCount = 0
debug +++ [int] currentCount = 89
debug +++ [Boolean] running = true
debug +++ [int] delay = 120000
debug time 13:24:30.362 :: After HeartBeat Count=90 Result=5
debug time 13:26:30.224 :: Before HeartBeat Count=91 Time=Tue Apr 10 2012 13:26:30 GMT+0200 AccountId=29131007 Session=f5237552-fd7a-4685-aa65-9e65bf1c30f8
debug ++ [int] eventPhase = 2
debug ++ [Boolean] bubbles = false
debug ++ [Boolean] cancelable = false
debug ++ [String] type = timer
debug +++ [int] repeatCount = 0
debug +++ [int] currentCount = 90
debug +++ [Boolean] running = true
debug +++ [int] delay = 120000
debug +++ [int] repeatCount = 0
debug +++ [int] currentCount = 90
debug +++ [Boolean] running = true
debug +++ [int] delay = 120000
debug time 13:26:30.423 :: After HeartBeat Count=91 Result=5
debug time 13:28:31.196 :: Before HeartBeat Count=92 Time=Tue Apr 10 2012 13:28:31 GMT+0200 AccountId=29131007 Session=f5237552-fd7a-4685-aa65-9e65bf1c30f8
debug ++ [int] eventPhase = 2
debug ++ [Boolean] bubbles = false
debug ++ [Boolean] cancelable = false
debug ++ [String] type = timer
debug +++ [int] repeatCount = 0
debug +++ [int] currentCount = 91
debug +++ [Boolean] running = true
debug +++ [int] delay = 120000
debug +++ [int] repeatCount = 0
debug +++ [int] currentCount = 91
debug +++ [Boolean] running = true
debug +++ [int] delay = 120000
debug time 13:28:31.365 :: After HeartBeat Count=92 Result=5
debug time 13:30:32.223 :: Before HeartBeat Count=93 Time=Tue Apr 10 2012 13:30:32 GMT+0200 AccountId=29131007 Session=f5237552-fd7a-4685-aa65-9e65bf1c30f8
debug ++ [int] eventPhase = 2
debug ++ [Boolean] bubbles = false
debug ++ [Boolean] cancelable = false
debug ++ [String] type = timer
debug +++ [int] repeatCount = 0
debug +++ [int] currentCount = 92
debug +++ [Boolean] running = true
debug +++ [int] delay = 120000
debug +++ [int] repeatCount = 0
debug +++ [int] currentCount = 92
debug +++ [Boolean] running = true
debug +++ [int] delay = 120000
debug time 13:30:32.423 :: After HeartBeat Count=93 Result=5
debug time 13:32:33.194 :: Before HeartBeat Count=94 Time=Tue Apr 10 2012 13:32:33 GMT+0200 AccountId=29131007 Session=f5237552-fd7a-4685-aa65-9e65bf1c30f8
debug ++ [int] eventPhase = 2
debug ++ [Boolean] bubbles = false
debug ++ [Boolean] cancelable = false
debug ++ [String] type = timer
debug +++ [int] repeatCount = 0
debug +++ [int] currentCount = 93
debug +++ [Boolean] running = true
debug +++ [int] delay = 120000
debug +++ [int] repeatCount = 0
debug +++ [int] currentCount = 93
debug +++ [Boolean] running = true
debug +++ [int] delay = 120000
debug time 13:32:33.364 :: After HeartBeat Count=94 Result=5
debug time 13:34:33.224 :: Before HeartBeat Count=95 Time=Tue Apr 10 2012 13:34:33 GMT+0200 AccountId=29131007 Session=f5237552-fd7a-4685-aa65-9e65bf1c30f8
debug ++ [int] eventPhase = 2
debug ++ [Boolean] bubbles = false
debug ++ [Boolean] cancelable = false
debug ++ [String] type = timer
debug +++ [int] repeatCount = 0
debug +++ [int] currentCount = 94
debug +++ [Boolean] running = true
debug +++ [int] delay = 120000
debug +++ [int] repeatCount = 0
debug +++ [int] currentCount = 94
debug +++ [Boolean] running = true
debug +++ [int] delay = 120000
debug time 13:34:33.424 :: After HeartBeat Count=95 Result=5
debug time 13:36:34.193 :: Before HeartBeat Count=96 Time=Tue Apr 10 2012 13:36:34 GMT+0200 AccountId=29131007 Session=f5237552-fd7a-4685-aa65-9e65bf1c30f8
debug ++ [int] eventPhase = 2
debug ++ [Boolean] bubbles = false
debug ++ [Boolean] cancelable = false
debug ++ [String] type = timer
debug +++ [int] repeatCount = 0
debug +++ [int] currentCount = 95
debug +++ [Boolean] running = true
debug +++ [int] delay = 120000
debug +++ [int] repeatCount = 0
debug +++ [int] currentCount = 95
debug +++ [Boolean] running = true
debug +++ [int] delay = 120000
debug time 13:36:34.362 :: After HeartBeat Count=96 Result=5
debug time 13:38:34.215 :: Before HeartBeat Count=97 Time=Tue Apr 10 2012 13:38:34 GMT+0200 AccountId=29131007 Session=f5237552-fd7a-4685-aa65-9e65bf1c30f8
debug ++ [int] eventPhase = 2
debug ++ [Boolean] bubbles = false
debug ++ [Boolean] cancelable = false
debug ++ [String] type = timer
debug +++ [int] repeatCount = 0
debug +++ [int] currentCount = 96
debug +++ [Boolean] running = true
debug +++ [int] delay = 120000
debug +++ [int] repeatCount = 0
debug +++ [int] currentCount = 96
debug +++ [Boolean] running = true
debug +++ [int] delay = 120000
debug time 13:38:34.384 :: After HeartBeat Count=97 Result=5
debug time 13:40:35.195 :: Before HeartBeat Count=98 Time=Tue Apr 10 2012 13:40:35 GMT+0200 AccountId=29131007 Session=f5237552-fd7a-4685-aa65-9e65bf1c30f8
debug ++ [int] eventPhase = 2
debug ++ [Boolean] bubbles = false
debug ++ [Boolean] cancelable = false
debug ++ [String] type = timer
debug +++ [int] repeatCount = 0
debug +++ [int] currentCount = 97
debug +++ [Boolean] running = true
debug +++ [int] delay = 120000
debug +++ [int] repeatCount = 0
debug +++ [int] currentCount = 97
debug +++ [Boolean] running = true
debug +++ [int] delay = 120000
debug time 13:40:35.365 :: After HeartBeat Count=98 Result=5
debug time 13:42:35.195 :: Before HeartBeat Count=99 Time=Tue Apr 10 2012 13:42:35 GMT+0200 AccountId=29131007 Session=f5237552-fd7a-4685-aa65-9e65bf1c30f8
debug ++ [int] eventPhase = 2
debug ++ [Boolean] bubbles = false
debug ++ [Boolean] cancelable = false
debug ++ [String] type = timer
debug +++ [int] repeatCount = 0
debug +++ [int] currentCount = 98
debug +++ [Boolean] running = true
debug +++ [int] delay = 120000
debug +++ [int] repeatCount = 0
debug +++ [int] currentCount = 98
debug +++ [Boolean] running = true
debug +++ [int] delay = 120000
debug time 13:42:35.363 :: After HeartBeat Count=99 Result=5
debug time 13:44:36.193 :: Before HeartBeat Count=100 Time=Tue Apr 10 2012 13:44:36 GMT+0200 AccountId=29131007 Session=f5237552-fd7a-4685-aa65-9e65bf1c30f8
debug ++ [int] eventPhase = 2
debug ++ [Boolean] bubbles = false
debug ++ [Boolean] cancelable = false
debug ++ [String] type = timer
debug +++ [int] repeatCount = 0
debug +++ [int] currentCount = 99
debug +++ [Boolean] running = true
debug +++ [int] delay = 120000
debug +++ [int] repeatCount = 0
debug +++ [int] currentCount = 99
debug +++ [Boolean] running = true
debug +++ [int] delay = 120000
debug time 13:44:36.361 :: After HeartBeat Count=100 Result=5
debug time 13:46:36.229 :: Before HeartBeat Count=101 Time=Tue Apr 10 2012 13:46:36 GMT+0200 AccountId=29131007 Session=f5237552-fd7a-4685-aa65-9e65bf1c30f8
debug ++ [int] eventPhase = 2
debug ++ [Boolean] bubbles = false
debug ++ [Boolean] cancelable = false
debug ++ [String] type = timer
debug +++ [int] repeatCount = 0
debug +++ [int] currentCount = 100
debug +++ [Boolean] running = true
debug +++ [int] delay = 120000
debug +++ [int] repeatCount = 0
debug +++ [int] currentCount = 100
debug +++ [Boolean] running = true
debug +++ [int] delay = 120000
debug time 13:46:36.407 :: After HeartBeat Count=101 Result=5
debug time 13:48:37.193 :: Before HeartBeat Count=102 Time=Tue Apr 10 2012 13:48:37 GMT+0200 AccountId=29131007 Session=f5237552-fd7a-4685-aa65-9e65bf1c30f8
debug ++ [int] eventPhase = 2
debug ++ [Boolean] bubbles = false
debug ++ [Boolean] cancelable = false
debug ++ [String] type = timer
debug +++ [int] repeatCount = 0
debug +++ [int] currentCount = 101
debug +++ [Boolean] running = true
debug +++ [int] delay = 120000
debug +++ [int] repeatCount = 0
debug +++ [int] currentCount = 101
debug +++ [Boolean] running = true
debug +++ [int] delay = 120000
debug time 13:48:37.361 :: After HeartBeat Count=102 Result=5
debug time 13:50:37.193 :: Before HeartBeat Count=103 Time=Tue Apr 10 2012 13:50:37 GMT+0200 AccountId=29131007 Session=f5237552-fd7a-4685-aa65-9e65bf1c30f8
debug ++ [int] eventPhase = 2
debug ++ [Boolean] bubbles = false
debug ++ [Boolean] cancelable = false
debug ++ [String] type = timer
debug +++ [int] repeatCount = 0
debug +++ [int] currentCount = 102
debug +++ [Boolean] running = true
debug +++ [int] delay = 120000
debug +++ [int] repeatCount = 0
debug +++ [int] currentCount = 102
debug +++ [Boolean] running = true
debug +++ [int] delay = 120000
debug time 13:50:37.362 :: After HeartBeat Count=103 Result=5
debug time 13:52:37.193 :: Before HeartBeat Count=104 Time=Tue Apr 10 2012 13:52:37 GMT+0200 AccountId=29131007 Session=f5237552-fd7a-4685-aa65-9e65bf1c30f8
debug ++ [int] eventPhase = 2
debug ++ [Boolean] bubbles = false
debug ++ [Boolean] cancelable = false
debug ++ [String] type = timer
debug +++ [int] repeatCount = 0
debug +++ [int] currentCount = 103
debug +++ [Boolean] running = true
debug +++ [int] delay = 120000
debug +++ [int] repeatCount = 0
debug +++ [int] currentCount = 103
debug +++ [Boolean] running = true
debug +++ [int] delay = 120000
debug time 13:52:37.362 :: After HeartBeat Count=104 Result=5
debug time 13:54:04.456 :: Performing heartbeat at Tue Apr 10 2012 13:54:04 GMT+0200
debug time 13:54:37.211 :: Before HeartBeat Count=105 Time=Tue Apr 10 2012 13:54:37 GMT+0200 AccountId=29131007 Session=f5237552-fd7a-4685-aa65-9e65bf1c30f8
debug ++ [int] eventPhase = 2
debug ++ [Boolean] bubbles = false
debug ++ [Boolean] cancelable = false
debug ++ [String] type = timer
debug +++ [int] repeatCount = 0
debug +++ [int] currentCount = 104
debug +++ [Boolean] running = true
debug +++ [int] delay = 120000
debug +++ [int] repeatCount = 0
debug +++ [int] currentCount = 104
debug +++ [Boolean] running = true
debug +++ [int] delay = 120000
debug time 13:54:37.382 :: After HeartBeat Count=105 Result=5
