debug time 10:26:13.10 :: Before HeartBeat Count=1 Time=Mon Apr 16 2012 10:26:12 GMT+0200 AccountId=29131007 Session=fed91fb0-fa61-4879-b410-b6f35673c14f
STOP LOGGING: More than 0 nested objects or properties. 
debug time 10:26:13.375 :: After HeartBeat Count=1 Result=5
debug time 10:28:13.17 :: Before HeartBeat Count=2 Time=Mon Apr 16 2012 10:28:13 GMT+0200 AccountId=29131007 Session=fed91fb0-fa61-4879-b410-b6f35673c14f
debug ++ [int] eventPhase = 2
debug ++ [Boolean] bubbles = false
debug ++ [Boolean] cancelable = false
debug ++ [String] type = timer
debug +++ [int] repeatCount = 0
debug +++ [int] currentCount = 1
debug +++ [Boolean] running = true
debug +++ [int] delay = 120000
debug +++ [int] repeatCount = 0
debug +++ [int] currentCount = 1
debug +++ [Boolean] running = true
debug +++ [int] delay = 120000
debug time 10:28:13.218 :: After HeartBeat Count=2 Result=5
debug time 10:30:13.285 :: Before HeartBeat Count=3 Time=Mon Apr 16 2012 10:30:13 GMT+0200 AccountId=29131007 Session=fed91fb0-fa61-4879-b410-b6f35673c14f
debug ++ [int] eventPhase = 2
debug ++ [Boolean] bubbles = false
debug ++ [Boolean] cancelable = false
debug ++ [String] type = timer
debug +++ [int] repeatCount = 0
debug +++ [int] currentCount = 2
debug +++ [Boolean] running = true
debug +++ [int] delay = 120000
debug +++ [int] repeatCount = 0
debug +++ [int] currentCount = 2
debug +++ [Boolean] running = true
debug +++ [int] delay = 120000
debug time 10:30:13.456 :: After HeartBeat Count=3 Result=5
debug time 10:32:14.299 :: Before HeartBeat Count=4 Time=Mon Apr 16 2012 10:32:14 GMT+0200 AccountId=29131007 Session=fed91fb0-fa61-4879-b410-b6f35673c14f
debug ++ [int] eventPhase = 2
debug ++ [Boolean] bubbles = false
debug ++ [Boolean] cancelable = false
debug ++ [String] type = timer
debug +++ [int] repeatCount = 0
debug +++ [int] currentCount = 3
debug +++ [Boolean] running = true
debug +++ [int] delay = 120000
debug +++ [int] repeatCount = 0
debug +++ [int] currentCount = 3
debug +++ [Boolean] running = true
debug +++ [int] delay = 120000
debug time 10:32:14.488 :: After HeartBeat Count=4 Result=5
debug time 10:34:15.280 :: Before HeartBeat Count=5 Time=Mon Apr 16 2012 10:34:15 GMT+0200 AccountId=29131007 Session=fed91fb0-fa61-4879-b410-b6f35673c14f
debug ++ [int] eventPhase = 2
debug ++ [Boolean] bubbles = false
debug ++ [Boolean] cancelable = false
debug ++ [String] type = timer
debug +++ [int] repeatCount = 0
debug +++ [int] currentCount = 4
debug +++ [Boolean] running = true
debug +++ [int] delay = 120000
debug +++ [int] repeatCount = 0
debug +++ [int] currentCount = 4
debug +++ [Boolean] running = true
debug +++ [int] delay = 120000
debug time 10:34:15.449 :: After HeartBeat Count=5 Result=5
debug time 10:36:15.280 :: Before HeartBeat Count=6 Time=Mon Apr 16 2012 10:36:15 GMT+0200 AccountId=29131007 Session=fed91fb0-fa61-4879-b410-b6f35673c14f
debug ++ [int] eventPhase = 2
debug ++ [Boolean] bubbles = false
debug ++ [Boolean] cancelable = false
debug ++ [String] type = timer
debug +++ [int] repeatCount = 0
debug +++ [int] currentCount = 5
debug +++ [Boolean] running = true
debug +++ [int] delay = 120000
debug +++ [int] repeatCount = 0
debug +++ [int] currentCount = 5
debug +++ [Boolean] running = true
debug +++ [int] delay = 120000
debug time 10:36:15.447 :: After HeartBeat Count=6 Result=5
debug time 10:38:15.281 :: Before HeartBeat Count=7 Time=Mon Apr 16 2012 10:38:15 GMT+0200 AccountId=29131007 Session=fed91fb0-fa61-4879-b410-b6f35673c14f
debug ++ [int] eventPhase = 2
debug ++ [Boolean] bubbles = false
debug ++ [Boolean] cancelable = false
debug ++ [String] type = timer
debug +++ [int] repeatCount = 0
debug +++ [int] currentCount = 6
debug +++ [Boolean] running = true
debug +++ [int] delay = 120000
debug +++ [int] repeatCount = 0
debug +++ [int] currentCount = 6
debug +++ [Boolean] running = true
debug +++ [int] delay = 120000
debug time 10:38:15.448 :: After HeartBeat Count=7 Result=5
debug time 10:40:15.281 :: Before HeartBeat Count=8 Time=Mon Apr 16 2012 10:40:15 GMT+0200 AccountId=29131007 Session=fed91fb0-fa61-4879-b410-b6f35673c14f
debug ++ [int] eventPhase = 2
debug ++ [Boolean] bubbles = false
debug ++ [Boolean] cancelable = false
debug ++ [String] type = timer
debug +++ [int] repeatCount = 0
debug +++ [int] currentCount = 7
debug +++ [Boolean] running = true
debug +++ [int] delay = 120000
debug +++ [int] repeatCount = 0
debug +++ [int] currentCount = 7
debug +++ [Boolean] running = true
debug +++ [int] delay = 120000
debug time 10:40:15.448 :: After HeartBeat Count=8 Result=5
debug time 10:42:15.296 :: Before HeartBeat Count=9 Time=Mon Apr 16 2012 10:42:15 GMT+0200 AccountId=29131007 Session=fed91fb0-fa61-4879-b410-b6f35673c14f
debug ++ [int] eventPhase = 2
debug ++ [Boolean] bubbles = false
debug ++ [Boolean] cancelable = false
debug ++ [String] type = timer
debug +++ [int] repeatCount = 0
debug +++ [int] currentCount = 8
debug +++ [Boolean] running = true
debug +++ [int] delay = 120000
debug +++ [int] repeatCount = 0
debug +++ [int] currentCount = 8
debug +++ [Boolean] running = true
debug +++ [int] delay = 120000
debug time 10:42:15.480 :: After HeartBeat Count=9 Result=5
debug time 10:44:15.296 :: Before HeartBeat Count=10 Time=Mon Apr 16 2012 10:44:15 GMT+0200 AccountId=29131007 Session=fed91fb0-fa61-4879-b410-b6f35673c14f
debug ++ [int] eventPhase = 2
debug ++ [Boolean] bubbles = false
debug ++ [Boolean] cancelable = false
debug ++ [String] type = timer
debug +++ [int] repeatCount = 0
debug +++ [int] currentCount = 9
debug +++ [Boolean] running = true
debug +++ [int] delay = 120000
debug +++ [int] repeatCount = 0
debug +++ [int] currentCount = 9
debug +++ [Boolean] running = true
debug +++ [int] delay = 120000
debug time 10:44:15.485 :: After HeartBeat Count=10 Result=5
debug time 10:46:16.280 :: Before HeartBeat Count=11 Time=Mon Apr 16 2012 10:46:16 GMT+0200 AccountId=29131007 Session=fed91fb0-fa61-4879-b410-b6f35673c14f
debug ++ [int] eventPhase = 2
debug ++ [Boolean] bubbles = false
debug ++ [Boolean] cancelable = false
debug ++ [String] type = timer
debug +++ [int] repeatCount = 0
debug +++ [int] currentCount = 10
debug +++ [Boolean] running = true
debug +++ [int] delay = 120000
debug +++ [int] repeatCount = 0
debug +++ [int] currentCount = 10
debug +++ [Boolean] running = true
debug +++ [int] delay = 120000
debug time 10:46:16.460 :: After HeartBeat Count=11 Result=5
debug time 10:48:16.280 :: Before HeartBeat Count=12 Time=Mon Apr 16 2012 10:48:16 GMT+0200 AccountId=29131007 Session=fed91fb0-fa61-4879-b410-b6f35673c14f
debug ++ [int] eventPhase = 2
debug ++ [Boolean] bubbles = false
debug ++ [Boolean] cancelable = false
debug ++ [String] type = timer
debug +++ [int] repeatCount = 0
debug +++ [int] currentCount = 11
debug +++ [Boolean] running = true
debug +++ [int] delay = 120000
debug +++ [int] repeatCount = 0
debug +++ [int] currentCount = 11
debug +++ [Boolean] running = true
debug +++ [int] delay = 120000
debug time 10:48:16.447 :: After HeartBeat Count=12 Result=5
debug time 10:50:16.280 :: Before HeartBeat Count=13 Time=Mon Apr 16 2012 10:50:16 GMT+0200 AccountId=29131007 Session=fed91fb0-fa61-4879-b410-b6f35673c14f
debug ++ [int] eventPhase = 2
debug ++ [Boolean] bubbles = false
debug ++ [Boolean] cancelable = false
debug ++ [String] type = timer
debug +++ [int] repeatCount = 0
debug +++ [int] currentCount = 12
debug +++ [Boolean] running = true
debug +++ [int] delay = 120000
debug +++ [int] repeatCount = 0
debug +++ [int] currentCount = 12
debug +++ [Boolean] running = true
debug +++ [int] delay = 120000
debug time 10:50:16.448 :: After HeartBeat Count=13 Result=5
debug time 10:52:16.279 :: Before HeartBeat Count=14 Time=Mon Apr 16 2012 10:52:16 GMT+0200 AccountId=29131007 Session=fed91fb0-fa61-4879-b410-b6f35673c14f
debug ++ [int] eventPhase = 2
debug ++ [Boolean] bubbles = false
debug ++ [Boolean] cancelable = false
debug ++ [String] type = timer
debug +++ [int] repeatCount = 0
debug +++ [int] currentCount = 13
debug +++ [Boolean] running = true
debug +++ [int] delay = 120000
debug +++ [int] repeatCount = 0
debug +++ [int] currentCount = 13
debug +++ [Boolean] running = true
debug +++ [int] delay = 120000
debug time 10:52:16.447 :: After HeartBeat Count=14 Result=5
debug time 10:54:16.280 :: Before HeartBeat Count=15 Time=Mon Apr 16 2012 10:54:16 GMT+0200 AccountId=29131007 Session=fed91fb0-fa61-4879-b410-b6f35673c14f
debug ++ [int] eventPhase = 2
debug ++ [Boolean] bubbles = false
debug ++ [Boolean] cancelable = false
debug ++ [String] type = timer
debug +++ [int] repeatCount = 0
debug +++ [int] currentCount = 14
debug +++ [Boolean] running = true
debug +++ [int] delay = 120000
debug +++ [int] repeatCount = 0
debug +++ [int] currentCount = 14
debug +++ [Boolean] running = true
debug +++ [int] delay = 120000
debug time 10:54:16.450 :: After HeartBeat Count=15 Result=5
debug time 10:56:16.280 :: Before HeartBeat Count=16 Time=Mon Apr 16 2012 10:56:16 GMT+0200 AccountId=29131007 Session=fed91fb0-fa61-4879-b410-b6f35673c14f
debug ++ [int] eventPhase = 2
debug ++ [Boolean] bubbles = false
debug ++ [Boolean] cancelable = false
debug ++ [String] type = timer
debug +++ [int] repeatCount = 0
debug +++ [int] currentCount = 15
debug +++ [Boolean] running = true
debug +++ [int] delay = 120000
debug +++ [int] repeatCount = 0
debug +++ [int] currentCount = 15
debug +++ [Boolean] running = true
debug +++ [int] delay = 120000
debug time 10:56:16.448 :: After HeartBeat Count=16 Result=5
debug time 10:58:16.281 :: Before HeartBeat Count=17 Time=Mon Apr 16 2012 10:58:16 GMT+0200 AccountId=29131007 Session=fed91fb0-fa61-4879-b410-b6f35673c14f
debug ++ [int] eventPhase = 2
debug ++ [Boolean] bubbles = false
debug ++ [Boolean] cancelable = false
debug ++ [String] type = timer
debug +++ [int] repeatCount = 0
debug +++ [int] currentCount = 16
debug +++ [Boolean] running = true
debug +++ [int] delay = 120000
debug +++ [int] repeatCount = 0
debug +++ [int] currentCount = 16
debug +++ [Boolean] running = true
debug +++ [int] delay = 120000
debug time 10:58:16.449 :: After HeartBeat Count=17 Result=5
debug time 11:00:17.281 :: Before HeartBeat Count=18 Time=Mon Apr 16 2012 11:00:17 GMT+0200 AccountId=29131007 Session=fed91fb0-fa61-4879-b410-b6f35673c14f
debug ++ [int] eventPhase = 2
debug ++ [Boolean] bubbles = false
debug ++ [Boolean] cancelable = false
debug ++ [String] type = timer
debug +++ [int] repeatCount = 0
debug +++ [int] currentCount = 17
debug +++ [Boolean] running = true
debug +++ [int] delay = 120000
debug +++ [int] repeatCount = 0
debug +++ [int] currentCount = 17
debug +++ [Boolean] running = true
debug +++ [int] delay = 120000
debug time 11:00:17.449 :: After HeartBeat Count=18 Result=5
debug time 11:02:17.281 :: Before HeartBeat Count=19 Time=Mon Apr 16 2012 11:02:17 GMT+0200 AccountId=29131007 Session=fed91fb0-fa61-4879-b410-b6f35673c14f
debug ++ [int] eventPhase = 2
debug ++ [Boolean] bubbles = false
debug ++ [Boolean] cancelable = false
debug ++ [String] type = timer
debug +++ [int] repeatCount = 0
debug +++ [int] currentCount = 18
debug +++ [Boolean] running = true
debug +++ [int] delay = 120000
debug +++ [int] repeatCount = 0
debug +++ [int] currentCount = 18
debug +++ [Boolean] running = true
debug +++ [int] delay = 120000
debug time 11:02:17.448 :: After HeartBeat Count=19 Result=5
debug time 11:04:17.301 :: Before HeartBeat Count=20 Time=Mon Apr 16 2012 11:04:17 GMT+0200 AccountId=29131007 Session=fed91fb0-fa61-4879-b410-b6f35673c14f
debug ++ [int] eventPhase = 2
debug ++ [Boolean] bubbles = false
debug ++ [Boolean] cancelable = false
debug ++ [String] type = timer
debug +++ [int] repeatCount = 0
debug +++ [int] currentCount = 19
debug +++ [Boolean] running = true
debug +++ [int] delay = 120000
debug +++ [int] repeatCount = 0
debug +++ [int] currentCount = 19
debug +++ [Boolean] running = true
debug +++ [int] delay = 120000
debug time 11:04:17.490 :: After HeartBeat Count=20 Result=5
debug time 11:06:18.295 :: Before HeartBeat Count=21 Time=Mon Apr 16 2012 11:06:18 GMT+0200 AccountId=29131007 Session=fed91fb0-fa61-4879-b410-b6f35673c14f
debug ++ [int] eventPhase = 2
debug ++ [Boolean] bubbles = false
debug ++ [Boolean] cancelable = false
debug ++ [String] type = timer
debug +++ [int] repeatCount = 0
debug +++ [int] currentCount = 20
debug +++ [Boolean] running = true
debug +++ [int] delay = 120000
debug +++ [int] repeatCount = 0
debug +++ [int] currentCount = 20
debug +++ [Boolean] running = true
debug +++ [int] delay = 120000
debug time 11:06:18.475 :: After HeartBeat Count=21 Result=5
debug time 11:08:19.297 :: Before HeartBeat Count=22 Time=Mon Apr 16 2012 11:08:19 GMT+0200 AccountId=29131007 Session=fed91fb0-fa61-4879-b410-b6f35673c14f
debug ++ [int] eventPhase = 2
debug ++ [Boolean] bubbles = false
debug ++ [Boolean] cancelable = false
debug ++ [String] type = timer
debug +++ [int] repeatCount = 0
debug +++ [int] currentCount = 21
debug +++ [Boolean] running = true
debug +++ [int] delay = 120000
debug +++ [int] repeatCount = 0
debug +++ [int] currentCount = 21
debug +++ [Boolean] running = true
debug +++ [int] delay = 120000
debug time 11:08:19.475 :: After HeartBeat Count=22 Result=5
debug time 11:10:20.279 :: Before HeartBeat Count=23 Time=Mon Apr 16 2012 11:10:20 GMT+0200 AccountId=29131007 Session=fed91fb0-fa61-4879-b410-b6f35673c14f
debug ++ [int] eventPhase = 2
debug ++ [Boolean] bubbles = false
debug ++ [Boolean] cancelable = false
debug ++ [String] type = timer
debug +++ [int] repeatCount = 0
debug +++ [int] currentCount = 22
debug +++ [Boolean] running = true
debug +++ [int] delay = 120000
debug +++ [int] repeatCount = 0
debug +++ [int] currentCount = 22
debug +++ [Boolean] running = true
debug +++ [int] delay = 120000
debug time 11:10:20.446 :: After HeartBeat Count=23 Result=5
debug time 11:12:20.280 :: Before HeartBeat Count=24 Time=Mon Apr 16 2012 11:12:20 GMT+0200 AccountId=29131007 Session=fed91fb0-fa61-4879-b410-b6f35673c14f
debug ++ [int] eventPhase = 2
debug ++ [Boolean] bubbles = false
debug ++ [Boolean] cancelable = false
debug ++ [String] type = timer
debug +++ [int] repeatCount = 0
debug +++ [int] currentCount = 23
debug +++ [Boolean] running = true
debug +++ [int] delay = 120000
debug +++ [int] repeatCount = 0
debug +++ [int] currentCount = 23
debug +++ [Boolean] running = true
debug +++ [int] delay = 120000
debug time 11:12:20.449 :: After HeartBeat Count=24 Result=5
debug time 11:13:43.361 :: Performing heartbeat at Mon Apr 16 2012 11:13:43 GMT+0200
debug time 11:14:20.304 :: Before HeartBeat Count=25 Time=Mon Apr 16 2012 11:14:20 GMT+0200 AccountId=29131007 Session=fed91fb0-fa61-4879-b410-b6f35673c14f
debug ++ [int] eventPhase = 2
debug ++ [Boolean] bubbles = false
debug ++ [Boolean] cancelable = false
debug ++ [String] type = timer
debug +++ [int] repeatCount = 0
debug +++ [int] currentCount = 24
debug +++ [Boolean] running = true
debug +++ [int] delay = 120000
debug +++ [int] repeatCount = 0
debug +++ [int] currentCount = 24
debug +++ [Boolean] running = true
debug +++ [int] delay = 120000
debug time 11:14:20.497 :: After HeartBeat Count=25 Result=5
debug time 11:16:20.329 :: Before HeartBeat Count=26 Time=Mon Apr 16 2012 11:16:20 GMT+0200 AccountId=29131007 Session=fed91fb0-fa61-4879-b410-b6f35673c14f
debug ++ [int] eventPhase = 2
debug ++ [Boolean] bubbles = false
debug ++ [Boolean] cancelable = false
debug ++ [String] type = timer
debug +++ [int] repeatCount = 0
debug +++ [int] currentCount = 25
debug +++ [Boolean] running = true
debug +++ [int] delay = 120000
debug +++ [int] repeatCount = 0
debug +++ [int] currentCount = 25
debug +++ [Boolean] running = true
debug +++ [int] delay = 120000
debug time 11:16:20.510 :: After HeartBeat Count=26 Result=5
debug time 11:18:21.246 :: Before HeartBeat Count=27 Time=Mon Apr 16 2012 11:18:21 GMT+0200 AccountId=29131007 Session=fed91fb0-fa61-4879-b410-b6f35673c14f
debug ++ [int] eventPhase = 2
debug ++ [Boolean] bubbles = false
debug ++ [Boolean] cancelable = false
debug ++ [String] type = timer
debug +++ [int] repeatCount = 0
debug +++ [int] currentCount = 26
debug +++ [Boolean] running = true
debug +++ [int] delay = 120000
debug +++ [int] repeatCount = 0
debug +++ [int] currentCount = 26
debug +++ [Boolean] running = true
debug +++ [int] delay = 120000
debug time 11:18:21.414 :: After HeartBeat Count=27 Result=5
debug time 11:20:21.246 :: Before HeartBeat Count=28 Time=Mon Apr 16 2012 11:20:21 GMT+0200 AccountId=29131007 Session=fed91fb0-fa61-4879-b410-b6f35673c14f
debug ++ [int] eventPhase = 2
debug ++ [Boolean] bubbles = false
debug ++ [Boolean] cancelable = false
debug ++ [String] type = timer
debug +++ [int] repeatCount = 0
debug +++ [int] currentCount = 27
debug +++ [Boolean] running = true
debug +++ [int] delay = 120000
debug +++ [int] repeatCount = 0
debug +++ [int] currentCount = 27
debug +++ [Boolean] running = true
debug +++ [int] delay = 120000
debug time 11:20:21.414 :: After HeartBeat Count=28 Result=5
debug time 11:22:21.275 :: Before HeartBeat Count=29 Time=Mon Apr 16 2012 11:22:21 GMT+0200 AccountId=29131007 Session=fed91fb0-fa61-4879-b410-b6f35673c14f
debug ++ [int] eventPhase = 2
debug ++ [Boolean] bubbles = false
debug ++ [Boolean] cancelable = false
debug ++ [String] type = timer
debug +++ [int] repeatCount = 0
debug +++ [int] currentCount = 28
debug +++ [Boolean] running = true
debug +++ [int] delay = 120000
debug +++ [int] repeatCount = 0
debug +++ [int] currentCount = 28
debug +++ [Boolean] running = true
debug +++ [int] delay = 120000
debug time 11:22:21.469 :: After HeartBeat Count=29 Result=5
debug time 11:24:22.244 :: Before HeartBeat Count=30 Time=Mon Apr 16 2012 11:24:22 GMT+0200 AccountId=29131007 Session=fed91fb0-fa61-4879-b410-b6f35673c14f
debug ++ [int] eventPhase = 2
debug ++ [Boolean] bubbles = false
debug ++ [Boolean] cancelable = false
debug ++ [String] type = timer
debug +++ [int] repeatCount = 0
debug +++ [int] currentCount = 29
debug +++ [Boolean] running = true
debug +++ [int] delay = 120000
debug +++ [int] repeatCount = 0
debug +++ [int] currentCount = 29
debug +++ [Boolean] running = true
debug +++ [int] delay = 120000
debug time 11:24:22.413 :: After HeartBeat Count=30 Result=5
debug time 11:26:22.274 :: Before HeartBeat Count=31 Time=Mon Apr 16 2012 11:26:22 GMT+0200 AccountId=29131007 Session=fed91fb0-fa61-4879-b410-b6f35673c14f
debug ++ [int] eventPhase = 2
debug ++ [Boolean] bubbles = false
debug ++ [Boolean] cancelable = false
debug ++ [String] type = timer
debug +++ [int] repeatCount = 0
debug +++ [int] currentCount = 30
debug +++ [Boolean] running = true
debug +++ [int] delay = 120000
debug +++ [int] repeatCount = 0
debug +++ [int] currentCount = 30
debug +++ [Boolean] running = true
debug +++ [int] delay = 120000
debug time 11:26:22.467 :: After HeartBeat Count=31 Result=5
debug time 11:28:23.245 :: Before HeartBeat Count=32 Time=Mon Apr 16 2012 11:28:23 GMT+0200 AccountId=29131007 Session=fed91fb0-fa61-4879-b410-b6f35673c14f
debug ++ [int] eventPhase = 2
debug ++ [Boolean] bubbles = false
debug ++ [Boolean] cancelable = false
debug ++ [String] type = timer
debug +++ [int] repeatCount = 0
debug +++ [int] currentCount = 31
debug +++ [Boolean] running = true
debug +++ [int] delay = 120000
debug +++ [int] repeatCount = 0
debug +++ [int] currentCount = 31
debug +++ [Boolean] running = true
debug +++ [int] delay = 120000
debug time 11:28:23.413 :: After HeartBeat Count=32 Result=5
debug time 11:30:23.246 :: Before HeartBeat Count=33 Time=Mon Apr 16 2012 11:30:23 GMT+0200 AccountId=29131007 Session=fed91fb0-fa61-4879-b410-b6f35673c14f
debug ++ [int] eventPhase = 2
debug ++ [Boolean] bubbles = false
debug ++ [Boolean] cancelable = false
debug ++ [String] type = timer
debug +++ [int] repeatCount = 0
debug +++ [int] currentCount = 32
debug +++ [Boolean] running = true
debug +++ [int] delay = 120000
debug +++ [int] repeatCount = 0
debug +++ [int] currentCount = 32
debug +++ [Boolean] running = true
debug +++ [int] delay = 120000
debug time 11:30:23.414 :: After HeartBeat Count=33 Result=5
debug time 11:32:23.250 :: Before HeartBeat Count=34 Time=Mon Apr 16 2012 11:32:23 GMT+0200 AccountId=29131007 Session=fed91fb0-fa61-4879-b410-b6f35673c14f
debug ++ [int] eventPhase = 2
debug ++ [Boolean] bubbles = false
debug ++ [Boolean] cancelable = false
debug ++ [String] type = timer
debug +++ [int] repeatCount = 0
debug +++ [int] currentCount = 33
debug +++ [Boolean] running = true
debug +++ [int] delay = 120000
debug +++ [int] repeatCount = 0
debug +++ [int] currentCount = 33
debug +++ [Boolean] running = true
debug +++ [int] delay = 120000
debug time 11:32:23.451 :: After HeartBeat Count=34 Result=5
debug time 11:34:23.276 :: Before HeartBeat Count=35 Time=Mon Apr 16 2012 11:34:23 GMT+0200 AccountId=29131007 Session=fed91fb0-fa61-4879-b410-b6f35673c14f
debug ++ [int] eventPhase = 2
debug ++ [Boolean] bubbles = false
debug ++ [Boolean] cancelable = false
debug ++ [String] type = timer
debug +++ [int] repeatCount = 0
debug +++ [int] currentCount = 34
debug +++ [Boolean] running = true
debug +++ [int] delay = 120000
debug +++ [int] repeatCount = 0
debug +++ [int] currentCount = 34
debug +++ [Boolean] running = true
debug +++ [int] delay = 120000
debug time 11:34:23.445 :: After HeartBeat Count=35 Result=5
debug time 11:36:24.249 :: Before HeartBeat Count=36 Time=Mon Apr 16 2012 11:36:24 GMT+0200 AccountId=29131007 Session=fed91fb0-fa61-4879-b410-b6f35673c14f
debug ++ [int] eventPhase = 2
debug ++ [Boolean] bubbles = false
debug ++ [Boolean] cancelable = false
debug ++ [String] type = timer
debug +++ [int] repeatCount = 0
debug +++ [int] currentCount = 35
debug +++ [Boolean] running = true
debug +++ [int] delay = 120000
debug +++ [int] repeatCount = 0
debug +++ [int] currentCount = 35
debug +++ [Boolean] running = true
debug +++ [int] delay = 120000
debug time 11:36:24.421 :: After HeartBeat Count=36 Result=5
debug time 11:38:25.245 :: Before HeartBeat Count=37 Time=Mon Apr 16 2012 11:38:25 GMT+0200 AccountId=29131007 Session=fed91fb0-fa61-4879-b410-b6f35673c14f
debug ++ [int] eventPhase = 2
debug ++ [Boolean] bubbles = false
debug ++ [Boolean] cancelable = false
debug ++ [String] type = timer
debug +++ [int] repeatCount = 0
debug +++ [int] currentCount = 36
debug +++ [Boolean] running = true
debug +++ [int] delay = 120000
debug +++ [int] repeatCount = 0
debug +++ [int] currentCount = 36
debug +++ [Boolean] running = true
debug +++ [int] delay = 120000
debug time 11:38:25.412 :: After HeartBeat Count=37 Result=5
debug time 11:40:25.271 :: Before HeartBeat Count=38 Time=Mon Apr 16 2012 11:40:25 GMT+0200 AccountId=29131007 Session=fed91fb0-fa61-4879-b410-b6f35673c14f
debug ++ [int] eventPhase = 2
debug ++ [Boolean] bubbles = false
debug ++ [Boolean] cancelable = false
debug ++ [String] type = timer
debug +++ [int] repeatCount = 0
debug +++ [int] currentCount = 37
debug +++ [Boolean] running = true
debug +++ [int] delay = 120000
debug +++ [int] repeatCount = 0
debug +++ [int] currentCount = 37
debug +++ [Boolean] running = true
debug +++ [int] delay = 120000
debug time 11:40:25.468 :: After HeartBeat Count=38 Result=5
debug time 11:42:26.244 :: Before HeartBeat Count=39 Time=Mon Apr 16 2012 11:42:26 GMT+0200 AccountId=29131007 Session=fed91fb0-fa61-4879-b410-b6f35673c14f
debug ++ [int] eventPhase = 2
debug ++ [Boolean] bubbles = false
debug ++ [Boolean] cancelable = false
debug ++ [String] type = timer
debug +++ [int] repeatCount = 0
debug +++ [int] currentCount = 38
debug +++ [Boolean] running = true
debug +++ [int] delay = 120000
debug +++ [int] repeatCount = 0
debug +++ [int] currentCount = 38
debug +++ [Boolean] running = true
debug +++ [int] delay = 120000
debug time 11:42:26.412 :: After HeartBeat Count=39 Result=5
debug time 11:44:26.243 :: Before HeartBeat Count=40 Time=Mon Apr 16 2012 11:44:26 GMT+0200 AccountId=29131007 Session=fed91fb0-fa61-4879-b410-b6f35673c14f
debug ++ [int] eventPhase = 2
debug ++ [Boolean] bubbles = false
debug ++ [Boolean] cancelable = false
debug ++ [String] type = timer
debug +++ [int] repeatCount = 0
debug +++ [int] currentCount = 39
debug +++ [Boolean] running = true
debug +++ [int] delay = 120000
debug +++ [int] repeatCount = 0
debug +++ [int] currentCount = 39
debug +++ [Boolean] running = true
debug +++ [int] delay = 120000
debug time 11:44:26.411 :: After HeartBeat Count=40 Result=5
debug time 11:46:26.245 :: Before HeartBeat Count=41 Time=Mon Apr 16 2012 11:46:26 GMT+0200 AccountId=29131007 Session=fed91fb0-fa61-4879-b410-b6f35673c14f
debug ++ [int] eventPhase = 2
debug ++ [Boolean] bubbles = false
debug ++ [Boolean] cancelable = false
debug ++ [String] type = timer
debug +++ [int] repeatCount = 0
debug +++ [int] currentCount = 40
debug +++ [Boolean] running = true
debug +++ [int] delay = 120000
debug +++ [int] repeatCount = 0
debug +++ [int] currentCount = 40
debug +++ [Boolean] running = true
debug +++ [int] delay = 120000
debug time 11:46:26.414 :: After HeartBeat Count=41 Result=5
debug time 11:48:26.275 :: Before HeartBeat Count=42 Time=Mon Apr 16 2012 11:48:26 GMT+0200 AccountId=29131007 Session=fed91fb0-fa61-4879-b410-b6f35673c14f
debug ++ [int] eventPhase = 2
debug ++ [Boolean] bubbles = false
debug ++ [Boolean] cancelable = false
debug ++ [String] type = timer
debug +++ [int] repeatCount = 0
debug +++ [int] currentCount = 41
debug +++ [Boolean] running = true
debug +++ [int] delay = 120000
debug +++ [int] repeatCount = 0
debug +++ [int] currentCount = 41
debug +++ [Boolean] running = true
debug +++ [int] delay = 120000
debug time 11:48:26.468 :: After HeartBeat Count=42 Result=5
debug time 11:50:27.245 :: Before HeartBeat Count=43 Time=Mon Apr 16 2012 11:50:27 GMT+0200 AccountId=29131007 Session=fed91fb0-fa61-4879-b410-b6f35673c14f
debug ++ [int] eventPhase = 2
debug ++ [Boolean] bubbles = false
debug ++ [Boolean] cancelable = false
debug ++ [String] type = timer
debug +++ [int] repeatCount = 0
debug +++ [int] currentCount = 42
debug +++ [Boolean] running = true
debug +++ [int] delay = 120000
debug +++ [int] repeatCount = 0
debug +++ [int] currentCount = 42
debug +++ [Boolean] running = true
debug +++ [int] delay = 120000
debug time 11:50:27.413 :: After HeartBeat Count=43 Result=5
debug time 11:52:27.246 :: Before HeartBeat Count=44 Time=Mon Apr 16 2012 11:52:27 GMT+0200 AccountId=29131007 Session=fed91fb0-fa61-4879-b410-b6f35673c14f
debug ++ [int] eventPhase = 2
debug ++ [Boolean] bubbles = false
debug ++ [Boolean] cancelable = false
debug ++ [String] type = timer
debug +++ [int] repeatCount = 0
debug +++ [int] currentCount = 43
debug +++ [Boolean] running = true
debug +++ [int] delay = 120000
debug +++ [int] repeatCount = 0
debug +++ [int] currentCount = 43
debug +++ [Boolean] running = true
debug +++ [int] delay = 120000
debug time 11:52:27.414 :: After HeartBeat Count=44 Result=5
debug time 11:54:28.244 :: Before HeartBeat Count=45 Time=Mon Apr 16 2012 11:54:28 GMT+0200 AccountId=29131007 Session=fed91fb0-fa61-4879-b410-b6f35673c14f
debug ++ [int] eventPhase = 2
debug ++ [Boolean] bubbles = false
debug ++ [Boolean] cancelable = false
debug ++ [String] type = timer
debug +++ [int] repeatCount = 0
debug +++ [int] currentCount = 44
debug +++ [Boolean] running = true
debug +++ [int] delay = 120000
debug +++ [int] repeatCount = 0
debug +++ [int] currentCount = 44
debug +++ [Boolean] running = true
debug +++ [int] delay = 120000
debug time 11:54:28.412 :: After HeartBeat Count=45 Result=5
debug time 11:56:28.270 :: Before HeartBeat Count=46 Time=Mon Apr 16 2012 11:56:28 GMT+0200 AccountId=29131007 Session=fed91fb0-fa61-4879-b410-b6f35673c14f
debug ++ [int] eventPhase = 2
debug ++ [Boolean] bubbles = false
debug ++ [Boolean] cancelable = false
debug ++ [String] type = timer
debug +++ [int] repeatCount = 0
debug +++ [int] currentCount = 45
debug +++ [Boolean] running = true
debug +++ [int] delay = 120000
debug +++ [int] repeatCount = 0
debug +++ [int] currentCount = 45
debug +++ [Boolean] running = true
debug +++ [int] delay = 120000
debug time 11:56:28.472 :: After HeartBeat Count=46 Result=5
debug time 11:58:28.270 :: Before HeartBeat Count=47 Time=Mon Apr 16 2012 11:58:28 GMT+0200 AccountId=29131007 Session=fed91fb0-fa61-4879-b410-b6f35673c14f
debug ++ [int] eventPhase = 2
debug ++ [Boolean] bubbles = false
debug ++ [Boolean] cancelable = false
debug ++ [String] type = timer
debug +++ [int] repeatCount = 0
debug +++ [int] currentCount = 46
debug +++ [Boolean] running = true
debug +++ [int] delay = 120000
debug +++ [int] repeatCount = 0
debug +++ [int] currentCount = 46
debug +++ [Boolean] running = true
debug +++ [int] delay = 120000
debug time 11:58:28.440 :: After HeartBeat Count=47 Result=5
debug time 12:00:29.244 :: Before HeartBeat Count=48 Time=Mon Apr 16 2012 12:00:29 GMT+0200 AccountId=29131007 Session=fed91fb0-fa61-4879-b410-b6f35673c14f
debug ++ [int] eventPhase = 2
debug ++ [Boolean] bubbles = false
debug ++ [Boolean] cancelable = false
debug ++ [String] type = timer
debug +++ [int] repeatCount = 0
debug +++ [int] currentCount = 47
debug +++ [Boolean] running = true
debug +++ [int] delay = 120000
debug +++ [int] repeatCount = 0
debug +++ [int] currentCount = 47
debug +++ [Boolean] running = true
debug +++ [int] delay = 120000
debug time 12:00:29.431 :: After HeartBeat Count=48 Result=5
debug time 12:02:29.245 :: Before HeartBeat Count=49 Time=Mon Apr 16 2012 12:02:29 GMT+0200 AccountId=29131007 Session=fed91fb0-fa61-4879-b410-b6f35673c14f
debug ++ [int] eventPhase = 2
debug ++ [Boolean] bubbles = false
debug ++ [Boolean] cancelable = false
debug ++ [String] type = timer
debug +++ [int] repeatCount = 0
debug +++ [int] currentCount = 48
debug +++ [Boolean] running = true
debug +++ [int] delay = 120000
debug +++ [int] repeatCount = 0
debug +++ [int] currentCount = 48
debug +++ [Boolean] running = true
debug +++ [int] delay = 120000
debug time 12:02:29.412 :: After HeartBeat Count=49 Result=5
debug time 12:03:19.72 :: Performing heartbeat at Mon Apr 16 2012 12:03:19 GMT+0200
debug time 12:04:29.249 :: Before HeartBeat Count=50 Time=Mon Apr 16 2012 12:04:29 GMT+0200 AccountId=29131007 Session=fed91fb0-fa61-4879-b410-b6f35673c14f
debug ++ [int] eventPhase = 2
debug ++ [Boolean] bubbles = false
debug ++ [Boolean] cancelable = false
debug ++ [String] type = timer
debug +++ [int] repeatCount = 0
debug +++ [int] currentCount = 49
debug +++ [Boolean] running = true
debug +++ [int] delay = 120000
debug +++ [int] repeatCount = 0
debug +++ [int] currentCount = 49
debug +++ [Boolean] running = true
debug +++ [int] delay = 120000
debug time 12:04:29.442 :: After HeartBeat Count=50 Result=5
debug time 12:06:29.276 :: Before HeartBeat Count=51 Time=Mon Apr 16 2012 12:06:29 GMT+0200 AccountId=29131007 Session=fed91fb0-fa61-4879-b410-b6f35673c14f
debug ++ [int] eventPhase = 2
debug ++ [Boolean] bubbles = false
debug ++ [Boolean] cancelable = false
debug ++ [String] type = timer
debug +++ [int] repeatCount = 0
debug +++ [int] currentCount = 50
debug +++ [Boolean] running = true
debug +++ [int] delay = 120000
debug +++ [int] repeatCount = 0
debug +++ [int] currentCount = 50
debug +++ [Boolean] running = true
debug +++ [int] delay = 120000
debug time 12:06:29.468 :: After HeartBeat Count=51 Result=5
debug time 12:08:29.516 :: Before HeartBeat Count=52 Time=Mon Apr 16 2012 12:08:29 GMT+0200 AccountId=29131007 Session=fed91fb0-fa61-4879-b410-b6f35673c14f
debug ++ [int] eventPhase = 2
debug ++ [Boolean] bubbles = false
debug ++ [Boolean] cancelable = false
debug ++ [String] type = timer
debug +++ [int] repeatCount = 0
debug +++ [int] currentCount = 51
debug +++ [Boolean] running = true
debug +++ [int] delay = 120000
debug +++ [int] repeatCount = 0
debug +++ [int] currentCount = 51
debug +++ [Boolean] running = true
debug +++ [int] delay = 120000
debug time 12:08:29.714 :: After HeartBeat Count=52 Result=5
debug time 12:10:30.509 :: Before HeartBeat Count=53 Time=Mon Apr 16 2012 12:10:30 GMT+0200 AccountId=29131007 Session=fed91fb0-fa61-4879-b410-b6f35673c14f
debug ++ [int] eventPhase = 2
debug ++ [Boolean] bubbles = false
debug ++ [Boolean] cancelable = false
debug ++ [String] type = timer
debug +++ [int] repeatCount = 0
debug +++ [int] currentCount = 52
debug +++ [Boolean] running = true
debug +++ [int] delay = 120000
debug +++ [int] repeatCount = 0
debug +++ [int] currentCount = 52
debug +++ [Boolean] running = true
debug +++ [int] delay = 120000
debug time 12:10:30.704 :: After HeartBeat Count=53 Result=5
debug time 12:12:30.509 :: Before HeartBeat Count=54 Time=Mon Apr 16 2012 12:12:30 GMT+0200 AccountId=29131007 Session=fed91fb0-fa61-4879-b410-b6f35673c14f
debug ++ [int] eventPhase = 2
debug ++ [Boolean] bubbles = false
debug ++ [Boolean] cancelable = false
debug ++ [String] type = timer
debug +++ [int] repeatCount = 0
debug +++ [int] currentCount = 53
debug +++ [Boolean] running = true
debug +++ [int] delay = 120000
debug +++ [int] repeatCount = 0
debug +++ [int] currentCount = 53
debug +++ [Boolean] running = true
debug +++ [int] delay = 120000
debug time 12:12:30.708 :: After HeartBeat Count=54 Result=5
debug time 12:14:31.515 :: Before HeartBeat Count=55 Time=Mon Apr 16 2012 12:14:31 GMT+0200 AccountId=29131007 Session=fed91fb0-fa61-4879-b410-b6f35673c14f
debug ++ [int] eventPhase = 2
debug ++ [Boolean] bubbles = false
debug ++ [Boolean] cancelable = false
debug ++ [String] type = timer
debug +++ [int] repeatCount = 0
debug +++ [int] currentCount = 54
debug +++ [Boolean] running = true
debug +++ [int] delay = 120000
debug +++ [int] repeatCount = 0
debug +++ [int] currentCount = 54
debug +++ [Boolean] running = true
debug +++ [int] delay = 120000
debug time 12:14:31.713 :: After HeartBeat Count=55 Result=5
debug time 12:16:32.509 :: Before HeartBeat Count=56 Time=Mon Apr 16 2012 12:16:32 GMT+0200 AccountId=29131007 Session=fed91fb0-fa61-4879-b410-b6f35673c14f
debug ++ [int] eventPhase = 2
debug ++ [Boolean] bubbles = false
debug ++ [Boolean] cancelable = false
debug ++ [String] type = timer
debug +++ [int] repeatCount = 0
debug +++ [int] currentCount = 55
debug +++ [Boolean] running = true
debug +++ [int] delay = 120000
debug +++ [int] repeatCount = 0
debug +++ [int] currentCount = 55
debug +++ [Boolean] running = true
debug +++ [int] delay = 120000
debug time 12:16:32.708 :: After HeartBeat Count=56 Result=5
debug time 12:18:33.480 :: Before HeartBeat Count=57 Time=Mon Apr 16 2012 12:18:33 GMT+0200 AccountId=29131007 Session=fed91fb0-fa61-4879-b410-b6f35673c14f
debug ++ [int] eventPhase = 2
debug ++ [Boolean] bubbles = false
debug ++ [Boolean] cancelable = false
debug ++ [String] type = timer
debug +++ [int] repeatCount = 0
debug +++ [int] currentCount = 56
debug +++ [Boolean] running = true
debug +++ [int] delay = 120000
debug +++ [int] repeatCount = 0
debug +++ [int] currentCount = 56
debug +++ [Boolean] running = true
debug +++ [int] delay = 120000
debug time 12:18:33.653 :: After HeartBeat Count=57 Result=5
debug time 12:20:33.480 :: Before HeartBeat Count=58 Time=Mon Apr 16 2012 12:20:33 GMT+0200 AccountId=29131007 Session=fed91fb0-fa61-4879-b410-b6f35673c14f
debug ++ [int] eventPhase = 2
debug ++ [Boolean] bubbles = false
debug ++ [Boolean] cancelable = false
debug ++ [String] type = timer
debug +++ [int] repeatCount = 0
debug +++ [int] currentCount = 57
debug +++ [Boolean] running = true
debug +++ [int] delay = 120000
debug +++ [int] repeatCount = 0
debug +++ [int] currentCount = 57
debug +++ [Boolean] running = true
debug +++ [int] delay = 120000
debug time 12:20:33.649 :: After HeartBeat Count=58 Result=5
debug time 12:22:34.480 :: Before HeartBeat Count=59 Time=Mon Apr 16 2012 12:22:34 GMT+0200 AccountId=29131007 Session=fed91fb0-fa61-4879-b410-b6f35673c14f
debug ++ [int] eventPhase = 2
debug ++ [Boolean] bubbles = false
debug ++ [Boolean] cancelable = false
debug ++ [String] type = timer
debug +++ [int] repeatCount = 0
debug +++ [int] currentCount = 58
debug +++ [Boolean] running = true
debug +++ [int] delay = 120000
debug +++ [int] repeatCount = 0
debug +++ [int] currentCount = 58
debug +++ [Boolean] running = true
debug +++ [int] delay = 120000
debug time 12:22:34.648 :: After HeartBeat Count=59 Result=5
debug time 12:24:34.480 :: Before HeartBeat Count=60 Time=Mon Apr 16 2012 12:24:34 GMT+0200 AccountId=29131007 Session=fed91fb0-fa61-4879-b410-b6f35673c14f
debug ++ [int] eventPhase = 2
debug ++ [Boolean] bubbles = false
debug ++ [Boolean] cancelable = false
debug ++ [String] type = timer
debug +++ [int] repeatCount = 0
debug +++ [int] currentCount = 59
debug +++ [Boolean] running = true
debug +++ [int] delay = 120000
debug +++ [int] repeatCount = 0
debug +++ [int] currentCount = 59
debug +++ [Boolean] running = true
debug +++ [int] delay = 120000
debug time 12:24:34.647 :: After HeartBeat Count=60 Result=5
debug time 12:26:35.480 :: Before HeartBeat Count=61 Time=Mon Apr 16 2012 12:26:35 GMT+0200 AccountId=29131007 Session=fed91fb0-fa61-4879-b410-b6f35673c14f
debug ++ [int] eventPhase = 2
debug ++ [Boolean] bubbles = false
debug ++ [Boolean] cancelable = false
debug ++ [String] type = timer
debug +++ [int] repeatCount = 0
debug +++ [int] currentCount = 60
debug +++ [Boolean] running = true
debug +++ [int] delay = 120000
debug +++ [int] repeatCount = 0
debug +++ [int] currentCount = 60
debug +++ [Boolean] running = true
debug +++ [int] delay = 120000
debug time 12:26:35.672 :: After HeartBeat Count=61 Result=5
debug time 12:28:36.479 :: Before HeartBeat Count=62 Time=Mon Apr 16 2012 12:28:36 GMT+0200 AccountId=29131007 Session=fed91fb0-fa61-4879-b410-b6f35673c14f
debug ++ [int] eventPhase = 2
debug ++ [Boolean] bubbles = false
debug ++ [Boolean] cancelable = false
debug ++ [String] type = timer
debug +++ [int] repeatCount = 0
debug +++ [int] currentCount = 61
debug +++ [Boolean] running = true
debug +++ [int] delay = 120000
debug +++ [int] repeatCount = 0
debug +++ [int] currentCount = 61
debug +++ [Boolean] running = true
debug +++ [int] delay = 120000
debug time 12:28:36.647 :: After HeartBeat Count=62 Result=5
debug time 12:30:36.509 :: Before HeartBeat Count=63 Time=Mon Apr 16 2012 12:30:36 GMT+0200 AccountId=29131007 Session=fed91fb0-fa61-4879-b410-b6f35673c14f
debug ++ [int] eventPhase = 2
debug ++ [Boolean] bubbles = false
debug ++ [Boolean] cancelable = false
debug ++ [String] type = timer
debug +++ [int] repeatCount = 0
debug +++ [int] currentCount = 62
debug +++ [Boolean] running = true
debug +++ [int] delay = 120000
debug +++ [int] repeatCount = 0
debug +++ [int] currentCount = 62
debug +++ [Boolean] running = true
debug +++ [int] delay = 120000
debug time 12:30:36.708 :: After HeartBeat Count=63 Result=5
debug time 12:32:37.515 :: Before HeartBeat Count=64 Time=Mon Apr 16 2012 12:32:37 GMT+0200 AccountId=29131007 Session=fed91fb0-fa61-4879-b410-b6f35673c14f
debug ++ [int] eventPhase = 2
debug ++ [Boolean] bubbles = false
debug ++ [Boolean] cancelable = false
debug ++ [String] type = timer
debug +++ [int] repeatCount = 0
debug +++ [int] currentCount = 63
debug +++ [Boolean] running = true
debug +++ [int] delay = 120000
debug +++ [int] repeatCount = 0
debug +++ [int] currentCount = 63
debug +++ [Boolean] running = true
debug +++ [int] delay = 120000
debug time 12:32:37.713 :: After HeartBeat Count=64 Result=5
debug time 12:34:38.479 :: Before HeartBeat Count=65 Time=Mon Apr 16 2012 12:34:38 GMT+0200 AccountId=29131007 Session=fed91fb0-fa61-4879-b410-b6f35673c14f
debug ++ [int] eventPhase = 2
debug ++ [Boolean] bubbles = false
debug ++ [Boolean] cancelable = false
debug ++ [String] type = timer
debug +++ [int] repeatCount = 0
debug +++ [int] currentCount = 64
debug +++ [Boolean] running = true
debug +++ [int] delay = 120000
debug +++ [int] repeatCount = 0
debug +++ [int] currentCount = 64
debug +++ [Boolean] running = true
debug +++ [int] delay = 120000
debug time 12:34:38.647 :: After HeartBeat Count=65 Result=5
debug time 12:36:38.479 :: Before HeartBeat Count=66 Time=Mon Apr 16 2012 12:36:38 GMT+0200 AccountId=29131007 Session=fed91fb0-fa61-4879-b410-b6f35673c14f
debug ++ [int] eventPhase = 2
debug ++ [Boolean] bubbles = false
debug ++ [Boolean] cancelable = false
debug ++ [String] type = timer
debug +++ [int] repeatCount = 0
debug +++ [int] currentCount = 65
debug +++ [Boolean] running = true
debug +++ [int] delay = 120000
debug +++ [int] repeatCount = 0
debug +++ [int] currentCount = 65
debug +++ [Boolean] running = true
debug +++ [int] delay = 120000
debug time 12:36:38.647 :: After HeartBeat Count=66 Result=5
debug time 12:38:38.478 :: Before HeartBeat Count=67 Time=Mon Apr 16 2012 12:38:38 GMT+0200 AccountId=29131007 Session=fed91fb0-fa61-4879-b410-b6f35673c14f
debug ++ [int] eventPhase = 2
debug ++ [Boolean] bubbles = false
debug ++ [Boolean] cancelable = false
debug ++ [String] type = timer
debug +++ [int] repeatCount = 0
debug +++ [int] currentCount = 66
debug +++ [Boolean] running = true
debug +++ [int] delay = 120000
debug +++ [int] repeatCount = 0
debug +++ [int] currentCount = 66
debug +++ [Boolean] running = true
debug +++ [int] delay = 120000
debug time 12:38:38.646 :: After HeartBeat Count=67 Result=5
debug time 12:40:38.479 :: Before HeartBeat Count=68 Time=Mon Apr 16 2012 12:40:38 GMT+0200 AccountId=29131007 Session=fed91fb0-fa61-4879-b410-b6f35673c14f
debug ++ [int] eventPhase = 2
debug ++ [Boolean] bubbles = false
debug ++ [Boolean] cancelable = false
debug ++ [String] type = timer
debug +++ [int] repeatCount = 0
debug +++ [int] currentCount = 67
debug +++ [Boolean] running = true
debug +++ [int] delay = 120000
debug +++ [int] repeatCount = 0
debug +++ [int] currentCount = 67
debug +++ [Boolean] running = true
debug +++ [int] delay = 120000
debug time 12:40:38.647 :: After HeartBeat Count=68 Result=5
debug time 12:41:25.225 :: Performing heartbeat at Mon Apr 16 2012 12:41:25 GMT+0200
