debug time 16:05:45.453 :: Before HeartBeat Count=1 Time=Sat Feb 11 2012 16:05:45 GMT+0100 AccountId=29131007 Session=42810574-6c73-4253-8c81-67d368fa3b6e
STOP LOGGING: More than 0 nested objects or properties. 
debug time 16:05:46.269 :: After HeartBeat Count=1 Result=5
debug time 16:07:45.474 :: Before HeartBeat Count=2 Time=Sat Feb 11 2012 16:07:45 GMT+0100 AccountId=29131007 Session=42810574-6c73-4253-8c81-67d368fa3b6e
debug ++ [int] eventPhase = 2
debug ++ [Boolean] bubbles = false
debug ++ [Boolean] cancelable = false
debug ++ [String] type = timer
debug +++ [int] repeatCount = 0
debug +++ [int] currentCount = 1
debug +++ [Boolean] running = true
debug +++ [int] delay = 120000
debug +++ [int] repeatCount = 0
debug +++ [int] currentCount = 1
debug +++ [Boolean] running = true
debug +++ [int] delay = 120000
debug time 16:07:45.679 :: After HeartBeat Count=2 Result=5
debug time 16:09:46.233 :: Before HeartBeat Count=3 Time=Sat Feb 11 2012 16:09:46 GMT+0100 AccountId=29131007 Session=42810574-6c73-4253-8c81-67d368fa3b6e
debug ++ [int] eventPhase = 2
debug ++ [Boolean] bubbles = false
debug ++ [Boolean] cancelable = false
debug ++ [String] type = timer
debug +++ [int] repeatCount = 0
debug +++ [int] currentCount = 2
debug +++ [Boolean] running = true
debug +++ [int] delay = 120000
debug +++ [int] repeatCount = 0
debug +++ [int] currentCount = 2
debug +++ [Boolean] running = true
debug +++ [int] delay = 120000
debug time 16:09:47.225 :: After HeartBeat Count=3 Result=5
debug time 16:11:47.229 :: Before HeartBeat Count=4 Time=Sat Feb 11 2012 16:11:47 GMT+0100 AccountId=29131007 Session=42810574-6c73-4253-8c81-67d368fa3b6e
debug ++ [int] eventPhase = 2
debug ++ [Boolean] bubbles = false
debug ++ [Boolean] cancelable = false
debug ++ [String] type = timer
debug +++ [int] repeatCount = 0
debug +++ [int] currentCount = 3
debug +++ [Boolean] running = true
debug +++ [int] delay = 120000
debug +++ [int] repeatCount = 0
debug +++ [int] currentCount = 3
debug +++ [Boolean] running = true
debug +++ [int] delay = 120000
debug time 16:11:48.225 :: After HeartBeat Count=4 Result=5
debug time 16:13:47.230 :: Before HeartBeat Count=5 Time=Sat Feb 11 2012 16:13:47 GMT+0100 AccountId=29131007 Session=42810574-6c73-4253-8c81-67d368fa3b6e
debug ++ [int] eventPhase = 2
debug ++ [Boolean] bubbles = false
debug ++ [Boolean] cancelable = false
debug ++ [String] type = timer
debug +++ [int] repeatCount = 0
debug +++ [int] currentCount = 4
debug +++ [Boolean] running = true
debug +++ [int] delay = 120000
debug +++ [int] repeatCount = 0
debug +++ [int] currentCount = 4
debug +++ [Boolean] running = true
debug +++ [int] delay = 120000
debug time 16:13:48.227 :: After HeartBeat Count=5 Result=5
debug time 16:15:47.231 :: Before HeartBeat Count=6 Time=Sat Feb 11 2012 16:15:47 GMT+0100 AccountId=29131007 Session=42810574-6c73-4253-8c81-67d368fa3b6e
debug ++ [int] eventPhase = 2
debug ++ [Boolean] bubbles = false
debug ++ [Boolean] cancelable = false
debug ++ [String] type = timer
debug +++ [int] repeatCount = 0
debug +++ [int] currentCount = 5
debug +++ [Boolean] running = true
debug +++ [int] delay = 120000
debug +++ [int] repeatCount = 0
debug +++ [int] currentCount = 5
debug +++ [Boolean] running = true
debug +++ [int] delay = 120000
debug time 16:15:48.228 :: After HeartBeat Count=6 Result=5
debug time 16:17:47.233 :: Before HeartBeat Count=7 Time=Sat Feb 11 2012 16:17:47 GMT+0100 AccountId=29131007 Session=42810574-6c73-4253-8c81-67d368fa3b6e
debug ++ [int] eventPhase = 2
debug ++ [Boolean] bubbles = false
debug ++ [Boolean] cancelable = false
debug ++ [String] type = timer
debug +++ [int] repeatCount = 0
debug +++ [int] currentCount = 6
debug +++ [Boolean] running = true
debug +++ [int] delay = 120000
debug +++ [int] repeatCount = 0
debug +++ [int] currentCount = 6
debug +++ [Boolean] running = true
debug +++ [int] delay = 120000
debug time 16:17:48.230 :: After HeartBeat Count=7 Result=5
debug time 16:19:47.234 :: Before HeartBeat Count=8 Time=Sat Feb 11 2012 16:19:47 GMT+0100 AccountId=29131007 Session=42810574-6c73-4253-8c81-67d368fa3b6e
debug ++ [int] eventPhase = 2
debug ++ [Boolean] bubbles = false
debug ++ [Boolean] cancelable = false
debug ++ [String] type = timer
debug +++ [int] repeatCount = 0
debug +++ [int] currentCount = 7
debug +++ [Boolean] running = true
debug +++ [int] delay = 120000
debug +++ [int] repeatCount = 0
debug +++ [int] currentCount = 7
debug +++ [Boolean] running = true
debug +++ [int] delay = 120000
debug time 16:19:48.231 :: After HeartBeat Count=8 Result=5
debug time 16:21:47.243 :: Before HeartBeat Count=9 Time=Sat Feb 11 2012 16:21:47 GMT+0100 AccountId=29131007 Session=42810574-6c73-4253-8c81-67d368fa3b6e
debug ++ [int] eventPhase = 2
debug ++ [Boolean] bubbles = false
debug ++ [Boolean] cancelable = false
debug ++ [String] type = timer
debug +++ [int] repeatCount = 0
debug +++ [int] currentCount = 8
debug +++ [Boolean] running = true
debug +++ [int] delay = 120000
debug +++ [int] repeatCount = 0
debug +++ [int] currentCount = 8
debug +++ [Boolean] running = true
debug +++ [int] delay = 120000
debug time 16:21:48.232 :: After HeartBeat Count=9 Result=5
debug time 16:23:47.250 :: Before HeartBeat Count=10 Time=Sat Feb 11 2012 16:23:47 GMT+0100 AccountId=29131007 Session=42810574-6c73-4253-8c81-67d368fa3b6e
debug ++ [int] eventPhase = 2
debug ++ [Boolean] bubbles = false
debug ++ [Boolean] cancelable = false
debug ++ [String] type = timer
debug +++ [int] repeatCount = 0
debug +++ [int] currentCount = 9
debug +++ [Boolean] running = true
debug +++ [int] delay = 120000
debug +++ [int] repeatCount = 0
debug +++ [int] currentCount = 9
debug +++ [Boolean] running = true
debug +++ [int] delay = 120000
debug time 16:23:48.233 :: After HeartBeat Count=10 Result=5
debug time 16:25:48.237 :: Before HeartBeat Count=11 Time=Sat Feb 11 2012 16:25:48 GMT+0100 AccountId=29131007 Session=42810574-6c73-4253-8c81-67d368fa3b6e
debug ++ [int] eventPhase = 2
debug ++ [Boolean] bubbles = false
debug ++ [Boolean] cancelable = false
debug ++ [String] type = timer
debug +++ [int] repeatCount = 0
debug +++ [int] currentCount = 10
debug +++ [Boolean] running = true
debug +++ [int] delay = 120000
debug +++ [int] repeatCount = 0
debug +++ [int] currentCount = 10
debug +++ [Boolean] running = true
debug +++ [int] delay = 120000
debug time 16:25:49.233 :: After HeartBeat Count=11 Result=5
debug time 16:27:48.239 :: Before HeartBeat Count=12 Time=Sat Feb 11 2012 16:27:48 GMT+0100 AccountId=29131007 Session=42810574-6c73-4253-8c81-67d368fa3b6e
debug ++ [int] eventPhase = 2
debug ++ [Boolean] bubbles = false
debug ++ [Boolean] cancelable = false
debug ++ [String] type = timer
debug +++ [int] repeatCount = 0
debug +++ [int] currentCount = 11
debug +++ [Boolean] running = true
debug +++ [int] delay = 120000
debug +++ [int] repeatCount = 0
debug +++ [int] currentCount = 11
debug +++ [Boolean] running = true
debug +++ [int] delay = 120000
debug time 16:27:49.235 :: After HeartBeat Count=12 Result=5
debug time 16:29:23.430 :: Performing heartbeat at Sat Feb 11 2012 16:29:23 GMT+0100
debug time 16:29:48.317 :: Before HeartBeat Count=13 Time=Sat Feb 11 2012 16:29:48 GMT+0100 AccountId=29131007 Session=42810574-6c73-4253-8c81-67d368fa3b6e
debug ++ [int] eventPhase = 2
debug ++ [Boolean] bubbles = false
debug ++ [Boolean] cancelable = false
debug ++ [String] type = timer
debug +++ [int] repeatCount = 0
debug +++ [int] currentCount = 12
debug +++ [Boolean] running = true
debug +++ [int] delay = 120000
debug +++ [int] repeatCount = 0
debug +++ [int] currentCount = 12
debug +++ [Boolean] running = true
debug +++ [int] delay = 120000
debug time 16:29:48.510 :: After HeartBeat Count=13 Result=5
debug time 16:31:48.786 :: Before HeartBeat Count=14 Time=Sat Feb 11 2012 16:31:48 GMT+0100 AccountId=29131007 Session=42810574-6c73-4253-8c81-67d368fa3b6e
debug ++ [int] eventPhase = 2
debug ++ [Boolean] bubbles = false
debug ++ [Boolean] cancelable = false
debug ++ [String] type = timer
debug +++ [int] repeatCount = 0
debug +++ [int] currentCount = 13
debug +++ [Boolean] running = true
debug +++ [int] delay = 120000
debug +++ [int] repeatCount = 0
debug +++ [int] currentCount = 13
debug +++ [Boolean] running = true
debug +++ [int] delay = 120000
debug time 16:31:49.783 :: After HeartBeat Count=14 Result=5
debug time 16:33:48.787 :: Before HeartBeat Count=15 Time=Sat Feb 11 2012 16:33:48 GMT+0100 AccountId=29131007 Session=42810574-6c73-4253-8c81-67d368fa3b6e
debug ++ [int] eventPhase = 2
debug ++ [Boolean] bubbles = false
debug ++ [Boolean] cancelable = false
debug ++ [String] type = timer
debug +++ [int] repeatCount = 0
debug +++ [int] currentCount = 14
debug +++ [Boolean] running = true
debug +++ [int] delay = 120000
debug +++ [int] repeatCount = 0
debug +++ [int] currentCount = 14
debug +++ [Boolean] running = true
debug +++ [int] delay = 120000
debug time 16:33:49.785 :: After HeartBeat Count=15 Result=5
debug time 16:35:48.811 :: Before HeartBeat Count=16 Time=Sat Feb 11 2012 16:35:48 GMT+0100 AccountId=29131007 Session=42810574-6c73-4253-8c81-67d368fa3b6e
debug ++ [int] eventPhase = 2
debug ++ [Boolean] bubbles = false
debug ++ [Boolean] cancelable = false
debug ++ [String] type = timer
debug +++ [int] repeatCount = 0
debug +++ [int] currentCount = 15
debug +++ [Boolean] running = true
debug +++ [int] delay = 120000
debug +++ [int] repeatCount = 0
debug +++ [int] currentCount = 15
debug +++ [Boolean] running = true
debug +++ [int] delay = 120000
debug time 16:35:49.786 :: After HeartBeat Count=16 Result=5
debug time 16:37:49.791 :: Before HeartBeat Count=17 Time=Sat Feb 11 2012 16:37:49 GMT+0100 AccountId=29131007 Session=42810574-6c73-4253-8c81-67d368fa3b6e
debug ++ [int] eventPhase = 2
debug ++ [Boolean] bubbles = false
debug ++ [Boolean] cancelable = false
debug ++ [String] type = timer
debug +++ [int] repeatCount = 0
debug +++ [int] currentCount = 16
debug +++ [Boolean] running = true
debug +++ [int] delay = 120000
debug +++ [int] repeatCount = 0
debug +++ [int] currentCount = 16
debug +++ [Boolean] running = true
debug +++ [int] delay = 120000
debug time 16:37:50.786 :: After HeartBeat Count=17 Result=5
debug time 16:39:49.804 :: Before HeartBeat Count=18 Time=Sat Feb 11 2012 16:39:49 GMT+0100 AccountId=29131007 Session=42810574-6c73-4253-8c81-67d368fa3b6e
debug ++ [int] eventPhase = 2
debug ++ [Boolean] bubbles = false
debug ++ [Boolean] cancelable = false
debug ++ [String] type = timer
debug +++ [int] repeatCount = 0
debug +++ [int] currentCount = 17
debug +++ [Boolean] running = true
debug +++ [int] delay = 120000
debug +++ [int] repeatCount = 0
debug +++ [int] currentCount = 17
debug +++ [Boolean] running = true
debug +++ [int] delay = 120000
debug time 16:39:50.788 :: After HeartBeat Count=18 Result=5
debug time 16:41:49.814 :: Before HeartBeat Count=19 Time=Sat Feb 11 2012 16:41:49 GMT+0100 AccountId=29131007 Session=42810574-6c73-4253-8c81-67d368fa3b6e
debug ++ [int] eventPhase = 2
debug ++ [Boolean] bubbles = false
debug ++ [Boolean] cancelable = false
debug ++ [String] type = timer
debug +++ [int] repeatCount = 0
debug +++ [int] currentCount = 18
debug +++ [Boolean] running = true
debug +++ [int] delay = 120000
debug +++ [int] repeatCount = 0
debug +++ [int] currentCount = 18
debug +++ [Boolean] running = true
debug +++ [int] delay = 120000
debug time 16:41:50.789 :: After HeartBeat Count=19 Result=5
debug time 16:43:49.819 :: Before HeartBeat Count=20 Time=Sat Feb 11 2012 16:43:49 GMT+0100 AccountId=29131007 Session=42810574-6c73-4253-8c81-67d368fa3b6e
debug ++ [int] eventPhase = 2
debug ++ [Boolean] bubbles = false
debug ++ [Boolean] cancelable = false
debug ++ [String] type = timer
debug +++ [int] repeatCount = 0
debug +++ [int] currentCount = 19
debug +++ [Boolean] running = true
debug +++ [int] delay = 120000
debug +++ [int] repeatCount = 0
debug +++ [int] currentCount = 19
debug +++ [Boolean] running = true
debug +++ [int] delay = 120000
debug time 16:43:50.790 :: After HeartBeat Count=20 Result=5
debug time 16:45:49.820 :: Before HeartBeat Count=21 Time=Sat Feb 11 2012 16:45:49 GMT+0100 AccountId=29131007 Session=42810574-6c73-4253-8c81-67d368fa3b6e
debug ++ [int] eventPhase = 2
debug ++ [Boolean] bubbles = false
debug ++ [Boolean] cancelable = false
debug ++ [String] type = timer
debug +++ [int] repeatCount = 0
debug +++ [int] currentCount = 20
debug +++ [Boolean] running = true
debug +++ [int] delay = 120000
debug +++ [int] repeatCount = 0
debug +++ [int] currentCount = 20
debug +++ [Boolean] running = true
debug +++ [int] delay = 120000
debug time 16:45:50.796 :: After HeartBeat Count=21 Result=5
debug time 16:47:50.815 :: Before HeartBeat Count=22 Time=Sat Feb 11 2012 16:47:50 GMT+0100 AccountId=29131007 Session=42810574-6c73-4253-8c81-67d368fa3b6e
debug ++ [int] eventPhase = 2
debug ++ [Boolean] bubbles = false
debug ++ [Boolean] cancelable = false
debug ++ [String] type = timer
debug +++ [int] repeatCount = 0
debug +++ [int] currentCount = 21
debug +++ [Boolean] running = true
debug +++ [int] delay = 120000
debug +++ [int] repeatCount = 0
debug +++ [int] currentCount = 21
debug +++ [Boolean] running = true
debug +++ [int] delay = 120000
debug time 16:47:51.797 :: After HeartBeat Count=22 Result=5
debug time 16:49:51.797 :: Before HeartBeat Count=23 Time=Sat Feb 11 2012 16:49:51 GMT+0100 AccountId=29131007 Session=42810574-6c73-4253-8c81-67d368fa3b6e
debug ++ [int] eventPhase = 2
debug ++ [Boolean] bubbles = false
debug ++ [Boolean] cancelable = false
debug ++ [String] type = timer
debug +++ [int] repeatCount = 0
debug +++ [int] currentCount = 22
debug +++ [Boolean] running = true
debug +++ [int] delay = 120000
debug +++ [int] repeatCount = 0
debug +++ [int] currentCount = 22
debug +++ [Boolean] running = true
debug +++ [int] delay = 120000
debug time 16:49:52.793 :: After HeartBeat Count=23 Result=5
debug time 16:51:51.798 :: Before HeartBeat Count=24 Time=Sat Feb 11 2012 16:51:51 GMT+0100 AccountId=29131007 Session=42810574-6c73-4253-8c81-67d368fa3b6e
debug ++ [int] eventPhase = 2
debug ++ [Boolean] bubbles = false
debug ++ [Boolean] cancelable = false
debug ++ [String] type = timer
debug +++ [int] repeatCount = 0
debug +++ [int] currentCount = 23
debug +++ [Boolean] running = true
debug +++ [int] delay = 120000
debug +++ [int] repeatCount = 0
debug +++ [int] currentCount = 23
debug +++ [Boolean] running = true
debug +++ [int] delay = 120000
debug time 16:51:52.795 :: After HeartBeat Count=24 Result=5
debug time 16:53:51.800 :: Before HeartBeat Count=25 Time=Sat Feb 11 2012 16:53:51 GMT+0100 AccountId=29131007 Session=42810574-6c73-4253-8c81-67d368fa3b6e
debug ++ [int] eventPhase = 2
debug ++ [Boolean] bubbles = false
debug ++ [Boolean] cancelable = false
debug ++ [String] type = timer
debug +++ [int] repeatCount = 0
debug +++ [int] currentCount = 24
debug +++ [Boolean] running = true
debug +++ [int] delay = 120000
debug +++ [int] repeatCount = 0
debug +++ [int] currentCount = 24
debug +++ [Boolean] running = true
debug +++ [int] delay = 120000
debug time 16:53:52.796 :: After HeartBeat Count=25 Result=5
debug time 16:55:51.802 :: Before HeartBeat Count=26 Time=Sat Feb 11 2012 16:55:51 GMT+0100 AccountId=29131007 Session=42810574-6c73-4253-8c81-67d368fa3b6e
debug ++ [int] eventPhase = 2
debug ++ [Boolean] bubbles = false
debug ++ [Boolean] cancelable = false
debug ++ [String] type = timer
debug +++ [int] repeatCount = 0
debug +++ [int] currentCount = 25
debug +++ [Boolean] running = true
debug +++ [int] delay = 120000
debug +++ [int] repeatCount = 0
debug +++ [int] currentCount = 25
debug +++ [Boolean] running = true
debug +++ [int] delay = 120000
debug time 16:55:52.797 :: After HeartBeat Count=26 Result=5
debug time 16:57:51.803 :: Before HeartBeat Count=27 Time=Sat Feb 11 2012 16:57:51 GMT+0100 AccountId=29131007 Session=42810574-6c73-4253-8c81-67d368fa3b6e
debug ++ [int] eventPhase = 2
debug ++ [Boolean] bubbles = false
debug ++ [Boolean] cancelable = false
debug ++ [String] type = timer
debug +++ [int] repeatCount = 0
debug +++ [int] currentCount = 26
debug +++ [Boolean] running = true
debug +++ [int] delay = 120000
debug +++ [int] repeatCount = 0
debug +++ [int] currentCount = 26
debug +++ [Boolean] running = true
debug +++ [int] delay = 120000
debug time 16:57:52.798 :: After HeartBeat Count=27 Result=5
debug time 16:59:51.802 :: Before HeartBeat Count=28 Time=Sat Feb 11 2012 16:59:51 GMT+0100 AccountId=29131007 Session=42810574-6c73-4253-8c81-67d368fa3b6e
debug ++ [int] eventPhase = 2
debug ++ [Boolean] bubbles = false
debug ++ [Boolean] cancelable = false
debug ++ [String] type = timer
debug +++ [int] repeatCount = 0
debug +++ [int] currentCount = 27
debug +++ [Boolean] running = true
debug +++ [int] delay = 120000
debug +++ [int] repeatCount = 0
debug +++ [int] currentCount = 27
debug +++ [Boolean] running = true
debug +++ [int] delay = 120000
debug time 16:59:52.800 :: After HeartBeat Count=28 Result=5
debug time 17:01:51.804 :: Before HeartBeat Count=29 Time=Sat Feb 11 2012 17:01:51 GMT+0100 AccountId=29131007 Session=42810574-6c73-4253-8c81-67d368fa3b6e
debug ++ [int] eventPhase = 2
debug ++ [Boolean] bubbles = false
debug ++ [Boolean] cancelable = false
debug ++ [String] type = timer
debug +++ [int] repeatCount = 0
debug +++ [int] currentCount = 28
debug +++ [Boolean] running = true
debug +++ [int] delay = 120000
debug +++ [int] repeatCount = 0
debug +++ [int] currentCount = 28
debug +++ [Boolean] running = true
debug +++ [int] delay = 120000
debug time 17:01:52.800 :: After HeartBeat Count=29 Result=5
debug time 17:03:51.805 :: Before HeartBeat Count=30 Time=Sat Feb 11 2012 17:03:51 GMT+0100 AccountId=29131007 Session=42810574-6c73-4253-8c81-67d368fa3b6e
debug ++ [int] eventPhase = 2
debug ++ [Boolean] bubbles = false
debug ++ [Boolean] cancelable = false
debug ++ [String] type = timer
debug +++ [int] repeatCount = 0
debug +++ [int] currentCount = 29
debug +++ [Boolean] running = true
debug +++ [int] delay = 120000
debug +++ [int] repeatCount = 0
debug +++ [int] currentCount = 29
debug +++ [Boolean] running = true
debug +++ [int] delay = 120000
debug time 17:03:52.802 :: After HeartBeat Count=30 Result=5
debug time 17:05:52.806 :: Before HeartBeat Count=31 Time=Sat Feb 11 2012 17:05:52 GMT+0100 AccountId=29131007 Session=42810574-6c73-4253-8c81-67d368fa3b6e
debug ++ [int] eventPhase = 2
debug ++ [Boolean] bubbles = false
debug ++ [Boolean] cancelable = false
debug ++ [String] type = timer
debug +++ [int] repeatCount = 0
debug +++ [int] currentCount = 30
debug +++ [Boolean] running = true
debug +++ [int] delay = 120000
debug +++ [int] repeatCount = 0
debug +++ [int] currentCount = 30
debug +++ [Boolean] running = true
debug +++ [int] delay = 120000
debug time 17:05:53.802 :: After HeartBeat Count=31 Result=5
debug time 17:07:48.953 :: Performing heartbeat at Sat Feb 11 2012 17:07:48 GMT+0100
debug time 17:07:52.870 :: Before HeartBeat Count=32 Time=Sat Feb 11 2012 17:07:52 GMT+0100 AccountId=29131007 Session=42810574-6c73-4253-8c81-67d368fa3b6e
debug ++ [int] eventPhase = 2
debug ++ [Boolean] bubbles = false
debug ++ [Boolean] cancelable = false
debug ++ [String] type = timer
debug +++ [int] repeatCount = 0
debug +++ [int] currentCount = 31
debug +++ [Boolean] running = true
debug +++ [int] delay = 120000
debug +++ [int] repeatCount = 0
debug +++ [int] currentCount = 31
debug +++ [Boolean] running = true
debug +++ [int] delay = 120000
debug time 17:07:53.177 :: After HeartBeat Count=32 Result=5
debug time 17:09:52.873 :: Before HeartBeat Count=33 Time=Sat Feb 11 2012 17:09:52 GMT+0100 AccountId=29131007 Session=42810574-6c73-4253-8c81-67d368fa3b6e
debug ++ [int] eventPhase = 2
debug ++ [Boolean] bubbles = false
debug ++ [Boolean] cancelable = false
debug ++ [String] type = timer
debug +++ [int] repeatCount = 0
debug +++ [int] currentCount = 32
debug +++ [Boolean] running = true
debug +++ [int] delay = 120000
debug +++ [int] repeatCount = 0
debug +++ [int] currentCount = 32
debug +++ [Boolean] running = true
debug +++ [int] delay = 120000
debug time 17:09:53.67 :: After HeartBeat Count=33 Result=5
debug time 17:11:53.643 :: Before HeartBeat Count=34 Time=Sat Feb 11 2012 17:11:53 GMT+0100 AccountId=29131007 Session=42810574-6c73-4253-8c81-67d368fa3b6e
debug ++ [int] eventPhase = 2
debug ++ [Boolean] bubbles = false
debug ++ [Boolean] cancelable = false
debug ++ [String] type = timer
debug +++ [int] repeatCount = 0
debug +++ [int] currentCount = 33
debug +++ [Boolean] running = true
debug +++ [int] delay = 120000
debug +++ [int] repeatCount = 0
debug +++ [int] currentCount = 33
debug +++ [Boolean] running = true
debug +++ [int] delay = 120000
debug time 17:11:53.842 :: After HeartBeat Count=34 Result=5
debug time 17:13:53.842 :: Before HeartBeat Count=35 Time=Sat Feb 11 2012 17:13:53 GMT+0100 AccountId=29131007 Session=42810574-6c73-4253-8c81-67d368fa3b6e
debug ++ [int] eventPhase = 2
debug ++ [Boolean] bubbles = false
debug ++ [Boolean] cancelable = false
debug ++ [String] type = timer
debug +++ [int] repeatCount = 0
debug +++ [int] currentCount = 34
debug +++ [Boolean] running = true
debug +++ [int] delay = 120000
debug +++ [int] repeatCount = 0
debug +++ [int] currentCount = 34
debug +++ [Boolean] running = true
debug +++ [int] delay = 120000
debug time 17:13:54.816 :: After HeartBeat Count=35 Result=5
debug time 17:15:54.821 :: Before HeartBeat Count=36 Time=Sat Feb 11 2012 17:15:54 GMT+0100 AccountId=29131007 Session=42810574-6c73-4253-8c81-67d368fa3b6e
debug ++ [int] eventPhase = 2
debug ++ [Boolean] bubbles = false
debug ++ [Boolean] cancelable = false
debug ++ [String] type = timer
debug +++ [int] repeatCount = 0
debug +++ [int] currentCount = 35
debug +++ [Boolean] running = true
debug +++ [int] delay = 120000
debug +++ [int] repeatCount = 0
debug +++ [int] currentCount = 35
debug +++ [Boolean] running = true
debug +++ [int] delay = 120000
debug time 17:15:55.817 :: After HeartBeat Count=36 Result=5
debug time 17:17:54.823 :: Before HeartBeat Count=37 Time=Sat Feb 11 2012 17:17:54 GMT+0100 AccountId=29131007 Session=42810574-6c73-4253-8c81-67d368fa3b6e
debug ++ [int] eventPhase = 2
debug ++ [Boolean] bubbles = false
debug ++ [Boolean] cancelable = false
debug ++ [String] type = timer
debug +++ [int] repeatCount = 0
debug +++ [int] currentCount = 36
debug +++ [Boolean] running = true
debug +++ [int] delay = 120000
debug +++ [int] repeatCount = 0
debug +++ [int] currentCount = 36
debug +++ [Boolean] running = true
debug +++ [int] delay = 120000
debug time 17:17:55.819 :: After HeartBeat Count=37 Result=5
debug time 17:19:55.824 :: Before HeartBeat Count=38 Time=Sat Feb 11 2012 17:19:55 GMT+0100 AccountId=29131007 Session=42810574-6c73-4253-8c81-67d368fa3b6e
debug ++ [int] eventPhase = 2
debug ++ [Boolean] bubbles = false
debug ++ [Boolean] cancelable = false
debug ++ [String] type = timer
debug +++ [int] repeatCount = 0
debug +++ [int] currentCount = 37
debug +++ [Boolean] running = true
debug +++ [int] delay = 120000
debug +++ [int] repeatCount = 0
debug +++ [int] currentCount = 37
debug +++ [Boolean] running = true
debug +++ [int] delay = 120000
debug time 17:19:56.819 :: After HeartBeat Count=38 Result=5
debug time 17:21:56.824 :: Before HeartBeat Count=39 Time=Sat Feb 11 2012 17:21:56 GMT+0100 AccountId=29131007 Session=42810574-6c73-4253-8c81-67d368fa3b6e
debug ++ [int] eventPhase = 2
debug ++ [Boolean] bubbles = false
debug ++ [Boolean] cancelable = false
debug ++ [String] type = timer
debug +++ [int] repeatCount = 0
debug +++ [int] currentCount = 38
debug +++ [Boolean] running = true
debug +++ [int] delay = 120000
debug +++ [int] repeatCount = 0
debug +++ [int] currentCount = 38
debug +++ [Boolean] running = true
debug +++ [int] delay = 120000
debug time 17:21:57.821 :: After HeartBeat Count=39 Result=5
debug time 17:23:56.825 :: Before HeartBeat Count=40 Time=Sat Feb 11 2012 17:23:56 GMT+0100 AccountId=29131007 Session=42810574-6c73-4253-8c81-67d368fa3b6e
debug ++ [int] eventPhase = 2
debug ++ [Boolean] bubbles = false
debug ++ [Boolean] cancelable = false
debug ++ [String] type = timer
debug +++ [int] repeatCount = 0
debug +++ [int] currentCount = 39
debug +++ [Boolean] running = true
debug +++ [int] delay = 120000
debug +++ [int] repeatCount = 0
debug +++ [int] currentCount = 39
debug +++ [Boolean] running = true
debug +++ [int] delay = 120000
debug time 17:23:57.822 :: After HeartBeat Count=40 Result=5
debug time 17:25:56.826 :: Before HeartBeat Count=41 Time=Sat Feb 11 2012 17:25:56 GMT+0100 AccountId=29131007 Session=42810574-6c73-4253-8c81-67d368fa3b6e
debug ++ [int] eventPhase = 2
debug ++ [Boolean] bubbles = false
debug ++ [Boolean] cancelable = false
debug ++ [String] type = timer
debug +++ [int] repeatCount = 0
debug +++ [int] currentCount = 40
debug +++ [Boolean] running = true
debug +++ [int] delay = 120000
debug +++ [int] repeatCount = 0
debug +++ [int] currentCount = 40
debug +++ [Boolean] running = true
debug +++ [int] delay = 120000
debug time 17:25:57.824 :: After HeartBeat Count=41 Result=5
debug time 17:27:56.828 :: Before HeartBeat Count=42 Time=Sat Feb 11 2012 17:27:56 GMT+0100 AccountId=29131007 Session=42810574-6c73-4253-8c81-67d368fa3b6e
debug ++ [int] eventPhase = 2
debug ++ [Boolean] bubbles = false
debug ++ [Boolean] cancelable = false
debug ++ [String] type = timer
debug +++ [int] repeatCount = 0
debug +++ [int] currentCount = 41
debug +++ [Boolean] running = true
debug +++ [int] delay = 120000
debug +++ [int] repeatCount = 0
debug +++ [int] currentCount = 41
debug +++ [Boolean] running = true
debug +++ [int] delay = 120000
debug time 17:27:57.825 :: After HeartBeat Count=42 Result=5
debug time 17:29:56.848 :: Before HeartBeat Count=43 Time=Sat Feb 11 2012 17:29:56 GMT+0100 AccountId=29131007 Session=42810574-6c73-4253-8c81-67d368fa3b6e
debug ++ [int] eventPhase = 2
debug ++ [Boolean] bubbles = false
debug ++ [Boolean] cancelable = false
debug ++ [String] type = timer
debug +++ [int] repeatCount = 0
debug +++ [int] currentCount = 42
debug +++ [Boolean] running = true
debug +++ [int] delay = 120000
debug +++ [int] repeatCount = 0
debug +++ [int] currentCount = 42
debug +++ [Boolean] running = true
debug +++ [int] delay = 120000
debug time 17:29:57.830 :: After HeartBeat Count=43 Result=5
debug time 17:31:56.879 :: Before HeartBeat Count=44 Time=Sat Feb 11 2012 17:31:56 GMT+0100 AccountId=29131007 Session=42810574-6c73-4253-8c81-67d368fa3b6e
debug ++ [int] eventPhase = 2
debug ++ [Boolean] bubbles = false
debug ++ [Boolean] cancelable = false
debug ++ [String] type = timer
debug +++ [int] repeatCount = 0
debug +++ [int] currentCount = 43
debug +++ [Boolean] running = true
debug +++ [int] delay = 120000
debug +++ [int] repeatCount = 0
debug +++ [int] currentCount = 43
debug +++ [Boolean] running = true
debug +++ [int] delay = 120000
debug time 17:31:57.875 :: After HeartBeat Count=44 Result=5
debug time 17:33:56.879 :: Before HeartBeat Count=45 Time=Sat Feb 11 2012 17:33:56 GMT+0100 AccountId=29131007 Session=42810574-6c73-4253-8c81-67d368fa3b6e
debug ++ [int] eventPhase = 2
debug ++ [Boolean] bubbles = false
debug ++ [Boolean] cancelable = false
debug ++ [String] type = timer
debug +++ [int] repeatCount = 0
debug +++ [int] currentCount = 44
debug +++ [Boolean] running = true
debug +++ [int] delay = 120000
debug +++ [int] repeatCount = 0
debug +++ [int] currentCount = 44
debug +++ [Boolean] running = true
debug +++ [int] delay = 120000
debug time 17:33:57.876 :: After HeartBeat Count=45 Result=5
debug time 17:35:56.881 :: Before HeartBeat Count=46 Time=Sat Feb 11 2012 17:35:56 GMT+0100 AccountId=29131007 Session=42810574-6c73-4253-8c81-67d368fa3b6e
debug ++ [int] eventPhase = 2
debug ++ [Boolean] bubbles = false
debug ++ [Boolean] cancelable = false
debug ++ [String] type = timer
debug +++ [int] repeatCount = 0
debug +++ [int] currentCount = 45
debug +++ [Boolean] running = true
debug +++ [int] delay = 120000
debug +++ [int] repeatCount = 0
debug +++ [int] currentCount = 45
debug +++ [Boolean] running = true
debug +++ [int] delay = 120000
debug time 17:35:57.877 :: After HeartBeat Count=46 Result=5
debug time 17:37:56.903 :: Before HeartBeat Count=47 Time=Sat Feb 11 2012 17:37:56 GMT+0100 AccountId=29131007 Session=42810574-6c73-4253-8c81-67d368fa3b6e
debug ++ [int] eventPhase = 2
debug ++ [Boolean] bubbles = false
debug ++ [Boolean] cancelable = false
debug ++ [String] type = timer
debug +++ [int] repeatCount = 0
debug +++ [int] currentCount = 46
debug +++ [Boolean] running = true
debug +++ [int] delay = 120000
debug +++ [int] repeatCount = 0
debug +++ [int] currentCount = 46
debug +++ [Boolean] running = true
debug +++ [int] delay = 120000
debug time 17:37:57.884 :: After HeartBeat Count=47 Result=5
debug time 17:39:57.883 :: Before HeartBeat Count=48 Time=Sat Feb 11 2012 17:39:57 GMT+0100 AccountId=29131007 Session=42810574-6c73-4253-8c81-67d368fa3b6e
debug ++ [int] eventPhase = 2
debug ++ [Boolean] bubbles = false
debug ++ [Boolean] cancelable = false
debug ++ [String] type = timer
debug +++ [int] repeatCount = 0
debug +++ [int] currentCount = 47
debug +++ [Boolean] running = true
debug +++ [int] delay = 120000
debug +++ [int] repeatCount = 0
debug +++ [int] currentCount = 47
debug +++ [Boolean] running = true
debug +++ [int] delay = 120000
debug time 17:39:58.880 :: After HeartBeat Count=48 Result=5
debug time 17:41:57.886 :: Before HeartBeat Count=49 Time=Sat Feb 11 2012 17:41:57 GMT+0100 AccountId=29131007 Session=42810574-6c73-4253-8c81-67d368fa3b6e
debug ++ [int] eventPhase = 2
debug ++ [Boolean] bubbles = false
debug ++ [Boolean] cancelable = false
debug ++ [String] type = timer
debug +++ [int] repeatCount = 0
debug +++ [int] currentCount = 48
debug +++ [Boolean] running = true
debug +++ [int] delay = 120000
debug +++ [int] repeatCount = 0
debug +++ [int] currentCount = 48
debug +++ [Boolean] running = true
debug +++ [int] delay = 120000
debug time 17:41:58.882 :: After HeartBeat Count=49 Result=5
debug time 17:43:58.886 :: Before HeartBeat Count=50 Time=Sat Feb 11 2012 17:43:58 GMT+0100 AccountId=29131007 Session=42810574-6c73-4253-8c81-67d368fa3b6e
debug ++ [int] eventPhase = 2
debug ++ [Boolean] bubbles = false
debug ++ [Boolean] cancelable = false
debug ++ [String] type = timer
debug +++ [int] repeatCount = 0
debug +++ [int] currentCount = 49
debug +++ [Boolean] running = true
debug +++ [int] delay = 120000
debug +++ [int] repeatCount = 0
debug +++ [int] currentCount = 49
debug +++ [Boolean] running = true
debug +++ [int] delay = 120000
debug time 17:43:59.883 :: After HeartBeat Count=50 Result=5
debug time 17:45:58.887 :: Before HeartBeat Count=51 Time=Sat Feb 11 2012 17:45:58 GMT+0100 AccountId=29131007 Session=42810574-6c73-4253-8c81-67d368fa3b6e
debug ++ [int] eventPhase = 2
debug ++ [Boolean] bubbles = false
debug ++ [Boolean] cancelable = false
debug ++ [String] type = timer
debug +++ [int] repeatCount = 0
debug +++ [int] currentCount = 50
debug +++ [Boolean] running = true
debug +++ [int] delay = 120000
debug +++ [int] repeatCount = 0
debug +++ [int] currentCount = 50
debug +++ [Boolean] running = true
debug +++ [int] delay = 120000
debug time 17:45:59.884 :: After HeartBeat Count=51 Result=5
debug time 17:47:59.887 :: Before HeartBeat Count=52 Time=Sat Feb 11 2012 17:47:59 GMT+0100 AccountId=29131007 Session=42810574-6c73-4253-8c81-67d368fa3b6e
debug ++ [int] eventPhase = 2
debug ++ [Boolean] bubbles = false
debug ++ [Boolean] cancelable = false
debug ++ [String] type = timer
debug +++ [int] repeatCount = 0
debug +++ [int] currentCount = 51
debug +++ [Boolean] running = true
debug +++ [int] delay = 120000
debug +++ [int] repeatCount = 0
debug +++ [int] currentCount = 51
debug +++ [Boolean] running = true
debug +++ [int] delay = 120000
debug time 17:48:00.884 :: After HeartBeat Count=52 Result=5
debug time 17:49:59.904 :: Before HeartBeat Count=53 Time=Sat Feb 11 2012 17:49:59 GMT+0100 AccountId=29131007 Session=42810574-6c73-4253-8c81-67d368fa3b6e
debug ++ [int] eventPhase = 2
debug ++ [Boolean] bubbles = false
debug ++ [Boolean] cancelable = false
debug ++ [String] type = timer
debug +++ [int] repeatCount = 0
debug +++ [int] currentCount = 52
debug +++ [Boolean] running = true
debug +++ [int] delay = 120000
debug +++ [int] repeatCount = 0
debug +++ [int] currentCount = 52
debug +++ [Boolean] running = true
debug +++ [int] delay = 120000
debug time 17:50:00.885 :: After HeartBeat Count=53 Result=5
debug time 17:52:00.890 :: Before HeartBeat Count=54 Time=Sat Feb 11 2012 17:52:00 GMT+0100 AccountId=29131007 Session=42810574-6c73-4253-8c81-67d368fa3b6e
debug ++ [int] eventPhase = 2
debug ++ [Boolean] bubbles = false
debug ++ [Boolean] cancelable = false
debug ++ [String] type = timer
debug +++ [int] repeatCount = 0
debug +++ [int] currentCount = 53
debug +++ [Boolean] running = true
debug +++ [int] delay = 120000
debug +++ [int] repeatCount = 0
debug +++ [int] currentCount = 53
debug +++ [Boolean] running = true
debug +++ [int] delay = 120000
debug time 17:52:01.892 :: After HeartBeat Count=54 Result=5
debug time 17:54:00.892 :: Before HeartBeat Count=55 Time=Sat Feb 11 2012 17:54:00 GMT+0100 AccountId=29131007 Session=42810574-6c73-4253-8c81-67d368fa3b6e
debug ++ [int] eventPhase = 2
debug ++ [Boolean] bubbles = false
debug ++ [Boolean] cancelable = false
debug ++ [String] type = timer
debug +++ [int] repeatCount = 0
debug +++ [int] currentCount = 54
debug +++ [Boolean] running = true
debug +++ [int] delay = 120000
debug +++ [int] repeatCount = 0
debug +++ [int] currentCount = 54
debug +++ [Boolean] running = true
debug +++ [int] delay = 120000
debug time 17:54:01.888 :: After HeartBeat Count=55 Result=5
debug time 17:56:00.893 :: Before HeartBeat Count=56 Time=Sat Feb 11 2012 17:56:00 GMT+0100 AccountId=29131007 Session=42810574-6c73-4253-8c81-67d368fa3b6e
debug ++ [int] eventPhase = 2
debug ++ [Boolean] bubbles = false
debug ++ [Boolean] cancelable = false
debug ++ [String] type = timer
debug +++ [int] repeatCount = 0
debug +++ [int] currentCount = 55
debug +++ [Boolean] running = true
debug +++ [int] delay = 120000
debug +++ [int] repeatCount = 0
debug +++ [int] currentCount = 55
debug +++ [Boolean] running = true
debug +++ [int] delay = 120000
debug time 17:56:01.889 :: After HeartBeat Count=56 Result=5
debug time 17:58:01.894 :: Before HeartBeat Count=57 Time=Sat Feb 11 2012 17:58:01 GMT+0100 AccountId=29131007 Session=42810574-6c73-4253-8c81-67d368fa3b6e
debug ++ [int] eventPhase = 2
debug ++ [Boolean] bubbles = false
debug ++ [Boolean] cancelable = false
debug ++ [String] type = timer
debug +++ [int] repeatCount = 0
debug +++ [int] currentCount = 56
debug +++ [Boolean] running = true
debug +++ [int] delay = 120000
debug +++ [int] repeatCount = 0
debug +++ [int] currentCount = 56
debug +++ [Boolean] running = true
debug +++ [int] delay = 120000
debug time 17:58:02.890 :: After HeartBeat Count=57 Result=5
debug time 18:00:01.895 :: Before HeartBeat Count=58 Time=Sat Feb 11 2012 18:00:01 GMT+0100 AccountId=29131007 Session=42810574-6c73-4253-8c81-67d368fa3b6e
debug ++ [int] eventPhase = 2
debug ++ [Boolean] bubbles = false
debug ++ [Boolean] cancelable = false
debug ++ [String] type = timer
debug +++ [int] repeatCount = 0
debug +++ [int] currentCount = 57
debug +++ [Boolean] running = true
debug +++ [int] delay = 120000
debug +++ [int] repeatCount = 0
debug +++ [int] currentCount = 57
debug +++ [Boolean] running = true
debug +++ [int] delay = 120000
debug time 18:00:02.892 :: After HeartBeat Count=58 Result=5
debug time 18:00:46.959 :: Performing heartbeat at Sat Feb 11 2012 18:00:46 GMT+0100
