debug time 18:10:37.845 :: Before HeartBeat Count=1 Time=Thu Jan 19 2012 18:10:37 GMT+0100 AccountId=29131007 Session=e23e22a6-9d4a-4075-92ad-427a932cabd2
STOP LOGGING: More than 0 nested objects or properties. 
debug time 18:10:38.629 :: After HeartBeat Count=1 Result=5
debug time 18:12:37.878 :: Before HeartBeat Count=2 Time=Thu Jan 19 2012 18:12:37 GMT+0100 AccountId=29131007 Session=e23e22a6-9d4a-4075-92ad-427a932cabd2
debug ++ [int] eventPhase = 2
debug ++ [Boolean] bubbles = false
debug ++ [Boolean] cancelable = false
debug ++ [String] type = timer
debug +++ [int] repeatCount = 0
debug +++ [int] currentCount = 1
debug +++ [Boolean] running = true
debug +++ [int] delay = 120000
debug +++ [int] repeatCount = 0
debug +++ [int] currentCount = 1
debug +++ [Boolean] running = true
debug +++ [int] delay = 120000
debug time 18:12:38.54 :: After HeartBeat Count=2 Result=5
debug time 18:14:37.878 :: Before HeartBeat Count=3 Time=Thu Jan 19 2012 18:14:37 GMT+0100 AccountId=29131007 Session=e23e22a6-9d4a-4075-92ad-427a932cabd2
debug ++ [int] eventPhase = 2
debug ++ [Boolean] bubbles = false
debug ++ [Boolean] cancelable = false
debug ++ [String] type = timer
debug +++ [int] repeatCount = 0
debug +++ [int] currentCount = 2
debug +++ [Boolean] running = true
debug +++ [int] delay = 120000
debug +++ [int] repeatCount = 0
debug +++ [int] currentCount = 2
debug +++ [Boolean] running = true
debug +++ [int] delay = 120000
debug time 18:14:38.83 :: After HeartBeat Count=3 Result=5
debug time 18:16:38.202 :: Before HeartBeat Count=4 Time=Thu Jan 19 2012 18:16:38 GMT+0100 AccountId=29131007 Session=e23e22a6-9d4a-4075-92ad-427a932cabd2
debug ++ [int] eventPhase = 2
debug ++ [Boolean] bubbles = false
debug ++ [Boolean] cancelable = false
debug ++ [String] type = timer
debug +++ [int] repeatCount = 0
debug +++ [int] currentCount = 3
debug +++ [Boolean] running = true
debug +++ [int] delay = 120000
debug +++ [int] repeatCount = 0
debug +++ [int] currentCount = 3
debug +++ [Boolean] running = true
debug +++ [int] delay = 120000
debug time 18:16:38.375 :: After HeartBeat Count=4 Result=5
debug time 18:18:38.203 :: Before HeartBeat Count=5 Time=Thu Jan 19 2012 18:18:38 GMT+0100 AccountId=29131007 Session=e23e22a6-9d4a-4075-92ad-427a932cabd2
debug ++ [int] eventPhase = 2
debug ++ [Boolean] bubbles = false
debug ++ [Boolean] cancelable = false
debug ++ [String] type = timer
debug +++ [int] repeatCount = 0
debug +++ [int] currentCount = 4
debug +++ [Boolean] running = true
debug +++ [int] delay = 120000
debug +++ [int] repeatCount = 0
debug +++ [int] currentCount = 4
debug +++ [Boolean] running = true
debug +++ [int] delay = 120000
debug time 18:18:38.376 :: After HeartBeat Count=5 Result=5
debug time 18:20:38.204 :: Before HeartBeat Count=6 Time=Thu Jan 19 2012 18:20:38 GMT+0100 AccountId=29131007 Session=e23e22a6-9d4a-4075-92ad-427a932cabd2
debug ++ [int] eventPhase = 2
debug ++ [Boolean] bubbles = false
debug ++ [Boolean] cancelable = false
debug ++ [String] type = timer
debug +++ [int] repeatCount = 0
debug +++ [int] currentCount = 5
debug +++ [Boolean] running = true
debug +++ [int] delay = 120000
debug +++ [int] repeatCount = 0
debug +++ [int] currentCount = 5
debug +++ [Boolean] running = true
debug +++ [int] delay = 120000
debug time 18:20:38.377 :: After HeartBeat Count=6 Result=5
debug time 18:22:39.203 :: Before HeartBeat Count=7 Time=Thu Jan 19 2012 18:22:39 GMT+0100 AccountId=29131007 Session=e23e22a6-9d4a-4075-92ad-427a932cabd2
debug ++ [int] eventPhase = 2
debug ++ [Boolean] bubbles = false
debug ++ [Boolean] cancelable = false
debug ++ [String] type = timer
debug +++ [int] repeatCount = 0
debug +++ [int] currentCount = 6
debug +++ [Boolean] running = true
debug +++ [int] delay = 120000
debug +++ [int] repeatCount = 0
debug +++ [int] currentCount = 6
debug +++ [Boolean] running = true
debug +++ [int] delay = 120000
debug time 18:22:39.376 :: After HeartBeat Count=7 Result=5
debug time 18:24:39.203 :: Before HeartBeat Count=8 Time=Thu Jan 19 2012 18:24:39 GMT+0100 AccountId=29131007 Session=e23e22a6-9d4a-4075-92ad-427a932cabd2
debug ++ [int] eventPhase = 2
debug ++ [Boolean] bubbles = false
debug ++ [Boolean] cancelable = false
debug ++ [String] type = timer
debug +++ [int] repeatCount = 0
debug +++ [int] currentCount = 7
debug +++ [Boolean] running = true
debug +++ [int] delay = 120000
debug +++ [int] repeatCount = 0
debug +++ [int] currentCount = 7
debug +++ [Boolean] running = true
debug +++ [int] delay = 120000
debug time 18:24:39.376 :: After HeartBeat Count=8 Result=5
debug time 18:26:39.204 :: Before HeartBeat Count=9 Time=Thu Jan 19 2012 18:26:39 GMT+0100 AccountId=29131007 Session=e23e22a6-9d4a-4075-92ad-427a932cabd2
debug ++ [int] eventPhase = 2
debug ++ [Boolean] bubbles = false
debug ++ [Boolean] cancelable = false
debug ++ [String] type = timer
debug +++ [int] repeatCount = 0
debug +++ [int] currentCount = 8
debug +++ [Boolean] running = true
debug +++ [int] delay = 120000
debug +++ [int] repeatCount = 0
debug +++ [int] currentCount = 8
debug +++ [Boolean] running = true
debug +++ [int] delay = 120000
debug time 18:26:39.376 :: After HeartBeat Count=9 Result=5
debug time 18:28:39.203 :: Before HeartBeat Count=10 Time=Thu Jan 19 2012 18:28:39 GMT+0100 AccountId=29131007 Session=e23e22a6-9d4a-4075-92ad-427a932cabd2
debug ++ [int] eventPhase = 2
debug ++ [Boolean] bubbles = false
debug ++ [Boolean] cancelable = false
debug ++ [String] type = timer
debug +++ [int] repeatCount = 0
debug +++ [int] currentCount = 9
debug +++ [Boolean] running = true
debug +++ [int] delay = 120000
debug +++ [int] repeatCount = 0
debug +++ [int] currentCount = 9
debug +++ [Boolean] running = true
debug +++ [int] delay = 120000
debug time 18:28:39.376 :: After HeartBeat Count=10 Result=5
debug time 18:30:39.208 :: Before HeartBeat Count=11 Time=Thu Jan 19 2012 18:30:39 GMT+0100 AccountId=29131007 Session=e23e22a6-9d4a-4075-92ad-427a932cabd2
debug ++ [int] eventPhase = 2
debug ++ [Boolean] bubbles = false
debug ++ [Boolean] cancelable = false
debug ++ [String] type = timer
debug +++ [int] repeatCount = 0
debug +++ [int] currentCount = 10
debug +++ [Boolean] running = true
debug +++ [int] delay = 120000
debug +++ [int] repeatCount = 0
debug +++ [int] currentCount = 10
debug +++ [Boolean] running = true
debug +++ [int] delay = 120000
debug time 18:30:39.382 :: After HeartBeat Count=11 Result=5
debug time 18:32:40.202 :: Before HeartBeat Count=12 Time=Thu Jan 19 2012 18:32:40 GMT+0100 AccountId=29131007 Session=e23e22a6-9d4a-4075-92ad-427a932cabd2
debug ++ [int] eventPhase = 2
debug ++ [Boolean] bubbles = false
debug ++ [Boolean] cancelable = false
debug ++ [String] type = timer
debug +++ [int] repeatCount = 0
debug +++ [int] currentCount = 11
debug +++ [Boolean] running = true
debug +++ [int] delay = 120000
debug +++ [int] repeatCount = 0
debug +++ [int] currentCount = 11
debug +++ [Boolean] running = true
debug +++ [int] delay = 120000
debug time 18:32:40.375 :: After HeartBeat Count=12 Result=5
debug time 18:34:40.232 :: Before HeartBeat Count=13 Time=Thu Jan 19 2012 18:34:40 GMT+0100 AccountId=29131007 Session=e23e22a6-9d4a-4075-92ad-427a932cabd2
debug ++ [int] eventPhase = 2
debug ++ [Boolean] bubbles = false
debug ++ [Boolean] cancelable = false
debug ++ [String] type = timer
debug +++ [int] repeatCount = 0
debug +++ [int] currentCount = 12
debug +++ [Boolean] running = true
debug +++ [int] delay = 120000
debug +++ [int] repeatCount = 0
debug +++ [int] currentCount = 12
debug +++ [Boolean] running = true
debug +++ [int] delay = 120000
debug time 18:34:40.446 :: After HeartBeat Count=13 Result=5
debug time 18:36:41.202 :: Before HeartBeat Count=14 Time=Thu Jan 19 2012 18:36:41 GMT+0100 AccountId=29131007 Session=e23e22a6-9d4a-4075-92ad-427a932cabd2
debug ++ [int] eventPhase = 2
debug ++ [Boolean] bubbles = false
debug ++ [Boolean] cancelable = false
debug ++ [String] type = timer
debug +++ [int] repeatCount = 0
debug +++ [int] currentCount = 13
debug +++ [Boolean] running = true
debug +++ [int] delay = 120000
debug +++ [int] repeatCount = 0
debug +++ [int] currentCount = 13
debug +++ [Boolean] running = true
debug +++ [int] delay = 120000
debug time 18:36:41.375 :: After HeartBeat Count=14 Result=5
debug time 18:38:41.204 :: Before HeartBeat Count=15 Time=Thu Jan 19 2012 18:38:41 GMT+0100 AccountId=29131007 Session=e23e22a6-9d4a-4075-92ad-427a932cabd2
debug ++ [int] eventPhase = 2
debug ++ [Boolean] bubbles = false
debug ++ [Boolean] cancelable = false
debug ++ [String] type = timer
debug +++ [int] repeatCount = 0
debug +++ [int] currentCount = 14
debug +++ [Boolean] running = true
debug +++ [int] delay = 120000
debug +++ [int] repeatCount = 0
debug +++ [int] currentCount = 14
debug +++ [Boolean] running = true
debug +++ [int] delay = 120000
debug time 18:38:41.376 :: After HeartBeat Count=15 Result=5
debug time 18:40:41.204 :: Before HeartBeat Count=16 Time=Thu Jan 19 2012 18:40:41 GMT+0100 AccountId=29131007 Session=e23e22a6-9d4a-4075-92ad-427a932cabd2
debug ++ [int] eventPhase = 2
debug ++ [Boolean] bubbles = false
debug ++ [Boolean] cancelable = false
debug ++ [String] type = timer
debug +++ [int] repeatCount = 0
debug +++ [int] currentCount = 15
debug +++ [Boolean] running = true
debug +++ [int] delay = 120000
debug +++ [int] repeatCount = 0
debug +++ [int] currentCount = 15
debug +++ [Boolean] running = true
debug +++ [int] delay = 120000
debug time 18:40:41.376 :: After HeartBeat Count=16 Result=5
debug time 18:42:41.240 :: Before HeartBeat Count=17 Time=Thu Jan 19 2012 18:42:41 GMT+0100 AccountId=29131007 Session=e23e22a6-9d4a-4075-92ad-427a932cabd2
debug ++ [int] eventPhase = 2
debug ++ [Boolean] bubbles = false
debug ++ [Boolean] cancelable = false
debug ++ [String] type = timer
debug +++ [int] repeatCount = 0
debug +++ [int] currentCount = 16
debug +++ [Boolean] running = true
debug +++ [int] delay = 120000
debug +++ [int] repeatCount = 0
debug +++ [int] currentCount = 16
debug +++ [Boolean] running = true
debug +++ [int] delay = 120000
debug time 18:42:41.453 :: After HeartBeat Count=17 Result=5
debug time 18:44:42.203 :: Before HeartBeat Count=18 Time=Thu Jan 19 2012 18:44:42 GMT+0100 AccountId=29131007 Session=e23e22a6-9d4a-4075-92ad-427a932cabd2
debug ++ [int] eventPhase = 2
debug ++ [Boolean] bubbles = false
debug ++ [Boolean] cancelable = false
debug ++ [String] type = timer
debug +++ [int] repeatCount = 0
debug +++ [int] currentCount = 17
debug +++ [Boolean] running = true
debug +++ [int] delay = 120000
debug +++ [int] repeatCount = 0
debug +++ [int] currentCount = 17
debug +++ [Boolean] running = true
debug +++ [int] delay = 120000
debug time 18:44:42.376 :: After HeartBeat Count=18 Result=5
debug time 18:46:42.202 :: Before HeartBeat Count=19 Time=Thu Jan 19 2012 18:46:42 GMT+0100 AccountId=29131007 Session=e23e22a6-9d4a-4075-92ad-427a932cabd2
debug ++ [int] eventPhase = 2
debug ++ [Boolean] bubbles = false
debug ++ [Boolean] cancelable = false
debug ++ [String] type = timer
debug +++ [int] repeatCount = 0
debug +++ [int] currentCount = 18
debug +++ [Boolean] running = true
debug +++ [int] delay = 120000
debug +++ [int] repeatCount = 0
debug +++ [int] currentCount = 18
debug +++ [Boolean] running = true
debug +++ [int] delay = 120000
debug time 18:46:42.374 :: After HeartBeat Count=19 Result=5
debug time 18:48:42.202 :: Before HeartBeat Count=20 Time=Thu Jan 19 2012 18:48:42 GMT+0100 AccountId=29131007 Session=e23e22a6-9d4a-4075-92ad-427a932cabd2
debug ++ [int] eventPhase = 2
debug ++ [Boolean] bubbles = false
debug ++ [Boolean] cancelable = false
debug ++ [String] type = timer
debug +++ [int] repeatCount = 0
debug +++ [int] currentCount = 19
debug +++ [Boolean] running = true
debug +++ [int] delay = 120000
debug +++ [int] repeatCount = 0
debug +++ [int] currentCount = 19
debug +++ [Boolean] running = true
debug +++ [int] delay = 120000
debug time 18:48:42.374 :: After HeartBeat Count=20 Result=5
debug time 18:50:42.202 :: Before HeartBeat Count=21 Time=Thu Jan 19 2012 18:50:42 GMT+0100 AccountId=29131007 Session=e23e22a6-9d4a-4075-92ad-427a932cabd2
debug ++ [int] eventPhase = 2
debug ++ [Boolean] bubbles = false
debug ++ [Boolean] cancelable = false
debug ++ [String] type = timer
debug +++ [int] repeatCount = 0
debug +++ [int] currentCount = 20
debug +++ [Boolean] running = true
debug +++ [int] delay = 120000
debug +++ [int] repeatCount = 0
debug +++ [int] currentCount = 20
debug +++ [Boolean] running = true
debug +++ [int] delay = 120000
debug time 18:50:42.375 :: After HeartBeat Count=21 Result=5
debug time 18:52:42.202 :: Before HeartBeat Count=22 Time=Thu Jan 19 2012 18:52:42 GMT+0100 AccountId=29131007 Session=e23e22a6-9d4a-4075-92ad-427a932cabd2
debug ++ [int] eventPhase = 2
debug ++ [Boolean] bubbles = false
debug ++ [Boolean] cancelable = false
debug ++ [String] type = timer
debug +++ [int] repeatCount = 0
debug +++ [int] currentCount = 21
debug +++ [Boolean] running = true
debug +++ [int] delay = 120000
debug +++ [int] repeatCount = 0
debug +++ [int] currentCount = 21
debug +++ [Boolean] running = true
debug +++ [int] delay = 120000
debug time 18:52:42.375 :: After HeartBeat Count=22 Result=5
debug time 18:54:42.204 :: Before HeartBeat Count=23 Time=Thu Jan 19 2012 18:54:42 GMT+0100 AccountId=29131007 Session=e23e22a6-9d4a-4075-92ad-427a932cabd2
debug ++ [int] eventPhase = 2
debug ++ [Boolean] bubbles = false
debug ++ [Boolean] cancelable = false
debug ++ [String] type = timer
debug +++ [int] repeatCount = 0
debug +++ [int] currentCount = 22
debug +++ [Boolean] running = true
debug +++ [int] delay = 120000
debug +++ [int] repeatCount = 0
debug +++ [int] currentCount = 22
debug +++ [Boolean] running = true
debug +++ [int] delay = 120000
debug time 18:54:42.376 :: After HeartBeat Count=23 Result=5
debug time 18:56:43.239 :: Before HeartBeat Count=24 Time=Thu Jan 19 2012 18:56:43 GMT+0100 AccountId=29131007 Session=e23e22a6-9d4a-4075-92ad-427a932cabd2
debug ++ [int] eventPhase = 2
debug ++ [Boolean] bubbles = false
debug ++ [Boolean] cancelable = false
debug ++ [String] type = timer
debug +++ [int] repeatCount = 0
debug +++ [int] currentCount = 23
debug +++ [Boolean] running = true
debug +++ [int] delay = 120000
debug +++ [int] repeatCount = 0
debug +++ [int] currentCount = 23
debug +++ [Boolean] running = true
debug +++ [int] delay = 120000
debug time 18:56:43.453 :: After HeartBeat Count=24 Result=5
debug time 18:58:44.204 :: Before HeartBeat Count=25 Time=Thu Jan 19 2012 18:58:44 GMT+0100 AccountId=29131007 Session=e23e22a6-9d4a-4075-92ad-427a932cabd2
debug ++ [int] eventPhase = 2
debug ++ [Boolean] bubbles = false
debug ++ [Boolean] cancelable = false
debug ++ [String] type = timer
debug +++ [int] repeatCount = 0
debug +++ [int] currentCount = 24
debug +++ [Boolean] running = true
debug +++ [int] delay = 120000
debug +++ [int] repeatCount = 0
debug +++ [int] currentCount = 24
debug +++ [Boolean] running = true
debug +++ [int] delay = 120000
debug time 18:58:44.376 :: After HeartBeat Count=25 Result=5
debug time 19:00:44.222 :: Before HeartBeat Count=26 Time=Thu Jan 19 2012 19:00:44 GMT+0100 AccountId=29131007 Session=e23e22a6-9d4a-4075-92ad-427a932cabd2
debug ++ [int] eventPhase = 2
debug ++ [Boolean] bubbles = false
debug ++ [Boolean] cancelable = false
debug ++ [String] type = timer
debug +++ [int] repeatCount = 0
debug +++ [int] currentCount = 25
debug +++ [Boolean] running = true
debug +++ [int] delay = 120000
debug +++ [int] repeatCount = 0
debug +++ [int] currentCount = 25
debug +++ [Boolean] running = true
debug +++ [int] delay = 120000
debug time 19:00:44.394 :: After HeartBeat Count=26 Result=5
debug time 19:02:44.232 :: Before HeartBeat Count=27 Time=Thu Jan 19 2012 19:02:44 GMT+0100 AccountId=29131007 Session=e23e22a6-9d4a-4075-92ad-427a932cabd2
debug ++ [int] eventPhase = 2
debug ++ [Boolean] bubbles = false
debug ++ [Boolean] cancelable = false
debug ++ [String] type = timer
debug +++ [int] repeatCount = 0
debug +++ [int] currentCount = 26
debug +++ [Boolean] running = true
debug +++ [int] delay = 120000
debug +++ [int] repeatCount = 0
debug +++ [int] currentCount = 26
debug +++ [Boolean] running = true
debug +++ [int] delay = 120000
debug time 19:02:44.409 :: After HeartBeat Count=27 Result=5
debug time 19:04:45.203 :: Before HeartBeat Count=28 Time=Thu Jan 19 2012 19:04:45 GMT+0100 AccountId=29131007 Session=e23e22a6-9d4a-4075-92ad-427a932cabd2
debug ++ [int] eventPhase = 2
debug ++ [Boolean] bubbles = false
debug ++ [Boolean] cancelable = false
debug ++ [String] type = timer
debug +++ [int] repeatCount = 0
debug +++ [int] currentCount = 27
debug +++ [Boolean] running = true
debug +++ [int] delay = 120000
debug +++ [int] repeatCount = 0
debug +++ [int] currentCount = 27
debug +++ [Boolean] running = true
debug +++ [int] delay = 120000
debug time 19:04:45.376 :: After HeartBeat Count=28 Result=5
debug time 19:06:45.203 :: Before HeartBeat Count=29 Time=Thu Jan 19 2012 19:06:45 GMT+0100 AccountId=29131007 Session=e23e22a6-9d4a-4075-92ad-427a932cabd2
debug ++ [int] eventPhase = 2
debug ++ [Boolean] bubbles = false
debug ++ [Boolean] cancelable = false
debug ++ [String] type = timer
debug +++ [int] repeatCount = 0
debug +++ [int] currentCount = 28
debug +++ [Boolean] running = true
debug +++ [int] delay = 120000
debug +++ [int] repeatCount = 0
debug +++ [int] currentCount = 28
debug +++ [Boolean] running = true
debug +++ [int] delay = 120000
debug time 19:06:45.386 :: After HeartBeat Count=29 Result=5
debug time 19:07:38.34 :: Performing heartbeat at Thu Jan 19 2012 19:07:38 GMT+0100
debug time 19:08:45.235 :: Before HeartBeat Count=30 Time=Thu Jan 19 2012 19:08:45 GMT+0100 AccountId=29131007 Session=e23e22a6-9d4a-4075-92ad-427a932cabd2
debug ++ [int] eventPhase = 2
debug ++ [Boolean] bubbles = false
debug ++ [Boolean] cancelable = false
debug ++ [String] type = timer
debug +++ [int] repeatCount = 0
debug +++ [int] currentCount = 29
debug +++ [Boolean] running = true
debug +++ [int] delay = 120000
debug +++ [int] repeatCount = 0
debug +++ [int] currentCount = 29
debug +++ [Boolean] running = true
debug +++ [int] delay = 120000
debug time 19:08:45.431 :: After HeartBeat Count=30 Result=5
debug time 19:10:45.244 :: Before HeartBeat Count=31 Time=Thu Jan 19 2012 19:10:45 GMT+0100 AccountId=29131007 Session=e23e22a6-9d4a-4075-92ad-427a932cabd2
debug ++ [int] eventPhase = 2
debug ++ [Boolean] bubbles = false
debug ++ [Boolean] cancelable = false
debug ++ [String] type = timer
debug +++ [int] repeatCount = 0
debug +++ [int] currentCount = 30
debug +++ [Boolean] running = true
debug +++ [int] delay = 120000
debug +++ [int] repeatCount = 0
debug +++ [int] currentCount = 30
debug +++ [Boolean] running = true
debug +++ [int] delay = 120000
debug time 19:10:45.496 :: After HeartBeat Count=31 Result=5
debug time 19:12:45.854 :: Before HeartBeat Count=32 Time=Thu Jan 19 2012 19:12:45 GMT+0100 AccountId=29131007 Session=e23e22a6-9d4a-4075-92ad-427a932cabd2
debug ++ [int] eventPhase = 2
debug ++ [Boolean] bubbles = false
debug ++ [Boolean] cancelable = false
debug ++ [String] type = timer
debug +++ [int] repeatCount = 0
debug +++ [int] currentCount = 31
debug +++ [Boolean] running = true
debug +++ [int] delay = 120000
debug +++ [int] repeatCount = 0
debug +++ [int] currentCount = 31
debug +++ [Boolean] running = true
debug +++ [int] delay = 120000
debug time 19:12:46.848 :: After HeartBeat Count=32 Result=5
debug time 19:14:45.854 :: Before HeartBeat Count=33 Time=Thu Jan 19 2012 19:14:45 GMT+0100 AccountId=29131007 Session=e23e22a6-9d4a-4075-92ad-427a932cabd2
debug ++ [int] eventPhase = 2
debug ++ [Boolean] bubbles = false
debug ++ [Boolean] cancelable = false
debug ++ [String] type = timer
debug +++ [int] repeatCount = 0
debug +++ [int] currentCount = 32
debug +++ [Boolean] running = true
debug +++ [int] delay = 120000
debug +++ [int] repeatCount = 0
debug +++ [int] currentCount = 32
debug +++ [Boolean] running = true
debug +++ [int] delay = 120000
debug time 19:14:46.848 :: After HeartBeat Count=33 Result=5
debug time 19:16:45.854 :: Before HeartBeat Count=34 Time=Thu Jan 19 2012 19:16:45 GMT+0100 AccountId=29131007 Session=e23e22a6-9d4a-4075-92ad-427a932cabd2
debug ++ [int] eventPhase = 2
debug ++ [Boolean] bubbles = false
debug ++ [Boolean] cancelable = false
debug ++ [String] type = timer
debug +++ [int] repeatCount = 0
debug +++ [int] currentCount = 33
debug +++ [Boolean] running = true
debug +++ [int] delay = 120000
debug +++ [int] repeatCount = 0
debug +++ [int] currentCount = 33
debug +++ [Boolean] running = true
debug +++ [int] delay = 120000
debug time 19:16:46.848 :: After HeartBeat Count=34 Result=5
debug time 19:18:46.852 :: Before HeartBeat Count=35 Time=Thu Jan 19 2012 19:18:46 GMT+0100 AccountId=29131007 Session=e23e22a6-9d4a-4075-92ad-427a932cabd2
debug ++ [int] eventPhase = 2
debug ++ [Boolean] bubbles = false
debug ++ [Boolean] cancelable = false
debug ++ [String] type = timer
debug +++ [int] repeatCount = 0
debug +++ [int] currentCount = 34
debug +++ [Boolean] running = true
debug +++ [int] delay = 120000
debug +++ [int] repeatCount = 0
debug +++ [int] currentCount = 34
debug +++ [Boolean] running = true
debug +++ [int] delay = 120000
debug time 19:18:47.848 :: After HeartBeat Count=35 Result=5
debug time 19:20:47.854 :: Before HeartBeat Count=36 Time=Thu Jan 19 2012 19:20:47 GMT+0100 AccountId=29131007 Session=e23e22a6-9d4a-4075-92ad-427a932cabd2
debug ++ [int] eventPhase = 2
debug ++ [Boolean] bubbles = false
debug ++ [Boolean] cancelable = false
debug ++ [String] type = timer
debug +++ [int] repeatCount = 0
debug +++ [int] currentCount = 35
debug +++ [Boolean] running = true
debug +++ [int] delay = 120000
debug +++ [int] repeatCount = 0
debug +++ [int] currentCount = 35
debug +++ [Boolean] running = true
debug +++ [int] delay = 120000
debug time 19:20:48.847 :: After HeartBeat Count=36 Result=5
debug time 19:22:47.873 :: Before HeartBeat Count=37 Time=Thu Jan 19 2012 19:22:47 GMT+0100 AccountId=29131007 Session=e23e22a6-9d4a-4075-92ad-427a932cabd2
debug ++ [int] eventPhase = 2
debug ++ [Boolean] bubbles = false
debug ++ [Boolean] cancelable = false
debug ++ [String] type = timer
debug +++ [int] repeatCount = 0
debug +++ [int] currentCount = 36
debug +++ [Boolean] running = true
debug +++ [int] delay = 120000
debug +++ [int] repeatCount = 0
debug +++ [int] currentCount = 36
debug +++ [Boolean] running = true
debug +++ [int] delay = 120000
debug time 19:22:48.847 :: After HeartBeat Count=37 Result=5
debug time 19:24:48.852 :: Before HeartBeat Count=38 Time=Thu Jan 19 2012 19:24:48 GMT+0100 AccountId=29131007 Session=e23e22a6-9d4a-4075-92ad-427a932cabd2
debug ++ [int] eventPhase = 2
debug ++ [Boolean] bubbles = false
debug ++ [Boolean] cancelable = false
debug ++ [String] type = timer
debug +++ [int] repeatCount = 0
debug +++ [int] currentCount = 37
debug +++ [Boolean] running = true
debug +++ [int] delay = 120000
debug +++ [int] repeatCount = 0
debug +++ [int] currentCount = 37
debug +++ [Boolean] running = true
debug +++ [int] delay = 120000
debug time 19:24:49.847 :: After HeartBeat Count=38 Result=5
debug time 19:26:48.852 :: Before HeartBeat Count=39 Time=Thu Jan 19 2012 19:26:48 GMT+0100 AccountId=29131007 Session=e23e22a6-9d4a-4075-92ad-427a932cabd2
debug ++ [int] eventPhase = 2
debug ++ [Boolean] bubbles = false
debug ++ [Boolean] cancelable = false
debug ++ [String] type = timer
debug +++ [int] repeatCount = 0
debug +++ [int] currentCount = 38
debug +++ [Boolean] running = true
debug +++ [int] delay = 120000
debug +++ [int] repeatCount = 0
debug +++ [int] currentCount = 38
debug +++ [Boolean] running = true
debug +++ [int] delay = 120000
debug time 19:26:49.847 :: After HeartBeat Count=39 Result=5
debug time 19:28:48.853 :: Before HeartBeat Count=40 Time=Thu Jan 19 2012 19:28:48 GMT+0100 AccountId=29131007 Session=e23e22a6-9d4a-4075-92ad-427a932cabd2
debug ++ [int] eventPhase = 2
debug ++ [Boolean] bubbles = false
debug ++ [Boolean] cancelable = false
debug ++ [String] type = timer
debug +++ [int] repeatCount = 0
debug +++ [int] currentCount = 39
debug +++ [Boolean] running = true
debug +++ [int] delay = 120000
debug +++ [int] repeatCount = 0
debug +++ [int] currentCount = 39
debug +++ [Boolean] running = true
debug +++ [int] delay = 120000
debug time 19:28:49.848 :: After HeartBeat Count=40 Result=5
debug time 19:30:48.853 :: Before HeartBeat Count=41 Time=Thu Jan 19 2012 19:30:48 GMT+0100 AccountId=29131007 Session=e23e22a6-9d4a-4075-92ad-427a932cabd2
debug ++ [int] eventPhase = 2
debug ++ [Boolean] bubbles = false
debug ++ [Boolean] cancelable = false
debug ++ [String] type = timer
debug +++ [int] repeatCount = 0
debug +++ [int] currentCount = 40
debug +++ [Boolean] running = true
debug +++ [int] delay = 120000
debug +++ [int] repeatCount = 0
debug +++ [int] currentCount = 40
debug +++ [Boolean] running = true
debug +++ [int] delay = 120000
debug time 19:30:49.848 :: After HeartBeat Count=41 Result=5
debug time 19:32:48.854 :: Before HeartBeat Count=42 Time=Thu Jan 19 2012 19:32:48 GMT+0100 AccountId=29131007 Session=e23e22a6-9d4a-4075-92ad-427a932cabd2
debug ++ [int] eventPhase = 2
debug ++ [Boolean] bubbles = false
debug ++ [Boolean] cancelable = false
debug ++ [String] type = timer
debug +++ [int] repeatCount = 0
debug +++ [int] currentCount = 41
debug +++ [Boolean] running = true
debug +++ [int] delay = 120000
debug +++ [int] repeatCount = 0
debug +++ [int] currentCount = 41
debug +++ [Boolean] running = true
debug +++ [int] delay = 120000
debug time 19:32:49.848 :: After HeartBeat Count=42 Result=5
debug time 19:34:48.853 :: Before HeartBeat Count=43 Time=Thu Jan 19 2012 19:34:48 GMT+0100 AccountId=29131007 Session=e23e22a6-9d4a-4075-92ad-427a932cabd2
debug ++ [int] eventPhase = 2
debug ++ [Boolean] bubbles = false
debug ++ [Boolean] cancelable = false
debug ++ [String] type = timer
debug +++ [int] repeatCount = 0
debug +++ [int] currentCount = 42
debug +++ [Boolean] running = true
debug +++ [int] delay = 120000
debug +++ [int] repeatCount = 0
debug +++ [int] currentCount = 42
debug +++ [Boolean] running = true
debug +++ [int] delay = 120000
debug time 19:34:49.848 :: After HeartBeat Count=43 Result=5
debug time 19:36:49.853 :: Before HeartBeat Count=44 Time=Thu Jan 19 2012 19:36:49 GMT+0100 AccountId=29131007 Session=e23e22a6-9d4a-4075-92ad-427a932cabd2
debug ++ [int] eventPhase = 2
debug ++ [Boolean] bubbles = false
debug ++ [Boolean] cancelable = false
debug ++ [String] type = timer
debug +++ [int] repeatCount = 0
debug +++ [int] currentCount = 43
debug +++ [Boolean] running = true
debug +++ [int] delay = 120000
debug +++ [int] repeatCount = 0
debug +++ [int] currentCount = 43
debug +++ [Boolean] running = true
debug +++ [int] delay = 120000
debug time 19:36:50.847 :: After HeartBeat Count=44 Result=5
debug time 19:38:49.854 :: Before HeartBeat Count=45 Time=Thu Jan 19 2012 19:38:49 GMT+0100 AccountId=29131007 Session=e23e22a6-9d4a-4075-92ad-427a932cabd2
debug ++ [int] eventPhase = 2
debug ++ [Boolean] bubbles = false
debug ++ [Boolean] cancelable = false
debug ++ [String] type = timer
debug +++ [int] repeatCount = 0
debug +++ [int] currentCount = 44
debug +++ [Boolean] running = true
debug +++ [int] delay = 120000
debug +++ [int] repeatCount = 0
debug +++ [int] currentCount = 44
debug +++ [Boolean] running = true
debug +++ [int] delay = 120000
debug time 19:38:50.847 :: After HeartBeat Count=45 Result=5
debug time 19:40:49.861 :: Before HeartBeat Count=46 Time=Thu Jan 19 2012 19:40:49 GMT+0100 AccountId=29131007 Session=e23e22a6-9d4a-4075-92ad-427a932cabd2
debug ++ [int] eventPhase = 2
debug ++ [Boolean] bubbles = false
debug ++ [Boolean] cancelable = false
debug ++ [String] type = timer
debug +++ [int] repeatCount = 0
debug +++ [int] currentCount = 45
debug +++ [Boolean] running = true
debug +++ [int] delay = 120000
debug +++ [int] repeatCount = 0
debug +++ [int] currentCount = 45
debug +++ [Boolean] running = true
debug +++ [int] delay = 120000
debug time 19:40:50.847 :: After HeartBeat Count=46 Result=5
debug time 19:42:50.852 :: Before HeartBeat Count=47 Time=Thu Jan 19 2012 19:42:50 GMT+0100 AccountId=29131007 Session=e23e22a6-9d4a-4075-92ad-427a932cabd2
debug ++ [int] eventPhase = 2
debug ++ [Boolean] bubbles = false
debug ++ [Boolean] cancelable = false
debug ++ [String] type = timer
debug +++ [int] repeatCount = 0
debug +++ [int] currentCount = 46
debug +++ [Boolean] running = true
debug +++ [int] delay = 120000
debug +++ [int] repeatCount = 0
debug +++ [int] currentCount = 46
debug +++ [Boolean] running = true
debug +++ [int] delay = 120000
debug time 19:42:51.847 :: After HeartBeat Count=47 Result=5
debug time 19:44:50.853 :: Before HeartBeat Count=48 Time=Thu Jan 19 2012 19:44:50 GMT+0100 AccountId=29131007 Session=e23e22a6-9d4a-4075-92ad-427a932cabd2
debug ++ [int] eventPhase = 2
debug ++ [Boolean] bubbles = false
debug ++ [Boolean] cancelable = false
debug ++ [String] type = timer
debug +++ [int] repeatCount = 0
debug +++ [int] currentCount = 47
debug +++ [Boolean] running = true
debug +++ [int] delay = 120000
debug +++ [int] repeatCount = 0
debug +++ [int] currentCount = 47
debug +++ [Boolean] running = true
debug +++ [int] delay = 120000
debug time 19:44:51.848 :: After HeartBeat Count=48 Result=5
debug time 19:46:50.859 :: Before HeartBeat Count=49 Time=Thu Jan 19 2012 19:46:50 GMT+0100 AccountId=29131007 Session=e23e22a6-9d4a-4075-92ad-427a932cabd2
debug ++ [int] eventPhase = 2
debug ++ [Boolean] bubbles = false
debug ++ [Boolean] cancelable = false
debug ++ [String] type = timer
debug +++ [int] repeatCount = 0
debug +++ [int] currentCount = 48
debug +++ [Boolean] running = true
debug +++ [int] delay = 120000
debug +++ [int] repeatCount = 0
debug +++ [int] currentCount = 48
debug +++ [Boolean] running = true
debug +++ [int] delay = 120000
debug time 19:46:51.848 :: After HeartBeat Count=49 Result=5
debug time 19:48:51.876 :: Before HeartBeat Count=50 Time=Thu Jan 19 2012 19:48:51 GMT+0100 AccountId=29131007 Session=e23e22a6-9d4a-4075-92ad-427a932cabd2
debug ++ [int] eventPhase = 2
debug ++ [Boolean] bubbles = false
debug ++ [Boolean] cancelable = false
debug ++ [String] type = timer
debug +++ [int] repeatCount = 0
debug +++ [int] currentCount = 49
debug +++ [Boolean] running = true
debug +++ [int] delay = 120000
debug +++ [int] repeatCount = 0
debug +++ [int] currentCount = 49
debug +++ [Boolean] running = true
debug +++ [int] delay = 120000
debug time 19:48:52.848 :: After HeartBeat Count=50 Result=5
debug time 19:50:52.853 :: Before HeartBeat Count=51 Time=Thu Jan 19 2012 19:50:52 GMT+0100 AccountId=29131007 Session=e23e22a6-9d4a-4075-92ad-427a932cabd2
debug ++ [int] eventPhase = 2
debug ++ [Boolean] bubbles = false
debug ++ [Boolean] cancelable = false
debug ++ [String] type = timer
debug +++ [int] repeatCount = 0
debug +++ [int] currentCount = 50
debug +++ [Boolean] running = true
debug +++ [int] delay = 120000
debug +++ [int] repeatCount = 0
debug +++ [int] currentCount = 50
debug +++ [Boolean] running = true
debug +++ [int] delay = 120000
debug time 19:50:53.848 :: After HeartBeat Count=51 Result=5
debug time 19:52:52.852 :: Before HeartBeat Count=52 Time=Thu Jan 19 2012 19:52:52 GMT+0100 AccountId=29131007 Session=e23e22a6-9d4a-4075-92ad-427a932cabd2
debug ++ [int] eventPhase = 2
debug ++ [Boolean] bubbles = false
debug ++ [Boolean] cancelable = false
debug ++ [String] type = timer
debug +++ [int] repeatCount = 0
debug +++ [int] currentCount = 51
debug +++ [Boolean] running = true
debug +++ [int] delay = 120000
debug +++ [int] repeatCount = 0
debug +++ [int] currentCount = 51
debug +++ [Boolean] running = true
debug +++ [int] delay = 120000
debug time 19:52:53.848 :: After HeartBeat Count=52 Result=5
debug time 19:54:52.852 :: Before HeartBeat Count=53 Time=Thu Jan 19 2012 19:54:52 GMT+0100 AccountId=29131007 Session=e23e22a6-9d4a-4075-92ad-427a932cabd2
debug ++ [int] eventPhase = 2
debug ++ [Boolean] bubbles = false
debug ++ [Boolean] cancelable = false
debug ++ [String] type = timer
debug +++ [int] repeatCount = 0
debug +++ [int] currentCount = 52
debug +++ [Boolean] running = true
debug +++ [int] delay = 120000
debug +++ [int] repeatCount = 0
debug +++ [int] currentCount = 52
debug +++ [Boolean] running = true
debug +++ [int] delay = 120000
debug time 19:54:53.847 :: After HeartBeat Count=53 Result=5
debug time 19:55:08.876 :: Performing heartbeat at Thu Jan 19 2012 19:55:08 GMT+0100
