debug time 20:28:00.72 :: Before HeartBeat Count=1 Time=Sun Jan 29 2012 20:28:00 GMT+0100 AccountId=29131007 Session=0a4e898b-5239-4e54-a835-ed52e1de1f70
STOP LOGGING: More than 0 nested objects or properties. 
debug time 20:28:00.808 :: After HeartBeat Count=1 Result=5
debug time 20:30:00.673 :: Before HeartBeat Count=2 Time=Sun Jan 29 2012 20:30:00 GMT+0100 AccountId=29131007 Session=0a4e898b-5239-4e54-a835-ed52e1de1f70
debug ++ [int] eventPhase = 2
debug ++ [Boolean] bubbles = false
debug ++ [Boolean] cancelable = false
debug ++ [String] type = timer
debug +++ [int] repeatCount = 0
debug +++ [int] currentCount = 1
debug +++ [Boolean] running = true
debug +++ [int] delay = 120000
debug +++ [int] repeatCount = 0
debug +++ [int] currentCount = 1
debug +++ [Boolean] running = true
debug +++ [int] delay = 120000
debug time 20:30:01.669 :: After HeartBeat Count=2 Result=5
debug time 20:32:00.690 :: Before HeartBeat Count=3 Time=Sun Jan 29 2012 20:32:00 GMT+0100 AccountId=29131007 Session=0a4e898b-5239-4e54-a835-ed52e1de1f70
debug ++ [int] eventPhase = 2
debug ++ [Boolean] bubbles = false
debug ++ [Boolean] cancelable = false
debug ++ [String] type = timer
debug +++ [int] repeatCount = 0
debug +++ [int] currentCount = 2
debug +++ [Boolean] running = true
debug +++ [int] delay = 120000
debug +++ [int] repeatCount = 0
debug +++ [int] currentCount = 2
debug +++ [Boolean] running = true
debug +++ [int] delay = 120000
debug time 20:32:00.887 :: After HeartBeat Count=3 Result=5
debug time 20:34:00.698 :: Before HeartBeat Count=4 Time=Sun Jan 29 2012 20:34:00 GMT+0100 AccountId=29131007 Session=0a4e898b-5239-4e54-a835-ed52e1de1f70
debug ++ [int] eventPhase = 2
debug ++ [Boolean] bubbles = false
debug ++ [Boolean] cancelable = false
debug ++ [String] type = timer
debug +++ [int] repeatCount = 0
debug +++ [int] currentCount = 3
debug +++ [Boolean] running = true
debug +++ [int] delay = 120000
debug +++ [int] repeatCount = 0
debug +++ [int] currentCount = 3
debug +++ [Boolean] running = true
debug +++ [int] delay = 120000
debug time 20:34:00.894 :: After HeartBeat Count=4 Result=5
debug time 20:36:00.698 :: Before HeartBeat Count=5 Time=Sun Jan 29 2012 20:36:00 GMT+0100 AccountId=29131007 Session=0a4e898b-5239-4e54-a835-ed52e1de1f70
debug ++ [int] eventPhase = 2
debug ++ [Boolean] bubbles = false
debug ++ [Boolean] cancelable = false
debug ++ [String] type = timer
debug +++ [int] repeatCount = 0
debug +++ [int] currentCount = 4
debug +++ [Boolean] running = true
debug +++ [int] delay = 120000
debug +++ [int] repeatCount = 0
debug +++ [int] currentCount = 4
debug +++ [Boolean] running = true
debug +++ [int] delay = 120000
debug time 20:36:00.894 :: After HeartBeat Count=5 Result=5
debug time 20:38:00.707 :: Before HeartBeat Count=6 Time=Sun Jan 29 2012 20:38:00 GMT+0100 AccountId=29131007 Session=0a4e898b-5239-4e54-a835-ed52e1de1f70
debug ++ [int] eventPhase = 2
debug ++ [Boolean] bubbles = false
debug ++ [Boolean] cancelable = false
debug ++ [String] type = timer
debug +++ [int] repeatCount = 0
debug +++ [int] currentCount = 5
debug +++ [Boolean] running = true
debug +++ [int] delay = 120000
debug +++ [int] repeatCount = 0
debug +++ [int] currentCount = 5
debug +++ [Boolean] running = true
debug +++ [int] delay = 120000
debug time 20:38:00.924 :: After HeartBeat Count=6 Result=5
debug time 20:40:00.892 :: Before HeartBeat Count=7 Time=Sun Jan 29 2012 20:40:00 GMT+0100 AccountId=29131007 Session=0a4e898b-5239-4e54-a835-ed52e1de1f70
debug ++ [int] eventPhase = 2
debug ++ [Boolean] bubbles = false
debug ++ [Boolean] cancelable = false
debug ++ [String] type = timer
debug +++ [int] repeatCount = 0
debug +++ [int] currentCount = 6
debug +++ [Boolean] running = true
debug +++ [int] delay = 120000
debug +++ [int] repeatCount = 0
debug +++ [int] currentCount = 6
debug +++ [Boolean] running = true
debug +++ [int] delay = 120000
debug time 20:40:01.63 :: After HeartBeat Count=7 Result=5
debug time 20:42:00.892 :: Before HeartBeat Count=8 Time=Sun Jan 29 2012 20:42:00 GMT+0100 AccountId=29131007 Session=0a4e898b-5239-4e54-a835-ed52e1de1f70
debug ++ [int] eventPhase = 2
debug ++ [Boolean] bubbles = false
debug ++ [Boolean] cancelable = false
debug ++ [String] type = timer
debug +++ [int] repeatCount = 0
debug +++ [int] currentCount = 7
debug +++ [Boolean] running = true
debug +++ [int] delay = 120000
debug +++ [int] repeatCount = 0
debug +++ [int] currentCount = 7
debug +++ [Boolean] running = true
debug +++ [int] delay = 120000
debug time 20:42:01.63 :: After HeartBeat Count=8 Result=5
debug time 20:44:01.892 :: Before HeartBeat Count=9 Time=Sun Jan 29 2012 20:44:01 GMT+0100 AccountId=29131007 Session=0a4e898b-5239-4e54-a835-ed52e1de1f70
debug ++ [int] eventPhase = 2
debug ++ [Boolean] bubbles = false
debug ++ [Boolean] cancelable = false
debug ++ [String] type = timer
debug +++ [int] repeatCount = 0
debug +++ [int] currentCount = 8
debug +++ [Boolean] running = true
debug +++ [int] delay = 120000
debug +++ [int] repeatCount = 0
debug +++ [int] currentCount = 8
debug +++ [Boolean] running = true
debug +++ [int] delay = 120000
debug time 20:44:02.64 :: After HeartBeat Count=9 Result=5
debug time 20:46:01.913 :: Before HeartBeat Count=10 Time=Sun Jan 29 2012 20:46:01 GMT+0100 AccountId=29131007 Session=0a4e898b-5239-4e54-a835-ed52e1de1f70
debug ++ [int] eventPhase = 2
debug ++ [Boolean] bubbles = false
debug ++ [Boolean] cancelable = false
debug ++ [String] type = timer
debug +++ [int] repeatCount = 0
debug +++ [int] currentCount = 9
debug +++ [Boolean] running = true
debug +++ [int] delay = 120000
debug +++ [int] repeatCount = 0
debug +++ [int] currentCount = 9
debug +++ [Boolean] running = true
debug +++ [int] delay = 120000
debug time 20:46:02.120 :: After HeartBeat Count=10 Result=5
debug time 20:48:02.891 :: Before HeartBeat Count=11 Time=Sun Jan 29 2012 20:48:02 GMT+0100 AccountId=29131007 Session=0a4e898b-5239-4e54-a835-ed52e1de1f70
debug ++ [int] eventPhase = 2
debug ++ [Boolean] bubbles = false
debug ++ [Boolean] cancelable = false
debug ++ [String] type = timer
debug +++ [int] repeatCount = 0
debug +++ [int] currentCount = 10
debug +++ [Boolean] running = true
debug +++ [int] delay = 120000
debug +++ [int] repeatCount = 0
debug +++ [int] currentCount = 10
debug +++ [Boolean] running = true
debug +++ [int] delay = 120000
debug time 20:48:03.62 :: After HeartBeat Count=11 Result=5
debug time 20:50:02.892 :: Before HeartBeat Count=12 Time=Sun Jan 29 2012 20:50:02 GMT+0100 AccountId=29131007 Session=0a4e898b-5239-4e54-a835-ed52e1de1f70
debug ++ [int] eventPhase = 2
debug ++ [Boolean] bubbles = false
debug ++ [Boolean] cancelable = false
debug ++ [String] type = timer
debug +++ [int] repeatCount = 0
debug +++ [int] currentCount = 11
debug +++ [Boolean] running = true
debug +++ [int] delay = 120000
debug +++ [int] repeatCount = 0
debug +++ [int] currentCount = 11
debug +++ [Boolean] running = true
debug +++ [int] delay = 120000
debug time 20:50:03.62 :: After HeartBeat Count=12 Result=5
debug time 20:52:02.892 :: Before HeartBeat Count=13 Time=Sun Jan 29 2012 20:52:02 GMT+0100 AccountId=29131007 Session=0a4e898b-5239-4e54-a835-ed52e1de1f70
debug ++ [int] eventPhase = 2
debug ++ [Boolean] bubbles = false
debug ++ [Boolean] cancelable = false
debug ++ [String] type = timer
debug +++ [int] repeatCount = 0
debug +++ [int] currentCount = 12
debug +++ [Boolean] running = true
debug +++ [int] delay = 120000
debug +++ [int] repeatCount = 0
debug +++ [int] currentCount = 12
debug +++ [Boolean] running = true
debug +++ [int] delay = 120000
debug time 20:52:03.63 :: After HeartBeat Count=13 Result=5
debug time 20:54:02.922 :: Before HeartBeat Count=14 Time=Sun Jan 29 2012 20:54:02 GMT+0100 AccountId=29131007 Session=0a4e898b-5239-4e54-a835-ed52e1de1f70
debug ++ [int] eventPhase = 2
debug ++ [Boolean] bubbles = false
debug ++ [Boolean] cancelable = false
debug ++ [String] type = timer
debug +++ [int] repeatCount = 0
debug +++ [int] currentCount = 13
debug +++ [Boolean] running = true
debug +++ [int] delay = 120000
debug +++ [int] repeatCount = 0
debug +++ [int] currentCount = 13
debug +++ [Boolean] running = true
debug +++ [int] delay = 120000
debug time 20:54:03.127 :: After HeartBeat Count=14 Result=5
debug time 20:56:02.923 :: Before HeartBeat Count=15 Time=Sun Jan 29 2012 20:56:02 GMT+0100 AccountId=29131007 Session=0a4e898b-5239-4e54-a835-ed52e1de1f70
debug ++ [int] eventPhase = 2
debug ++ [Boolean] bubbles = false
debug ++ [Boolean] cancelable = false
debug ++ [String] type = timer
debug +++ [int] repeatCount = 0
debug +++ [int] currentCount = 14
debug +++ [Boolean] running = true
debug +++ [int] delay = 120000
debug +++ [int] repeatCount = 0
debug +++ [int] currentCount = 14
debug +++ [Boolean] running = true
debug +++ [int] delay = 120000
debug time 20:56:03.128 :: After HeartBeat Count=15 Result=5
debug time 20:58:02.951 :: Before HeartBeat Count=16 Time=Sun Jan 29 2012 20:58:02 GMT+0100 AccountId=29131007 Session=0a4e898b-5239-4e54-a835-ed52e1de1f70
debug ++ [int] eventPhase = 2
debug ++ [Boolean] bubbles = false
debug ++ [Boolean] cancelable = false
debug ++ [String] type = timer
debug +++ [int] repeatCount = 0
debug +++ [int] currentCount = 15
debug +++ [Boolean] running = true
debug +++ [int] delay = 120000
debug +++ [int] repeatCount = 0
debug +++ [int] currentCount = 15
debug +++ [Boolean] running = true
debug +++ [int] delay = 120000
debug time 20:58:03.135 :: After HeartBeat Count=16 Result=5
debug time 21:00:02.970 :: Before HeartBeat Count=17 Time=Sun Jan 29 2012 21:00:02 GMT+0100 AccountId=29131007 Session=0a4e898b-5239-4e54-a835-ed52e1de1f70
debug ++ [int] eventPhase = 2
debug ++ [Boolean] bubbles = false
debug ++ [Boolean] cancelable = false
debug ++ [String] type = timer
debug +++ [int] repeatCount = 0
debug +++ [int] currentCount = 16
debug +++ [Boolean] running = true
debug +++ [int] delay = 120000
debug +++ [int] repeatCount = 0
debug +++ [int] currentCount = 16
debug +++ [Boolean] running = true
debug +++ [int] delay = 120000
debug time 21:00:03.162 :: After HeartBeat Count=17 Result=5
debug time 21:02:02.986 :: Before HeartBeat Count=18 Time=Sun Jan 29 2012 21:02:02 GMT+0100 AccountId=29131007 Session=0a4e898b-5239-4e54-a835-ed52e1de1f70
debug ++ [int] eventPhase = 2
debug ++ [Boolean] bubbles = false
debug ++ [Boolean] cancelable = false
debug ++ [String] type = timer
debug +++ [int] repeatCount = 0
debug +++ [int] currentCount = 17
debug +++ [Boolean] running = true
debug +++ [int] delay = 120000
debug +++ [int] repeatCount = 0
debug +++ [int] currentCount = 17
debug +++ [Boolean] running = true
debug +++ [int] delay = 120000
debug time 21:02:03.196 :: After HeartBeat Count=18 Result=5
debug time 21:04:02.994 :: Before HeartBeat Count=19 Time=Sun Jan 29 2012 21:04:02 GMT+0100 AccountId=29131007 Session=0a4e898b-5239-4e54-a835-ed52e1de1f70
debug ++ [int] eventPhase = 2
debug ++ [Boolean] bubbles = false
debug ++ [Boolean] cancelable = false
debug ++ [String] type = timer
debug +++ [int] repeatCount = 0
debug +++ [int] currentCount = 18
debug +++ [Boolean] running = true
debug +++ [int] delay = 120000
debug +++ [int] repeatCount = 0
debug +++ [int] currentCount = 18
debug +++ [Boolean] running = true
debug +++ [int] delay = 120000
debug time 21:04:03.185 :: After HeartBeat Count=19 Result=5
debug time 21:06:03.00 :: Before HeartBeat Count=20 Time=Sun Jan 29 2012 21:06:02 GMT+0100 AccountId=29131007 Session=0a4e898b-5239-4e54-a835-ed52e1de1f70
debug ++ [int] eventPhase = 2
debug ++ [Boolean] bubbles = false
debug ++ [Boolean] cancelable = false
debug ++ [String] type = timer
debug +++ [int] repeatCount = 0
debug +++ [int] currentCount = 19
debug +++ [Boolean] running = true
debug +++ [int] delay = 120000
debug +++ [int] repeatCount = 0
debug +++ [int] currentCount = 19
debug +++ [Boolean] running = true
debug +++ [int] delay = 120000
debug time 21:06:03.192 :: After HeartBeat Count=20 Result=5
debug time 21:08:03.26 :: Before HeartBeat Count=21 Time=Sun Jan 29 2012 21:08:03 GMT+0100 AccountId=29131007 Session=0a4e898b-5239-4e54-a835-ed52e1de1f70
debug ++ [int] eventPhase = 2
debug ++ [Boolean] bubbles = false
debug ++ [Boolean] cancelable = false
debug ++ [String] type = timer
debug +++ [int] repeatCount = 0
debug +++ [int] currentCount = 20
debug +++ [Boolean] running = true
debug +++ [int] delay = 120000
debug +++ [int] repeatCount = 0
debug +++ [int] currentCount = 20
debug +++ [Boolean] running = true
debug +++ [int] delay = 120000
debug time 21:08:03.217 :: After HeartBeat Count=21 Result=5
debug time 21:10:03.651 :: Before HeartBeat Count=22 Time=Sun Jan 29 2012 21:10:03 GMT+0100 AccountId=29131007 Session=0a4e898b-5239-4e54-a835-ed52e1de1f70
debug ++ [int] eventPhase = 2
debug ++ [Boolean] bubbles = false
debug ++ [Boolean] cancelable = false
debug ++ [String] type = timer
debug +++ [int] repeatCount = 0
debug +++ [int] currentCount = 21
debug +++ [Boolean] running = true
debug +++ [int] delay = 120000
debug +++ [int] repeatCount = 0
debug +++ [int] currentCount = 21
debug +++ [Boolean] running = true
debug +++ [int] delay = 120000
debug time 21:10:03.824 :: After HeartBeat Count=22 Result=5
debug time 21:12:03.653 :: Before HeartBeat Count=23 Time=Sun Jan 29 2012 21:12:03 GMT+0100 AccountId=29131007 Session=0a4e898b-5239-4e54-a835-ed52e1de1f70
debug ++ [int] eventPhase = 2
debug ++ [Boolean] bubbles = false
debug ++ [Boolean] cancelable = false
debug ++ [String] type = timer
debug +++ [int] repeatCount = 0
debug +++ [int] currentCount = 22
debug +++ [Boolean] running = true
debug +++ [int] delay = 120000
debug +++ [int] repeatCount = 0
debug +++ [int] currentCount = 22
debug +++ [Boolean] running = true
debug +++ [int] delay = 120000
debug time 21:12:03.824 :: After HeartBeat Count=23 Result=5
debug time 21:14:03.672 :: Before HeartBeat Count=24 Time=Sun Jan 29 2012 21:14:03 GMT+0100 AccountId=29131007 Session=0a4e898b-5239-4e54-a835-ed52e1de1f70
debug ++ [int] eventPhase = 2
debug ++ [Boolean] bubbles = false
debug ++ [Boolean] cancelable = false
debug ++ [String] type = timer
debug +++ [int] repeatCount = 0
debug +++ [int] currentCount = 23
debug +++ [Boolean] running = true
debug +++ [int] delay = 120000
debug +++ [int] repeatCount = 0
debug +++ [int] currentCount = 23
debug +++ [Boolean] running = true
debug +++ [int] delay = 120000
debug time 21:14:03.867 :: After HeartBeat Count=24 Result=5
debug time 21:16:03.672 :: Before HeartBeat Count=25 Time=Sun Jan 29 2012 21:16:03 GMT+0100 AccountId=29131007 Session=0a4e898b-5239-4e54-a835-ed52e1de1f70
debug ++ [int] eventPhase = 2
debug ++ [Boolean] bubbles = false
debug ++ [Boolean] cancelable = false
debug ++ [String] type = timer
debug +++ [int] repeatCount = 0
debug +++ [int] currentCount = 24
debug +++ [Boolean] running = true
debug +++ [int] delay = 120000
debug +++ [int] repeatCount = 0
debug +++ [int] currentCount = 24
debug +++ [Boolean] running = true
debug +++ [int] delay = 120000
debug time 21:16:03.879 :: After HeartBeat Count=25 Result=5
debug time 21:18:03.672 :: Before HeartBeat Count=26 Time=Sun Jan 29 2012 21:18:03 GMT+0100 AccountId=29131007 Session=0a4e898b-5239-4e54-a835-ed52e1de1f70
debug ++ [int] eventPhase = 2
debug ++ [Boolean] bubbles = false
debug ++ [Boolean] cancelable = false
debug ++ [String] type = timer
debug +++ [int] repeatCount = 0
debug +++ [int] currentCount = 25
debug +++ [Boolean] running = true
debug +++ [int] delay = 120000
debug +++ [int] repeatCount = 0
debug +++ [int] currentCount = 25
debug +++ [Boolean] running = true
debug +++ [int] delay = 120000
debug time 21:18:03.873 :: After HeartBeat Count=26 Result=5
debug time 21:20:04.678 :: Before HeartBeat Count=27 Time=Sun Jan 29 2012 21:20:04 GMT+0100 AccountId=29131007 Session=0a4e898b-5239-4e54-a835-ed52e1de1f70
debug ++ [int] eventPhase = 2
debug ++ [Boolean] bubbles = false
debug ++ [Boolean] cancelable = false
debug ++ [String] type = timer
debug +++ [int] repeatCount = 0
debug +++ [int] currentCount = 26
debug +++ [Boolean] running = true
debug +++ [int] delay = 120000
debug +++ [int] repeatCount = 0
debug +++ [int] currentCount = 26
debug +++ [Boolean] running = true
debug +++ [int] delay = 120000
debug time 21:20:04.880 :: After HeartBeat Count=27 Result=5
debug time 21:22:05.668 :: Before HeartBeat Count=28 Time=Sun Jan 29 2012 21:22:05 GMT+0100 AccountId=29131007 Session=0a4e898b-5239-4e54-a835-ed52e1de1f70
debug ++ [int] eventPhase = 2
debug ++ [Boolean] bubbles = false
debug ++ [Boolean] cancelable = false
debug ++ [String] type = timer
debug +++ [int] repeatCount = 0
debug +++ [int] currentCount = 27
debug +++ [Boolean] running = true
debug +++ [int] delay = 120000
debug +++ [int] repeatCount = 0
debug +++ [int] currentCount = 27
debug +++ [Boolean] running = true
debug +++ [int] delay = 120000
debug time 21:22:05.874 :: After HeartBeat Count=28 Result=5
debug time 21:24:05.671 :: Before HeartBeat Count=29 Time=Sun Jan 29 2012 21:24:05 GMT+0100 AccountId=29131007 Session=0a4e898b-5239-4e54-a835-ed52e1de1f70
debug ++ [int] eventPhase = 2
debug ++ [Boolean] bubbles = false
debug ++ [Boolean] cancelable = false
debug ++ [String] type = timer
debug +++ [int] repeatCount = 0
debug +++ [int] currentCount = 28
debug +++ [Boolean] running = true
debug +++ [int] delay = 120000
debug +++ [int] repeatCount = 0
debug +++ [int] currentCount = 28
debug +++ [Boolean] running = true
debug +++ [int] delay = 120000
debug time 21:24:05.880 :: After HeartBeat Count=29 Result=5
debug time 21:26:06.677 :: Before HeartBeat Count=30 Time=Sun Jan 29 2012 21:26:06 GMT+0100 AccountId=29131007 Session=0a4e898b-5239-4e54-a835-ed52e1de1f70
debug ++ [int] eventPhase = 2
debug ++ [Boolean] bubbles = false
debug ++ [Boolean] cancelable = false
debug ++ [String] type = timer
debug +++ [int] repeatCount = 0
debug +++ [int] currentCount = 29
debug +++ [Boolean] running = true
debug +++ [int] delay = 120000
debug +++ [int] repeatCount = 0
debug +++ [int] currentCount = 29
debug +++ [Boolean] running = true
debug +++ [int] delay = 120000
debug time 21:26:06.880 :: After HeartBeat Count=30 Result=5
debug time 21:28:07.672 :: Before HeartBeat Count=31 Time=Sun Jan 29 2012 21:28:07 GMT+0100 AccountId=29131007 Session=0a4e898b-5239-4e54-a835-ed52e1de1f70
debug ++ [int] eventPhase = 2
debug ++ [Boolean] bubbles = false
debug ++ [Boolean] cancelable = false
debug ++ [String] type = timer
debug +++ [int] repeatCount = 0
debug +++ [int] currentCount = 30
debug +++ [Boolean] running = true
debug +++ [int] delay = 120000
debug +++ [int] repeatCount = 0
debug +++ [int] currentCount = 30
debug +++ [Boolean] running = true
debug +++ [int] delay = 120000
debug time 21:28:07.874 :: After HeartBeat Count=31 Result=5
debug time 21:30:08.678 :: Before HeartBeat Count=32 Time=Sun Jan 29 2012 21:30:08 GMT+0100 AccountId=29131007 Session=0a4e898b-5239-4e54-a835-ed52e1de1f70
debug ++ [int] eventPhase = 2
debug ++ [Boolean] bubbles = false
debug ++ [Boolean] cancelable = false
debug ++ [String] type = timer
debug +++ [int] repeatCount = 0
debug +++ [int] currentCount = 31
debug +++ [Boolean] running = true
debug +++ [int] delay = 120000
debug +++ [int] repeatCount = 0
debug +++ [int] currentCount = 31
debug +++ [Boolean] running = true
debug +++ [int] delay = 120000
debug time 21:30:08.883 :: After HeartBeat Count=32 Result=5
debug time 21:32:09.672 :: Before HeartBeat Count=33 Time=Sun Jan 29 2012 21:32:09 GMT+0100 AccountId=29131007 Session=0a4e898b-5239-4e54-a835-ed52e1de1f70
debug ++ [int] eventPhase = 2
debug ++ [Boolean] bubbles = false
debug ++ [Boolean] cancelable = false
debug ++ [String] type = timer
debug +++ [int] repeatCount = 0
debug +++ [int] currentCount = 32
debug +++ [Boolean] running = true
debug +++ [int] delay = 120000
debug +++ [int] repeatCount = 0
debug +++ [int] currentCount = 32
debug +++ [Boolean] running = true
debug +++ [int] delay = 120000
debug time 21:32:09.874 :: After HeartBeat Count=33 Result=5
debug time 21:34:10.678 :: Before HeartBeat Count=34 Time=Sun Jan 29 2012 21:34:10 GMT+0100 AccountId=29131007 Session=0a4e898b-5239-4e54-a835-ed52e1de1f70
debug ++ [int] eventPhase = 2
debug ++ [Boolean] bubbles = false
debug ++ [Boolean] cancelable = false
debug ++ [String] type = timer
debug +++ [int] repeatCount = 0
debug +++ [int] currentCount = 33
debug +++ [Boolean] running = true
debug +++ [int] delay = 120000
debug +++ [int] repeatCount = 0
debug +++ [int] currentCount = 33
debug +++ [Boolean] running = true
debug +++ [int] delay = 120000
debug time 21:34:10.886 :: After HeartBeat Count=34 Result=5
debug time 21:36:11.672 :: Before HeartBeat Count=35 Time=Sun Jan 29 2012 21:36:11 GMT+0100 AccountId=29131007 Session=0a4e898b-5239-4e54-a835-ed52e1de1f70
debug ++ [int] eventPhase = 2
debug ++ [Boolean] bubbles = false
debug ++ [Boolean] cancelable = false
debug ++ [String] type = timer
debug +++ [int] repeatCount = 0
debug +++ [int] currentCount = 34
debug +++ [Boolean] running = true
debug +++ [int] delay = 120000
debug +++ [int] repeatCount = 0
debug +++ [int] currentCount = 34
debug +++ [Boolean] running = true
debug +++ [int] delay = 120000
debug time 21:36:11.876 :: After HeartBeat Count=35 Result=5
debug time 21:38:11.677 :: Before HeartBeat Count=36 Time=Sun Jan 29 2012 21:38:11 GMT+0100 AccountId=29131007 Session=0a4e898b-5239-4e54-a835-ed52e1de1f70
debug ++ [int] eventPhase = 2
debug ++ [Boolean] bubbles = false
debug ++ [Boolean] cancelable = false
debug ++ [String] type = timer
debug +++ [int] repeatCount = 0
debug +++ [int] currentCount = 35
debug +++ [Boolean] running = true
debug +++ [int] delay = 120000
debug +++ [int] repeatCount = 0
debug +++ [int] currentCount = 35
debug +++ [Boolean] running = true
debug +++ [int] delay = 120000
debug time 21:38:11.879 :: After HeartBeat Count=36 Result=5
debug time 21:40:12.652 :: Before HeartBeat Count=37 Time=Sun Jan 29 2012 21:40:12 GMT+0100 AccountId=29131007 Session=0a4e898b-5239-4e54-a835-ed52e1de1f70
debug ++ [int] eventPhase = 2
debug ++ [Boolean] bubbles = false
debug ++ [Boolean] cancelable = false
debug ++ [String] type = timer
debug +++ [int] repeatCount = 0
debug +++ [int] currentCount = 36
debug +++ [Boolean] running = true
debug +++ [int] delay = 120000
debug +++ [int] repeatCount = 0
debug +++ [int] currentCount = 36
debug +++ [Boolean] running = true
debug +++ [int] delay = 120000
debug time 21:40:12.851 :: After HeartBeat Count=37 Result=5
debug time 21:42:12.653 :: Before HeartBeat Count=38 Time=Sun Jan 29 2012 21:42:12 GMT+0100 AccountId=29131007 Session=0a4e898b-5239-4e54-a835-ed52e1de1f70
debug ++ [int] eventPhase = 2
debug ++ [Boolean] bubbles = false
debug ++ [Boolean] cancelable = false
debug ++ [String] type = timer
debug +++ [int] repeatCount = 0
debug +++ [int] currentCount = 37
debug +++ [Boolean] running = true
debug +++ [int] delay = 120000
debug +++ [int] repeatCount = 0
debug +++ [int] currentCount = 37
debug +++ [Boolean] running = true
debug +++ [int] delay = 120000
debug time 21:42:12.825 :: After HeartBeat Count=38 Result=5
debug time 21:43:23.551 :: Performing heartbeat at Sun Jan 29 2012 21:43:23 GMT+0100
