debug time 17:45:49.137 :: Before HeartBeat Count=1 Time=Tue Jan 17 2012 17:45:49 GMT+0100 AccountId=29131007 Session=db444c4d-2ddb-41ff-8938-94c8ab5c7d9b
STOP LOGGING: More than 0 nested objects or properties. 
debug time 17:45:51.620 :: After HeartBeat Count=1 Result=5
debug time 17:47:49.147 :: Before HeartBeat Count=2 Time=Tue Jan 17 2012 17:47:49 GMT+0100 AccountId=29131007 Session=db444c4d-2ddb-41ff-8938-94c8ab5c7d9b
debug ++ [int] eventPhase = 2
debug ++ [Boolean] bubbles = false
debug ++ [Boolean] cancelable = false
debug ++ [String] type = timer
debug +++ [int] repeatCount = 0
debug +++ [int] currentCount = 1
debug +++ [Boolean] running = true
debug +++ [int] delay = 120000
debug +++ [int] repeatCount = 0
debug +++ [int] currentCount = 1
debug +++ [Boolean] running = true
debug +++ [int] delay = 120000
debug time 17:47:49.559 :: After HeartBeat Count=2 Result=5
debug time 17:49:49.184 :: Before HeartBeat Count=3 Time=Tue Jan 17 2012 17:49:49 GMT+0100 AccountId=29131007 Session=db444c4d-2ddb-41ff-8938-94c8ab5c7d9b
debug ++ [int] eventPhase = 2
debug ++ [Boolean] bubbles = false
debug ++ [Boolean] cancelable = false
debug ++ [String] type = timer
debug +++ [int] repeatCount = 0
debug +++ [int] currentCount = 2
debug +++ [Boolean] running = true
debug +++ [int] delay = 120000
debug +++ [int] repeatCount = 0
debug +++ [int] currentCount = 2
debug +++ [Boolean] running = true
debug +++ [int] delay = 120000
debug time 17:49:49.369 :: After HeartBeat Count=3 Result=5
debug time 17:51:50.110 :: Before HeartBeat Count=4 Time=Tue Jan 17 2012 17:51:50 GMT+0100 AccountId=29131007 Session=db444c4d-2ddb-41ff-8938-94c8ab5c7d9b
debug ++ [int] eventPhase = 2
debug ++ [Boolean] bubbles = false
debug ++ [Boolean] cancelable = false
debug ++ [String] type = timer
debug +++ [int] repeatCount = 0
debug +++ [int] currentCount = 3
debug +++ [Boolean] running = true
debug +++ [int] delay = 120000
debug +++ [int] repeatCount = 0
debug +++ [int] currentCount = 3
debug +++ [Boolean] running = true
debug +++ [int] delay = 120000
debug time 17:51:50.287 :: After HeartBeat Count=4 Result=5
debug time 17:53:50.144 :: Before HeartBeat Count=5 Time=Tue Jan 17 2012 17:53:50 GMT+0100 AccountId=29131007 Session=db444c4d-2ddb-41ff-8938-94c8ab5c7d9b
debug ++ [int] eventPhase = 2
debug ++ [Boolean] bubbles = false
debug ++ [Boolean] cancelable = false
debug ++ [String] type = timer
debug +++ [int] repeatCount = 0
debug +++ [int] currentCount = 4
debug +++ [Boolean] running = true
debug +++ [int] delay = 120000
debug +++ [int] repeatCount = 0
debug +++ [int] currentCount = 4
debug +++ [Boolean] running = true
debug +++ [int] delay = 120000
debug time 17:53:51.140 :: After HeartBeat Count=5 Result=5
debug time 17:55:50.144 :: Before HeartBeat Count=6 Time=Tue Jan 17 2012 17:55:50 GMT+0100 AccountId=29131007 Session=db444c4d-2ddb-41ff-8938-94c8ab5c7d9b
debug ++ [int] eventPhase = 2
debug ++ [Boolean] bubbles = false
debug ++ [Boolean] cancelable = false
debug ++ [String] type = timer
debug +++ [int] repeatCount = 0
debug +++ [int] currentCount = 5
debug +++ [Boolean] running = true
debug +++ [int] delay = 120000
debug +++ [int] repeatCount = 0
debug +++ [int] currentCount = 5
debug +++ [Boolean] running = true
debug +++ [int] delay = 120000
debug time 17:55:51.140 :: After HeartBeat Count=6 Result=5
debug time 17:57:50.144 :: Before HeartBeat Count=7 Time=Tue Jan 17 2012 17:57:50 GMT+0100 AccountId=29131007 Session=db444c4d-2ddb-41ff-8938-94c8ab5c7d9b
debug ++ [int] eventPhase = 2
debug ++ [Boolean] bubbles = false
debug ++ [Boolean] cancelable = false
debug ++ [String] type = timer
debug +++ [int] repeatCount = 0
debug +++ [int] currentCount = 6
debug +++ [Boolean] running = true
debug +++ [int] delay = 120000
debug +++ [int] repeatCount = 0
debug +++ [int] currentCount = 6
debug +++ [Boolean] running = true
debug +++ [int] delay = 120000
debug time 17:57:51.140 :: After HeartBeat Count=7 Result=5
debug time 17:59:51.144 :: Before HeartBeat Count=8 Time=Tue Jan 17 2012 17:59:51 GMT+0100 AccountId=29131007 Session=db444c4d-2ddb-41ff-8938-94c8ab5c7d9b
debug ++ [int] eventPhase = 2
debug ++ [Boolean] bubbles = false
debug ++ [Boolean] cancelable = false
debug ++ [String] type = timer
debug +++ [int] repeatCount = 0
debug +++ [int] currentCount = 7
debug +++ [Boolean] running = true
debug +++ [int] delay = 120000
debug +++ [int] repeatCount = 0
debug +++ [int] currentCount = 7
debug +++ [Boolean] running = true
debug +++ [int] delay = 120000
debug time 17:59:52.140 :: After HeartBeat Count=8 Result=5
debug time 18:01:52.144 :: Before HeartBeat Count=9 Time=Tue Jan 17 2012 18:01:52 GMT+0100 AccountId=29131007 Session=db444c4d-2ddb-41ff-8938-94c8ab5c7d9b
debug ++ [int] eventPhase = 2
debug ++ [Boolean] bubbles = false
debug ++ [Boolean] cancelable = false
debug ++ [String] type = timer
debug +++ [int] repeatCount = 0
debug +++ [int] currentCount = 8
debug +++ [Boolean] running = true
debug +++ [int] delay = 120000
debug +++ [int] repeatCount = 0
debug +++ [int] currentCount = 8
debug +++ [Boolean] running = true
debug +++ [int] delay = 120000
debug time 18:01:53.141 :: After HeartBeat Count=9 Result=5
debug time 18:03:52.164 :: Before HeartBeat Count=10 Time=Tue Jan 17 2012 18:03:52 GMT+0100 AccountId=29131007 Session=db444c4d-2ddb-41ff-8938-94c8ab5c7d9b
debug ++ [int] eventPhase = 2
debug ++ [Boolean] bubbles = false
debug ++ [Boolean] cancelable = false
debug ++ [String] type = timer
debug +++ [int] repeatCount = 0
debug +++ [int] currentCount = 9
debug +++ [Boolean] running = true
debug +++ [int] delay = 120000
debug +++ [int] repeatCount = 0
debug +++ [int] currentCount = 9
debug +++ [Boolean] running = true
debug +++ [int] delay = 120000
debug time 18:03:53.141 :: After HeartBeat Count=10 Result=5
debug time 18:05:53.143 :: Before HeartBeat Count=11 Time=Tue Jan 17 2012 18:05:53 GMT+0100 AccountId=29131007 Session=db444c4d-2ddb-41ff-8938-94c8ab5c7d9b
debug ++ [int] eventPhase = 2
debug ++ [Boolean] bubbles = false
debug ++ [Boolean] cancelable = false
debug ++ [String] type = timer
debug +++ [int] repeatCount = 0
debug +++ [int] currentCount = 10
debug +++ [Boolean] running = true
debug +++ [int] delay = 120000
debug +++ [int] repeatCount = 0
debug +++ [int] currentCount = 10
debug +++ [Boolean] running = true
debug +++ [int] delay = 120000
debug time 18:05:54.140 :: After HeartBeat Count=11 Result=5
debug time 18:07:53.148 :: Before HeartBeat Count=12 Time=Tue Jan 17 2012 18:07:53 GMT+0100 AccountId=29131007 Session=db444c4d-2ddb-41ff-8938-94c8ab5c7d9b
debug ++ [int] eventPhase = 2
debug ++ [Boolean] bubbles = false
debug ++ [Boolean] cancelable = false
debug ++ [String] type = timer
debug +++ [int] repeatCount = 0
debug +++ [int] currentCount = 11
debug +++ [Boolean] running = true
debug +++ [int] delay = 120000
debug +++ [int] repeatCount = 0
debug +++ [int] currentCount = 11
debug +++ [Boolean] running = true
debug +++ [int] delay = 120000
debug time 18:07:54.140 :: After HeartBeat Count=12 Result=5
debug time 18:09:54.143 :: Before HeartBeat Count=13 Time=Tue Jan 17 2012 18:09:54 GMT+0100 AccountId=29131007 Session=db444c4d-2ddb-41ff-8938-94c8ab5c7d9b
debug ++ [int] eventPhase = 2
debug ++ [Boolean] bubbles = false
debug ++ [Boolean] cancelable = false
debug ++ [String] type = timer
debug +++ [int] repeatCount = 0
debug +++ [int] currentCount = 12
debug +++ [Boolean] running = true
debug +++ [int] delay = 120000
debug +++ [int] repeatCount = 0
debug +++ [int] currentCount = 12
debug +++ [Boolean] running = true
debug +++ [int] delay = 120000
debug time 18:09:55.140 :: After HeartBeat Count=13 Result=5
debug time 18:11:54.143 :: Before HeartBeat Count=14 Time=Tue Jan 17 2012 18:11:54 GMT+0100 AccountId=29131007 Session=db444c4d-2ddb-41ff-8938-94c8ab5c7d9b
debug ++ [int] eventPhase = 2
debug ++ [Boolean] bubbles = false
debug ++ [Boolean] cancelable = false
debug ++ [String] type = timer
debug +++ [int] repeatCount = 0
debug +++ [int] currentCount = 13
debug +++ [Boolean] running = true
debug +++ [int] delay = 120000
debug +++ [int] repeatCount = 0
debug +++ [int] currentCount = 13
debug +++ [Boolean] running = true
debug +++ [int] delay = 120000
debug time 18:11:55.140 :: After HeartBeat Count=14 Result=5
debug time 18:13:54.143 :: Before HeartBeat Count=15 Time=Tue Jan 17 2012 18:13:54 GMT+0100 AccountId=29131007 Session=db444c4d-2ddb-41ff-8938-94c8ab5c7d9b
debug ++ [int] eventPhase = 2
debug ++ [Boolean] bubbles = false
debug ++ [Boolean] cancelable = false
debug ++ [String] type = timer
debug +++ [int] repeatCount = 0
debug +++ [int] currentCount = 14
debug +++ [Boolean] running = true
debug +++ [int] delay = 120000
debug +++ [int] repeatCount = 0
debug +++ [int] currentCount = 14
debug +++ [Boolean] running = true
debug +++ [int] delay = 120000
debug time 18:13:55.140 :: After HeartBeat Count=15 Result=5
debug time 18:15:54.143 :: Before HeartBeat Count=16 Time=Tue Jan 17 2012 18:15:54 GMT+0100 AccountId=29131007 Session=db444c4d-2ddb-41ff-8938-94c8ab5c7d9b
debug ++ [int] eventPhase = 2
debug ++ [Boolean] bubbles = false
debug ++ [Boolean] cancelable = false
debug ++ [String] type = timer
debug +++ [int] repeatCount = 0
debug +++ [int] currentCount = 15
debug +++ [Boolean] running = true
debug +++ [int] delay = 120000
debug +++ [int] repeatCount = 0
debug +++ [int] currentCount = 15
debug +++ [Boolean] running = true
debug +++ [int] delay = 120000
debug time 18:15:55.140 :: After HeartBeat Count=16 Result=5
debug time 18:17:54.145 :: Before HeartBeat Count=17 Time=Tue Jan 17 2012 18:17:54 GMT+0100 AccountId=29131007 Session=db444c4d-2ddb-41ff-8938-94c8ab5c7d9b
debug ++ [int] eventPhase = 2
debug ++ [Boolean] bubbles = false
debug ++ [Boolean] cancelable = false
debug ++ [String] type = timer
debug +++ [int] repeatCount = 0
debug +++ [int] currentCount = 16
debug +++ [Boolean] running = true
debug +++ [int] delay = 120000
debug +++ [int] repeatCount = 0
debug +++ [int] currentCount = 16
debug +++ [Boolean] running = true
debug +++ [int] delay = 120000
debug time 18:17:55.141 :: After HeartBeat Count=17 Result=5
debug time 18:19:54.144 :: Before HeartBeat Count=18 Time=Tue Jan 17 2012 18:19:54 GMT+0100 AccountId=29131007 Session=db444c4d-2ddb-41ff-8938-94c8ab5c7d9b
debug ++ [int] eventPhase = 2
debug ++ [Boolean] bubbles = false
debug ++ [Boolean] cancelable = false
debug ++ [String] type = timer
debug +++ [int] repeatCount = 0
debug +++ [int] currentCount = 17
debug +++ [Boolean] running = true
debug +++ [int] delay = 120000
debug +++ [int] repeatCount = 0
debug +++ [int] currentCount = 17
debug +++ [Boolean] running = true
debug +++ [int] delay = 120000
debug time 18:19:55.141 :: After HeartBeat Count=18 Result=5
debug time 18:21:54.143 :: Before HeartBeat Count=19 Time=Tue Jan 17 2012 18:21:54 GMT+0100 AccountId=29131007 Session=db444c4d-2ddb-41ff-8938-94c8ab5c7d9b
debug ++ [int] eventPhase = 2
debug ++ [Boolean] bubbles = false
debug ++ [Boolean] cancelable = false
debug ++ [String] type = timer
debug +++ [int] repeatCount = 0
debug +++ [int] currentCount = 18
debug +++ [Boolean] running = true
debug +++ [int] delay = 120000
debug +++ [int] repeatCount = 0
debug +++ [int] currentCount = 18
debug +++ [Boolean] running = true
debug +++ [int] delay = 120000
debug time 18:21:55.140 :: After HeartBeat Count=19 Result=5
debug time 18:23:54.164 :: Before HeartBeat Count=20 Time=Tue Jan 17 2012 18:23:54 GMT+0100 AccountId=29131007 Session=db444c4d-2ddb-41ff-8938-94c8ab5c7d9b
debug ++ [int] eventPhase = 2
debug ++ [Boolean] bubbles = false
debug ++ [Boolean] cancelable = false
debug ++ [String] type = timer
debug +++ [int] repeatCount = 0
debug +++ [int] currentCount = 19
debug +++ [Boolean] running = true
debug +++ [int] delay = 120000
debug +++ [int] repeatCount = 0
debug +++ [int] currentCount = 19
debug +++ [Boolean] running = true
debug +++ [int] delay = 120000
debug time 18:23:55.140 :: After HeartBeat Count=20 Result=5
debug time 18:24:10.222 :: Performing heartbeat at Tue Jan 17 2012 18:24:10 GMT+0100
debug time 18:25:54.169 :: Before HeartBeat Count=21 Time=Tue Jan 17 2012 18:25:54 GMT+0100 AccountId=29131007 Session=db444c4d-2ddb-41ff-8938-94c8ab5c7d9b
debug ++ [int] eventPhase = 2
debug ++ [Boolean] bubbles = false
debug ++ [Boolean] cancelable = false
debug ++ [String] type = timer
debug +++ [int] repeatCount = 0
debug +++ [int] currentCount = 20
debug +++ [Boolean] running = true
debug +++ [int] delay = 120000
debug +++ [int] repeatCount = 0
debug +++ [int] currentCount = 20
debug +++ [Boolean] running = true
debug +++ [int] delay = 120000
debug time 18:25:54.369 :: After HeartBeat Count=21 Result=5
debug time 18:27:54.617 :: Before HeartBeat Count=22 Time=Tue Jan 17 2012 18:27:54 GMT+0100 AccountId=29131007 Session=db444c4d-2ddb-41ff-8938-94c8ab5c7d9b
debug ++ [int] eventPhase = 2
debug ++ [Boolean] bubbles = false
debug ++ [Boolean] cancelable = false
debug ++ [String] type = timer
debug +++ [int] repeatCount = 0
debug +++ [int] currentCount = 21
debug +++ [Boolean] running = true
debug +++ [int] delay = 120000
debug +++ [int] repeatCount = 0
debug +++ [int] currentCount = 21
debug +++ [Boolean] running = true
debug +++ [int] delay = 120000
debug time 18:27:55.613 :: After HeartBeat Count=22 Result=5
debug time 18:29:54.618 :: Before HeartBeat Count=23 Time=Tue Jan 17 2012 18:29:54 GMT+0100 AccountId=29131007 Session=db444c4d-2ddb-41ff-8938-94c8ab5c7d9b
debug ++ [int] eventPhase = 2
debug ++ [Boolean] bubbles = false
debug ++ [Boolean] cancelable = false
debug ++ [String] type = timer
debug +++ [int] repeatCount = 0
debug +++ [int] currentCount = 22
debug +++ [Boolean] running = true
debug +++ [int] delay = 120000
debug +++ [int] repeatCount = 0
debug +++ [int] currentCount = 22
debug +++ [Boolean] running = true
debug +++ [int] delay = 120000
debug time 18:29:55.613 :: After HeartBeat Count=23 Result=5
debug time 18:31:55.618 :: Before HeartBeat Count=24 Time=Tue Jan 17 2012 18:31:55 GMT+0100 AccountId=29131007 Session=db444c4d-2ddb-41ff-8938-94c8ab5c7d9b
debug ++ [int] eventPhase = 2
debug ++ [Boolean] bubbles = false
debug ++ [Boolean] cancelable = false
debug ++ [String] type = timer
debug +++ [int] repeatCount = 0
debug +++ [int] currentCount = 23
debug +++ [Boolean] running = true
debug +++ [int] delay = 120000
debug +++ [int] repeatCount = 0
debug +++ [int] currentCount = 23
debug +++ [Boolean] running = true
debug +++ [int] delay = 120000
debug time 18:31:56.613 :: After HeartBeat Count=24 Result=5
debug time 18:33:56.618 :: Before HeartBeat Count=25 Time=Tue Jan 17 2012 18:33:56 GMT+0100 AccountId=29131007 Session=db444c4d-2ddb-41ff-8938-94c8ab5c7d9b
debug ++ [int] eventPhase = 2
debug ++ [Boolean] bubbles = false
debug ++ [Boolean] cancelable = false
debug ++ [String] type = timer
debug +++ [int] repeatCount = 0
debug +++ [int] currentCount = 24
debug +++ [Boolean] running = true
debug +++ [int] delay = 120000
debug +++ [int] repeatCount = 0
debug +++ [int] currentCount = 24
debug +++ [Boolean] running = true
debug +++ [int] delay = 120000
debug time 18:33:57.613 :: After HeartBeat Count=25 Result=5
debug time 18:35:56.619 :: Before HeartBeat Count=26 Time=Tue Jan 17 2012 18:35:56 GMT+0100 AccountId=29131007 Session=db444c4d-2ddb-41ff-8938-94c8ab5c7d9b
debug ++ [int] eventPhase = 2
debug ++ [Boolean] bubbles = false
debug ++ [Boolean] cancelable = false
debug ++ [String] type = timer
debug +++ [int] repeatCount = 0
debug +++ [int] currentCount = 25
debug +++ [Boolean] running = true
debug +++ [int] delay = 120000
debug +++ [int] repeatCount = 0
debug +++ [int] currentCount = 25
debug +++ [Boolean] running = true
debug +++ [int] delay = 120000
debug time 18:35:57.614 :: After HeartBeat Count=26 Result=5
debug time 18:37:57.617 :: Before HeartBeat Count=27 Time=Tue Jan 17 2012 18:37:57 GMT+0100 AccountId=29131007 Session=db444c4d-2ddb-41ff-8938-94c8ab5c7d9b
debug ++ [int] eventPhase = 2
debug ++ [Boolean] bubbles = false
debug ++ [Boolean] cancelable = false
debug ++ [String] type = timer
debug +++ [int] repeatCount = 0
debug +++ [int] currentCount = 26
debug +++ [Boolean] running = true
debug +++ [int] delay = 120000
debug +++ [int] repeatCount = 0
debug +++ [int] currentCount = 26
debug +++ [Boolean] running = true
debug +++ [int] delay = 120000
debug time 18:37:58.614 :: After HeartBeat Count=27 Result=5
debug time 18:39:57.617 :: Before HeartBeat Count=28 Time=Tue Jan 17 2012 18:39:57 GMT+0100 AccountId=29131007 Session=db444c4d-2ddb-41ff-8938-94c8ab5c7d9b
debug ++ [int] eventPhase = 2
debug ++ [Boolean] bubbles = false
debug ++ [Boolean] cancelable = false
debug ++ [String] type = timer
debug +++ [int] repeatCount = 0
debug +++ [int] currentCount = 27
debug +++ [Boolean] running = true
debug +++ [int] delay = 120000
debug +++ [int] repeatCount = 0
debug +++ [int] currentCount = 27
debug +++ [Boolean] running = true
debug +++ [int] delay = 120000
debug time 18:39:58.613 :: After HeartBeat Count=28 Result=5
debug time 18:41:57.617 :: Before HeartBeat Count=29 Time=Tue Jan 17 2012 18:41:57 GMT+0100 AccountId=29131007 Session=db444c4d-2ddb-41ff-8938-94c8ab5c7d9b
debug ++ [int] eventPhase = 2
debug ++ [Boolean] bubbles = false
debug ++ [Boolean] cancelable = false
debug ++ [String] type = timer
debug +++ [int] repeatCount = 0
debug +++ [int] currentCount = 28
debug +++ [Boolean] running = true
debug +++ [int] delay = 120000
debug +++ [int] repeatCount = 0
debug +++ [int] currentCount = 28
debug +++ [Boolean] running = true
debug +++ [int] delay = 120000
debug time 18:41:58.613 :: After HeartBeat Count=29 Result=5
debug time 18:43:57.617 :: Before HeartBeat Count=30 Time=Tue Jan 17 2012 18:43:57 GMT+0100 AccountId=29131007 Session=db444c4d-2ddb-41ff-8938-94c8ab5c7d9b
debug ++ [int] eventPhase = 2
debug ++ [Boolean] bubbles = false
debug ++ [Boolean] cancelable = false
debug ++ [String] type = timer
debug +++ [int] repeatCount = 0
debug +++ [int] currentCount = 29
debug +++ [Boolean] running = true
debug +++ [int] delay = 120000
debug +++ [int] repeatCount = 0
debug +++ [int] currentCount = 29
debug +++ [Boolean] running = true
debug +++ [int] delay = 120000
debug time 18:43:58.613 :: After HeartBeat Count=30 Result=5
debug time 18:45:57.623 :: Before HeartBeat Count=31 Time=Tue Jan 17 2012 18:45:57 GMT+0100 AccountId=29131007 Session=db444c4d-2ddb-41ff-8938-94c8ab5c7d9b
debug ++ [int] eventPhase = 2
debug ++ [Boolean] bubbles = false
debug ++ [Boolean] cancelable = false
debug ++ [String] type = timer
debug +++ [int] repeatCount = 0
debug +++ [int] currentCount = 30
debug +++ [Boolean] running = true
debug +++ [int] delay = 120000
debug +++ [int] repeatCount = 0
debug +++ [int] currentCount = 30
debug +++ [Boolean] running = true
debug +++ [int] delay = 120000
debug time 18:45:58.613 :: After HeartBeat Count=31 Result=5
debug time 18:47:58.616 :: Before HeartBeat Count=32 Time=Tue Jan 17 2012 18:47:58 GMT+0100 AccountId=29131007 Session=db444c4d-2ddb-41ff-8938-94c8ab5c7d9b
debug ++ [int] eventPhase = 2
debug ++ [Boolean] bubbles = false
debug ++ [Boolean] cancelable = false
debug ++ [String] type = timer
debug +++ [int] repeatCount = 0
debug +++ [int] currentCount = 31
debug +++ [Boolean] running = true
debug +++ [int] delay = 120000
debug +++ [int] repeatCount = 0
debug +++ [int] currentCount = 31
debug +++ [Boolean] running = true
debug +++ [int] delay = 120000
debug time 18:47:59.613 :: After HeartBeat Count=32 Result=5
debug time 18:49:58.642 :: Before HeartBeat Count=33 Time=Tue Jan 17 2012 18:49:58 GMT+0100 AccountId=29131007 Session=db444c4d-2ddb-41ff-8938-94c8ab5c7d9b
debug ++ [int] eventPhase = 2
debug ++ [Boolean] bubbles = false
debug ++ [Boolean] cancelable = false
debug ++ [String] type = timer
debug +++ [int] repeatCount = 0
debug +++ [int] currentCount = 32
debug +++ [Boolean] running = true
debug +++ [int] delay = 120000
debug +++ [int] repeatCount = 0
debug +++ [int] currentCount = 32
debug +++ [Boolean] running = true
debug +++ [int] delay = 120000
debug time 18:49:59.618 :: After HeartBeat Count=33 Result=5
debug time 18:51:59.618 :: Before HeartBeat Count=34 Time=Tue Jan 17 2012 18:51:59 GMT+0100 AccountId=29131007 Session=db444c4d-2ddb-41ff-8938-94c8ab5c7d9b
debug ++ [int] eventPhase = 2
debug ++ [Boolean] bubbles = false
debug ++ [Boolean] cancelable = false
debug ++ [String] type = timer
debug +++ [int] repeatCount = 0
debug +++ [int] currentCount = 33
debug +++ [Boolean] running = true
debug +++ [int] delay = 120000
debug +++ [int] repeatCount = 0
debug +++ [int] currentCount = 33
debug +++ [Boolean] running = true
debug +++ [int] delay = 120000
debug time 18:52:00.614 :: After HeartBeat Count=34 Result=5
debug time 18:53:59.643 :: Before HeartBeat Count=35 Time=Tue Jan 17 2012 18:53:59 GMT+0100 AccountId=29131007 Session=db444c4d-2ddb-41ff-8938-94c8ab5c7d9b
debug ++ [int] eventPhase = 2
debug ++ [Boolean] bubbles = false
debug ++ [Boolean] cancelable = false
debug ++ [String] type = timer
debug +++ [int] repeatCount = 0
debug +++ [int] currentCount = 34
debug +++ [Boolean] running = true
debug +++ [int] delay = 120000
debug +++ [int] repeatCount = 0
debug +++ [int] currentCount = 34
debug +++ [Boolean] running = true
debug +++ [int] delay = 120000
debug time 18:54:00.614 :: After HeartBeat Count=35 Result=5
debug time 18:56:00.616 :: Before HeartBeat Count=36 Time=Tue Jan 17 2012 18:56:00 GMT+0100 AccountId=29131007 Session=db444c4d-2ddb-41ff-8938-94c8ab5c7d9b
debug ++ [int] eventPhase = 2
debug ++ [Boolean] bubbles = false
debug ++ [Boolean] cancelable = false
debug ++ [String] type = timer
debug +++ [int] repeatCount = 0
debug +++ [int] currentCount = 35
debug +++ [Boolean] running = true
debug +++ [int] delay = 120000
debug +++ [int] repeatCount = 0
debug +++ [int] currentCount = 35
debug +++ [Boolean] running = true
debug +++ [int] delay = 120000
debug time 18:56:01.613 :: After HeartBeat Count=36 Result=5
debug time 18:58:00.642 :: Before HeartBeat Count=37 Time=Tue Jan 17 2012 18:58:00 GMT+0100 AccountId=29131007 Session=db444c4d-2ddb-41ff-8938-94c8ab5c7d9b
debug ++ [int] eventPhase = 2
debug ++ [Boolean] bubbles = false
debug ++ [Boolean] cancelable = false
debug ++ [String] type = timer
debug +++ [int] repeatCount = 0
debug +++ [int] currentCount = 36
debug +++ [Boolean] running = true
debug +++ [int] delay = 120000
debug +++ [int] repeatCount = 0
debug +++ [int] currentCount = 36
debug +++ [Boolean] running = true
debug +++ [int] delay = 120000
debug time 18:58:01.618 :: After HeartBeat Count=37 Result=5
debug time 19:00:01.617 :: Before HeartBeat Count=38 Time=Tue Jan 17 2012 19:00:01 GMT+0100 AccountId=29131007 Session=db444c4d-2ddb-41ff-8938-94c8ab5c7d9b
debug ++ [int] eventPhase = 2
debug ++ [Boolean] bubbles = false
debug ++ [Boolean] cancelable = false
debug ++ [String] type = timer
debug +++ [int] repeatCount = 0
debug +++ [int] currentCount = 37
debug +++ [Boolean] running = true
debug +++ [int] delay = 120000
debug +++ [int] repeatCount = 0
debug +++ [int] currentCount = 37
debug +++ [Boolean] running = true
debug +++ [int] delay = 120000
debug time 19:00:02.613 :: After HeartBeat Count=38 Result=5
debug time 19:02:01.643 :: Before HeartBeat Count=39 Time=Tue Jan 17 2012 19:02:01 GMT+0100 AccountId=29131007 Session=db444c4d-2ddb-41ff-8938-94c8ab5c7d9b
debug ++ [int] eventPhase = 2
debug ++ [Boolean] bubbles = false
debug ++ [Boolean] cancelable = false
debug ++ [String] type = timer
debug +++ [int] repeatCount = 0
debug +++ [int] currentCount = 38
debug +++ [Boolean] running = true
debug +++ [int] delay = 120000
debug +++ [int] repeatCount = 0
debug +++ [int] currentCount = 38
debug +++ [Boolean] running = true
debug +++ [int] delay = 120000
debug time 19:02:02.613 :: After HeartBeat Count=39 Result=5
debug time 19:02:08.262 :: Performing heartbeat at Tue Jan 17 2012 19:02:08 GMT+0100
debug time 19:04:01.652 :: Before HeartBeat Count=40 Time=Tue Jan 17 2012 19:04:01 GMT+0100 AccountId=29131007 Session=db444c4d-2ddb-41ff-8938-94c8ab5c7d9b
debug ++ [int] eventPhase = 2
debug ++ [Boolean] bubbles = false
debug ++ [Boolean] cancelable = false
debug ++ [String] type = timer
debug +++ [int] repeatCount = 0
debug +++ [int] currentCount = 39
debug +++ [Boolean] running = true
debug +++ [int] delay = 120000
debug +++ [int] repeatCount = 0
debug +++ [int] currentCount = 39
debug +++ [Boolean] running = true
debug +++ [int] delay = 120000
debug time 19:04:01.826 :: After HeartBeat Count=40 Result=5
debug time 19:06:02.641 :: Before HeartBeat Count=41 Time=Tue Jan 17 2012 19:06:02 GMT+0100 AccountId=29131007 Session=db444c4d-2ddb-41ff-8938-94c8ab5c7d9b
debug ++ [int] eventPhase = 2
debug ++ [Boolean] bubbles = false
debug ++ [Boolean] cancelable = false
debug ++ [String] type = timer
debug +++ [int] repeatCount = 0
debug +++ [int] currentCount = 40
debug +++ [Boolean] running = true
debug +++ [int] delay = 120000
debug +++ [int] repeatCount = 0
debug +++ [int] currentCount = 40
debug +++ [Boolean] running = true
debug +++ [int] delay = 120000
debug time 19:06:03.631 :: After HeartBeat Count=41 Result=5
debug time 19:08:03.634 :: Before HeartBeat Count=42 Time=Tue Jan 17 2012 19:08:03 GMT+0100 AccountId=29131007 Session=db444c4d-2ddb-41ff-8938-94c8ab5c7d9b
debug ++ [int] eventPhase = 2
debug ++ [Boolean] bubbles = false
debug ++ [Boolean] cancelable = false
debug ++ [String] type = timer
debug +++ [int] repeatCount = 0
debug +++ [int] currentCount = 41
debug +++ [Boolean] running = true
debug +++ [int] delay = 120000
debug +++ [int] repeatCount = 0
debug +++ [int] currentCount = 41
debug +++ [Boolean] running = true
debug +++ [int] delay = 120000
debug time 19:08:04.631 :: After HeartBeat Count=42 Result=5
debug time 19:10:03.636 :: Before HeartBeat Count=43 Time=Tue Jan 17 2012 19:10:03 GMT+0100 AccountId=29131007 Session=db444c4d-2ddb-41ff-8938-94c8ab5c7d9b
debug ++ [int] eventPhase = 2
debug ++ [Boolean] bubbles = false
debug ++ [Boolean] cancelable = false
debug ++ [String] type = timer
debug +++ [int] repeatCount = 0
debug +++ [int] currentCount = 42
debug +++ [Boolean] running = true
debug +++ [int] delay = 120000
debug +++ [int] repeatCount = 0
debug +++ [int] currentCount = 42
debug +++ [Boolean] running = true
debug +++ [int] delay = 120000
debug time 19:10:04.632 :: After HeartBeat Count=43 Result=5
debug time 19:12:03.635 :: Before HeartBeat Count=44 Time=Tue Jan 17 2012 19:12:03 GMT+0100 AccountId=29131007 Session=db444c4d-2ddb-41ff-8938-94c8ab5c7d9b
debug ++ [int] eventPhase = 2
debug ++ [Boolean] bubbles = false
debug ++ [Boolean] cancelable = false
debug ++ [String] type = timer
debug +++ [int] repeatCount = 0
debug +++ [int] currentCount = 43
debug +++ [Boolean] running = true
debug +++ [int] delay = 120000
debug +++ [int] repeatCount = 0
debug +++ [int] currentCount = 43
debug +++ [Boolean] running = true
debug +++ [int] delay = 120000
debug time 19:12:04.632 :: After HeartBeat Count=44 Result=5
debug time 19:14:03.638 :: Before HeartBeat Count=45 Time=Tue Jan 17 2012 19:14:03 GMT+0100 AccountId=29131007 Session=db444c4d-2ddb-41ff-8938-94c8ab5c7d9b
debug ++ [int] eventPhase = 2
debug ++ [Boolean] bubbles = false
debug ++ [Boolean] cancelable = false
debug ++ [String] type = timer
debug +++ [int] repeatCount = 0
debug +++ [int] currentCount = 44
debug +++ [Boolean] running = true
debug +++ [int] delay = 120000
debug +++ [int] repeatCount = 0
debug +++ [int] currentCount = 44
debug +++ [Boolean] running = true
debug +++ [int] delay = 120000
debug time 19:14:04.631 :: After HeartBeat Count=45 Result=5
debug time 19:16:04.635 :: Before HeartBeat Count=46 Time=Tue Jan 17 2012 19:16:04 GMT+0100 AccountId=29131007 Session=db444c4d-2ddb-41ff-8938-94c8ab5c7d9b
debug ++ [int] eventPhase = 2
debug ++ [Boolean] bubbles = false
debug ++ [Boolean] cancelable = false
debug ++ [String] type = timer
debug +++ [int] repeatCount = 0
debug +++ [int] currentCount = 45
debug +++ [Boolean] running = true
debug +++ [int] delay = 120000
debug +++ [int] repeatCount = 0
debug +++ [int] currentCount = 45
debug +++ [Boolean] running = true
debug +++ [int] delay = 120000
debug time 19:16:05.631 :: After HeartBeat Count=46 Result=5
debug time 19:18:04.635 :: Before HeartBeat Count=47 Time=Tue Jan 17 2012 19:18:04 GMT+0100 AccountId=29131007 Session=db444c4d-2ddb-41ff-8938-94c8ab5c7d9b
debug ++ [int] eventPhase = 2
debug ++ [Boolean] bubbles = false
debug ++ [Boolean] cancelable = false
debug ++ [String] type = timer
debug +++ [int] repeatCount = 0
debug +++ [int] currentCount = 46
debug +++ [Boolean] running = true
debug +++ [int] delay = 120000
debug +++ [int] repeatCount = 0
debug +++ [int] currentCount = 46
debug +++ [Boolean] running = true
debug +++ [int] delay = 120000
debug time 19:18:05.631 :: After HeartBeat Count=47 Result=5
debug time 19:20:04.635 :: Before HeartBeat Count=48 Time=Tue Jan 17 2012 19:20:04 GMT+0100 AccountId=29131007 Session=db444c4d-2ddb-41ff-8938-94c8ab5c7d9b
debug ++ [int] eventPhase = 2
debug ++ [Boolean] bubbles = false
debug ++ [Boolean] cancelable = false
debug ++ [String] type = timer
debug +++ [int] repeatCount = 0
debug +++ [int] currentCount = 47
debug +++ [Boolean] running = true
debug +++ [int] delay = 120000
debug +++ [int] repeatCount = 0
debug +++ [int] currentCount = 47
debug +++ [Boolean] running = true
debug +++ [int] delay = 120000
debug time 19:20:05.631 :: After HeartBeat Count=48 Result=5
debug time 19:22:04.636 :: Before HeartBeat Count=49 Time=Tue Jan 17 2012 19:22:04 GMT+0100 AccountId=29131007 Session=db444c4d-2ddb-41ff-8938-94c8ab5c7d9b
debug ++ [int] eventPhase = 2
debug ++ [Boolean] bubbles = false
debug ++ [Boolean] cancelable = false
debug ++ [String] type = timer
debug +++ [int] repeatCount = 0
debug +++ [int] currentCount = 48
debug +++ [Boolean] running = true
debug +++ [int] delay = 120000
debug +++ [int] repeatCount = 0
debug +++ [int] currentCount = 48
debug +++ [Boolean] running = true
debug +++ [int] delay = 120000
debug time 19:22:05.631 :: After HeartBeat Count=49 Result=5
debug time 19:24:05.638 :: Before HeartBeat Count=50 Time=Tue Jan 17 2012 19:24:05 GMT+0100 AccountId=29131007 Session=db444c4d-2ddb-41ff-8938-94c8ab5c7d9b
debug ++ [int] eventPhase = 2
debug ++ [Boolean] bubbles = false
debug ++ [Boolean] cancelable = false
debug ++ [String] type = timer
debug +++ [int] repeatCount = 0
debug +++ [int] currentCount = 49
debug +++ [Boolean] running = true
debug +++ [int] delay = 120000
debug +++ [int] repeatCount = 0
debug +++ [int] currentCount = 49
debug +++ [Boolean] running = true
debug +++ [int] delay = 120000
debug time 19:24:06.631 :: After HeartBeat Count=50 Result=5
debug time 19:26:06.640 :: Before HeartBeat Count=51 Time=Tue Jan 17 2012 19:26:06 GMT+0100 AccountId=29131007 Session=db444c4d-2ddb-41ff-8938-94c8ab5c7d9b
debug ++ [int] eventPhase = 2
debug ++ [Boolean] bubbles = false
debug ++ [Boolean] cancelable = false
debug ++ [String] type = timer
debug +++ [int] repeatCount = 0
debug +++ [int] currentCount = 50
debug +++ [Boolean] running = true
debug +++ [int] delay = 120000
debug +++ [int] repeatCount = 0
debug +++ [int] currentCount = 50
debug +++ [Boolean] running = true
debug +++ [int] delay = 120000
debug time 19:26:07.631 :: After HeartBeat Count=51 Result=5
debug time 19:28:07.635 :: Before HeartBeat Count=52 Time=Tue Jan 17 2012 19:28:07 GMT+0100 AccountId=29131007 Session=db444c4d-2ddb-41ff-8938-94c8ab5c7d9b
debug ++ [int] eventPhase = 2
debug ++ [Boolean] bubbles = false
debug ++ [Boolean] cancelable = false
debug ++ [String] type = timer
debug +++ [int] repeatCount = 0
debug +++ [int] currentCount = 51
debug +++ [Boolean] running = true
debug +++ [int] delay = 120000
debug +++ [int] repeatCount = 0
debug +++ [int] currentCount = 51
debug +++ [Boolean] running = true
debug +++ [int] delay = 120000
debug time 19:28:08.632 :: After HeartBeat Count=52 Result=5
debug time 19:30:07.638 :: Before HeartBeat Count=53 Time=Tue Jan 17 2012 19:30:07 GMT+0100 AccountId=29131007 Session=db444c4d-2ddb-41ff-8938-94c8ab5c7d9b
debug ++ [int] eventPhase = 2
debug ++ [Boolean] bubbles = false
debug ++ [Boolean] cancelable = false
debug ++ [String] type = timer
debug +++ [int] repeatCount = 0
debug +++ [int] currentCount = 52
debug +++ [Boolean] running = true
debug +++ [int] delay = 120000
debug +++ [int] repeatCount = 0
debug +++ [int] currentCount = 52
debug +++ [Boolean] running = true
debug +++ [int] delay = 120000
debug time 19:30:08.632 :: After HeartBeat Count=53 Result=5
debug time 19:32:08.635 :: Before HeartBeat Count=54 Time=Tue Jan 17 2012 19:32:08 GMT+0100 AccountId=29131007 Session=db444c4d-2ddb-41ff-8938-94c8ab5c7d9b
debug ++ [int] eventPhase = 2
debug ++ [Boolean] bubbles = false
debug ++ [Boolean] cancelable = false
debug ++ [String] type = timer
debug +++ [int] repeatCount = 0
debug +++ [int] currentCount = 53
debug +++ [Boolean] running = true
debug +++ [int] delay = 120000
debug +++ [int] repeatCount = 0
debug +++ [int] currentCount = 53
debug +++ [Boolean] running = true
debug +++ [int] delay = 120000
debug time 19:32:09.631 :: After HeartBeat Count=54 Result=5
debug time 19:34:08.635 :: Before HeartBeat Count=55 Time=Tue Jan 17 2012 19:34:08 GMT+0100 AccountId=29131007 Session=db444c4d-2ddb-41ff-8938-94c8ab5c7d9b
debug ++ [int] eventPhase = 2
debug ++ [Boolean] bubbles = false
debug ++ [Boolean] cancelable = false
debug ++ [String] type = timer
debug +++ [int] repeatCount = 0
debug +++ [int] currentCount = 54
debug +++ [Boolean] running = true
debug +++ [int] delay = 120000
debug +++ [int] repeatCount = 0
debug +++ [int] currentCount = 54
debug +++ [Boolean] running = true
debug +++ [int] delay = 120000
debug time 19:34:09.631 :: After HeartBeat Count=55 Result=5
debug time 19:36:08.636 :: Before HeartBeat Count=56 Time=Tue Jan 17 2012 19:36:08 GMT+0100 AccountId=29131007 Session=db444c4d-2ddb-41ff-8938-94c8ab5c7d9b
debug ++ [int] eventPhase = 2
debug ++ [Boolean] bubbles = false
debug ++ [Boolean] cancelable = false
debug ++ [String] type = timer
debug +++ [int] repeatCount = 0
debug +++ [int] currentCount = 55
debug +++ [Boolean] running = true
debug +++ [int] delay = 120000
debug +++ [int] repeatCount = 0
debug +++ [int] currentCount = 55
debug +++ [Boolean] running = true
debug +++ [int] delay = 120000
debug time 19:36:09.631 :: After HeartBeat Count=56 Result=5
debug time 19:38:09.635 :: Before HeartBeat Count=57 Time=Tue Jan 17 2012 19:38:09 GMT+0100 AccountId=29131007 Session=db444c4d-2ddb-41ff-8938-94c8ab5c7d9b
debug ++ [int] eventPhase = 2
debug ++ [Boolean] bubbles = false
debug ++ [Boolean] cancelable = false
debug ++ [String] type = timer
debug +++ [int] repeatCount = 0
debug +++ [int] currentCount = 56
debug +++ [Boolean] running = true
debug +++ [int] delay = 120000
debug +++ [int] repeatCount = 0
debug +++ [int] currentCount = 56
debug +++ [Boolean] running = true
debug +++ [int] delay = 120000
debug time 19:38:10.631 :: After HeartBeat Count=57 Result=5
debug time 19:40:09.635 :: Before HeartBeat Count=58 Time=Tue Jan 17 2012 19:40:09 GMT+0100 AccountId=29131007 Session=db444c4d-2ddb-41ff-8938-94c8ab5c7d9b
debug ++ [int] eventPhase = 2
debug ++ [Boolean] bubbles = false
debug ++ [Boolean] cancelable = false
debug ++ [String] type = timer
debug +++ [int] repeatCount = 0
debug +++ [int] currentCount = 57
debug +++ [Boolean] running = true
debug +++ [int] delay = 120000
debug +++ [int] repeatCount = 0
debug +++ [int] currentCount = 57
debug +++ [Boolean] running = true
debug +++ [int] delay = 120000
debug time 19:40:10.631 :: After HeartBeat Count=58 Result=5
debug time 19:42:10.635 :: Before HeartBeat Count=59 Time=Tue Jan 17 2012 19:42:10 GMT+0100 AccountId=29131007 Session=db444c4d-2ddb-41ff-8938-94c8ab5c7d9b
debug ++ [int] eventPhase = 2
debug ++ [Boolean] bubbles = false
debug ++ [Boolean] cancelable = false
debug ++ [String] type = timer
debug +++ [int] repeatCount = 0
debug +++ [int] currentCount = 58
debug +++ [Boolean] running = true
debug +++ [int] delay = 120000
debug +++ [int] repeatCount = 0
debug +++ [int] currentCount = 58
debug +++ [Boolean] running = true
debug +++ [int] delay = 120000
debug time 19:42:11.631 :: After HeartBeat Count=59 Result=5
debug time 19:44:10.661 :: Before HeartBeat Count=60 Time=Tue Jan 17 2012 19:44:10 GMT+0100 AccountId=29131007 Session=db444c4d-2ddb-41ff-8938-94c8ab5c7d9b
debug ++ [int] eventPhase = 2
debug ++ [Boolean] bubbles = false
debug ++ [Boolean] cancelable = false
debug ++ [String] type = timer
debug +++ [int] repeatCount = 0
debug +++ [int] currentCount = 59
debug +++ [Boolean] running = true
debug +++ [int] delay = 120000
debug +++ [int] repeatCount = 0
debug +++ [int] currentCount = 59
debug +++ [Boolean] running = true
debug +++ [int] delay = 120000
debug time 19:44:11.631 :: After HeartBeat Count=60 Result=5
debug time 19:46:11.635 :: Before HeartBeat Count=61 Time=Tue Jan 17 2012 19:46:11 GMT+0100 AccountId=29131007 Session=db444c4d-2ddb-41ff-8938-94c8ab5c7d9b
debug ++ [int] eventPhase = 2
debug ++ [Boolean] bubbles = false
debug ++ [Boolean] cancelable = false
debug ++ [String] type = timer
debug +++ [int] repeatCount = 0
debug +++ [int] currentCount = 60
debug +++ [Boolean] running = true
debug +++ [int] delay = 120000
debug +++ [int] repeatCount = 0
debug +++ [int] currentCount = 60
debug +++ [Boolean] running = true
debug +++ [int] delay = 120000
debug time 19:46:12.632 :: After HeartBeat Count=61 Result=5
debug time 19:48:11.656 :: Before HeartBeat Count=62 Time=Tue Jan 17 2012 19:48:11 GMT+0100 AccountId=29131007 Session=db444c4d-2ddb-41ff-8938-94c8ab5c7d9b
debug ++ [int] eventPhase = 2
debug ++ [Boolean] bubbles = false
debug ++ [Boolean] cancelable = false
debug ++ [String] type = timer
debug +++ [int] repeatCount = 0
debug +++ [int] currentCount = 61
debug +++ [Boolean] running = true
debug +++ [int] delay = 120000
debug +++ [int] repeatCount = 0
debug +++ [int] currentCount = 61
debug +++ [Boolean] running = true
debug +++ [int] delay = 120000
debug time 19:48:12.632 :: After HeartBeat Count=62 Result=5
debug time 19:50:12.636 :: Before HeartBeat Count=63 Time=Tue Jan 17 2012 19:50:12 GMT+0100 AccountId=29131007 Session=db444c4d-2ddb-41ff-8938-94c8ab5c7d9b
debug ++ [int] eventPhase = 2
debug ++ [Boolean] bubbles = false
debug ++ [Boolean] cancelable = false
debug ++ [String] type = timer
debug +++ [int] repeatCount = 0
debug +++ [int] currentCount = 62
debug +++ [Boolean] running = true
debug +++ [int] delay = 120000
debug +++ [int] repeatCount = 0
debug +++ [int] currentCount = 62
debug +++ [Boolean] running = true
debug +++ [int] delay = 120000
debug time 19:50:13.631 :: After HeartBeat Count=63 Result=5
debug time 19:52:12.661 :: Before HeartBeat Count=64 Time=Tue Jan 17 2012 19:52:12 GMT+0100 AccountId=29131007 Session=db444c4d-2ddb-41ff-8938-94c8ab5c7d9b
debug ++ [int] eventPhase = 2
debug ++ [Boolean] bubbles = false
debug ++ [Boolean] cancelable = false
debug ++ [String] type = timer
debug +++ [int] repeatCount = 0
debug +++ [int] currentCount = 63
debug +++ [Boolean] running = true
debug +++ [int] delay = 120000
debug +++ [int] repeatCount = 0
debug +++ [int] currentCount = 63
debug +++ [Boolean] running = true
debug +++ [int] delay = 120000
debug time 19:52:13.631 :: After HeartBeat Count=64 Result=5
debug time 19:54:13.634 :: Before HeartBeat Count=65 Time=Tue Jan 17 2012 19:54:13 GMT+0100 AccountId=29131007 Session=db444c4d-2ddb-41ff-8938-94c8ab5c7d9b
debug ++ [int] eventPhase = 2
debug ++ [Boolean] bubbles = false
debug ++ [Boolean] cancelable = false
debug ++ [String] type = timer
debug +++ [int] repeatCount = 0
debug +++ [int] currentCount = 64
debug +++ [Boolean] running = true
debug +++ [int] delay = 120000
debug +++ [int] repeatCount = 0
debug +++ [int] currentCount = 64
debug +++ [Boolean] running = true
debug +++ [int] delay = 120000
debug time 19:54:14.631 :: After HeartBeat Count=65 Result=5
debug time 19:55:14.700 :: Performing heartbeat at Tue Jan 17 2012 19:55:14 GMT+0100
