debug time 18:36:31.473 :: Before HeartBeat Count=1 Time=Wed Sep 28 2011 18:36:31 GMT+0200 AccountId=28699575 Session=12541bfd-a159-412a-987e-7356887f4f4a
STOP LOGGING: More than 0 nested objects or properties. 
debug time 18:36:32.367 :: After HeartBeat Count=1 Result=5
debug time 18:39:31.480 :: Before HeartBeat Count=2 Time=Wed Sep 28 2011 18:39:31 GMT+0200 AccountId=28699575 Session=12541bfd-a159-412a-987e-7356887f4f4a
debug ++ [int] eventPhase = 2
debug ++ [Boolean] bubbles = false
debug ++ [Boolean] cancelable = false
debug ++ [String] type = timer
debug +++ [int] repeatCount = 0
debug +++ [int] currentCount = 1
debug +++ [Boolean] running = true
debug +++ [int] delay = 180000
debug +++ [int] repeatCount = 0
debug +++ [int] currentCount = 1
debug +++ [Boolean] running = true
debug +++ [int] delay = 180000
debug time 18:39:31.681 :: After HeartBeat Count=2 Result=5
debug time 18:42:31.721 :: Before HeartBeat Count=3 Time=Wed Sep 28 2011 18:42:31 GMT+0200 AccountId=28699575 Session=12541bfd-a159-412a-987e-7356887f4f4a
debug ++ [int] eventPhase = 2
debug ++ [Boolean] bubbles = false
debug ++ [Boolean] cancelable = false
debug ++ [String] type = timer
debug +++ [int] repeatCount = 0
debug +++ [int] currentCount = 2
debug +++ [Boolean] running = true
debug +++ [int] delay = 180000
debug +++ [int] repeatCount = 0
debug +++ [int] currentCount = 2
debug +++ [Boolean] running = true
debug +++ [int] delay = 180000
debug time 18:42:31.895 :: After HeartBeat Count=3 Result=5
debug time 18:45:32.719 :: Before HeartBeat Count=4 Time=Wed Sep 28 2011 18:45:32 GMT+0200 AccountId=28699575 Session=12541bfd-a159-412a-987e-7356887f4f4a
debug ++ [int] eventPhase = 2
debug ++ [Boolean] bubbles = false
debug ++ [Boolean] cancelable = false
debug ++ [String] type = timer
debug +++ [int] repeatCount = 0
debug +++ [int] currentCount = 3
debug +++ [Boolean] running = true
debug +++ [int] delay = 180000
debug +++ [int] repeatCount = 0
debug +++ [int] currentCount = 3
debug +++ [Boolean] running = true
debug +++ [int] delay = 180000
debug time 18:45:32.892 :: After HeartBeat Count=4 Result=5
debug time 18:48:32.720 :: Before HeartBeat Count=5 Time=Wed Sep 28 2011 18:48:32 GMT+0200 AccountId=28699575 Session=12541bfd-a159-412a-987e-7356887f4f4a
debug ++ [int] eventPhase = 2
debug ++ [Boolean] bubbles = false
debug ++ [Boolean] cancelable = false
debug ++ [String] type = timer
debug +++ [int] repeatCount = 0
debug +++ [int] currentCount = 4
debug +++ [Boolean] running = true
debug +++ [int] delay = 180000
debug +++ [int] repeatCount = 0
debug +++ [int] currentCount = 4
debug +++ [Boolean] running = true
debug +++ [int] delay = 180000
debug time 18:48:32.893 :: After HeartBeat Count=5 Result=5
debug time 18:51:33.718 :: Before HeartBeat Count=6 Time=Wed Sep 28 2011 18:51:33 GMT+0200 AccountId=28699575 Session=12541bfd-a159-412a-987e-7356887f4f4a
debug ++ [int] eventPhase = 2
debug ++ [Boolean] bubbles = false
debug ++ [Boolean] cancelable = false
debug ++ [String] type = timer
debug +++ [int] repeatCount = 0
debug +++ [int] currentCount = 5
debug +++ [Boolean] running = true
debug +++ [int] delay = 180000
debug +++ [int] repeatCount = 0
debug +++ [int] currentCount = 5
debug +++ [Boolean] running = true
debug +++ [int] delay = 180000
debug time 18:51:33.891 :: After HeartBeat Count=6 Result=5
debug time 18:54:33.729 :: Before HeartBeat Count=7 Time=Wed Sep 28 2011 18:54:33 GMT+0200 AccountId=28699575 Session=12541bfd-a159-412a-987e-7356887f4f4a
debug ++ [int] eventPhase = 2
debug ++ [Boolean] bubbles = false
debug ++ [Boolean] cancelable = false
debug ++ [String] type = timer
debug +++ [int] repeatCount = 0
debug +++ [int] currentCount = 6
debug +++ [Boolean] running = true
debug +++ [int] delay = 180000
debug +++ [int] repeatCount = 0
debug +++ [int] currentCount = 6
debug +++ [Boolean] running = true
debug +++ [int] delay = 180000
debug time 18:54:33.917 :: After HeartBeat Count=7 Result=5
debug time 18:57:34.721 :: Before HeartBeat Count=8 Time=Wed Sep 28 2011 18:57:34 GMT+0200 AccountId=28699575 Session=12541bfd-a159-412a-987e-7356887f4f4a
debug ++ [int] eventPhase = 2
debug ++ [Boolean] bubbles = false
debug ++ [Boolean] cancelable = false
debug ++ [String] type = timer
debug +++ [int] repeatCount = 0
debug +++ [int] currentCount = 7
debug +++ [Boolean] running = true
debug +++ [int] delay = 180000
debug +++ [int] repeatCount = 0
debug +++ [int] currentCount = 7
debug +++ [Boolean] running = true
debug +++ [int] delay = 180000
debug time 18:57:34.895 :: After HeartBeat Count=8 Result=5
debug time 19:00:35.718 :: Before HeartBeat Count=9 Time=Wed Sep 28 2011 19:00:35 GMT+0200 AccountId=28699575 Session=12541bfd-a159-412a-987e-7356887f4f4a
debug ++ [int] eventPhase = 2
debug ++ [Boolean] bubbles = false
debug ++ [Boolean] cancelable = false
debug ++ [String] type = timer
debug +++ [int] repeatCount = 0
debug +++ [int] currentCount = 8
debug +++ [Boolean] running = true
debug +++ [int] delay = 180000
debug +++ [int] repeatCount = 0
debug +++ [int] currentCount = 8
debug +++ [Boolean] running = true
debug +++ [int] delay = 180000
debug time 19:00:35.890 :: After HeartBeat Count=9 Result=5
debug time 19:03:35.719 :: Before HeartBeat Count=10 Time=Wed Sep 28 2011 19:03:35 GMT+0200 AccountId=28699575 Session=12541bfd-a159-412a-987e-7356887f4f4a
debug ++ [int] eventPhase = 2
debug ++ [Boolean] bubbles = false
debug ++ [Boolean] cancelable = false
debug ++ [String] type = timer
debug +++ [int] repeatCount = 0
debug +++ [int] currentCount = 9
debug +++ [Boolean] running = true
debug +++ [int] delay = 180000
debug +++ [int] repeatCount = 0
debug +++ [int] currentCount = 9
debug +++ [Boolean] running = true
debug +++ [int] delay = 180000
debug time 19:03:35.892 :: After HeartBeat Count=10 Result=5
debug time 19:06:35.719 :: Before HeartBeat Count=11 Time=Wed Sep 28 2011 19:06:35 GMT+0200 AccountId=28699575 Session=12541bfd-a159-412a-987e-7356887f4f4a
debug ++ [int] eventPhase = 2
debug ++ [Boolean] bubbles = false
debug ++ [Boolean] cancelable = false
debug ++ [String] type = timer
debug +++ [int] repeatCount = 0
debug +++ [int] currentCount = 10
debug +++ [Boolean] running = true
debug +++ [int] delay = 180000
debug +++ [int] repeatCount = 0
debug +++ [int] currentCount = 10
debug +++ [Boolean] running = true
debug +++ [int] delay = 180000
debug time 19:06:35.892 :: After HeartBeat Count=11 Result=5
debug time 19:09:35.719 :: Before HeartBeat Count=12 Time=Wed Sep 28 2011 19:09:35 GMT+0200 AccountId=28699575 Session=12541bfd-a159-412a-987e-7356887f4f4a
debug ++ [int] eventPhase = 2
debug ++ [Boolean] bubbles = false
debug ++ [Boolean] cancelable = false
debug ++ [String] type = timer
debug +++ [int] repeatCount = 0
debug +++ [int] currentCount = 11
debug +++ [Boolean] running = true
debug +++ [int] delay = 180000
debug +++ [int] repeatCount = 0
debug +++ [int] currentCount = 11
debug +++ [Boolean] running = true
debug +++ [int] delay = 180000
debug time 19:09:35.891 :: After HeartBeat Count=12 Result=5
debug time 19:12:36.97 :: Before HeartBeat Count=13 Time=Wed Sep 28 2011 19:12:36 GMT+0200 AccountId=28699575 Session=12541bfd-a159-412a-987e-7356887f4f4a
debug ++ [int] eventPhase = 2
debug ++ [Boolean] bubbles = false
debug ++ [Boolean] cancelable = false
debug ++ [String] type = timer
debug +++ [int] repeatCount = 0
debug +++ [int] currentCount = 12
debug +++ [Boolean] running = true
debug +++ [int] delay = 180000
debug +++ [int] repeatCount = 0
debug +++ [int] currentCount = 12
debug +++ [Boolean] running = true
debug +++ [int] delay = 180000
debug time 19:12:36.269 :: After HeartBeat Count=13 Result=5
debug time 19:15:36.98 :: Before HeartBeat Count=14 Time=Wed Sep 28 2011 19:15:36 GMT+0200 AccountId=28699575 Session=12541bfd-a159-412a-987e-7356887f4f4a
debug ++ [int] eventPhase = 2
debug ++ [Boolean] bubbles = false
debug ++ [Boolean] cancelable = false
debug ++ [String] type = timer
debug +++ [int] repeatCount = 0
debug +++ [int] currentCount = 13
debug +++ [Boolean] running = true
debug +++ [int] delay = 180000
debug +++ [int] repeatCount = 0
debug +++ [int] currentCount = 13
debug +++ [Boolean] running = true
debug +++ [int] delay = 180000
debug time 19:15:36.270 :: After HeartBeat Count=14 Result=5
debug time 19:18:36.97 :: Before HeartBeat Count=15 Time=Wed Sep 28 2011 19:18:36 GMT+0200 AccountId=28699575 Session=12541bfd-a159-412a-987e-7356887f4f4a
debug ++ [int] eventPhase = 2
debug ++ [Boolean] bubbles = false
debug ++ [Boolean] cancelable = false
debug ++ [String] type = timer
debug +++ [int] repeatCount = 0
debug +++ [int] currentCount = 14
debug +++ [Boolean] running = true
debug +++ [int] delay = 180000
debug +++ [int] repeatCount = 0
debug +++ [int] currentCount = 14
debug +++ [Boolean] running = true
debug +++ [int] delay = 180000
debug time 19:18:36.270 :: After HeartBeat Count=15 Result=5
debug time 19:21:36.97 :: Before HeartBeat Count=16 Time=Wed Sep 28 2011 19:21:36 GMT+0200 AccountId=28699575 Session=12541bfd-a159-412a-987e-7356887f4f4a
debug ++ [int] eventPhase = 2
debug ++ [Boolean] bubbles = false
debug ++ [Boolean] cancelable = false
debug ++ [String] type = timer
debug +++ [int] repeatCount = 0
debug +++ [int] currentCount = 15
debug +++ [Boolean] running = true
debug +++ [int] delay = 180000
debug +++ [int] repeatCount = 0
debug +++ [int] currentCount = 15
debug +++ [Boolean] running = true
debug +++ [int] delay = 180000
debug time 19:21:36.285 :: After HeartBeat Count=16 Result=5
debug time 19:21:51.405 :: Performing heartbeat at Wed Sep 28 2011 19:21:51 GMT+0200
