debug time 18:37:05.451 :: Before HeartBeat Count=1 Time=Tue Oct 25 2011 18:37:05 GMT+0200 AccountId=28699575 Session=b7a2334d-d7f5-46d9-bc8f-c5d8ac4c0bd3
STOP LOGGING: More than 0 nested objects or properties. 
debug time 18:37:06.101 :: After HeartBeat Count=1 Result=5
debug time 18:40:05.987 :: Before HeartBeat Count=2 Time=Tue Oct 25 2011 18:40:05 GMT+0200 AccountId=28699575 Session=b7a2334d-d7f5-46d9-bc8f-c5d8ac4c0bd3
debug ++ [int] eventPhase = 2
debug ++ [Boolean] bubbles = false
debug ++ [Boolean] cancelable = false
debug ++ [String] type = timer
debug +++ [int] repeatCount = 0
debug +++ [int] currentCount = 1
debug +++ [Boolean] running = true
debug +++ [int] delay = 180000
debug +++ [int] repeatCount = 0
debug +++ [int] currentCount = 1
debug +++ [Boolean] running = true
debug +++ [int] delay = 180000
debug time 18:40:06.979 :: After HeartBeat Count=2 Result=5
debug time 18:43:06.986 :: Before HeartBeat Count=3 Time=Tue Oct 25 2011 18:43:06 GMT+0200 AccountId=28699575 Session=b7a2334d-d7f5-46d9-bc8f-c5d8ac4c0bd3
debug ++ [int] eventPhase = 2
debug ++ [Boolean] bubbles = false
debug ++ [Boolean] cancelable = false
debug ++ [String] type = timer
debug +++ [int] repeatCount = 0
debug +++ [int] currentCount = 2
debug +++ [Boolean] running = true
debug +++ [int] delay = 180000
debug +++ [int] repeatCount = 0
debug +++ [int] currentCount = 2
debug +++ [Boolean] running = true
debug +++ [int] delay = 180000
debug time 18:43:07.983 :: After HeartBeat Count=3 Result=5
debug time 18:46:06.990 :: Before HeartBeat Count=4 Time=Tue Oct 25 2011 18:46:06 GMT+0200 AccountId=28699575 Session=b7a2334d-d7f5-46d9-bc8f-c5d8ac4c0bd3
debug ++ [int] eventPhase = 2
debug ++ [Boolean] bubbles = false
debug ++ [Boolean] cancelable = false
debug ++ [String] type = timer
debug +++ [int] repeatCount = 0
debug +++ [int] currentCount = 3
debug +++ [Boolean] running = true
debug +++ [int] delay = 180000
debug +++ [int] repeatCount = 0
debug +++ [int] currentCount = 3
debug +++ [Boolean] running = true
debug +++ [int] delay = 180000
debug time 18:46:07.987 :: After HeartBeat Count=4 Result=5
debug time 18:49:06.994 :: Before HeartBeat Count=5 Time=Tue Oct 25 2011 18:49:06 GMT+0200 AccountId=28699575 Session=b7a2334d-d7f5-46d9-bc8f-c5d8ac4c0bd3
debug ++ [int] eventPhase = 2
debug ++ [Boolean] bubbles = false
debug ++ [Boolean] cancelable = false
debug ++ [String] type = timer
debug +++ [int] repeatCount = 0
debug +++ [int] currentCount = 4
debug +++ [Boolean] running = true
debug +++ [int] delay = 180000
debug +++ [int] repeatCount = 0
debug +++ [int] currentCount = 4
debug +++ [Boolean] running = true
debug +++ [int] delay = 180000
debug time 18:49:07.990 :: After HeartBeat Count=5 Result=5
debug time 18:52:06.997 :: Before HeartBeat Count=6 Time=Tue Oct 25 2011 18:52:06 GMT+0200 AccountId=28699575 Session=b7a2334d-d7f5-46d9-bc8f-c5d8ac4c0bd3
debug ++ [int] eventPhase = 2
debug ++ [Boolean] bubbles = false
debug ++ [Boolean] cancelable = false
debug ++ [String] type = timer
debug +++ [int] repeatCount = 0
debug +++ [int] currentCount = 5
debug +++ [Boolean] running = true
debug +++ [int] delay = 180000
debug +++ [int] repeatCount = 0
debug +++ [int] currentCount = 5
debug +++ [Boolean] running = true
debug +++ [int] delay = 180000
debug time 18:52:07.994 :: After HeartBeat Count=6 Result=5
debug time 18:55:07.01 :: Before HeartBeat Count=7 Time=Tue Oct 25 2011 18:55:07 GMT+0200 AccountId=28699575 Session=b7a2334d-d7f5-46d9-bc8f-c5d8ac4c0bd3
debug ++ [int] eventPhase = 2
debug ++ [Boolean] bubbles = false
debug ++ [Boolean] cancelable = false
debug ++ [String] type = timer
debug +++ [int] repeatCount = 0
debug +++ [int] currentCount = 6
debug +++ [Boolean] running = true
debug +++ [int] delay = 180000
debug +++ [int] repeatCount = 0
debug +++ [int] currentCount = 6
debug +++ [Boolean] running = true
debug +++ [int] delay = 180000
debug time 18:55:07.998 :: After HeartBeat Count=7 Result=5
debug time 18:58:07.15 :: Before HeartBeat Count=8 Time=Tue Oct 25 2011 18:58:07 GMT+0200 AccountId=28699575 Session=b7a2334d-d7f5-46d9-bc8f-c5d8ac4c0bd3
debug ++ [int] eventPhase = 2
debug ++ [Boolean] bubbles = false
debug ++ [Boolean] cancelable = false
debug ++ [String] type = timer
debug +++ [int] repeatCount = 0
debug +++ [int] currentCount = 7
debug +++ [Boolean] running = true
debug +++ [int] delay = 180000
debug +++ [int] repeatCount = 0
debug +++ [int] currentCount = 7
debug +++ [Boolean] running = true
debug +++ [int] delay = 180000
debug time 18:58:08.02 :: After HeartBeat Count=8 Result=5
debug time 19:01:08.08 :: Before HeartBeat Count=9 Time=Tue Oct 25 2011 19:01:08 GMT+0200 AccountId=28699575 Session=b7a2334d-d7f5-46d9-bc8f-c5d8ac4c0bd3
debug ++ [int] eventPhase = 2
debug ++ [Boolean] bubbles = false
debug ++ [Boolean] cancelable = false
debug ++ [String] type = timer
debug +++ [int] repeatCount = 0
debug +++ [int] currentCount = 8
debug +++ [Boolean] running = true
debug +++ [int] delay = 180000
debug +++ [int] repeatCount = 0
debug +++ [int] currentCount = 8
debug +++ [Boolean] running = true
debug +++ [int] delay = 180000
debug time 19:01:09.05 :: After HeartBeat Count=9 Result=5
debug time 19:04:08.12 :: Before HeartBeat Count=10 Time=Tue Oct 25 2011 19:04:08 GMT+0200 AccountId=28699575 Session=b7a2334d-d7f5-46d9-bc8f-c5d8ac4c0bd3
debug ++ [int] eventPhase = 2
debug ++ [Boolean] bubbles = false
debug ++ [Boolean] cancelable = false
debug ++ [String] type = timer
debug +++ [int] repeatCount = 0
debug +++ [int] currentCount = 9
debug +++ [Boolean] running = true
debug +++ [int] delay = 180000
debug +++ [int] repeatCount = 0
debug +++ [int] currentCount = 9
debug +++ [Boolean] running = true
debug +++ [int] delay = 180000
debug time 19:04:09.10 :: After HeartBeat Count=10 Result=5
debug time 19:07:08.17 :: Before HeartBeat Count=11 Time=Tue Oct 25 2011 19:07:08 GMT+0200 AccountId=28699575 Session=b7a2334d-d7f5-46d9-bc8f-c5d8ac4c0bd3
debug ++ [int] eventPhase = 2
debug ++ [Boolean] bubbles = false
debug ++ [Boolean] cancelable = false
debug ++ [String] type = timer
debug +++ [int] repeatCount = 0
debug +++ [int] currentCount = 10
debug +++ [Boolean] running = true
debug +++ [int] delay = 180000
debug +++ [int] repeatCount = 0
debug +++ [int] currentCount = 10
debug +++ [Boolean] running = true
debug +++ [int] delay = 180000
debug time 19:07:09.12 :: After HeartBeat Count=11 Result=5
debug time 19:10:08.29 :: Before HeartBeat Count=12 Time=Tue Oct 25 2011 19:10:08 GMT+0200 AccountId=28699575 Session=b7a2334d-d7f5-46d9-bc8f-c5d8ac4c0bd3
debug ++ [int] eventPhase = 2
debug ++ [Boolean] bubbles = false
debug ++ [Boolean] cancelable = false
debug ++ [String] type = timer
debug +++ [int] repeatCount = 0
debug +++ [int] currentCount = 11
debug +++ [Boolean] running = true
debug +++ [int] delay = 180000
debug +++ [int] repeatCount = 0
debug +++ [int] currentCount = 11
debug +++ [Boolean] running = true
debug +++ [int] delay = 180000
debug time 19:10:09.21 :: After HeartBeat Count=12 Result=5
debug time 19:13:09.23 :: Before HeartBeat Count=13 Time=Tue Oct 25 2011 19:13:09 GMT+0200 AccountId=28699575 Session=b7a2334d-d7f5-46d9-bc8f-c5d8ac4c0bd3
debug ++ [int] eventPhase = 2
debug ++ [Boolean] bubbles = false
debug ++ [Boolean] cancelable = false
debug ++ [String] type = timer
debug +++ [int] repeatCount = 0
debug +++ [int] currentCount = 12
debug +++ [Boolean] running = true
debug +++ [int] delay = 180000
debug +++ [int] repeatCount = 0
debug +++ [int] currentCount = 12
debug +++ [Boolean] running = true
debug +++ [int] delay = 180000
debug time 19:13:10.20 :: After HeartBeat Count=13 Result=5
debug time 19:16:09.27 :: Before HeartBeat Count=14 Time=Tue Oct 25 2011 19:16:09 GMT+0200 AccountId=28699575 Session=b7a2334d-d7f5-46d9-bc8f-c5d8ac4c0bd3
debug ++ [int] eventPhase = 2
debug ++ [Boolean] bubbles = false
debug ++ [Boolean] cancelable = false
debug ++ [String] type = timer
debug +++ [int] repeatCount = 0
debug +++ [int] currentCount = 13
debug +++ [Boolean] running = true
debug +++ [int] delay = 180000
debug +++ [int] repeatCount = 0
debug +++ [int] currentCount = 13
debug +++ [Boolean] running = true
debug +++ [int] delay = 180000
debug time 19:16:10.24 :: After HeartBeat Count=14 Result=5
debug time 19:19:09.30 :: Before HeartBeat Count=15 Time=Tue Oct 25 2011 19:19:09 GMT+0200 AccountId=28699575 Session=b7a2334d-d7f5-46d9-bc8f-c5d8ac4c0bd3
debug ++ [int] eventPhase = 2
debug ++ [Boolean] bubbles = false
debug ++ [Boolean] cancelable = false
debug ++ [String] type = timer
debug +++ [int] repeatCount = 0
debug +++ [int] currentCount = 14
debug +++ [Boolean] running = true
debug +++ [int] delay = 180000
debug +++ [int] repeatCount = 0
debug +++ [int] currentCount = 14
debug +++ [Boolean] running = true
debug +++ [int] delay = 180000
debug time 19:19:10.28 :: After HeartBeat Count=15 Result=5
debug time 19:21:05.217 :: Performing heartbeat at Tue Oct 25 2011 19:21:05 GMT+0200
debug time 19:22:09.60 :: Before HeartBeat Count=16 Time=Tue Oct 25 2011 19:22:09 GMT+0200 AccountId=28699575 Session=b7a2334d-d7f5-46d9-bc8f-c5d8ac4c0bd3
debug ++ [int] eventPhase = 2
debug ++ [Boolean] bubbles = false
debug ++ [Boolean] cancelable = false
debug ++ [String] type = timer
debug +++ [int] repeatCount = 0
debug +++ [int] currentCount = 15
debug +++ [Boolean] running = true
debug +++ [int] delay = 180000
debug +++ [int] repeatCount = 0
debug +++ [int] currentCount = 15
debug +++ [Boolean] running = true
debug +++ [int] delay = 180000
debug time 19:22:09.262 :: After HeartBeat Count=16 Result=5
debug time 19:25:09.925 :: Before HeartBeat Count=17 Time=Tue Oct 25 2011 19:25:09 GMT+0200 AccountId=28699575 Session=b7a2334d-d7f5-46d9-bc8f-c5d8ac4c0bd3
debug ++ [int] eventPhase = 2
debug ++ [Boolean] bubbles = false
debug ++ [Boolean] cancelable = false
debug ++ [String] type = timer
debug +++ [int] repeatCount = 0
debug +++ [int] currentCount = 16
debug +++ [Boolean] running = true
debug +++ [int] delay = 180000
debug +++ [int] repeatCount = 0
debug +++ [int] currentCount = 16
debug +++ [Boolean] running = true
debug +++ [int] delay = 180000
debug time 19:25:10.157 :: After HeartBeat Count=17 Result=5
debug time 19:28:10.914 :: Before HeartBeat Count=18 Time=Tue Oct 25 2011 19:28:10 GMT+0200 AccountId=28699575 Session=b7a2334d-d7f5-46d9-bc8f-c5d8ac4c0bd3
debug ++ [int] eventPhase = 2
debug ++ [Boolean] bubbles = false
debug ++ [Boolean] cancelable = false
debug ++ [String] type = timer
debug +++ [int] repeatCount = 0
debug +++ [int] currentCount = 17
debug +++ [Boolean] running = true
debug +++ [int] delay = 180000
debug +++ [int] repeatCount = 0
debug +++ [int] currentCount = 17
debug +++ [Boolean] running = true
debug +++ [int] delay = 180000
debug time 19:28:11.117 :: After HeartBeat Count=18 Result=5
debug time 19:31:11.921 :: Before HeartBeat Count=19 Time=Tue Oct 25 2011 19:31:11 GMT+0200 AccountId=28699575 Session=b7a2334d-d7f5-46d9-bc8f-c5d8ac4c0bd3
debug ++ [int] eventPhase = 2
debug ++ [Boolean] bubbles = false
debug ++ [Boolean] cancelable = false
debug ++ [String] type = timer
debug +++ [int] repeatCount = 0
debug +++ [int] currentCount = 18
debug +++ [Boolean] running = true
debug +++ [int] delay = 180000
debug +++ [int] repeatCount = 0
debug +++ [int] currentCount = 18
debug +++ [Boolean] running = true
debug +++ [int] delay = 180000
debug time 19:31:12.117 :: After HeartBeat Count=19 Result=5
debug time 19:34:12.57 :: Before HeartBeat Count=20 Time=Tue Oct 25 2011 19:34:12 GMT+0200 AccountId=28699575 Session=b7a2334d-d7f5-46d9-bc8f-c5d8ac4c0bd3
debug ++ [int] eventPhase = 2
debug ++ [Boolean] bubbles = false
debug ++ [Boolean] cancelable = false
debug ++ [String] type = timer
debug +++ [int] repeatCount = 0
debug +++ [int] currentCount = 19
debug +++ [Boolean] running = true
debug +++ [int] delay = 180000
debug +++ [int] repeatCount = 0
debug +++ [int] currentCount = 19
debug +++ [Boolean] running = true
debug +++ [int] delay = 180000
debug time 19:34:12.308 :: After HeartBeat Count=20 Result=5
