debug time 17:39:34.41 :: Before HeartBeat Count=1 Time=Fri Dec 16 2011 17:39:34 GMT+0100 AccountId=28699575 Session=70ed1b79-5363-4768-9d18-af9fd81763d9
STOP LOGGING: More than 0 nested objects or properties. 
debug time 17:39:36.535 :: After HeartBeat Count=1 Result=5
debug time 17:41:34.44 :: Before HeartBeat Count=2 Time=Fri Dec 16 2011 17:41:34 GMT+0100 AccountId=28699575 Session=70ed1b79-5363-4768-9d18-af9fd81763d9
debug ++ [int] eventPhase = 2
debug ++ [Boolean] bubbles = false
debug ++ [Boolean] cancelable = false
debug ++ [String] type = timer
debug +++ [int] repeatCount = 0
debug +++ [int] currentCount = 1
debug +++ [Boolean] running = true
debug +++ [int] delay = 120000
debug +++ [int] repeatCount = 0
debug +++ [int] currentCount = 1
debug +++ [Boolean] running = true
debug +++ [int] delay = 120000
debug time 17:41:34.286 :: After HeartBeat Count=2 Result=5
debug time 17:43:34.979 :: Before HeartBeat Count=3 Time=Fri Dec 16 2011 17:43:34 GMT+0100 AccountId=28699575 Session=70ed1b79-5363-4768-9d18-af9fd81763d9
debug ++ [int] eventPhase = 2
debug ++ [Boolean] bubbles = false
debug ++ [Boolean] cancelable = false
debug ++ [String] type = timer
debug +++ [int] repeatCount = 0
debug +++ [int] currentCount = 2
debug +++ [Boolean] running = true
debug +++ [int] delay = 120000
debug +++ [int] repeatCount = 0
debug +++ [int] currentCount = 2
debug +++ [Boolean] running = true
debug +++ [int] delay = 120000
debug time 17:43:35.975 :: After HeartBeat Count=3 Result=5
debug time 17:45:34.979 :: Before HeartBeat Count=4 Time=Fri Dec 16 2011 17:45:34 GMT+0100 AccountId=28699575 Session=70ed1b79-5363-4768-9d18-af9fd81763d9
debug ++ [int] eventPhase = 2
debug ++ [Boolean] bubbles = false
debug ++ [Boolean] cancelable = false
debug ++ [String] type = timer
debug +++ [int] repeatCount = 0
debug +++ [int] currentCount = 3
debug +++ [Boolean] running = true
debug +++ [int] delay = 120000
debug +++ [int] repeatCount = 0
debug +++ [int] currentCount = 3
debug +++ [Boolean] running = true
debug +++ [int] delay = 120000
debug time 17:45:35.975 :: After HeartBeat Count=4 Result=5
debug time 17:47:34.986 :: Before HeartBeat Count=5 Time=Fri Dec 16 2011 17:47:34 GMT+0100 AccountId=28699575 Session=70ed1b79-5363-4768-9d18-af9fd81763d9
debug ++ [int] eventPhase = 2
debug ++ [Boolean] bubbles = false
debug ++ [Boolean] cancelable = false
debug ++ [String] type = timer
debug +++ [int] repeatCount = 0
debug +++ [int] currentCount = 4
debug +++ [Boolean] running = true
debug +++ [int] delay = 120000
debug +++ [int] repeatCount = 0
debug +++ [int] currentCount = 4
debug +++ [Boolean] running = true
debug +++ [int] delay = 120000
debug time 17:47:35.974 :: After HeartBeat Count=5 Result=5
debug time 17:49:35.978 :: Before HeartBeat Count=6 Time=Fri Dec 16 2011 17:49:35 GMT+0100 AccountId=28699575 Session=70ed1b79-5363-4768-9d18-af9fd81763d9
debug ++ [int] eventPhase = 2
debug ++ [Boolean] bubbles = false
debug ++ [Boolean] cancelable = false
debug ++ [String] type = timer
debug +++ [int] repeatCount = 0
debug +++ [int] currentCount = 5
debug +++ [Boolean] running = true
debug +++ [int] delay = 120000
debug +++ [int] repeatCount = 0
debug +++ [int] currentCount = 5
debug +++ [Boolean] running = true
debug +++ [int] delay = 120000
debug time 17:49:36.974 :: After HeartBeat Count=6 Result=5
debug time 17:51:35.979 :: Before HeartBeat Count=7 Time=Fri Dec 16 2011 17:51:35 GMT+0100 AccountId=28699575 Session=70ed1b79-5363-4768-9d18-af9fd81763d9
debug ++ [int] eventPhase = 2
debug ++ [Boolean] bubbles = false
debug ++ [Boolean] cancelable = false
debug ++ [String] type = timer
debug +++ [int] repeatCount = 0
debug +++ [int] currentCount = 6
debug +++ [Boolean] running = true
debug +++ [int] delay = 120000
debug +++ [int] repeatCount = 0
debug +++ [int] currentCount = 6
debug +++ [Boolean] running = true
debug +++ [int] delay = 120000
debug time 17:51:36.974 :: After HeartBeat Count=7 Result=5
debug time 17:53:36.979 :: Before HeartBeat Count=8 Time=Fri Dec 16 2011 17:53:36 GMT+0100 AccountId=28699575 Session=70ed1b79-5363-4768-9d18-af9fd81763d9
debug ++ [int] eventPhase = 2
debug ++ [Boolean] bubbles = false
debug ++ [Boolean] cancelable = false
debug ++ [String] type = timer
debug +++ [int] repeatCount = 0
debug +++ [int] currentCount = 7
debug +++ [Boolean] running = true
debug +++ [int] delay = 120000
debug +++ [int] repeatCount = 0
debug +++ [int] currentCount = 7
debug +++ [Boolean] running = true
debug +++ [int] delay = 120000
debug time 17:53:37.975 :: After HeartBeat Count=8 Result=5
debug time 17:55:36.979 :: Before HeartBeat Count=9 Time=Fri Dec 16 2011 17:55:36 GMT+0100 AccountId=28699575 Session=70ed1b79-5363-4768-9d18-af9fd81763d9
debug ++ [int] eventPhase = 2
debug ++ [Boolean] bubbles = false
debug ++ [Boolean] cancelable = false
debug ++ [String] type = timer
debug +++ [int] repeatCount = 0
debug +++ [int] currentCount = 8
debug +++ [Boolean] running = true
debug +++ [int] delay = 120000
debug +++ [int] repeatCount = 0
debug +++ [int] currentCount = 8
debug +++ [Boolean] running = true
debug +++ [int] delay = 120000
debug time 17:55:37.975 :: After HeartBeat Count=9 Result=5
debug time 17:57:36.979 :: Before HeartBeat Count=10 Time=Fri Dec 16 2011 17:57:36 GMT+0100 AccountId=28699575 Session=70ed1b79-5363-4768-9d18-af9fd81763d9
debug ++ [int] eventPhase = 2
debug ++ [Boolean] bubbles = false
debug ++ [Boolean] cancelable = false
debug ++ [String] type = timer
debug +++ [int] repeatCount = 0
debug +++ [int] currentCount = 9
debug +++ [Boolean] running = true
debug +++ [int] delay = 120000
debug +++ [int] repeatCount = 0
debug +++ [int] currentCount = 9
debug +++ [Boolean] running = true
debug +++ [int] delay = 120000
debug time 17:57:37.975 :: After HeartBeat Count=10 Result=5
debug time 17:59:36.979 :: Before HeartBeat Count=11 Time=Fri Dec 16 2011 17:59:36 GMT+0100 AccountId=28699575 Session=70ed1b79-5363-4768-9d18-af9fd81763d9
debug ++ [int] eventPhase = 2
debug ++ [Boolean] bubbles = false
debug ++ [Boolean] cancelable = false
debug ++ [String] type = timer
debug +++ [int] repeatCount = 0
debug +++ [int] currentCount = 10
debug +++ [Boolean] running = true
debug +++ [int] delay = 120000
debug +++ [int] repeatCount = 0
debug +++ [int] currentCount = 10
debug +++ [Boolean] running = true
debug +++ [int] delay = 120000
debug time 17:59:37.975 :: After HeartBeat Count=11 Result=5
debug time 18:01:37.04 :: Before HeartBeat Count=12 Time=Fri Dec 16 2011 18:01:37 GMT+0100 AccountId=28699575 Session=70ed1b79-5363-4768-9d18-af9fd81763d9
debug ++ [int] eventPhase = 2
debug ++ [Boolean] bubbles = false
debug ++ [Boolean] cancelable = false
debug ++ [String] type = timer
debug +++ [int] repeatCount = 0
debug +++ [int] currentCount = 11
debug +++ [Boolean] running = true
debug +++ [int] delay = 120000
debug +++ [int] repeatCount = 0
debug +++ [int] currentCount = 11
debug +++ [Boolean] running = true
debug +++ [int] delay = 120000
debug time 18:01:37.975 :: After HeartBeat Count=12 Result=5
debug time 18:03:37.978 :: Before HeartBeat Count=13 Time=Fri Dec 16 2011 18:03:37 GMT+0100 AccountId=28699575 Session=70ed1b79-5363-4768-9d18-af9fd81763d9
debug ++ [int] eventPhase = 2
debug ++ [Boolean] bubbles = false
debug ++ [Boolean] cancelable = false
debug ++ [String] type = timer
debug +++ [int] repeatCount = 0
debug +++ [int] currentCount = 12
debug +++ [Boolean] running = true
debug +++ [int] delay = 120000
debug +++ [int] repeatCount = 0
debug +++ [int] currentCount = 12
debug +++ [Boolean] running = true
debug +++ [int] delay = 120000
debug time 18:03:38.975 :: After HeartBeat Count=13 Result=5
debug time 18:05:37.978 :: Before HeartBeat Count=14 Time=Fri Dec 16 2011 18:05:37 GMT+0100 AccountId=28699575 Session=70ed1b79-5363-4768-9d18-af9fd81763d9
debug ++ [int] eventPhase = 2
debug ++ [Boolean] bubbles = false
debug ++ [Boolean] cancelable = false
debug ++ [String] type = timer
debug +++ [int] repeatCount = 0
debug +++ [int] currentCount = 13
debug +++ [Boolean] running = true
debug +++ [int] delay = 120000
debug +++ [int] repeatCount = 0
debug +++ [int] currentCount = 13
debug +++ [Boolean] running = true
debug +++ [int] delay = 120000
debug time 18:05:38.974 :: After HeartBeat Count=14 Result=5
debug time 18:07:37.979 :: Before HeartBeat Count=15 Time=Fri Dec 16 2011 18:07:37 GMT+0100 AccountId=28699575 Session=70ed1b79-5363-4768-9d18-af9fd81763d9
debug ++ [int] eventPhase = 2
debug ++ [Boolean] bubbles = false
debug ++ [Boolean] cancelable = false
debug ++ [String] type = timer
debug +++ [int] repeatCount = 0
debug +++ [int] currentCount = 14
debug +++ [Boolean] running = true
debug +++ [int] delay = 120000
debug +++ [int] repeatCount = 0
debug +++ [int] currentCount = 14
debug +++ [Boolean] running = true
debug +++ [int] delay = 120000
debug time 18:07:38.974 :: After HeartBeat Count=15 Result=5
debug time 18:09:38.979 :: Before HeartBeat Count=16 Time=Fri Dec 16 2011 18:09:38 GMT+0100 AccountId=28699575 Session=70ed1b79-5363-4768-9d18-af9fd81763d9
debug ++ [int] eventPhase = 2
debug ++ [Boolean] bubbles = false
debug ++ [Boolean] cancelable = false
debug ++ [String] type = timer
debug +++ [int] repeatCount = 0
debug +++ [int] currentCount = 15
debug +++ [Boolean] running = true
debug +++ [int] delay = 120000
debug +++ [int] repeatCount = 0
debug +++ [int] currentCount = 15
debug +++ [Boolean] running = true
debug +++ [int] delay = 120000
debug time 18:09:39.975 :: After HeartBeat Count=16 Result=5
debug time 18:11:38.979 :: Before HeartBeat Count=17 Time=Fri Dec 16 2011 18:11:38 GMT+0100 AccountId=28699575 Session=70ed1b79-5363-4768-9d18-af9fd81763d9
debug ++ [int] eventPhase = 2
debug ++ [Boolean] bubbles = false
debug ++ [Boolean] cancelable = false
debug ++ [String] type = timer
debug +++ [int] repeatCount = 0
debug +++ [int] currentCount = 16
debug +++ [Boolean] running = true
debug +++ [int] delay = 120000
debug +++ [int] repeatCount = 0
debug +++ [int] currentCount = 16
debug +++ [Boolean] running = true
debug +++ [int] delay = 120000
debug time 18:11:39.975 :: After HeartBeat Count=17 Result=5
debug time 18:13:38.979 :: Before HeartBeat Count=18 Time=Fri Dec 16 2011 18:13:38 GMT+0100 AccountId=28699575 Session=70ed1b79-5363-4768-9d18-af9fd81763d9
debug ++ [int] eventPhase = 2
debug ++ [Boolean] bubbles = false
debug ++ [Boolean] cancelable = false
debug ++ [String] type = timer
debug +++ [int] repeatCount = 0
debug +++ [int] currentCount = 17
debug +++ [Boolean] running = true
debug +++ [int] delay = 120000
debug +++ [int] repeatCount = 0
debug +++ [int] currentCount = 17
debug +++ [Boolean] running = true
debug +++ [int] delay = 120000
debug time 18:13:39.975 :: After HeartBeat Count=18 Result=5
debug time 18:15:38.979 :: Before HeartBeat Count=19 Time=Fri Dec 16 2011 18:15:38 GMT+0100 AccountId=28699575 Session=70ed1b79-5363-4768-9d18-af9fd81763d9
debug ++ [int] eventPhase = 2
debug ++ [Boolean] bubbles = false
debug ++ [Boolean] cancelable = false
debug ++ [String] type = timer
debug +++ [int] repeatCount = 0
debug +++ [int] currentCount = 18
debug +++ [Boolean] running = true
debug +++ [int] delay = 120000
debug +++ [int] repeatCount = 0
debug +++ [int] currentCount = 18
debug +++ [Boolean] running = true
debug +++ [int] delay = 120000
debug time 18:15:39.975 :: After HeartBeat Count=19 Result=5
debug time 18:17:39.04 :: Before HeartBeat Count=20 Time=Fri Dec 16 2011 18:17:39 GMT+0100 AccountId=28699575 Session=70ed1b79-5363-4768-9d18-af9fd81763d9
debug ++ [int] eventPhase = 2
debug ++ [Boolean] bubbles = false
debug ++ [Boolean] cancelable = false
debug ++ [String] type = timer
debug +++ [int] repeatCount = 0
debug +++ [int] currentCount = 19
debug +++ [Boolean] running = true
debug +++ [int] delay = 120000
debug +++ [int] repeatCount = 0
debug +++ [int] currentCount = 19
debug +++ [Boolean] running = true
debug +++ [int] delay = 120000
debug time 18:17:39.975 :: After HeartBeat Count=20 Result=5
debug time 18:19:39.979 :: Before HeartBeat Count=21 Time=Fri Dec 16 2011 18:19:39 GMT+0100 AccountId=28699575 Session=70ed1b79-5363-4768-9d18-af9fd81763d9
debug ++ [int] eventPhase = 2
debug ++ [Boolean] bubbles = false
debug ++ [Boolean] cancelable = false
debug ++ [String] type = timer
debug +++ [int] repeatCount = 0
debug +++ [int] currentCount = 20
debug +++ [Boolean] running = true
debug +++ [int] delay = 120000
debug +++ [int] repeatCount = 0
debug +++ [int] currentCount = 20
debug +++ [Boolean] running = true
debug +++ [int] delay = 120000
debug time 18:19:40.975 :: After HeartBeat Count=21 Result=5
debug time 18:21:40.978 :: Before HeartBeat Count=22 Time=Fri Dec 16 2011 18:21:40 GMT+0100 AccountId=28699575 Session=70ed1b79-5363-4768-9d18-af9fd81763d9
debug ++ [int] eventPhase = 2
debug ++ [Boolean] bubbles = false
debug ++ [Boolean] cancelable = false
debug ++ [String] type = timer
debug +++ [int] repeatCount = 0
debug +++ [int] currentCount = 21
debug +++ [Boolean] running = true
debug +++ [int] delay = 120000
debug +++ [int] repeatCount = 0
debug +++ [int] currentCount = 21
debug +++ [Boolean] running = true
debug +++ [int] delay = 120000
debug time 18:21:41.974 :: After HeartBeat Count=22 Result=5
debug time 18:23:41.977 :: Before HeartBeat Count=23 Time=Fri Dec 16 2011 18:23:41 GMT+0100 AccountId=28699575 Session=70ed1b79-5363-4768-9d18-af9fd81763d9
debug ++ [int] eventPhase = 2
debug ++ [Boolean] bubbles = false
debug ++ [Boolean] cancelable = false
debug ++ [String] type = timer
debug +++ [int] repeatCount = 0
debug +++ [int] currentCount = 22
debug +++ [Boolean] running = true
debug +++ [int] delay = 120000
debug +++ [int] repeatCount = 0
debug +++ [int] currentCount = 22
debug +++ [Boolean] running = true
debug +++ [int] delay = 120000
debug time 18:23:42.974 :: After HeartBeat Count=23 Result=5
debug time 18:23:57.201 :: Performing heartbeat at Fri Dec 16 2011 18:23:57 GMT+0100
debug time 18:25:41.993 :: Before HeartBeat Count=24 Time=Fri Dec 16 2011 18:25:41 GMT+0100 AccountId=28699575 Session=70ed1b79-5363-4768-9d18-af9fd81763d9
debug ++ [int] eventPhase = 2
debug ++ [Boolean] bubbles = false
debug ++ [Boolean] cancelable = false
debug ++ [String] type = timer
debug +++ [int] repeatCount = 0
debug +++ [int] currentCount = 23
debug +++ [Boolean] running = true
debug +++ [int] delay = 120000
debug +++ [int] repeatCount = 0
debug +++ [int] currentCount = 23
debug +++ [Boolean] running = true
debug +++ [int] delay = 120000
debug time 18:25:42.189 :: After HeartBeat Count=24 Result=5
debug time 18:27:42.728 :: Before HeartBeat Count=25 Time=Fri Dec 16 2011 18:27:42 GMT+0100 AccountId=28699575 Session=70ed1b79-5363-4768-9d18-af9fd81763d9
debug ++ [int] eventPhase = 2
debug ++ [Boolean] bubbles = false
debug ++ [Boolean] cancelable = false
debug ++ [String] type = timer
debug +++ [int] repeatCount = 0
debug +++ [int] currentCount = 24
debug +++ [Boolean] running = true
debug +++ [int] delay = 120000
debug +++ [int] repeatCount = 0
debug +++ [int] currentCount = 24
debug +++ [Boolean] running = true
debug +++ [int] delay = 120000
debug time 18:27:43.720 :: After HeartBeat Count=25 Result=5
debug time 18:29:43.725 :: Before HeartBeat Count=26 Time=Fri Dec 16 2011 18:29:43 GMT+0100 AccountId=28699575 Session=70ed1b79-5363-4768-9d18-af9fd81763d9
debug ++ [int] eventPhase = 2
debug ++ [Boolean] bubbles = false
debug ++ [Boolean] cancelable = false
debug ++ [String] type = timer
debug +++ [int] repeatCount = 0
debug +++ [int] currentCount = 25
debug +++ [Boolean] running = true
debug +++ [int] delay = 120000
debug +++ [int] repeatCount = 0
debug +++ [int] currentCount = 25
debug +++ [Boolean] running = true
debug +++ [int] delay = 120000
debug time 18:29:44.720 :: After HeartBeat Count=26 Result=5
debug time 18:31:43.730 :: Before HeartBeat Count=27 Time=Fri Dec 16 2011 18:31:43 GMT+0100 AccountId=28699575 Session=70ed1b79-5363-4768-9d18-af9fd81763d9
debug ++ [int] eventPhase = 2
debug ++ [Boolean] bubbles = false
debug ++ [Boolean] cancelable = false
debug ++ [String] type = timer
debug +++ [int] repeatCount = 0
debug +++ [int] currentCount = 26
debug +++ [Boolean] running = true
debug +++ [int] delay = 120000
debug +++ [int] repeatCount = 0
debug +++ [int] currentCount = 26
debug +++ [Boolean] running = true
debug +++ [int] delay = 120000
debug time 18:31:44.721 :: After HeartBeat Count=27 Result=5
debug time 18:33:44.725 :: Before HeartBeat Count=28 Time=Fri Dec 16 2011 18:33:44 GMT+0100 AccountId=28699575 Session=70ed1b79-5363-4768-9d18-af9fd81763d9
debug ++ [int] eventPhase = 2
debug ++ [Boolean] bubbles = false
debug ++ [Boolean] cancelable = false
debug ++ [String] type = timer
debug +++ [int] repeatCount = 0
debug +++ [int] currentCount = 27
debug +++ [Boolean] running = true
debug +++ [int] delay = 120000
debug +++ [int] repeatCount = 0
debug +++ [int] currentCount = 27
debug +++ [Boolean] running = true
debug +++ [int] delay = 120000
debug time 18:33:45.721 :: After HeartBeat Count=28 Result=5
debug time 18:35:44.725 :: Before HeartBeat Count=29 Time=Fri Dec 16 2011 18:35:44 GMT+0100 AccountId=28699575 Session=70ed1b79-5363-4768-9d18-af9fd81763d9
debug ++ [int] eventPhase = 2
debug ++ [Boolean] bubbles = false
debug ++ [Boolean] cancelable = false
debug ++ [String] type = timer
debug +++ [int] repeatCount = 0
debug +++ [int] currentCount = 28
debug +++ [Boolean] running = true
debug +++ [int] delay = 120000
debug +++ [int] repeatCount = 0
debug +++ [int] currentCount = 28
debug +++ [Boolean] running = true
debug +++ [int] delay = 120000
debug time 18:35:45.721 :: After HeartBeat Count=29 Result=5
debug time 18:37:44.725 :: Before HeartBeat Count=30 Time=Fri Dec 16 2011 18:37:44 GMT+0100 AccountId=28699575 Session=70ed1b79-5363-4768-9d18-af9fd81763d9
debug ++ [int] eventPhase = 2
debug ++ [Boolean] bubbles = false
debug ++ [Boolean] cancelable = false
debug ++ [String] type = timer
debug +++ [int] repeatCount = 0
debug +++ [int] currentCount = 29
debug +++ [Boolean] running = true
debug +++ [int] delay = 120000
debug +++ [int] repeatCount = 0
debug +++ [int] currentCount = 29
debug +++ [Boolean] running = true
debug +++ [int] delay = 120000
debug time 18:37:45.721 :: After HeartBeat Count=30 Result=5
debug time 18:39:44.730 :: Before HeartBeat Count=31 Time=Fri Dec 16 2011 18:39:44 GMT+0100 AccountId=28699575 Session=70ed1b79-5363-4768-9d18-af9fd81763d9
debug ++ [int] eventPhase = 2
debug ++ [Boolean] bubbles = false
debug ++ [Boolean] cancelable = false
debug ++ [String] type = timer
debug +++ [int] repeatCount = 0
debug +++ [int] currentCount = 30
debug +++ [Boolean] running = true
debug +++ [int] delay = 120000
debug +++ [int] repeatCount = 0
debug +++ [int] currentCount = 30
debug +++ [Boolean] running = true
debug +++ [int] delay = 120000
debug time 18:39:45.721 :: After HeartBeat Count=31 Result=5
debug time 18:41:45.725 :: Before HeartBeat Count=32 Time=Fri Dec 16 2011 18:41:45 GMT+0100 AccountId=28699575 Session=70ed1b79-5363-4768-9d18-af9fd81763d9
debug ++ [int] eventPhase = 2
debug ++ [Boolean] bubbles = false
debug ++ [Boolean] cancelable = false
debug ++ [String] type = timer
debug +++ [int] repeatCount = 0
debug +++ [int] currentCount = 31
debug +++ [Boolean] running = true
debug +++ [int] delay = 120000
debug +++ [int] repeatCount = 0
debug +++ [int] currentCount = 31
debug +++ [Boolean] running = true
debug +++ [int] delay = 120000
debug time 18:41:46.721 :: After HeartBeat Count=32 Result=5
debug time 18:43:45.724 :: Before HeartBeat Count=33 Time=Fri Dec 16 2011 18:43:45 GMT+0100 AccountId=28699575 Session=70ed1b79-5363-4768-9d18-af9fd81763d9
debug ++ [int] eventPhase = 2
debug ++ [Boolean] bubbles = false
debug ++ [Boolean] cancelable = false
debug ++ [String] type = timer
debug +++ [int] repeatCount = 0
debug +++ [int] currentCount = 32
debug +++ [Boolean] running = true
debug +++ [int] delay = 120000
debug +++ [int] repeatCount = 0
debug +++ [int] currentCount = 32
debug +++ [Boolean] running = true
debug +++ [int] delay = 120000
debug time 18:43:46.720 :: After HeartBeat Count=33 Result=5
debug time 18:45:45.724 :: Before HeartBeat Count=34 Time=Fri Dec 16 2011 18:45:45 GMT+0100 AccountId=28699575 Session=70ed1b79-5363-4768-9d18-af9fd81763d9
debug ++ [int] eventPhase = 2
debug ++ [Boolean] bubbles = false
debug ++ [Boolean] cancelable = false
debug ++ [String] type = timer
debug +++ [int] repeatCount = 0
debug +++ [int] currentCount = 33
debug +++ [Boolean] running = true
debug +++ [int] delay = 120000
debug +++ [int] repeatCount = 0
debug +++ [int] currentCount = 33
debug +++ [Boolean] running = true
debug +++ [int] delay = 120000
debug time 18:45:46.720 :: After HeartBeat Count=34 Result=5
debug time 18:47:45.725 :: Before HeartBeat Count=35 Time=Fri Dec 16 2011 18:47:45 GMT+0100 AccountId=28699575 Session=70ed1b79-5363-4768-9d18-af9fd81763d9
debug ++ [int] eventPhase = 2
debug ++ [Boolean] bubbles = false
debug ++ [Boolean] cancelable = false
debug ++ [String] type = timer
debug +++ [int] repeatCount = 0
debug +++ [int] currentCount = 34
debug +++ [Boolean] running = true
debug +++ [int] delay = 120000
debug +++ [int] repeatCount = 0
debug +++ [int] currentCount = 34
debug +++ [Boolean] running = true
debug +++ [int] delay = 120000
debug time 18:47:46.721 :: After HeartBeat Count=35 Result=5
debug time 18:49:45.726 :: Before HeartBeat Count=36 Time=Fri Dec 16 2011 18:49:45 GMT+0100 AccountId=28699575 Session=70ed1b79-5363-4768-9d18-af9fd81763d9
debug ++ [int] eventPhase = 2
debug ++ [Boolean] bubbles = false
debug ++ [Boolean] cancelable = false
debug ++ [String] type = timer
debug +++ [int] repeatCount = 0
debug +++ [int] currentCount = 35
debug +++ [Boolean] running = true
debug +++ [int] delay = 120000
debug +++ [int] repeatCount = 0
debug +++ [int] currentCount = 35
debug +++ [Boolean] running = true
debug +++ [int] delay = 120000
debug time 18:49:46.721 :: After HeartBeat Count=36 Result=5
debug time 18:51:46.725 :: Before HeartBeat Count=37 Time=Fri Dec 16 2011 18:51:46 GMT+0100 AccountId=28699575 Session=70ed1b79-5363-4768-9d18-af9fd81763d9
debug ++ [int] eventPhase = 2
debug ++ [Boolean] bubbles = false
debug ++ [Boolean] cancelable = false
debug ++ [String] type = timer
debug +++ [int] repeatCount = 0
debug +++ [int] currentCount = 36
debug +++ [Boolean] running = true
debug +++ [int] delay = 120000
debug +++ [int] repeatCount = 0
debug +++ [int] currentCount = 36
debug +++ [Boolean] running = true
debug +++ [int] delay = 120000
debug time 18:51:47.721 :: After HeartBeat Count=37 Result=5
debug time 18:52:22.06 :: Performing heartbeat at Fri Dec 16 2011 18:52:22 GMT+0100
debug time 18:53:46.741 :: Before HeartBeat Count=38 Time=Fri Dec 16 2011 18:53:46 GMT+0100 AccountId=28699575 Session=70ed1b79-5363-4768-9d18-af9fd81763d9
debug ++ [int] eventPhase = 2
debug ++ [Boolean] bubbles = false
debug ++ [Boolean] cancelable = false
debug ++ [String] type = timer
debug +++ [int] repeatCount = 0
debug +++ [int] currentCount = 37
debug +++ [Boolean] running = true
debug +++ [int] delay = 120000
debug +++ [int] repeatCount = 0
debug +++ [int] currentCount = 37
debug +++ [Boolean] running = true
debug +++ [int] delay = 120000
debug time 18:53:46.941 :: After HeartBeat Count=38 Result=5
