debug time 20:17:48.803 :: Before HeartBeat Count=1 Time=Sun Nov 27 2011 20:17:48 GMT+0100 AccountId=28699575 Session=d3ae8dad-9d8a-4c0f-af73-ef589258fca5
STOP LOGGING: More than 0 nested objects or properties. 
debug time 20:17:49.391 :: After HeartBeat Count=1 Result=5
debug time 20:20:48.840 :: Before HeartBeat Count=2 Time=Sun Nov 27 2011 20:20:48 GMT+0100 AccountId=28699575 Session=d3ae8dad-9d8a-4c0f-af73-ef589258fca5
debug ++ [int] eventPhase = 2
debug ++ [Boolean] bubbles = false
debug ++ [Boolean] cancelable = false
debug ++ [String] type = timer
debug +++ [int] repeatCount = 0
debug +++ [int] currentCount = 1
debug +++ [Boolean] running = true
debug +++ [int] delay = 180000
debug +++ [int] repeatCount = 0
debug +++ [int] currentCount = 1
debug +++ [Boolean] running = true
debug +++ [int] delay = 180000
debug time 20:20:49.45 :: After HeartBeat Count=2 Result=5
debug time 20:23:48.840 :: Before HeartBeat Count=3 Time=Sun Nov 27 2011 20:23:48 GMT+0100 AccountId=28699575 Session=d3ae8dad-9d8a-4c0f-af73-ef589258fca5
debug ++ [int] eventPhase = 2
debug ++ [Boolean] bubbles = false
debug ++ [Boolean] cancelable = false
debug ++ [String] type = timer
debug +++ [int] repeatCount = 0
debug +++ [int] currentCount = 2
debug +++ [Boolean] running = true
debug +++ [int] delay = 180000
debug +++ [int] repeatCount = 0
debug +++ [int] currentCount = 2
debug +++ [Boolean] running = true
debug +++ [int] delay = 180000
debug time 20:23:49.45 :: After HeartBeat Count=3 Result=5
debug time 20:26:48.879 :: Before HeartBeat Count=4 Time=Sun Nov 27 2011 20:26:48 GMT+0100 AccountId=28699575 Session=d3ae8dad-9d8a-4c0f-af73-ef589258fca5
debug ++ [int] eventPhase = 2
debug ++ [Boolean] bubbles = false
debug ++ [Boolean] cancelable = false
debug ++ [String] type = timer
debug +++ [int] repeatCount = 0
debug +++ [int] currentCount = 3
debug +++ [Boolean] running = true
debug +++ [int] delay = 180000
debug +++ [int] repeatCount = 0
debug +++ [int] currentCount = 3
debug +++ [Boolean] running = true
debug +++ [int] delay = 180000
debug time 20:26:49.88 :: After HeartBeat Count=4 Result=5
debug time 20:29:48.882 :: Before HeartBeat Count=5 Time=Sun Nov 27 2011 20:29:48 GMT+0100 AccountId=28699575 Session=d3ae8dad-9d8a-4c0f-af73-ef589258fca5
debug ++ [int] eventPhase = 2
debug ++ [Boolean] bubbles = false
debug ++ [Boolean] cancelable = false
debug ++ [String] type = timer
debug +++ [int] repeatCount = 0
debug +++ [int] currentCount = 4
debug +++ [Boolean] running = true
debug +++ [int] delay = 180000
debug +++ [int] repeatCount = 0
debug +++ [int] currentCount = 4
debug +++ [Boolean] running = true
debug +++ [int] delay = 180000
debug time 20:29:49.88 :: After HeartBeat Count=5 Result=5
debug time 20:32:48.881 :: Before HeartBeat Count=6 Time=Sun Nov 27 2011 20:32:48 GMT+0100 AccountId=28699575 Session=d3ae8dad-9d8a-4c0f-af73-ef589258fca5
debug ++ [int] eventPhase = 2
debug ++ [Boolean] bubbles = false
debug ++ [Boolean] cancelable = false
debug ++ [String] type = timer
debug +++ [int] repeatCount = 0
debug +++ [int] currentCount = 5
debug +++ [Boolean] running = true
debug +++ [int] delay = 180000
debug +++ [int] repeatCount = 0
debug +++ [int] currentCount = 5
debug +++ [Boolean] running = true
debug +++ [int] delay = 180000
debug time 20:32:49.87 :: After HeartBeat Count=6 Result=5
debug time 20:35:48.890 :: Before HeartBeat Count=7 Time=Sun Nov 27 2011 20:35:48 GMT+0100 AccountId=28699575 Session=d3ae8dad-9d8a-4c0f-af73-ef589258fca5
debug ++ [int] eventPhase = 2
debug ++ [Boolean] bubbles = false
debug ++ [Boolean] cancelable = false
debug ++ [String] type = timer
debug +++ [int] repeatCount = 0
debug +++ [int] currentCount = 6
debug +++ [Boolean] running = true
debug +++ [int] delay = 180000
debug +++ [int] repeatCount = 0
debug +++ [int] currentCount = 6
debug +++ [Boolean] running = true
debug +++ [int] delay = 180000
debug time 20:35:49.93 :: After HeartBeat Count=7 Result=5
debug time 20:38:48.925 :: Before HeartBeat Count=8 Time=Sun Nov 27 2011 20:38:48 GMT+0100 AccountId=28699575 Session=d3ae8dad-9d8a-4c0f-af73-ef589258fca5
debug ++ [int] eventPhase = 2
debug ++ [Boolean] bubbles = false
debug ++ [Boolean] cancelable = false
debug ++ [String] type = timer
debug +++ [int] repeatCount = 0
debug +++ [int] currentCount = 7
debug +++ [Boolean] running = true
debug +++ [int] delay = 180000
debug +++ [int] repeatCount = 0
debug +++ [int] currentCount = 7
debug +++ [Boolean] running = true
debug +++ [int] delay = 180000
debug time 20:38:49.130 :: After HeartBeat Count=8 Result=5
debug time 20:41:48.924 :: Before HeartBeat Count=9 Time=Sun Nov 27 2011 20:41:48 GMT+0100 AccountId=28699575 Session=d3ae8dad-9d8a-4c0f-af73-ef589258fca5
debug ++ [int] eventPhase = 2
debug ++ [Boolean] bubbles = false
debug ++ [Boolean] cancelable = false
debug ++ [String] type = timer
debug +++ [int] repeatCount = 0
debug +++ [int] currentCount = 8
debug +++ [Boolean] running = true
debug +++ [int] delay = 180000
debug +++ [int] repeatCount = 0
debug +++ [int] currentCount = 8
debug +++ [Boolean] running = true
debug +++ [int] delay = 180000
debug time 20:41:49.134 :: After HeartBeat Count=9 Result=5
debug time 20:44:48.924 :: Before HeartBeat Count=10 Time=Sun Nov 27 2011 20:44:48 GMT+0100 AccountId=28699575 Session=d3ae8dad-9d8a-4c0f-af73-ef589258fca5
debug ++ [int] eventPhase = 2
debug ++ [Boolean] bubbles = false
debug ++ [Boolean] cancelable = false
debug ++ [String] type = timer
debug +++ [int] repeatCount = 0
debug +++ [int] currentCount = 9
debug +++ [Boolean] running = true
debug +++ [int] delay = 180000
debug +++ [int] repeatCount = 0
debug +++ [int] currentCount = 9
debug +++ [Boolean] running = true
debug +++ [int] delay = 180000
debug time 20:44:49.129 :: After HeartBeat Count=10 Result=5
debug time 20:47:48.924 :: Before HeartBeat Count=11 Time=Sun Nov 27 2011 20:47:48 GMT+0100 AccountId=28699575 Session=d3ae8dad-9d8a-4c0f-af73-ef589258fca5
debug ++ [int] eventPhase = 2
debug ++ [Boolean] bubbles = false
debug ++ [Boolean] cancelable = false
debug ++ [String] type = timer
debug +++ [int] repeatCount = 0
debug +++ [int] currentCount = 10
debug +++ [Boolean] running = true
debug +++ [int] delay = 180000
debug +++ [int] repeatCount = 0
debug +++ [int] currentCount = 10
debug +++ [Boolean] running = true
debug +++ [int] delay = 180000
debug time 20:47:49.129 :: After HeartBeat Count=11 Result=5
debug time 20:48:06.608 :: Before HeartBeat Count=12 Time=Sun Nov 27 2011 20:48:06 GMT+0100 AccountId=28699575 Session=d3ae8dad-9d8a-4c0f-af73-ef589258fca5
debug time 20:48:09.504 :: After HeartBeat Count=12 Result=5
debug time 20:51:06.629 :: Before HeartBeat Count=13 Time=Sun Nov 27 2011 20:51:06 GMT+0100 AccountId=28699575 Session=d3ae8dad-9d8a-4c0f-af73-ef589258fca5
debug ++ [int] eventPhase = 2
debug ++ [Boolean] bubbles = false
debug ++ [Boolean] cancelable = false
debug ++ [String] type = timer
debug +++ [int] repeatCount = 0
debug +++ [int] currentCount = 1
debug +++ [Boolean] running = true
debug +++ [int] delay = 180000
debug +++ [int] repeatCount = 0
debug +++ [int] currentCount = 1
debug +++ [Boolean] running = true
debug +++ [int] delay = 180000
debug time 20:51:06.835 :: After HeartBeat Count=13 Result=5
debug time 20:54:06.645 :: Before HeartBeat Count=14 Time=Sun Nov 27 2011 20:54:06 GMT+0100 AccountId=28699575 Session=d3ae8dad-9d8a-4c0f-af73-ef589258fca5
debug ++ [int] eventPhase = 2
debug ++ [Boolean] bubbles = false
debug ++ [Boolean] cancelable = false
debug ++ [String] type = timer
debug +++ [int] repeatCount = 0
debug +++ [int] currentCount = 2
debug +++ [Boolean] running = true
debug +++ [int] delay = 180000
debug +++ [int] repeatCount = 0
debug +++ [int] currentCount = 2
debug +++ [Boolean] running = true
debug +++ [int] delay = 180000
debug time 20:54:06.849 :: After HeartBeat Count=14 Result=5
debug time 20:57:06.686 :: Before HeartBeat Count=15 Time=Sun Nov 27 2011 20:57:06 GMT+0100 AccountId=28699575 Session=d3ae8dad-9d8a-4c0f-af73-ef589258fca5
debug ++ [int] eventPhase = 2
debug ++ [Boolean] bubbles = false
debug ++ [Boolean] cancelable = false
debug ++ [String] type = timer
debug +++ [int] repeatCount = 0
debug +++ [int] currentCount = 3
debug +++ [Boolean] running = true
debug +++ [int] delay = 180000
debug +++ [int] repeatCount = 0
debug +++ [int] currentCount = 3
debug +++ [Boolean] running = true
debug +++ [int] delay = 180000
debug time 20:57:06.974 :: After HeartBeat Count=15 Result=5
debug time 21:00:06.707 :: Before HeartBeat Count=16 Time=Sun Nov 27 2011 21:00:06 GMT+0100 AccountId=28699575 Session=d3ae8dad-9d8a-4c0f-af73-ef589258fca5
debug ++ [int] eventPhase = 2
debug ++ [Boolean] bubbles = false
debug ++ [Boolean] cancelable = false
debug ++ [String] type = timer
debug +++ [int] repeatCount = 0
debug +++ [int] currentCount = 4
debug +++ [Boolean] running = true
debug +++ [int] delay = 180000
debug +++ [int] repeatCount = 0
debug +++ [int] currentCount = 4
debug +++ [Boolean] running = true
debug +++ [int] delay = 180000
debug time 21:00:06.931 :: After HeartBeat Count=16 Result=5
debug time 21:03:06.725 :: Before HeartBeat Count=17 Time=Sun Nov 27 2011 21:03:06 GMT+0100 AccountId=28699575 Session=d3ae8dad-9d8a-4c0f-af73-ef589258fca5
debug ++ [int] eventPhase = 2
debug ++ [Boolean] bubbles = false
debug ++ [Boolean] cancelable = false
debug ++ [String] type = timer
debug +++ [int] repeatCount = 0
debug +++ [int] currentCount = 5
debug +++ [Boolean] running = true
debug +++ [int] delay = 180000
debug +++ [int] repeatCount = 0
debug +++ [int] currentCount = 5
debug +++ [Boolean] running = true
debug +++ [int] delay = 180000
debug time 21:03:06.931 :: After HeartBeat Count=17 Result=5
debug time 21:06:06.725 :: Before HeartBeat Count=18 Time=Sun Nov 27 2011 21:06:06 GMT+0100 AccountId=28699575 Session=d3ae8dad-9d8a-4c0f-af73-ef589258fca5
debug ++ [int] eventPhase = 2
debug ++ [Boolean] bubbles = false
debug ++ [Boolean] cancelable = false
debug ++ [String] type = timer
debug +++ [int] repeatCount = 0
debug +++ [int] currentCount = 6
debug +++ [Boolean] running = true
debug +++ [int] delay = 180000
debug +++ [int] repeatCount = 0
debug +++ [int] currentCount = 6
debug +++ [Boolean] running = true
debug +++ [int] delay = 180000
debug time 21:06:06.929 :: After HeartBeat Count=18 Result=5
debug time 21:09:06.790 :: Before HeartBeat Count=19 Time=Sun Nov 27 2011 21:09:06 GMT+0100 AccountId=28699575 Session=d3ae8dad-9d8a-4c0f-af73-ef589258fca5
debug ++ [int] eventPhase = 2
debug ++ [Boolean] bubbles = false
debug ++ [Boolean] cancelable = false
debug ++ [String] type = timer
debug +++ [int] repeatCount = 0
debug +++ [int] currentCount = 7
debug +++ [Boolean] running = true
debug +++ [int] delay = 180000
debug +++ [int] repeatCount = 0
debug +++ [int] currentCount = 7
debug +++ [Boolean] running = true
debug +++ [int] delay = 180000
debug time 21:09:07.59 :: After HeartBeat Count=19 Result=5
debug time 21:12:06.816 :: Before HeartBeat Count=20 Time=Sun Nov 27 2011 21:12:06 GMT+0100 AccountId=28699575 Session=d3ae8dad-9d8a-4c0f-af73-ef589258fca5
debug ++ [int] eventPhase = 2
debug ++ [Boolean] bubbles = false
debug ++ [Boolean] cancelable = false
debug ++ [String] type = timer
debug +++ [int] repeatCount = 0
debug +++ [int] currentCount = 8
debug +++ [Boolean] running = true
debug +++ [int] delay = 180000
debug +++ [int] repeatCount = 0
debug +++ [int] currentCount = 8
debug +++ [Boolean] running = true
debug +++ [int] delay = 180000
debug time 21:12:07.53 :: After HeartBeat Count=20 Result=5
debug time 21:15:06.826 :: Before HeartBeat Count=21 Time=Sun Nov 27 2011 21:15:06 GMT+0100 AccountId=28699575 Session=d3ae8dad-9d8a-4c0f-af73-ef589258fca5
debug ++ [int] eventPhase = 2
debug ++ [Boolean] bubbles = false
debug ++ [Boolean] cancelable = false
debug ++ [String] type = timer
debug +++ [int] repeatCount = 0
debug +++ [int] currentCount = 9
debug +++ [Boolean] running = true
debug +++ [int] delay = 180000
debug +++ [int] repeatCount = 0
debug +++ [int] currentCount = 9
debug +++ [Boolean] running = true
debug +++ [int] delay = 180000
debug time 21:15:07.32 :: After HeartBeat Count=21 Result=5
debug time 21:18:06.821 :: Before HeartBeat Count=22 Time=Sun Nov 27 2011 21:18:06 GMT+0100 AccountId=28699575 Session=d3ae8dad-9d8a-4c0f-af73-ef589258fca5
debug ++ [int] eventPhase = 2
debug ++ [Boolean] bubbles = false
debug ++ [Boolean] cancelable = false
debug ++ [String] type = timer
debug +++ [int] repeatCount = 0
debug +++ [int] currentCount = 10
debug +++ [Boolean] running = true
debug +++ [int] delay = 180000
debug +++ [int] repeatCount = 0
debug +++ [int] currentCount = 10
debug +++ [Boolean] running = true
debug +++ [int] delay = 180000
debug time 21:18:07.28 :: After HeartBeat Count=22 Result=5
debug time 21:21:06.854 :: Before HeartBeat Count=23 Time=Sun Nov 27 2011 21:21:06 GMT+0100 AccountId=28699575 Session=d3ae8dad-9d8a-4c0f-af73-ef589258fca5
debug ++ [int] eventPhase = 2
debug ++ [Boolean] bubbles = false
debug ++ [Boolean] cancelable = false
debug ++ [String] type = timer
debug +++ [int] repeatCount = 0
debug +++ [int] currentCount = 11
debug +++ [Boolean] running = true
debug +++ [int] delay = 180000
debug +++ [int] repeatCount = 0
debug +++ [int] currentCount = 11
debug +++ [Boolean] running = true
debug +++ [int] delay = 180000
debug time 21:21:07.54 :: After HeartBeat Count=23 Result=5
debug time 21:24:06.853 :: Before HeartBeat Count=24 Time=Sun Nov 27 2011 21:24:06 GMT+0100 AccountId=28699575 Session=d3ae8dad-9d8a-4c0f-af73-ef589258fca5
debug ++ [int] eventPhase = 2
debug ++ [Boolean] bubbles = false
debug ++ [Boolean] cancelable = false
debug ++ [String] type = timer
debug +++ [int] repeatCount = 0
debug +++ [int] currentCount = 12
debug +++ [Boolean] running = true
debug +++ [int] delay = 180000
debug +++ [int] repeatCount = 0
debug +++ [int] currentCount = 12
debug +++ [Boolean] running = true
debug +++ [int] delay = 180000
debug time 21:24:07.83 :: After HeartBeat Count=24 Result=5
debug time 21:27:07.658 :: Before HeartBeat Count=25 Time=Sun Nov 27 2011 21:27:07 GMT+0100 AccountId=28699575 Session=d3ae8dad-9d8a-4c0f-af73-ef589258fca5
debug ++ [int] eventPhase = 2
debug ++ [Boolean] bubbles = false
debug ++ [Boolean] cancelable = false
debug ++ [String] type = timer
debug +++ [int] repeatCount = 0
debug +++ [int] currentCount = 13
debug +++ [Boolean] running = true
debug +++ [int] delay = 180000
debug +++ [int] repeatCount = 0
debug +++ [int] currentCount = 13
debug +++ [Boolean] running = true
debug +++ [int] delay = 180000
debug time 21:27:08.654 :: After HeartBeat Count=25 Result=5
debug time 21:30:07.686 :: Before HeartBeat Count=26 Time=Sun Nov 27 2011 21:30:07 GMT+0100 AccountId=28699575 Session=d3ae8dad-9d8a-4c0f-af73-ef589258fca5
debug ++ [int] eventPhase = 2
debug ++ [Boolean] bubbles = false
debug ++ [Boolean] cancelable = false
debug ++ [String] type = timer
debug +++ [int] repeatCount = 0
debug +++ [int] currentCount = 14
debug +++ [Boolean] running = true
debug +++ [int] delay = 180000
debug +++ [int] repeatCount = 0
debug +++ [int] currentCount = 14
debug +++ [Boolean] running = true
debug +++ [int] delay = 180000
debug time 21:30:08.657 :: After HeartBeat Count=26 Result=5
debug time 21:33:08.657 :: Before HeartBeat Count=27 Time=Sun Nov 27 2011 21:33:08 GMT+0100 AccountId=28699575 Session=d3ae8dad-9d8a-4c0f-af73-ef589258fca5
debug ++ [int] eventPhase = 2
debug ++ [Boolean] bubbles = false
debug ++ [Boolean] cancelable = false
debug ++ [String] type = timer
debug +++ [int] repeatCount = 0
debug +++ [int] currentCount = 15
debug +++ [Boolean] running = true
debug +++ [int] delay = 180000
debug +++ [int] repeatCount = 0
debug +++ [int] currentCount = 15
debug +++ [Boolean] running = true
debug +++ [int] delay = 180000
debug time 21:33:09.651 :: After HeartBeat Count=27 Result=5
debug time 21:36:09.652 :: Before HeartBeat Count=28 Time=Sun Nov 27 2011 21:36:09 GMT+0100 AccountId=28699575 Session=d3ae8dad-9d8a-4c0f-af73-ef589258fca5
debug ++ [int] eventPhase = 2
debug ++ [Boolean] bubbles = false
debug ++ [Boolean] cancelable = false
debug ++ [String] type = timer
debug +++ [int] repeatCount = 0
debug +++ [int] currentCount = 16
debug +++ [Boolean] running = true
debug +++ [int] delay = 180000
debug +++ [int] repeatCount = 0
debug +++ [int] currentCount = 16
debug +++ [Boolean] running = true
debug +++ [int] delay = 180000
debug time 21:36:10.648 :: After HeartBeat Count=28 Result=5
debug time 21:39:09.648 :: Before HeartBeat Count=29 Time=Sun Nov 27 2011 21:39:09 GMT+0100 AccountId=28699575 Session=d3ae8dad-9d8a-4c0f-af73-ef589258fca5
debug ++ [int] eventPhase = 2
debug ++ [Boolean] bubbles = false
debug ++ [Boolean] cancelable = false
debug ++ [String] type = timer
debug +++ [int] repeatCount = 0
debug +++ [int] currentCount = 17
debug +++ [Boolean] running = true
debug +++ [int] delay = 180000
debug +++ [int] repeatCount = 0
debug +++ [int] currentCount = 17
debug +++ [Boolean] running = true
debug +++ [int] delay = 180000
debug time 21:39:10.644 :: After HeartBeat Count=29 Result=5
debug time 21:42:09.648 :: Before HeartBeat Count=30 Time=Sun Nov 27 2011 21:42:09 GMT+0100 AccountId=28699575 Session=d3ae8dad-9d8a-4c0f-af73-ef589258fca5
debug ++ [int] eventPhase = 2
debug ++ [Boolean] bubbles = false
debug ++ [Boolean] cancelable = false
debug ++ [String] type = timer
debug +++ [int] repeatCount = 0
debug +++ [int] currentCount = 18
debug +++ [Boolean] running = true
debug +++ [int] delay = 180000
debug +++ [int] repeatCount = 0
debug +++ [int] currentCount = 18
debug +++ [Boolean] running = true
debug +++ [int] delay = 180000
debug time 21:42:10.644 :: After HeartBeat Count=30 Result=5
debug time 21:45:09.680 :: Before HeartBeat Count=31 Time=Sun Nov 27 2011 21:45:09 GMT+0100 AccountId=28699575 Session=d3ae8dad-9d8a-4c0f-af73-ef589258fca5
debug ++ [int] eventPhase = 2
debug ++ [Boolean] bubbles = false
debug ++ [Boolean] cancelable = false
debug ++ [String] type = timer
debug +++ [int] repeatCount = 0
debug +++ [int] currentCount = 19
debug +++ [Boolean] running = true
debug +++ [int] delay = 180000
debug +++ [int] repeatCount = 0
debug +++ [int] currentCount = 19
debug +++ [Boolean] running = true
debug +++ [int] delay = 180000
debug time 21:45:10.650 :: After HeartBeat Count=31 Result=5
debug time 21:48:10.648 :: Before HeartBeat Count=32 Time=Sun Nov 27 2011 21:48:10 GMT+0100 AccountId=28699575 Session=d3ae8dad-9d8a-4c0f-af73-ef589258fca5
debug ++ [int] eventPhase = 2
debug ++ [Boolean] bubbles = false
debug ++ [Boolean] cancelable = false
debug ++ [String] type = timer
debug +++ [int] repeatCount = 0
debug +++ [int] currentCount = 20
debug +++ [Boolean] running = true
debug +++ [int] delay = 180000
debug +++ [int] repeatCount = 0
debug +++ [int] currentCount = 20
debug +++ [Boolean] running = true
debug +++ [int] delay = 180000
debug time 21:48:11.645 :: After HeartBeat Count=32 Result=5
debug time 21:51:10.646 :: Before HeartBeat Count=33 Time=Sun Nov 27 2011 21:51:10 GMT+0100 AccountId=28699575 Session=d3ae8dad-9d8a-4c0f-af73-ef589258fca5
debug ++ [int] eventPhase = 2
debug ++ [Boolean] bubbles = false
debug ++ [Boolean] cancelable = false
debug ++ [String] type = timer
debug +++ [int] repeatCount = 0
debug +++ [int] currentCount = 21
debug +++ [Boolean] running = true
debug +++ [int] delay = 180000
debug +++ [int] repeatCount = 0
debug +++ [int] currentCount = 21
debug +++ [Boolean] running = true
debug +++ [int] delay = 180000
debug time 21:51:11.642 :: After HeartBeat Count=33 Result=5
debug time 21:54:10.647 :: Before HeartBeat Count=34 Time=Sun Nov 27 2011 21:54:10 GMT+0100 AccountId=28699575 Session=d3ae8dad-9d8a-4c0f-af73-ef589258fca5
debug ++ [int] eventPhase = 2
debug ++ [Boolean] bubbles = false
debug ++ [Boolean] cancelable = false
debug ++ [String] type = timer
debug +++ [int] repeatCount = 0
debug +++ [int] currentCount = 22
debug +++ [Boolean] running = true
debug +++ [int] delay = 180000
debug +++ [int] repeatCount = 0
debug +++ [int] currentCount = 22
debug +++ [Boolean] running = true
debug +++ [int] delay = 180000
debug time 21:54:11.643 :: After HeartBeat Count=34 Result=5
debug time 21:57:10.648 :: Before HeartBeat Count=35 Time=Sun Nov 27 2011 21:57:10 GMT+0100 AccountId=28699575 Session=d3ae8dad-9d8a-4c0f-af73-ef589258fca5
debug ++ [int] eventPhase = 2
debug ++ [Boolean] bubbles = false
debug ++ [Boolean] cancelable = false
debug ++ [String] type = timer
debug +++ [int] repeatCount = 0
debug +++ [int] currentCount = 23
debug +++ [Boolean] running = true
debug +++ [int] delay = 180000
debug +++ [int] repeatCount = 0
debug +++ [int] currentCount = 23
debug +++ [Boolean] running = true
debug +++ [int] delay = 180000
debug time 21:57:11.644 :: After HeartBeat Count=35 Result=5
debug time 22:00:11.645 :: Before HeartBeat Count=36 Time=Sun Nov 27 2011 22:00:11 GMT+0100 AccountId=28699575 Session=d3ae8dad-9d8a-4c0f-af73-ef589258fca5
debug ++ [int] eventPhase = 2
debug ++ [Boolean] bubbles = false
debug ++ [Boolean] cancelable = false
debug ++ [String] type = timer
debug +++ [int] repeatCount = 0
debug +++ [int] currentCount = 24
debug +++ [Boolean] running = true
debug +++ [int] delay = 180000
debug +++ [int] repeatCount = 0
debug +++ [int] currentCount = 24
debug +++ [Boolean] running = true
debug +++ [int] delay = 180000
debug time 22:00:12.647 :: After HeartBeat Count=36 Result=5
debug time 22:01:53.849 :: Performing heartbeat at Sun Nov 27 2011 22:01:53 GMT+0100
debug time 22:03:11.666 :: Before HeartBeat Count=37 Time=Sun Nov 27 2011 22:03:11 GMT+0100 AccountId=28699575 Session=d3ae8dad-9d8a-4c0f-af73-ef589258fca5
debug ++ [int] eventPhase = 2
debug ++ [Boolean] bubbles = false
debug ++ [Boolean] cancelable = false
debug ++ [String] type = timer
debug +++ [int] repeatCount = 0
debug +++ [int] currentCount = 25
debug +++ [Boolean] running = true
debug +++ [int] delay = 180000
debug +++ [int] repeatCount = 0
debug +++ [int] currentCount = 25
debug +++ [Boolean] running = true
debug +++ [int] delay = 180000
debug time 22:03:11.876 :: After HeartBeat Count=37 Result=5
debug time 22:06:12.648 :: Before HeartBeat Count=38 Time=Sun Nov 27 2011 22:06:12 GMT+0100 AccountId=28699575 Session=d3ae8dad-9d8a-4c0f-af73-ef589258fca5
debug ++ [int] eventPhase = 2
debug ++ [Boolean] bubbles = false
debug ++ [Boolean] cancelable = false
debug ++ [String] type = timer
debug +++ [int] repeatCount = 0
debug +++ [int] currentCount = 26
debug +++ [Boolean] running = true
debug +++ [int] delay = 180000
debug +++ [int] repeatCount = 0
debug +++ [int] currentCount = 26
debug +++ [Boolean] running = true
debug +++ [int] delay = 180000
debug time 22:06:13.648 :: After HeartBeat Count=38 Result=5
debug time 22:09:13.649 :: Before HeartBeat Count=39 Time=Sun Nov 27 2011 22:09:13 GMT+0100 AccountId=28699575 Session=d3ae8dad-9d8a-4c0f-af73-ef589258fca5
debug ++ [int] eventPhase = 2
debug ++ [Boolean] bubbles = false
debug ++ [Boolean] cancelable = false
debug ++ [String] type = timer
debug +++ [int] repeatCount = 0
debug +++ [int] currentCount = 27
debug +++ [Boolean] running = true
debug +++ [int] delay = 180000
debug +++ [int] repeatCount = 0
debug +++ [int] currentCount = 27
debug +++ [Boolean] running = true
debug +++ [int] delay = 180000
debug time 22:09:14.643 :: After HeartBeat Count=39 Result=5
debug time 22:12:13.650 :: Before HeartBeat Count=40 Time=Sun Nov 27 2011 22:12:13 GMT+0100 AccountId=28699575 Session=d3ae8dad-9d8a-4c0f-af73-ef589258fca5
debug ++ [int] eventPhase = 2
debug ++ [Boolean] bubbles = false
debug ++ [Boolean] cancelable = false
debug ++ [String] type = timer
debug +++ [int] repeatCount = 0
debug +++ [int] currentCount = 28
debug +++ [Boolean] running = true
debug +++ [int] delay = 180000
debug +++ [int] repeatCount = 0
debug +++ [int] currentCount = 28
debug +++ [Boolean] running = true
debug +++ [int] delay = 180000
debug time 22:12:14.644 :: After HeartBeat Count=40 Result=5
debug time 22:15:13.684 :: Before HeartBeat Count=41 Time=Sun Nov 27 2011 22:15:13 GMT+0100 AccountId=28699575 Session=d3ae8dad-9d8a-4c0f-af73-ef589258fca5
debug ++ [int] eventPhase = 2
debug ++ [Boolean] bubbles = false
debug ++ [Boolean] cancelable = false
debug ++ [String] type = timer
debug +++ [int] repeatCount = 0
debug +++ [int] currentCount = 29
debug +++ [Boolean] running = true
debug +++ [int] delay = 180000
debug +++ [int] repeatCount = 0
debug +++ [int] currentCount = 29
debug +++ [Boolean] running = true
debug +++ [int] delay = 180000
debug time 22:15:14.648 :: After HeartBeat Count=41 Result=5
debug time 22:18:14.647 :: Before HeartBeat Count=42 Time=Sun Nov 27 2011 22:18:14 GMT+0100 AccountId=28699575 Session=d3ae8dad-9d8a-4c0f-af73-ef589258fca5
debug ++ [int] eventPhase = 2
debug ++ [Boolean] bubbles = false
debug ++ [Boolean] cancelable = false
debug ++ [String] type = timer
debug +++ [int] repeatCount = 0
debug +++ [int] currentCount = 30
debug +++ [Boolean] running = true
debug +++ [int] delay = 180000
debug +++ [int] repeatCount = 0
debug +++ [int] currentCount = 30
debug +++ [Boolean] running = true
debug +++ [int] delay = 180000
debug time 22:18:15.643 :: After HeartBeat Count=42 Result=5
debug time 22:21:14.648 :: Before HeartBeat Count=43 Time=Sun Nov 27 2011 22:21:14 GMT+0100 AccountId=28699575 Session=d3ae8dad-9d8a-4c0f-af73-ef589258fca5
debug ++ [int] eventPhase = 2
debug ++ [Boolean] bubbles = false
debug ++ [Boolean] cancelable = false
debug ++ [String] type = timer
debug +++ [int] repeatCount = 0
debug +++ [int] currentCount = 31
debug +++ [Boolean] running = true
debug +++ [int] delay = 180000
debug +++ [int] repeatCount = 0
debug +++ [int] currentCount = 31
debug +++ [Boolean] running = true
debug +++ [int] delay = 180000
debug time 22:21:15.645 :: After HeartBeat Count=43 Result=5
debug time 22:24:15.649 :: Before HeartBeat Count=44 Time=Sun Nov 27 2011 22:24:15 GMT+0100 AccountId=28699575 Session=d3ae8dad-9d8a-4c0f-af73-ef589258fca5
debug ++ [int] eventPhase = 2
debug ++ [Boolean] bubbles = false
debug ++ [Boolean] cancelable = false
debug ++ [String] type = timer
debug +++ [int] repeatCount = 0
debug +++ [int] currentCount = 32
debug +++ [Boolean] running = true
debug +++ [int] delay = 180000
debug +++ [int] repeatCount = 0
debug +++ [int] currentCount = 32
debug +++ [Boolean] running = true
debug +++ [int] delay = 180000
debug time 22:24:16.644 :: After HeartBeat Count=44 Result=5
debug time 22:27:16.648 :: Before HeartBeat Count=45 Time=Sun Nov 27 2011 22:27:16 GMT+0100 AccountId=28699575 Session=d3ae8dad-9d8a-4c0f-af73-ef589258fca5
debug ++ [int] eventPhase = 2
debug ++ [Boolean] bubbles = false
debug ++ [Boolean] cancelable = false
debug ++ [String] type = timer
debug +++ [int] repeatCount = 0
debug +++ [int] currentCount = 33
debug +++ [Boolean] running = true
debug +++ [int] delay = 180000
debug +++ [int] repeatCount = 0
debug +++ [int] currentCount = 33
debug +++ [Boolean] running = true
debug +++ [int] delay = 180000
debug time 22:27:17.644 :: After HeartBeat Count=45 Result=5
debug time 22:30:16.666 :: Before HeartBeat Count=46 Time=Sun Nov 27 2011 22:30:16 GMT+0100 AccountId=28699575 Session=d3ae8dad-9d8a-4c0f-af73-ef589258fca5
debug ++ [int] eventPhase = 2
debug ++ [Boolean] bubbles = false
debug ++ [Boolean] cancelable = false
debug ++ [String] type = timer
debug +++ [int] repeatCount = 0
debug +++ [int] currentCount = 34
debug +++ [Boolean] running = true
debug +++ [int] delay = 180000
debug +++ [int] repeatCount = 0
debug +++ [int] currentCount = 34
debug +++ [Boolean] running = true
debug +++ [int] delay = 180000
debug time 22:30:17.644 :: After HeartBeat Count=46 Result=5
debug time 22:33:17.650 :: Before HeartBeat Count=47 Time=Sun Nov 27 2011 22:33:17 GMT+0100 AccountId=28699575 Session=d3ae8dad-9d8a-4c0f-af73-ef589258fca5
debug ++ [int] eventPhase = 2
debug ++ [Boolean] bubbles = false
debug ++ [Boolean] cancelable = false
debug ++ [String] type = timer
debug +++ [int] repeatCount = 0
debug +++ [int] currentCount = 35
debug +++ [Boolean] running = true
debug +++ [int] delay = 180000
debug +++ [int] repeatCount = 0
debug +++ [int] currentCount = 35
debug +++ [Boolean] running = true
debug +++ [int] delay = 180000
debug time 22:33:18.644 :: After HeartBeat Count=47 Result=5
debug time 22:36:17.650 :: Before HeartBeat Count=48 Time=Sun Nov 27 2011 22:36:17 GMT+0100 AccountId=28699575 Session=d3ae8dad-9d8a-4c0f-af73-ef589258fca5
debug ++ [int] eventPhase = 2
debug ++ [Boolean] bubbles = false
debug ++ [Boolean] cancelable = false
debug ++ [String] type = timer
debug +++ [int] repeatCount = 0
debug +++ [int] currentCount = 36
debug +++ [Boolean] running = true
debug +++ [int] delay = 180000
debug +++ [int] repeatCount = 0
debug +++ [int] currentCount = 36
debug +++ [Boolean] running = true
debug +++ [int] delay = 180000
debug time 22:36:18.644 :: After HeartBeat Count=48 Result=5
debug time 22:39:18.666 :: Before HeartBeat Count=49 Time=Sun Nov 27 2011 22:39:18 GMT+0100 AccountId=28699575 Session=d3ae8dad-9d8a-4c0f-af73-ef589258fca5
debug ++ [int] eventPhase = 2
debug ++ [Boolean] bubbles = false
debug ++ [Boolean] cancelable = false
debug ++ [String] type = timer
debug +++ [int] repeatCount = 0
debug +++ [int] currentCount = 37
debug +++ [Boolean] running = true
debug +++ [int] delay = 180000
debug +++ [int] repeatCount = 0
debug +++ [int] currentCount = 37
debug +++ [Boolean] running = true
debug +++ [int] delay = 180000
debug time 22:39:19.644 :: After HeartBeat Count=49 Result=5
debug time 22:40:34.687 :: Performing heartbeat at Sun Nov 27 2011 22:40:34 GMT+0100
