debug time 18:18:45.437 :: Before HeartBeat Count=1 Time=Tue Jan 3 2012 18:18:45 GMT+0100 AccountId=29131007 Session=b0c3a14b-aab0-41c1-87d6-1565925085b6
STOP LOGGING: More than 0 nested objects or properties. 
debug time 18:18:46.372 :: After HeartBeat Count=1 Result=5
debug time 18:20:45.446 :: Before HeartBeat Count=2 Time=Tue Jan 3 2012 18:20:45 GMT+0100 AccountId=29131007 Session=b0c3a14b-aab0-41c1-87d6-1565925085b6
debug ++ [int] eventPhase = 2
debug ++ [Boolean] bubbles = false
debug ++ [Boolean] cancelable = false
debug ++ [String] type = timer
debug +++ [int] repeatCount = 0
debug +++ [int] currentCount = 1
debug +++ [Boolean] running = true
debug +++ [int] delay = 120000
debug +++ [int] repeatCount = 0
debug +++ [int] currentCount = 1
debug +++ [Boolean] running = true
debug +++ [int] delay = 120000
debug time 18:20:45.687 :: After HeartBeat Count=2 Result=5
debug time 18:22:46.131 :: Before HeartBeat Count=3 Time=Tue Jan 3 2012 18:22:46 GMT+0100 AccountId=29131007 Session=b0c3a14b-aab0-41c1-87d6-1565925085b6
debug ++ [int] eventPhase = 2
debug ++ [Boolean] bubbles = false
debug ++ [Boolean] cancelable = false
debug ++ [String] type = timer
debug +++ [int] repeatCount = 0
debug +++ [int] currentCount = 2
debug +++ [Boolean] running = true
debug +++ [int] delay = 120000
debug +++ [int] repeatCount = 0
debug +++ [int] currentCount = 2
debug +++ [Boolean] running = true
debug +++ [int] delay = 120000
debug time 18:22:47.127 :: After HeartBeat Count=3 Result=5
debug time 18:24:46.131 :: Before HeartBeat Count=4 Time=Tue Jan 3 2012 18:24:46 GMT+0100 AccountId=29131007 Session=b0c3a14b-aab0-41c1-87d6-1565925085b6
debug ++ [int] eventPhase = 2
debug ++ [Boolean] bubbles = false
debug ++ [Boolean] cancelable = false
debug ++ [String] type = timer
debug +++ [int] repeatCount = 0
debug +++ [int] currentCount = 3
debug +++ [Boolean] running = true
debug +++ [int] delay = 120000
debug +++ [int] repeatCount = 0
debug +++ [int] currentCount = 3
debug +++ [Boolean] running = true
debug +++ [int] delay = 120000
debug time 18:24:47.127 :: After HeartBeat Count=4 Result=5
debug time 18:26:46.135 :: Before HeartBeat Count=5 Time=Tue Jan 3 2012 18:26:46 GMT+0100 AccountId=29131007 Session=b0c3a14b-aab0-41c1-87d6-1565925085b6
debug ++ [int] eventPhase = 2
debug ++ [Boolean] bubbles = false
debug ++ [Boolean] cancelable = false
debug ++ [String] type = timer
debug +++ [int] repeatCount = 0
debug +++ [int] currentCount = 4
debug +++ [Boolean] running = true
debug +++ [int] delay = 120000
debug +++ [int] repeatCount = 0
debug +++ [int] currentCount = 4
debug +++ [Boolean] running = true
debug +++ [int] delay = 120000
debug time 18:26:47.127 :: After HeartBeat Count=5 Result=5
debug time 18:28:47.131 :: Before HeartBeat Count=6 Time=Tue Jan 3 2012 18:28:47 GMT+0100 AccountId=29131007 Session=b0c3a14b-aab0-41c1-87d6-1565925085b6
debug ++ [int] eventPhase = 2
debug ++ [Boolean] bubbles = false
debug ++ [Boolean] cancelable = false
debug ++ [String] type = timer
debug +++ [int] repeatCount = 0
debug +++ [int] currentCount = 5
debug +++ [Boolean] running = true
debug +++ [int] delay = 120000
debug +++ [int] repeatCount = 0
debug +++ [int] currentCount = 5
debug +++ [Boolean] running = true
debug +++ [int] delay = 120000
debug time 18:28:48.127 :: After HeartBeat Count=6 Result=5
debug time 18:30:48.131 :: Before HeartBeat Count=7 Time=Tue Jan 3 2012 18:30:48 GMT+0100 AccountId=29131007 Session=b0c3a14b-aab0-41c1-87d6-1565925085b6
debug ++ [int] eventPhase = 2
debug ++ [Boolean] bubbles = false
debug ++ [Boolean] cancelable = false
debug ++ [String] type = timer
debug +++ [int] repeatCount = 0
debug +++ [int] currentCount = 6
debug +++ [Boolean] running = true
debug +++ [int] delay = 120000
debug +++ [int] repeatCount = 0
debug +++ [int] currentCount = 6
debug +++ [Boolean] running = true
debug +++ [int] delay = 120000
debug time 18:30:49.128 :: After HeartBeat Count=7 Result=5
debug time 18:32:48.154 :: Before HeartBeat Count=8 Time=Tue Jan 3 2012 18:32:48 GMT+0100 AccountId=29131007 Session=b0c3a14b-aab0-41c1-87d6-1565925085b6
debug ++ [int] eventPhase = 2
debug ++ [Boolean] bubbles = false
debug ++ [Boolean] cancelable = false
debug ++ [String] type = timer
debug +++ [int] repeatCount = 0
debug +++ [int] currentCount = 7
debug +++ [Boolean] running = true
debug +++ [int] delay = 120000
debug +++ [int] repeatCount = 0
debug +++ [int] currentCount = 7
debug +++ [Boolean] running = true
debug +++ [int] delay = 120000
debug time 18:32:49.127 :: After HeartBeat Count=8 Result=5
debug time 18:34:49.130 :: Before HeartBeat Count=9 Time=Tue Jan 3 2012 18:34:49 GMT+0100 AccountId=29131007 Session=b0c3a14b-aab0-41c1-87d6-1565925085b6
debug ++ [int] eventPhase = 2
debug ++ [Boolean] bubbles = false
debug ++ [Boolean] cancelable = false
debug ++ [String] type = timer
debug +++ [int] repeatCount = 0
debug +++ [int] currentCount = 8
debug +++ [Boolean] running = true
debug +++ [int] delay = 120000
debug +++ [int] repeatCount = 0
debug +++ [int] currentCount = 8
debug +++ [Boolean] running = true
debug +++ [int] delay = 120000
debug time 18:34:50.128 :: After HeartBeat Count=9 Result=5
debug time 18:36:49.130 :: Before HeartBeat Count=10 Time=Tue Jan 3 2012 18:36:49 GMT+0100 AccountId=29131007 Session=b0c3a14b-aab0-41c1-87d6-1565925085b6
debug ++ [int] eventPhase = 2
debug ++ [Boolean] bubbles = false
debug ++ [Boolean] cancelable = false
debug ++ [String] type = timer
debug +++ [int] repeatCount = 0
debug +++ [int] currentCount = 9
debug +++ [Boolean] running = true
debug +++ [int] delay = 120000
debug +++ [int] repeatCount = 0
debug +++ [int] currentCount = 9
debug +++ [Boolean] running = true
debug +++ [int] delay = 120000
debug time 18:36:50.127 :: After HeartBeat Count=10 Result=5
debug time 18:38:49.130 :: Before HeartBeat Count=11 Time=Tue Jan 3 2012 18:38:49 GMT+0100 AccountId=29131007 Session=b0c3a14b-aab0-41c1-87d6-1565925085b6
debug ++ [int] eventPhase = 2
debug ++ [Boolean] bubbles = false
debug ++ [Boolean] cancelable = false
debug ++ [String] type = timer
debug +++ [int] repeatCount = 0
debug +++ [int] currentCount = 10
debug +++ [Boolean] running = true
debug +++ [int] delay = 120000
debug +++ [int] repeatCount = 0
debug +++ [int] currentCount = 10
debug +++ [Boolean] running = true
debug +++ [int] delay = 120000
debug time 18:38:50.127 :: After HeartBeat Count=11 Result=5
debug time 18:40:49.130 :: Before HeartBeat Count=12 Time=Tue Jan 3 2012 18:40:49 GMT+0100 AccountId=29131007 Session=b0c3a14b-aab0-41c1-87d6-1565925085b6
debug ++ [int] eventPhase = 2
debug ++ [Boolean] bubbles = false
debug ++ [Boolean] cancelable = false
debug ++ [String] type = timer
debug +++ [int] repeatCount = 0
debug +++ [int] currentCount = 11
debug +++ [Boolean] running = true
debug +++ [int] delay = 120000
debug +++ [int] repeatCount = 0
debug +++ [int] currentCount = 11
debug +++ [Boolean] running = true
debug +++ [int] delay = 120000
debug time 18:40:50.127 :: After HeartBeat Count=12 Result=5
debug time 18:42:49.131 :: Before HeartBeat Count=13 Time=Tue Jan 3 2012 18:42:49 GMT+0100 AccountId=29131007 Session=b0c3a14b-aab0-41c1-87d6-1565925085b6
debug ++ [int] eventPhase = 2
debug ++ [Boolean] bubbles = false
debug ++ [Boolean] cancelable = false
debug ++ [String] type = timer
debug +++ [int] repeatCount = 0
debug +++ [int] currentCount = 12
debug +++ [Boolean] running = true
debug +++ [int] delay = 120000
debug +++ [int] repeatCount = 0
debug +++ [int] currentCount = 12
debug +++ [Boolean] running = true
debug +++ [int] delay = 120000
debug time 18:42:50.127 :: After HeartBeat Count=13 Result=5
debug time 18:44:50.131 :: Before HeartBeat Count=14 Time=Tue Jan 3 2012 18:44:50 GMT+0100 AccountId=29131007 Session=b0c3a14b-aab0-41c1-87d6-1565925085b6
debug ++ [int] eventPhase = 2
debug ++ [Boolean] bubbles = false
debug ++ [Boolean] cancelable = false
debug ++ [String] type = timer
debug +++ [int] repeatCount = 0
debug +++ [int] currentCount = 13
debug +++ [Boolean] running = true
debug +++ [int] delay = 120000
debug +++ [int] repeatCount = 0
debug +++ [int] currentCount = 13
debug +++ [Boolean] running = true
debug +++ [int] delay = 120000
debug time 18:44:51.127 :: After HeartBeat Count=14 Result=5
debug time 18:46:50.132 :: Before HeartBeat Count=15 Time=Tue Jan 3 2012 18:46:50 GMT+0100 AccountId=29131007 Session=b0c3a14b-aab0-41c1-87d6-1565925085b6
debug ++ [int] eventPhase = 2
debug ++ [Boolean] bubbles = false
debug ++ [Boolean] cancelable = false
debug ++ [String] type = timer
debug +++ [int] repeatCount = 0
debug +++ [int] currentCount = 14
debug +++ [Boolean] running = true
debug +++ [int] delay = 120000
debug +++ [int] repeatCount = 0
debug +++ [int] currentCount = 14
debug +++ [Boolean] running = true
debug +++ [int] delay = 120000
debug time 18:46:51.128 :: After HeartBeat Count=15 Result=5
debug time 18:48:50.131 :: Before HeartBeat Count=16 Time=Tue Jan 3 2012 18:48:50 GMT+0100 AccountId=29131007 Session=b0c3a14b-aab0-41c1-87d6-1565925085b6
debug ++ [int] eventPhase = 2
debug ++ [Boolean] bubbles = false
debug ++ [Boolean] cancelable = false
debug ++ [String] type = timer
debug +++ [int] repeatCount = 0
debug +++ [int] currentCount = 15
debug +++ [Boolean] running = true
debug +++ [int] delay = 120000
debug +++ [int] repeatCount = 0
debug +++ [int] currentCount = 15
debug +++ [Boolean] running = true
debug +++ [int] delay = 120000
debug time 18:48:51.127 :: After HeartBeat Count=16 Result=5
debug time 18:50:50.131 :: Before HeartBeat Count=17 Time=Tue Jan 3 2012 18:50:50 GMT+0100 AccountId=29131007 Session=b0c3a14b-aab0-41c1-87d6-1565925085b6
debug ++ [int] eventPhase = 2
debug ++ [Boolean] bubbles = false
debug ++ [Boolean] cancelable = false
debug ++ [String] type = timer
debug +++ [int] repeatCount = 0
debug +++ [int] currentCount = 16
debug +++ [Boolean] running = true
debug +++ [int] delay = 120000
debug +++ [int] repeatCount = 0
debug +++ [int] currentCount = 16
debug +++ [Boolean] running = true
debug +++ [int] delay = 120000
debug time 18:50:51.127 :: After HeartBeat Count=17 Result=5
debug time 18:52:50.131 :: Before HeartBeat Count=18 Time=Tue Jan 3 2012 18:52:50 GMT+0100 AccountId=29131007 Session=b0c3a14b-aab0-41c1-87d6-1565925085b6
debug ++ [int] eventPhase = 2
debug ++ [Boolean] bubbles = false
debug ++ [Boolean] cancelable = false
debug ++ [String] type = timer
debug +++ [int] repeatCount = 0
debug +++ [int] currentCount = 17
debug +++ [Boolean] running = true
debug +++ [int] delay = 120000
debug +++ [int] repeatCount = 0
debug +++ [int] currentCount = 17
debug +++ [Boolean] running = true
debug +++ [int] delay = 120000
debug time 18:52:51.127 :: After HeartBeat Count=18 Result=5
debug time 18:54:50.131 :: Before HeartBeat Count=19 Time=Tue Jan 3 2012 18:54:50 GMT+0100 AccountId=29131007 Session=b0c3a14b-aab0-41c1-87d6-1565925085b6
debug ++ [int] eventPhase = 2
debug ++ [Boolean] bubbles = false
debug ++ [Boolean] cancelable = false
debug ++ [String] type = timer
debug +++ [int] repeatCount = 0
debug +++ [int] currentCount = 18
debug +++ [Boolean] running = true
debug +++ [int] delay = 120000
debug +++ [int] repeatCount = 0
debug +++ [int] currentCount = 18
debug +++ [Boolean] running = true
debug +++ [int] delay = 120000
debug time 18:54:51.128 :: After HeartBeat Count=19 Result=5
debug time 18:56:50.157 :: Before HeartBeat Count=20 Time=Tue Jan 3 2012 18:56:50 GMT+0100 AccountId=29131007 Session=b0c3a14b-aab0-41c1-87d6-1565925085b6
debug ++ [int] eventPhase = 2
debug ++ [Boolean] bubbles = false
debug ++ [Boolean] cancelable = false
debug ++ [String] type = timer
debug +++ [int] repeatCount = 0
debug +++ [int] currentCount = 19
debug +++ [Boolean] running = true
debug +++ [int] delay = 120000
debug +++ [int] repeatCount = 0
debug +++ [int] currentCount = 19
debug +++ [Boolean] running = true
debug +++ [int] delay = 120000
debug time 18:56:51.127 :: After HeartBeat Count=20 Result=5
debug time 18:58:51.130 :: Before HeartBeat Count=21 Time=Tue Jan 3 2012 18:58:51 GMT+0100 AccountId=29131007 Session=b0c3a14b-aab0-41c1-87d6-1565925085b6
debug ++ [int] eventPhase = 2
debug ++ [Boolean] bubbles = false
debug ++ [Boolean] cancelable = false
debug ++ [String] type = timer
debug +++ [int] repeatCount = 0
debug +++ [int] currentCount = 20
debug +++ [Boolean] running = true
debug +++ [int] delay = 120000
debug +++ [int] repeatCount = 0
debug +++ [int] currentCount = 20
debug +++ [Boolean] running = true
debug +++ [int] delay = 120000
debug time 18:58:52.127 :: After HeartBeat Count=21 Result=5
debug time 19:00:51.130 :: Before HeartBeat Count=22 Time=Tue Jan 3 2012 19:00:51 GMT+0100 AccountId=29131007 Session=b0c3a14b-aab0-41c1-87d6-1565925085b6
debug ++ [int] eventPhase = 2
debug ++ [Boolean] bubbles = false
debug ++ [Boolean] cancelable = false
debug ++ [String] type = timer
debug +++ [int] repeatCount = 0
debug +++ [int] currentCount = 21
debug +++ [Boolean] running = true
debug +++ [int] delay = 120000
debug +++ [int] repeatCount = 0
debug +++ [int] currentCount = 21
debug +++ [Boolean] running = true
debug +++ [int] delay = 120000
debug time 19:00:52.127 :: After HeartBeat Count=22 Result=5
debug time 19:02:51.130 :: Before HeartBeat Count=23 Time=Tue Jan 3 2012 19:02:51 GMT+0100 AccountId=29131007 Session=b0c3a14b-aab0-41c1-87d6-1565925085b6
debug ++ [int] eventPhase = 2
debug ++ [Boolean] bubbles = false
debug ++ [Boolean] cancelable = false
debug ++ [String] type = timer
debug +++ [int] repeatCount = 0
debug +++ [int] currentCount = 22
debug +++ [Boolean] running = true
debug +++ [int] delay = 120000
debug +++ [int] repeatCount = 0
debug +++ [int] currentCount = 22
debug +++ [Boolean] running = true
debug +++ [int] delay = 120000
debug time 19:02:52.128 :: After HeartBeat Count=23 Result=5
debug time 19:03:34.187 :: Performing heartbeat at Tue Jan 3 2012 19:03:34 GMT+0100
debug time 19:04:51.152 :: Before HeartBeat Count=24 Time=Tue Jan 3 2012 19:04:51 GMT+0100 AccountId=29131007 Session=b0c3a14b-aab0-41c1-87d6-1565925085b6
debug ++ [int] eventPhase = 2
debug ++ [Boolean] bubbles = false
debug ++ [Boolean] cancelable = false
debug ++ [String] type = timer
debug +++ [int] repeatCount = 0
debug +++ [int] currentCount = 23
debug +++ [Boolean] running = true
debug +++ [int] delay = 120000
debug +++ [int] repeatCount = 0
debug +++ [int] currentCount = 23
debug +++ [Boolean] running = true
debug +++ [int] delay = 120000
debug time 19:04:51.351 :: After HeartBeat Count=24 Result=5
debug time 19:06:51.167 :: Before HeartBeat Count=25 Time=Tue Jan 3 2012 19:06:51 GMT+0100 AccountId=29131007 Session=b0c3a14b-aab0-41c1-87d6-1565925085b6
debug ++ [int] eventPhase = 2
debug ++ [Boolean] bubbles = false
debug ++ [Boolean] cancelable = false
debug ++ [String] type = timer
debug +++ [int] repeatCount = 0
debug +++ [int] currentCount = 24
debug +++ [Boolean] running = true
debug +++ [int] delay = 120000
debug +++ [int] repeatCount = 0
debug +++ [int] currentCount = 24
debug +++ [Boolean] running = true
debug +++ [int] delay = 120000
debug time 19:06:51.367 :: After HeartBeat Count=25 Result=5
debug time 19:08:51.586 :: Before HeartBeat Count=26 Time=Tue Jan 3 2012 19:08:51 GMT+0100 AccountId=29131007 Session=b0c3a14b-aab0-41c1-87d6-1565925085b6
debug ++ [int] eventPhase = 2
debug ++ [Boolean] bubbles = false
debug ++ [Boolean] cancelable = false
debug ++ [String] type = timer
debug +++ [int] repeatCount = 0
debug +++ [int] currentCount = 25
debug +++ [Boolean] running = true
debug +++ [int] delay = 120000
debug +++ [int] repeatCount = 0
debug +++ [int] currentCount = 25
debug +++ [Boolean] running = true
debug +++ [int] delay = 120000
debug time 19:08:52.582 :: After HeartBeat Count=26 Result=5
debug time 19:10:51.591 :: Before HeartBeat Count=27 Time=Tue Jan 3 2012 19:10:51 GMT+0100 AccountId=29131007 Session=b0c3a14b-aab0-41c1-87d6-1565925085b6
debug ++ [int] eventPhase = 2
debug ++ [Boolean] bubbles = false
debug ++ [Boolean] cancelable = false
debug ++ [String] type = timer
debug +++ [int] repeatCount = 0
debug +++ [int] currentCount = 26
debug +++ [Boolean] running = true
debug +++ [int] delay = 120000
debug +++ [int] repeatCount = 0
debug +++ [int] currentCount = 26
debug +++ [Boolean] running = true
debug +++ [int] delay = 120000
debug time 19:10:52.582 :: After HeartBeat Count=27 Result=5
debug time 19:12:51.591 :: Before HeartBeat Count=28 Time=Tue Jan 3 2012 19:12:51 GMT+0100 AccountId=29131007 Session=b0c3a14b-aab0-41c1-87d6-1565925085b6
debug ++ [int] eventPhase = 2
debug ++ [Boolean] bubbles = false
debug ++ [Boolean] cancelable = false
debug ++ [String] type = timer
debug +++ [int] repeatCount = 0
debug +++ [int] currentCount = 27
debug +++ [Boolean] running = true
debug +++ [int] delay = 120000
debug +++ [int] repeatCount = 0
debug +++ [int] currentCount = 27
debug +++ [Boolean] running = true
debug +++ [int] delay = 120000
debug time 19:12:52.582 :: After HeartBeat Count=28 Result=5
debug time 19:14:51.608 :: Before HeartBeat Count=29 Time=Tue Jan 3 2012 19:14:51 GMT+0100 AccountId=29131007 Session=b0c3a14b-aab0-41c1-87d6-1565925085b6
debug ++ [int] eventPhase = 2
debug ++ [Boolean] bubbles = false
debug ++ [Boolean] cancelable = false
debug ++ [String] type = timer
debug +++ [int] repeatCount = 0
debug +++ [int] currentCount = 28
debug +++ [Boolean] running = true
debug +++ [int] delay = 120000
debug +++ [int] repeatCount = 0
debug +++ [int] currentCount = 28
debug +++ [Boolean] running = true
debug +++ [int] delay = 120000
debug time 19:14:52.582 :: After HeartBeat Count=29 Result=5
debug time 19:16:52.587 :: Before HeartBeat Count=30 Time=Tue Jan 3 2012 19:16:52 GMT+0100 AccountId=29131007 Session=b0c3a14b-aab0-41c1-87d6-1565925085b6
debug ++ [int] eventPhase = 2
debug ++ [Boolean] bubbles = false
debug ++ [Boolean] cancelable = false
debug ++ [String] type = timer
debug +++ [int] repeatCount = 0
debug +++ [int] currentCount = 29
debug +++ [Boolean] running = true
debug +++ [int] delay = 120000
debug +++ [int] repeatCount = 0
debug +++ [int] currentCount = 29
debug +++ [Boolean] running = true
debug +++ [int] delay = 120000
debug time 19:16:53.582 :: After HeartBeat Count=30 Result=5
debug time 19:18:53.587 :: Before HeartBeat Count=31 Time=Tue Jan 3 2012 19:18:53 GMT+0100 AccountId=29131007 Session=b0c3a14b-aab0-41c1-87d6-1565925085b6
debug ++ [int] eventPhase = 2
debug ++ [Boolean] bubbles = false
debug ++ [Boolean] cancelable = false
debug ++ [String] type = timer
debug +++ [int] repeatCount = 0
debug +++ [int] currentCount = 30
debug +++ [Boolean] running = true
debug +++ [int] delay = 120000
debug +++ [int] repeatCount = 0
debug +++ [int] currentCount = 30
debug +++ [Boolean] running = true
debug +++ [int] delay = 120000
debug time 19:18:54.582 :: After HeartBeat Count=31 Result=5
debug time 19:20:54.586 :: Before HeartBeat Count=32 Time=Tue Jan 3 2012 19:20:54 GMT+0100 AccountId=29131007 Session=b0c3a14b-aab0-41c1-87d6-1565925085b6
debug ++ [int] eventPhase = 2
debug ++ [Boolean] bubbles = false
debug ++ [Boolean] cancelable = false
debug ++ [String] type = timer
debug +++ [int] repeatCount = 0
debug +++ [int] currentCount = 31
debug +++ [Boolean] running = true
debug +++ [int] delay = 120000
debug +++ [int] repeatCount = 0
debug +++ [int] currentCount = 31
debug +++ [Boolean] running = true
debug +++ [int] delay = 120000
debug time 19:20:55.583 :: After HeartBeat Count=32 Result=5
debug time 19:22:54.586 :: Before HeartBeat Count=33 Time=Tue Jan 3 2012 19:22:54 GMT+0100 AccountId=29131007 Session=b0c3a14b-aab0-41c1-87d6-1565925085b6
debug ++ [int] eventPhase = 2
debug ++ [Boolean] bubbles = false
debug ++ [Boolean] cancelable = false
debug ++ [String] type = timer
debug +++ [int] repeatCount = 0
debug +++ [int] currentCount = 32
debug +++ [Boolean] running = true
debug +++ [int] delay = 120000
debug +++ [int] repeatCount = 0
debug +++ [int] currentCount = 32
debug +++ [Boolean] running = true
debug +++ [int] delay = 120000
debug time 19:22:55.582 :: After HeartBeat Count=33 Result=5
debug time 19:24:55.587 :: Before HeartBeat Count=34 Time=Tue Jan 3 2012 19:24:55 GMT+0100 AccountId=29131007 Session=b0c3a14b-aab0-41c1-87d6-1565925085b6
debug ++ [int] eventPhase = 2
debug ++ [Boolean] bubbles = false
debug ++ [Boolean] cancelable = false
debug ++ [String] type = timer
debug +++ [int] repeatCount = 0
debug +++ [int] currentCount = 33
debug +++ [Boolean] running = true
debug +++ [int] delay = 120000
debug +++ [int] repeatCount = 0
debug +++ [int] currentCount = 33
debug +++ [Boolean] running = true
debug +++ [int] delay = 120000
debug time 19:24:56.582 :: After HeartBeat Count=34 Result=5
debug time 19:26:56.585 :: Before HeartBeat Count=35 Time=Tue Jan 3 2012 19:26:56 GMT+0100 AccountId=29131007 Session=b0c3a14b-aab0-41c1-87d6-1565925085b6
debug ++ [int] eventPhase = 2
debug ++ [Boolean] bubbles = false
debug ++ [Boolean] cancelable = false
debug ++ [String] type = timer
debug +++ [int] repeatCount = 0
debug +++ [int] currentCount = 34
debug +++ [Boolean] running = true
debug +++ [int] delay = 120000
debug +++ [int] repeatCount = 0
debug +++ [int] currentCount = 34
debug +++ [Boolean] running = true
debug +++ [int] delay = 120000
debug time 19:26:57.582 :: After HeartBeat Count=35 Result=5
debug time 19:28:56.586 :: Before HeartBeat Count=36 Time=Tue Jan 3 2012 19:28:56 GMT+0100 AccountId=29131007 Session=b0c3a14b-aab0-41c1-87d6-1565925085b6
debug ++ [int] eventPhase = 2
debug ++ [Boolean] bubbles = false
debug ++ [Boolean] cancelable = false
debug ++ [String] type = timer
debug +++ [int] repeatCount = 0
debug +++ [int] currentCount = 35
debug +++ [Boolean] running = true
debug +++ [int] delay = 120000
debug +++ [int] repeatCount = 0
debug +++ [int] currentCount = 35
debug +++ [Boolean] running = true
debug +++ [int] delay = 120000
debug time 19:28:57.587 :: After HeartBeat Count=36 Result=5
debug time 19:30:56.586 :: Before HeartBeat Count=37 Time=Tue Jan 3 2012 19:30:56 GMT+0100 AccountId=29131007 Session=b0c3a14b-aab0-41c1-87d6-1565925085b6
debug ++ [int] eventPhase = 2
debug ++ [Boolean] bubbles = false
debug ++ [Boolean] cancelable = false
debug ++ [String] type = timer
debug +++ [int] repeatCount = 0
debug +++ [int] currentCount = 36
debug +++ [Boolean] running = true
debug +++ [int] delay = 120000
debug +++ [int] repeatCount = 0
debug +++ [int] currentCount = 36
debug +++ [Boolean] running = true
debug +++ [int] delay = 120000
debug time 19:30:57.582 :: After HeartBeat Count=37 Result=5
debug time 19:32:57.586 :: Before HeartBeat Count=38 Time=Tue Jan 3 2012 19:32:57 GMT+0100 AccountId=29131007 Session=b0c3a14b-aab0-41c1-87d6-1565925085b6
debug ++ [int] eventPhase = 2
debug ++ [Boolean] bubbles = false
debug ++ [Boolean] cancelable = false
debug ++ [String] type = timer
debug +++ [int] repeatCount = 0
debug +++ [int] currentCount = 37
debug +++ [Boolean] running = true
debug +++ [int] delay = 120000
debug +++ [int] repeatCount = 0
debug +++ [int] currentCount = 37
debug +++ [Boolean] running = true
debug +++ [int] delay = 120000
debug time 19:32:58.582 :: After HeartBeat Count=38 Result=5
debug time 19:34:57.586 :: Before HeartBeat Count=39 Time=Tue Jan 3 2012 19:34:57 GMT+0100 AccountId=29131007 Session=b0c3a14b-aab0-41c1-87d6-1565925085b6
debug ++ [int] eventPhase = 2
debug ++ [Boolean] bubbles = false
debug ++ [Boolean] cancelable = false
debug ++ [String] type = timer
debug +++ [int] repeatCount = 0
debug +++ [int] currentCount = 38
debug +++ [Boolean] running = true
debug +++ [int] delay = 120000
debug +++ [int] repeatCount = 0
debug +++ [int] currentCount = 38
debug +++ [Boolean] running = true
debug +++ [int] delay = 120000
debug time 19:34:58.582 :: After HeartBeat Count=39 Result=5
debug time 19:36:57.608 :: Before HeartBeat Count=40 Time=Tue Jan 3 2012 19:36:57 GMT+0100 AccountId=29131007 Session=b0c3a14b-aab0-41c1-87d6-1565925085b6
debug ++ [int] eventPhase = 2
debug ++ [Boolean] bubbles = false
debug ++ [Boolean] cancelable = false
debug ++ [String] type = timer
debug +++ [int] repeatCount = 0
debug +++ [int] currentCount = 39
debug +++ [Boolean] running = true
debug +++ [int] delay = 120000
debug +++ [int] repeatCount = 0
debug +++ [int] currentCount = 39
debug +++ [Boolean] running = true
debug +++ [int] delay = 120000
debug time 19:36:58.582 :: After HeartBeat Count=40 Result=5
debug time 19:38:58.586 :: Before HeartBeat Count=41 Time=Tue Jan 3 2012 19:38:58 GMT+0100 AccountId=29131007 Session=b0c3a14b-aab0-41c1-87d6-1565925085b6
debug ++ [int] eventPhase = 2
debug ++ [Boolean] bubbles = false
debug ++ [Boolean] cancelable = false
debug ++ [String] type = timer
debug +++ [int] repeatCount = 0
debug +++ [int] currentCount = 40
debug +++ [Boolean] running = true
debug +++ [int] delay = 120000
debug +++ [int] repeatCount = 0
debug +++ [int] currentCount = 40
debug +++ [Boolean] running = true
debug +++ [int] delay = 120000
debug time 19:38:59.583 :: After HeartBeat Count=41 Result=5
debug time 19:40:58.604 :: Before HeartBeat Count=42 Time=Tue Jan 3 2012 19:40:58 GMT+0100 AccountId=29131007 Session=b0c3a14b-aab0-41c1-87d6-1565925085b6
debug ++ [int] eventPhase = 2
debug ++ [Boolean] bubbles = false
debug ++ [Boolean] cancelable = false
debug ++ [String] type = timer
debug +++ [int] repeatCount = 0
debug +++ [int] currentCount = 41
debug +++ [Boolean] running = true
debug +++ [int] delay = 120000
debug +++ [int] repeatCount = 0
debug +++ [int] currentCount = 41
debug +++ [Boolean] running = true
debug +++ [int] delay = 120000
debug time 19:40:59.582 :: After HeartBeat Count=42 Result=5
debug time 19:42:59.586 :: Before HeartBeat Count=43 Time=Tue Jan 3 2012 19:42:59 GMT+0100 AccountId=29131007 Session=b0c3a14b-aab0-41c1-87d6-1565925085b6
debug ++ [int] eventPhase = 2
debug ++ [Boolean] bubbles = false
debug ++ [Boolean] cancelable = false
debug ++ [String] type = timer
debug +++ [int] repeatCount = 0
debug +++ [int] currentCount = 42
debug +++ [Boolean] running = true
debug +++ [int] delay = 120000
debug +++ [int] repeatCount = 0
debug +++ [int] currentCount = 42
debug +++ [Boolean] running = true
debug +++ [int] delay = 120000
debug time 19:43:00.582 :: After HeartBeat Count=43 Result=5
debug time 19:44:59.586 :: Before HeartBeat Count=44 Time=Tue Jan 3 2012 19:44:59 GMT+0100 AccountId=29131007 Session=b0c3a14b-aab0-41c1-87d6-1565925085b6
debug ++ [int] eventPhase = 2
debug ++ [Boolean] bubbles = false
debug ++ [Boolean] cancelable = false
debug ++ [String] type = timer
debug +++ [int] repeatCount = 0
debug +++ [int] currentCount = 43
debug +++ [Boolean] running = true
debug +++ [int] delay = 120000
debug +++ [int] repeatCount = 0
debug +++ [int] currentCount = 43
debug +++ [Boolean] running = true
debug +++ [int] delay = 120000
debug time 19:45:00.582 :: After HeartBeat Count=44 Result=5
debug time 19:45:39.877 :: Performing heartbeat at Tue Jan 3 2012 19:45:39 GMT+0100
debug time 19:46:59.612 :: Before HeartBeat Count=45 Time=Tue Jan 3 2012 19:46:59 GMT+0100 AccountId=29131007 Session=b0c3a14b-aab0-41c1-87d6-1565925085b6
debug ++ [int] eventPhase = 2
debug ++ [Boolean] bubbles = false
debug ++ [Boolean] cancelable = false
debug ++ [String] type = timer
debug +++ [int] repeatCount = 0
debug +++ [int] currentCount = 44
debug +++ [Boolean] running = true
debug +++ [int] delay = 120000
debug +++ [int] repeatCount = 0
debug +++ [int] currentCount = 44
debug +++ [Boolean] running = true
debug +++ [int] delay = 120000
debug time 19:46:59.849 :: After HeartBeat Count=45 Result=5
debug time 19:48:59.720 :: Before HeartBeat Count=46 Time=Tue Jan 3 2012 19:48:59 GMT+0100 AccountId=29131007 Session=b0c3a14b-aab0-41c1-87d6-1565925085b6
debug ++ [int] eventPhase = 2
debug ++ [Boolean] bubbles = false
debug ++ [Boolean] cancelable = false
debug ++ [String] type = timer
debug +++ [int] repeatCount = 0
debug +++ [int] currentCount = 45
debug +++ [Boolean] running = true
debug +++ [int] delay = 120000
debug +++ [int] repeatCount = 0
debug +++ [int] currentCount = 45
debug +++ [Boolean] running = true
debug +++ [int] delay = 120000
debug time 19:49:00.716 :: After HeartBeat Count=46 Result=5
debug time 19:50:59.724 :: Before HeartBeat Count=47 Time=Tue Jan 3 2012 19:50:59 GMT+0100 AccountId=29131007 Session=b0c3a14b-aab0-41c1-87d6-1565925085b6
debug ++ [int] eventPhase = 2
debug ++ [Boolean] bubbles = false
debug ++ [Boolean] cancelable = false
debug ++ [String] type = timer
debug +++ [int] repeatCount = 0
debug +++ [int] currentCount = 46
debug +++ [Boolean] running = true
debug +++ [int] delay = 120000
debug +++ [int] repeatCount = 0
debug +++ [int] currentCount = 46
debug +++ [Boolean] running = true
debug +++ [int] delay = 120000
debug time 19:51:00.716 :: After HeartBeat Count=47 Result=5
debug time 19:53:00.720 :: Before HeartBeat Count=48 Time=Tue Jan 3 2012 19:53:00 GMT+0100 AccountId=29131007 Session=b0c3a14b-aab0-41c1-87d6-1565925085b6
debug ++ [int] eventPhase = 2
debug ++ [Boolean] bubbles = false
debug ++ [Boolean] cancelable = false
debug ++ [String] type = timer
debug +++ [int] repeatCount = 0
debug +++ [int] currentCount = 47
debug +++ [Boolean] running = true
debug +++ [int] delay = 120000
debug +++ [int] repeatCount = 0
debug +++ [int] currentCount = 47
debug +++ [Boolean] running = true
debug +++ [int] delay = 120000
debug time 19:53:01.716 :: After HeartBeat Count=48 Result=5
debug time 19:55:01.721 :: Before HeartBeat Count=49 Time=Tue Jan 3 2012 19:55:01 GMT+0100 AccountId=29131007 Session=b0c3a14b-aab0-41c1-87d6-1565925085b6
debug ++ [int] eventPhase = 2
debug ++ [Boolean] bubbles = false
debug ++ [Boolean] cancelable = false
debug ++ [String] type = timer
debug +++ [int] repeatCount = 0
debug +++ [int] currentCount = 48
debug +++ [Boolean] running = true
debug +++ [int] delay = 120000
debug +++ [int] repeatCount = 0
debug +++ [int] currentCount = 48
debug +++ [Boolean] running = true
debug +++ [int] delay = 120000
debug time 19:55:02.716 :: After HeartBeat Count=49 Result=5
debug time 19:57:02.719 :: Before HeartBeat Count=50 Time=Tue Jan 3 2012 19:57:02 GMT+0100 AccountId=29131007 Session=b0c3a14b-aab0-41c1-87d6-1565925085b6
debug ++ [int] eventPhase = 2
debug ++ [Boolean] bubbles = false
debug ++ [Boolean] cancelable = false
debug ++ [String] type = timer
debug +++ [int] repeatCount = 0
debug +++ [int] currentCount = 49
debug +++ [Boolean] running = true
debug +++ [int] delay = 120000
debug +++ [int] repeatCount = 0
debug +++ [int] currentCount = 49
debug +++ [Boolean] running = true
debug +++ [int] delay = 120000
debug time 19:57:03.717 :: After HeartBeat Count=50 Result=5
debug time 19:59:02.720 :: Before HeartBeat Count=51 Time=Tue Jan 3 2012 19:59:02 GMT+0100 AccountId=29131007 Session=b0c3a14b-aab0-41c1-87d6-1565925085b6
debug ++ [int] eventPhase = 2
debug ++ [Boolean] bubbles = false
debug ++ [Boolean] cancelable = false
debug ++ [String] type = timer
debug +++ [int] repeatCount = 0
debug +++ [int] currentCount = 50
debug +++ [Boolean] running = true
debug +++ [int] delay = 120000
debug +++ [int] repeatCount = 0
debug +++ [int] currentCount = 50
debug +++ [Boolean] running = true
debug +++ [int] delay = 120000
debug time 19:59:03.716 :: After HeartBeat Count=51 Result=5
debug time 20:01:02.720 :: Before HeartBeat Count=52 Time=Tue Jan 3 2012 20:01:02 GMT+0100 AccountId=29131007 Session=b0c3a14b-aab0-41c1-87d6-1565925085b6
debug ++ [int] eventPhase = 2
debug ++ [Boolean] bubbles = false
debug ++ [Boolean] cancelable = false
debug ++ [String] type = timer
debug +++ [int] repeatCount = 0
debug +++ [int] currentCount = 51
debug +++ [Boolean] running = true
debug +++ [int] delay = 120000
debug +++ [int] repeatCount = 0
debug +++ [int] currentCount = 51
debug +++ [Boolean] running = true
debug +++ [int] delay = 120000
debug time 20:01:03.716 :: After HeartBeat Count=52 Result=5
debug time 20:03:02.740 :: Before HeartBeat Count=53 Time=Tue Jan 3 2012 20:03:02 GMT+0100 AccountId=29131007 Session=b0c3a14b-aab0-41c1-87d6-1565925085b6
debug ++ [int] eventPhase = 2
debug ++ [Boolean] bubbles = false
debug ++ [Boolean] cancelable = false
debug ++ [String] type = timer
debug +++ [int] repeatCount = 0
debug +++ [int] currentCount = 52
debug +++ [Boolean] running = true
debug +++ [int] delay = 120000
debug +++ [int] repeatCount = 0
debug +++ [int] currentCount = 52
debug +++ [Boolean] running = true
debug +++ [int] delay = 120000
debug time 20:03:03.716 :: After HeartBeat Count=53 Result=5
debug time 20:05:03.720 :: Before HeartBeat Count=54 Time=Tue Jan 3 2012 20:05:03 GMT+0100 AccountId=29131007 Session=b0c3a14b-aab0-41c1-87d6-1565925085b6
debug ++ [int] eventPhase = 2
debug ++ [Boolean] bubbles = false
debug ++ [Boolean] cancelable = false
debug ++ [String] type = timer
debug +++ [int] repeatCount = 0
debug +++ [int] currentCount = 53
debug +++ [Boolean] running = true
debug +++ [int] delay = 120000
debug +++ [int] repeatCount = 0
debug +++ [int] currentCount = 53
debug +++ [Boolean] running = true
debug +++ [int] delay = 120000
debug time 20:05:04.716 :: After HeartBeat Count=54 Result=5
debug time 20:07:03.720 :: Before HeartBeat Count=55 Time=Tue Jan 3 2012 20:07:03 GMT+0100 AccountId=29131007 Session=b0c3a14b-aab0-41c1-87d6-1565925085b6
debug ++ [int] eventPhase = 2
debug ++ [Boolean] bubbles = false
debug ++ [Boolean] cancelable = false
debug ++ [String] type = timer
debug +++ [int] repeatCount = 0
debug +++ [int] currentCount = 54
debug +++ [Boolean] running = true
debug +++ [int] delay = 120000
debug +++ [int] repeatCount = 0
debug +++ [int] currentCount = 54
debug +++ [Boolean] running = true
debug +++ [int] delay = 120000
debug time 20:07:04.716 :: After HeartBeat Count=55 Result=5
debug time 20:09:03.744 :: Before HeartBeat Count=56 Time=Tue Jan 3 2012 20:09:03 GMT+0100 AccountId=29131007 Session=b0c3a14b-aab0-41c1-87d6-1565925085b6
debug ++ [int] eventPhase = 2
debug ++ [Boolean] bubbles = false
debug ++ [Boolean] cancelable = false
debug ++ [String] type = timer
debug +++ [int] repeatCount = 0
debug +++ [int] currentCount = 55
debug +++ [Boolean] running = true
debug +++ [int] delay = 120000
debug +++ [int] repeatCount = 0
debug +++ [int] currentCount = 55
debug +++ [Boolean] running = true
debug +++ [int] delay = 120000
debug time 20:09:04.716 :: After HeartBeat Count=56 Result=5
debug time 20:11:04.719 :: Before HeartBeat Count=57 Time=Tue Jan 3 2012 20:11:04 GMT+0100 AccountId=29131007 Session=b0c3a14b-aab0-41c1-87d6-1565925085b6
debug ++ [int] eventPhase = 2
debug ++ [Boolean] bubbles = false
debug ++ [Boolean] cancelable = false
debug ++ [String] type = timer
debug +++ [int] repeatCount = 0
debug +++ [int] currentCount = 56
debug +++ [Boolean] running = true
debug +++ [int] delay = 120000
debug +++ [int] repeatCount = 0
debug +++ [int] currentCount = 56
debug +++ [Boolean] running = true
debug +++ [int] delay = 120000
debug time 20:11:05.716 :: After HeartBeat Count=57 Result=5
debug time 20:13:04.719 :: Before HeartBeat Count=58 Time=Tue Jan 3 2012 20:13:04 GMT+0100 AccountId=29131007 Session=b0c3a14b-aab0-41c1-87d6-1565925085b6
debug ++ [int] eventPhase = 2
debug ++ [Boolean] bubbles = false
debug ++ [Boolean] cancelable = false
debug ++ [String] type = timer
debug +++ [int] repeatCount = 0
debug +++ [int] currentCount = 57
debug +++ [Boolean] running = true
debug +++ [int] delay = 120000
debug +++ [int] repeatCount = 0
debug +++ [int] currentCount = 57
debug +++ [Boolean] running = true
debug +++ [int] delay = 120000
debug time 20:13:05.717 :: After HeartBeat Count=58 Result=5
debug time 20:15:04.719 :: Before HeartBeat Count=59 Time=Tue Jan 3 2012 20:15:04 GMT+0100 AccountId=29131007 Session=b0c3a14b-aab0-41c1-87d6-1565925085b6
debug ++ [int] eventPhase = 2
debug ++ [Boolean] bubbles = false
debug ++ [Boolean] cancelable = false
debug ++ [String] type = timer
debug +++ [int] repeatCount = 0
debug +++ [int] currentCount = 58
debug +++ [Boolean] running = true
debug +++ [int] delay = 120000
debug +++ [int] repeatCount = 0
debug +++ [int] currentCount = 58
debug +++ [Boolean] running = true
debug +++ [int] delay = 120000
debug time 20:15:05.716 :: After HeartBeat Count=59 Result=5
debug time 20:17:04.719 :: Before HeartBeat Count=60 Time=Tue Jan 3 2012 20:17:04 GMT+0100 AccountId=29131007 Session=b0c3a14b-aab0-41c1-87d6-1565925085b6
debug ++ [int] eventPhase = 2
debug ++ [Boolean] bubbles = false
debug ++ [Boolean] cancelable = false
debug ++ [String] type = timer
debug +++ [int] repeatCount = 0
debug +++ [int] currentCount = 59
debug +++ [Boolean] running = true
debug +++ [int] delay = 120000
debug +++ [int] repeatCount = 0
debug +++ [int] currentCount = 59
debug +++ [Boolean] running = true
debug +++ [int] delay = 120000
debug time 20:17:05.716 :: After HeartBeat Count=60 Result=5
debug time 20:19:04.723 :: Before HeartBeat Count=61 Time=Tue Jan 3 2012 20:19:04 GMT+0100 AccountId=29131007 Session=b0c3a14b-aab0-41c1-87d6-1565925085b6
debug ++ [int] eventPhase = 2
debug ++ [Boolean] bubbles = false
debug ++ [Boolean] cancelable = false
debug ++ [String] type = timer
debug +++ [int] repeatCount = 0
debug +++ [int] currentCount = 60
debug +++ [Boolean] running = true
debug +++ [int] delay = 120000
debug +++ [int] repeatCount = 0
debug +++ [int] currentCount = 60
debug +++ [Boolean] running = true
debug +++ [int] delay = 120000
debug time 20:19:05.716 :: After HeartBeat Count=61 Result=5
debug time 20:19:16.453 :: Performing heartbeat at Tue Jan 3 2012 20:19:16 GMT+0100
debug time 20:21:04.730 :: Before HeartBeat Count=62 Time=Tue Jan 3 2012 20:21:04 GMT+0100 AccountId=29131007 Session=b0c3a14b-aab0-41c1-87d6-1565925085b6
debug ++ [int] eventPhase = 2
debug ++ [Boolean] bubbles = false
debug ++ [Boolean] cancelable = false
debug ++ [String] type = timer
debug +++ [int] repeatCount = 0
debug +++ [int] currentCount = 61
debug +++ [Boolean] running = true
debug +++ [int] delay = 120000
debug +++ [int] repeatCount = 0
debug +++ [int] currentCount = 61
debug +++ [Boolean] running = true
debug +++ [int] delay = 120000
debug time 20:21:04.931 :: After HeartBeat Count=62 Result=5
debug time 20:23:04.730 :: Before HeartBeat Count=63 Time=Tue Jan 3 2012 20:23:04 GMT+0100 AccountId=29131007 Session=b0c3a14b-aab0-41c1-87d6-1565925085b6
debug ++ [int] eventPhase = 2
debug ++ [Boolean] bubbles = false
debug ++ [Boolean] cancelable = false
debug ++ [String] type = timer
debug +++ [int] repeatCount = 0
debug +++ [int] currentCount = 62
debug +++ [Boolean] running = true
debug +++ [int] delay = 120000
debug +++ [int] repeatCount = 0
debug +++ [int] currentCount = 62
debug +++ [Boolean] running = true
debug +++ [int] delay = 120000
debug time 20:23:04.931 :: After HeartBeat Count=63 Result=5
debug time 20:25:04.731 :: Before HeartBeat Count=64 Time=Tue Jan 3 2012 20:25:04 GMT+0100 AccountId=29131007 Session=b0c3a14b-aab0-41c1-87d6-1565925085b6
debug ++ [int] eventPhase = 2
debug ++ [Boolean] bubbles = false
debug ++ [Boolean] cancelable = false
debug ++ [String] type = timer
debug +++ [int] repeatCount = 0
debug +++ [int] currentCount = 63
debug +++ [Boolean] running = true
debug +++ [int] delay = 120000
debug +++ [int] repeatCount = 0
debug +++ [int] currentCount = 63
debug +++ [Boolean] running = true
debug +++ [int] delay = 120000
debug time 20:25:04.931 :: After HeartBeat Count=64 Result=5
debug time 20:27:04.731 :: Before HeartBeat Count=65 Time=Tue Jan 3 2012 20:27:04 GMT+0100 AccountId=29131007 Session=b0c3a14b-aab0-41c1-87d6-1565925085b6
debug ++ [int] eventPhase = 2
debug ++ [Boolean] bubbles = false
debug ++ [Boolean] cancelable = false
debug ++ [String] type = timer
debug +++ [int] repeatCount = 0
debug +++ [int] currentCount = 64
debug +++ [Boolean] running = true
debug +++ [int] delay = 120000
debug +++ [int] repeatCount = 0
debug +++ [int] currentCount = 64
debug +++ [Boolean] running = true
debug +++ [int] delay = 120000
debug time 20:27:04.931 :: After HeartBeat Count=65 Result=5
debug time 20:29:04.769 :: Before HeartBeat Count=66 Time=Tue Jan 3 2012 20:29:04 GMT+0100 AccountId=29131007 Session=b0c3a14b-aab0-41c1-87d6-1565925085b6
debug ++ [int] eventPhase = 2
debug ++ [Boolean] bubbles = false
debug ++ [Boolean] cancelable = false
debug ++ [String] type = timer
debug +++ [int] repeatCount = 0
debug +++ [int] currentCount = 65
debug +++ [Boolean] running = true
debug +++ [int] delay = 120000
debug +++ [int] repeatCount = 0
debug +++ [int] currentCount = 65
debug +++ [Boolean] running = true
debug +++ [int] delay = 120000
debug time 20:29:04.973 :: After HeartBeat Count=66 Result=5
debug time 20:31:04.787 :: Before HeartBeat Count=67 Time=Tue Jan 3 2012 20:31:04 GMT+0100 AccountId=29131007 Session=b0c3a14b-aab0-41c1-87d6-1565925085b6
debug ++ [int] eventPhase = 2
debug ++ [Boolean] bubbles = false
debug ++ [Boolean] cancelable = false
debug ++ [String] type = timer
debug +++ [int] repeatCount = 0
debug +++ [int] currentCount = 66
debug +++ [Boolean] running = true
debug +++ [int] delay = 120000
debug +++ [int] repeatCount = 0
debug +++ [int] currentCount = 66
debug +++ [Boolean] running = true
debug +++ [int] delay = 120000
debug time 20:31:05.19 :: After HeartBeat Count=67 Result=5
debug time 20:33:04.787 :: Before HeartBeat Count=68 Time=Tue Jan 3 2012 20:33:04 GMT+0100 AccountId=29131007 Session=b0c3a14b-aab0-41c1-87d6-1565925085b6
debug ++ [int] eventPhase = 2
debug ++ [Boolean] bubbles = false
debug ++ [Boolean] cancelable = false
debug ++ [String] type = timer
debug +++ [int] repeatCount = 0
debug +++ [int] currentCount = 67
debug +++ [Boolean] running = true
debug +++ [int] delay = 120000
debug +++ [int] repeatCount = 0
debug +++ [int] currentCount = 67
debug +++ [Boolean] running = true
debug +++ [int] delay = 120000
debug time 20:33:05.14 :: After HeartBeat Count=68 Result=5
debug time 20:35:04.822 :: Before HeartBeat Count=69 Time=Tue Jan 3 2012 20:35:04 GMT+0100 AccountId=29131007 Session=b0c3a14b-aab0-41c1-87d6-1565925085b6
debug ++ [int] eventPhase = 2
debug ++ [Boolean] bubbles = false
debug ++ [Boolean] cancelable = false
debug ++ [String] type = timer
debug +++ [int] repeatCount = 0
debug +++ [int] currentCount = 68
debug +++ [Boolean] running = true
debug +++ [int] delay = 120000
debug +++ [int] repeatCount = 0
debug +++ [int] currentCount = 68
debug +++ [Boolean] running = true
debug +++ [int] delay = 120000
debug time 20:35:05.22 :: After HeartBeat Count=69 Result=5
debug time 20:37:04.822 :: Before HeartBeat Count=70 Time=Tue Jan 3 2012 20:37:04 GMT+0100 AccountId=29131007 Session=b0c3a14b-aab0-41c1-87d6-1565925085b6
debug ++ [int] eventPhase = 2
debug ++ [Boolean] bubbles = false
debug ++ [Boolean] cancelable = false
debug ++ [String] type = timer
debug +++ [int] repeatCount = 0
debug +++ [int] currentCount = 69
debug +++ [Boolean] running = true
debug +++ [int] delay = 120000
debug +++ [int] repeatCount = 0
debug +++ [int] currentCount = 69
debug +++ [Boolean] running = true
debug +++ [int] delay = 120000
debug time 20:37:05.22 :: After HeartBeat Count=70 Result=5
debug time 20:39:04.823 :: Before HeartBeat Count=71 Time=Tue Jan 3 2012 20:39:04 GMT+0100 AccountId=29131007 Session=b0c3a14b-aab0-41c1-87d6-1565925085b6
debug ++ [int] eventPhase = 2
debug ++ [Boolean] bubbles = false
debug ++ [Boolean] cancelable = false
debug ++ [String] type = timer
debug +++ [int] repeatCount = 0
debug +++ [int] currentCount = 70
debug +++ [Boolean] running = true
debug +++ [int] delay = 120000
debug +++ [int] repeatCount = 0
debug +++ [int] currentCount = 70
debug +++ [Boolean] running = true
debug +++ [int] delay = 120000
debug time 20:39:05.22 :: After HeartBeat Count=71 Result=5
debug time 20:41:04.858 :: Before HeartBeat Count=72 Time=Tue Jan 3 2012 20:41:04 GMT+0100 AccountId=29131007 Session=b0c3a14b-aab0-41c1-87d6-1565925085b6
debug ++ [int] eventPhase = 2
debug ++ [Boolean] bubbles = false
debug ++ [Boolean] cancelable = false
debug ++ [String] type = timer
debug +++ [int] repeatCount = 0
debug +++ [int] currentCount = 71
debug +++ [Boolean] running = true
debug +++ [int] delay = 120000
debug +++ [int] repeatCount = 0
debug +++ [int] currentCount = 71
debug +++ [Boolean] running = true
debug +++ [int] delay = 120000
debug time 20:41:05.69 :: After HeartBeat Count=72 Result=5
debug time 20:43:04.862 :: Before HeartBeat Count=73 Time=Tue Jan 3 2012 20:43:04 GMT+0100 AccountId=29131007 Session=b0c3a14b-aab0-41c1-87d6-1565925085b6
debug ++ [int] eventPhase = 2
debug ++ [Boolean] bubbles = false
debug ++ [Boolean] cancelable = false
debug ++ [String] type = timer
debug +++ [int] repeatCount = 0
debug +++ [int] currentCount = 72
debug +++ [Boolean] running = true
debug +++ [int] delay = 120000
debug +++ [int] repeatCount = 0
debug +++ [int] currentCount = 72
debug +++ [Boolean] running = true
debug +++ [int] delay = 120000
debug time 20:43:05.64 :: After HeartBeat Count=73 Result=5
debug time 20:45:04.906 :: Before HeartBeat Count=74 Time=Tue Jan 3 2012 20:45:04 GMT+0100 AccountId=29131007 Session=b0c3a14b-aab0-41c1-87d6-1565925085b6
debug ++ [int] eventPhase = 2
debug ++ [Boolean] bubbles = false
debug ++ [Boolean] cancelable = false
debug ++ [String] type = timer
debug +++ [int] repeatCount = 0
debug +++ [int] currentCount = 73
debug +++ [Boolean] running = true
debug +++ [int] delay = 120000
debug +++ [int] repeatCount = 0
debug +++ [int] currentCount = 73
debug +++ [Boolean] running = true
debug +++ [int] delay = 120000
debug time 20:45:05.105 :: After HeartBeat Count=74 Result=5
debug time 20:47:04.906 :: Before HeartBeat Count=75 Time=Tue Jan 3 2012 20:47:04 GMT+0100 AccountId=29131007 Session=b0c3a14b-aab0-41c1-87d6-1565925085b6
debug ++ [int] eventPhase = 2
debug ++ [Boolean] bubbles = false
debug ++ [Boolean] cancelable = false
debug ++ [String] type = timer
debug +++ [int] repeatCount = 0
debug +++ [int] currentCount = 74
debug +++ [Boolean] running = true
debug +++ [int] delay = 120000
debug +++ [int] repeatCount = 0
debug +++ [int] currentCount = 74
debug +++ [Boolean] running = true
debug +++ [int] delay = 120000
debug time 20:47:05.105 :: After HeartBeat Count=75 Result=5
debug time 20:49:04.906 :: Before HeartBeat Count=76 Time=Tue Jan 3 2012 20:49:04 GMT+0100 AccountId=29131007 Session=b0c3a14b-aab0-41c1-87d6-1565925085b6
debug ++ [int] eventPhase = 2
debug ++ [Boolean] bubbles = false
debug ++ [Boolean] cancelable = false
debug ++ [String] type = timer
debug +++ [int] repeatCount = 0
debug +++ [int] currentCount = 75
debug +++ [Boolean] running = true
debug +++ [int] delay = 120000
debug +++ [int] repeatCount = 0
debug +++ [int] currentCount = 75
debug +++ [Boolean] running = true
debug +++ [int] delay = 120000
debug time 20:49:05.106 :: After HeartBeat Count=76 Result=5
debug time 20:51:04.946 :: Before HeartBeat Count=77 Time=Tue Jan 3 2012 20:51:04 GMT+0100 AccountId=29131007 Session=b0c3a14b-aab0-41c1-87d6-1565925085b6
debug ++ [int] eventPhase = 2
debug ++ [Boolean] bubbles = false
debug ++ [Boolean] cancelable = false
debug ++ [String] type = timer
debug +++ [int] repeatCount = 0
debug +++ [int] currentCount = 76
debug +++ [Boolean] running = true
debug +++ [int] delay = 120000
debug +++ [int] repeatCount = 0
debug +++ [int] currentCount = 76
debug +++ [Boolean] running = true
debug +++ [int] delay = 120000
debug time 20:51:05.147 :: After HeartBeat Count=77 Result=5
debug time 20:53:04.963 :: Before HeartBeat Count=78 Time=Tue Jan 3 2012 20:53:04 GMT+0100 AccountId=29131007 Session=b0c3a14b-aab0-41c1-87d6-1565925085b6
debug ++ [int] eventPhase = 2
debug ++ [Boolean] bubbles = false
debug ++ [Boolean] cancelable = false
debug ++ [String] type = timer
debug +++ [int] repeatCount = 0
debug +++ [int] currentCount = 77
debug +++ [Boolean] running = true
debug +++ [int] delay = 120000
debug +++ [int] repeatCount = 0
debug +++ [int] currentCount = 77
debug +++ [Boolean] running = true
debug +++ [int] delay = 120000
debug time 20:53:05.194 :: After HeartBeat Count=78 Result=5
debug time 20:55:04.987 :: Before HeartBeat Count=79 Time=Tue Jan 3 2012 20:55:04 GMT+0100 AccountId=29131007 Session=b0c3a14b-aab0-41c1-87d6-1565925085b6
debug ++ [int] eventPhase = 2
debug ++ [Boolean] bubbles = false
debug ++ [Boolean] cancelable = false
debug ++ [String] type = timer
debug +++ [int] repeatCount = 0
debug +++ [int] currentCount = 78
debug +++ [Boolean] running = true
debug +++ [int] delay = 120000
debug +++ [int] repeatCount = 0
debug +++ [int] currentCount = 78
debug +++ [Boolean] running = true
debug +++ [int] delay = 120000
debug time 20:55:05.189 :: After HeartBeat Count=79 Result=5
debug time 20:57:04.989 :: Before HeartBeat Count=80 Time=Tue Jan 3 2012 20:57:04 GMT+0100 AccountId=29131007 Session=b0c3a14b-aab0-41c1-87d6-1565925085b6
debug ++ [int] eventPhase = 2
debug ++ [Boolean] bubbles = false
debug ++ [Boolean] cancelable = false
debug ++ [String] type = timer
debug +++ [int] repeatCount = 0
debug +++ [int] currentCount = 79
debug +++ [Boolean] running = true
debug +++ [int] delay = 120000
debug +++ [int] repeatCount = 0
debug +++ [int] currentCount = 79
debug +++ [Boolean] running = true
debug +++ [int] delay = 120000
debug time 20:57:05.190 :: After HeartBeat Count=80 Result=5
debug time 20:59:04.988 :: Before HeartBeat Count=81 Time=Tue Jan 3 2012 20:59:04 GMT+0100 AccountId=29131007 Session=b0c3a14b-aab0-41c1-87d6-1565925085b6
debug ++ [int] eventPhase = 2
debug ++ [Boolean] bubbles = false
debug ++ [Boolean] cancelable = false
debug ++ [String] type = timer
debug +++ [int] repeatCount = 0
debug +++ [int] currentCount = 80
debug +++ [Boolean] running = true
debug +++ [int] delay = 120000
debug +++ [int] repeatCount = 0
debug +++ [int] currentCount = 80
debug +++ [Boolean] running = true
debug +++ [int] delay = 120000
debug time 20:59:05.189 :: After HeartBeat Count=81 Result=5
debug time 21:01:05.04 :: Before HeartBeat Count=82 Time=Tue Jan 3 2012 21:01:05 GMT+0100 AccountId=29131007 Session=b0c3a14b-aab0-41c1-87d6-1565925085b6
debug ++ [int] eventPhase = 2
debug ++ [Boolean] bubbles = false
debug ++ [Boolean] cancelable = false
debug ++ [String] type = timer
debug +++ [int] repeatCount = 0
debug +++ [int] currentCount = 81
debug +++ [Boolean] running = true
debug +++ [int] delay = 120000
debug +++ [int] repeatCount = 0
debug +++ [int] currentCount = 81
debug +++ [Boolean] running = true
debug +++ [int] delay = 120000
debug time 21:01:05.203 :: After HeartBeat Count=82 Result=5
debug time 21:03:05.38 :: Before HeartBeat Count=83 Time=Tue Jan 3 2012 21:03:05 GMT+0100 AccountId=29131007 Session=b0c3a14b-aab0-41c1-87d6-1565925085b6
debug ++ [int] eventPhase = 2
debug ++ [Boolean] bubbles = false
debug ++ [Boolean] cancelable = false
debug ++ [String] type = timer
debug +++ [int] repeatCount = 0
debug +++ [int] currentCount = 82
debug +++ [Boolean] running = true
debug +++ [int] delay = 120000
debug +++ [int] repeatCount = 0
debug +++ [int] currentCount = 82
debug +++ [Boolean] running = true
debug +++ [int] delay = 120000
debug time 21:03:06.30 :: After HeartBeat Count=83 Result=5
debug time 21:05:05.45 :: Before HeartBeat Count=84 Time=Tue Jan 3 2012 21:05:05 GMT+0100 AccountId=29131007 Session=b0c3a14b-aab0-41c1-87d6-1565925085b6
debug ++ [int] eventPhase = 2
debug ++ [Boolean] bubbles = false
debug ++ [Boolean] cancelable = false
debug ++ [String] type = timer
debug +++ [int] repeatCount = 0
debug +++ [int] currentCount = 83
debug +++ [Boolean] running = true
debug +++ [int] delay = 120000
debug +++ [int] repeatCount = 0
debug +++ [int] currentCount = 83
debug +++ [Boolean] running = true
debug +++ [int] delay = 120000
debug time 21:05:06.35 :: After HeartBeat Count=84 Result=5
debug time 21:07:06.34 :: Before HeartBeat Count=85 Time=Tue Jan 3 2012 21:07:06 GMT+0100 AccountId=29131007 Session=b0c3a14b-aab0-41c1-87d6-1565925085b6
debug ++ [int] eventPhase = 2
debug ++ [Boolean] bubbles = false
debug ++ [Boolean] cancelable = false
debug ++ [String] type = timer
debug +++ [int] repeatCount = 0
debug +++ [int] currentCount = 84
debug +++ [Boolean] running = true
debug +++ [int] delay = 120000
debug +++ [int] repeatCount = 0
debug +++ [int] currentCount = 84
debug +++ [Boolean] running = true
debug +++ [int] delay = 120000
debug time 21:07:07.30 :: After HeartBeat Count=85 Result=5
debug time 21:09:06.34 :: Before HeartBeat Count=86 Time=Tue Jan 3 2012 21:09:06 GMT+0100 AccountId=29131007 Session=b0c3a14b-aab0-41c1-87d6-1565925085b6
debug ++ [int] eventPhase = 2
debug ++ [Boolean] bubbles = false
debug ++ [Boolean] cancelable = false
debug ++ [String] type = timer
debug +++ [int] repeatCount = 0
debug +++ [int] currentCount = 85
debug +++ [Boolean] running = true
debug +++ [int] delay = 120000
debug +++ [int] repeatCount = 0
debug +++ [int] currentCount = 85
debug +++ [Boolean] running = true
debug +++ [int] delay = 120000
debug time 21:09:07.30 :: After HeartBeat Count=86 Result=5
debug time 21:11:06.34 :: Before HeartBeat Count=87 Time=Tue Jan 3 2012 21:11:06 GMT+0100 AccountId=29131007 Session=b0c3a14b-aab0-41c1-87d6-1565925085b6
debug ++ [int] eventPhase = 2
debug ++ [Boolean] bubbles = false
debug ++ [Boolean] cancelable = false
debug ++ [String] type = timer
debug +++ [int] repeatCount = 0
debug +++ [int] currentCount = 86
debug +++ [Boolean] running = true
debug +++ [int] delay = 120000
debug +++ [int] repeatCount = 0
debug +++ [int] currentCount = 86
debug +++ [Boolean] running = true
debug +++ [int] delay = 120000
debug time 21:11:07.30 :: After HeartBeat Count=87 Result=5
debug time 21:13:06.34 :: Before HeartBeat Count=88 Time=Tue Jan 3 2012 21:13:06 GMT+0100 AccountId=29131007 Session=b0c3a14b-aab0-41c1-87d6-1565925085b6
debug ++ [int] eventPhase = 2
debug ++ [Boolean] bubbles = false
debug ++ [Boolean] cancelable = false
debug ++ [String] type = timer
debug +++ [int] repeatCount = 0
debug +++ [int] currentCount = 87
debug +++ [Boolean] running = true
debug +++ [int] delay = 120000
debug +++ [int] repeatCount = 0
debug +++ [int] currentCount = 87
debug +++ [Boolean] running = true
debug +++ [int] delay = 120000
debug time 21:13:07.31 :: After HeartBeat Count=88 Result=5
debug time 21:15:06.35 :: Before HeartBeat Count=89 Time=Tue Jan 3 2012 21:15:06 GMT+0100 AccountId=29131007 Session=b0c3a14b-aab0-41c1-87d6-1565925085b6
debug ++ [int] eventPhase = 2
debug ++ [Boolean] bubbles = false
debug ++ [Boolean] cancelable = false
debug ++ [String] type = timer
debug +++ [int] repeatCount = 0
debug +++ [int] currentCount = 88
debug +++ [Boolean] running = true
debug +++ [int] delay = 120000
debug +++ [int] repeatCount = 0
debug +++ [int] currentCount = 88
debug +++ [Boolean] running = true
debug +++ [int] delay = 120000
debug time 21:15:07.30 :: After HeartBeat Count=89 Result=5
debug time 21:17:06.35 :: Before HeartBeat Count=90 Time=Tue Jan 3 2012 21:17:06 GMT+0100 AccountId=29131007 Session=b0c3a14b-aab0-41c1-87d6-1565925085b6
debug ++ [int] eventPhase = 2
debug ++ [Boolean] bubbles = false
debug ++ [Boolean] cancelable = false
debug ++ [String] type = timer
debug +++ [int] repeatCount = 0
debug +++ [int] currentCount = 89
debug +++ [Boolean] running = true
debug +++ [int] delay = 120000
debug +++ [int] repeatCount = 0
debug +++ [int] currentCount = 89
debug +++ [Boolean] running = true
debug +++ [int] delay = 120000
debug time 21:17:07.30 :: After HeartBeat Count=90 Result=5
debug time 21:19:07.33 :: Before HeartBeat Count=91 Time=Tue Jan 3 2012 21:19:07 GMT+0100 AccountId=29131007 Session=b0c3a14b-aab0-41c1-87d6-1565925085b6
debug ++ [int] eventPhase = 2
debug ++ [Boolean] bubbles = false
debug ++ [Boolean] cancelable = false
debug ++ [String] type = timer
debug +++ [int] repeatCount = 0
debug +++ [int] currentCount = 90
debug +++ [Boolean] running = true
debug +++ [int] delay = 120000
debug +++ [int] repeatCount = 0
debug +++ [int] currentCount = 90
debug +++ [Boolean] running = true
debug +++ [int] delay = 120000
debug time 21:19:08.30 :: After HeartBeat Count=91 Result=5
debug time 21:21:07.33 :: Before HeartBeat Count=92 Time=Tue Jan 3 2012 21:21:07 GMT+0100 AccountId=29131007 Session=b0c3a14b-aab0-41c1-87d6-1565925085b6
debug ++ [int] eventPhase = 2
debug ++ [Boolean] bubbles = false
debug ++ [Boolean] cancelable = false
debug ++ [String] type = timer
debug +++ [int] repeatCount = 0
debug +++ [int] currentCount = 91
debug +++ [Boolean] running = true
debug +++ [int] delay = 120000
debug +++ [int] repeatCount = 0
debug +++ [int] currentCount = 91
debug +++ [Boolean] running = true
debug +++ [int] delay = 120000
debug time 21:21:08.30 :: After HeartBeat Count=92 Result=5
debug time 21:22:50.699 :: Performing heartbeat at Tue Jan 3 2012 21:22:50 GMT+0100
debug time 21:23:07.33 :: Before HeartBeat Count=93 Time=Tue Jan 3 2012 21:23:07 GMT+0100 AccountId=29131007 Session=b0c3a14b-aab0-41c1-87d6-1565925085b6
debug ++ [int] eventPhase = 2
debug ++ [Boolean] bubbles = false
debug ++ [Boolean] cancelable = false
debug ++ [String] type = timer
debug +++ [int] repeatCount = 0
debug +++ [int] currentCount = 92
debug +++ [Boolean] running = true
debug +++ [int] delay = 120000
debug +++ [int] repeatCount = 0
debug +++ [int] currentCount = 92
debug +++ [Boolean] running = true
debug +++ [int] delay = 120000
debug time 21:23:07.300 :: After HeartBeat Count=93 Result=5
debug time 21:25:07.60 :: Before HeartBeat Count=94 Time=Tue Jan 3 2012 21:25:07 GMT+0100 AccountId=29131007 Session=b0c3a14b-aab0-41c1-87d6-1565925085b6
debug ++ [int] eventPhase = 2
debug ++ [Boolean] bubbles = false
debug ++ [Boolean] cancelable = false
debug ++ [String] type = timer
debug +++ [int] repeatCount = 0
debug +++ [int] currentCount = 93
debug +++ [Boolean] running = true
debug +++ [int] delay = 120000
debug +++ [int] repeatCount = 0
debug +++ [int] currentCount = 93
debug +++ [Boolean] running = true
debug +++ [int] delay = 120000
debug time 21:25:07.260 :: After HeartBeat Count=94 Result=5
debug time 21:27:07.138 :: Before HeartBeat Count=95 Time=Tue Jan 3 2012 21:27:07 GMT+0100 AccountId=29131007 Session=b0c3a14b-aab0-41c1-87d6-1565925085b6
debug ++ [int] eventPhase = 2
debug ++ [Boolean] bubbles = false
debug ++ [Boolean] cancelable = false
debug ++ [String] type = timer
debug +++ [int] repeatCount = 0
debug +++ [int] currentCount = 94
debug +++ [Boolean] running = true
debug +++ [int] delay = 120000
debug +++ [int] repeatCount = 0
debug +++ [int] currentCount = 94
debug +++ [Boolean] running = true
debug +++ [int] delay = 120000
debug time 21:27:08.134 :: After HeartBeat Count=95 Result=5
debug time 21:29:07.142 :: Before HeartBeat Count=96 Time=Tue Jan 3 2012 21:29:07 GMT+0100 AccountId=29131007 Session=b0c3a14b-aab0-41c1-87d6-1565925085b6
debug ++ [int] eventPhase = 2
debug ++ [Boolean] bubbles = false
debug ++ [Boolean] cancelable = false
debug ++ [String] type = timer
debug +++ [int] repeatCount = 0
debug +++ [int] currentCount = 95
debug +++ [Boolean] running = true
debug +++ [int] delay = 120000
debug +++ [int] repeatCount = 0
debug +++ [int] currentCount = 95
debug +++ [Boolean] running = true
debug +++ [int] delay = 120000
debug time 21:29:08.135 :: After HeartBeat Count=96 Result=5
debug time 21:31:08.138 :: Before HeartBeat Count=97 Time=Tue Jan 3 2012 21:31:08 GMT+0100 AccountId=29131007 Session=b0c3a14b-aab0-41c1-87d6-1565925085b6
debug ++ [int] eventPhase = 2
debug ++ [Boolean] bubbles = false
debug ++ [Boolean] cancelable = false
debug ++ [String] type = timer
debug +++ [int] repeatCount = 0
debug +++ [int] currentCount = 96
debug +++ [Boolean] running = true
debug +++ [int] delay = 120000
debug +++ [int] repeatCount = 0
debug +++ [int] currentCount = 96
debug +++ [Boolean] running = true
debug +++ [int] delay = 120000
debug time 21:31:09.134 :: After HeartBeat Count=97 Result=5
debug time 21:33:08.139 :: Before HeartBeat Count=98 Time=Tue Jan 3 2012 21:33:08 GMT+0100 AccountId=29131007 Session=b0c3a14b-aab0-41c1-87d6-1565925085b6
debug ++ [int] eventPhase = 2
debug ++ [Boolean] bubbles = false
debug ++ [Boolean] cancelable = false
debug ++ [String] type = timer
debug +++ [int] repeatCount = 0
debug +++ [int] currentCount = 97
debug +++ [Boolean] running = true
debug +++ [int] delay = 120000
debug +++ [int] repeatCount = 0
debug +++ [int] currentCount = 97
debug +++ [Boolean] running = true
debug +++ [int] delay = 120000
debug time 21:33:09.134 :: After HeartBeat Count=98 Result=5
debug time 21:35:08.139 :: Before HeartBeat Count=99 Time=Tue Jan 3 2012 21:35:08 GMT+0100 AccountId=29131007 Session=b0c3a14b-aab0-41c1-87d6-1565925085b6
debug ++ [int] eventPhase = 2
debug ++ [Boolean] bubbles = false
debug ++ [Boolean] cancelable = false
debug ++ [String] type = timer
debug +++ [int] repeatCount = 0
debug +++ [int] currentCount = 98
debug +++ [Boolean] running = true
debug +++ [int] delay = 120000
debug +++ [int] repeatCount = 0
debug +++ [int] currentCount = 98
debug +++ [Boolean] running = true
debug +++ [int] delay = 120000
debug time 21:35:09.134 :: After HeartBeat Count=99 Result=5
debug time 21:37:09.137 :: Before HeartBeat Count=100 Time=Tue Jan 3 2012 21:37:09 GMT+0100 AccountId=29131007 Session=b0c3a14b-aab0-41c1-87d6-1565925085b6
debug ++ [int] eventPhase = 2
debug ++ [Boolean] bubbles = false
debug ++ [Boolean] cancelable = false
debug ++ [String] type = timer
debug +++ [int] repeatCount = 0
debug +++ [int] currentCount = 99
debug +++ [Boolean] running = true
debug +++ [int] delay = 120000
debug +++ [int] repeatCount = 0
debug +++ [int] currentCount = 99
debug +++ [Boolean] running = true
debug +++ [int] delay = 120000
debug time 21:37:10.134 :: After HeartBeat Count=100 Result=5
debug time 21:39:09.138 :: Before HeartBeat Count=101 Time=Tue Jan 3 2012 21:39:09 GMT+0100 AccountId=29131007 Session=b0c3a14b-aab0-41c1-87d6-1565925085b6
debug ++ [int] eventPhase = 2
debug ++ [Boolean] bubbles = false
debug ++ [Boolean] cancelable = false
debug ++ [String] type = timer
debug +++ [int] repeatCount = 0
debug +++ [int] currentCount = 100
debug +++ [Boolean] running = true
debug +++ [int] delay = 120000
debug +++ [int] repeatCount = 0
debug +++ [int] currentCount = 100
debug +++ [Boolean] running = true
debug +++ [int] delay = 120000
debug time 21:39:10.139 :: After HeartBeat Count=101 Result=5
debug time 21:41:09.137 :: Before HeartBeat Count=102 Time=Tue Jan 3 2012 21:41:09 GMT+0100 AccountId=29131007 Session=b0c3a14b-aab0-41c1-87d6-1565925085b6
debug ++ [int] eventPhase = 2
debug ++ [Boolean] bubbles = false
debug ++ [Boolean] cancelable = false
debug ++ [String] type = timer
debug +++ [int] repeatCount = 0
debug +++ [int] currentCount = 101
debug +++ [Boolean] running = true
debug +++ [int] delay = 120000
debug +++ [int] repeatCount = 0
debug +++ [int] currentCount = 101
debug +++ [Boolean] running = true
debug +++ [int] delay = 120000
debug time 21:41:10.134 :: After HeartBeat Count=102 Result=5
debug time 21:43:09.137 :: Before HeartBeat Count=103 Time=Tue Jan 3 2012 21:43:09 GMT+0100 AccountId=29131007 Session=b0c3a14b-aab0-41c1-87d6-1565925085b6
debug ++ [int] eventPhase = 2
debug ++ [Boolean] bubbles = false
debug ++ [Boolean] cancelable = false
debug ++ [String] type = timer
debug +++ [int] repeatCount = 0
debug +++ [int] currentCount = 102
debug +++ [Boolean] running = true
debug +++ [int] delay = 120000
debug +++ [int] repeatCount = 0
debug +++ [int] currentCount = 102
debug +++ [Boolean] running = true
debug +++ [int] delay = 120000
debug time 21:43:10.134 :: After HeartBeat Count=103 Result=5
debug time 21:45:09.138 :: Before HeartBeat Count=104 Time=Tue Jan 3 2012 21:45:09 GMT+0100 AccountId=29131007 Session=b0c3a14b-aab0-41c1-87d6-1565925085b6
debug ++ [int] eventPhase = 2
debug ++ [Boolean] bubbles = false
debug ++ [Boolean] cancelable = false
debug ++ [String] type = timer
debug +++ [int] repeatCount = 0
debug +++ [int] currentCount = 103
debug +++ [Boolean] running = true
debug +++ [int] delay = 120000
debug +++ [int] repeatCount = 0
debug +++ [int] currentCount = 103
debug +++ [Boolean] running = true
debug +++ [int] delay = 120000
debug time 21:45:10.135 :: After HeartBeat Count=104 Result=5
debug time 21:47:09.138 :: Before HeartBeat Count=105 Time=Tue Jan 3 2012 21:47:09 GMT+0100 AccountId=29131007 Session=b0c3a14b-aab0-41c1-87d6-1565925085b6
debug ++ [int] eventPhase = 2
debug ++ [Boolean] bubbles = false
debug ++ [Boolean] cancelable = false
debug ++ [String] type = timer
debug +++ [int] repeatCount = 0
debug +++ [int] currentCount = 104
debug +++ [Boolean] running = true
debug +++ [int] delay = 120000
debug +++ [int] repeatCount = 0
debug +++ [int] currentCount = 104
debug +++ [Boolean] running = true
debug +++ [int] delay = 120000
debug time 21:47:10.134 :: After HeartBeat Count=105 Result=5
debug time 21:49:09.169 :: Before HeartBeat Count=106 Time=Tue Jan 3 2012 21:49:09 GMT+0100 AccountId=29131007 Session=b0c3a14b-aab0-41c1-87d6-1565925085b6
debug ++ [int] eventPhase = 2
debug ++ [Boolean] bubbles = false
debug ++ [Boolean] cancelable = false
debug ++ [String] type = timer
debug +++ [int] repeatCount = 0
debug +++ [int] currentCount = 105
debug +++ [Boolean] running = true
debug +++ [int] delay = 120000
debug +++ [int] repeatCount = 0
debug +++ [int] currentCount = 105
debug +++ [Boolean] running = true
debug +++ [int] delay = 120000
debug time 21:49:10.134 :: After HeartBeat Count=106 Result=5
debug time 21:51:10.138 :: Before HeartBeat Count=107 Time=Tue Jan 3 2012 21:51:10 GMT+0100 AccountId=29131007 Session=b0c3a14b-aab0-41c1-87d6-1565925085b6
debug ++ [int] eventPhase = 2
debug ++ [Boolean] bubbles = false
debug ++ [Boolean] cancelable = false
debug ++ [String] type = timer
debug +++ [int] repeatCount = 0
debug +++ [int] currentCount = 106
debug +++ [Boolean] running = true
debug +++ [int] delay = 120000
debug +++ [int] repeatCount = 0
debug +++ [int] currentCount = 106
debug +++ [Boolean] running = true
debug +++ [int] delay = 120000
debug time 21:51:11.134 :: After HeartBeat Count=107 Result=5
debug time 21:53:10.138 :: Before HeartBeat Count=108 Time=Tue Jan 3 2012 21:53:10 GMT+0100 AccountId=29131007 Session=b0c3a14b-aab0-41c1-87d6-1565925085b6
debug ++ [int] eventPhase = 2
debug ++ [Boolean] bubbles = false
debug ++ [Boolean] cancelable = false
debug ++ [String] type = timer
debug +++ [int] repeatCount = 0
debug +++ [int] currentCount = 107
debug +++ [Boolean] running = true
debug +++ [int] delay = 120000
debug +++ [int] repeatCount = 0
debug +++ [int] currentCount = 107
debug +++ [Boolean] running = true
debug +++ [int] delay = 120000
debug time 21:53:11.134 :: After HeartBeat Count=108 Result=5
debug time 21:55:10.138 :: Before HeartBeat Count=109 Time=Tue Jan 3 2012 21:55:10 GMT+0100 AccountId=29131007 Session=b0c3a14b-aab0-41c1-87d6-1565925085b6
debug ++ [int] eventPhase = 2
debug ++ [Boolean] bubbles = false
debug ++ [Boolean] cancelable = false
debug ++ [String] type = timer
debug +++ [int] repeatCount = 0
debug +++ [int] currentCount = 108
debug +++ [Boolean] running = true
debug +++ [int] delay = 120000
debug +++ [int] repeatCount = 0
debug +++ [int] currentCount = 108
debug +++ [Boolean] running = true
debug +++ [int] delay = 120000
debug time 21:55:11.134 :: After HeartBeat Count=109 Result=5
debug time 21:57:10.138 :: Before HeartBeat Count=110 Time=Tue Jan 3 2012 21:57:10 GMT+0100 AccountId=29131007 Session=b0c3a14b-aab0-41c1-87d6-1565925085b6
debug ++ [int] eventPhase = 2
debug ++ [Boolean] bubbles = false
debug ++ [Boolean] cancelable = false
debug ++ [String] type = timer
debug +++ [int] repeatCount = 0
debug +++ [int] currentCount = 109
debug +++ [Boolean] running = true
debug +++ [int] delay = 120000
debug +++ [int] repeatCount = 0
debug +++ [int] currentCount = 109
debug +++ [Boolean] running = true
debug +++ [int] delay = 120000
debug time 21:57:11.134 :: After HeartBeat Count=110 Result=5
debug time 21:58:54.191 :: Performing heartbeat at Tue Jan 3 2012 21:58:54 GMT+0100
debug time 21:59:10.389 :: Before HeartBeat Count=111 Time=Tue Jan 3 2012 21:59:10 GMT+0100 AccountId=29131007 Session=b0c3a14b-aab0-41c1-87d6-1565925085b6
debug ++ [int] eventPhase = 2
debug ++ [Boolean] bubbles = false
debug ++ [Boolean] cancelable = false
debug ++ [String] type = timer
debug +++ [int] repeatCount = 0
debug +++ [int] currentCount = 110
debug +++ [Boolean] running = true
debug +++ [int] delay = 120000
debug +++ [int] repeatCount = 0
debug +++ [int] currentCount = 110
debug +++ [Boolean] running = true
debug +++ [int] delay = 120000
debug time 21:59:10.653 :: After HeartBeat Count=111 Result=5
debug time 22:01:10.402 :: Before HeartBeat Count=112 Time=Tue Jan 3 2012 22:01:10 GMT+0100 AccountId=29131007 Session=b0c3a14b-aab0-41c1-87d6-1565925085b6
debug ++ [int] eventPhase = 2
debug ++ [Boolean] bubbles = false
debug ++ [Boolean] cancelable = false
debug ++ [String] type = timer
debug +++ [int] repeatCount = 0
debug +++ [int] currentCount = 111
debug +++ [Boolean] running = true
debug +++ [int] delay = 120000
debug +++ [int] repeatCount = 0
debug +++ [int] currentCount = 111
debug +++ [Boolean] running = true
debug +++ [int] delay = 120000
debug time 22:01:10.604 :: After HeartBeat Count=112 Result=5
debug time 22:03:10.944 :: Before HeartBeat Count=113 Time=Tue Jan 3 2012 22:03:10 GMT+0100 AccountId=29131007 Session=b0c3a14b-aab0-41c1-87d6-1565925085b6
debug ++ [int] eventPhase = 2
debug ++ [Boolean] bubbles = false
debug ++ [Boolean] cancelable = false
debug ++ [String] type = timer
debug +++ [int] repeatCount = 0
debug +++ [int] currentCount = 112
debug +++ [Boolean] running = true
debug +++ [int] delay = 120000
debug +++ [int] repeatCount = 0
debug +++ [int] currentCount = 112
debug +++ [Boolean] running = true
debug +++ [int] delay = 120000
debug time 22:03:11.127 :: After HeartBeat Count=113 Result=5
debug time 22:05:10.950 :: Before HeartBeat Count=114 Time=Tue Jan 3 2012 22:05:10 GMT+0100 AccountId=29131007 Session=b0c3a14b-aab0-41c1-87d6-1565925085b6
debug ++ [int] eventPhase = 2
debug ++ [Boolean] bubbles = false
debug ++ [Boolean] cancelable = false
debug ++ [String] type = timer
debug +++ [int] repeatCount = 0
debug +++ [int] currentCount = 113
debug +++ [Boolean] running = true
debug +++ [int] delay = 120000
debug +++ [int] repeatCount = 0
debug +++ [int] currentCount = 113
debug +++ [Boolean] running = true
debug +++ [int] delay = 120000
debug time 22:05:11.136 :: After HeartBeat Count=114 Result=5
debug time 22:07:11.944 :: Before HeartBeat Count=115 Time=Tue Jan 3 2012 22:07:11 GMT+0100 AccountId=29131007 Session=b0c3a14b-aab0-41c1-87d6-1565925085b6
debug ++ [int] eventPhase = 2
debug ++ [Boolean] bubbles = false
debug ++ [Boolean] cancelable = false
debug ++ [String] type = timer
debug +++ [int] repeatCount = 0
debug +++ [int] currentCount = 114
debug +++ [Boolean] running = true
debug +++ [int] delay = 120000
debug +++ [int] repeatCount = 0
debug +++ [int] currentCount = 114
debug +++ [Boolean] running = true
debug +++ [int] delay = 120000
debug time 22:07:12.127 :: After HeartBeat Count=115 Result=5
debug time 22:09:11.944 :: Before HeartBeat Count=116 Time=Tue Jan 3 2012 22:09:11 GMT+0100 AccountId=29131007 Session=b0c3a14b-aab0-41c1-87d6-1565925085b6
debug ++ [int] eventPhase = 2
debug ++ [Boolean] bubbles = false
debug ++ [Boolean] cancelable = false
debug ++ [String] type = timer
debug +++ [int] repeatCount = 0
debug +++ [int] currentCount = 115
debug +++ [Boolean] running = true
debug +++ [int] delay = 120000
debug +++ [int] repeatCount = 0
debug +++ [int] currentCount = 115
debug +++ [Boolean] running = true
debug +++ [int] delay = 120000
debug time 22:09:12.127 :: After HeartBeat Count=116 Result=5
debug time 22:11:11.944 :: Before HeartBeat Count=117 Time=Tue Jan 3 2012 22:11:11 GMT+0100 AccountId=29131007 Session=b0c3a14b-aab0-41c1-87d6-1565925085b6
debug ++ [int] eventPhase = 2
debug ++ [Boolean] bubbles = false
debug ++ [Boolean] cancelable = false
debug ++ [String] type = timer
debug +++ [int] repeatCount = 0
debug +++ [int] currentCount = 116
debug +++ [Boolean] running = true
debug +++ [int] delay = 120000
debug +++ [int] repeatCount = 0
debug +++ [int] currentCount = 116
debug +++ [Boolean] running = true
debug +++ [int] delay = 120000
debug time 22:11:12.127 :: After HeartBeat Count=117 Result=5
debug time 22:13:12.969 :: Before HeartBeat Count=118 Time=Tue Jan 3 2012 22:13:12 GMT+0100 AccountId=29131007 Session=b0c3a14b-aab0-41c1-87d6-1565925085b6
debug ++ [int] eventPhase = 2
debug ++ [Boolean] bubbles = false
debug ++ [Boolean] cancelable = false
debug ++ [String] type = timer
debug +++ [int] repeatCount = 0
debug +++ [int] currentCount = 117
debug +++ [Boolean] running = true
debug +++ [int] delay = 120000
debug +++ [int] repeatCount = 0
debug +++ [int] currentCount = 117
debug +++ [Boolean] running = true
debug +++ [int] delay = 120000
debug time 22:13:13.198 :: After HeartBeat Count=118 Result=5
debug time 22:15:13.943 :: Before HeartBeat Count=119 Time=Tue Jan 3 2012 22:15:13 GMT+0100 AccountId=29131007 Session=b0c3a14b-aab0-41c1-87d6-1565925085b6
debug ++ [int] eventPhase = 2
debug ++ [Boolean] bubbles = false
debug ++ [Boolean] cancelable = false
debug ++ [String] type = timer
debug +++ [int] repeatCount = 0
debug +++ [int] currentCount = 118
debug +++ [Boolean] running = true
debug +++ [int] delay = 120000
debug +++ [int] repeatCount = 0
debug +++ [int] currentCount = 118
debug +++ [Boolean] running = true
debug +++ [int] delay = 120000
debug time 22:15:14.127 :: After HeartBeat Count=119 Result=5
debug time 22:17:13.943 :: Before HeartBeat Count=120 Time=Tue Jan 3 2012 22:17:13 GMT+0100 AccountId=29131007 Session=b0c3a14b-aab0-41c1-87d6-1565925085b6
debug ++ [int] eventPhase = 2
debug ++ [Boolean] bubbles = false
debug ++ [Boolean] cancelable = false
debug ++ [String] type = timer
debug +++ [int] repeatCount = 0
debug +++ [int] currentCount = 119
debug +++ [Boolean] running = true
debug +++ [int] delay = 120000
debug +++ [int] repeatCount = 0
debug +++ [int] currentCount = 119
debug +++ [Boolean] running = true
debug +++ [int] delay = 120000
debug time 22:17:14.127 :: After HeartBeat Count=120 Result=5
debug time 22:19:13.944 :: Before HeartBeat Count=121 Time=Tue Jan 3 2012 22:19:13 GMT+0100 AccountId=29131007 Session=b0c3a14b-aab0-41c1-87d6-1565925085b6
debug ++ [int] eventPhase = 2
debug ++ [Boolean] bubbles = false
debug ++ [Boolean] cancelable = false
debug ++ [String] type = timer
debug +++ [int] repeatCount = 0
debug +++ [int] currentCount = 120
debug +++ [Boolean] running = true
debug +++ [int] delay = 120000
debug +++ [int] repeatCount = 0
debug +++ [int] currentCount = 120
debug +++ [Boolean] running = true
debug +++ [int] delay = 120000
debug time 22:19:14.126 :: After HeartBeat Count=121 Result=5
debug time 22:21:13.944 :: Before HeartBeat Count=122 Time=Tue Jan 3 2012 22:21:13 GMT+0100 AccountId=29131007 Session=b0c3a14b-aab0-41c1-87d6-1565925085b6
debug ++ [int] eventPhase = 2
debug ++ [Boolean] bubbles = false
debug ++ [Boolean] cancelable = false
debug ++ [String] type = timer
debug +++ [int] repeatCount = 0
debug +++ [int] currentCount = 121
debug +++ [Boolean] running = true
debug +++ [int] delay = 120000
debug +++ [int] repeatCount = 0
debug +++ [int] currentCount = 121
debug +++ [Boolean] running = true
debug +++ [int] delay = 120000
debug time 22:21:14.127 :: After HeartBeat Count=122 Result=5
debug time 22:23:13.968 :: Before HeartBeat Count=123 Time=Tue Jan 3 2012 22:23:13 GMT+0100 AccountId=29131007 Session=b0c3a14b-aab0-41c1-87d6-1565925085b6
debug ++ [int] eventPhase = 2
debug ++ [Boolean] bubbles = false
debug ++ [Boolean] cancelable = false
debug ++ [String] type = timer
debug +++ [int] repeatCount = 0
debug +++ [int] currentCount = 122
debug +++ [Boolean] running = true
debug +++ [int] delay = 120000
debug +++ [int] repeatCount = 0
debug +++ [int] currentCount = 122
debug +++ [Boolean] running = true
debug +++ [int] delay = 120000
debug time 22:23:14.191 :: After HeartBeat Count=123 Result=5
debug time 22:25:14.945 :: Before HeartBeat Count=124 Time=Tue Jan 3 2012 22:25:14 GMT+0100 AccountId=29131007 Session=b0c3a14b-aab0-41c1-87d6-1565925085b6
debug ++ [int] eventPhase = 2
debug ++ [Boolean] bubbles = false
debug ++ [Boolean] cancelable = false
debug ++ [String] type = timer
debug +++ [int] repeatCount = 0
debug +++ [int] currentCount = 123
debug +++ [Boolean] running = true
debug +++ [int] delay = 120000
debug +++ [int] repeatCount = 0
debug +++ [int] currentCount = 123
debug +++ [Boolean] running = true
debug +++ [int] delay = 120000
debug time 22:25:15.130 :: After HeartBeat Count=124 Result=5
debug time 22:27:15.943 :: Before HeartBeat Count=125 Time=Tue Jan 3 2012 22:27:15 GMT+0100 AccountId=29131007 Session=b0c3a14b-aab0-41c1-87d6-1565925085b6
debug ++ [int] eventPhase = 2
debug ++ [Boolean] bubbles = false
debug ++ [Boolean] cancelable = false
debug ++ [String] type = timer
debug +++ [int] repeatCount = 0
debug +++ [int] currentCount = 124
debug +++ [Boolean] running = true
debug +++ [int] delay = 120000
debug +++ [int] repeatCount = 0
debug +++ [int] currentCount = 124
debug +++ [Boolean] running = true
debug +++ [int] delay = 120000
debug time 22:27:16.126 :: After HeartBeat Count=125 Result=5
debug time 22:29:15.943 :: Before HeartBeat Count=126 Time=Tue Jan 3 2012 22:29:15 GMT+0100 AccountId=29131007 Session=b0c3a14b-aab0-41c1-87d6-1565925085b6
debug ++ [int] eventPhase = 2
debug ++ [Boolean] bubbles = false
debug ++ [Boolean] cancelable = false
debug ++ [String] type = timer
debug +++ [int] repeatCount = 0
debug +++ [int] currentCount = 125
debug +++ [Boolean] running = true
debug +++ [int] delay = 120000
debug +++ [int] repeatCount = 0
debug +++ [int] currentCount = 125
debug +++ [Boolean] running = true
debug +++ [int] delay = 120000
debug time 22:29:16.126 :: After HeartBeat Count=126 Result=5
debug time 22:31:15.944 :: Before HeartBeat Count=127 Time=Tue Jan 3 2012 22:31:15 GMT+0100 AccountId=29131007 Session=b0c3a14b-aab0-41c1-87d6-1565925085b6
debug ++ [int] eventPhase = 2
debug ++ [Boolean] bubbles = false
debug ++ [Boolean] cancelable = false
debug ++ [String] type = timer
debug +++ [int] repeatCount = 0
debug +++ [int] currentCount = 126
debug +++ [Boolean] running = true
debug +++ [int] delay = 120000
debug +++ [int] repeatCount = 0
debug +++ [int] currentCount = 126
debug +++ [Boolean] running = true
debug +++ [int] delay = 120000
debug time 22:31:16.127 :: After HeartBeat Count=127 Result=5
debug time 22:33:15.969 :: Before HeartBeat Count=128 Time=Tue Jan 3 2012 22:33:15 GMT+0100 AccountId=29131007 Session=b0c3a14b-aab0-41c1-87d6-1565925085b6
debug ++ [int] eventPhase = 2
debug ++ [Boolean] bubbles = false
debug ++ [Boolean] cancelable = false
debug ++ [String] type = timer
debug +++ [int] repeatCount = 0
debug +++ [int] currentCount = 127
debug +++ [Boolean] running = true
debug +++ [int] delay = 120000
debug +++ [int] repeatCount = 0
debug +++ [int] currentCount = 127
debug +++ [Boolean] running = true
debug +++ [int] delay = 120000
debug time 22:33:16.187 :: After HeartBeat Count=128 Result=5
debug time 22:35:16.945 :: Before HeartBeat Count=129 Time=Tue Jan 3 2012 22:35:16 GMT+0100 AccountId=29131007 Session=b0c3a14b-aab0-41c1-87d6-1565925085b6
debug ++ [int] eventPhase = 2
debug ++ [Boolean] bubbles = false
debug ++ [Boolean] cancelable = false
debug ++ [String] type = timer
debug +++ [int] repeatCount = 0
debug +++ [int] currentCount = 128
debug +++ [Boolean] running = true
debug +++ [int] delay = 120000
debug +++ [int] repeatCount = 0
debug +++ [int] currentCount = 128
debug +++ [Boolean] running = true
debug +++ [int] delay = 120000
debug time 22:35:17.128 :: After HeartBeat Count=129 Result=5
debug time 22:37:16.944 :: Before HeartBeat Count=130 Time=Tue Jan 3 2012 22:37:16 GMT+0100 AccountId=29131007 Session=b0c3a14b-aab0-41c1-87d6-1565925085b6
debug ++ [int] eventPhase = 2
debug ++ [Boolean] bubbles = false
debug ++ [Boolean] cancelable = false
debug ++ [String] type = timer
debug +++ [int] repeatCount = 0
debug +++ [int] currentCount = 129
debug +++ [Boolean] running = true
debug +++ [int] delay = 120000
debug +++ [int] repeatCount = 0
debug +++ [int] currentCount = 129
debug +++ [Boolean] running = true
debug +++ [int] delay = 120000
debug time 22:37:17.127 :: After HeartBeat Count=130 Result=5
debug time 22:39:16.946 :: Before HeartBeat Count=131 Time=Tue Jan 3 2012 22:39:16 GMT+0100 AccountId=29131007 Session=b0c3a14b-aab0-41c1-87d6-1565925085b6
debug ++ [int] eventPhase = 2
debug ++ [Boolean] bubbles = false
debug ++ [Boolean] cancelable = false
debug ++ [String] type = timer
debug +++ [int] repeatCount = 0
debug +++ [int] currentCount = 130
debug +++ [Boolean] running = true
debug +++ [int] delay = 120000
debug +++ [int] repeatCount = 0
debug +++ [int] currentCount = 130
debug +++ [Boolean] running = true
debug +++ [int] delay = 120000
debug time 22:39:17.128 :: After HeartBeat Count=131 Result=5
debug time 22:41:17.943 :: Before HeartBeat Count=132 Time=Tue Jan 3 2012 22:41:17 GMT+0100 AccountId=29131007 Session=b0c3a14b-aab0-41c1-87d6-1565925085b6
debug ++ [int] eventPhase = 2
debug ++ [Boolean] bubbles = false
debug ++ [Boolean] cancelable = false
debug ++ [String] type = timer
debug +++ [int] repeatCount = 0
debug +++ [int] currentCount = 131
debug +++ [Boolean] running = true
debug +++ [int] delay = 120000
debug +++ [int] repeatCount = 0
debug +++ [int] currentCount = 131
debug +++ [Boolean] running = true
debug +++ [int] delay = 120000
debug time 22:41:18.137 :: After HeartBeat Count=132 Result=5
debug time 22:43:17.944 :: Before HeartBeat Count=133 Time=Tue Jan 3 2012 22:43:17 GMT+0100 AccountId=29131007 Session=b0c3a14b-aab0-41c1-87d6-1565925085b6
debug ++ [int] eventPhase = 2
debug ++ [Boolean] bubbles = false
debug ++ [Boolean] cancelable = false
debug ++ [String] type = timer
debug +++ [int] repeatCount = 0
debug +++ [int] currentCount = 132
debug +++ [Boolean] running = true
debug +++ [int] delay = 120000
debug +++ [int] repeatCount = 0
debug +++ [int] currentCount = 132
debug +++ [Boolean] running = true
debug +++ [int] delay = 120000
debug time 22:43:18.126 :: After HeartBeat Count=133 Result=5
debug time 22:45:18.945 :: Before HeartBeat Count=134 Time=Tue Jan 3 2012 22:45:18 GMT+0100 AccountId=29131007 Session=b0c3a14b-aab0-41c1-87d6-1565925085b6
debug ++ [int] eventPhase = 2
debug ++ [Boolean] bubbles = false
debug ++ [Boolean] cancelable = false
debug ++ [String] type = timer
debug +++ [int] repeatCount = 0
debug +++ [int] currentCount = 133
debug +++ [Boolean] running = true
debug +++ [int] delay = 120000
debug +++ [int] repeatCount = 0
debug +++ [int] currentCount = 133
debug +++ [Boolean] running = true
debug +++ [int] delay = 120000
debug time 22:45:19.127 :: After HeartBeat Count=134 Result=5
debug time 22:47:19.943 :: Before HeartBeat Count=135 Time=Tue Jan 3 2012 22:47:19 GMT+0100 AccountId=29131007 Session=b0c3a14b-aab0-41c1-87d6-1565925085b6
debug ++ [int] eventPhase = 2
debug ++ [Boolean] bubbles = false
debug ++ [Boolean] cancelable = false
debug ++ [String] type = timer
debug +++ [int] repeatCount = 0
debug +++ [int] currentCount = 134
debug +++ [Boolean] running = true
debug +++ [int] delay = 120000
debug +++ [int] repeatCount = 0
debug +++ [int] currentCount = 134
debug +++ [Boolean] running = true
debug +++ [int] delay = 120000
debug time 22:47:20.126 :: After HeartBeat Count=135 Result=5
debug time 22:49:19.943 :: Before HeartBeat Count=136 Time=Tue Jan 3 2012 22:49:19 GMT+0100 AccountId=29131007 Session=b0c3a14b-aab0-41c1-87d6-1565925085b6
debug ++ [int] eventPhase = 2
debug ++ [Boolean] bubbles = false
debug ++ [Boolean] cancelable = false
debug ++ [String] type = timer
debug +++ [int] repeatCount = 0
debug +++ [int] currentCount = 135
debug +++ [Boolean] running = true
debug +++ [int] delay = 120000
debug +++ [int] repeatCount = 0
debug +++ [int] currentCount = 135
debug +++ [Boolean] running = true
debug +++ [int] delay = 120000
debug time 22:49:20.151 :: After HeartBeat Count=136 Result=5
debug time 22:50:35.110 :: Performing heartbeat at Tue Jan 3 2012 22:50:35 GMT+0100
