debug time 18:12:24.709 :: Before HeartBeat Count=1 Time=Tue Nov 1 2011 18:12:24 GMT+0100 AccountId=28699575 Session=94b47221-3712-45f7-8bb8-6a443e658d4f
STOP LOGGING: More than 0 nested objects or properties. 
debug time 18:12:26.825 :: After HeartBeat Count=1 Result=5
debug time 18:15:25.643 :: Before HeartBeat Count=2 Time=Tue Nov 1 2011 18:15:25 GMT+0100 AccountId=28699575 Session=94b47221-3712-45f7-8bb8-6a443e658d4f
debug ++ [int] eventPhase = 2
debug ++ [Boolean] bubbles = false
debug ++ [Boolean] cancelable = false
debug ++ [String] type = timer
debug +++ [int] repeatCount = 0
debug +++ [int] currentCount = 1
debug +++ [Boolean] running = true
debug +++ [int] delay = 180000
debug +++ [int] repeatCount = 0
debug +++ [int] currentCount = 1
debug +++ [Boolean] running = true
debug +++ [int] delay = 180000
debug time 18:15:26.640 :: After HeartBeat Count=2 Result=5
debug time 18:18:25.647 :: Before HeartBeat Count=3 Time=Tue Nov 1 2011 18:18:25 GMT+0100 AccountId=28699575 Session=94b47221-3712-45f7-8bb8-6a443e658d4f
debug ++ [int] eventPhase = 2
debug ++ [Boolean] bubbles = false
debug ++ [Boolean] cancelable = false
debug ++ [String] type = timer
debug +++ [int] repeatCount = 0
debug +++ [int] currentCount = 2
debug +++ [Boolean] running = true
debug +++ [int] delay = 180000
debug +++ [int] repeatCount = 0
debug +++ [int] currentCount = 2
debug +++ [Boolean] running = true
debug +++ [int] delay = 180000
debug time 18:18:26.643 :: After HeartBeat Count=3 Result=5
debug time 18:21:25.650 :: Before HeartBeat Count=4 Time=Tue Nov 1 2011 18:21:25 GMT+0100 AccountId=28699575 Session=94b47221-3712-45f7-8bb8-6a443e658d4f
debug ++ [int] eventPhase = 2
debug ++ [Boolean] bubbles = false
debug ++ [Boolean] cancelable = false
debug ++ [String] type = timer
debug +++ [int] repeatCount = 0
debug +++ [int] currentCount = 3
debug +++ [Boolean] running = true
debug +++ [int] delay = 180000
debug +++ [int] repeatCount = 0
debug +++ [int] currentCount = 3
debug +++ [Boolean] running = true
debug +++ [int] delay = 180000
debug time 18:21:26.647 :: After HeartBeat Count=4 Result=5
debug time 18:24:25.654 :: Before HeartBeat Count=5 Time=Tue Nov 1 2011 18:24:25 GMT+0100 AccountId=28699575 Session=94b47221-3712-45f7-8bb8-6a443e658d4f
debug ++ [int] eventPhase = 2
debug ++ [Boolean] bubbles = false
debug ++ [Boolean] cancelable = false
debug ++ [String] type = timer
debug +++ [int] repeatCount = 0
debug +++ [int] currentCount = 4
debug +++ [Boolean] running = true
debug +++ [int] delay = 180000
debug +++ [int] repeatCount = 0
debug +++ [int] currentCount = 4
debug +++ [Boolean] running = true
debug +++ [int] delay = 180000
debug time 18:24:26.651 :: After HeartBeat Count=5 Result=5
debug time 18:27:25.657 :: Before HeartBeat Count=6 Time=Tue Nov 1 2011 18:27:25 GMT+0100 AccountId=28699575 Session=94b47221-3712-45f7-8bb8-6a443e658d4f
debug ++ [int] eventPhase = 2
debug ++ [Boolean] bubbles = false
debug ++ [Boolean] cancelable = false
debug ++ [String] type = timer
debug +++ [int] repeatCount = 0
debug +++ [int] currentCount = 5
debug +++ [Boolean] running = true
debug +++ [int] delay = 180000
debug +++ [int] repeatCount = 0
debug +++ [int] currentCount = 5
debug +++ [Boolean] running = true
debug +++ [int] delay = 180000
debug time 18:27:26.654 :: After HeartBeat Count=6 Result=5
debug time 18:30:25.661 :: Before HeartBeat Count=7 Time=Tue Nov 1 2011 18:30:25 GMT+0100 AccountId=28699575 Session=94b47221-3712-45f7-8bb8-6a443e658d4f
debug ++ [int] eventPhase = 2
debug ++ [Boolean] bubbles = false
debug ++ [Boolean] cancelable = false
debug ++ [String] type = timer
debug +++ [int] repeatCount = 0
debug +++ [int] currentCount = 6
debug +++ [Boolean] running = true
debug +++ [int] delay = 180000
debug +++ [int] repeatCount = 0
debug +++ [int] currentCount = 6
debug +++ [Boolean] running = true
debug +++ [int] delay = 180000
debug time 18:30:26.657 :: After HeartBeat Count=7 Result=5
debug time 18:33:25.675 :: Before HeartBeat Count=8 Time=Tue Nov 1 2011 18:33:25 GMT+0100 AccountId=28699575 Session=94b47221-3712-45f7-8bb8-6a443e658d4f
debug ++ [int] eventPhase = 2
debug ++ [Boolean] bubbles = false
debug ++ [Boolean] cancelable = false
debug ++ [String] type = timer
debug +++ [int] repeatCount = 0
debug +++ [int] currentCount = 7
debug +++ [Boolean] running = true
debug +++ [int] delay = 180000
debug +++ [int] repeatCount = 0
debug +++ [int] currentCount = 7
debug +++ [Boolean] running = true
debug +++ [int] delay = 180000
debug time 18:33:26.662 :: After HeartBeat Count=8 Result=5
debug time 18:36:26.669 :: Before HeartBeat Count=9 Time=Tue Nov 1 2011 18:36:26 GMT+0100 AccountId=28699575 Session=94b47221-3712-45f7-8bb8-6a443e658d4f
debug ++ [int] eventPhase = 2
debug ++ [Boolean] bubbles = false
debug ++ [Boolean] cancelable = false
debug ++ [String] type = timer
debug +++ [int] repeatCount = 0
debug +++ [int] currentCount = 8
debug +++ [Boolean] running = true
debug +++ [int] delay = 180000
debug +++ [int] repeatCount = 0
debug +++ [int] currentCount = 8
debug +++ [Boolean] running = true
debug +++ [int] delay = 180000
debug time 18:36:27.665 :: After HeartBeat Count=9 Result=5
debug time 18:38:38.709 :: Performing heartbeat at Tue Nov 1 2011 18:38:38 GMT+0100
