debug time 18:04:20.165 :: Before HeartBeat Count=1 Time=Tue Nov 22 2011 18:04:20 GMT+0100 AccountId=28699575 Session=9984d8ce-b940-447f-9a5f-c8b1e3e9eb2a
STOP LOGGING: More than 0 nested objects or properties. 
debug time 18:04:20.799 :: After HeartBeat Count=1 Result=5
debug time 18:07:20.762 :: Before HeartBeat Count=2 Time=Tue Nov 22 2011 18:07:20 GMT+0100 AccountId=28699575 Session=9984d8ce-b940-447f-9a5f-c8b1e3e9eb2a
debug ++ [int] eventPhase = 2
debug ++ [Boolean] bubbles = false
debug ++ [Boolean] cancelable = false
debug ++ [String] type = timer
debug +++ [int] repeatCount = 0
debug +++ [int] currentCount = 1
debug +++ [Boolean] running = true
debug +++ [int] delay = 180000
debug +++ [int] repeatCount = 0
debug +++ [int] currentCount = 1
debug +++ [Boolean] running = true
debug +++ [int] delay = 180000
debug time 18:07:21.755 :: After HeartBeat Count=2 Result=5
debug time 18:10:20.761 :: Before HeartBeat Count=3 Time=Tue Nov 22 2011 18:10:20 GMT+0100 AccountId=28699575 Session=9984d8ce-b940-447f-9a5f-c8b1e3e9eb2a
debug ++ [int] eventPhase = 2
debug ++ [Boolean] bubbles = false
debug ++ [Boolean] cancelable = false
debug ++ [String] type = timer
debug +++ [int] repeatCount = 0
debug +++ [int] currentCount = 2
debug +++ [Boolean] running = true
debug +++ [int] delay = 180000
debug +++ [int] repeatCount = 0
debug +++ [int] currentCount = 2
debug +++ [Boolean] running = true
debug +++ [int] delay = 180000
debug time 18:10:21.754 :: After HeartBeat Count=3 Result=5
debug time 18:13:20.761 :: Before HeartBeat Count=4 Time=Tue Nov 22 2011 18:13:20 GMT+0100 AccountId=28699575 Session=9984d8ce-b940-447f-9a5f-c8b1e3e9eb2a
debug ++ [int] eventPhase = 2
debug ++ [Boolean] bubbles = false
debug ++ [Boolean] cancelable = false
debug ++ [String] type = timer
debug +++ [int] repeatCount = 0
debug +++ [int] currentCount = 3
debug +++ [Boolean] running = true
debug +++ [int] delay = 180000
debug +++ [int] repeatCount = 0
debug +++ [int] currentCount = 3
debug +++ [Boolean] running = true
debug +++ [int] delay = 180000
debug time 18:13:21.754 :: After HeartBeat Count=4 Result=5
debug time 18:16:21.757 :: Before HeartBeat Count=5 Time=Tue Nov 22 2011 18:16:21 GMT+0100 AccountId=28699575 Session=9984d8ce-b940-447f-9a5f-c8b1e3e9eb2a
debug ++ [int] eventPhase = 2
debug ++ [Boolean] bubbles = false
debug ++ [Boolean] cancelable = false
debug ++ [String] type = timer
debug +++ [int] repeatCount = 0
debug +++ [int] currentCount = 4
debug +++ [Boolean] running = true
debug +++ [int] delay = 180000
debug +++ [int] repeatCount = 0
debug +++ [int] currentCount = 4
debug +++ [Boolean] running = true
debug +++ [int] delay = 180000
debug time 18:16:22.755 :: After HeartBeat Count=5 Result=5
debug time 18:19:22.756 :: Before HeartBeat Count=6 Time=Tue Nov 22 2011 18:19:22 GMT+0100 AccountId=28699575 Session=9984d8ce-b940-447f-9a5f-c8b1e3e9eb2a
debug ++ [int] eventPhase = 2
debug ++ [Boolean] bubbles = false
debug ++ [Boolean] cancelable = false
debug ++ [String] type = timer
debug +++ [int] repeatCount = 0
debug +++ [int] currentCount = 5
debug +++ [Boolean] running = true
debug +++ [int] delay = 180000
debug +++ [int] repeatCount = 0
debug +++ [int] currentCount = 5
debug +++ [Boolean] running = true
debug +++ [int] delay = 180000
debug time 18:19:23.754 :: After HeartBeat Count=6 Result=5
debug time 18:22:22.755 :: Before HeartBeat Count=7 Time=Tue Nov 22 2011 18:22:22 GMT+0100 AccountId=28699575 Session=9984d8ce-b940-447f-9a5f-c8b1e3e9eb2a
debug ++ [int] eventPhase = 2
debug ++ [Boolean] bubbles = false
debug ++ [Boolean] cancelable = false
debug ++ [String] type = timer
debug +++ [int] repeatCount = 0
debug +++ [int] currentCount = 6
debug +++ [Boolean] running = true
debug +++ [int] delay = 180000
debug +++ [int] repeatCount = 0
debug +++ [int] currentCount = 6
debug +++ [Boolean] running = true
debug +++ [int] delay = 180000
debug time 18:22:23.754 :: After HeartBeat Count=7 Result=5
debug time 18:24:36.793 :: Performing heartbeat at Tue Nov 22 2011 18:24:36 GMT+0100
debug time 18:25:22.790 :: Before HeartBeat Count=8 Time=Tue Nov 22 2011 18:25:22 GMT+0100 AccountId=28699575 Session=9984d8ce-b940-447f-9a5f-c8b1e3e9eb2a
debug ++ [int] eventPhase = 2
debug ++ [Boolean] bubbles = false
debug ++ [Boolean] cancelable = false
debug ++ [String] type = timer
debug +++ [int] repeatCount = 0
debug +++ [int] currentCount = 7
debug +++ [Boolean] running = true
debug +++ [int] delay = 180000
debug +++ [int] repeatCount = 0
debug +++ [int] currentCount = 7
debug +++ [Boolean] running = true
debug +++ [int] delay = 180000
debug time 18:25:22.984 :: After HeartBeat Count=8 Result=5
debug time 18:28:22.815 :: Before HeartBeat Count=9 Time=Tue Nov 22 2011 18:28:22 GMT+0100 AccountId=28699575 Session=9984d8ce-b940-447f-9a5f-c8b1e3e9eb2a
debug ++ [int] eventPhase = 2
debug ++ [Boolean] bubbles = false
debug ++ [Boolean] cancelable = false
debug ++ [String] type = timer
debug +++ [int] repeatCount = 0
debug +++ [int] currentCount = 8
debug +++ [Boolean] running = true
debug +++ [int] delay = 180000
debug +++ [int] repeatCount = 0
debug +++ [int] currentCount = 8
debug +++ [Boolean] running = true
debug +++ [int] delay = 180000
debug time 18:28:23.812 :: After HeartBeat Count=9 Result=5
debug time 18:31:22.979 :: Before HeartBeat Count=10 Time=Tue Nov 22 2011 18:31:22 GMT+0100 AccountId=28699575 Session=9984d8ce-b940-447f-9a5f-c8b1e3e9eb2a
debug ++ [int] eventPhase = 2
debug ++ [Boolean] bubbles = false
debug ++ [Boolean] cancelable = false
debug ++ [String] type = timer
debug +++ [int] repeatCount = 0
debug +++ [int] currentCount = 9
debug +++ [Boolean] running = true
debug +++ [int] delay = 180000
debug +++ [int] repeatCount = 0
debug +++ [int] currentCount = 9
debug +++ [Boolean] running = true
debug +++ [int] delay = 180000
debug time 18:31:23.975 :: After HeartBeat Count=10 Result=5
debug time 18:34:22.979 :: Before HeartBeat Count=11 Time=Tue Nov 22 2011 18:34:22 GMT+0100 AccountId=28699575 Session=9984d8ce-b940-447f-9a5f-c8b1e3e9eb2a
debug ++ [int] eventPhase = 2
debug ++ [Boolean] bubbles = false
debug ++ [Boolean] cancelable = false
debug ++ [String] type = timer
debug +++ [int] repeatCount = 0
debug +++ [int] currentCount = 10
debug +++ [Boolean] running = true
debug +++ [int] delay = 180000
debug +++ [int] repeatCount = 0
debug +++ [int] currentCount = 10
debug +++ [Boolean] running = true
debug +++ [int] delay = 180000
debug time 18:34:23.975 :: After HeartBeat Count=11 Result=5
debug time 18:37:22.979 :: Before HeartBeat Count=12 Time=Tue Nov 22 2011 18:37:22 GMT+0100 AccountId=28699575 Session=9984d8ce-b940-447f-9a5f-c8b1e3e9eb2a
debug ++ [int] eventPhase = 2
debug ++ [Boolean] bubbles = false
debug ++ [Boolean] cancelable = false
debug ++ [String] type = timer
debug +++ [int] repeatCount = 0
debug +++ [int] currentCount = 11
debug +++ [Boolean] running = true
debug +++ [int] delay = 180000
debug +++ [int] repeatCount = 0
debug +++ [int] currentCount = 11
debug +++ [Boolean] running = true
debug +++ [int] delay = 180000
debug time 18:37:23.976 :: After HeartBeat Count=12 Result=5
debug time 18:40:23.00 :: Before HeartBeat Count=13 Time=Tue Nov 22 2011 18:40:22 GMT+0100 AccountId=28699575 Session=9984d8ce-b940-447f-9a5f-c8b1e3e9eb2a
debug ++ [int] eventPhase = 2
debug ++ [Boolean] bubbles = false
debug ++ [Boolean] cancelable = false
debug ++ [String] type = timer
debug +++ [int] repeatCount = 0
debug +++ [int] currentCount = 12
debug +++ [Boolean] running = true
debug +++ [int] delay = 180000
debug +++ [int] repeatCount = 0
debug +++ [int] currentCount = 12
debug +++ [Boolean] running = true
debug +++ [int] delay = 180000
debug time 18:40:23.975 :: After HeartBeat Count=13 Result=5
debug time 18:43:23.978 :: Before HeartBeat Count=14 Time=Tue Nov 22 2011 18:43:23 GMT+0100 AccountId=28699575 Session=9984d8ce-b940-447f-9a5f-c8b1e3e9eb2a
debug ++ [int] eventPhase = 2
debug ++ [Boolean] bubbles = false
debug ++ [Boolean] cancelable = false
debug ++ [String] type = timer
debug +++ [int] repeatCount = 0
debug +++ [int] currentCount = 13
debug +++ [Boolean] running = true
debug +++ [int] delay = 180000
debug +++ [int] repeatCount = 0
debug +++ [int] currentCount = 13
debug +++ [Boolean] running = true
debug +++ [int] delay = 180000
debug time 18:43:24.976 :: After HeartBeat Count=14 Result=5
debug time 18:46:23.987 :: Before HeartBeat Count=15 Time=Tue Nov 22 2011 18:46:23 GMT+0100 AccountId=28699575 Session=9984d8ce-b940-447f-9a5f-c8b1e3e9eb2a
debug ++ [int] eventPhase = 2
debug ++ [Boolean] bubbles = false
debug ++ [Boolean] cancelable = false
debug ++ [String] type = timer
debug +++ [int] repeatCount = 0
debug +++ [int] currentCount = 14
debug +++ [Boolean] running = true
debug +++ [int] delay = 180000
debug +++ [int] repeatCount = 0
debug +++ [int] currentCount = 14
debug +++ [Boolean] running = true
debug +++ [int] delay = 180000
debug time 18:46:24.984 :: After HeartBeat Count=15 Result=5
debug time 18:49:24.978 :: Before HeartBeat Count=16 Time=Tue Nov 22 2011 18:49:24 GMT+0100 AccountId=28699575 Session=9984d8ce-b940-447f-9a5f-c8b1e3e9eb2a
debug ++ [int] eventPhase = 2
debug ++ [Boolean] bubbles = false
debug ++ [Boolean] cancelable = false
debug ++ [String] type = timer
debug +++ [int] repeatCount = 0
debug +++ [int] currentCount = 15
debug +++ [Boolean] running = true
debug +++ [int] delay = 180000
debug +++ [int] repeatCount = 0
debug +++ [int] currentCount = 15
debug +++ [Boolean] running = true
debug +++ [int] delay = 180000
debug time 18:49:25.975 :: After HeartBeat Count=16 Result=5
debug time 18:52:24.979 :: Before HeartBeat Count=17 Time=Tue Nov 22 2011 18:52:24 GMT+0100 AccountId=28699575 Session=9984d8ce-b940-447f-9a5f-c8b1e3e9eb2a
debug ++ [int] eventPhase = 2
debug ++ [Boolean] bubbles = false
debug ++ [Boolean] cancelable = false
debug ++ [String] type = timer
debug +++ [int] repeatCount = 0
debug +++ [int] currentCount = 16
debug +++ [Boolean] running = true
debug +++ [int] delay = 180000
debug +++ [int] repeatCount = 0
debug +++ [int] currentCount = 16
debug +++ [Boolean] running = true
debug +++ [int] delay = 180000
debug time 18:52:25.975 :: After HeartBeat Count=17 Result=5
debug time 18:55:24.980 :: Before HeartBeat Count=18 Time=Tue Nov 22 2011 18:55:24 GMT+0100 AccountId=28699575 Session=9984d8ce-b940-447f-9a5f-c8b1e3e9eb2a
debug ++ [int] eventPhase = 2
debug ++ [Boolean] bubbles = false
debug ++ [Boolean] cancelable = false
debug ++ [String] type = timer
debug +++ [int] repeatCount = 0
debug +++ [int] currentCount = 17
debug +++ [Boolean] running = true
debug +++ [int] delay = 180000
debug +++ [int] repeatCount = 0
debug +++ [int] currentCount = 17
debug +++ [Boolean] running = true
debug +++ [int] delay = 180000
debug time 18:55:25.976 :: After HeartBeat Count=18 Result=5
debug time 18:58:25.978 :: Before HeartBeat Count=19 Time=Tue Nov 22 2011 18:58:25 GMT+0100 AccountId=28699575 Session=9984d8ce-b940-447f-9a5f-c8b1e3e9eb2a
debug ++ [int] eventPhase = 2
debug ++ [Boolean] bubbles = false
debug ++ [Boolean] cancelable = false
debug ++ [String] type = timer
debug +++ [int] repeatCount = 0
debug +++ [int] currentCount = 18
debug +++ [Boolean] running = true
debug +++ [int] delay = 180000
debug +++ [int] repeatCount = 0
debug +++ [int] currentCount = 18
debug +++ [Boolean] running = true
debug +++ [int] delay = 180000
debug time 18:58:26.975 :: After HeartBeat Count=19 Result=5
debug time 19:01:25.978 :: Before HeartBeat Count=20 Time=Tue Nov 22 2011 19:01:25 GMT+0100 AccountId=28699575 Session=9984d8ce-b940-447f-9a5f-c8b1e3e9eb2a
debug ++ [int] eventPhase = 2
debug ++ [Boolean] bubbles = false
debug ++ [Boolean] cancelable = false
debug ++ [String] type = timer
debug +++ [int] repeatCount = 0
debug +++ [int] currentCount = 19
debug +++ [Boolean] running = true
debug +++ [int] delay = 180000
debug +++ [int] repeatCount = 0
debug +++ [int] currentCount = 19
debug +++ [Boolean] running = true
debug +++ [int] delay = 180000
debug time 19:01:26.975 :: After HeartBeat Count=20 Result=5
debug time 19:04:25.978 :: Before HeartBeat Count=21 Time=Tue Nov 22 2011 19:04:25 GMT+0100 AccountId=28699575 Session=9984d8ce-b940-447f-9a5f-c8b1e3e9eb2a
debug ++ [int] eventPhase = 2
debug ++ [Boolean] bubbles = false
debug ++ [Boolean] cancelable = false
debug ++ [String] type = timer
debug +++ [int] repeatCount = 0
debug +++ [int] currentCount = 20
debug +++ [Boolean] running = true
debug +++ [int] delay = 180000
debug +++ [int] repeatCount = 0
debug +++ [int] currentCount = 20
debug +++ [Boolean] running = true
debug +++ [int] delay = 180000
debug time 19:04:26.976 :: After HeartBeat Count=21 Result=5
debug time 19:07:25.978 :: Before HeartBeat Count=22 Time=Tue Nov 22 2011 19:07:25 GMT+0100 AccountId=28699575 Session=9984d8ce-b940-447f-9a5f-c8b1e3e9eb2a
debug ++ [int] eventPhase = 2
debug ++ [Boolean] bubbles = false
debug ++ [Boolean] cancelable = false
debug ++ [String] type = timer
debug +++ [int] repeatCount = 0
debug +++ [int] currentCount = 21
debug +++ [Boolean] running = true
debug +++ [int] delay = 180000
debug +++ [int] repeatCount = 0
debug +++ [int] currentCount = 21
debug +++ [Boolean] running = true
debug +++ [int] delay = 180000
debug time 19:07:26.975 :: After HeartBeat Count=22 Result=5
debug time 19:10:00.21 :: Performing heartbeat at Tue Nov 22 2011 19:10:00 GMT+0100
debug time 19:10:26.11 :: Before HeartBeat Count=23 Time=Tue Nov 22 2011 19:10:26 GMT+0100 AccountId=28699575 Session=9984d8ce-b940-447f-9a5f-c8b1e3e9eb2a
debug ++ [int] eventPhase = 2
debug ++ [Boolean] bubbles = false
debug ++ [Boolean] cancelable = false
debug ++ [String] type = timer
debug +++ [int] repeatCount = 0
debug +++ [int] currentCount = 22
debug +++ [Boolean] running = true
debug +++ [int] delay = 180000
debug +++ [int] repeatCount = 0
debug +++ [int] currentCount = 22
debug +++ [Boolean] running = true
debug +++ [int] delay = 180000
debug time 19:10:26.243 :: After HeartBeat Count=23 Result=5
debug time 19:13:26.974 :: Before HeartBeat Count=24 Time=Tue Nov 22 2011 19:13:26 GMT+0100 AccountId=28699575 Session=9984d8ce-b940-447f-9a5f-c8b1e3e9eb2a
debug ++ [int] eventPhase = 2
debug ++ [Boolean] bubbles = false
debug ++ [Boolean] cancelable = false
debug ++ [String] type = timer
debug +++ [int] repeatCount = 0
debug +++ [int] currentCount = 23
debug +++ [Boolean] running = true
debug +++ [int] delay = 180000
debug +++ [int] repeatCount = 0
debug +++ [int] currentCount = 23
debug +++ [Boolean] running = true
debug +++ [int] delay = 180000
debug time 19:13:27.970 :: After HeartBeat Count=24 Result=5
debug time 19:16:26.976 :: Before HeartBeat Count=25 Time=Tue Nov 22 2011 19:16:26 GMT+0100 AccountId=28699575 Session=9984d8ce-b940-447f-9a5f-c8b1e3e9eb2a
debug ++ [int] eventPhase = 2
debug ++ [Boolean] bubbles = false
debug ++ [Boolean] cancelable = false
debug ++ [String] type = timer
debug +++ [int] repeatCount = 0
debug +++ [int] currentCount = 24
debug +++ [Boolean] running = true
debug +++ [int] delay = 180000
debug +++ [int] repeatCount = 0
debug +++ [int] currentCount = 24
debug +++ [Boolean] running = true
debug +++ [int] delay = 180000
debug time 19:16:27.970 :: After HeartBeat Count=25 Result=5
debug time 19:19:27.974 :: Before HeartBeat Count=26 Time=Tue Nov 22 2011 19:19:27 GMT+0100 AccountId=28699575 Session=9984d8ce-b940-447f-9a5f-c8b1e3e9eb2a
debug ++ [int] eventPhase = 2
debug ++ [Boolean] bubbles = false
debug ++ [Boolean] cancelable = false
debug ++ [String] type = timer
debug +++ [int] repeatCount = 0
debug +++ [int] currentCount = 25
debug +++ [Boolean] running = true
debug +++ [int] delay = 180000
debug +++ [int] repeatCount = 0
debug +++ [int] currentCount = 25
debug +++ [Boolean] running = true
debug +++ [int] delay = 180000
debug time 19:19:28.970 :: After HeartBeat Count=26 Result=5
debug time 19:22:27.974 :: Before HeartBeat Count=27 Time=Tue Nov 22 2011 19:22:27 GMT+0100 AccountId=28699575 Session=9984d8ce-b940-447f-9a5f-c8b1e3e9eb2a
debug ++ [int] eventPhase = 2
debug ++ [Boolean] bubbles = false
debug ++ [Boolean] cancelable = false
debug ++ [String] type = timer
debug +++ [int] repeatCount = 0
debug +++ [int] currentCount = 26
debug +++ [Boolean] running = true
debug +++ [int] delay = 180000
debug +++ [int] repeatCount = 0
debug +++ [int] currentCount = 26
debug +++ [Boolean] running = true
debug +++ [int] delay = 180000
debug time 19:22:28.970 :: After HeartBeat Count=27 Result=5
debug time 19:25:27.975 :: Before HeartBeat Count=28 Time=Tue Nov 22 2011 19:25:27 GMT+0100 AccountId=28699575 Session=9984d8ce-b940-447f-9a5f-c8b1e3e9eb2a
debug ++ [int] eventPhase = 2
debug ++ [Boolean] bubbles = false
debug ++ [Boolean] cancelable = false
debug ++ [String] type = timer
debug +++ [int] repeatCount = 0
debug +++ [int] currentCount = 27
debug +++ [Boolean] running = true
debug +++ [int] delay = 180000
debug +++ [int] repeatCount = 0
debug +++ [int] currentCount = 27
debug +++ [Boolean] running = true
debug +++ [int] delay = 180000
debug time 19:25:28.971 :: After HeartBeat Count=28 Result=5
debug time 19:28:28.00 :: Before HeartBeat Count=29 Time=Tue Nov 22 2011 19:28:28 GMT+0100 AccountId=28699575 Session=9984d8ce-b940-447f-9a5f-c8b1e3e9eb2a
debug ++ [int] eventPhase = 2
debug ++ [Boolean] bubbles = false
debug ++ [Boolean] cancelable = false
debug ++ [String] type = timer
debug +++ [int] repeatCount = 0
debug +++ [int] currentCount = 28
debug +++ [Boolean] running = true
debug +++ [int] delay = 180000
debug +++ [int] repeatCount = 0
debug +++ [int] currentCount = 28
debug +++ [Boolean] running = true
debug +++ [int] delay = 180000
debug time 19:28:28.975 :: After HeartBeat Count=29 Result=5
debug time 19:31:28.974 :: Before HeartBeat Count=30 Time=Tue Nov 22 2011 19:31:28 GMT+0100 AccountId=28699575 Session=9984d8ce-b940-447f-9a5f-c8b1e3e9eb2a
debug ++ [int] eventPhase = 2
debug ++ [Boolean] bubbles = false
debug ++ [Boolean] cancelable = false
debug ++ [String] type = timer
debug +++ [int] repeatCount = 0
debug +++ [int] currentCount = 29
debug +++ [Boolean] running = true
debug +++ [int] delay = 180000
debug +++ [int] repeatCount = 0
debug +++ [int] currentCount = 29
debug +++ [Boolean] running = true
debug +++ [int] delay = 180000
debug time 19:31:29.970 :: After HeartBeat Count=30 Result=5
debug time 19:32:00.46 :: Before HeartBeat Count=31 Time=Tue Nov 22 2011 19:32:00 GMT+0100 AccountId=28699575 Session=9984d8ce-b940-447f-9a5f-c8b1e3e9eb2a
debug time 19:32:00.970 :: After HeartBeat Count=31 Result=5
debug time 19:34:52.441 :: Performing heartbeat at Tue Nov 22 2011 19:34:52 GMT+0100
debug time 19:35:00.71 :: Before HeartBeat Count=32 Time=Tue Nov 22 2011 19:35:00 GMT+0100 AccountId=28699575 Session=9984d8ce-b940-447f-9a5f-c8b1e3e9eb2a
debug ++ [int] eventPhase = 2
debug ++ [Boolean] bubbles = false
debug ++ [Boolean] cancelable = false
debug ++ [String] type = timer
debug +++ [int] repeatCount = 0
debug +++ [int] currentCount = 1
debug +++ [Boolean] running = true
debug +++ [int] delay = 180000
debug +++ [int] repeatCount = 0
debug +++ [int] currentCount = 1
debug +++ [Boolean] running = true
debug +++ [int] delay = 180000
debug time 19:35:00.480 :: After HeartBeat Count=32 Result=5
