debug time 18:13:35.379 :: Before HeartBeat Count=1 Time=Mon Apr 2 2012 18:13:35 GMT+0200 AccountId=29131007 Session=e2e5eea0-b903-44f1-9004-cdc7cb084936
STOP LOGGING: More than 0 nested objects or properties. 
debug time 18:13:36.313 :: After HeartBeat Count=1 Result=5
debug time 18:15:35.394 :: Before HeartBeat Count=2 Time=Mon Apr 2 2012 18:15:35 GMT+0200 AccountId=29131007 Session=e2e5eea0-b903-44f1-9004-cdc7cb084936
debug ++ [int] eventPhase = 2
debug ++ [Boolean] bubbles = false
debug ++ [Boolean] cancelable = false
debug ++ [String] type = timer
debug +++ [int] repeatCount = 0
debug +++ [int] currentCount = 1
debug +++ [Boolean] running = true
debug +++ [int] delay = 120000
debug +++ [int] repeatCount = 0
debug +++ [int] currentCount = 1
debug +++ [Boolean] running = true
debug +++ [int] delay = 120000
debug time 18:15:35.598 :: After HeartBeat Count=2 Result=5
debug time 18:17:35.412 :: Before HeartBeat Count=3 Time=Mon Apr 2 2012 18:17:35 GMT+0200 AccountId=29131007 Session=e2e5eea0-b903-44f1-9004-cdc7cb084936
debug ++ [int] eventPhase = 2
debug ++ [Boolean] bubbles = false
debug ++ [Boolean] cancelable = false
debug ++ [String] type = timer
debug +++ [int] repeatCount = 0
debug +++ [int] currentCount = 2
debug +++ [Boolean] running = true
debug +++ [int] delay = 120000
debug +++ [int] repeatCount = 0
debug +++ [int] currentCount = 2
debug +++ [Boolean] running = true
debug +++ [int] delay = 120000
debug time 18:17:35.588 :: After HeartBeat Count=3 Result=5
debug time 18:19:36.290 :: Before HeartBeat Count=4 Time=Mon Apr 2 2012 18:19:36 GMT+0200 AccountId=29131007 Session=e2e5eea0-b903-44f1-9004-cdc7cb084936
debug ++ [int] eventPhase = 2
debug ++ [Boolean] bubbles = false
debug ++ [Boolean] cancelable = false
debug ++ [String] type = timer
debug +++ [int] repeatCount = 0
debug +++ [int] currentCount = 3
debug +++ [Boolean] running = true
debug +++ [int] delay = 120000
debug +++ [int] repeatCount = 0
debug +++ [int] currentCount = 3
debug +++ [Boolean] running = true
debug +++ [int] delay = 120000
debug time 18:19:36.462 :: After HeartBeat Count=4 Result=5
debug time 18:21:36.381 :: Before HeartBeat Count=5 Time=Mon Apr 2 2012 18:21:36 GMT+0200 AccountId=29131007 Session=e2e5eea0-b903-44f1-9004-cdc7cb084936
debug ++ [int] eventPhase = 2
debug ++ [Boolean] bubbles = false
debug ++ [Boolean] cancelable = false
debug ++ [String] type = timer
debug +++ [int] repeatCount = 0
debug +++ [int] currentCount = 4
debug +++ [Boolean] running = true
debug +++ [int] delay = 120000
debug +++ [int] repeatCount = 0
debug +++ [int] currentCount = 4
debug +++ [Boolean] running = true
debug +++ [int] delay = 120000
debug time 18:21:36.553 :: After HeartBeat Count=5 Result=5
debug time 18:23:36.391 :: Before HeartBeat Count=6 Time=Mon Apr 2 2012 18:23:36 GMT+0200 AccountId=29131007 Session=e2e5eea0-b903-44f1-9004-cdc7cb084936
debug ++ [int] eventPhase = 2
debug ++ [Boolean] bubbles = false
debug ++ [Boolean] cancelable = false
debug ++ [String] type = timer
debug +++ [int] repeatCount = 0
debug +++ [int] currentCount = 5
debug +++ [Boolean] running = true
debug +++ [int] delay = 120000
debug +++ [int] repeatCount = 0
debug +++ [int] currentCount = 5
debug +++ [Boolean] running = true
debug +++ [int] delay = 120000
debug time 18:23:36.584 :: After HeartBeat Count=6 Result=5
debug time 18:25:37.381 :: Before HeartBeat Count=7 Time=Mon Apr 2 2012 18:25:37 GMT+0200 AccountId=29131007 Session=e2e5eea0-b903-44f1-9004-cdc7cb084936
debug ++ [int] eventPhase = 2
debug ++ [Boolean] bubbles = false
debug ++ [Boolean] cancelable = false
debug ++ [String] type = timer
debug +++ [int] repeatCount = 0
debug +++ [int] currentCount = 6
debug +++ [Boolean] running = true
debug +++ [int] delay = 120000
debug +++ [int] repeatCount = 0
debug +++ [int] currentCount = 6
debug +++ [Boolean] running = true
debug +++ [int] delay = 120000
debug time 18:25:37.552 :: After HeartBeat Count=7 Result=5
debug time 18:27:37.381 :: Before HeartBeat Count=8 Time=Mon Apr 2 2012 18:27:37 GMT+0200 AccountId=29131007 Session=e2e5eea0-b903-44f1-9004-cdc7cb084936
debug ++ [int] eventPhase = 2
debug ++ [Boolean] bubbles = false
debug ++ [Boolean] cancelable = false
debug ++ [String] type = timer
debug +++ [int] repeatCount = 0
debug +++ [int] currentCount = 7
debug +++ [Boolean] running = true
debug +++ [int] delay = 120000
debug +++ [int] repeatCount = 0
debug +++ [int] currentCount = 7
debug +++ [Boolean] running = true
debug +++ [int] delay = 120000
debug time 18:27:37.553 :: After HeartBeat Count=8 Result=5
debug time 18:29:38.380 :: Before HeartBeat Count=9 Time=Mon Apr 2 2012 18:29:38 GMT+0200 AccountId=29131007 Session=e2e5eea0-b903-44f1-9004-cdc7cb084936
debug ++ [int] eventPhase = 2
debug ++ [Boolean] bubbles = false
debug ++ [Boolean] cancelable = false
debug ++ [String] type = timer
debug +++ [int] repeatCount = 0
debug +++ [int] currentCount = 8
debug +++ [Boolean] running = true
debug +++ [int] delay = 120000
debug +++ [int] repeatCount = 0
debug +++ [int] currentCount = 8
debug +++ [Boolean] running = true
debug +++ [int] delay = 120000
debug time 18:29:38.551 :: After HeartBeat Count=9 Result=5
debug time 18:31:38.381 :: Before HeartBeat Count=10 Time=Mon Apr 2 2012 18:31:38 GMT+0200 AccountId=29131007 Session=e2e5eea0-b903-44f1-9004-cdc7cb084936
debug ++ [int] eventPhase = 2
debug ++ [Boolean] bubbles = false
debug ++ [Boolean] cancelable = false
debug ++ [String] type = timer
debug +++ [int] repeatCount = 0
debug +++ [int] currentCount = 9
debug +++ [Boolean] running = true
debug +++ [int] delay = 120000
debug +++ [int] repeatCount = 0
debug +++ [int] currentCount = 9
debug +++ [Boolean] running = true
debug +++ [int] delay = 120000
debug time 18:31:38.552 :: After HeartBeat Count=10 Result=5
debug time 18:33:39.380 :: Before HeartBeat Count=11 Time=Mon Apr 2 2012 18:33:39 GMT+0200 AccountId=29131007 Session=e2e5eea0-b903-44f1-9004-cdc7cb084936
debug ++ [int] eventPhase = 2
debug ++ [Boolean] bubbles = false
debug ++ [Boolean] cancelable = false
debug ++ [String] type = timer
debug +++ [int] repeatCount = 0
debug +++ [int] currentCount = 10
debug +++ [Boolean] running = true
debug +++ [int] delay = 120000
debug +++ [int] repeatCount = 0
debug +++ [int] currentCount = 10
debug +++ [Boolean] running = true
debug +++ [int] delay = 120000
debug time 18:33:39.552 :: After HeartBeat Count=11 Result=5
debug time 18:35:39.380 :: Before HeartBeat Count=12 Time=Mon Apr 2 2012 18:35:39 GMT+0200 AccountId=29131007 Session=e2e5eea0-b903-44f1-9004-cdc7cb084936
debug ++ [int] eventPhase = 2
debug ++ [Boolean] bubbles = false
debug ++ [Boolean] cancelable = false
debug ++ [String] type = timer
debug +++ [int] repeatCount = 0
debug +++ [int] currentCount = 11
debug +++ [Boolean] running = true
debug +++ [int] delay = 120000
debug +++ [int] repeatCount = 0
debug +++ [int] currentCount = 11
debug +++ [Boolean] running = true
debug +++ [int] delay = 120000
debug time 18:35:39.551 :: After HeartBeat Count=12 Result=5
debug time 18:37:39.390 :: Before HeartBeat Count=13 Time=Mon Apr 2 2012 18:37:39 GMT+0200 AccountId=29131007 Session=e2e5eea0-b903-44f1-9004-cdc7cb084936
debug ++ [int] eventPhase = 2
debug ++ [Boolean] bubbles = false
debug ++ [Boolean] cancelable = false
debug ++ [String] type = timer
debug +++ [int] repeatCount = 0
debug +++ [int] currentCount = 12
debug +++ [Boolean] running = true
debug +++ [int] delay = 120000
debug +++ [int] repeatCount = 0
debug +++ [int] currentCount = 12
debug +++ [Boolean] running = true
debug +++ [int] delay = 120000
debug time 18:37:39.581 :: After HeartBeat Count=13 Result=5
debug time 18:39:40.380 :: Before HeartBeat Count=14 Time=Mon Apr 2 2012 18:39:40 GMT+0200 AccountId=29131007 Session=e2e5eea0-b903-44f1-9004-cdc7cb084936
debug ++ [int] eventPhase = 2
debug ++ [Boolean] bubbles = false
debug ++ [Boolean] cancelable = false
debug ++ [String] type = timer
debug +++ [int] repeatCount = 0
debug +++ [int] currentCount = 13
debug +++ [Boolean] running = true
debug +++ [int] delay = 120000
debug +++ [int] repeatCount = 0
debug +++ [int] currentCount = 13
debug +++ [Boolean] running = true
debug +++ [int] delay = 120000
debug time 18:39:40.552 :: After HeartBeat Count=14 Result=5
debug time 18:41:40.380 :: Before HeartBeat Count=15 Time=Mon Apr 2 2012 18:41:40 GMT+0200 AccountId=29131007 Session=e2e5eea0-b903-44f1-9004-cdc7cb084936
debug ++ [int] eventPhase = 2
debug ++ [Boolean] bubbles = false
debug ++ [Boolean] cancelable = false
debug ++ [String] type = timer
debug +++ [int] repeatCount = 0
debug +++ [int] currentCount = 14
debug +++ [Boolean] running = true
debug +++ [int] delay = 120000
debug +++ [int] repeatCount = 0
debug +++ [int] currentCount = 14
debug +++ [Boolean] running = true
debug +++ [int] delay = 120000
debug time 18:41:40.551 :: After HeartBeat Count=15 Result=5
debug time 18:43:40.380 :: Before HeartBeat Count=16 Time=Mon Apr 2 2012 18:43:40 GMT+0200 AccountId=29131007 Session=e2e5eea0-b903-44f1-9004-cdc7cb084936
debug ++ [int] eventPhase = 2
debug ++ [Boolean] bubbles = false
debug ++ [Boolean] cancelable = false
debug ++ [String] type = timer
debug +++ [int] repeatCount = 0
debug +++ [int] currentCount = 15
debug +++ [Boolean] running = true
debug +++ [int] delay = 120000
debug +++ [int] repeatCount = 0
debug +++ [int] currentCount = 15
debug +++ [Boolean] running = true
debug +++ [int] delay = 120000
debug time 18:43:40.552 :: After HeartBeat Count=16 Result=5
debug time 18:45:40.394 :: Before HeartBeat Count=17 Time=Mon Apr 2 2012 18:45:40 GMT+0200 AccountId=29131007 Session=e2e5eea0-b903-44f1-9004-cdc7cb084936
debug ++ [int] eventPhase = 2
debug ++ [Boolean] bubbles = false
debug ++ [Boolean] cancelable = false
debug ++ [String] type = timer
debug +++ [int] repeatCount = 0
debug +++ [int] currentCount = 16
debug +++ [Boolean] running = true
debug +++ [int] delay = 120000
debug +++ [int] repeatCount = 0
debug +++ [int] currentCount = 16
debug +++ [Boolean] running = true
debug +++ [int] delay = 120000
debug time 18:45:40.565 :: After HeartBeat Count=17 Result=5
debug time 18:47:41.380 :: Before HeartBeat Count=18 Time=Mon Apr 2 2012 18:47:41 GMT+0200 AccountId=29131007 Session=e2e5eea0-b903-44f1-9004-cdc7cb084936
debug ++ [int] eventPhase = 2
debug ++ [Boolean] bubbles = false
debug ++ [Boolean] cancelable = false
debug ++ [String] type = timer
debug +++ [int] repeatCount = 0
debug +++ [int] currentCount = 17
debug +++ [Boolean] running = true
debug +++ [int] delay = 120000
debug +++ [int] repeatCount = 0
debug +++ [int] currentCount = 17
debug +++ [Boolean] running = true
debug +++ [int] delay = 120000
debug time 18:47:41.551 :: After HeartBeat Count=18 Result=5
debug time 18:49:42.379 :: Before HeartBeat Count=19 Time=Mon Apr 2 2012 18:49:42 GMT+0200 AccountId=29131007 Session=e2e5eea0-b903-44f1-9004-cdc7cb084936
debug ++ [int] eventPhase = 2
debug ++ [Boolean] bubbles = false
debug ++ [Boolean] cancelable = false
debug ++ [String] type = timer
debug +++ [int] repeatCount = 0
debug +++ [int] currentCount = 18
debug +++ [Boolean] running = true
debug +++ [int] delay = 120000
debug +++ [int] repeatCount = 0
debug +++ [int] currentCount = 18
debug +++ [Boolean] running = true
debug +++ [int] delay = 120000
debug time 18:49:42.552 :: After HeartBeat Count=19 Result=5
debug time 18:51:42.379 :: Before HeartBeat Count=20 Time=Mon Apr 2 2012 18:51:42 GMT+0200 AccountId=29131007 Session=e2e5eea0-b903-44f1-9004-cdc7cb084936
debug ++ [int] eventPhase = 2
debug ++ [Boolean] bubbles = false
debug ++ [Boolean] cancelable = false
debug ++ [String] type = timer
debug +++ [int] repeatCount = 0
debug +++ [int] currentCount = 19
debug +++ [Boolean] running = true
debug +++ [int] delay = 120000
debug +++ [int] repeatCount = 0
debug +++ [int] currentCount = 19
debug +++ [Boolean] running = true
debug +++ [int] delay = 120000
debug time 18:51:42.551 :: After HeartBeat Count=20 Result=5
debug time 18:53:42.380 :: Before HeartBeat Count=21 Time=Mon Apr 2 2012 18:53:42 GMT+0200 AccountId=29131007 Session=e2e5eea0-b903-44f1-9004-cdc7cb084936
debug ++ [int] eventPhase = 2
debug ++ [Boolean] bubbles = false
debug ++ [Boolean] cancelable = false
debug ++ [String] type = timer
debug +++ [int] repeatCount = 0
debug +++ [int] currentCount = 20
debug +++ [Boolean] running = true
debug +++ [int] delay = 120000
debug +++ [int] repeatCount = 0
debug +++ [int] currentCount = 20
debug +++ [Boolean] running = true
debug +++ [int] delay = 120000
debug time 18:53:42.551 :: After HeartBeat Count=21 Result=5
debug time 18:55:42.380 :: Before HeartBeat Count=22 Time=Mon Apr 2 2012 18:55:42 GMT+0200 AccountId=29131007 Session=e2e5eea0-b903-44f1-9004-cdc7cb084936
debug ++ [int] eventPhase = 2
debug ++ [Boolean] bubbles = false
debug ++ [Boolean] cancelable = false
debug ++ [String] type = timer
debug +++ [int] repeatCount = 0
debug +++ [int] currentCount = 21
debug +++ [Boolean] running = true
debug +++ [int] delay = 120000
debug +++ [int] repeatCount = 0
debug +++ [int] currentCount = 21
debug +++ [Boolean] running = true
debug +++ [int] delay = 120000
debug time 18:55:42.551 :: After HeartBeat Count=22 Result=5
debug time 18:57:42.395 :: Before HeartBeat Count=23 Time=Mon Apr 2 2012 18:57:42 GMT+0200 AccountId=29131007 Session=e2e5eea0-b903-44f1-9004-cdc7cb084936
debug ++ [int] eventPhase = 2
debug ++ [Boolean] bubbles = false
debug ++ [Boolean] cancelable = false
debug ++ [String] type = timer
debug +++ [int] repeatCount = 0
debug +++ [int] currentCount = 22
debug +++ [Boolean] running = true
debug +++ [int] delay = 120000
debug +++ [int] repeatCount = 0
debug +++ [int] currentCount = 22
debug +++ [Boolean] running = true
debug +++ [int] delay = 120000
debug time 18:57:42.576 :: After HeartBeat Count=23 Result=5
debug time 18:59:43.379 :: Before HeartBeat Count=24 Time=Mon Apr 2 2012 18:59:43 GMT+0200 AccountId=29131007 Session=e2e5eea0-b903-44f1-9004-cdc7cb084936
debug ++ [int] eventPhase = 2
debug ++ [Boolean] bubbles = false
debug ++ [Boolean] cancelable = false
debug ++ [String] type = timer
debug +++ [int] repeatCount = 0
debug +++ [int] currentCount = 23
debug +++ [Boolean] running = true
debug +++ [int] delay = 120000
debug +++ [int] repeatCount = 0
debug +++ [int] currentCount = 23
debug +++ [Boolean] running = true
debug +++ [int] delay = 120000
debug time 18:59:43.550 :: After HeartBeat Count=24 Result=5
debug time 19:01:43.381 :: Before HeartBeat Count=25 Time=Mon Apr 2 2012 19:01:43 GMT+0200 AccountId=29131007 Session=e2e5eea0-b903-44f1-9004-cdc7cb084936
debug ++ [int] eventPhase = 2
debug ++ [Boolean] bubbles = false
debug ++ [Boolean] cancelable = false
debug ++ [String] type = timer
debug +++ [int] repeatCount = 0
debug +++ [int] currentCount = 24
debug +++ [Boolean] running = true
debug +++ [int] delay = 120000
debug +++ [int] repeatCount = 0
debug +++ [int] currentCount = 24
debug +++ [Boolean] running = true
debug +++ [int] delay = 120000
debug time 19:01:43.552 :: After HeartBeat Count=25 Result=5
debug time 19:03:43.390 :: Before HeartBeat Count=26 Time=Mon Apr 2 2012 19:03:43 GMT+0200 AccountId=29131007 Session=e2e5eea0-b903-44f1-9004-cdc7cb084936
debug ++ [int] eventPhase = 2
debug ++ [Boolean] bubbles = false
debug ++ [Boolean] cancelable = false
debug ++ [String] type = timer
debug +++ [int] repeatCount = 0
debug +++ [int] currentCount = 25
debug +++ [Boolean] running = true
debug +++ [int] delay = 120000
debug +++ [int] repeatCount = 0
debug +++ [int] currentCount = 25
debug +++ [Boolean] running = true
debug +++ [int] delay = 120000
debug time 19:03:43.572 :: After HeartBeat Count=26 Result=5
debug time 19:05:44.380 :: Before HeartBeat Count=27 Time=Mon Apr 2 2012 19:05:44 GMT+0200 AccountId=29131007 Session=e2e5eea0-b903-44f1-9004-cdc7cb084936
debug ++ [int] eventPhase = 2
debug ++ [Boolean] bubbles = false
debug ++ [Boolean] cancelable = false
debug ++ [String] type = timer
debug +++ [int] repeatCount = 0
debug +++ [int] currentCount = 26
debug +++ [Boolean] running = true
debug +++ [int] delay = 120000
debug +++ [int] repeatCount = 0
debug +++ [int] currentCount = 26
debug +++ [Boolean] running = true
debug +++ [int] delay = 120000
debug time 19:05:44.552 :: After HeartBeat Count=27 Result=5
debug time 19:07:03.883 :: Performing heartbeat at Mon Apr 2 2012 19:07:03 GMT+0200
debug time 19:07:44.401 :: Before HeartBeat Count=28 Time=Mon Apr 2 2012 19:07:44 GMT+0200 AccountId=29131007 Session=e2e5eea0-b903-44f1-9004-cdc7cb084936
debug ++ [int] eventPhase = 2
debug ++ [Boolean] bubbles = false
debug ++ [Boolean] cancelable = false
debug ++ [String] type = timer
debug +++ [int] repeatCount = 0
debug +++ [int] currentCount = 27
debug +++ [Boolean] running = true
debug +++ [int] delay = 120000
debug +++ [int] repeatCount = 0
debug +++ [int] currentCount = 27
debug +++ [Boolean] running = true
debug +++ [int] delay = 120000
debug time 19:07:44.580 :: After HeartBeat Count=28 Result=5
debug time 19:09:44.589 :: Before HeartBeat Count=29 Time=Mon Apr 2 2012 19:09:44 GMT+0200 AccountId=29131007 Session=e2e5eea0-b903-44f1-9004-cdc7cb084936
debug ++ [int] eventPhase = 2
debug ++ [Boolean] bubbles = false
debug ++ [Boolean] cancelable = false
debug ++ [String] type = timer
debug +++ [int] repeatCount = 0
debug +++ [int] currentCount = 28
debug +++ [Boolean] running = true
debug +++ [int] delay = 120000
debug +++ [int] repeatCount = 0
debug +++ [int] currentCount = 28
debug +++ [Boolean] running = true
debug +++ [int] delay = 120000
debug time 19:09:44.762 :: After HeartBeat Count=29 Result=5
debug time 19:11:44.597 :: Before HeartBeat Count=30 Time=Mon Apr 2 2012 19:11:44 GMT+0200 AccountId=29131007 Session=e2e5eea0-b903-44f1-9004-cdc7cb084936
debug ++ [int] eventPhase = 2
debug ++ [Boolean] bubbles = false
debug ++ [Boolean] cancelable = false
debug ++ [String] type = timer
debug +++ [int] repeatCount = 0
debug +++ [int] currentCount = 29
debug +++ [Boolean] running = true
debug +++ [int] delay = 120000
debug +++ [int] repeatCount = 0
debug +++ [int] currentCount = 29
debug +++ [Boolean] running = true
debug +++ [int] delay = 120000
debug time 19:11:44.769 :: After HeartBeat Count=30 Result=5
debug time 19:13:45.595 :: Before HeartBeat Count=31 Time=Mon Apr 2 2012 19:13:45 GMT+0200 AccountId=29131007 Session=e2e5eea0-b903-44f1-9004-cdc7cb084936
debug ++ [int] eventPhase = 2
debug ++ [Boolean] bubbles = false
debug ++ [Boolean] cancelable = false
debug ++ [String] type = timer
debug +++ [int] repeatCount = 0
debug +++ [int] currentCount = 30
debug +++ [Boolean] running = true
debug +++ [int] delay = 120000
debug +++ [int] repeatCount = 0
debug +++ [int] currentCount = 30
debug +++ [Boolean] running = true
debug +++ [int] delay = 120000
debug time 19:13:45.766 :: After HeartBeat Count=31 Result=5
debug time 19:15:45.599 :: Before HeartBeat Count=32 Time=Mon Apr 2 2012 19:15:45 GMT+0200 AccountId=29131007 Session=e2e5eea0-b903-44f1-9004-cdc7cb084936
debug ++ [int] eventPhase = 2
debug ++ [Boolean] bubbles = false
debug ++ [Boolean] cancelable = false
debug ++ [String] type = timer
debug +++ [int] repeatCount = 0
debug +++ [int] currentCount = 31
debug +++ [Boolean] running = true
debug +++ [int] delay = 120000
debug +++ [int] repeatCount = 0
debug +++ [int] currentCount = 31
debug +++ [Boolean] running = true
debug +++ [int] delay = 120000
debug time 19:15:45.774 :: After HeartBeat Count=32 Result=5
debug time 19:17:46.621 :: Before HeartBeat Count=33 Time=Mon Apr 2 2012 19:17:46 GMT+0200 AccountId=29131007 Session=e2e5eea0-b903-44f1-9004-cdc7cb084936
debug ++ [int] eventPhase = 2
debug ++ [Boolean] bubbles = false
debug ++ [Boolean] cancelable = false
debug ++ [String] type = timer
debug +++ [int] repeatCount = 0
debug +++ [int] currentCount = 32
debug +++ [Boolean] running = true
debug +++ [int] delay = 120000
debug +++ [int] repeatCount = 0
debug +++ [int] currentCount = 32
debug +++ [Boolean] running = true
debug +++ [int] delay = 120000
debug time 19:17:46.828 :: After HeartBeat Count=33 Result=5
debug time 19:19:46.626 :: Before HeartBeat Count=34 Time=Mon Apr 2 2012 19:19:46 GMT+0200 AccountId=29131007 Session=e2e5eea0-b903-44f1-9004-cdc7cb084936
debug ++ [int] eventPhase = 2
debug ++ [Boolean] bubbles = false
debug ++ [Boolean] cancelable = false
debug ++ [String] type = timer
debug +++ [int] repeatCount = 0
debug +++ [int] currentCount = 33
debug +++ [Boolean] running = true
debug +++ [int] delay = 120000
debug +++ [int] repeatCount = 0
debug +++ [int] currentCount = 33
debug +++ [Boolean] running = true
debug +++ [int] delay = 120000
debug time 19:19:46.825 :: After HeartBeat Count=34 Result=5
debug time 19:21:46.626 :: Before HeartBeat Count=35 Time=Mon Apr 2 2012 19:21:46 GMT+0200 AccountId=29131007 Session=e2e5eea0-b903-44f1-9004-cdc7cb084936
debug ++ [int] eventPhase = 2
debug ++ [Boolean] bubbles = false
debug ++ [Boolean] cancelable = false
debug ++ [String] type = timer
debug +++ [int] repeatCount = 0
debug +++ [int] currentCount = 34
debug +++ [Boolean] running = true
debug +++ [int] delay = 120000
debug +++ [int] repeatCount = 0
debug +++ [int] currentCount = 34
debug +++ [Boolean] running = true
debug +++ [int] delay = 120000
debug time 19:21:46.821 :: After HeartBeat Count=35 Result=5
debug time 19:23:47.597 :: Before HeartBeat Count=36 Time=Mon Apr 2 2012 19:23:47 GMT+0200 AccountId=29131007 Session=e2e5eea0-b903-44f1-9004-cdc7cb084936
debug ++ [int] eventPhase = 2
debug ++ [Boolean] bubbles = false
debug ++ [Boolean] cancelable = false
debug ++ [String] type = timer
debug +++ [int] repeatCount = 0
debug +++ [int] currentCount = 35
debug +++ [Boolean] running = true
debug +++ [int] delay = 120000
debug +++ [int] repeatCount = 0
debug +++ [int] currentCount = 35
debug +++ [Boolean] running = true
debug +++ [int] delay = 120000
debug time 19:23:47.769 :: After HeartBeat Count=36 Result=5
debug time 19:25:47.626 :: Before HeartBeat Count=37 Time=Mon Apr 2 2012 19:25:47 GMT+0200 AccountId=29131007 Session=e2e5eea0-b903-44f1-9004-cdc7cb084936
debug ++ [int] eventPhase = 2
debug ++ [Boolean] bubbles = false
debug ++ [Boolean] cancelable = false
debug ++ [String] type = timer
debug +++ [int] repeatCount = 0
debug +++ [int] currentCount = 36
debug +++ [Boolean] running = true
debug +++ [int] delay = 120000
debug +++ [int] repeatCount = 0
debug +++ [int] currentCount = 36
debug +++ [Boolean] running = true
debug +++ [int] delay = 120000
debug time 19:25:47.829 :: After HeartBeat Count=37 Result=5
debug time 19:27:48.597 :: Before HeartBeat Count=38 Time=Mon Apr 2 2012 19:27:48 GMT+0200 AccountId=29131007 Session=e2e5eea0-b903-44f1-9004-cdc7cb084936
debug ++ [int] eventPhase = 2
debug ++ [Boolean] bubbles = false
debug ++ [Boolean] cancelable = false
debug ++ [String] type = timer
debug +++ [int] repeatCount = 0
debug +++ [int] currentCount = 37
debug +++ [Boolean] running = true
debug +++ [int] delay = 120000
debug +++ [int] repeatCount = 0
debug +++ [int] currentCount = 37
debug +++ [Boolean] running = true
debug +++ [int] delay = 120000
debug time 19:27:48.769 :: After HeartBeat Count=38 Result=5
debug time 19:29:49.595 :: Before HeartBeat Count=39 Time=Mon Apr 2 2012 19:29:49 GMT+0200 AccountId=29131007 Session=e2e5eea0-b903-44f1-9004-cdc7cb084936
debug ++ [int] eventPhase = 2
debug ++ [Boolean] bubbles = false
debug ++ [Boolean] cancelable = false
debug ++ [String] type = timer
debug +++ [int] repeatCount = 0
debug +++ [int] currentCount = 38
debug +++ [Boolean] running = true
debug +++ [int] delay = 120000
debug +++ [int] repeatCount = 0
debug +++ [int] currentCount = 38
debug +++ [Boolean] running = true
debug +++ [int] delay = 120000
debug time 19:29:49.768 :: After HeartBeat Count=39 Result=5
debug time 19:31:49.596 :: Before HeartBeat Count=40 Time=Mon Apr 2 2012 19:31:49 GMT+0200 AccountId=29131007 Session=e2e5eea0-b903-44f1-9004-cdc7cb084936
debug ++ [int] eventPhase = 2
debug ++ [Boolean] bubbles = false
debug ++ [Boolean] cancelable = false
debug ++ [String] type = timer
debug +++ [int] repeatCount = 0
debug +++ [int] currentCount = 39
debug +++ [Boolean] running = true
debug +++ [int] delay = 120000
debug +++ [int] repeatCount = 0
debug +++ [int] currentCount = 39
debug +++ [Boolean] running = true
debug +++ [int] delay = 120000
debug time 19:31:49.768 :: After HeartBeat Count=40 Result=5
debug time 19:33:49.596 :: Before HeartBeat Count=41 Time=Mon Apr 2 2012 19:33:49 GMT+0200 AccountId=29131007 Session=e2e5eea0-b903-44f1-9004-cdc7cb084936
debug ++ [int] eventPhase = 2
debug ++ [Boolean] bubbles = false
debug ++ [Boolean] cancelable = false
debug ++ [String] type = timer
debug +++ [int] repeatCount = 0
debug +++ [int] currentCount = 40
debug +++ [Boolean] running = true
debug +++ [int] delay = 120000
debug +++ [int] repeatCount = 0
debug +++ [int] currentCount = 40
debug +++ [Boolean] running = true
debug +++ [int] delay = 120000
debug time 19:33:49.767 :: After HeartBeat Count=41 Result=5
debug time 19:35:49.599 :: Before HeartBeat Count=42 Time=Mon Apr 2 2012 19:35:49 GMT+0200 AccountId=29131007 Session=e2e5eea0-b903-44f1-9004-cdc7cb084936
debug ++ [int] eventPhase = 2
debug ++ [Boolean] bubbles = false
debug ++ [Boolean] cancelable = false
debug ++ [String] type = timer
debug +++ [int] repeatCount = 0
debug +++ [int] currentCount = 41
debug +++ [Boolean] running = true
debug +++ [int] delay = 120000
debug +++ [int] repeatCount = 0
debug +++ [int] currentCount = 41
debug +++ [Boolean] running = true
debug +++ [int] delay = 120000
debug time 19:35:49.774 :: After HeartBeat Count=42 Result=5
debug time 19:37:50.599 :: Before HeartBeat Count=43 Time=Mon Apr 2 2012 19:37:50 GMT+0200 AccountId=29131007 Session=e2e5eea0-b903-44f1-9004-cdc7cb084936
debug ++ [int] eventPhase = 2
debug ++ [Boolean] bubbles = false
debug ++ [Boolean] cancelable = false
debug ++ [String] type = timer
debug +++ [int] repeatCount = 0
debug +++ [int] currentCount = 42
debug +++ [Boolean] running = true
debug +++ [int] delay = 120000
debug +++ [int] repeatCount = 0
debug +++ [int] currentCount = 42
debug +++ [Boolean] running = true
debug +++ [int] delay = 120000
debug time 19:37:50.773 :: After HeartBeat Count=43 Result=5
debug time 19:38:01.94 :: Performing heartbeat at Mon Apr 2 2012 19:38:01 GMT+0200
