debug time 13:11:14.417 :: Before HeartBeat Count=1 Time=Mon Apr 16 2012 13:11:14 GMT+0200 AccountId=29131007 Session=b90089f6-806a-45cf-9272-0736351b2fbe
STOP LOGGING: More than 0 nested objects or properties. 
debug time 13:11:14.816 :: After HeartBeat Count=1 Result=5
debug time 13:13:14.424 :: Before HeartBeat Count=2 Time=Mon Apr 16 2012 13:13:14 GMT+0200 AccountId=29131007 Session=b90089f6-806a-45cf-9272-0736351b2fbe
debug ++ [int] eventPhase = 2
debug ++ [Boolean] bubbles = false
debug ++ [Boolean] cancelable = false
debug ++ [String] type = timer
debug +++ [int] repeatCount = 0
debug +++ [int] currentCount = 1
debug +++ [Boolean] running = true
debug +++ [int] delay = 120000
debug +++ [int] repeatCount = 0
debug +++ [int] currentCount = 1
debug +++ [Boolean] running = true
debug +++ [int] delay = 120000
debug time 13:13:14.598 :: After HeartBeat Count=2 Result=5
debug time 13:15:14.956 :: Before HeartBeat Count=3 Time=Mon Apr 16 2012 13:15:14 GMT+0200 AccountId=29131007 Session=b90089f6-806a-45cf-9272-0736351b2fbe
debug ++ [int] eventPhase = 2
debug ++ [Boolean] bubbles = false
debug ++ [Boolean] cancelable = false
debug ++ [String] type = timer
debug +++ [int] repeatCount = 0
debug +++ [int] currentCount = 2
debug +++ [Boolean] running = true
debug +++ [int] delay = 120000
debug +++ [int] repeatCount = 0
debug +++ [int] currentCount = 2
debug +++ [Boolean] running = true
debug +++ [int] delay = 120000
debug time 13:15:15.140 :: After HeartBeat Count=3 Result=5
debug time 13:17:15.945 :: Before HeartBeat Count=4 Time=Mon Apr 16 2012 13:17:15 GMT+0200 AccountId=29131007 Session=b90089f6-806a-45cf-9272-0736351b2fbe
debug ++ [int] eventPhase = 2
debug ++ [Boolean] bubbles = false
debug ++ [Boolean] cancelable = false
debug ++ [String] type = timer
debug +++ [int] repeatCount = 0
debug +++ [int] currentCount = 3
debug +++ [Boolean] running = true
debug +++ [int] delay = 120000
debug +++ [int] repeatCount = 0
debug +++ [int] currentCount = 3
debug +++ [Boolean] running = true
debug +++ [int] delay = 120000
debug time 13:17:16.114 :: After HeartBeat Count=4 Result=5
debug time 13:19:15.955 :: Before HeartBeat Count=5 Time=Mon Apr 16 2012 13:19:15 GMT+0200 AccountId=29131007 Session=b90089f6-806a-45cf-9272-0736351b2fbe
debug ++ [int] eventPhase = 2
debug ++ [Boolean] bubbles = false
debug ++ [Boolean] cancelable = false
debug ++ [String] type = timer
debug +++ [int] repeatCount = 0
debug +++ [int] currentCount = 4
debug +++ [Boolean] running = true
debug +++ [int] delay = 120000
debug +++ [int] repeatCount = 0
debug +++ [int] currentCount = 4
debug +++ [Boolean] running = true
debug +++ [int] delay = 120000
debug time 13:19:16.134 :: After HeartBeat Count=5 Result=5
debug time 13:21:16.945 :: Before HeartBeat Count=6 Time=Mon Apr 16 2012 13:21:16 GMT+0200 AccountId=29131007 Session=b90089f6-806a-45cf-9272-0736351b2fbe
debug ++ [int] eventPhase = 2
debug ++ [Boolean] bubbles = false
debug ++ [Boolean] cancelable = false
debug ++ [String] type = timer
debug +++ [int] repeatCount = 0
debug +++ [int] currentCount = 5
debug +++ [Boolean] running = true
debug +++ [int] delay = 120000
debug +++ [int] repeatCount = 0
debug +++ [int] currentCount = 5
debug +++ [Boolean] running = true
debug +++ [int] delay = 120000
debug time 13:21:17.114 :: After HeartBeat Count=6 Result=5
debug time 13:23:16.953 :: Before HeartBeat Count=7 Time=Mon Apr 16 2012 13:23:16 GMT+0200 AccountId=29131007 Session=b90089f6-806a-45cf-9272-0736351b2fbe
debug ++ [int] eventPhase = 2
debug ++ [Boolean] bubbles = false
debug ++ [Boolean] cancelable = false
debug ++ [String] type = timer
debug +++ [int] repeatCount = 0
debug +++ [int] currentCount = 6
debug +++ [Boolean] running = true
debug +++ [int] delay = 120000
debug +++ [int] repeatCount = 0
debug +++ [int] currentCount = 6
debug +++ [Boolean] running = true
debug +++ [int] delay = 120000
debug time 13:23:17.137 :: After HeartBeat Count=7 Result=5
debug time 13:25:17.946 :: Before HeartBeat Count=8 Time=Mon Apr 16 2012 13:25:17 GMT+0200 AccountId=29131007 Session=b90089f6-806a-45cf-9272-0736351b2fbe
debug ++ [int] eventPhase = 2
debug ++ [Boolean] bubbles = false
debug ++ [Boolean] cancelable = false
debug ++ [String] type = timer
debug +++ [int] repeatCount = 0
debug +++ [int] currentCount = 7
debug +++ [Boolean] running = true
debug +++ [int] delay = 120000
debug +++ [int] repeatCount = 0
debug +++ [int] currentCount = 7
debug +++ [Boolean] running = true
debug +++ [int] delay = 120000
debug time 13:25:18.115 :: After HeartBeat Count=8 Result=5
debug time 13:27:18.956 :: Before HeartBeat Count=9 Time=Mon Apr 16 2012 13:27:18 GMT+0200 AccountId=29131007 Session=b90089f6-806a-45cf-9272-0736351b2fbe
debug ++ [int] eventPhase = 2
debug ++ [Boolean] bubbles = false
debug ++ [Boolean] cancelable = false
debug ++ [String] type = timer
debug +++ [int] repeatCount = 0
debug +++ [int] currentCount = 8
debug +++ [Boolean] running = true
debug +++ [int] delay = 120000
debug +++ [int] repeatCount = 0
debug +++ [int] currentCount = 8
debug +++ [Boolean] running = true
debug +++ [int] delay = 120000
debug time 13:27:19.140 :: After HeartBeat Count=9 Result=5
debug time 13:29:19.946 :: Before HeartBeat Count=10 Time=Mon Apr 16 2012 13:29:19 GMT+0200 AccountId=29131007 Session=b90089f6-806a-45cf-9272-0736351b2fbe
debug ++ [int] eventPhase = 2
debug ++ [Boolean] bubbles = false
debug ++ [Boolean] cancelable = false
debug ++ [String] type = timer
debug +++ [int] repeatCount = 0
debug +++ [int] currentCount = 9
debug +++ [Boolean] running = true
debug +++ [int] delay = 120000
debug +++ [int] repeatCount = 0
debug +++ [int] currentCount = 9
debug +++ [Boolean] running = true
debug +++ [int] delay = 120000
debug time 13:29:20.115 :: After HeartBeat Count=10 Result=5
debug time 13:31:20.945 :: Before HeartBeat Count=11 Time=Mon Apr 16 2012 13:31:20 GMT+0200 AccountId=29131007 Session=b90089f6-806a-45cf-9272-0736351b2fbe
debug ++ [int] eventPhase = 2
debug ++ [Boolean] bubbles = false
debug ++ [Boolean] cancelable = false
debug ++ [String] type = timer
debug +++ [int] repeatCount = 0
debug +++ [int] currentCount = 10
debug +++ [Boolean] running = true
debug +++ [int] delay = 120000
debug +++ [int] repeatCount = 0
debug +++ [int] currentCount = 10
debug +++ [Boolean] running = true
debug +++ [int] delay = 120000
debug time 13:31:21.114 :: After HeartBeat Count=11 Result=5
debug time 13:33:20.945 :: Before HeartBeat Count=12 Time=Mon Apr 16 2012 13:33:20 GMT+0200 AccountId=29131007 Session=b90089f6-806a-45cf-9272-0736351b2fbe
debug ++ [int] eventPhase = 2
debug ++ [Boolean] bubbles = false
debug ++ [Boolean] cancelable = false
debug ++ [String] type = timer
debug +++ [int] repeatCount = 0
debug +++ [int] currentCount = 11
debug +++ [Boolean] running = true
debug +++ [int] delay = 120000
debug +++ [int] repeatCount = 0
debug +++ [int] currentCount = 11
debug +++ [Boolean] running = true
debug +++ [int] delay = 120000
debug time 13:33:21.115 :: After HeartBeat Count=12 Result=5
debug time 13:35:20.944 :: Before HeartBeat Count=13 Time=Mon Apr 16 2012 13:35:20 GMT+0200 AccountId=29131007 Session=b90089f6-806a-45cf-9272-0736351b2fbe
debug ++ [int] eventPhase = 2
debug ++ [Boolean] bubbles = false
debug ++ [Boolean] cancelable = false
debug ++ [String] type = timer
debug +++ [int] repeatCount = 0
debug +++ [int] currentCount = 12
debug +++ [Boolean] running = true
debug +++ [int] delay = 120000
debug +++ [int] repeatCount = 0
debug +++ [int] currentCount = 12
debug +++ [Boolean] running = true
debug +++ [int] delay = 120000
debug time 13:35:21.114 :: After HeartBeat Count=13 Result=5
debug time 13:37:20.945 :: Before HeartBeat Count=14 Time=Mon Apr 16 2012 13:37:20 GMT+0200 AccountId=29131007 Session=b90089f6-806a-45cf-9272-0736351b2fbe
debug ++ [int] eventPhase = 2
debug ++ [Boolean] bubbles = false
debug ++ [Boolean] cancelable = false
debug ++ [String] type = timer
debug +++ [int] repeatCount = 0
debug +++ [int] currentCount = 13
debug +++ [Boolean] running = true
debug +++ [int] delay = 120000
debug +++ [int] repeatCount = 0
debug +++ [int] currentCount = 13
debug +++ [Boolean] running = true
debug +++ [int] delay = 120000
debug time 13:37:21.114 :: After HeartBeat Count=14 Result=5
debug time 13:39:20.947 :: Before HeartBeat Count=15 Time=Mon Apr 16 2012 13:39:20 GMT+0200 AccountId=29131007 Session=b90089f6-806a-45cf-9272-0736351b2fbe
debug ++ [int] eventPhase = 2
debug ++ [Boolean] bubbles = false
debug ++ [Boolean] cancelable = false
debug ++ [String] type = timer
debug +++ [int] repeatCount = 0
debug +++ [int] currentCount = 14
debug +++ [Boolean] running = true
debug +++ [int] delay = 120000
debug +++ [int] repeatCount = 0
debug +++ [int] currentCount = 14
debug +++ [Boolean] running = true
debug +++ [int] delay = 120000
debug time 13:39:21.119 :: After HeartBeat Count=15 Result=5
debug time 13:39:22.147 :: Performing heartbeat at Mon Apr 16 2012 13:39:22 GMT+0200
debug time 13:41:20.956 :: Before HeartBeat Count=16 Time=Mon Apr 16 2012 13:41:20 GMT+0200 AccountId=29131007 Session=b90089f6-806a-45cf-9272-0736351b2fbe
debug ++ [int] eventPhase = 2
debug ++ [Boolean] bubbles = false
debug ++ [Boolean] cancelable = false
debug ++ [String] type = timer
debug +++ [int] repeatCount = 0
debug +++ [int] currentCount = 15
debug +++ [Boolean] running = true
debug +++ [int] delay = 120000
debug +++ [int] repeatCount = 0
debug +++ [int] currentCount = 15
debug +++ [Boolean] running = true
debug +++ [int] delay = 120000
debug time 13:41:21.149 :: After HeartBeat Count=16 Result=5
debug time 13:43:21.503 :: Before HeartBeat Count=17 Time=Mon Apr 16 2012 13:43:21 GMT+0200 AccountId=29131007 Session=b90089f6-806a-45cf-9272-0736351b2fbe
debug ++ [int] eventPhase = 2
debug ++ [Boolean] bubbles = false
debug ++ [Boolean] cancelable = false
debug ++ [String] type = timer
debug +++ [int] repeatCount = 0
debug +++ [int] currentCount = 16
debug +++ [Boolean] running = true
debug +++ [int] delay = 120000
debug +++ [int] repeatCount = 0
debug +++ [int] currentCount = 16
debug +++ [Boolean] running = true
debug +++ [int] delay = 120000
debug time 13:43:21.672 :: After HeartBeat Count=17 Result=5
debug time 13:45:21.503 :: Before HeartBeat Count=18 Time=Mon Apr 16 2012 13:45:21 GMT+0200 AccountId=29131007 Session=b90089f6-806a-45cf-9272-0736351b2fbe
debug ++ [int] eventPhase = 2
debug ++ [Boolean] bubbles = false
debug ++ [Boolean] cancelable = false
debug ++ [String] type = timer
debug +++ [int] repeatCount = 0
debug +++ [int] currentCount = 17
debug +++ [Boolean] running = true
debug +++ [int] delay = 120000
debug +++ [int] repeatCount = 0
debug +++ [int] currentCount = 17
debug +++ [Boolean] running = true
debug +++ [int] delay = 120000
debug time 13:45:21.672 :: After HeartBeat Count=18 Result=5
debug time 13:47:21.528 :: Before HeartBeat Count=19 Time=Mon Apr 16 2012 13:47:21 GMT+0200 AccountId=29131007 Session=b90089f6-806a-45cf-9272-0736351b2fbe
debug ++ [int] eventPhase = 2
debug ++ [Boolean] bubbles = false
debug ++ [Boolean] cancelable = false
debug ++ [String] type = timer
debug +++ [int] repeatCount = 0
debug +++ [int] currentCount = 18
debug +++ [Boolean] running = true
debug +++ [int] delay = 120000
debug +++ [int] repeatCount = 0
debug +++ [int] currentCount = 18
debug +++ [Boolean] running = true
debug +++ [int] delay = 120000
debug time 13:47:21.710 :: After HeartBeat Count=19 Result=5
debug time 13:49:22.503 :: Before HeartBeat Count=20 Time=Mon Apr 16 2012 13:49:22 GMT+0200 AccountId=29131007 Session=b90089f6-806a-45cf-9272-0736351b2fbe
debug ++ [int] eventPhase = 2
debug ++ [Boolean] bubbles = false
debug ++ [Boolean] cancelable = false
debug ++ [String] type = timer
debug +++ [int] repeatCount = 0
debug +++ [int] currentCount = 19
debug +++ [Boolean] running = true
debug +++ [int] delay = 120000
debug +++ [int] repeatCount = 0
debug +++ [int] currentCount = 19
debug +++ [Boolean] running = true
debug +++ [int] delay = 120000
debug time 13:49:22.672 :: After HeartBeat Count=20 Result=5
debug time 13:51:22.502 :: Before HeartBeat Count=21 Time=Mon Apr 16 2012 13:51:22 GMT+0200 AccountId=29131007 Session=b90089f6-806a-45cf-9272-0736351b2fbe
debug ++ [int] eventPhase = 2
debug ++ [Boolean] bubbles = false
debug ++ [Boolean] cancelable = false
debug ++ [String] type = timer
debug +++ [int] repeatCount = 0
debug +++ [int] currentCount = 20
debug +++ [Boolean] running = true
debug +++ [int] delay = 120000
debug +++ [int] repeatCount = 0
debug +++ [int] currentCount = 20
debug +++ [Boolean] running = true
debug +++ [int] delay = 120000
debug time 13:51:22.672 :: After HeartBeat Count=21 Result=5
debug time 13:53:22.527 :: Before HeartBeat Count=22 Time=Mon Apr 16 2012 13:53:22 GMT+0200 AccountId=29131007 Session=b90089f6-806a-45cf-9272-0736351b2fbe
debug ++ [int] eventPhase = 2
debug ++ [Boolean] bubbles = false
debug ++ [Boolean] cancelable = false
debug ++ [String] type = timer
debug +++ [int] repeatCount = 0
debug +++ [int] currentCount = 21
debug +++ [Boolean] running = true
debug +++ [int] delay = 120000
debug +++ [int] repeatCount = 0
debug +++ [int] currentCount = 21
debug +++ [Boolean] running = true
debug +++ [int] delay = 120000
debug time 13:53:22.721 :: After HeartBeat Count=22 Result=5
debug time 13:55:23.502 :: Before HeartBeat Count=23 Time=Mon Apr 16 2012 13:55:23 GMT+0200 AccountId=29131007 Session=b90089f6-806a-45cf-9272-0736351b2fbe
debug ++ [int] eventPhase = 2
debug ++ [Boolean] bubbles = false
debug ++ [Boolean] cancelable = false
debug ++ [String] type = timer
debug +++ [int] repeatCount = 0
debug +++ [int] currentCount = 22
debug +++ [Boolean] running = true
debug +++ [int] delay = 120000
debug +++ [int] repeatCount = 0
debug +++ [int] currentCount = 22
debug +++ [Boolean] running = true
debug +++ [int] delay = 120000
debug time 13:55:23.671 :: After HeartBeat Count=23 Result=5
debug time 13:57:23.502 :: Before HeartBeat Count=24 Time=Mon Apr 16 2012 13:57:23 GMT+0200 AccountId=29131007 Session=b90089f6-806a-45cf-9272-0736351b2fbe
debug ++ [int] eventPhase = 2
debug ++ [Boolean] bubbles = false
debug ++ [Boolean] cancelable = false
debug ++ [String] type = timer
debug +++ [int] repeatCount = 0
debug +++ [int] currentCount = 23
debug +++ [Boolean] running = true
debug +++ [int] delay = 120000
debug +++ [int] repeatCount = 0
debug +++ [int] currentCount = 23
debug +++ [Boolean] running = true
debug +++ [int] delay = 120000
debug time 13:57:23.671 :: After HeartBeat Count=24 Result=5
debug time 13:59:23.533 :: Before HeartBeat Count=25 Time=Mon Apr 16 2012 13:59:23 GMT+0200 AccountId=29131007 Session=b90089f6-806a-45cf-9272-0736351b2fbe
debug ++ [int] eventPhase = 2
debug ++ [Boolean] bubbles = false
debug ++ [Boolean] cancelable = false
debug ++ [String] type = timer
debug +++ [int] repeatCount = 0
debug +++ [int] currentCount = 24
debug +++ [Boolean] running = true
debug +++ [int] delay = 120000
debug +++ [int] repeatCount = 0
debug +++ [int] currentCount = 24
debug +++ [Boolean] running = true
debug +++ [int] delay = 120000
debug time 13:59:23.728 :: After HeartBeat Count=25 Result=5
debug time 14:01:24.503 :: Before HeartBeat Count=26 Time=Mon Apr 16 2012 14:01:24 GMT+0200 AccountId=29131007 Session=b90089f6-806a-45cf-9272-0736351b2fbe
debug ++ [int] eventPhase = 2
debug ++ [Boolean] bubbles = false
debug ++ [Boolean] cancelable = false
debug ++ [String] type = timer
debug +++ [int] repeatCount = 0
debug +++ [int] currentCount = 25
debug +++ [Boolean] running = true
debug +++ [int] delay = 120000
debug +++ [int] repeatCount = 0
debug +++ [int] currentCount = 25
debug +++ [Boolean] running = true
debug +++ [int] delay = 120000
debug time 14:01:24.673 :: After HeartBeat Count=26 Result=5
debug time 14:03:25.528 :: Before HeartBeat Count=27 Time=Mon Apr 16 2012 14:03:25 GMT+0200 AccountId=29131007 Session=b90089f6-806a-45cf-9272-0736351b2fbe
debug ++ [int] eventPhase = 2
debug ++ [Boolean] bubbles = false
debug ++ [Boolean] cancelable = false
debug ++ [String] type = timer
debug +++ [int] repeatCount = 0
debug +++ [int] currentCount = 26
debug +++ [Boolean] running = true
debug +++ [int] delay = 120000
debug +++ [int] repeatCount = 0
debug +++ [int] currentCount = 26
debug +++ [Boolean] running = true
debug +++ [int] delay = 120000
debug time 14:03:25.726 :: After HeartBeat Count=27 Result=5
debug time 14:05:26.504 :: Before HeartBeat Count=28 Time=Mon Apr 16 2012 14:05:26 GMT+0200 AccountId=29131007 Session=b90089f6-806a-45cf-9272-0736351b2fbe
debug ++ [int] eventPhase = 2
debug ++ [Boolean] bubbles = false
debug ++ [Boolean] cancelable = false
debug ++ [String] type = timer
debug +++ [int] repeatCount = 0
debug +++ [int] currentCount = 27
debug +++ [Boolean] running = true
debug +++ [int] delay = 120000
debug +++ [int] repeatCount = 0
debug +++ [int] currentCount = 27
debug +++ [Boolean] running = true
debug +++ [int] delay = 120000
debug time 14:05:26.673 :: After HeartBeat Count=28 Result=5
debug time 14:07:27.502 :: Before HeartBeat Count=29 Time=Mon Apr 16 2012 14:07:27 GMT+0200 AccountId=29131007 Session=b90089f6-806a-45cf-9272-0736351b2fbe
debug ++ [int] eventPhase = 2
debug ++ [Boolean] bubbles = false
debug ++ [Boolean] cancelable = false
debug ++ [String] type = timer
debug +++ [int] repeatCount = 0
debug +++ [int] currentCount = 28
debug +++ [Boolean] running = true
debug +++ [int] delay = 120000
debug +++ [int] repeatCount = 0
debug +++ [int] currentCount = 28
debug +++ [Boolean] running = true
debug +++ [int] delay = 120000
debug time 14:07:27.704 :: After HeartBeat Count=29 Result=5
debug time 14:09:27.503 :: Before HeartBeat Count=30 Time=Mon Apr 16 2012 14:09:27 GMT+0200 AccountId=29131007 Session=b90089f6-806a-45cf-9272-0736351b2fbe
debug ++ [int] eventPhase = 2
debug ++ [Boolean] bubbles = false
debug ++ [Boolean] cancelable = false
debug ++ [String] type = timer
debug +++ [int] repeatCount = 0
debug +++ [int] currentCount = 29
debug +++ [Boolean] running = true
debug +++ [int] delay = 120000
debug +++ [int] repeatCount = 0
debug +++ [int] currentCount = 29
debug +++ [Boolean] running = true
debug +++ [int] delay = 120000
debug time 14:09:27.671 :: After HeartBeat Count=30 Result=5
debug time 14:11:27.526 :: Before HeartBeat Count=31 Time=Mon Apr 16 2012 14:11:27 GMT+0200 AccountId=29131007 Session=b90089f6-806a-45cf-9272-0736351b2fbe
debug ++ [int] eventPhase = 2
debug ++ [Boolean] bubbles = false
debug ++ [Boolean] cancelable = false
debug ++ [String] type = timer
debug +++ [int] repeatCount = 0
debug +++ [int] currentCount = 30
debug +++ [Boolean] running = true
debug +++ [int] delay = 120000
debug +++ [int] repeatCount = 0
debug +++ [int] currentCount = 30
debug +++ [Boolean] running = true
debug +++ [int] delay = 120000
debug time 14:11:27.695 :: After HeartBeat Count=31 Result=5
debug time 14:12:54.612 :: Performing heartbeat at Mon Apr 16 2012 14:12:54 GMT+0200
debug time 14:13:27.562 :: Before HeartBeat Count=32 Time=Mon Apr 16 2012 14:13:27 GMT+0200 AccountId=29131007 Session=b90089f6-806a-45cf-9272-0736351b2fbe
debug ++ [int] eventPhase = 2
debug ++ [Boolean] bubbles = false
debug ++ [Boolean] cancelable = false
debug ++ [String] type = timer
debug +++ [int] repeatCount = 0
debug +++ [int] currentCount = 31
debug +++ [Boolean] running = true
debug +++ [int] delay = 120000
debug +++ [int] repeatCount = 0
debug +++ [int] currentCount = 31
debug +++ [Boolean] running = true
debug +++ [int] delay = 120000
debug time 14:13:27.755 :: After HeartBeat Count=32 Result=5
debug time 14:15:27.588 :: Before HeartBeat Count=33 Time=Mon Apr 16 2012 14:15:27 GMT+0200 AccountId=29131007 Session=b90089f6-806a-45cf-9272-0736351b2fbe
debug ++ [int] eventPhase = 2
debug ++ [Boolean] bubbles = false
debug ++ [Boolean] cancelable = false
debug ++ [String] type = timer
debug +++ [int] repeatCount = 0
debug +++ [int] currentCount = 32
debug +++ [Boolean] running = true
debug +++ [int] delay = 120000
debug +++ [int] repeatCount = 0
debug +++ [int] currentCount = 32
debug +++ [Boolean] running = true
debug +++ [int] delay = 120000
debug time 14:15:27.781 :: After HeartBeat Count=33 Result=5
debug time 14:17:28.409 :: Before HeartBeat Count=34 Time=Mon Apr 16 2012 14:17:28 GMT+0200 AccountId=29131007 Session=b90089f6-806a-45cf-9272-0736351b2fbe
debug ++ [int] eventPhase = 2
debug ++ [Boolean] bubbles = false
debug ++ [Boolean] cancelable = false
debug ++ [String] type = timer
debug +++ [int] repeatCount = 0
debug +++ [int] currentCount = 33
debug +++ [Boolean] running = true
debug +++ [int] delay = 120000
debug +++ [int] repeatCount = 0
debug +++ [int] currentCount = 33
debug +++ [Boolean] running = true
debug +++ [int] delay = 120000
debug time 14:17:28.578 :: After HeartBeat Count=34 Result=5
debug time 14:19:28.437 :: Before HeartBeat Count=35 Time=Mon Apr 16 2012 14:19:28 GMT+0200 AccountId=29131007 Session=b90089f6-806a-45cf-9272-0736351b2fbe
debug ++ [int] eventPhase = 2
debug ++ [Boolean] bubbles = false
debug ++ [Boolean] cancelable = false
debug ++ [String] type = timer
debug +++ [int] repeatCount = 0
debug +++ [int] currentCount = 34
debug +++ [Boolean] running = true
debug +++ [int] delay = 120000
debug +++ [int] repeatCount = 0
debug +++ [int] currentCount = 34
debug +++ [Boolean] running = true
debug +++ [int] delay = 120000
debug time 14:19:28.636 :: After HeartBeat Count=35 Result=5
debug time 14:21:29.409 :: Before HeartBeat Count=36 Time=Mon Apr 16 2012 14:21:29 GMT+0200 AccountId=29131007 Session=b90089f6-806a-45cf-9272-0736351b2fbe
debug ++ [int] eventPhase = 2
debug ++ [Boolean] bubbles = false
debug ++ [Boolean] cancelable = false
debug ++ [String] type = timer
debug +++ [int] repeatCount = 0
debug +++ [int] currentCount = 35
debug +++ [Boolean] running = true
debug +++ [int] delay = 120000
debug +++ [int] repeatCount = 0
debug +++ [int] currentCount = 35
debug +++ [Boolean] running = true
debug +++ [int] delay = 120000
debug time 14:21:29.579 :: After HeartBeat Count=36 Result=5
debug time 14:23:29.413 :: Before HeartBeat Count=37 Time=Mon Apr 16 2012 14:23:29 GMT+0200 AccountId=29131007 Session=b90089f6-806a-45cf-9272-0736351b2fbe
debug ++ [int] eventPhase = 2
debug ++ [Boolean] bubbles = false
debug ++ [Boolean] cancelable = false
debug ++ [String] type = timer
debug +++ [int] repeatCount = 0
debug +++ [int] currentCount = 36
debug +++ [Boolean] running = true
debug +++ [int] delay = 120000
debug +++ [int] repeatCount = 0
debug +++ [int] currentCount = 36
debug +++ [Boolean] running = true
debug +++ [int] delay = 120000
debug time 14:23:29.585 :: After HeartBeat Count=37 Result=5
debug time 14:25:30.439 :: Before HeartBeat Count=38 Time=Mon Apr 16 2012 14:25:30 GMT+0200 AccountId=29131007 Session=b90089f6-806a-45cf-9272-0736351b2fbe
debug ++ [int] eventPhase = 2
debug ++ [Boolean] bubbles = false
debug ++ [Boolean] cancelable = false
debug ++ [String] type = timer
debug +++ [int] repeatCount = 0
debug +++ [int] currentCount = 37
debug +++ [Boolean] running = true
debug +++ [int] delay = 120000
debug +++ [int] repeatCount = 0
debug +++ [int] currentCount = 37
debug +++ [Boolean] running = true
debug +++ [int] delay = 120000
debug time 14:25:30.633 :: After HeartBeat Count=38 Result=5
debug time 14:27:31.409 :: Before HeartBeat Count=39 Time=Mon Apr 16 2012 14:27:31 GMT+0200 AccountId=29131007 Session=b90089f6-806a-45cf-9272-0736351b2fbe
debug ++ [int] eventPhase = 2
debug ++ [Boolean] bubbles = false
debug ++ [Boolean] cancelable = false
debug ++ [String] type = timer
debug +++ [int] repeatCount = 0
debug +++ [int] currentCount = 38
debug +++ [Boolean] running = true
debug +++ [int] delay = 120000
debug +++ [int] repeatCount = 0
debug +++ [int] currentCount = 38
debug +++ [Boolean] running = true
debug +++ [int] delay = 120000
debug time 14:27:31.578 :: After HeartBeat Count=39 Result=5
debug time 14:29:31.429 :: Before HeartBeat Count=40 Time=Mon Apr 16 2012 14:29:31 GMT+0200 AccountId=29131007 Session=b90089f6-806a-45cf-9272-0736351b2fbe
debug ++ [int] eventPhase = 2
debug ++ [Boolean] bubbles = false
debug ++ [Boolean] cancelable = false
debug ++ [String] type = timer
debug +++ [int] repeatCount = 0
debug +++ [int] currentCount = 39
debug +++ [Boolean] running = true
debug +++ [int] delay = 120000
debug +++ [int] repeatCount = 0
debug +++ [int] currentCount = 39
debug +++ [Boolean] running = true
debug +++ [int] delay = 120000
debug time 14:29:31.598 :: After HeartBeat Count=40 Result=5
debug time 14:31:31.433 :: Before HeartBeat Count=41 Time=Mon Apr 16 2012 14:31:31 GMT+0200 AccountId=29131007 Session=b90089f6-806a-45cf-9272-0736351b2fbe
debug ++ [int] eventPhase = 2
debug ++ [Boolean] bubbles = false
debug ++ [Boolean] cancelable = false
debug ++ [String] type = timer
debug +++ [int] repeatCount = 0
debug +++ [int] currentCount = 40
debug +++ [Boolean] running = true
debug +++ [int] delay = 120000
debug +++ [int] repeatCount = 0
debug +++ [int] currentCount = 40
debug +++ [Boolean] running = true
debug +++ [int] delay = 120000
debug time 14:31:31.633 :: After HeartBeat Count=41 Result=5
debug time 14:33:32.409 :: Before HeartBeat Count=42 Time=Mon Apr 16 2012 14:33:32 GMT+0200 AccountId=29131007 Session=b90089f6-806a-45cf-9272-0736351b2fbe
debug ++ [int] eventPhase = 2
debug ++ [Boolean] bubbles = false
debug ++ [Boolean] cancelable = false
debug ++ [String] type = timer
debug +++ [int] repeatCount = 0
debug +++ [int] currentCount = 41
debug +++ [Boolean] running = true
debug +++ [int] delay = 120000
debug +++ [int] repeatCount = 0
debug +++ [int] currentCount = 41
debug +++ [Boolean] running = true
debug +++ [int] delay = 120000
debug time 14:33:32.578 :: After HeartBeat Count=42 Result=5
debug time 14:35:33.409 :: Before HeartBeat Count=43 Time=Mon Apr 16 2012 14:35:33 GMT+0200 AccountId=29131007 Session=b90089f6-806a-45cf-9272-0736351b2fbe
debug ++ [int] eventPhase = 2
debug ++ [Boolean] bubbles = false
debug ++ [Boolean] cancelable = false
debug ++ [String] type = timer
debug +++ [int] repeatCount = 0
debug +++ [int] currentCount = 42
debug +++ [Boolean] running = true
debug +++ [int] delay = 120000
debug +++ [int] repeatCount = 0
debug +++ [int] currentCount = 42
debug +++ [Boolean] running = true
debug +++ [int] delay = 120000
debug time 14:35:33.578 :: After HeartBeat Count=43 Result=5
debug time 14:37:33.434 :: Before HeartBeat Count=44 Time=Mon Apr 16 2012 14:37:33 GMT+0200 AccountId=29131007 Session=b90089f6-806a-45cf-9272-0736351b2fbe
debug ++ [int] eventPhase = 2
debug ++ [Boolean] bubbles = false
debug ++ [Boolean] cancelable = false
debug ++ [String] type = timer
debug +++ [int] repeatCount = 0
debug +++ [int] currentCount = 43
debug +++ [Boolean] running = true
debug +++ [int] delay = 120000
debug +++ [int] repeatCount = 0
debug +++ [int] currentCount = 43
debug +++ [Boolean] running = true
debug +++ [int] delay = 120000
debug time 14:37:33.639 :: After HeartBeat Count=44 Result=5
debug time 14:39:34.409 :: Before HeartBeat Count=45 Time=Mon Apr 16 2012 14:39:34 GMT+0200 AccountId=29131007 Session=b90089f6-806a-45cf-9272-0736351b2fbe
debug ++ [int] eventPhase = 2
debug ++ [Boolean] bubbles = false
debug ++ [Boolean] cancelable = false
debug ++ [String] type = timer
debug +++ [int] repeatCount = 0
debug +++ [int] currentCount = 44
debug +++ [Boolean] running = true
debug +++ [int] delay = 120000
debug +++ [int] repeatCount = 0
debug +++ [int] currentCount = 44
debug +++ [Boolean] running = true
debug +++ [int] delay = 120000
debug time 14:39:34.577 :: After HeartBeat Count=45 Result=5
debug time 14:41:34.409 :: Before HeartBeat Count=46 Time=Mon Apr 16 2012 14:41:34 GMT+0200 AccountId=29131007 Session=b90089f6-806a-45cf-9272-0736351b2fbe
debug ++ [int] eventPhase = 2
debug ++ [Boolean] bubbles = false
debug ++ [Boolean] cancelable = false
debug ++ [String] type = timer
debug +++ [int] repeatCount = 0
debug +++ [int] currentCount = 45
debug +++ [Boolean] running = true
debug +++ [int] delay = 120000
debug +++ [int] repeatCount = 0
debug +++ [int] currentCount = 45
debug +++ [Boolean] running = true
debug +++ [int] delay = 120000
debug time 14:41:34.578 :: After HeartBeat Count=46 Result=5
debug time 14:43:34.409 :: Before HeartBeat Count=47 Time=Mon Apr 16 2012 14:43:34 GMT+0200 AccountId=29131007 Session=b90089f6-806a-45cf-9272-0736351b2fbe
debug ++ [int] eventPhase = 2
debug ++ [Boolean] bubbles = false
debug ++ [Boolean] cancelable = false
debug ++ [String] type = timer
debug +++ [int] repeatCount = 0
debug +++ [int] currentCount = 46
debug +++ [Boolean] running = true
debug +++ [int] delay = 120000
debug +++ [int] repeatCount = 0
debug +++ [int] currentCount = 46
debug +++ [Boolean] running = true
debug +++ [int] delay = 120000
debug time 14:43:34.584 :: After HeartBeat Count=47 Result=5
debug time 14:43:56.959 :: Performing heartbeat at Mon Apr 16 2012 14:43:56 GMT+0200
debug time 14:45:34.439 :: Before HeartBeat Count=48 Time=Mon Apr 16 2012 14:45:34 GMT+0200 AccountId=29131007 Session=b90089f6-806a-45cf-9272-0736351b2fbe
debug ++ [int] eventPhase = 2
debug ++ [Boolean] bubbles = false
debug ++ [Boolean] cancelable = false
debug ++ [String] type = timer
debug +++ [int] repeatCount = 0
debug +++ [int] currentCount = 47
debug +++ [Boolean] running = true
debug +++ [int] delay = 120000
debug +++ [int] repeatCount = 0
debug +++ [int] currentCount = 47
debug +++ [Boolean] running = true
debug +++ [int] delay = 120000
debug time 14:45:34.637 :: After HeartBeat Count=48 Result=5
debug time 14:47:34.444 :: Before HeartBeat Count=49 Time=Mon Apr 16 2012 14:47:34 GMT+0200 AccountId=29131007 Session=b90089f6-806a-45cf-9272-0736351b2fbe
debug ++ [int] eventPhase = 2
debug ++ [Boolean] bubbles = false
debug ++ [Boolean] cancelable = false
debug ++ [String] type = timer
debug +++ [int] repeatCount = 0
debug +++ [int] currentCount = 48
debug +++ [Boolean] running = true
debug +++ [int] delay = 120000
debug +++ [int] repeatCount = 0
debug +++ [int] currentCount = 48
debug +++ [Boolean] running = true
debug +++ [int] delay = 120000
debug time 14:47:34.640 :: After HeartBeat Count=49 Result=5
debug time 14:49:34.455 :: Before HeartBeat Count=50 Time=Mon Apr 16 2012 14:49:34 GMT+0200 AccountId=29131007 Session=b90089f6-806a-45cf-9272-0736351b2fbe
debug ++ [int] eventPhase = 2
debug ++ [Boolean] bubbles = false
debug ++ [Boolean] cancelable = false
debug ++ [String] type = timer
debug +++ [int] repeatCount = 0
debug +++ [int] currentCount = 49
debug +++ [Boolean] running = true
debug +++ [int] delay = 120000
debug +++ [int] repeatCount = 0
debug +++ [int] currentCount = 49
debug +++ [Boolean] running = true
debug +++ [int] delay = 120000
debug time 14:49:34.649 :: After HeartBeat Count=50 Result=5
debug time 14:51:34.460 :: Before HeartBeat Count=51 Time=Mon Apr 16 2012 14:51:34 GMT+0200 AccountId=29131007 Session=b90089f6-806a-45cf-9272-0736351b2fbe
debug ++ [int] eventPhase = 2
debug ++ [Boolean] bubbles = false
debug ++ [Boolean] cancelable = false
debug ++ [String] type = timer
debug +++ [int] repeatCount = 0
debug +++ [int] currentCount = 50
debug +++ [Boolean] running = true
debug +++ [int] delay = 120000
debug +++ [int] repeatCount = 0
debug +++ [int] currentCount = 50
debug +++ [Boolean] running = true
debug +++ [int] delay = 120000
debug time 14:51:34.662 :: After HeartBeat Count=51 Result=5
debug time 14:53:34.461 :: Before HeartBeat Count=52 Time=Mon Apr 16 2012 14:53:34 GMT+0200 AccountId=29131007 Session=b90089f6-806a-45cf-9272-0736351b2fbe
debug ++ [int] eventPhase = 2
debug ++ [Boolean] bubbles = false
debug ++ [Boolean] cancelable = false
debug ++ [String] type = timer
debug +++ [int] repeatCount = 0
debug +++ [int] currentCount = 51
debug +++ [Boolean] running = true
debug +++ [int] delay = 120000
debug +++ [int] repeatCount = 0
debug +++ [int] currentCount = 51
debug +++ [Boolean] running = true
debug +++ [int] delay = 120000
debug time 14:53:34.665 :: After HeartBeat Count=52 Result=5
debug time 14:55:34.473 :: Before HeartBeat Count=53 Time=Mon Apr 16 2012 14:55:34 GMT+0200 AccountId=29131007 Session=b90089f6-806a-45cf-9272-0736351b2fbe
debug ++ [int] eventPhase = 2
debug ++ [Boolean] bubbles = false
debug ++ [Boolean] cancelable = false
debug ++ [String] type = timer
debug +++ [int] repeatCount = 0
debug +++ [int] currentCount = 52
debug +++ [Boolean] running = true
debug +++ [int] delay = 120000
debug +++ [int] repeatCount = 0
debug +++ [int] currentCount = 52
debug +++ [Boolean] running = true
debug +++ [int] delay = 120000
debug time 14:55:34.667 :: After HeartBeat Count=53 Result=5
