debug time 19:52:46.626 :: Before HeartBeat Count=1 Time=Sun Oct 16 2011 19:52:46 GMT+0200 AccountId=28699575 Session=1c88d2a4-002a-4b7b-80cd-49bdc1c5d874
STOP LOGGING: More than 0 nested objects or properties. 
debug time 19:52:47.259 :: After HeartBeat Count=1 Result=5
debug time 19:55:46.673 :: Before HeartBeat Count=2 Time=Sun Oct 16 2011 19:55:46 GMT+0200 AccountId=28699575 Session=1c88d2a4-002a-4b7b-80cd-49bdc1c5d874
debug ++ [int] eventPhase = 2
debug ++ [Boolean] bubbles = false
debug ++ [Boolean] cancelable = false
debug ++ [String] type = timer
debug +++ [int] repeatCount = 0
debug +++ [int] currentCount = 1
debug +++ [Boolean] running = true
debug +++ [int] delay = 180000
debug +++ [int] repeatCount = 0
debug +++ [int] currentCount = 1
debug +++ [Boolean] running = true
debug +++ [int] delay = 180000
debug time 19:55:46.872 :: After HeartBeat Count=2 Result=5
debug time 19:58:46.978 :: Before HeartBeat Count=3 Time=Sun Oct 16 2011 19:58:46 GMT+0200 AccountId=28699575 Session=1c88d2a4-002a-4b7b-80cd-49bdc1c5d874
debug ++ [int] eventPhase = 2
debug ++ [Boolean] bubbles = false
debug ++ [Boolean] cancelable = false
debug ++ [String] type = timer
debug +++ [int] repeatCount = 0
debug +++ [int] currentCount = 2
debug +++ [Boolean] running = true
debug +++ [int] delay = 180000
debug +++ [int] repeatCount = 0
debug +++ [int] currentCount = 2
debug +++ [Boolean] running = true
debug +++ [int] delay = 180000
debug time 19:58:47.975 :: After HeartBeat Count=3 Result=5
debug time 20:01:46.984 :: Before HeartBeat Count=4 Time=Sun Oct 16 2011 20:01:46 GMT+0200 AccountId=28699575 Session=1c88d2a4-002a-4b7b-80cd-49bdc1c5d874
debug ++ [int] eventPhase = 2
debug ++ [Boolean] bubbles = false
debug ++ [Boolean] cancelable = false
debug ++ [String] type = timer
debug +++ [int] repeatCount = 0
debug +++ [int] currentCount = 3
debug +++ [Boolean] running = true
debug +++ [int] delay = 180000
debug +++ [int] repeatCount = 0
debug +++ [int] currentCount = 3
debug +++ [Boolean] running = true
debug +++ [int] delay = 180000
debug time 20:01:47.978 :: After HeartBeat Count=4 Result=5
debug time 20:04:47.987 :: Before HeartBeat Count=5 Time=Sun Oct 16 2011 20:04:47 GMT+0200 AccountId=28699575 Session=1c88d2a4-002a-4b7b-80cd-49bdc1c5d874
debug ++ [int] eventPhase = 2
debug ++ [Boolean] bubbles = false
debug ++ [Boolean] cancelable = false
debug ++ [String] type = timer
debug +++ [int] repeatCount = 0
debug +++ [int] currentCount = 4
debug +++ [Boolean] running = true
debug +++ [int] delay = 180000
debug +++ [int] repeatCount = 0
debug +++ [int] currentCount = 4
debug +++ [Boolean] running = true
debug +++ [int] delay = 180000
debug time 20:04:48.981 :: After HeartBeat Count=5 Result=5
debug time 20:07:48.986 :: Before HeartBeat Count=6 Time=Sun Oct 16 2011 20:07:48 GMT+0200 AccountId=28699575 Session=1c88d2a4-002a-4b7b-80cd-49bdc1c5d874
debug ++ [int] eventPhase = 2
debug ++ [Boolean] bubbles = false
debug ++ [Boolean] cancelable = false
debug ++ [String] type = timer
debug +++ [int] repeatCount = 0
debug +++ [int] currentCount = 5
debug +++ [Boolean] running = true
debug +++ [int] delay = 180000
debug +++ [int] repeatCount = 0
debug +++ [int] currentCount = 5
debug +++ [Boolean] running = true
debug +++ [int] delay = 180000
debug time 20:07:49.984 :: After HeartBeat Count=6 Result=5
debug time 20:10:48.979 :: Before HeartBeat Count=7 Time=Sun Oct 16 2011 20:10:48 GMT+0200 AccountId=28699575 Session=1c88d2a4-002a-4b7b-80cd-49bdc1c5d874
debug ++ [int] eventPhase = 2
debug ++ [Boolean] bubbles = false
debug ++ [Boolean] cancelable = false
debug ++ [String] type = timer
debug +++ [int] repeatCount = 0
debug +++ [int] currentCount = 6
debug +++ [Boolean] running = true
debug +++ [int] delay = 180000
debug +++ [int] repeatCount = 0
debug +++ [int] currentCount = 6
debug +++ [Boolean] running = true
debug +++ [int] delay = 180000
debug time 20:10:49.977 :: After HeartBeat Count=7 Result=5
debug time 20:12:32.30 :: Performing heartbeat at Sun Oct 16 2011 20:12:32 GMT+0200
debug time 20:13:49.04 :: Before HeartBeat Count=8 Time=Sun Oct 16 2011 20:13:49 GMT+0200 AccountId=28699575 Session=1c88d2a4-002a-4b7b-80cd-49bdc1c5d874
debug ++ [int] eventPhase = 2
debug ++ [Boolean] bubbles = false
debug ++ [Boolean] cancelable = false
debug ++ [String] type = timer
debug +++ [int] repeatCount = 0
debug +++ [int] currentCount = 7
debug +++ [Boolean] running = true
debug +++ [int] delay = 180000
debug +++ [int] repeatCount = 0
debug +++ [int] currentCount = 7
debug +++ [Boolean] running = true
debug +++ [int] delay = 180000
debug time 20:13:49.207 :: After HeartBeat Count=8 Result=5
debug time 20:16:49.03 :: Before HeartBeat Count=9 Time=Sun Oct 16 2011 20:16:49 GMT+0200 AccountId=28699575 Session=1c88d2a4-002a-4b7b-80cd-49bdc1c5d874
debug ++ [int] eventPhase = 2
debug ++ [Boolean] bubbles = false
debug ++ [Boolean] cancelable = false
debug ++ [String] type = timer
debug +++ [int] repeatCount = 0
debug +++ [int] currentCount = 8
debug +++ [Boolean] running = true
debug +++ [int] delay = 180000
debug +++ [int] repeatCount = 0
debug +++ [int] currentCount = 8
debug +++ [Boolean] running = true
debug +++ [int] delay = 180000
debug time 20:16:49.206 :: After HeartBeat Count=9 Result=5
debug time 20:19:49.33 :: Before HeartBeat Count=10 Time=Sun Oct 16 2011 20:19:49 GMT+0200 AccountId=28699575 Session=1c88d2a4-002a-4b7b-80cd-49bdc1c5d874
debug ++ [int] eventPhase = 2
debug ++ [Boolean] bubbles = false
debug ++ [Boolean] cancelable = false
debug ++ [String] type = timer
debug +++ [int] repeatCount = 0
debug +++ [int] currentCount = 9
debug +++ [Boolean] running = true
debug +++ [int] delay = 180000
debug +++ [int] repeatCount = 0
debug +++ [int] currentCount = 9
debug +++ [Boolean] running = true
debug +++ [int] delay = 180000
debug time 20:19:49.272 :: After HeartBeat Count=10 Result=5
debug time 20:22:49.675 :: Before HeartBeat Count=11 Time=Sun Oct 16 2011 20:22:49 GMT+0200 AccountId=28699575 Session=1c88d2a4-002a-4b7b-80cd-49bdc1c5d874
debug ++ [int] eventPhase = 2
debug ++ [Boolean] bubbles = false
debug ++ [Boolean] cancelable = false
debug ++ [String] type = timer
debug +++ [int] repeatCount = 0
debug +++ [int] currentCount = 10
debug +++ [Boolean] running = true
debug +++ [int] delay = 180000
debug +++ [int] repeatCount = 0
debug +++ [int] currentCount = 10
debug +++ [Boolean] running = true
debug +++ [int] delay = 180000
debug time 20:22:50.669 :: After HeartBeat Count=11 Result=5
debug time 20:25:50.687 :: Before HeartBeat Count=12 Time=Sun Oct 16 2011 20:25:50 GMT+0200 AccountId=28699575 Session=1c88d2a4-002a-4b7b-80cd-49bdc1c5d874
debug ++ [int] eventPhase = 2
debug ++ [Boolean] bubbles = false
debug ++ [Boolean] cancelable = false
debug ++ [String] type = timer
debug +++ [int] repeatCount = 0
debug +++ [int] currentCount = 11
debug +++ [Boolean] running = true
debug +++ [int] delay = 180000
debug +++ [int] repeatCount = 0
debug +++ [int] currentCount = 11
debug +++ [Boolean] running = true
debug +++ [int] delay = 180000
debug time 20:25:51.675 :: After HeartBeat Count=12 Result=5
debug time 20:28:51.675 :: Before HeartBeat Count=13 Time=Sun Oct 16 2011 20:28:51 GMT+0200 AccountId=28699575 Session=1c88d2a4-002a-4b7b-80cd-49bdc1c5d874
debug ++ [int] eventPhase = 2
debug ++ [Boolean] bubbles = false
debug ++ [Boolean] cancelable = false
debug ++ [String] type = timer
debug +++ [int] repeatCount = 0
debug +++ [int] currentCount = 12
debug +++ [Boolean] running = true
debug +++ [int] delay = 180000
debug +++ [int] repeatCount = 0
debug +++ [int] currentCount = 12
debug +++ [Boolean] running = true
debug +++ [int] delay = 180000
debug time 20:28:52.672 :: After HeartBeat Count=13 Result=5
debug time 20:31:51.679 :: Before HeartBeat Count=14 Time=Sun Oct 16 2011 20:31:51 GMT+0200 AccountId=28699575 Session=1c88d2a4-002a-4b7b-80cd-49bdc1c5d874
debug ++ [int] eventPhase = 2
debug ++ [Boolean] bubbles = false
debug ++ [Boolean] cancelable = false
debug ++ [String] type = timer
debug +++ [int] repeatCount = 0
debug +++ [int] currentCount = 13
debug +++ [Boolean] running = true
debug +++ [int] delay = 180000
debug +++ [int] repeatCount = 0
debug +++ [int] currentCount = 13
debug +++ [Boolean] running = true
debug +++ [int] delay = 180000
debug time 20:31:52.675 :: After HeartBeat Count=14 Result=5
debug time 20:34:52.679 :: Before HeartBeat Count=15 Time=Sun Oct 16 2011 20:34:52 GMT+0200 AccountId=28699575 Session=1c88d2a4-002a-4b7b-80cd-49bdc1c5d874
debug ++ [int] eventPhase = 2
debug ++ [Boolean] bubbles = false
debug ++ [Boolean] cancelable = false
debug ++ [String] type = timer
debug +++ [int] repeatCount = 0
debug +++ [int] currentCount = 14
debug +++ [Boolean] running = true
debug +++ [int] delay = 180000
debug +++ [int] repeatCount = 0
debug +++ [int] currentCount = 14
debug +++ [Boolean] running = true
debug +++ [int] delay = 180000
debug time 20:34:53.677 :: After HeartBeat Count=15 Result=5
debug time 20:37:52.679 :: Before HeartBeat Count=16 Time=Sun Oct 16 2011 20:37:52 GMT+0200 AccountId=28699575 Session=1c88d2a4-002a-4b7b-80cd-49bdc1c5d874
debug ++ [int] eventPhase = 2
debug ++ [Boolean] bubbles = false
debug ++ [Boolean] cancelable = false
debug ++ [String] type = timer
debug +++ [int] repeatCount = 0
debug +++ [int] currentCount = 15
debug +++ [Boolean] running = true
debug +++ [int] delay = 180000
debug +++ [int] repeatCount = 0
debug +++ [int] currentCount = 15
debug +++ [Boolean] running = true
debug +++ [int] delay = 180000
debug time 20:37:53.677 :: After HeartBeat Count=16 Result=5
debug time 20:40:05.727 :: Performing heartbeat at Sun Oct 16 2011 20:40:05 GMT+0200
debug time 20:40:52.685 :: Before HeartBeat Count=17 Time=Sun Oct 16 2011 20:40:52 GMT+0200 AccountId=28699575 Session=1c88d2a4-002a-4b7b-80cd-49bdc1c5d874
debug ++ [int] eventPhase = 2
debug ++ [Boolean] bubbles = false
debug ++ [Boolean] cancelable = false
debug ++ [String] type = timer
debug +++ [int] repeatCount = 0
debug +++ [int] currentCount = 16
debug +++ [Boolean] running = true
debug +++ [int] delay = 180000
debug +++ [int] repeatCount = 0
debug +++ [int] currentCount = 16
debug +++ [Boolean] running = true
debug +++ [int] delay = 180000
debug time 20:40:52.888 :: After HeartBeat Count=17 Result=5
debug time 20:43:53.426 :: Before HeartBeat Count=18 Time=Sun Oct 16 2011 20:43:53 GMT+0200 AccountId=28699575 Session=1c88d2a4-002a-4b7b-80cd-49bdc1c5d874
debug ++ [int] eventPhase = 2
debug ++ [Boolean] bubbles = false
debug ++ [Boolean] cancelable = false
debug ++ [String] type = timer
debug +++ [int] repeatCount = 0
debug +++ [int] currentCount = 17
debug +++ [Boolean] running = true
debug +++ [int] delay = 180000
debug +++ [int] repeatCount = 0
debug +++ [int] currentCount = 17
debug +++ [Boolean] running = true
debug +++ [int] delay = 180000
debug time 20:43:54.423 :: After HeartBeat Count=18 Result=5
debug time 20:46:53.429 :: Before HeartBeat Count=19 Time=Sun Oct 16 2011 20:46:53 GMT+0200 AccountId=28699575 Session=1c88d2a4-002a-4b7b-80cd-49bdc1c5d874
debug ++ [int] eventPhase = 2
debug ++ [Boolean] bubbles = false
debug ++ [Boolean] cancelable = false
debug ++ [String] type = timer
debug +++ [int] repeatCount = 0
debug +++ [int] currentCount = 18
debug +++ [Boolean] running = true
debug +++ [int] delay = 180000
debug +++ [int] repeatCount = 0
debug +++ [int] currentCount = 18
debug +++ [Boolean] running = true
debug +++ [int] delay = 180000
debug time 20:46:54.425 :: After HeartBeat Count=19 Result=5
debug time 20:49:54.429 :: Before HeartBeat Count=20 Time=Sun Oct 16 2011 20:49:54 GMT+0200 AccountId=28699575 Session=1c88d2a4-002a-4b7b-80cd-49bdc1c5d874
debug ++ [int] eventPhase = 2
debug ++ [Boolean] bubbles = false
debug ++ [Boolean] cancelable = false
debug ++ [String] type = timer
debug +++ [int] repeatCount = 0
debug +++ [int] currentCount = 19
debug +++ [Boolean] running = true
debug +++ [int] delay = 180000
debug +++ [int] repeatCount = 0
debug +++ [int] currentCount = 19
debug +++ [Boolean] running = true
debug +++ [int] delay = 180000
debug time 20:49:55.426 :: After HeartBeat Count=20 Result=5
debug time 20:52:54.432 :: Before HeartBeat Count=21 Time=Sun Oct 16 2011 20:52:54 GMT+0200 AccountId=28699575 Session=1c88d2a4-002a-4b7b-80cd-49bdc1c5d874
debug ++ [int] eventPhase = 2
debug ++ [Boolean] bubbles = false
debug ++ [Boolean] cancelable = false
debug ++ [String] type = timer
debug +++ [int] repeatCount = 0
debug +++ [int] currentCount = 20
debug +++ [Boolean] running = true
debug +++ [int] delay = 180000
debug +++ [int] repeatCount = 0
debug +++ [int] currentCount = 20
debug +++ [Boolean] running = true
debug +++ [int] delay = 180000
debug time 20:52:55.430 :: After HeartBeat Count=21 Result=5
debug time 20:53:33.594 :: Performing heartbeat at Sun Oct 16 2011 20:53:33 GMT+0200
debug time 20:55:55.352 :: Before HeartBeat Count=22 Time=Sun Oct 16 2011 20:55:55 GMT+0200 AccountId=28699575 Session=1c88d2a4-002a-4b7b-80cd-49bdc1c5d874
debug ++ [int] eventPhase = 2
debug ++ [Boolean] bubbles = false
debug ++ [Boolean] cancelable = false
debug ++ [String] type = timer
debug +++ [int] repeatCount = 0
debug +++ [int] currentCount = 21
debug +++ [Boolean] running = true
debug +++ [int] delay = 180000
debug +++ [int] repeatCount = 0
debug +++ [int] currentCount = 21
debug +++ [Boolean] running = true
debug +++ [int] delay = 180000
debug time 20:55:56.348 :: After HeartBeat Count=22 Result=5
debug time 20:58:55.356 :: Before HeartBeat Count=23 Time=Sun Oct 16 2011 20:58:55 GMT+0200 AccountId=28699575 Session=1c88d2a4-002a-4b7b-80cd-49bdc1c5d874
debug ++ [int] eventPhase = 2
debug ++ [Boolean] bubbles = false
debug ++ [Boolean] cancelable = false
debug ++ [String] type = timer
debug +++ [int] repeatCount = 0
debug +++ [int] currentCount = 22
debug +++ [Boolean] running = true
debug +++ [int] delay = 180000
debug +++ [int] repeatCount = 0
debug +++ [int] currentCount = 22
debug +++ [Boolean] running = true
debug +++ [int] delay = 180000
debug time 20:58:56.348 :: After HeartBeat Count=23 Result=5
debug time 21:01:55.359 :: Before HeartBeat Count=24 Time=Sun Oct 16 2011 21:01:55 GMT+0200 AccountId=28699575 Session=1c88d2a4-002a-4b7b-80cd-49bdc1c5d874
debug ++ [int] eventPhase = 2
debug ++ [Boolean] bubbles = false
debug ++ [Boolean] cancelable = false
debug ++ [String] type = timer
debug +++ [int] repeatCount = 0
debug +++ [int] currentCount = 23
debug +++ [Boolean] running = true
debug +++ [int] delay = 180000
debug +++ [int] repeatCount = 0
debug +++ [int] currentCount = 23
debug +++ [Boolean] running = true
debug +++ [int] delay = 180000
debug time 21:01:56.347 :: After HeartBeat Count=24 Result=5
debug time 21:04:56.352 :: Before HeartBeat Count=25 Time=Sun Oct 16 2011 21:04:56 GMT+0200 AccountId=28699575 Session=1c88d2a4-002a-4b7b-80cd-49bdc1c5d874
debug ++ [int] eventPhase = 2
debug ++ [Boolean] bubbles = false
debug ++ [Boolean] cancelable = false
debug ++ [String] type = timer
debug +++ [int] repeatCount = 0
debug +++ [int] currentCount = 24
debug +++ [Boolean] running = true
debug +++ [int] delay = 180000
debug +++ [int] repeatCount = 0
debug +++ [int] currentCount = 24
debug +++ [Boolean] running = true
debug +++ [int] delay = 180000
debug time 21:04:57.347 :: After HeartBeat Count=25 Result=5
debug time 21:07:56.368 :: Before HeartBeat Count=26 Time=Sun Oct 16 2011 21:07:56 GMT+0200 AccountId=28699575 Session=1c88d2a4-002a-4b7b-80cd-49bdc1c5d874
debug ++ [int] eventPhase = 2
debug ++ [Boolean] bubbles = false
debug ++ [Boolean] cancelable = false
debug ++ [String] type = timer
debug +++ [int] repeatCount = 0
debug +++ [int] currentCount = 25
debug +++ [Boolean] running = true
debug +++ [int] delay = 180000
debug +++ [int] repeatCount = 0
debug +++ [int] currentCount = 25
debug +++ [Boolean] running = true
debug +++ [int] delay = 180000
debug time 21:07:57.347 :: After HeartBeat Count=26 Result=5
debug time 21:10:57.349 :: Before HeartBeat Count=27 Time=Sun Oct 16 2011 21:10:57 GMT+0200 AccountId=28699575 Session=1c88d2a4-002a-4b7b-80cd-49bdc1c5d874
debug ++ [int] eventPhase = 2
debug ++ [Boolean] bubbles = false
debug ++ [Boolean] cancelable = false
debug ++ [String] type = timer
debug +++ [int] repeatCount = 0
debug +++ [int] currentCount = 26
debug +++ [Boolean] running = true
debug +++ [int] delay = 180000
debug +++ [int] repeatCount = 0
debug +++ [int] currentCount = 26
debug +++ [Boolean] running = true
debug +++ [int] delay = 180000
debug time 21:10:58.344 :: After HeartBeat Count=27 Result=5
debug time 21:13:57.350 :: Before HeartBeat Count=28 Time=Sun Oct 16 2011 21:13:57 GMT+0200 AccountId=28699575 Session=1c88d2a4-002a-4b7b-80cd-49bdc1c5d874
debug ++ [int] eventPhase = 2
debug ++ [Boolean] bubbles = false
debug ++ [Boolean] cancelable = false
debug ++ [String] type = timer
debug +++ [int] repeatCount = 0
debug +++ [int] currentCount = 27
debug +++ [Boolean] running = true
debug +++ [int] delay = 180000
debug +++ [int] repeatCount = 0
debug +++ [int] currentCount = 27
debug +++ [Boolean] running = true
debug +++ [int] delay = 180000
debug time 21:13:58.345 :: After HeartBeat Count=28 Result=5
debug time 21:16:57.352 :: Before HeartBeat Count=29 Time=Sun Oct 16 2011 21:16:57 GMT+0200 AccountId=28699575 Session=1c88d2a4-002a-4b7b-80cd-49bdc1c5d874
debug ++ [int] eventPhase = 2
debug ++ [Boolean] bubbles = false
debug ++ [Boolean] cancelable = false
debug ++ [String] type = timer
debug +++ [int] repeatCount = 0
debug +++ [int] currentCount = 28
debug +++ [Boolean] running = true
debug +++ [int] delay = 180000
debug +++ [int] repeatCount = 0
debug +++ [int] currentCount = 28
debug +++ [Boolean] running = true
debug +++ [int] delay = 180000
debug time 21:16:58.346 :: After HeartBeat Count=29 Result=5
debug time 21:19:58.354 :: Before HeartBeat Count=30 Time=Sun Oct 16 2011 21:19:58 GMT+0200 AccountId=28699575 Session=1c88d2a4-002a-4b7b-80cd-49bdc1c5d874
debug ++ [int] eventPhase = 2
debug ++ [Boolean] bubbles = false
debug ++ [Boolean] cancelable = false
debug ++ [String] type = timer
debug +++ [int] repeatCount = 0
debug +++ [int] currentCount = 29
debug +++ [Boolean] running = true
debug +++ [int] delay = 180000
debug +++ [int] repeatCount = 0
debug +++ [int] currentCount = 29
debug +++ [Boolean] running = true
debug +++ [int] delay = 180000
debug time 21:19:59.348 :: After HeartBeat Count=30 Result=5
debug time 21:22:59.355 :: Before HeartBeat Count=31 Time=Sun Oct 16 2011 21:22:59 GMT+0200 AccountId=28699575 Session=1c88d2a4-002a-4b7b-80cd-49bdc1c5d874
debug ++ [int] eventPhase = 2
debug ++ [Boolean] bubbles = false
debug ++ [Boolean] cancelable = false
debug ++ [String] type = timer
debug +++ [int] repeatCount = 0
debug +++ [int] currentCount = 30
debug +++ [Boolean] running = true
debug +++ [int] delay = 180000
debug +++ [int] repeatCount = 0
debug +++ [int] currentCount = 30
debug +++ [Boolean] running = true
debug +++ [int] delay = 180000
debug time 21:23:00.350 :: After HeartBeat Count=31 Result=5
debug time 21:25:59.372 :: Before HeartBeat Count=32 Time=Sun Oct 16 2011 21:25:59 GMT+0200 AccountId=28699575 Session=1c88d2a4-002a-4b7b-80cd-49bdc1c5d874
debug ++ [int] eventPhase = 2
debug ++ [Boolean] bubbles = false
debug ++ [Boolean] cancelable = false
debug ++ [String] type = timer
debug +++ [int] repeatCount = 0
debug +++ [int] currentCount = 31
debug +++ [Boolean] running = true
debug +++ [int] delay = 180000
debug +++ [int] repeatCount = 0
debug +++ [int] currentCount = 31
debug +++ [Boolean] running = true
debug +++ [int] delay = 180000
debug time 21:26:00.357 :: After HeartBeat Count=32 Result=5
debug time 21:29:00.361 :: Before HeartBeat Count=33 Time=Sun Oct 16 2011 21:29:00 GMT+0200 AccountId=28699575 Session=1c88d2a4-002a-4b7b-80cd-49bdc1c5d874
debug ++ [int] eventPhase = 2
debug ++ [Boolean] bubbles = false
debug ++ [Boolean] cancelable = false
debug ++ [String] type = timer
debug +++ [int] repeatCount = 0
debug +++ [int] currentCount = 32
debug +++ [Boolean] running = true
debug +++ [int] delay = 180000
debug +++ [int] repeatCount = 0
debug +++ [int] currentCount = 32
debug +++ [Boolean] running = true
debug +++ [int] delay = 180000
debug time 21:29:01.356 :: After HeartBeat Count=33 Result=5
debug time 21:32:00.387 :: Before HeartBeat Count=34 Time=Sun Oct 16 2011 21:32:00 GMT+0200 AccountId=28699575 Session=1c88d2a4-002a-4b7b-80cd-49bdc1c5d874
debug ++ [int] eventPhase = 2
debug ++ [Boolean] bubbles = false
debug ++ [Boolean] cancelable = false
debug ++ [String] type = timer
debug +++ [int] repeatCount = 0
debug +++ [int] currentCount = 33
debug +++ [Boolean] running = true
debug +++ [int] delay = 180000
debug +++ [int] repeatCount = 0
debug +++ [int] currentCount = 33
debug +++ [Boolean] running = true
debug +++ [int] delay = 180000
debug time 21:32:01.363 :: After HeartBeat Count=34 Result=5
debug time 21:35:01.366 :: Before HeartBeat Count=35 Time=Sun Oct 16 2011 21:35:01 GMT+0200 AccountId=28699575 Session=1c88d2a4-002a-4b7b-80cd-49bdc1c5d874
debug ++ [int] eventPhase = 2
debug ++ [Boolean] bubbles = false
debug ++ [Boolean] cancelable = false
debug ++ [String] type = timer
debug +++ [int] repeatCount = 0
debug +++ [int] currentCount = 34
debug +++ [Boolean] running = true
debug +++ [int] delay = 180000
debug +++ [int] repeatCount = 0
debug +++ [int] currentCount = 34
debug +++ [Boolean] running = true
debug +++ [int] delay = 180000
debug time 21:35:02.360 :: After HeartBeat Count=35 Result=5
debug time 21:38:01.395 :: Before HeartBeat Count=36 Time=Sun Oct 16 2011 21:38:01 GMT+0200 AccountId=28699575 Session=1c88d2a4-002a-4b7b-80cd-49bdc1c5d874
debug ++ [int] eventPhase = 2
debug ++ [Boolean] bubbles = false
debug ++ [Boolean] cancelable = false
debug ++ [String] type = timer
debug +++ [int] repeatCount = 0
debug +++ [int] currentCount = 35
debug +++ [Boolean] running = true
debug +++ [int] delay = 180000
debug +++ [int] repeatCount = 0
debug +++ [int] currentCount = 35
debug +++ [Boolean] running = true
debug +++ [int] delay = 180000
debug time 21:38:02.369 :: After HeartBeat Count=36 Result=5
debug time 21:41:02.372 :: Before HeartBeat Count=37 Time=Sun Oct 16 2011 21:41:02 GMT+0200 AccountId=28699575 Session=1c88d2a4-002a-4b7b-80cd-49bdc1c5d874
debug ++ [int] eventPhase = 2
debug ++ [Boolean] bubbles = false
debug ++ [Boolean] cancelable = false
debug ++ [String] type = timer
debug +++ [int] repeatCount = 0
debug +++ [int] currentCount = 36
debug +++ [Boolean] running = true
debug +++ [int] delay = 180000
debug +++ [int] repeatCount = 0
debug +++ [int] currentCount = 36
debug +++ [Boolean] running = true
debug +++ [int] delay = 180000
debug time 21:41:03.367 :: After HeartBeat Count=37 Result=5
debug time 21:44:02.400 :: Before HeartBeat Count=38 Time=Sun Oct 16 2011 21:44:02 GMT+0200 AccountId=28699575 Session=1c88d2a4-002a-4b7b-80cd-49bdc1c5d874
debug ++ [int] eventPhase = 2
debug ++ [Boolean] bubbles = false
debug ++ [Boolean] cancelable = false
debug ++ [String] type = timer
debug +++ [int] repeatCount = 0
debug +++ [int] currentCount = 37
debug +++ [Boolean] running = true
debug +++ [int] delay = 180000
debug +++ [int] repeatCount = 0
debug +++ [int] currentCount = 37
debug +++ [Boolean] running = true
debug +++ [int] delay = 180000
debug time 21:44:03.370 :: After HeartBeat Count=38 Result=5
debug time 21:47:03.376 :: Before HeartBeat Count=39 Time=Sun Oct 16 2011 21:47:03 GMT+0200 AccountId=28699575 Session=1c88d2a4-002a-4b7b-80cd-49bdc1c5d874
debug ++ [int] eventPhase = 2
debug ++ [Boolean] bubbles = false
debug ++ [Boolean] cancelable = false
debug ++ [String] type = timer
debug +++ [int] repeatCount = 0
debug +++ [int] currentCount = 38
debug +++ [Boolean] running = true
debug +++ [int] delay = 180000
debug +++ [int] repeatCount = 0
debug +++ [int] currentCount = 38
debug +++ [Boolean] running = true
debug +++ [int] delay = 180000
debug time 21:47:04.371 :: After HeartBeat Count=39 Result=5
debug time 21:50:03.404 :: Before HeartBeat Count=40 Time=Sun Oct 16 2011 21:50:03 GMT+0200 AccountId=28699575 Session=1c88d2a4-002a-4b7b-80cd-49bdc1c5d874
debug ++ [int] eventPhase = 2
debug ++ [Boolean] bubbles = false
debug ++ [Boolean] cancelable = false
debug ++ [String] type = timer
debug +++ [int] repeatCount = 0
debug +++ [int] currentCount = 39
debug +++ [Boolean] running = true
debug +++ [int] delay = 180000
debug +++ [int] repeatCount = 0
debug +++ [int] currentCount = 39
debug +++ [Boolean] running = true
debug +++ [int] delay = 180000
debug time 21:50:04.372 :: After HeartBeat Count=40 Result=5
debug time 21:53:04.381 :: Before HeartBeat Count=41 Time=Sun Oct 16 2011 21:53:04 GMT+0200 AccountId=28699575 Session=1c88d2a4-002a-4b7b-80cd-49bdc1c5d874
debug ++ [int] eventPhase = 2
debug ++ [Boolean] bubbles = false
debug ++ [Boolean] cancelable = false
debug ++ [String] type = timer
debug +++ [int] repeatCount = 0
debug +++ [int] currentCount = 40
debug +++ [Boolean] running = true
debug +++ [int] delay = 180000
debug +++ [int] repeatCount = 0
debug +++ [int] currentCount = 40
debug +++ [Boolean] running = true
debug +++ [int] delay = 180000
debug time 21:53:05.376 :: After HeartBeat Count=41 Result=5
debug time 21:56:04.383 :: Before HeartBeat Count=42 Time=Sun Oct 16 2011 21:56:04 GMT+0200 AccountId=28699575 Session=1c88d2a4-002a-4b7b-80cd-49bdc1c5d874
debug ++ [int] eventPhase = 2
debug ++ [Boolean] bubbles = false
debug ++ [Boolean] cancelable = false
debug ++ [String] type = timer
debug +++ [int] repeatCount = 0
debug +++ [int] currentCount = 41
debug +++ [Boolean] running = true
debug +++ [int] delay = 180000
debug +++ [int] repeatCount = 0
debug +++ [int] currentCount = 41
debug +++ [Boolean] running = true
debug +++ [int] delay = 180000
debug time 21:56:05.378 :: After HeartBeat Count=42 Result=5
debug time 21:59:05.383 :: Before HeartBeat Count=43 Time=Sun Oct 16 2011 21:59:05 GMT+0200 AccountId=28699575 Session=1c88d2a4-002a-4b7b-80cd-49bdc1c5d874
debug ++ [int] eventPhase = 2
debug ++ [Boolean] bubbles = false
debug ++ [Boolean] cancelable = false
debug ++ [String] type = timer
debug +++ [int] repeatCount = 0
debug +++ [int] currentCount = 42
debug +++ [Boolean] running = true
debug +++ [int] delay = 180000
debug +++ [int] repeatCount = 0
debug +++ [int] currentCount = 42
debug +++ [Boolean] running = true
debug +++ [int] delay = 180000
debug time 21:59:06.384 :: After HeartBeat Count=43 Result=5
debug time 22:02:05.408 :: Before HeartBeat Count=44 Time=Sun Oct 16 2011 22:02:05 GMT+0200 AccountId=28699575 Session=1c88d2a4-002a-4b7b-80cd-49bdc1c5d874
debug ++ [int] eventPhase = 2
debug ++ [Boolean] bubbles = false
debug ++ [Boolean] cancelable = false
debug ++ [String] type = timer
debug +++ [int] repeatCount = 0
debug +++ [int] currentCount = 43
debug +++ [Boolean] running = true
debug +++ [int] delay = 180000
debug +++ [int] repeatCount = 0
debug +++ [int] currentCount = 43
debug +++ [Boolean] running = true
debug +++ [int] delay = 180000
debug time 22:02:06.382 :: After HeartBeat Count=44 Result=5
debug time 22:05:06.389 :: Before HeartBeat Count=45 Time=Sun Oct 16 2011 22:05:06 GMT+0200 AccountId=28699575 Session=1c88d2a4-002a-4b7b-80cd-49bdc1c5d874
debug ++ [int] eventPhase = 2
debug ++ [Boolean] bubbles = false
debug ++ [Boolean] cancelable = false
debug ++ [String] type = timer
debug +++ [int] repeatCount = 0
debug +++ [int] currentCount = 44
debug +++ [Boolean] running = true
debug +++ [int] delay = 180000
debug +++ [int] repeatCount = 0
debug +++ [int] currentCount = 44
debug +++ [Boolean] running = true
debug +++ [int] delay = 180000
debug time 22:05:07.384 :: After HeartBeat Count=45 Result=5
debug time 22:08:06.391 :: Before HeartBeat Count=46 Time=Sun Oct 16 2011 22:08:06 GMT+0200 AccountId=28699575 Session=1c88d2a4-002a-4b7b-80cd-49bdc1c5d874
debug ++ [int] eventPhase = 2
debug ++ [Boolean] bubbles = false
debug ++ [Boolean] cancelable = false
debug ++ [String] type = timer
debug +++ [int] repeatCount = 0
debug +++ [int] currentCount = 45
debug +++ [Boolean] running = true
debug +++ [int] delay = 180000
debug +++ [int] repeatCount = 0
debug +++ [int] currentCount = 45
debug +++ [Boolean] running = true
debug +++ [int] delay = 180000
debug time 22:08:07.385 :: After HeartBeat Count=46 Result=5
debug time 22:11:07.393 :: Before HeartBeat Count=47 Time=Sun Oct 16 2011 22:11:07 GMT+0200 AccountId=28699575 Session=1c88d2a4-002a-4b7b-80cd-49bdc1c5d874
debug ++ [int] eventPhase = 2
debug ++ [Boolean] bubbles = false
debug ++ [Boolean] cancelable = false
debug ++ [String] type = timer
debug +++ [int] repeatCount = 0
debug +++ [int] currentCount = 46
debug +++ [Boolean] running = true
debug +++ [int] delay = 180000
debug +++ [int] repeatCount = 0
debug +++ [int] currentCount = 46
debug +++ [Boolean] running = true
debug +++ [int] delay = 180000
debug time 22:11:08.388 :: After HeartBeat Count=47 Result=5
debug time 22:14:07.395 :: Before HeartBeat Count=48 Time=Sun Oct 16 2011 22:14:07 GMT+0200 AccountId=28699575 Session=1c88d2a4-002a-4b7b-80cd-49bdc1c5d874
debug ++ [int] eventPhase = 2
debug ++ [Boolean] bubbles = false
debug ++ [Boolean] cancelable = false
debug ++ [String] type = timer
debug +++ [int] repeatCount = 0
debug +++ [int] currentCount = 47
debug +++ [Boolean] running = true
debug +++ [int] delay = 180000
debug +++ [int] repeatCount = 0
debug +++ [int] currentCount = 47
debug +++ [Boolean] running = true
debug +++ [int] delay = 180000
debug time 22:14:08.391 :: After HeartBeat Count=48 Result=5
debug time 22:17:07.396 :: Before HeartBeat Count=49 Time=Sun Oct 16 2011 22:17:07 GMT+0200 AccountId=28699575 Session=1c88d2a4-002a-4b7b-80cd-49bdc1c5d874
debug ++ [int] eventPhase = 2
debug ++ [Boolean] bubbles = false
debug ++ [Boolean] cancelable = false
debug ++ [String] type = timer
debug +++ [int] repeatCount = 0
debug +++ [int] currentCount = 48
debug +++ [Boolean] running = true
debug +++ [int] delay = 180000
debug +++ [int] repeatCount = 0
debug +++ [int] currentCount = 48
debug +++ [Boolean] running = true
debug +++ [int] delay = 180000
debug time 22:17:08.389 :: After HeartBeat Count=49 Result=5
debug time 22:20:08.398 :: Before HeartBeat Count=50 Time=Sun Oct 16 2011 22:20:08 GMT+0200 AccountId=28699575 Session=1c88d2a4-002a-4b7b-80cd-49bdc1c5d874
debug ++ [int] eventPhase = 2
debug ++ [Boolean] bubbles = false
debug ++ [Boolean] cancelable = false
debug ++ [String] type = timer
debug +++ [int] repeatCount = 0
debug +++ [int] currentCount = 49
debug +++ [Boolean] running = true
debug +++ [int] delay = 180000
debug +++ [int] repeatCount = 0
debug +++ [int] currentCount = 49
debug +++ [Boolean] running = true
debug +++ [int] delay = 180000
debug time 22:20:09.392 :: After HeartBeat Count=50 Result=5
debug time 22:23:08.424 :: Before HeartBeat Count=51 Time=Sun Oct 16 2011 22:23:08 GMT+0200 AccountId=28699575 Session=1c88d2a4-002a-4b7b-80cd-49bdc1c5d874
debug ++ [int] eventPhase = 2
debug ++ [Boolean] bubbles = false
debug ++ [Boolean] cancelable = false
debug ++ [String] type = timer
debug +++ [int] repeatCount = 0
debug +++ [int] currentCount = 50
debug +++ [Boolean] running = true
debug +++ [int] delay = 180000
debug +++ [int] repeatCount = 0
debug +++ [int] currentCount = 50
debug +++ [Boolean] running = true
debug +++ [int] delay = 180000
debug time 22:23:09.395 :: After HeartBeat Count=51 Result=5
debug time 22:26:09.401 :: Before HeartBeat Count=52 Time=Sun Oct 16 2011 22:26:09 GMT+0200 AccountId=28699575 Session=1c88d2a4-002a-4b7b-80cd-49bdc1c5d874
debug ++ [int] eventPhase = 2
debug ++ [Boolean] bubbles = false
debug ++ [Boolean] cancelable = false
debug ++ [String] type = timer
debug +++ [int] repeatCount = 0
debug +++ [int] currentCount = 51
debug +++ [Boolean] running = true
debug +++ [int] delay = 180000
debug +++ [int] repeatCount = 0
debug +++ [int] currentCount = 51
debug +++ [Boolean] running = true
debug +++ [int] delay = 180000
debug time 22:26:10.396 :: After HeartBeat Count=52 Result=5
debug time 22:29:09.402 :: Before HeartBeat Count=53 Time=Sun Oct 16 2011 22:29:09 GMT+0200 AccountId=28699575 Session=1c88d2a4-002a-4b7b-80cd-49bdc1c5d874
debug ++ [int] eventPhase = 2
debug ++ [Boolean] bubbles = false
debug ++ [Boolean] cancelable = false
debug ++ [String] type = timer
debug +++ [int] repeatCount = 0
debug +++ [int] currentCount = 52
debug +++ [Boolean] running = true
debug +++ [int] delay = 180000
debug +++ [int] repeatCount = 0
debug +++ [int] currentCount = 52
debug +++ [Boolean] running = true
debug +++ [int] delay = 180000
debug time 22:29:10.397 :: After HeartBeat Count=53 Result=5
debug time 22:32:09.405 :: Before HeartBeat Count=54 Time=Sun Oct 16 2011 22:32:09 GMT+0200 AccountId=28699575 Session=1c88d2a4-002a-4b7b-80cd-49bdc1c5d874
debug ++ [int] eventPhase = 2
debug ++ [Boolean] bubbles = false
debug ++ [Boolean] cancelable = false
debug ++ [String] type = timer
debug +++ [int] repeatCount = 0
debug +++ [int] currentCount = 53
debug +++ [Boolean] running = true
debug +++ [int] delay = 180000
debug +++ [int] repeatCount = 0
debug +++ [int] currentCount = 53
debug +++ [Boolean] running = true
debug +++ [int] delay = 180000
debug time 22:32:10.399 :: After HeartBeat Count=54 Result=5
debug time 22:35:09.407 :: Before HeartBeat Count=55 Time=Sun Oct 16 2011 22:35:09 GMT+0200 AccountId=28699575 Session=1c88d2a4-002a-4b7b-80cd-49bdc1c5d874
debug ++ [int] eventPhase = 2
debug ++ [Boolean] bubbles = false
debug ++ [Boolean] cancelable = false
debug ++ [String] type = timer
debug +++ [int] repeatCount = 0
debug +++ [int] currentCount = 54
debug +++ [Boolean] running = true
debug +++ [int] delay = 180000
debug +++ [int] repeatCount = 0
debug +++ [int] currentCount = 54
debug +++ [Boolean] running = true
debug +++ [int] delay = 180000
debug time 22:35:10.402 :: After HeartBeat Count=55 Result=5
debug time 22:38:09.408 :: Before HeartBeat Count=56 Time=Sun Oct 16 2011 22:38:09 GMT+0200 AccountId=28699575 Session=1c88d2a4-002a-4b7b-80cd-49bdc1c5d874
debug ++ [int] eventPhase = 2
debug ++ [Boolean] bubbles = false
debug ++ [Boolean] cancelable = false
debug ++ [String] type = timer
debug +++ [int] repeatCount = 0
debug +++ [int] currentCount = 55
debug +++ [Boolean] running = true
debug +++ [int] delay = 180000
debug +++ [int] repeatCount = 0
debug +++ [int] currentCount = 55
debug +++ [Boolean] running = true
debug +++ [int] delay = 180000
debug time 22:38:10.404 :: After HeartBeat Count=56 Result=5
debug time 22:41:09.437 :: Before HeartBeat Count=57 Time=Sun Oct 16 2011 22:41:09 GMT+0200 AccountId=28699575 Session=1c88d2a4-002a-4b7b-80cd-49bdc1c5d874
debug ++ [int] eventPhase = 2
debug ++ [Boolean] bubbles = false
debug ++ [Boolean] cancelable = false
debug ++ [String] type = timer
debug +++ [int] repeatCount = 0
debug +++ [int] currentCount = 56
debug +++ [Boolean] running = true
debug +++ [int] delay = 180000
debug +++ [int] repeatCount = 0
debug +++ [int] currentCount = 56
debug +++ [Boolean] running = true
debug +++ [int] delay = 180000
debug time 22:41:10.412 :: After HeartBeat Count=57 Result=5
debug time 22:44:10.416 :: Before HeartBeat Count=58 Time=Sun Oct 16 2011 22:44:10 GMT+0200 AccountId=28699575 Session=1c88d2a4-002a-4b7b-80cd-49bdc1c5d874
debug ++ [int] eventPhase = 2
debug ++ [Boolean] bubbles = false
debug ++ [Boolean] cancelable = false
debug ++ [String] type = timer
debug +++ [int] repeatCount = 0
debug +++ [int] currentCount = 57
debug +++ [Boolean] running = true
debug +++ [int] delay = 180000
debug +++ [int] repeatCount = 0
debug +++ [int] currentCount = 57
debug +++ [Boolean] running = true
debug +++ [int] delay = 180000
debug time 22:44:11.411 :: After HeartBeat Count=58 Result=5
debug time 22:47:10.442 :: Before HeartBeat Count=59 Time=Sun Oct 16 2011 22:47:10 GMT+0200 AccountId=28699575 Session=1c88d2a4-002a-4b7b-80cd-49bdc1c5d874
debug ++ [int] eventPhase = 2
debug ++ [Boolean] bubbles = false
debug ++ [Boolean] cancelable = false
debug ++ [String] type = timer
debug +++ [int] repeatCount = 0
debug +++ [int] currentCount = 58
debug +++ [Boolean] running = true
debug +++ [int] delay = 180000
debug +++ [int] repeatCount = 0
debug +++ [int] currentCount = 58
debug +++ [Boolean] running = true
debug +++ [int] delay = 180000
debug time 22:47:11.417 :: After HeartBeat Count=59 Result=5
debug time 22:50:10.440 :: Before HeartBeat Count=60 Time=Sun Oct 16 2011 22:50:10 GMT+0200 AccountId=28699575 Session=1c88d2a4-002a-4b7b-80cd-49bdc1c5d874
debug ++ [int] eventPhase = 2
debug ++ [Boolean] bubbles = false
debug ++ [Boolean] cancelable = false
debug ++ [String] type = timer
debug +++ [int] repeatCount = 0
debug +++ [int] currentCount = 59
debug +++ [Boolean] running = true
debug +++ [int] delay = 180000
debug +++ [int] repeatCount = 0
debug +++ [int] currentCount = 59
debug +++ [Boolean] running = true
debug +++ [int] delay = 180000
debug time 22:50:11.416 :: After HeartBeat Count=60 Result=5
debug time 22:53:11.417 :: Before HeartBeat Count=61 Time=Sun Oct 16 2011 22:53:11 GMT+0200 AccountId=28699575 Session=1c88d2a4-002a-4b7b-80cd-49bdc1c5d874
debug ++ [int] eventPhase = 2
debug ++ [Boolean] bubbles = false
debug ++ [Boolean] cancelable = false
debug ++ [String] type = timer
debug +++ [int] repeatCount = 0
debug +++ [int] currentCount = 60
debug +++ [Boolean] running = true
debug +++ [int] delay = 180000
debug +++ [int] repeatCount = 0
debug +++ [int] currentCount = 60
debug +++ [Boolean] running = true
debug +++ [int] delay = 180000
debug time 22:53:12.412 :: After HeartBeat Count=61 Result=5
debug time 22:56:11.419 :: Before HeartBeat Count=62 Time=Sun Oct 16 2011 22:56:11 GMT+0200 AccountId=28699575 Session=1c88d2a4-002a-4b7b-80cd-49bdc1c5d874
debug ++ [int] eventPhase = 2
debug ++ [Boolean] bubbles = false
debug ++ [Boolean] cancelable = false
debug ++ [String] type = timer
debug +++ [int] repeatCount = 0
debug +++ [int] currentCount = 61
debug +++ [Boolean] running = true
debug +++ [int] delay = 180000
debug +++ [int] repeatCount = 0
debug +++ [int] currentCount = 61
debug +++ [Boolean] running = true
debug +++ [int] delay = 180000
debug time 22:56:12.414 :: After HeartBeat Count=62 Result=5
debug time 22:59:12.421 :: Before HeartBeat Count=63 Time=Sun Oct 16 2011 22:59:12 GMT+0200 AccountId=28699575 Session=1c88d2a4-002a-4b7b-80cd-49bdc1c5d874
debug ++ [int] eventPhase = 2
debug ++ [Boolean] bubbles = false
debug ++ [Boolean] cancelable = false
debug ++ [String] type = timer
debug +++ [int] repeatCount = 0
debug +++ [int] currentCount = 62
debug +++ [Boolean] running = true
debug +++ [int] delay = 180000
debug +++ [int] repeatCount = 0
debug +++ [int] currentCount = 62
debug +++ [Boolean] running = true
debug +++ [int] delay = 180000
debug time 22:59:13.416 :: After HeartBeat Count=63 Result=5
debug time 23:02:12.421 :: Before HeartBeat Count=64 Time=Sun Oct 16 2011 23:02:12 GMT+0200 AccountId=28699575 Session=1c88d2a4-002a-4b7b-80cd-49bdc1c5d874
debug ++ [int] eventPhase = 2
debug ++ [Boolean] bubbles = false
debug ++ [Boolean] cancelable = false
debug ++ [String] type = timer
debug +++ [int] repeatCount = 0
debug +++ [int] currentCount = 63
debug +++ [Boolean] running = true
debug +++ [int] delay = 180000
debug +++ [int] repeatCount = 0
debug +++ [int] currentCount = 63
debug +++ [Boolean] running = true
debug +++ [int] delay = 180000
debug time 23:02:13.417 :: After HeartBeat Count=64 Result=5
debug time 23:05:13.66 :: Before HeartBeat Count=65 Time=Sun Oct 16 2011 23:05:13 GMT+0200 AccountId=28699575 Session=1c88d2a4-002a-4b7b-80cd-49bdc1c5d874
debug ++ [int] eventPhase = 2
debug ++ [Boolean] bubbles = false
debug ++ [Boolean] cancelable = false
debug ++ [String] type = timer
debug +++ [int] repeatCount = 0
debug +++ [int] currentCount = 64
debug +++ [Boolean] running = true
debug +++ [int] delay = 180000
debug +++ [int] repeatCount = 0
debug +++ [int] currentCount = 64
debug +++ [Boolean] running = true
debug +++ [int] delay = 180000
debug time 23:05:14.42 :: After HeartBeat Count=65 Result=5
debug time 23:08:14.43 :: Before HeartBeat Count=66 Time=Sun Oct 16 2011 23:08:14 GMT+0200 AccountId=28699575 Session=1c88d2a4-002a-4b7b-80cd-49bdc1c5d874
debug ++ [int] eventPhase = 2
debug ++ [Boolean] bubbles = false
debug ++ [Boolean] cancelable = false
debug ++ [String] type = timer
debug +++ [int] repeatCount = 0
debug +++ [int] currentCount = 65
debug +++ [Boolean] running = true
debug +++ [int] delay = 180000
debug +++ [int] repeatCount = 0
debug +++ [int] currentCount = 65
debug +++ [Boolean] running = true
debug +++ [int] delay = 180000
debug time 23:08:15.38 :: After HeartBeat Count=66 Result=5
debug time 23:11:14.355 :: Before HeartBeat Count=67 Time=Sun Oct 16 2011 23:11:14 GMT+0200 AccountId=28699575 Session=1c88d2a4-002a-4b7b-80cd-49bdc1c5d874
debug ++ [int] eventPhase = 2
debug ++ [Boolean] bubbles = false
debug ++ [Boolean] cancelable = false
debug ++ [String] type = timer
debug +++ [int] repeatCount = 0
debug +++ [int] currentCount = 66
debug +++ [Boolean] running = true
debug +++ [int] delay = 180000
debug +++ [int] repeatCount = 0
debug +++ [int] currentCount = 66
debug +++ [Boolean] running = true
debug +++ [int] delay = 180000
debug time 23:11:15.351 :: After HeartBeat Count=67 Result=5
debug time 23:14:14.356 :: Before HeartBeat Count=68 Time=Sun Oct 16 2011 23:14:14 GMT+0200 AccountId=28699575 Session=1c88d2a4-002a-4b7b-80cd-49bdc1c5d874
debug ++ [int] eventPhase = 2
debug ++ [Boolean] bubbles = false
debug ++ [Boolean] cancelable = false
debug ++ [String] type = timer
debug +++ [int] repeatCount = 0
debug +++ [int] currentCount = 67
debug +++ [Boolean] running = true
debug +++ [int] delay = 180000
debug +++ [int] repeatCount = 0
debug +++ [int] currentCount = 67
debug +++ [Boolean] running = true
debug +++ [int] delay = 180000
debug time 23:14:15.351 :: After HeartBeat Count=68 Result=5
debug time 23:17:14.360 :: Before HeartBeat Count=69 Time=Sun Oct 16 2011 23:17:14 GMT+0200 AccountId=28699575 Session=1c88d2a4-002a-4b7b-80cd-49bdc1c5d874
debug ++ [int] eventPhase = 2
debug ++ [Boolean] bubbles = false
debug ++ [Boolean] cancelable = false
debug ++ [String] type = timer
debug +++ [int] repeatCount = 0
debug +++ [int] currentCount = 68
debug +++ [Boolean] running = true
debug +++ [int] delay = 180000
debug +++ [int] repeatCount = 0
debug +++ [int] currentCount = 68
debug +++ [Boolean] running = true
debug +++ [int] delay = 180000
debug time 23:17:15.353 :: After HeartBeat Count=69 Result=5
debug time 23:20:14.362 :: Before HeartBeat Count=70 Time=Sun Oct 16 2011 23:20:14 GMT+0200 AccountId=28699575 Session=1c88d2a4-002a-4b7b-80cd-49bdc1c5d874
debug ++ [int] eventPhase = 2
debug ++ [Boolean] bubbles = false
debug ++ [Boolean] cancelable = false
debug ++ [String] type = timer
debug +++ [int] repeatCount = 0
debug +++ [int] currentCount = 69
debug +++ [Boolean] running = true
debug +++ [int] delay = 180000
debug +++ [int] repeatCount = 0
debug +++ [int] currentCount = 69
debug +++ [Boolean] running = true
debug +++ [int] delay = 180000
debug time 23:20:15.356 :: After HeartBeat Count=70 Result=5
debug time 23:23:14.391 :: Before HeartBeat Count=71 Time=Sun Oct 16 2011 23:23:14 GMT+0200 AccountId=28699575 Session=1c88d2a4-002a-4b7b-80cd-49bdc1c5d874
debug ++ [int] eventPhase = 2
debug ++ [Boolean] bubbles = false
debug ++ [Boolean] cancelable = false
debug ++ [String] type = timer
debug +++ [int] repeatCount = 0
debug +++ [int] currentCount = 70
debug +++ [Boolean] running = true
debug +++ [int] delay = 180000
debug +++ [int] repeatCount = 0
debug +++ [int] currentCount = 70
debug +++ [Boolean] running = true
debug +++ [int] delay = 180000
debug time 23:23:15.360 :: After HeartBeat Count=71 Result=5
debug time 23:26:15.366 :: Before HeartBeat Count=72 Time=Sun Oct 16 2011 23:26:15 GMT+0200 AccountId=28699575 Session=1c88d2a4-002a-4b7b-80cd-49bdc1c5d874
debug ++ [int] eventPhase = 2
debug ++ [Boolean] bubbles = false
debug ++ [Boolean] cancelable = false
debug ++ [String] type = timer
debug +++ [int] repeatCount = 0
debug +++ [int] currentCount = 71
debug +++ [Boolean] running = true
debug +++ [int] delay = 180000
debug +++ [int] repeatCount = 0
debug +++ [int] currentCount = 71
debug +++ [Boolean] running = true
debug +++ [int] delay = 180000
debug time 23:26:16.360 :: After HeartBeat Count=72 Result=5
debug time 23:29:15.366 :: Before HeartBeat Count=73 Time=Sun Oct 16 2011 23:29:15 GMT+0200 AccountId=28699575 Session=1c88d2a4-002a-4b7b-80cd-49bdc1c5d874
debug ++ [int] eventPhase = 2
debug ++ [Boolean] bubbles = false
debug ++ [Boolean] cancelable = false
debug ++ [String] type = timer
debug +++ [int] repeatCount = 0
debug +++ [int] currentCount = 72
debug +++ [Boolean] running = true
debug +++ [int] delay = 180000
debug +++ [int] repeatCount = 0
debug +++ [int] currentCount = 72
debug +++ [Boolean] running = true
debug +++ [int] delay = 180000
debug time 23:29:16.360 :: After HeartBeat Count=73 Result=5
debug time 23:32:15.369 :: Before HeartBeat Count=74 Time=Sun Oct 16 2011 23:32:15 GMT+0200 AccountId=28699575 Session=1c88d2a4-002a-4b7b-80cd-49bdc1c5d874
debug ++ [int] eventPhase = 2
debug ++ [Boolean] bubbles = false
debug ++ [Boolean] cancelable = false
debug ++ [String] type = timer
debug +++ [int] repeatCount = 0
debug +++ [int] currentCount = 73
debug +++ [Boolean] running = true
debug +++ [int] delay = 180000
debug +++ [int] repeatCount = 0
debug +++ [int] currentCount = 73
debug +++ [Boolean] running = true
debug +++ [int] delay = 180000
debug time 23:32:16.362 :: After HeartBeat Count=74 Result=5
debug time 23:35:16.368 :: Before HeartBeat Count=75 Time=Sun Oct 16 2011 23:35:16 GMT+0200 AccountId=28699575 Session=1c88d2a4-002a-4b7b-80cd-49bdc1c5d874
debug ++ [int] eventPhase = 2
debug ++ [Boolean] bubbles = false
debug ++ [Boolean] cancelable = false
debug ++ [String] type = timer
debug +++ [int] repeatCount = 0
debug +++ [int] currentCount = 74
debug +++ [Boolean] running = true
debug +++ [int] delay = 180000
debug +++ [int] repeatCount = 0
debug +++ [int] currentCount = 74
debug +++ [Boolean] running = true
debug +++ [int] delay = 180000
debug time 23:35:17.362 :: After HeartBeat Count=75 Result=5
debug time 23:38:16.395 :: Before HeartBeat Count=76 Time=Sun Oct 16 2011 23:38:16 GMT+0200 AccountId=28699575 Session=1c88d2a4-002a-4b7b-80cd-49bdc1c5d874
debug ++ [int] eventPhase = 2
debug ++ [Boolean] bubbles = false
debug ++ [Boolean] cancelable = false
debug ++ [String] type = timer
debug +++ [int] repeatCount = 0
debug +++ [int] currentCount = 75
debug +++ [Boolean] running = true
debug +++ [int] delay = 180000
debug +++ [int] repeatCount = 0
debug +++ [int] currentCount = 75
debug +++ [Boolean] running = true
debug +++ [int] delay = 180000
debug time 23:38:17.364 :: After HeartBeat Count=76 Result=5
debug time 23:41:17.371 :: Before HeartBeat Count=77 Time=Sun Oct 16 2011 23:41:17 GMT+0200 AccountId=28699575 Session=1c88d2a4-002a-4b7b-80cd-49bdc1c5d874
debug ++ [int] eventPhase = 2
debug ++ [Boolean] bubbles = false
debug ++ [Boolean] cancelable = false
debug ++ [String] type = timer
debug +++ [int] repeatCount = 0
debug +++ [int] currentCount = 76
debug +++ [Boolean] running = true
debug +++ [int] delay = 180000
debug +++ [int] repeatCount = 0
debug +++ [int] currentCount = 76
debug +++ [Boolean] running = true
debug +++ [int] delay = 180000
debug time 23:41:18.367 :: After HeartBeat Count=77 Result=5
debug time 23:44:17.373 :: Before HeartBeat Count=78 Time=Sun Oct 16 2011 23:44:17 GMT+0200 AccountId=28699575 Session=1c88d2a4-002a-4b7b-80cd-49bdc1c5d874
debug ++ [int] eventPhase = 2
debug ++ [Boolean] bubbles = false
debug ++ [Boolean] cancelable = false
debug ++ [String] type = timer
debug +++ [int] repeatCount = 0
debug +++ [int] currentCount = 77
debug +++ [Boolean] running = true
debug +++ [int] delay = 180000
debug +++ [int] repeatCount = 0
debug +++ [int] currentCount = 77
debug +++ [Boolean] running = true
debug +++ [int] delay = 180000
debug time 23:44:18.367 :: After HeartBeat Count=78 Result=5
debug time 23:47:18.375 :: Before HeartBeat Count=79 Time=Sun Oct 16 2011 23:47:18 GMT+0200 AccountId=28699575 Session=1c88d2a4-002a-4b7b-80cd-49bdc1c5d874
debug ++ [int] eventPhase = 2
debug ++ [Boolean] bubbles = false
debug ++ [Boolean] cancelable = false
debug ++ [String] type = timer
debug +++ [int] repeatCount = 0
debug +++ [int] currentCount = 78
debug +++ [Boolean] running = true
debug +++ [int] delay = 180000
debug +++ [int] repeatCount = 0
debug +++ [int] currentCount = 78
debug +++ [Boolean] running = true
debug +++ [int] delay = 180000
debug time 23:47:19.370 :: After HeartBeat Count=79 Result=5
